Imported bulk from ase.lattice
Parameters Input: Si diamond LennardJones612_UniversalShifted__MO_959249795837_001 [9.56209402513]
CELL_SIZE_MIN: 3
CELL_SIZE_MAX: 5
Smallest System Size: 216
Largest System Size: 1000
Model Cutoff: 7.91118

[Calculation]

Supercell Size: 3
Unrelaxed Cell:
[[ 28.68628208   0.           0.        ]
 [  0.          28.68628208   0.        ]
 [  0.           0.          28.68628208]]
Unrelaxed Cell Vector:
[28.686282075389997, 0.0, 28.686282075389997, 0.0, 0.0, 28.686282075389997]
==========
Loop: 0
Position Relaxation...
FIRE:   0  16:11:29      -68.687981       0.2134
FIRE:   1  16:11:29      -68.689808       0.2134
FIRE:   2  16:11:29      -68.693463       0.2134
FIRE:   3  16:11:29      -68.698945       0.2135
FIRE:   4  16:11:29      -68.706293       0.2197
FIRE:   5  16:11:29      -68.715752       0.2198
FIRE:   6  16:11:29      -68.727155       0.2199
FIRE:   7  16:11:29      -68.740505       0.2201
FIRE:   8  16:11:29      -68.757554       0.2202
FIRE:   9  16:11:29      -68.779186       0.2214
FIRE:  10  16:11:29      -68.806639       0.2214
FIRE:  11  16:11:29      -68.841164       0.2212
FIRE:  12  16:11:29      -68.884468       0.2208
FIRE:  13  16:11:29      -68.938738       0.2200
FIRE:  14  16:11:29      -69.006890       0.2184
FIRE:  15  16:11:29      -69.093551       0.2158
FIRE:  16  16:11:29      -69.190993       0.2124
FIRE:  17  16:11:29      -69.294628       0.2086
FIRE:  18  16:11:29      -69.408870       0.2104
FIRE:  19  16:11:29      -69.537975       0.2065
FIRE:  20  16:11:29      -69.684938       0.2043
FIRE:  21  16:11:29      -69.855511       0.2417
FIRE:  22  16:11:29      -70.054019       0.2832
FIRE:  23  16:11:29      -70.284812       0.3289
FIRE:  24  16:11:29      -70.551810       0.3787
FIRE:  25  16:11:29      -70.858501       0.4327
FIRE:  26  16:11:29      -71.208132       0.4913
FIRE:  27  16:11:29      -71.603915       0.5546
FIRE:  28  16:11:29      -72.049231       0.6234
FIRE:  29  16:11:29      -72.547872       0.6981
FIRE:  30  16:11:29      -73.104056       0.7797
FIRE:  31  16:11:29      -73.722400       0.8691
FIRE:  32  16:11:29      -74.408361       0.9673
FIRE:  33  16:11:29      -75.168122       1.0758
FIRE:  34  16:11:29      -76.008751       1.1959
FIRE:  35  16:11:29      -76.938385       1.3292
FIRE:  36  16:11:29      -77.966268       1.4773
FIRE:  37  16:11:29      -79.102819       1.6421
FIRE:  38  16:11:29      -80.360330       1.8271
FIRE:  39  16:11:29      -81.751484       2.0295
FIRE:  40  16:11:29      -83.288943       2.2523
FIRE:  41  16:11:29      -84.986464       2.4950
FIRE:  42  16:11:29      -86.857091       2.7555
FIRE:  43  16:11:29      -88.911530       3.0286
FIRE:  44  16:11:29      -91.155509       3.3042
FIRE:  45  16:11:29      -93.587949       3.5691
FIRE:  46  16:11:29      -96.187948       3.7859
FIRE:  47  16:11:29      -98.910691       3.9124
FIRE:  48  16:11:29     -101.671335       3.8753
FIRE:  49  16:11:29     -104.321705       3.5610
Steps Limit Exceeded. Structure Maybe Unstable.
Relaxation Completed. Steps: 50
Cell Size Relaxation...
Optimization terminated successfully.
         Current function value: -114.818790
         Iterations: 259
         Function evaluations: 515
Current VFE: -114.818790438
Energy of Supercell: -69.3299246827
Unrelaxed Cell Volume: 23606.0212479
Current Relaxed Cell Volume: 14292.174653
Current Relaxation Volume: 9313.84659491
Current Cell:
[[  2.42679322e+01   0.00000000e+00   0.00000000e+00]
 [  8.63964248e-04   2.42679322e+01   0.00000000e+00]
 [  6.12970502e-04   4.75684004e-04   2.42679320e+01]]
System Collapsed. Volume significantly changed.
