Imported bulk from ase.lattice
Element = Lattice = Model = Element: Al
Lattice: hcp
Model: EAM_Dynamo_Zhou_Johnson_Al__MO_131650261510_001
Model Cutoff: 6.40392875671
NBC Name: NEIGH_RVEC_F
Relaxation With c/a Ratio Fixed
Simplex Searching start from: cutoff * 0.1
Simplex Searching Start From: [0.64039287567138681]
Optimization terminated successfully.
         Current function value: -7.140179
         Iterations: 40
         Function evaluations: 84
Tmp Lattice Constants: [ 2.88614098]
Tmp Energy: -7.1401788522
Simplex Searching start from: cutoff * 0.12
Simplex Searching Start From: [0.76847145080566404]
Optimization terminated successfully.
         Current function value: -7.140179
         Iterations: 40
         Function evaluations: 84
Tmp Lattice Constants: [ 2.886141]
Tmp Energy: -7.1401788522
Simplex Searching start from: cutoff * 0.14
Simplex Searching Start From: [0.89655002593994149]
Optimization terminated successfully.
         Current function value: -7.140179
         Iterations: 39
         Function evaluations: 84
Tmp Lattice Constants: [ 2.886141]
Tmp Energy: -7.1401788522
Simplex Searching start from: cutoff * 0.16
Simplex Searching Start From: [1.0246286010742187]
Optimization terminated successfully.
         Current function value: -7.140179
         Iterations: 39
         Function evaluations: 81
Tmp Lattice Constants: [ 2.88614101]
Tmp Energy: -7.1401788522
Simplex Searching start from: cutoff * 0.18
Simplex Searching Start From: [1.1527071762084959]
Optimization terminated successfully.
         Current function value: -7.140179
         Iterations: 40
         Function evaluations: 85
Tmp Lattice Constants: [ 2.886141]
Tmp Energy: -7.1401788522
Simplex Searching start from: cutoff * 0.2
Simplex Searching Start From: [1.2807857513427736]
Optimization terminated successfully.
         Current function value: -7.140179
         Iterations: 39
         Function evaluations: 85
Tmp Lattice Constants: [ 2.88614099]
Tmp Energy: -7.1401788522
Simplex Searching start from: cutoff * 0.22
Simplex Searching Start From: [1.4088643264770508]
Optimization terminated successfully.
         Current function value: -7.140179
         Iterations: 38
         Function evaluations: 83
Tmp Lattice Constants: [ 2.886141]
Tmp Energy: -7.1401788522
Simplex Searching start from: cutoff * 0.24
Simplex Searching Start From: [1.5369429016113281]
Optimization terminated successfully.
         Current function value: -7.140179
         Iterations: 37
         Function evaluations: 80
Tmp Lattice Constants: [ 2.886141]
Tmp Energy: -7.1401788522
Simplex Searching start from: cutoff * 0.26
Simplex Searching Start From: [1.6650214767456055]
Optimization terminated successfully.
         Current function value: -7.140179
         Iterations: 38
         Function evaluations: 81
Tmp Lattice Constants: [ 2.88614099]
Tmp Energy: -7.1401788522
Simplex Searching start from: cutoff * 0.28
Simplex Searching Start From: [1.793100051879883]
Optimization terminated successfully.
         Current function value: -7.140179
         Iterations: 36
         Function evaluations: 76
Tmp Lattice Constants: [ 2.886141]
Tmp Energy: -7.1401788522
Simplex Searching start from: cutoff * 0.3
Simplex Searching Start From: [1.92117862701416]
Optimization terminated successfully.
         Current function value: -7.140179
         Iterations: 36
         Function evaluations: 76
Tmp Lattice Constants: [ 2.88614103]
Tmp Energy: -7.1401788522
Simplex Searching start from: cutoff * 0.32
Simplex Searching Start From: [2.0492572021484374]
Optimization terminated successfully.
         Current function value: -7.140179
         Iterations: 35
         Function evaluations: 75
Tmp Lattice Constants: [ 2.886141]
Tmp Energy: -7.1401788522
Simplex Searching start from: cutoff * 0.34
Simplex Searching Start From: [2.1773357772827149]
Optimization terminated successfully.
         Current function value: -7.140179
         Iterations: 37
         Function evaluations: 81
Tmp Lattice Constants: [ 2.88614098]
Tmp Energy: -7.1401788522
Simplex Searching start from: cutoff * 0.36
Simplex Searching Start From: [2.3054143524169919]
Optimization terminated successfully.
         Current function value: -7.140179
         Iterations: 35
         Function evaluations: 75
Tmp Lattice Constants: [ 2.88614101]
Tmp Energy: -7.1401788522
Simplex Searching start from: cutoff * 0.38
Simplex Searching Start From: [2.4334929275512698]
Optimization terminated successfully.
         Current function value: -7.140179
         Iterations: 35
         Function evaluations: 77
Tmp Lattice Constants: [ 2.88614099]
Tmp Energy: -7.1401788522
Simplex Searching start from: cutoff * 0.4
Simplex Searching Start From: [2.5615715026855472]
Optimization terminated successfully.
         Current function value: -7.140179
         Iterations: 35
         Function evaluations: 74
Tmp Lattice Constants: [ 2.88614103]
Tmp Energy: -7.1401788522
Simplex Searching start from: cutoff * 0.42
Simplex Searching Start From: [2.6896500778198242]
Optimization terminated successfully.
         Current function value: -7.140179
         Iterations: 33
         Function evaluations: 73
Tmp Lattice Constants: [ 2.88614101]
Tmp Energy: -7.1401788522
Simplex Searching start from: cutoff * 0.44
Simplex Searching Start From: [2.8177286529541017]
Optimization terminated successfully.
         Current function value: -7.140179
         Iterations: 32
         Function evaluations: 69
Tmp Lattice Constants: [ 2.88614101]
Tmp Energy: -7.1401788522
Simplex Searching start from: cutoff * 0.46
Simplex Searching Start From: [2.9458072280883791]
Optimization terminated successfully.
         Current function value: -7.140179
         Iterations: 32
         Function evaluations: 73
Tmp Lattice Constants: [ 2.88614101]
Tmp Energy: -7.1401788522
Simplex Searching start from: cutoff * 0.48
Simplex Searching Start From: [3.0738858032226561]
Optimization terminated successfully.
         Current function value: -7.140179
         Iterations: 35
         Function evaluations: 76
Tmp Lattice Constants: [ 2.886141]
Tmp Energy: -7.1401788522
Relaxation With c/a Ratio Relaxed
Simplex Searching start from c/a ratio: 1.633 * 0.8
Simplex Searching Start From: [2.8861409901027275, 3.7704545894702033]
Optimization terminated successfully.
         Current function value: -7.157690
         Iterations: 78
         Function evaluations: 162
Tmp Lattice Constants: [ 2.83119426  4.89325984]
Tmp Energy: -7.1576895827
Simplex Searching start from c/a ratio: 1.633 * 0.82
Simplex Searching Start From: [2.8861409901027275, 3.8647159542069582]
Optimization terminated successfully.
         Current function value: -7.157690
         Iterations: 70
         Function evaluations: 155
Tmp Lattice Constants: [ 2.83119435  4.89325972]
Tmp Energy: -7.1576895827
Simplex Searching start from c/a ratio: 1.633 * 0.84
Simplex Searching Start From: [2.8861409901027275, 3.9589773189437127]
Optimization terminated successfully.
         Current function value: -7.157690
         Iterations: 68
         Function evaluations: 148
Tmp Lattice Constants: [ 2.83119432  4.89325973]
Tmp Energy: -7.1576895827
Simplex Searching start from c/a ratio: 1.633 * 0.86
Simplex Searching Start From: [2.8861409901027275, 4.0532386836804681]
Optimization terminated successfully.
         Current function value: -7.157690
         Iterations: 70
         Function evaluations: 151
Tmp Lattice Constants: [ 2.83119431  4.89325976]
Tmp Energy: -7.1576895827
Simplex Searching start from c/a ratio: 1.633 * 0.88
Simplex Searching Start From: [2.8861409901027275, 4.1475000484172231]
Optimization terminated successfully.
         Current function value: -7.157690
         Iterations: 68
         Function evaluations: 151
Tmp Lattice Constants: [ 2.83119432  4.89325966]
Tmp Energy: -7.1576895827
Simplex Searching start from c/a ratio: 1.633 * 0.9
Simplex Searching Start From: [2.8861409901027275, 4.241761413153978]
Optimization terminated successfully.
         Current function value: -7.157690
         Iterations: 70
         Function evaluations: 153
Tmp Lattice Constants: [ 2.83119432  4.8932597 ]
Tmp Energy: -7.1576895827
Simplex Searching start from c/a ratio: 1.633 * 0.92
Simplex Searching Start From: [2.8861409901027275, 4.3360227778907339]
Optimization terminated successfully.
         Current function value: -7.157690
         Iterations: 75
         Function evaluations: 151
Tmp Lattice Constants: [ 2.83119434  4.89325984]
Tmp Energy: -7.1576895827
Simplex Searching start from c/a ratio: 1.633 * 0.94
Simplex Searching Start From: [2.8861409901027275, 4.4302841426274879]
Optimization terminated successfully.
         Current function value: -7.157690
         Iterations: 67
         Function evaluations: 146
Tmp Lattice Constants: [ 2.83119431  4.89325974]
Tmp Energy: -7.1576895827
Simplex Searching start from c/a ratio: 1.633 * 0.96
Simplex Searching Start From: [2.8861409901027275, 4.5245455073642438]
Optimization terminated successfully.
         Current function value: -7.157690
         Iterations: 69
         Function evaluations: 153
Tmp Lattice Constants: [ 2.83119432  4.89325977]
Tmp Energy: -7.1576895827
Simplex Searching start from c/a ratio: 1.633 * 0.98
Simplex Searching Start From: [2.8861409901027275, 4.6188068721009987]
Optimization terminated successfully.
         Current function value: -7.157690
         Iterations: 62
         Function evaluations: 137
Tmp Lattice Constants: [ 2.83119433  4.8932596 ]
Tmp Energy: -7.1576895827
Simplex Searching start from c/a ratio: 1.633 * 1.0
Simplex Searching Start From: [2.8861409901027275, 4.7130682368377537]
Optimization terminated successfully.
         Current function value: -7.157690
         Iterations: 68
         Function evaluations: 147
Tmp Lattice Constants: [ 2.83119433  4.8932597 ]
Tmp Energy: -7.1576895827
Simplex Searching start from c/a ratio: 1.633 * 1.02
Simplex Searching Start From: [2.8861409901027275, 4.8073296015745086]
Optimization terminated successfully.
         Current function value: -7.157690
         Iterations: 68
         Function evaluations: 148
Tmp Lattice Constants: [ 2.83119432  4.89325964]
Tmp Energy: -7.1576895827
Simplex Searching start from c/a ratio: 1.633 * 1.04
Simplex Searching Start From: [2.8861409901027275, 4.9015909663112636]
Optimization terminated successfully.
         Current function value: -7.157690
         Iterations: 70
         Function evaluations: 151
Tmp Lattice Constants: [ 2.83119431  4.8932598 ]
Tmp Energy: -7.1576895827
Simplex Searching start from c/a ratio: 1.633 * 1.06
Simplex Searching Start From: [2.8861409901027275, 4.9958523310480194]
Optimization terminated successfully.
         Current function value: -7.157690
         Iterations: 64
         Function evaluations: 142
Tmp Lattice Constants: [ 2.83119435  4.89325954]
Tmp Energy: -7.1576895827
Simplex Searching start from c/a ratio: 1.633 * 1.08
Simplex Searching Start From: [2.8861409901027275, 5.0901136957847744]
Optimization terminated successfully.
         Current function value: -7.157690
         Iterations: 70
         Function evaluations: 151
Tmp Lattice Constants: [ 2.83119431  4.89325967]
Tmp Energy: -7.1576895827
Simplex Searching start from c/a ratio: 1.633 * 1.1
Simplex Searching Start From: [2.8861409901027275, 5.1843750605215293]
Optimization terminated successfully.
         Current function value: -7.157690
         Iterations: 75
         Function evaluations: 158
Tmp Lattice Constants: [ 2.83119439  4.89325966]
Tmp Energy: -7.1576895827
Simplex Searching start from c/a ratio: 1.633 * 1.12
Simplex Searching Start From: [2.8861409901027275, 5.2786364252582842]
Optimization terminated successfully.
         Current function value: -7.157690
         Iterations: 70
         Function evaluations: 151
Tmp Lattice Constants: [ 2.8311943   4.89325985]
Tmp Energy: -7.1576895827
Simplex Searching start from c/a ratio: 1.633 * 1.14
Simplex Searching Start From: [2.8861409901027275, 5.3728977899950401]
Optimization terminated successfully.
         Current function value: -7.157690
         Iterations: 73
         Function evaluations: 155
Tmp Lattice Constants: [ 2.83119431  4.89325971]
Tmp Energy: -7.1576895827
Simplex Searching start from c/a ratio: 1.633 * 1.16
Simplex Searching Start From: [2.8861409901027275, 5.4671591547317941]
Optimization terminated successfully.
         Current function value: -7.157690
         Iterations: 73
         Function evaluations: 156
Tmp Lattice Constants: [ 2.83119431  4.89325975]
Tmp Energy: -7.1576895827
Simplex Searching start from c/a ratio: 1.633 * 1.18
Simplex Searching Start From: [2.8861409901027275, 5.5614205194685491]
Optimization terminated successfully.
         Current function value: -7.157690
         Iterations: 66
         Function evaluations: 148
Tmp Lattice Constants: [ 2.83119426  4.89325975]
Tmp Energy: -7.1576895827
Lattice Constants: [ 2.83119432  4.89325973]
Energy: -7.1576895827
Lattice Constants: 2.83119432328 4.89325973126
[
    {
        "property-id" "tag:staff@noreply.openkim.org,2014-04-15:property/structure-hexagonal-crystal-npt" 
        "instance-id" 1 
        "cauchy-stress" {
            "source-value" [
                0 
                0 
                0 
                0 
                0
            ] 
            "source-unit" "GPa"
        } 
        "short-name" {
            "source-value" [
                "hcp"
            ]
        } 
        "species" {
            "source-value" [
                "Al"
            ]
        } 
        "a" {
            "source-value" 2.8311943232839401 
            "source-unit" "angstrom"
        } 
        "c" {
            "source-value" 4.8932597312613861 
            "source-unit" "angstrom"
        } 
        "basis-atom-coordinates" {
            "source-value" [
                [
                    0.0 
                    0.0 
                    0.0
                ] 
                [
                    0.0 
                    0.5773502691896257 
                    0.5
                ]
            ]
        } 
        "space-group" {
            "source-value" "P63/mmc"
        } 
        "temperature" {
            "source-value" 0 
            "source-unit" "K"
        }
    } 
    {
        "property-id" "tag:staff@noreply.openkim.org,2014-04-15:property/cohesive-free-energy-hexagonal-crystal" 
        "instance-id" 2 
        "cohesive-free-energy" {
            "source-value" -7.1576895826970377 
            "source-unit" "eV"
        } 
        "short-name" {
            "source-value" [
                "hcp"
            ]
        } 
        "species" {
            "source-value" [
                "Al"
            ]
        } 
        "a" {
            "source-value" 2.8311943232839401 
            "source-unit" "angstrom"
        } 
        "c" {
            "source-value" 4.8932597312613861 
            "source-unit" "angstrom"
        } 
        "basis-atom-coordinates" {
            "source-value" [
                [
                    0.0 
                    0.0 
                    0.0
                ] 
                [
                    0.0 
                    0.5773502691896257 
                    0.5
                ]
            ]
        } 
        "space-group" {
            "source-value" "P63/mmc"
        } 
        "temperature" {
            "source-value" 0 
            "source-unit" "K"
        }
    }
]
