Imported bulk from ase.lattice
element=lattice type=modelname=Element: Cu
Lattice: hcp
Model: EAM_Dynamo_Ackland_Tichy_Cu__MO_179025990738_001
Model Cutoff: 4.4274528135
Relaxation With c/a Ratio Fixed
Simplex Searching start from: cutoff * 0.1
Optimization terminated successfully.
         Current function value: -7.022193
         Iterations: 40
         Function evaluations: 87
Lattice Constants: [ 2.56751577]
Energy: -7.02219263695
Simplex Searching start from: cutoff * 0.12
Optimization terminated successfully.
         Current function value: -7.022193
         Iterations: 40
         Function evaluations: 84
Lattice Constants: [ 2.56751577]
Energy: -7.02219263695
Simplex Searching start from: cutoff * 0.14
Optimization terminated successfully.
         Current function value: -7.022193
         Iterations: 40
         Function evaluations: 83
Lattice Constants: [ 2.56751577]
Energy: -7.02219263695
Simplex Searching start from: cutoff * 0.16
Optimization terminated successfully.
         Current function value: -7.022193
         Iterations: 39
         Function evaluations: 81
Lattice Constants: [ 2.56751577]
Energy: -7.02219263695
Simplex Searching start from: cutoff * 0.18
Optimization terminated successfully.
         Current function value: -7.022193
         Iterations: 39
         Function evaluations: 82
Lattice Constants: [ 2.56751577]
Energy: -7.02219263695
Simplex Searching start from: cutoff * 0.2
Optimization terminated successfully.
         Current function value: -7.022193
         Iterations: 39
         Function evaluations: 83
Lattice Constants: [ 2.56751578]
Energy: -7.02219263695
Simplex Searching start from: cutoff * 0.22
Optimization terminated successfully.
         Current function value: -7.022193
         Iterations: 38
         Function evaluations: 81
Lattice Constants: [ 2.56751577]
Energy: -7.02219263695
Simplex Searching start from: cutoff * 0.24
Optimization terminated successfully.
         Current function value: -7.022193
         Iterations: 38
         Function evaluations: 81
Lattice Constants: [ 2.56751576]
Energy: -7.02219263695
Simplex Searching start from: cutoff * 0.26
Optimization terminated successfully.
         Current function value: -7.022193
         Iterations: 38
         Function evaluations: 81
Lattice Constants: [ 2.56751577]
Energy: -7.02219263695
Simplex Searching start from: cutoff * 0.28
Optimization terminated successfully.
         Current function value: -7.022193
         Iterations: 38
         Function evaluations: 79
Lattice Constants: [ 2.56751577]
Energy: -7.02219263695
Simplex Searching start from: cutoff * 0.3
Optimization terminated successfully.
         Current function value: -7.022193
         Iterations: 38
         Function evaluations: 81
Lattice Constants: [ 2.56751578]
Energy: -7.02219263695
Simplex Searching start from: cutoff * 0.32
Optimization terminated successfully.
         Current function value: -7.022193
         Iterations: 37
         Function evaluations: 82
Lattice Constants: [ 2.56751578]
Energy: -7.02219263695
Simplex Searching start from: cutoff * 0.34
Optimization terminated successfully.
         Current function value: -7.022193
         Iterations: 38
         Function evaluations: 83
Lattice Constants: [ 2.56751578]
Energy: -7.02219263695
Simplex Searching start from: cutoff * 0.36
Optimization terminated successfully.
         Current function value: -7.022193
         Iterations: 36
         Function evaluations: 76
Lattice Constants: [ 2.56751577]
Energy: -7.02219263695
Simplex Searching start from: cutoff * 0.38
Optimization terminated successfully.
         Current function value: -7.022193
         Iterations: 36
         Function evaluations: 77
Lattice Constants: [ 2.56751578]
Energy: -7.02219263695
Simplex Searching start from: cutoff * 0.4
Optimization terminated successfully.
         Current function value: -7.022193
         Iterations: 37
         Function evaluations: 77
Lattice Constants: [ 2.56751577]
Energy: -7.02219263695
Simplex Searching start from: cutoff * 0.42
Optimization terminated successfully.
         Current function value: -7.022193
         Iterations: 35
         Function evaluations: 75
Lattice Constants: [ 2.56751577]
Energy: -7.02219263695
Simplex Searching start from: cutoff * 0.44
Optimization terminated successfully.
         Current function value: -7.022193
         Iterations: 36
         Function evaluations: 77
Lattice Constants: [ 2.56751577]
Energy: -7.02219263695
Simplex Searching start from: cutoff * 0.46
Optimization terminated successfully.
         Current function value: -7.022193
         Iterations: 34
         Function evaluations: 73
Lattice Constants: [ 2.56751577]
Energy: -7.02219263695
Simplex Searching start from: cutoff * 0.48
Optimization terminated successfully.
         Current function value: -7.022193
         Iterations: 35
         Function evaluations: 75
Lattice Constants: [ 2.56751578]
Energy: -7.02219263695
[ 2.56751577]
Relaxation With c/a Ratio Relaxed
Simplex Searching start from c/a ratio: 1.633 * 0.8
Optimization terminated successfully.
         Current function value: -7.027729
         Iterations: 68
         Function evaluations: 148
Lattice Constants: [ 2.54563448  4.24491234]
Energy: -7.02772902736
Simplex Searching start from c/a ratio: 1.633 * 0.82
Optimization terminated successfully.
         Current function value: -7.027729
         Iterations: 69
         Function evaluations: 150
Lattice Constants: [ 2.54563447  4.2449123 ]
Energy: -7.02772902736
Simplex Searching start from c/a ratio: 1.633 * 0.84
Optimization terminated successfully.
         Current function value: -7.027729
         Iterations: 68
         Function evaluations: 148
Lattice Constants: [ 2.54563447  4.24491234]
Energy: -7.02772902736
Simplex Searching start from c/a ratio: 1.633 * 0.86
Optimization terminated successfully.
         Current function value: -7.027729
         Iterations: 72
         Function evaluations: 150
Lattice Constants: [ 2.54563446  4.24491236]
Energy: -7.02772902736
Simplex Searching start from c/a ratio: 1.633 * 0.88
Optimization terminated successfully.
         Current function value: -7.027729
         Iterations: 73
         Function evaluations: 154
Lattice Constants: [ 2.54563445  4.24491238]
Energy: -7.02772902736
Simplex Searching start from c/a ratio: 1.633 * 0.9
Optimization terminated successfully.
         Current function value: -7.027729
         Iterations: 71
         Function evaluations: 148
Lattice Constants: [ 2.54563445  4.24491236]
Energy: -7.02772902736
Simplex Searching start from c/a ratio: 1.633 * 0.92
Optimization terminated successfully.
         Current function value: -7.027729
         Iterations: 65
         Function evaluations: 141
Lattice Constants: [ 2.54563447  4.24491231]
Energy: -7.02772902736
Simplex Searching start from c/a ratio: 1.633 * 0.94
Optimization terminated successfully.
         Current function value: -7.027729
         Iterations: 64
         Function evaluations: 139
Lattice Constants: [ 2.54563446  4.24491231]
Energy: -7.02772902736
Simplex Searching start from c/a ratio: 1.633 * 0.96
Optimization terminated successfully.
         Current function value: -7.027729
         Iterations: 66
         Function evaluations: 141
Lattice Constants: [ 2.54563446  4.24491235]
Energy: -7.02772902736
Simplex Searching start from c/a ratio: 1.633 * 0.98
Optimization terminated successfully.
         Current function value: -7.027729
         Iterations: 68
         Function evaluations: 142
Lattice Constants: [ 2.54563446  4.24491232]
Energy: -7.02772902736
Simplex Searching start from c/a ratio: 1.633 * 1.0
Optimization terminated successfully.
         Current function value: -7.027729
         Iterations: 71
         Function evaluations: 150
Lattice Constants: [ 2.54563446  4.24491236]
Energy: -7.02772902736
Simplex Searching start from c/a ratio: 1.633 * 1.02
Optimization terminated successfully.
         Current function value: -7.027729
         Iterations: 67
         Function evaluations: 138
Lattice Constants: [ 2.54563448  4.24491235]
Energy: -7.02772902736
Simplex Searching start from c/a ratio: 1.633 * 1.04
Optimization terminated successfully.
         Current function value: -7.027729
         Iterations: 67
         Function evaluations: 144
Lattice Constants: [ 2.54563448  4.24491232]
Energy: -7.02772902736
Simplex Searching start from c/a ratio: 1.633 * 1.06
Optimization terminated successfully.
         Current function value: -7.027729
         Iterations: 68
         Function evaluations: 141
Lattice Constants: [ 2.54563447  4.24491231]
Energy: -7.02772902736
Simplex Searching start from c/a ratio: 1.633 * 1.08
Optimization terminated successfully.
         Current function value: -7.027729
         Iterations: 69
         Function evaluations: 148
Lattice Constants: [ 2.54563445  4.24491235]
Energy: -7.02772902736
Simplex Searching start from c/a ratio: 1.633 * 1.1
Optimization terminated successfully.
         Current function value: -7.027729
         Iterations: 75
         Function evaluations: 157
Lattice Constants: [ 2.54563448  4.24491234]
Energy: -7.02772902736
Simplex Searching start from c/a ratio: 1.633 * 1.12
Optimization terminated successfully.
         Current function value: -7.027729
         Iterations: 80
         Function evaluations: 160
Lattice Constants: [ 2.54563447  4.24491239]
Energy: -7.02772902736
Simplex Searching start from c/a ratio: 1.633 * 1.14
Optimization terminated successfully.
         Current function value: -7.027729
         Iterations: 74
         Function evaluations: 156
Lattice Constants: [ 2.54563445  4.24491234]
Energy: -7.02772902736
Simplex Searching start from c/a ratio: 1.633 * 1.16
Optimization terminated successfully.
         Current function value: -7.027729
         Iterations: 77
         Function evaluations: 162
Lattice Constants: [ 2.54563448  4.24491237]
Energy: -7.02772902736
Simplex Searching start from c/a ratio: 1.633 * 1.18
Optimization terminated successfully.
         Current function value: -7.027729
         Iterations: 76
         Function evaluations: 161
Lattice Constants: [ 2.54563448  4.24491233]
Energy: -7.02772902736
[ 2.54563446  4.24491236]
Lattice Constants: 2.54563446365 4.2449123564
[
    {
        "property-id" "tag:staff@noreply.openkim.org,2014-04-15:property/structure-hexagonal-crystal-npt" 
        "instant-id" 1 
        "short-name" {
            "source-value" "hcp"
        } 
        "species" {
            "source-value" "Cu"
        } 
        "a" {
            "source-value" 2.5456344636504666 
            "source-unit" "angstrom"
        } 
        "c" {
            "source-value" 4.2449123563970801 
            "source-unit" "angstrom"
        } 
        "basis-atom-coordinates" {
            "source-value" [
                [
                    0.0 
                    0.0 
                    0.0
                ] 
                [
                    0.0 
                    0.5773502691896257 
                    0.5
                ]
            ]
        } 
        "space-group" {
            "source-value" "P63/mmc"
        } 
        "temperature" {
            "source-value" 0 
            "source-unit" "K"
        } 
        "cauchy-stress" {
            "source-value" [
                0 
                0 
                0 
                0 
                0
            ] 
            "source-unit" "GPa"
        }
    } 
    {
        "property-id" "tag:staff@noreply.openkim.org,2014-04-15:property/cohesive-free-energy-hexagonal-crystal" 
        "instant-id" 2 
        "short-name" {
            "source-value" "hcp"
        } 
        "species" {
            "source-value" "Cu"
        } 
        "a" {
            "source-value" 2.5456344636504666 
            "source-unit" "angstrom"
        } 
        "c" {
            "source-value" 4.2449123563970801 
            "source-unit" "angstrom"
        } 
        "basis-atom-coordinates" {
            "source-value" [
                [
                    0.0 
                    0.0 
                    0.0
                ] 
                [
                    0.0 
                    0.5773502691896257 
                    0.5
                ]
            ]
        } 
        "space-group" {
            "source-value" "P63/mmc"
        } 
        "temperature" {
            "source-value" 0 
            "source-unit" "K"
        } 
        "cauchy-stress" {
            "source-value" [
                0 
                0 
                0 
                0 
                0
            ] 
            "source-unit" "GPa"
        } 
        "cohesive-free-energy" {
            "source-value" -7.0277290273645585 
            "source-unit" "eV"
        }
    }
]
