Imported bulk from ase.lattice
Parameters Input: Al fcc Pair_Morse_Shifted_GirifalcoWeizer_HighCutoff_Al__MO_140175748626_001 [4.03298846218]
CELL_SIZE_MIN: 4
CELL_SIZE_MAX: 6
Smallest System Size: 256
Largest System Size: 864
Model Cutoff: 11.7567

[Calculation]

Supercell Size: 4
Unrelaxed Cell:
[[ 16.13195385   0.           0.        ]
 [  0.          16.13195385   0.        ]
 [  0.           0.          16.13195385]]
Unrelaxed Cell Vector:
[16.131953848719998, 0.0, 16.131953848719998, 0.0, 0.0, 16.131953848719998]
==========
Loop: 0
Position Relaxation...
FIRE:   0  16:13:03     -742.547545       0.5984
FIRE:   1  16:13:04     -742.591351       0.5456
FIRE:   2  16:13:04     -742.663124       0.4443
FIRE:   3  16:13:04     -742.737721       0.3045
FIRE:   4  16:13:04     -742.791289       0.1404
FIRE:   5  16:13:04     -742.812236       0.1181
FIRE:   6  16:13:04     -742.807917       0.1607
FIRE:   7  16:13:04     -742.809888       0.1553
FIRE:   8  16:13:04     -742.813603       0.1445
FIRE:   9  16:13:04     -742.818636       0.1288
FIRE:  10  16:13:04     -742.824420       0.1087
FIRE:  11  16:13:04     -742.830313       0.0848
FIRE:  12  16:13:04     -742.835697       0.0612
FIRE:  13  16:13:04     -742.840059       0.0454
FIRE:  14  16:13:04     -742.843304       0.0275
FIRE:  15  16:13:05     -742.844969       0.0357
FIRE:  16  16:13:05     -742.845198       0.0649
FIRE:  17  16:13:05     -742.845307       0.0642
FIRE:  18  16:13:05     -742.845519       0.0627
FIRE:  19  16:13:05     -742.845824       0.0604
FIRE:  20  16:13:05     -742.846208       0.0575
FIRE:  21  16:13:05     -742.846655       0.0539
FIRE:  22  16:13:05     -742.847144       0.0497
FIRE:  23  16:13:05     -742.847656       0.0450
FIRE:  24  16:13:05     -742.848223       0.0393
FIRE:  25  16:13:05     -742.848824       0.0325
FIRE:  26  16:13:05     -742.849426       0.0247
FIRE:  27  16:13:05     -742.849994       0.0160
FIRE:  28  16:13:05     -742.850502       0.0170
FIRE:  29  16:13:06     -742.850956       0.0195
FIRE:  30  16:13:06     -742.851399       0.0213
FIRE:  31  16:13:06     -742.851894       0.0216
FIRE:  32  16:13:06     -742.852487       0.0195
FIRE:  33  16:13:06     -742.853146       0.0158
FIRE:  34  16:13:06     -742.853725       0.0103
FIRE:  35  16:13:06     -742.853991       0.0058
FIRE:  36  16:13:06     -742.853856       0.0109
FIRE:  37  16:13:06     -742.853877       0.0105
FIRE:  38  16:13:06     -742.853915       0.0098
FIRE:  39  16:13:06     -742.853964       0.0087
FIRE:  40  16:13:06     -742.854017       0.0073
FIRE:  41  16:13:06     -742.854066       0.0057
FIRE:  42  16:13:06     -742.854105       0.0040
FIRE:  43  16:13:07     -742.854131       0.0029
FIRE:  44  16:13:07     -742.854147       0.0040
FIRE:  45  16:13:07     -742.854155       0.0053
FIRE:  46  16:13:07     -742.854163       0.0059
FIRE:  47  16:13:07     -742.854177       0.0056
FIRE:  48  16:13:07     -742.854198       0.0043
FIRE:  49  16:13:07     -742.854219       0.0026
Steps Limit Exceeded. Structure Maybe Unstable.
Relaxation Completed. Steps: 50
Cell Size Relaxation...
Optimization terminated successfully.
         Current function value: 2.615710
         Iterations: 269
         Function evaluations: 539
Current VFE: 2.61571006968
Energy of Supercell: -748.394375905
Unrelaxed Cell Volume: 4198.17862065
Current Relaxed Cell Volume: 4193.69008371
Current Relaxation Volume: 4.48853693247
Current Cell:
[[  1.61262019e+01   0.00000000e+00   0.00000000e+00]
 [  2.92369479e-05   1.61262271e+01   0.00000000e+00]
 [  5.14815168e-05   4.82422641e-05   1.61261787e+01]]
==========
Loop: 1
Position Relaxation...
FIRE:   0  16:13:25     -742.855250       0.0022
FIRE:   1  16:13:26     -742.855252       0.0021
FIRE:   2  16:13:26     -742.855256       0.0018
FIRE:   3  16:13:26     -742.855260       0.0014
FIRE:   4  16:13:26     -742.855263       0.0012
FIRE:   5  16:13:26     -742.855266       0.0010
FIRE:   6  16:13:26     -742.855268       0.0007
Relaxation Completed. Steps: 6
Cell Size Relaxation...
Optimization terminated successfully.
         Current function value: 2.615693
         Iterations: 418
         Function evaluations: 730
Current VFE: 2.61569257573
Energy of Supercell: -748.394375905
Unrelaxed Cell Volume: 4198.17862065
Current Relaxed Cell Volume: 4193.67734375
Current Relaxation Volume: 4.50127689176
Current Cell:
[[  1.61261871e+01   0.00000000e+00   0.00000000e+00]
 [  6.24091725e-07   1.61261864e+01   0.00000000e+00]
 [  4.64662987e-07   1.84128696e-06   1.61261852e+01]]
==========
Loop: 2
Position Relaxation...
FIRE:   0  16:13:52     -742.855268       0.0007
Relaxation Completed. Steps: 0
Cell Size Relaxation...
Optimization terminated successfully.
         Current function value: 2.615693
         Iterations: 105
         Function evaluations: 269
FIRE:   0  16:14:02     -742.855268       0.0007
FIRE:   1  16:14:02     -742.855268       0.0007
FIRE:   2  16:14:02     -742.855269       0.0006
FIRE:   3  16:14:02     -742.855269       0.0004
FIRE:   4  16:14:02     -742.855269       0.0003
FIRE:   5  16:14:03     -742.855269       0.0003
FIRE:   6  16:14:03     -742.855270       0.0004
FIRE:   7  16:14:03     -742.855270       0.0004
FIRE:   8  16:14:03     -742.855270       0.0003
FIRE:   9  16:14:03     -742.855270       0.0002
FIRE:  10  16:14:03     -742.855270       0.0002
FIRE:  11  16:14:03     -742.855270       0.0002
FIRE:  12  16:14:03     -742.855270       0.0002
FIRE:  13  16:14:03     -742.855270       0.0001
FIRE:  14  16:14:03     -742.855270       0.0001
FIRE:  15  16:14:03     -742.855270       0.0001
FIRE:  16  16:14:03     -742.855270       0.0001
FIRE:  17  16:14:03     -742.855270       0.0001
FIRE:  18  16:14:03     -742.855270       0.0001
FIRE:  19  16:14:04     -742.855270       0.0001
Optimization terminated successfully.
         Current function value: 2.615690
         Iterations: 205
         Function evaluations: 455
---------------
Calculation Completed.
Number Of Atoms in Supercell: 256
Vacancy Formation Energy: 2.61569011418
Unrelaxed Cell Volume: 4198.17862065
Relaxed Cell Volume: 4193.67734375
Relaxation Volume: 4.50127689176
Relaxed Cell Vector:
[16.126183283734186, 6.301434912223244e-07, 16.12618224456133, 4.769704332273183e-07, 1.8123549104522503e-06, 16.126183729800463]
Unrelaxed Cell Vector:
[16.131953848719998, 0.0, 16.131953848719998, 0.0, 0.0, 16.131953848719998]
Relaxed Cell:
[[  1.61261833e+01   0.00000000e+00   0.00000000e+00]
 [  6.30143491e-07   1.61261822e+01   0.00000000e+00]
 [  4.76970433e-07   1.81235491e-06   1.61261837e+01]]
Unrelaxed Cell:
[[ 16.13195385   0.           0.        ]
 [  0.          16.13195385   0.        ]
 [  0.           0.          16.13195385]]

Supercell Size: 5
Unrelaxed Cell:
[[ 20.16494231   0.           0.        ]
 [  0.          20.16494231   0.        ]
 [  0.           0.          20.16494231]]
Unrelaxed Cell Vector:
[20.164942310899999, 0.0, 20.164942310899999, 0.0, 0.0, 20.164942310899999]
==========
Loop: 0
Position Relaxation...
FIRE:   0  16:14:20    -1455.860934       0.5984
FIRE:   1  16:14:21    -1455.904743       0.5456
FIRE:   2  16:14:21    -1455.976521       0.4443
FIRE:   3  16:14:21    -1456.051129       0.3045
FIRE:   4  16:14:21    -1456.104723       0.1405
FIRE:   5  16:14:22    -1456.125739       0.1182
FIRE:   6  16:14:22    -1456.121563       0.1606
FIRE:   7  16:14:22    -1456.123544       0.1551
FIRE:   8  16:14:22    -1456.127276       0.1444
FIRE:   9  16:14:23    -1456.132333       0.1287
FIRE:  10  16:14:23    -1456.138140       0.1086
FIRE:  11  16:14:23    -1456.144053       0.0847
FIRE:  12  16:14:23    -1456.149449       0.0612
FIRE:  13  16:14:23    -1456.153808       0.0453
FIRE:  14  16:14:24    -1456.157026       0.0272
FIRE:  15  16:14:24    -1456.158628       0.0359
FIRE:  16  16:14:24    -1456.158758       0.0651
FIRE:  17  16:14:24    -1456.158866       0.0643
FIRE:  18  16:14:25    -1456.159077       0.0628
FIRE:  19  16:14:25    -1456.159381       0.0606
FIRE:  20  16:14:25    -1456.159764       0.0576
FIRE:  21  16:14:25    -1456.160210       0.0540
FIRE:  22  16:14:25    -1456.160700       0.0498
FIRE:  23  16:14:26    -1456.161213       0.0451
FIRE:  24  16:14:26    -1456.161785       0.0393
FIRE:  25  16:14:26    -1456.162395       0.0325
FIRE:  26  16:14:26    -1456.163012       0.0246
FIRE:  27  16:14:27    -1456.163605       0.0158
FIRE:  28  16:14:27    -1456.164152       0.0164
FIRE:  29  16:14:27    -1456.164659       0.0191
FIRE:  30  16:14:27    -1456.165173       0.0207
FIRE:  31  16:14:27    -1456.165759       0.0212
FIRE:  32  16:14:28    -1456.166469       0.0192
FIRE:  33  16:14:28    -1456.167279       0.0164
FIRE:  34  16:14:28    -1456.168059       0.0108
FIRE:  35  16:14:28    -1456.168592       0.0066
FIRE:  36  16:14:29    -1456.168770       0.0089
FIRE:  37  16:14:29    -1456.168791       0.0085
FIRE:  38  16:14:29    -1456.168831       0.0077
FIRE:  39  16:14:29    -1456.168884       0.0067
FIRE:  40  16:14:30    -1456.168942       0.0054
FIRE:  41  16:14:30    -1456.168999       0.0040
FIRE:  42  16:14:30    -1456.169049       0.0034
FIRE:  43  16:14:30    -1456.169089       0.0035
FIRE:  44  16:14:30    -1456.169124       0.0035
FIRE:  45  16:14:31    -1456.169156       0.0043
FIRE:  46  16:14:31    -1456.169192       0.0049
FIRE:  47  16:14:31    -1456.169237       0.0046
FIRE:  48  16:14:31    -1456.169292       0.0040
FIRE:  49  16:14:32    -1456.169343       0.0027
Steps Limit Exceeded. Structure Maybe Unstable.
Relaxation Completed. Steps: 50
Cell Size Relaxation...
Optimization terminated successfully.
         Current function value: 2.614278
         Iterations: 323
         Function evaluations: 605
Current VFE: 2.61427829012
Energy of Supercell: -1461.70776544
Unrelaxed Cell Volume: 8199.56761845
Current Relaxed Cell Volume: 8194.21023543
Current Relaxation Volume: 5.35738302247
Current Cell:
[[  2.01605463e+01   0.00000000e+00   0.00000000e+00]
 [  6.73962832e-05   2.01605591e+01   0.00000000e+00]
 [  1.08076817e-05   2.87321742e-06   2.01605434e+01]]
==========
Loop: 1
Position Relaxation...
FIRE:   0  16:15:41    -1456.170072       0.0026
FIRE:   1  16:15:41    -1456.170075       0.0024
FIRE:   2  16:15:42    -1456.170082       0.0020
FIRE:   3  16:15:42    -1456.170090       0.0016
FIRE:   4  16:15:42    -1456.170099       0.0015
FIRE:   5  16:15:42    -1456.170109       0.0015
FIRE:   6  16:15:43    -1456.170118       0.0014
FIRE:   7  16:15:43    -1456.170128       0.0011
FIRE:   8  16:15:43    -1456.170139       0.0008
Relaxation Completed. Steps: 8
Cell Size Relaxation...
Optimization terminated successfully.
         Current function value: 2.614211
         Iterations: 220
         Function evaluations: 436
Current VFE: 2.61421088917
Energy of Supercell: -1461.70776544
Unrelaxed Cell Volume: 8199.56761845
Current Relaxed Cell Volume: 8194.25538582
Current Relaxation Volume: 5.31223262974
Current Cell:
[[  2.01605864e+01   0.00000000e+00   0.00000000e+00]
 [  7.57651806e-06   2.01605869e+01   0.00000000e+00]
 [  2.57079338e-05   8.85050365e-07   2.01605866e+01]]
==========
Loop: 2
Position Relaxation...
FIRE:   0  16:16:33    -1456.170139       0.0008
Relaxation Completed. Steps: 0
Cell Size Relaxation...
Optimization terminated successfully.
         Current function value: 2.614211
         Iterations: 176
         Function evaluations: 365
FIRE:   0  16:17:15    -1456.170139       0.0008
FIRE:   1  16:17:16    -1456.170140       0.0008
FIRE:   2  16:17:16    -1456.170142       0.0007
FIRE:   3  16:17:16    -1456.170144       0.0006
FIRE:   4  16:17:16    -1456.170147       0.0006
FIRE:   5  16:17:16    -1456.170150       0.0006
FIRE:   6  16:17:17    -1456.170153       0.0006
FIRE:   7  16:17:17    -1456.170157       0.0006
FIRE:   8  16:17:17    -1456.170161       0.0005
FIRE:   9  16:17:17    -1456.170166       0.0004
FIRE:  10  16:17:18    -1456.170170       0.0003
FIRE:  11  16:17:18    -1456.170174       0.0003
FIRE:  12  16:17:18    -1456.170176       0.0001
FIRE:  13  16:17:18    -1456.170177       0.0002
FIRE:  14  16:17:18    -1456.170177       0.0002
FIRE:  15  16:17:19    -1456.170177       0.0001
FIRE:  16  16:17:19    -1456.170177       0.0001
FIRE:  17  16:17:19    -1456.170177       0.0001
FIRE:  18  16:17:19    -1456.170177       0.0001
FIRE:  19  16:17:20    -1456.170177       0.0001
Optimization terminated successfully.
         Current function value: 2.614173
         Iterations: 198
         Function evaluations: 470
---------------
Calculation Completed.
Number Of Atoms in Supercell: 500
Vacancy Formation Energy: 2.61417322801
Unrelaxed Cell Volume: 8199.56761845
Relaxed Cell Volume: 8194.25538582
Relaxation Volume: 5.31223262974
Relaxed Cell Vector:
[20.16056627383245, 7.838132196131702e-06, 20.160564868618458, 2.4714860920981702e-05, 9.259961416896072e-07, 20.160561922134452]
Unrelaxed Cell Vector:
[20.164942310899999, 0.0, 20.164942310899999, 0.0, 0.0, 20.164942310899999]
Relaxed Cell:
[[  2.01605663e+01   0.00000000e+00   0.00000000e+00]
 [  7.83813220e-06   2.01605649e+01   0.00000000e+00]
 [  2.47148609e-05   9.25996142e-07   2.01605619e+01]]
Unrelaxed Cell:
[[ 20.16494231   0.           0.        ]
 [  0.          20.16494231   0.        ]
 [  0.           0.          20.16494231]]

Supercell Size: 6
Unrelaxed Cell:
[[ 24.19793077   0.           0.        ]
 [  0.          24.19793077   0.        ]
 [  0.           0.          24.19793077]]
Unrelaxed Cell Vector:
[24.197930773079996, 0.0, 24.197930773079996, 0.0, 0.0, 24.197930773079996]
==========
Loop: 0
Position Relaxation...
FIRE:   0  16:18:14    -2519.984188       0.5984
FIRE:   1  16:18:14    -2520.027996       0.5456
FIRE:   2  16:18:14    -2520.099774       0.4443
FIRE:   3  16:18:14    -2520.174381       0.3045
FIRE:   4  16:18:14    -2520.227973       0.1405
FIRE:   5  16:18:14    -2520.248986       0.1182
FIRE:   6  16:18:15    -2520.244807       0.1606
FIRE:   7  16:18:15    -2520.246788       0.1551
FIRE:   8  16:18:15    -2520.250521       0.1444
FIRE:   9  16:18:15    -2520.255578       0.1287
FIRE:  10  16:18:15    -2520.261387       0.1086
FIRE:  11  16:18:15    -2520.267304       0.0847
FIRE:  12  16:18:15    -2520.272704       0.0612
FIRE:  13  16:18:16    -2520.277071       0.0453
FIRE:  14  16:18:16    -2520.280303       0.0273
FIRE:  15  16:18:16    -2520.281925       0.0359
FIRE:  16  16:18:16    -2520.282081       0.0651
FIRE:  17  16:18:16    -2520.282189       0.0643
FIRE:  18  16:18:16    -2520.282400       0.0628
FIRE:  19  16:18:16    -2520.282704       0.0606
FIRE:  20  16:18:16    -2520.283088       0.0576
FIRE:  21  16:18:17    -2520.283534       0.0540
FIRE:  22  16:18:17    -2520.284024       0.0498
FIRE:  23  16:18:17    -2520.284536       0.0451
FIRE:  24  16:18:17    -2520.285108       0.0393
FIRE:  25  16:18:17    -2520.285716       0.0325
FIRE:  26  16:18:17    -2520.286331       0.0246
FIRE:  27  16:18:17    -2520.286919       0.0158
FIRE:  28  16:18:17    -2520.287459       0.0164
FIRE:  29  16:18:18    -2520.287958       0.0191
FIRE:  30  16:18:18    -2520.288464       0.0207
FIRE:  31  16:18:18    -2520.289043       0.0211
FIRE:  32  16:18:18    -2520.289747       0.0192
FIRE:  33  16:18:18    -2520.290559       0.0164
FIRE:  34  16:18:18    -2520.291349       0.0109
FIRE:  35  16:18:18    -2520.291907       0.0063
FIRE:  36  16:18:19    -2520.292130       0.0091
FIRE:  37  16:18:19    -2520.292154       0.0087
FIRE:  38  16:18:19    -2520.292198       0.0079
FIRE:  39  16:18:19    -2520.292258       0.0069
FIRE:  40  16:18:19    -2520.292325       0.0056
FIRE:  41  16:18:19    -2520.292394       0.0042
FIRE:  42  16:18:19    -2520.292457       0.0035
FIRE:  43  16:18:19    -2520.292514       0.0036
FIRE:  44  16:18:20    -2520.292568       0.0037
FIRE:  45  16:18:20    -2520.292625       0.0044
FIRE:  46  16:18:20    -2520.292690       0.0050
FIRE:  47  16:18:20    -2520.292769       0.0046
FIRE:  48  16:18:20    -2520.292862       0.0040
FIRE:  49  16:18:20    -2520.292958       0.0027
Steps Limit Exceeded. Structure Maybe Unstable.
Relaxation Completed. Steps: 50
Cell Size Relaxation...
Optimization terminated successfully.
         Current function value: 2.614075
         Iterations: 252
         Function evaluations: 493
Current VFE: 2.61407536061
Energy of Supercell: -2525.83101868
Unrelaxed Cell Volume: 14168.8528447
Current Relaxed Cell Volume: 14162.1239331
Current Relaxation Volume: 6.72891155548
Current Cell:
[[  2.41943021e+01   0.00000000e+00   0.00000000e+00]
 [  5.39040454e-05   2.41937418e+01   0.00000000e+00]
 [  3.97776209e-05   3.15617616e-05   2.41942548e+01]]
==========
Loop: 1
Position Relaxation...
FIRE:   0  16:18:54    -2520.293528       0.0027
FIRE:   1  16:18:54    -2520.293534       0.0025
FIRE:   2  16:18:55    -2520.293547       0.0022
FIRE:   3  16:18:55    -2520.293564       0.0017
FIRE:   4  16:18:55    -2520.293584       0.0017
FIRE:   5  16:18:55    -2520.293608       0.0017
FIRE:   6  16:18:55    -2520.293633       0.0016
FIRE:   7  16:18:55    -2520.293660       0.0015
FIRE:   8  16:18:55    -2520.293692       0.0014
FIRE:   9  16:18:56    -2520.293725       0.0012
FIRE:  10  16:18:56    -2520.293759       0.0011
FIRE:  11  16:18:56    -2520.293793       0.0010
Relaxation Completed. Steps: 11
Cell Size Relaxation...
Optimization terminated successfully.
         Current function value: 2.613810
         Iterations: 156
         Function evaluations: 346
Current VFE: 2.61380972007
Energy of Supercell: -2525.83101868
Unrelaxed Cell Volume: 14168.8528447
Current Relaxed Cell Volume: 14162.1463564
Current Relaxation Volume: 6.70648825765
Current Cell:
[[  2.41941259e+01   0.00000000e+00   0.00000000e+00]
 [  5.33762387e-05   2.41940958e+01   0.00000000e+00]
 [  3.99022623e-05   3.22630711e-05   2.41941153e+01]]
==========
Loop: 2
Position Relaxation...
FIRE:   0  16:19:20    -2520.293793       0.0010
Relaxation Completed. Steps: 0
Cell Size Relaxation...
Optimization terminated successfully.
         Current function value: 2.613810
         Iterations: 218
         Function evaluations: 426
FIRE:   0  16:19:50    -2520.293793       0.0010
FIRE:   1  16:19:50    -2520.293795       0.0009
FIRE:   2  16:19:50    -2520.293797       0.0008
FIRE:   3  16:19:50    -2520.293801       0.0008
FIRE:   4  16:19:51    -2520.293805       0.0008
FIRE:   5  16:19:51    -2520.293809       0.0008
FIRE:   6  16:19:51    -2520.293815       0.0007
FIRE:   7  16:19:51    -2520.293820       0.0007
FIRE:   8  16:19:51    -2520.293827       0.0005
FIRE:   9  16:19:51    -2520.293834       0.0004
FIRE:  10  16:19:51    -2520.293842       0.0005
FIRE:  11  16:19:51    -2520.293850       0.0005
FIRE:  12  16:19:52    -2520.293857       0.0003
FIRE:  13  16:19:52    -2520.293864       0.0003
FIRE:  14  16:19:52    -2520.293867       0.0002
FIRE:  15  16:19:52    -2520.293868       0.0003
FIRE:  16  16:19:52    -2520.293868       0.0003
FIRE:  17  16:19:52    -2520.293868       0.0002
FIRE:  18  16:19:52    -2520.293868       0.0001
FIRE:  19  16:19:53    -2520.293868       0.0002
Optimization terminated successfully.
         Current function value: 2.613735
         Iterations: 248
         Function evaluations: 540
---------------
Calculation Completed.
Number Of Atoms in Supercell: 864
Vacancy Formation Energy: 2.6137348777
Unrelaxed Cell Volume: 14168.8528447
Relaxed Cell Volume: 14162.1463564
Relaxation Volume: 6.70648825765
Relaxed Cell Vector:
[24.19413232613791, 9.147236528439252e-06, 24.194130844251777, 3.583542478380244e-05, 4.478369761123869e-05, 24.194134407245762]
Unrelaxed Cell Vector:
[24.197930773079996, 0.0, 24.197930773079996, 0.0, 0.0, 24.197930773079996]
Relaxed Cell:
[[  2.41941323e+01   0.00000000e+00   0.00000000e+00]
 [  9.14723653e-06   2.41941308e+01   0.00000000e+00]
 [  3.58354248e-05   4.47836976e-05   2.41941344e+01]]
Unrelaxed Cell:
[[ 24.19793077   0.           0.        ]
 [  0.          24.19793077   0.        ]
 [  0.           0.          24.19793077]]

[Calculation Results Summary]
Sizes: [4, 5, 6]
Formation Energy By Size:
[2.6156901141831668, 2.6141732280125325, 2.6137348776983345]
Relaxation Volume By Size:
[4.5012768917613357, 5.3122326297361724, 6.7064882576523814]

[Extrapolation]
Fitting with 2 points, including orders [0, 3]
Fit with data beginning 0

Fit with Size: [4 5]
Orders: [0, 3]
Matrix A (Ax = y):
[[ 1.        0.015625]
 [ 1.        0.008   ]]
Data for Fitting: [ 2.61569011  2.61417323]
Fitting Results: (array([ 2.61258174,  0.19893589]), array([], dtype=float64), 2, array([ 1.41431223,  0.00539131]))

Fit with Size: [4 5]
Orders: [0, 3]
Matrix A (Ax = y):
[[ 1.        0.015625]
 [ 1.        0.008   ]]
Data for Fitting: [ 4.50127689  5.31223263]
Fitting Results: (array([   6.16307144, -106.35485088]), array([], dtype=float64), 2, array([ 1.41431223,  0.00539131]))
Fit with data beginning 1

Fit with Size: [5 6]
Orders: [0, 3]
Matrix A (Ax = y):
[[ 1.          0.008     ]
 [ 1.          0.00462963]]
Data for Fitting: [ 2.61417323  2.61373488]
Fitting Results: (array([ 2.61313275,  0.13005998]), array([], dtype=float64), 2, array([ 1.41424176,  0.00238316]))

Fit with Size: [5 6]
Orders: [0, 3]
Matrix A (Ax = y):
[[ 1.          0.008     ]
 [ 1.          0.00462963]]
Data for Fitting: [ 5.31223263  6.70648826]
Fitting Results: (array([   8.62167456, -413.68024125]), array([], dtype=float64), 2, array([ 1.41424176,  0.00238316]))
Fitting with 3 points, including orders [0, 3]
Fit with data beginning 0

Fit with Size: [4 5 6]
Orders: [0, 3]
Matrix A (Ax = y):
[[ 1.          0.015625  ]
 [ 1.          0.008     ]
 [ 1.          0.00462963]]
Data for Fitting: [ 2.61569011  2.61417323  2.61373488]
Fitting Results: (array([ 2.61282408,  0.18142089]), array([  1.64553380e-08]), 2, array([ 1.73212763,  0.00796621]))

Fit with Size: [4 5 6]
Orders: [0, 3]
Matrix A (Ax = y):
[[ 1.          0.015625  ]
 [ 1.          0.008     ]
 [ 1.          0.00462963]]
Data for Fitting: [ 4.50127689  5.31223263  6.70648826]
Fitting Results: (array([   7.24439217, -184.50706325]), array([ 0.32761895]), 2, array([ 1.73212763,  0.00796621]))
Fitting with 3 points, including orders [0, 3, 4]
Fit with data beginning 0

Fit with Size: [4 5 6]
Orders: [0, 3, 4]
Matrix A (Ax = y):
[[  1.00000000e+00   1.56250000e-02   3.90625000e-03]
 [  1.00000000e+00   8.00000000e-03   1.60000000e-03]
 [  1.00000000e+00   4.62962963e-03   7.71604938e-04]]
Data for Fitting: [ 2.61569011  2.61417323  2.61373488]
Fitting Results: (array([ 2.61357793, -0.16865893,  1.21535417]), array([], dtype=float64), 3, array([  1.73213142e+00,   8.29013951e-03,   1.01423660e-04]))

Fit with Size: [4 5 6]
Orders: [0, 3, 4]
Matrix A (Ax = y):
[[  1.00000000e+00   1.56250000e-02   3.90625000e-03]
 [  1.00000000e+00   8.00000000e-03   1.60000000e-03]
 [  1.00000000e+00   4.62962963e-03   7.71604938e-04]]
Data for Fitting: [ 4.50127689  5.31223263  6.70648826]
Fitting Results: (array([   10.60809563, -1746.56877668,  5422.92951078]), array([], dtype=float64), 3, array([  1.73213142e+00,   8.29013951e-03,   1.01423660e-04]))
Fitting with 3 points, including orders [0, 3, 5]
Fit with data beginning 0

Fit with Size: [4 5 6]
Orders: [0, 3, 5]
Matrix A (Ax = y):
[[  1.00000000e+00   1.56250000e-02   9.76562500e-04]
 [  1.00000000e+00   8.00000000e-03   3.20000000e-04]
 [  1.00000000e+00   4.62962963e-03   1.28600823e-04]]
Data for Fitting: [ 2.61569011  2.61417323  2.61373488]
Fitting Results: (array([ 2.61344828, -0.00335314,  2.34928712]), array([], dtype=float64), 3, array([  1.73212782e+00,   7.99080777e-03,   5.44349833e-05]))

Fit with Size: [4 5 6]
Orders: [0, 3, 5]
Matrix A (Ax = y):
[[  1.00000000e+00   1.56250000e-02   9.76562500e-04]
 [  1.00000000e+00   8.00000000e-03   3.20000000e-04]
 [  1.00000000e+00   4.62962963e-03   1.28600823e-04]]
Data for Fitting: [ 4.50127689  5.31223263  6.70648826]
Fitting Results: (array([  1.00295881e+01,  -1.00897169e+03,   1.04825563e+04]), array([], dtype=float64), 3, array([  1.73212782e+00,   7.99080777e-03,   5.44349833e-05]))
Fitting with 3 points, including orders [0, 3, 6]
Fit with data beginning 0

Fit with Size: [4 5 6]
Orders: [0, 3, 6]
Matrix A (Ax = y):
[[  1.00000000e+00   1.56250000e-02   2.44140625e-04]
 [  1.00000000e+00   8.00000000e-03   6.40000000e-05]
 [  1.00000000e+00   4.62962963e-03   2.14334705e-05]]
Data for Fitting: [ 2.61569011  2.61417323  2.61373488]
Fitting Results: (array([ 2.61336475,  0.05094694,  6.26408257]), array([], dtype=float64), 3, array([  1.73212764e+00,   7.96793362e-03,   2.04739548e-05]))

Fit with Size: [4 5 6]
Orders: [0, 3, 6]
Matrix A (Ax = y):
[[  1.00000000e+00   1.56250000e-02   2.44140625e-04]
 [  1.00000000e+00   8.00000000e-03   6.40000000e-05]
 [  1.00000000e+00   4.62962963e-03   2.14334705e-05]]
Data for Fitting: [ 4.50127689  5.31223263  6.70648826]
Fitting Results: (array([  9.65687587e+00,  -7.66683890e+02,   2.79504355e+04]), array([], dtype=float64), 3, array([  1.73212764e+00,   7.96793362e-03,   2.04739548e-05]))

[Fitting Results Summary]
Sizes: [4, 5, 6]
Data Points Used: [2, 3, 3, 3, 3]
Orders Included:
[[0, 3] [0, 3] [0, 3, 4] [0, 3, 5] [0, 3, 6]]
Formation Energy Fits By Size:
[[2.6125817408826855, 2.6131327481458655] [2.6128240799463738]
 [2.6135779328220758] [2.6134482812148589] [2.6133647512040445]]
Relaxation Volume Fits By Size:
[[6.1630714367917356, 8.621674559735089] [7.244392171762815]
 [10.608095625954192] [10.02958810400218] [9.6568758746585939]]

[Final Results]
[
    {
        "property-id" "tag:staff@noreply.openkim.org,2015-07-28:property/monovacancy-neutral-relaxed-formation-potential-energy-crystal-npt" 
        "instance-id" 1 
        "relaxed-formation-potential-energy" {
            "source-value" 2.6131327481458655 
            "source-unit" "eV" 
            "source-std-uncert-value" 0.0004514319181751808
        } 
        "host-cauchy-stress" {
            "source-value" [
                0 
                0 
                0 
                0 
                0 
                0
            ] 
            "source-unit" "GPa"
        } 
        "host-removed-atom" {
            "source-value" 1
        } 
        "host-short-name" {
            "source-value" [
                "fcc"
            ]
        } 
        "host-a" {
            "source-value" 4.0329884621799996 
            "source-unit" "angstrom"
        } 
        "host-b" {
            "source-value" 4.0329884621799996 
            "source-unit" "angstrom"
        } 
        "host-c" {
            "source-value" 4.0329884621799996 
            "source-unit" "angstrom"
        } 
        "host-alpha" {
            "source-value" 90.0 
            "source-unit" "degree"
        } 
        "host-beta" {
            "source-value" 90.0 
            "source-unit" "degree"
        } 
        "host-gamma" {
            "source-value" 90.0 
            "source-unit" "degree"
        } 
        "host-space-group" {
            "source-value" "Fm-3m"
        } 
        "host-wyckoff-multiplicity-and-letter" {
            "source-value" [
                "4a"
            ]
        } 
        "host-wyckoff-coordinates" {
            "source-value" [
                [
                    0.0 
                    0.0 
                    0.0
                ]
            ]
        } 
        "host-wyckoff-species" {
            "source-value" [
                "Al"
            ]
        } 
        "reservoir-cohesive-potential-energy" {
            "source-value" -11.693662123516546 
            "source-unit" "eV"
        } 
        "reservoir-short-name" {
            "source-value" [
                "fcc"
            ]
        } 
        "reservoir-cauchy-stress" {
            "source-value" [
                0.0 
                0.0 
                0.0 
                0.0 
                0.0 
                0.0
            ] 
            "source-unit" "GPa"
        } 
        "reservoir-a" {
            "source-value" 4.0329884621799996 
            "source-unit" "angstrom"
        } 
        "reservoir-b" {
            "source-value" 4.0329884621799996 
            "source-unit" "angstrom"
        } 
        "reservoir-c" {
            "source-value" 4.0329884621799996 
            "source-unit" "angstrom"
        } 
        "reservoir-alpha" {
            "source-value" 90.0 
            "source-unit" "degree"
        } 
        "reservoir-beta" {
            "source-value" 90.0 
            "source-unit" "degree"
        } 
        "reservoir-gamma" {
            "source-value" 90.0 
            "source-unit" "degree"
        } 
        "reservoir-space-group" {
            "source-value" "Fm-3m"
        } 
        "reservoir-wyckoff-multiplicity-and-letter" {
            "source-value" [
                "4a"
            ]
        } 
        "reservoir-wyckoff-coordinates" {
            "source-value" [
                [
                    0.0 
                    0.0 
                    0.0
                ]
            ]
        } 
        "reservoir-wyckoff-species" {
            "source-value" [
                "Al"
            ]
        }
    } 
    {
        "property-id" "tag:staff@noreply.openkim.org,2015-07-28:property/monovacancy-neutral-relaxation-volume-crystal-npt" 
        "instance-id" 2 
        "relaxation-volume" {
            "source-value" 8.621674559735089 
            "source-unit" "angstrom^3" 
            "source-std-uncert-value" 1.9867375456113932
        } 
        "host-cauchy-stress" {
            "source-value" [
                0 
                0 
                0 
                0 
                0 
                0
            ] 
            "source-unit" "GPa"
        } 
        "host-removed-atom" {
            "source-value" 1
        } 
        "host-short-name" {
            "source-value" [
                "fcc"
            ]
        } 
        "host-a" {
            "source-value" 4.0329884621799996 
            "source-unit" "angstrom"
        } 
        "host-b" {
            "source-value" 4.0329884621799996 
            "source-unit" "angstrom"
        } 
        "host-c" {
            "source-value" 4.0329884621799996 
            "source-unit" "angstrom"
        } 
        "host-alpha" {
            "source-value" 90.0 
            "source-unit" "degree"
        } 
        "host-beta" {
            "source-value" 90.0 
            "source-unit" "degree"
        } 
        "host-gamma" {
            "source-value" 90.0 
            "source-unit" "degree"
        } 
        "host-space-group" {
            "source-value" "Fm-3m"
        } 
        "host-wyckoff-multiplicity-and-letter" {
            "source-value" [
                "4a"
            ]
        } 
        "host-wyckoff-coordinates" {
            "source-value" [
                [
                    0.0 
                    0.0 
                    0.0
                ]
            ]
        } 
        "host-wyckoff-species" {
            "source-value" [
                "Al"
            ]
        }
    }
]
