Imported bulk from ase.lattice
Imported bulk from ase.lattice
[Inputs]
Element:  Al
Model:  EAM_Dynamo_Mishin_Farkas_Al__MO_651801486679_001
Lattice:  fcc
Lattice Constants:  [ 4.05000466]
Migration Vector: [ 1.  0.  0.]
atoms: Atoms(symbols='Al4', positions=..., cell=[4.05000466019, 4.05000466019, 4.05000466019], pbc=[True, True, True], calculator=KIMCalculator(...))
Atoms(symbols='Al4', positions=..., cell=[4.05100466019, 4.05000466019, 4.05000466019], pbc=[True, True, True], calculator=KIMCalculator(...))
Atoms(symbols='Al4', positions=..., cell=[4.04900466019, 4.05000466019, 4.05000466019], pbc=[True, True, True], calculator=KIMCalculator(...))
stress: [[  1.75285282e-04   0.00000000e+00   0.00000000e+00]
 [  0.00000000e+00   9.48365911e-05   0.00000000e+00]
 [  0.00000000e+00   0.00000000e+00   9.48365911e-05]]
[[ -1.75424321e-04   0.00000000e+00   0.00000000e+00]
 [  0.00000000e+00  -9.48538327e-05   0.00000000e+00]
 [  0.00000000e+00   0.00000000e+00  -9.48538327e-05]]
[  1.75354801e-04   9.48452119e-05   9.48452119e-05]
[ 0.00024691  0.00024691  0.00024691]
Atoms(symbols='Al4', positions=..., cell=[4.05000466019, 4.05100466019, 4.05000466019], pbc=[True, True, True], calculator=KIMCalculator(...))
Atoms(symbols='Al4', positions=..., cell=[4.05000466019, 4.04900466019, 4.05000466019], pbc=[True, True, True], calculator=KIMCalculator(...))
stress: [[  9.48365911e-05   0.00000000e+00   0.00000000e+00]
 [  0.00000000e+00   1.75285282e-04   0.00000000e+00]
 [  0.00000000e+00   0.00000000e+00   9.48365911e-05]]
[[ -9.48538327e-05   0.00000000e+00   0.00000000e+00]
 [  0.00000000e+00  -1.75424321e-04   0.00000000e+00]
 [  0.00000000e+00   0.00000000e+00  -9.48538327e-05]]
[  9.48452119e-05   1.75354801e-04   9.48452119e-05]
[ 0.00024691  0.00024691  0.00024691]
Atoms(symbols='Al4', positions=..., cell=[4.05000466019, 4.05000466019, 4.05100466019], pbc=[True, True, True], calculator=KIMCalculator(...))
Atoms(symbols='Al4', positions=..., cell=[4.05000466019, 4.05000466019, 4.04900466019], pbc=[True, True, True], calculator=KIMCalculator(...))
stress: [[  9.48365911e-05   0.00000000e+00   0.00000000e+00]
 [  0.00000000e+00   9.48365911e-05   0.00000000e+00]
 [  0.00000000e+00   0.00000000e+00   1.75285282e-04]]
[[ -9.48538327e-05   0.00000000e+00   0.00000000e+00]
 [  0.00000000e+00  -9.48538327e-05   0.00000000e+00]
 [  0.00000000e+00   0.00000000e+00  -1.75424321e-04]]
[  9.48452119e-05   9.48452119e-05   1.75354801e-04]
[ 0.00024691  0.00024691  0.00024691]
est: [[ 0.71018776  0.38412355  0.38412355]
 [ 0.38412355  0.71018776  0.38412355]
 [ 0.38412355  0.38412355  0.71018776]]
[[ 2.27005071 -0.79682987 -0.79682987]
 [-0.79682987  2.27005071 -0.79682987]
 [-0.79682987 -0.79682987  2.27005071]]
