MDMin:   0  11:34:21     -357.616951       1.3378
MDMin:   1  11:34:21     -357.753543       1.1073
MDMin:   2  11:34:22     -357.999898       0.5514
MDMin:   3  11:34:23     -358.127977       0.1540
MDMin:   4  11:34:23     -358.166575       0.1269
MDMin:   5  11:34:24     -358.179247       0.0756
MDMin:   6  11:34:24     -358.185844       0.0528
MDMin:   7  11:34:25     -358.189727       0.0424
MDMin:   8  11:34:26     -358.193027       0.0322
MDMin:   9  11:34:26     -358.195170       0.0816
MDMin:  10  11:34:27     -358.195828       0.0443
MDMin:  11  11:34:27     -358.195961       0.0219
MDMin:  12  11:34:28     -358.196249       0.0180
MDMin:  13  11:34:29     -358.196602       0.0157
MDMin:  14  11:34:29     -358.196975       0.0134
MDMin:  15  11:34:30     -358.197283       0.0257
MDMin:  16  11:34:30     -358.197397       0.0152
MDMin:  17  11:34:31     -358.197449       0.0091
MDMin:  18  11:34:32     -358.197536       0.0083
MDMin:  19  11:34:32     -358.197641       0.0071
MDMin:  20  11:34:33     -358.197750       0.0058
MDMin:  21  11:34:33     -358.197843       0.0117
MDMin:  22  11:34:34     -358.197868       0.0059
MDMin:  23  11:34:35     -358.197877       0.0039
MDMin:  24  11:34:35     -358.197896       0.0036
MDMin:  25  11:34:36     -358.197920       0.0032
MDMin:  26  11:34:37     -358.197949       0.0027
MDMin:  27  11:34:37     -358.197980       0.0028
MDMin:  28  11:34:38     -358.198000       0.0057
MDMin:  29  11:34:38     -358.198003       0.0034
MDMin:  30  11:34:39     -358.198010       0.0016
MDMin:  31  11:34:40     -358.198019       0.0015
MDMin:  32  11:34:40     -358.198031       0.0014
MDMin:  33  11:34:41     -358.198046       0.0013
MDMin:  34  11:34:41     -358.198062       0.0018
MDMin:  35  11:34:42     -358.198068       0.0015
MDMin:  36  11:34:43     -358.198071       0.0015
MDMin:  37  11:34:43     -358.198077       0.0015
MDMin:  38  11:34:44     -358.198084       0.0015
MDMin:  39  11:34:44     -358.198094       0.0015
MDMin:  40  11:34:45     -358.198107       0.0015
MDMin:  41  11:34:46     -358.198117       0.0015
MDMin:  42  11:34:46     -358.198118       0.0015
MDMin:  43  11:34:47     -358.198122       0.0015
MDMin:  44  11:34:47     -358.198128       0.0014
MDMin:  45  11:34:48     -358.198134       0.0014
MDMin:  46  11:34:49     -358.198143       0.0014
MDMin:  47  11:34:49     -358.198152       0.0014
MDMin:  48  11:34:50     -358.198157       0.0013
MDMin:  49  11:34:51     -358.198159       0.0013
MDMin:  50  11:34:51     -358.198164       0.0013
MDMin:  51  11:34:52     -358.198170       0.0013
MDMin:  52  11:34:52     -358.198177       0.0012
MDMin:  53  11:34:53     -358.198186       0.0012
MDMin:  54  11:34:54     -358.198197       0.0012
MDMin:  55  11:34:54     -358.198208       0.0011
MDMin:  56  11:34:55     -358.198214       0.0011
MDMin:  57  11:34:55     -358.198215       0.0011
MDMin:  58  11:34:56     -358.198217       0.0011
MDMin:  59  11:34:57     -358.198220       0.0010
MDMin:  60  11:34:57     -358.198224       0.0010
MDMin:  61  11:34:58     -358.198230       0.0010
MDMin:   0  12:48:16     -357.607671       1.3492
MDMin:   1  12:48:17     -357.746161       1.1155
MDMin:   2  12:48:18     -357.995249       0.5525
MDMin:   3  12:48:18     -358.122810       0.1535
MDMin:   4  12:48:19     -358.160403       0.1229
MDMin:   5  12:48:19     -358.173146       0.0689
MDMin:   6  12:48:20     -358.179940       0.0532
MDMin:   7  12:48:21     -358.183799       0.0426
MDMin:   8  12:48:21     -358.186997       0.0314
MDMin:   9  12:48:22     -358.189005       0.0392
MDMin:  10  12:48:22     -358.189800       0.0565
MDMin:  11  12:48:23     -358.190014       0.0432
MDMin:  12  12:48:23     -358.190436       0.0159
MDMin:  13  12:48:24     -358.190741       0.0142
MDMin:  14  12:48:25     -358.191015       0.0124
MDMin:  15  12:48:25     -358.191261       0.0097
MDMin:  16  12:48:26     -358.191413       0.0154
MDMin:  17  12:48:26     -358.191454       0.0076
MDMin:  18  12:48:27     -358.191513       0.0065
MDMin:  19  12:48:28     -358.191577       0.0056
MDMin:  20  12:48:28     -358.191636       0.0047
MDMin:  21  12:48:29     -358.191675       0.0083
MDMin:  22  12:48:29     -358.191684       0.0036
MDMin:  23  12:48:30     -358.191698       0.0032
MDMin:  24  12:48:30     -358.191714       0.0027
MDMin:  25  12:48:31     -358.191729       0.0023
MDMin:  26  12:48:32     -358.191740       0.0040
MDMin:  27  12:48:32     -358.191742       0.0016
MDMin:  28  12:48:33     -358.191745       0.0016
MDMin:  29  12:48:34     -358.191749       0.0014
MDMin:  30  12:48:34     -358.191752       0.0013
MDMin:  31  12:48:35     -358.191755       0.0016
MDMin:  32  12:48:35     -358.191756       0.0016
MDMin:  33  12:48:36     -358.191756       0.0014
MDMin:  34  12:48:36     -358.191756       0.0014
MDMin:  35  12:48:37     -358.191757       0.0015
MDMin:  36  12:48:38     -358.191757       0.0015
MDMin:  37  12:48:38     -358.191758       0.0015
MDMin:  38  12:48:39     -358.191758       0.0014
MDMin:  39  12:48:39     -358.191759       0.0014
MDMin:  40  12:48:40     -358.191759       0.0014
MDMin:  41  12:48:41     -358.191759       0.0014
MDMin:  42  12:48:41     -358.191759       0.0014
MDMin:  43  12:48:42     -358.191759       0.0013
MDMin:  44  12:48:42     -358.191759       0.0013
MDMin:  45  12:48:43     -358.191759       0.0013
MDMin:  46  12:48:44     -358.191759       0.0012
MDMin:  47  12:48:44     -358.191759       0.0012
MDMin:  48  12:48:45     -358.191759       0.0012
MDMin:  49  12:48:45     -358.191759       0.0012
MDMin:  50  12:48:46     -358.191759       0.0012
MDMin:  51  12:48:46     -358.191759       0.0011
MDMin:  52  12:48:47     -358.191759       0.0011
MDMin:  53  12:48:48     -358.191759       0.0011
MDMin:  54  12:48:48     -358.191759       0.0010
MDMin:  55  12:48:49     -358.191759       0.0010
MDMin:  56  12:48:49     -358.191759       0.0010
MDMin:   0  12:50:44     -357.607671       1.3492
MDMin:   1  12:50:44     -357.746161       1.1155
MDMin:   2  12:50:45     -357.995249       0.5525
MDMin:   3  12:50:45     -358.122810       0.1535
MDMin:   4  12:50:46     -358.160403       0.1229
MDMin:   5  12:50:46     -358.173146       0.0689
MDMin:   6  12:50:47     -358.179940       0.0532
MDMin:   7  12:50:48     -358.183799       0.0426
MDMin:   8  12:50:48     -358.186997       0.0314
MDMin:   9  12:50:49     -358.189005       0.0392
MDMin:  10  12:50:49     -358.189800       0.0565
MDMin:  11  12:50:50     -358.190014       0.0432
MDMin:  12  12:50:50     -358.190436       0.0159
MDMin:  13  12:50:51     -358.190741       0.0142
MDMin:  14  12:50:52     -358.191015       0.0124
MDMin:  15  12:50:52     -358.191261       0.0097
