Imported bulk from ase.lattice
Parameters Input: Al diamond EAM_Dynamo_Mishin_Farkas_Al__MO_651801486679_001 [6.04653729823]

[Calculation]

Supercell Size: 3
Unrelaxed Cell:
[[ 18.13961189   0.           0.        ]
 [  0.          18.13961189   0.        ]
 [  0.           0.          18.13961189]]
Unrelaxed Cell Vector:
[18.139611894689999, 0.0, 18.139611894689999, 0.0, 0.0, 18.139611894689999]
Vacancy Formation Energy (Cell Structure Relaxation): -72.9692094631 Size:  3
Vacancy Formation Energy (Cell Structure Relaxation): -116.51573404 Size:  3
Vacancy Formation Energy (Cell Structure Relaxation): -134.256346725 Size:  3
Vacancy Formation Energy (Cell Structure Relaxation): -130.970175834 Size:  3
Vacancy Formation Energy (Cell Structure Relaxation): -134.377555415 Size:  3
Vacancy Formation Energy (Cell Structure Relaxation): -134.377638966 Size:  3
Vacancy Formation Energy (Cell Structure Relaxation): -132.790451236 Size:  3
Vacancy Formation Energy (Cell Structure Relaxation): -132.464123297 Size:  3
Vacancy Formation Energy (Cell Structure Relaxation): -135.202520906 Size:  3
Vacancy Formation Energy (Cell Structure Relaxation): -136.268034739 Size:  3
Vacancy Formation Energy (Cell Structure Relaxation): -136.955867945 Size:  3
Vacancy Formation Energy (Cell Structure Relaxation): -138.261919406 Size:  3
Vacancy Formation Energy (Cell Structure Relaxation): -138.315805535 Size:  3
Vacancy Formation Energy (Cell Structure Relaxation): -140.076628961 Size:  3
Vacancy Formation Energy (Cell Structure Relaxation): -139.182779016 Size:  3
Vacancy Formation Energy (Cell Structure Relaxation): -139.978816861 Size:  3
Vacancy Formation Energy (Cell Structure Relaxation): -142.51380301 Size:  3
Vacancy Formation Energy (Cell Structure Relaxation): -150.357040905 Size:  3
Vacancy Formation Energy (Cell Structure Relaxation): -150.357060668 Size:  3
Vacancy Formation Energy (Cell Structure Relaxation): -166.378195189 Size:  3
Vacancy Formation Energy (Cell Structure Relaxation): -157.413304945 Size:  3
Vacancy Formation Energy (Cell Structure Relaxation): -164.836244372 Size:  3
Vacancy Formation Energy (Cell Structure Relaxation): -169.942178202 Size:  3
Vacancy Formation Energy (Cell Structure Relaxation): -149.866677919 Size:  3
Vacancy Formation Energy (Cell Structure Relaxation): -169.35689014 Size:  3
Vacancy Formation Energy (Cell Structure Relaxation): -121.497730584 Size:  3
Vacancy Formation Energy (Cell Structure Relaxation): -139.860195769 Size:  3
Vacancy Formation Energy (Cell Structure Relaxation): -174.051382397 Size:  3
Vacancy Formation Energy (Cell Structure Relaxation): -171.045543101 Size:  3
Vacancy Formation Energy (Cell Structure Relaxation): -169.897347414 Size:  3
Vacancy Formation Energy (Cell Structure Relaxation): -165.786795223 Size:  3
Vacancy Formation Energy (Cell Structure Relaxation): -159.921622537 Size:  3
Vacancy Formation Energy (Cell Structure Relaxation): -145.366136261 Size:  3
Vacancy Formation Energy (Cell Structure Relaxation): -169.4657276 Size:  3
Vacancy Formation Energy (Cell Structure Relaxation): -169.968369378 Size:  3
Vacancy Formation Energy (Cell Structure Relaxation): -161.308814468 Size:  3
Vacancy Formation Energy (Cell Structure Relaxation): -171.945471676 Size:  3
Vacancy Formation Energy (Cell Structure Relaxation): -162.84092269 Size:  3
Vacancy Formation Energy (Cell Structure Relaxation): -175.423684344 Size:  3
Vacancy Formation Energy (Cell Structure Relaxation): -172.330587749 Size:  3
Vacancy Formation Energy (Cell Structure Relaxation): -171.904292036 Size:  3
Vacancy Formation Energy (Cell Structure Relaxation): -171.563416284 Size:  3
Vacancy Formation Energy (Cell Structure Relaxation): -169.593875576 Size:  3
Vacancy Formation Energy (Cell Structure Relaxation): -174.760905044 Size:  3
Vacancy Formation Energy (Cell Structure Relaxation): -167.541918256 Size:  3
Vacancy Formation Energy (Cell Structure Relaxation): -174.710492309 Size:  3
Vacancy Formation Energy (Cell Structure Relaxation): -170.99786824 Size:  3
Vacancy Formation Energy (Cell Structure Relaxation): -174.998700697 Size:  3
Vacancy Formation Energy (Cell Structure Relaxation): -169.518548373 Size:  3
Vacancy Formation Energy (Cell Structure Relaxation): -174.69174507 Size:  3
Vacancy Formation Energy (Cell Structure Relaxation): -171.883473247 Size:  3
Vacancy Formation Energy (Cell Structure Relaxation): -175.061423803 Size:  3
Vacancy Formation Energy (Cell Structure Relaxation): -175.719212835 Size:  3
Vacancy Formation Energy (Cell Structure Relaxation): -175.437670469 Size:  3
Vacancy Formation Energy (Cell Structure Relaxation): -175.242219285 Size:  3
Vacancy Formation Energy (Cell Structure Relaxation): -173.119564119 Size:  3
Vacancy Formation Energy (Cell Structure Relaxation): -175.818909813 Size:  3
Vacancy Formation Energy (Cell Structure Relaxation): -171.989045525 Size:  3
Vacancy Formation Energy (Cell Structure Relaxation): -175.713306595 Size:  3
Vacancy Formation Energy (Cell Structure Relaxation): -175.902561862 Size:  3
Vacancy Formation Energy (Cell Structure Relaxation): -175.293215188 Size:  3
Vacancy Formation Energy (Cell Structure Relaxation): -175.699866568 Size:  3
Vacancy Formation Energy (Cell Structure Relaxation): -174.454651882 Size:  3
Vacancy Formation Energy (Cell Structure Relaxation): -175.967287084 Size:  3
Vacancy Formation Energy (Cell Structure Relaxation): -174.407526767 Size:  3
Vacancy Formation Energy (Cell Structure Relaxation): -176.001002871 Size:  3
Vacancy Formation Energy (Cell Structure Relaxation): -175.502979022 Size:  3
Vacancy Formation Energy (Cell Structure Relaxation): -175.989749621 Size:  3
Vacancy Formation Energy (Cell Structure Relaxation): -176.093209594 Size:  3
Vacancy Formation Energy (Cell Structure Relaxation): -176.060179099 Size:  3
Vacancy Formation Energy (Cell Structure Relaxation): -176.210256213 Size:  3
Vacancy Formation Energy (Cell Structure Relaxation): -176.116881782 Size:  3
Vacancy Formation Energy (Cell Structure Relaxation): -176.164899372 Size:  3
Vacancy Formation Energy (Cell Structure Relaxation): -175.775469679 Size:  3
Vacancy Formation Energy (Cell Structure Relaxation): -176.162762466 Size:  3
Vacancy Formation Energy (Cell Structure Relaxation): -176.203936222 Size:  3
Vacancy Formation Energy (Cell Structure Relaxation): -175.974206736 Size:  3
Vacancy Formation Energy (Cell Structure Relaxation): -176.1460593 Size:  3
Vacancy Formation Energy (Cell Structure Relaxation): -176.28756588 Size:  3
Vacancy Formation Energy (Cell Structure Relaxation): -176.18031838 Size:  3
Vacancy Formation Energy (Cell Structure Relaxation): -176.342707631 Size:  3
Vacancy Formation Energy (Cell Structure Relaxation): -176.317487954 Size:  3
Vacancy Formation Energy (Cell Structure Relaxation): -176.361209187 Size:  3
Vacancy Formation Energy (Cell Structure Relaxation): -176.337905105 Size:  3
Vacancy Formation Energy (Cell Structure Relaxation): -176.35222571 Size:  3
Vacancy Formation Energy (Cell Structure Relaxation): -176.203809904 Size:  3
Vacancy Formation Energy (Cell Structure Relaxation): -176.323737151 Size:  3
Vacancy Formation Energy (Cell Structure Relaxation): -176.355734923 Size:  3
Vacancy Formation Energy (Cell Structure Relaxation): -176.387121133 Size:  3
Vacancy Formation Energy (Cell Structure Relaxation): -176.260882336 Size:  3
Vacancy Formation Energy (Cell Structure Relaxation): -176.319914374 Size:  3
Vacancy Formation Energy (Cell Structure Relaxation): -176.387331103 Size:  3
Vacancy Formation Energy (Cell Structure Relaxation): -176.292925668 Size:  3
Vacancy Formation Energy (Cell Structure Relaxation): -176.37021478 Size:  3
Vacancy Formation Energy (Cell Structure Relaxation): -176.374532187 Size:  3
Vacancy Formation Energy (Cell Structure Relaxation): -176.422138146 Size:  3
Vacancy Formation Energy (Cell Structure Relaxation): -176.392573633 Size:  3
Vacancy Formation Energy (Cell Structure Relaxation): -176.386961065 Size:  3
Vacancy Formation Energy (Cell Structure Relaxation): -176.382035447 Size:  3
Vacancy Formation Energy (Cell Structure Relaxation): -176.3968628 Size:  3
Vacancy Formation Energy (Cell Structure Relaxation): -176.293145063 Size:  3
Vacancy Formation Energy (Cell Structure Relaxation): -176.422094183 Size:  3
Vacancy Formation Energy (Cell Structure Relaxation): -176.402631983 Size:  3
Vacancy Formation Energy (Cell Structure Relaxation): -176.371820039 Size:  3
Vacancy Formation Energy (Cell Structure Relaxation): -176.421999955 Size:  3
Vacancy Formation Energy (Cell Structure Relaxation): -176.355567791 Size:  3
Vacancy Formation Energy (Cell Structure Relaxation): -176.425418253 Size:  3
Vacancy Formation Energy (Cell Structure Relaxation): -176.400931438 Size:  3
Vacancy Formation Energy (Cell Structure Relaxation): -176.377848743 Size:  3
Vacancy Formation Energy (Cell Structure Relaxation): -176.423989761 Size:  3
Vacancy Formation Energy (Cell Structure Relaxation): -176.39775456 Size:  3
Vacancy Formation Energy (Cell Structure Relaxation): -176.427229648 Size:  3
Vacancy Formation Energy (Cell Structure Relaxation): -176.395828468 Size:  3
Vacancy Formation Energy (Cell Structure Relaxation): -176.42928286 Size:  3
Vacancy Formation Energy (Cell Structure Relaxation): -176.420581044 Size:  3
Vacancy Formation Energy (Cell Structure Relaxation): -176.432256733 Size:  3
Vacancy Formation Energy (Cell Structure Relaxation): -176.414453378 Size:  3
Vacancy Formation Energy (Cell Structure Relaxation): -176.431773123 Size:  3
Vacancy Formation Energy (Cell Structure Relaxation): -176.425365713 Size:  3
Vacancy Formation Energy (Cell Structure Relaxation): -176.428506419 Size:  3
Vacancy Formation Energy (Cell Structure Relaxation): -176.420180461 Size:  3
Vacancy Formation Energy (Cell Structure Relaxation): -176.432047164 Size:  3
Vacancy Formation Energy (Cell Structure Relaxation): -176.427034364 Size:  3
Vacancy Formation Energy (Cell Structure Relaxation): -176.431997263 Size:  3
Vacancy Formation Energy (Cell Structure Relaxation): -176.425156023 Size:  3
Vacancy Formation Energy (Cell Structure Relaxation): -176.43236415 Size:  3
Vacancy Formation Energy (Cell Structure Relaxation): -176.426049703 Size:  3
Vacancy Formation Energy (Cell Structure Relaxation): -176.432632044 Size:  3
Vacancy Formation Energy (Cell Structure Relaxation): -176.429136335 Size:  3
Vacancy Formation Energy (Cell Structure Relaxation): -176.432722819 Size:  3
Vacancy Formation Energy (Cell Structure Relaxation): -176.430209285 Size:  3
Vacancy Formation Energy (Cell Structure Relaxation): -176.433389559 Size:  3
Vacancy Formation Energy (Cell Structure Relaxation): -176.431672828 Size:  3
Vacancy Formation Energy (Cell Structure Relaxation): -176.433332181 Size:  3
Vacancy Formation Energy (Cell Structure Relaxation): -176.429838576 Size:  3
Vacancy Formation Energy (Cell Structure Relaxation): -176.433501439 Size:  3
Vacancy Formation Energy (Cell Structure Relaxation): -176.431081667 Size:  3
Vacancy Formation Energy (Cell Structure Relaxation): -176.433441579 Size:  3
Vacancy Formation Energy (Cell Structure Relaxation): -176.432212071 Size:  3
Vacancy Formation Energy (Cell Structure Relaxation): -176.433378203 Size:  3
Vacancy Formation Energy (Cell Structure Relaxation): -176.43231789 Size:  3
Vacancy Formation Energy (Cell Structure Relaxation): -176.433466186 Size:  3
Vacancy Formation Energy (Cell Structure Relaxation): -176.432854375 Size:  3
Vacancy Formation Energy (Cell Structure Relaxation): -176.433524249 Size:  3
Vacancy Formation Energy (Cell Structure Relaxation): -176.433127999 Size:  3
Vacancy Formation Energy (Cell Structure Relaxation): -176.433649951 Size:  3
Vacancy Formation Energy (Cell Structure Relaxation): -176.433504697 Size:  3
Vacancy Formation Energy (Cell Structure Relaxation): -176.432924371 Size:  3
Vacancy Formation Energy (Cell Structure Relaxation): -176.433697887 Size:  3
Vacancy Formation Energy (Cell Structure Relaxation): -176.433479022 Size:  3
Vacancy Formation Energy (Cell Structure Relaxation): -176.432841214 Size:  3
Vacancy Formation Energy (Cell Structure Relaxation): -176.43372604 Size:  3
Vacancy Formation Energy (Cell Structure Relaxation): -176.433505834 Size:  3
Vacancy Formation Energy (Cell Structure Relaxation): -176.433551406 Size:  3
Vacancy Formation Energy (Cell Structure Relaxation): -176.433283767 Size:  3
Vacancy Formation Energy (Cell Structure Relaxation): -176.433701382 Size:  3
Vacancy Formation Energy (Cell Structure Relaxation): -176.433602647 Size:  3
Vacancy Formation Energy (Cell Structure Relaxation): -176.433282168 Size:  3
Vacancy Formation Energy (Cell Structure Relaxation): -176.433716026 Size:  3
Vacancy Formation Energy (Cell Structure Relaxation): -176.433501083 Size:  3
Vacancy Formation Energy (Cell Structure Relaxation): -176.433704765 Size:  3
Vacancy Formation Energy (Cell Structure Relaxation): -176.433601212 Size:  3
Vacancy Formation Energy (Cell Structure Relaxation): -176.433714245 Size:  3
Vacancy Formation Energy (Cell Structure Relaxation): -176.433642373 Size:  3
Vacancy Formation Energy (Cell Structure Relaxation): -176.433727497 Size:  3
Vacancy Formation Energy (Cell Structure Relaxation): -176.433639247 Size:  3
Vacancy Formation Energy (Cell Structure Relaxation): -176.433743764 Size:  3
Vacancy Formation Energy (Cell Structure Relaxation): -176.433630348 Size:  3
Vacancy Formation Energy (Cell Structure Relaxation): -176.433744876 Size:  3
Vacancy Formation Energy (Cell Structure Relaxation): -176.433717049 Size:  3
Vacancy Formation Energy (Cell Structure Relaxation): -176.433710927 Size:  3
Vacancy Formation Energy (Cell Structure Relaxation): -176.433742964 Size:  3
Vacancy Formation Energy (Cell Structure Relaxation): -176.433691793 Size:  3
Vacancy Formation Energy (Cell Structure Relaxation): -176.433745381 Size:  3
Vacancy Formation Energy (Cell Structure Relaxation): -176.433701463 Size:  3
Vacancy Formation Energy (Cell Structure Relaxation): -176.43374484 Size:  3
Vacancy Formation Energy (Cell Structure Relaxation): -176.433706371 Size:  3
Vacancy Formation Energy (Cell Structure Relaxation): -176.43374733 Size:  3
Vacancy Formation Energy (Cell Structure Relaxation): -176.433730719 Size:  3
Vacancy Formation Energy (Cell Structure Relaxation): -176.433747367 Size:  3
Vacancy Formation Energy (Cell Structure Relaxation): -176.43373935 Size:  3
Vacancy Formation Energy (Cell Structure Relaxation): -176.433750455 Size:  3
Vacancy Formation Energy (Cell Structure Relaxation): -176.433744258 Size:  3
Vacancy Formation Energy (Cell Structure Relaxation): -176.433750599 Size:  3
Vacancy Formation Energy (Cell Structure Relaxation): -176.433740189 Size:  3
Vacancy Formation Energy (Cell Structure Relaxation): -176.433751149 Size:  3
Vacancy Formation Energy (Cell Structure Relaxation): -176.433741218 Size:  3
Vacancy Formation Energy (Cell Structure Relaxation): -176.433751069 Size:  3
Vacancy Formation Energy (Cell Structure Relaxation): -176.433746254 Size:  3
Vacancy Formation Energy (Cell Structure Relaxation): -176.433751281 Size:  3
Vacancy Formation Energy (Cell Structure Relaxation): -176.433740298 Size:  3
Vacancy Formation Energy (Cell Structure Relaxation): -176.433752072 Size:  3
Vacancy Formation Energy (Cell Structure Relaxation): -176.433748506 Size:  3
Vacancy Formation Energy (Cell Structure Relaxation): -176.433751922 Size:  3
Vacancy Formation Energy (Cell Structure Relaxation): -176.433748559 Size:  3
Vacancy Formation Energy (Cell Structure Relaxation): -176.433752464 Size:  3
Vacancy Formation Energy (Cell Structure Relaxation): -176.433749327 Size:  3
Vacancy Formation Energy (Cell Structure Relaxation): -176.433752436 Size:  3
Vacancy Formation Energy (Cell Structure Relaxation): -176.43375026 Size:  3
Vacancy Formation Energy (Cell Structure Relaxation): -176.433752509 Size:  3
Vacancy Formation Energy (Cell Structure Relaxation): -176.433748785 Size:  3
Vacancy Formation Energy (Cell Structure Relaxation): -176.433752653 Size:  3
Vacancy Formation Energy (Cell Structure Relaxation): -176.433750936 Size:  3
Vacancy Formation Energy (Cell Structure Relaxation): -176.433752494 Size:  3
Vacancy Formation Energy (Cell Structure Relaxation): -176.433752036 Size:  3
Vacancy Formation Energy (Cell Structure Relaxation): -176.433752676 Size:  3
Vacancy Formation Energy (Cell Structure Relaxation): -176.433751663 Size:  3
Vacancy Formation Energy (Cell Structure Relaxation): -176.433752715 Size:  3
Vacancy Formation Energy (Cell Structure Relaxation): -176.433751902 Size:  3
Vacancy Formation Energy (Cell Structure Relaxation): -176.433752811 Size:  3
Vacancy Formation Energy (Cell Structure Relaxation): -176.433751994 Size:  3
Vacancy Formation Energy (Cell Structure Relaxation): -176.433752805 Size:  3
Vacancy Formation Energy (Cell Structure Relaxation): -176.433752599 Size:  3
Vacancy Formation Energy (Cell Structure Relaxation): -176.433752597 Size:  3
Vacancy Formation Energy (Cell Structure Relaxation): -176.433752822 Size:  3
Vacancy Formation Energy (Cell Structure Relaxation): -176.433752638 Size:  3
Vacancy Formation Energy (Cell Structure Relaxation): -176.433752834 Size:  3
Vacancy Formation Energy (Cell Structure Relaxation): -176.433752537 Size:  3
Vacancy Formation Energy (Cell Structure Relaxation): -176.433752845 Size:  3
Vacancy Formation Energy (Cell Structure Relaxation): -176.433752626 Size:  3
Vacancy Formation Energy (Cell Structure Relaxation): -176.433752846 Size:  3
Vacancy Formation Energy (Cell Structure Relaxation): -176.433752577 Size:  3
Vacancy Formation Energy (Cell Structure Relaxation): -176.433752863 Size:  3
Vacancy Formation Energy (Cell Structure Relaxation): -176.43375281 Size:  3
Vacancy Formation Energy (Cell Structure Relaxation): -176.433752875 Size:  3
Vacancy Formation Energy (Cell Structure Relaxation): -176.433752776 Size:  3
Vacancy Formation Energy (Cell Structure Relaxation): -176.433752878 Size:  3
Vacancy Formation Energy (Cell Structure Relaxation): -176.433752756 Size:  3
Vacancy Formation Energy (Cell Structure Relaxation): -176.433752884 Size:  3
Vacancy Formation Energy (Cell Structure Relaxation): -176.43375279 Size:  3
Vacancy Formation Energy (Cell Structure Relaxation): -176.433752884 Size:  3
Vacancy Formation Energy (Cell Structure Relaxation): -176.433752807 Size:  3
Vacancy Formation Energy (Cell Structure Relaxation): -176.433752886 Size:  3
Vacancy Formation Energy (Cell Structure Relaxation): -176.433752859 Size:  3
Vacancy Formation Energy (Cell Structure Relaxation): -176.433752889 Size:  3
Vacancy Formation Energy (Cell Structure Relaxation): -176.433752843 Size:  3
Vacancy Formation Energy (Cell Structure Relaxation): -176.43375289 Size:  3
Vacancy Formation Energy (Cell Structure Relaxation): -176.433752879 Size:  3
Vacancy Formation Energy (Cell Structure Relaxation): -176.433752852 Size:  3
Vacancy Formation Energy (Cell Structure Relaxation): -176.433752894 Size:  3
Vacancy Formation Energy (Cell Structure Relaxation): -176.433752882 Size:  3
Vacancy Formation Energy (Cell Structure Relaxation): -176.433752894 Size:  3
Vacancy Formation Energy (Cell Structure Relaxation): -176.433752881 Size:  3
Vacancy Formation Energy (Cell Structure Relaxation): -176.433752894 Size:  3
Vacancy Formation Energy (Cell Structure Relaxation): -176.433752868 Size:  3
Vacancy Formation Energy (Cell Structure Relaxation): -176.433752895 Size:  3
Vacancy Formation Energy (Cell Structure Relaxation): -176.433752877 Size:  3
Vacancy Formation Energy (Cell Structure Relaxation): -176.433752895 Size:  3
Vacancy Formation Energy (Cell Structure Relaxation): -176.433752887 Size:  3
Vacancy Formation Energy (Cell Structure Relaxation): -176.433752895 Size:  3
Vacancy Formation Energy (Cell Structure Relaxation): -176.433752886 Size:  3
Vacancy Formation Energy (Cell Structure Relaxation): -176.433752896 Size:  3
Vacancy Formation Energy (Cell Structure Relaxation): -176.433752895 Size:  3
Vacancy Formation Energy (Cell Structure Relaxation): -176.433752894 Size:  3
Vacancy Formation Energy (Cell Structure Relaxation): -176.433752896 Size:  3
Vacancy Formation Energy (Cell Structure Relaxation): -176.433752893 Size:  3
Vacancy Formation Energy (Cell Structure Relaxation): -176.433752897 Size:  3
Vacancy Formation Energy (Cell Structure Relaxation): -176.433752895 Size:  3
Vacancy Formation Energy (Cell Structure Relaxation): -176.433752897 Size:  3
Vacancy Formation Energy (Cell Structure Relaxation): -176.433752894 Size:  3
Vacancy Formation Energy (Cell Structure Relaxation): -176.433752897 Size:  3
Vacancy Formation Energy (Cell Structure Relaxation): -176.433752895 Size:  3
Vacancy Formation Energy (Cell Structure Relaxation): -176.433752897 Size:  3
Vacancy Formation Energy (Cell Structure Relaxation): -176.433752891 Size:  3
Vacancy Formation Energy (Cell Structure Relaxation): -176.433752897 Size:  3
Vacancy Formation Energy (Cell Structure Relaxation): -176.433752895 Size:  3
Vacancy Formation Energy (Cell Structure Relaxation): -176.433752897 Size:  3
Vacancy Formation Energy (Cell Structure Relaxation): -176.433752896 Size:  3
Vacancy Formation Energy (Cell Structure Relaxation): -176.433752897 Size:  3
Vacancy Formation Energy (Cell Structure Relaxation): -176.433752897 Size:  3
Vacancy Formation Energy (Cell Structure Relaxation): -176.433752897 Size:  3
Vacancy Formation Energy (Cell Structure Relaxation): -176.433752896 Size:  3
Vacancy Formation Energy (Cell Structure Relaxation): -176.433752897 Size:  3
Vacancy Formation Energy (Cell Structure Relaxation): -176.433752896 Size:  3
Vacancy Formation Energy (Cell Structure Relaxation): -176.433752897 Size:  3
Vacancy Formation Energy (Cell Structure Relaxation): -176.433752896 Size:  3
Vacancy Formation Energy (Cell Structure Relaxation): -176.433752897 Size:  3
Optimization terminated successfully.
         Current function value: -176.433753
         Iterations: 151
         Function evaluations: 277
Summary:
Vacancy Formation Energy: -176.433752897
Unrelaxed Cell Volume: 5968.75802286
Relaxed Cell Volume: 3703.54018696
Relaxation Volume: 2265.21783591
Relaxed Cell Vector:
[  1.17774927e+01   5.77113480e-04   1.52132265e+01   5.26039081e-04
   8.57381362e-04   2.06701147e+01]
Unrelaxed Cell Vector:
[18.139611894689999, 0.0, 18.139611894689999, 0.0, 0.0, 18.139611894689999]
Relaxed Cell:
[[  1.17774927e+01   0.00000000e+00   0.00000000e+00]
 [  5.77113480e-04   1.52132265e+01   0.00000000e+00]
 [  5.26039081e-04   8.57381362e-04   2.06701147e+01]]
Unrelaxed Cell:
[[ 18.13961189   0.           0.        ]
 [  0.          18.13961189   0.        ]
 [  0.           0.          18.13961189]]

Supercell Size: 4
Unrelaxed Cell:
[[ 24.18614919   0.           0.        ]
 [  0.          24.18614919   0.        ]
 [  0.           0.          24.18614919]]
Unrelaxed Cell Vector:
[24.186149192919999, 0.0, 24.186149192919999, 0.0, 0.0, 24.186149192919999]
Vacancy Formation Energy (Cell Structure Relaxation): -224.886959088 Size:  4
Vacancy Formation Energy (Cell Structure Relaxation): -289.845873443 Size:  4
Vacancy Formation Energy (Cell Structure Relaxation): -296.947070481 Size:  4
Vacancy Formation Energy (Cell Structure Relaxation): -296.445601434 Size:  4
Vacancy Formation Energy (Cell Structure Relaxation): -304.916654431 Size:  4
Vacancy Formation Energy (Cell Structure Relaxation): -304.916996186 Size:  4
Vacancy Formation Energy (Cell Structure Relaxation): -302.098469438 Size:  4
Vacancy Formation Energy (Cell Structure Relaxation): -303.948490453 Size:  4
Vacancy Formation Energy (Cell Structure Relaxation): -308.93429479 Size:  4
Vacancy Formation Energy (Cell Structure Relaxation): -313.564636822 Size:  4
Vacancy Formation Energy (Cell Structure Relaxation): -315.303339219 Size:  4
Vacancy Formation Energy (Cell Structure Relaxation): -320.664704658 Size:  4
Vacancy Formation Energy (Cell Structure Relaxation): -313.400907395 Size:  4
Vacancy Formation Energy (Cell Structure Relaxation): -320.235573129 Size:  4
Vacancy Formation Energy (Cell Structure Relaxation): -332.84858478 Size:  4
Vacancy Formation Energy (Cell Structure Relaxation): -347.32690601 Size:  4
Vacancy Formation Energy (Cell Structure Relaxation): -337.590450499 Size:  4
Vacancy Formation Energy (Cell Structure Relaxation): -346.178706388 Size:  4
Vacancy Formation Energy (Cell Structure Relaxation): -354.758250811 Size:  4
Vacancy Formation Energy (Cell Structure Relaxation): -375.43283009 Size:  4
Vacancy Formation Energy (Cell Structure Relaxation): -367.107992654 Size:  4
Vacancy Formation Energy (Cell Structure Relaxation): -380.657977857 Size:  4
Vacancy Formation Energy (Cell Structure Relaxation): -415.43279242 Size:  4
Vacancy Formation Energy (Cell Structure Relaxation): -415.084516333 Size:  4
Vacancy Formation Energy (Cell Structure Relaxation): -410.372021131 Size:  4
Vacancy Formation Energy (Cell Structure Relaxation): -375.101253639 Size:  4
Vacancy Formation Energy (Cell Structure Relaxation): -233.381346656 Size:  4
Vacancy Formation Energy (Cell Structure Relaxation): -368.521976748 Size:  4
Vacancy Formation Energy (Cell Structure Relaxation): -335.029298236 Size:  4
Vacancy Formation Energy (Cell Structure Relaxation): -389.551270546 Size:  4
Vacancy Formation Energy (Cell Structure Relaxation): -365.358030666 Size:  4
Vacancy Formation Energy (Cell Structure Relaxation): -399.186099054 Size:  4
Vacancy Formation Energy (Cell Structure Relaxation): -339.203121535 Size:  4
Vacancy Formation Energy (Cell Structure Relaxation): -410.713960816 Size:  4
Vacancy Formation Energy (Cell Structure Relaxation): -377.963136261 Size:  4
Vacancy Formation Energy (Cell Structure Relaxation): -411.791526649 Size:  4
Vacancy Formation Energy (Cell Structure Relaxation): -366.986491287 Size:  4
Vacancy Formation Energy (Cell Structure Relaxation): -409.348234464 Size:  4
Vacancy Formation Energy (Cell Structure Relaxation): -378.912859609 Size:  4
Vacancy Formation Energy (Cell Structure Relaxation): -412.970352918 Size:  4
Vacancy Formation Energy (Cell Structure Relaxation): -399.546656689 Size:  4
Vacancy Formation Energy (Cell Structure Relaxation): -416.720813409 Size:  4
Vacancy Formation Energy (Cell Structure Relaxation): -415.064441068 Size:  4
Vacancy Formation Energy (Cell Structure Relaxation): -413.557764622 Size:  4
Vacancy Formation Energy (Cell Structure Relaxation): -399.361879505 Size:  4
Vacancy Formation Energy (Cell Structure Relaxation): -418.742733265 Size:  4
Vacancy Formation Energy (Cell Structure Relaxation): -419.440307493 Size:  4
Vacancy Formation Energy (Cell Structure Relaxation): -415.076502343 Size:  4
Vacancy Formation Energy (Cell Structure Relaxation): -415.785212052 Size:  4
Vacancy Formation Energy (Cell Structure Relaxation): -412.849997204 Size:  4
Vacancy Formation Energy (Cell Structure Relaxation): -419.170739619 Size:  4
Vacancy Formation Energy (Cell Structure Relaxation): -414.855021853 Size:  4
Vacancy Formation Energy (Cell Structure Relaxation): -417.833324377 Size:  4
Vacancy Formation Energy (Cell Structure Relaxation): -415.933477366 Size:  4
Vacancy Formation Energy (Cell Structure Relaxation): -414.449136195 Size:  4
Vacancy Formation Energy (Cell Structure Relaxation): -418.15334836 Size:  4
Vacancy Formation Energy (Cell Structure Relaxation): -418.659106954 Size:  4
Vacancy Formation Energy (Cell Structure Relaxation): -417.111112385 Size:  4
Vacancy Formation Energy (Cell Structure Relaxation): -419.125414607 Size:  4
Vacancy Formation Energy (Cell Structure Relaxation): -417.584820086 Size:  4
Vacancy Formation Energy (Cell Structure Relaxation): -419.291958838 Size:  4
Vacancy Formation Energy (Cell Structure Relaxation): -419.373336632 Size:  4
Vacancy Formation Energy (Cell Structure Relaxation): -418.903615103 Size:  4
Vacancy Formation Energy (Cell Structure Relaxation): -419.379563907 Size:  4
Vacancy Formation Energy (Cell Structure Relaxation): -418.909845941 Size:  4
Vacancy Formation Energy (Cell Structure Relaxation): -419.810092222 Size:  4
Vacancy Formation Energy (Cell Structure Relaxation): -418.709376216 Size:  4
Vacancy Formation Energy (Cell Structure Relaxation): -419.991564448 Size:  4
Vacancy Formation Energy (Cell Structure Relaxation): -418.130165397 Size:  4
Vacancy Formation Energy (Cell Structure Relaxation): -419.462878757 Size:  4
Vacancy Formation Energy (Cell Structure Relaxation): -419.295565612 Size:  4
Vacancy Formation Energy (Cell Structure Relaxation): -419.888918285 Size:  4
Vacancy Formation Energy (Cell Structure Relaxation): -419.600800615 Size:  4
Vacancy Formation Energy (Cell Structure Relaxation): -419.090917799 Size:  4
Vacancy Formation Energy (Cell Structure Relaxation): -419.985066979 Size:  4
Vacancy Formation Energy (Cell Structure Relaxation): -419.517137477 Size:  4
Vacancy Formation Energy (Cell Structure Relaxation): -419.85284157 Size:  4
Vacancy Formation Energy (Cell Structure Relaxation): -419.297953392 Size:  4
Vacancy Formation Energy (Cell Structure Relaxation): -419.987945484 Size:  4
Vacancy Formation Energy (Cell Structure Relaxation): -419.360582107 Size:  4
Vacancy Formation Energy (Cell Structure Relaxation): -419.995099445 Size:  4
Vacancy Formation Energy (Cell Structure Relaxation): -419.813242867 Size:  4
Vacancy Formation Energy (Cell Structure Relaxation): -420.065441317 Size:  4
Vacancy Formation Energy (Cell Structure Relaxation): -419.652271497 Size:  4
Vacancy Formation Energy (Cell Structure Relaxation): -420.073293631 Size:  4
Vacancy Formation Energy (Cell Structure Relaxation): -419.524522813 Size:  4
Vacancy Formation Energy (Cell Structure Relaxation): -420.100349066 Size:  4
Vacancy Formation Energy (Cell Structure Relaxation): -420.032644946 Size:  4
Vacancy Formation Energy (Cell Structure Relaxation): -419.783510425 Size:  4
Vacancy Formation Energy (Cell Structure Relaxation): -420.146342652 Size:  4
Vacancy Formation Energy (Cell Structure Relaxation): -420.022793273 Size:  4
Vacancy Formation Energy (Cell Structure Relaxation): -420.002924073 Size:  4
Vacancy Formation Energy (Cell Structure Relaxation): -420.131370415 Size:  4
Vacancy Formation Energy (Cell Structure Relaxation): -420.033401722 Size:  4
Vacancy Formation Energy (Cell Structure Relaxation): -420.086610142 Size:  4
Vacancy Formation Energy (Cell Structure Relaxation): -419.836537656 Size:  4
Vacancy Formation Energy (Cell Structure Relaxation): -420.162537393 Size:  4
Vacancy Formation Energy (Cell Structure Relaxation): -420.034636173 Size:  4
Vacancy Formation Energy (Cell Structure Relaxation): -420.162464146 Size:  4
Vacancy Formation Energy (Cell Structure Relaxation): -420.136603261 Size:  4
Vacancy Formation Energy (Cell Structure Relaxation): -420.091528235 Size:  4
Vacancy Formation Energy (Cell Structure Relaxation): -420.170192304 Size:  4
Vacancy Formation Energy (Cell Structure Relaxation): -420.15720233 Size:  4
Vacancy Formation Energy (Cell Structure Relaxation): -420.040654347 Size:  4
Vacancy Formation Energy (Cell Structure Relaxation): -420.186223205 Size:  4
Vacancy Formation Energy (Cell Structure Relaxation): -420.133587657 Size:  4
Vacancy Formation Energy (Cell Structure Relaxation): -420.186583281 Size:  4
Vacancy Formation Energy (Cell Structure Relaxation): -420.167170479 Size:  4
Vacancy Formation Energy (Cell Structure Relaxation): -420.138233528 Size:  4
Vacancy Formation Energy (Cell Structure Relaxation): -420.195834329 Size:  4
Vacancy Formation Energy (Cell Structure Relaxation): -420.125368507 Size:  4
Vacancy Formation Energy (Cell Structure Relaxation): -420.196121358 Size:  4
Vacancy Formation Energy (Cell Structure Relaxation): -420.189445409 Size:  4
Vacancy Formation Energy (Cell Structure Relaxation): -420.159715912 Size:  4
Vacancy Formation Energy (Cell Structure Relaxation): -420.19542034 Size:  4
Vacancy Formation Energy (Cell Structure Relaxation): -420.161271781 Size:  4
Vacancy Formation Energy (Cell Structure Relaxation): -420.196198342 Size:  4
Vacancy Formation Energy (Cell Structure Relaxation): -420.190948453 Size:  4
Vacancy Formation Energy (Cell Structure Relaxation): -420.183627596 Size:  4
Vacancy Formation Energy (Cell Structure Relaxation): -420.198677219 Size:  4
Vacancy Formation Energy (Cell Structure Relaxation): -420.180663608 Size:  4
Vacancy Formation Energy (Cell Structure Relaxation): -420.199696234 Size:  4
Vacancy Formation Energy (Cell Structure Relaxation): -420.191210647 Size:  4
Vacancy Formation Energy (Cell Structure Relaxation): -420.199443907 Size:  4
Vacancy Formation Energy (Cell Structure Relaxation): -420.194616871 Size:  4
Vacancy Formation Energy (Cell Structure Relaxation): -420.200604665 Size:  4
Vacancy Formation Energy (Cell Structure Relaxation): -420.190113491 Size:  4
Vacancy Formation Energy (Cell Structure Relaxation): -420.201022012 Size:  4
Vacancy Formation Energy (Cell Structure Relaxation): -420.192826014 Size:  4
Vacancy Formation Energy (Cell Structure Relaxation): -420.200988218 Size:  4
Vacancy Formation Energy (Cell Structure Relaxation): -420.193643716 Size:  4
Vacancy Formation Energy (Cell Structure Relaxation): -420.200943566 Size:  4
Vacancy Formation Energy (Cell Structure Relaxation): -420.194630538 Size:  4
Vacancy Formation Energy (Cell Structure Relaxation): -420.201647342 Size:  4
Vacancy Formation Energy (Cell Structure Relaxation): -420.199900841 Size:  4
Vacancy Formation Energy (Cell Structure Relaxation): -420.198954918 Size:  4
Vacancy Formation Energy (Cell Structure Relaxation): -420.201632311 Size:  4
Vacancy Formation Energy (Cell Structure Relaxation): -420.199371512 Size:  4
Vacancy Formation Energy (Cell Structure Relaxation): -420.201677902 Size:  4
Vacancy Formation Energy (Cell Structure Relaxation): -420.199550659 Size:  4
Vacancy Formation Energy (Cell Structure Relaxation): -420.201900151 Size:  4
Vacancy Formation Energy (Cell Structure Relaxation): -420.199172738 Size:  4
Vacancy Formation Energy (Cell Structure Relaxation): -420.202031308 Size:  4
Vacancy Formation Energy (Cell Structure Relaxation): -420.200371708 Size:  4
Vacancy Formation Energy (Cell Structure Relaxation): -420.201926669 Size:  4
Vacancy Formation Energy (Cell Structure Relaxation): -420.200788365 Size:  4
Vacancy Formation Energy (Cell Structure Relaxation): -420.201904759 Size:  4
Vacancy Formation Energy (Cell Structure Relaxation): -420.201620688 Size:  4
Vacancy Formation Energy (Cell Structure Relaxation): -420.202037896 Size:  4
Vacancy Formation Energy (Cell Structure Relaxation): -420.201429302 Size:  4
Vacancy Formation Energy (Cell Structure Relaxation): -420.202063596 Size:  4
Vacancy Formation Energy (Cell Structure Relaxation): -420.201823708 Size:  4
Vacancy Formation Energy (Cell Structure Relaxation): -420.202116851 Size:  4
Vacancy Formation Energy (Cell Structure Relaxation): -420.201799561 Size:  4
Vacancy Formation Energy (Cell Structure Relaxation): -420.202132421 Size:  4
Vacancy Formation Energy (Cell Structure Relaxation): -420.201778571 Size:  4
Vacancy Formation Energy (Cell Structure Relaxation): -420.202136815 Size:  4
Vacancy Formation Energy (Cell Structure Relaxation): -420.201916059 Size:  4
Vacancy Formation Energy (Cell Structure Relaxation): -420.202133515 Size:  4
Vacancy Formation Energy (Cell Structure Relaxation): -420.201782855 Size:  4
Vacancy Formation Energy (Cell Structure Relaxation): -420.202179584 Size:  4
Vacancy Formation Energy (Cell Structure Relaxation): -420.202044134 Size:  4
Vacancy Formation Energy (Cell Structure Relaxation): -420.202160846 Size:  4
Vacancy Formation Energy (Cell Structure Relaxation): -420.201828393 Size:  4
Vacancy Formation Energy (Cell Structure Relaxation): -420.202184914 Size:  4
Vacancy Formation Energy (Cell Structure Relaxation): -420.202117443 Size:  4
Vacancy Formation Energy (Cell Structure Relaxation): -420.202175695 Size:  4
Vacancy Formation Energy (Cell Structure Relaxation): -420.202110865 Size:  4
Vacancy Formation Energy (Cell Structure Relaxation): -420.202181741 Size:  4
Vacancy Formation Energy (Cell Structure Relaxation): -420.202104977 Size:  4
Vacancy Formation Energy (Cell Structure Relaxation): -420.202182806 Size:  4
Vacancy Formation Energy (Cell Structure Relaxation): -420.202165889 Size:  4
Vacancy Formation Energy (Cell Structure Relaxation): -420.20217317 Size:  4
Vacancy Formation Energy (Cell Structure Relaxation): -420.202125023 Size:  4
Vacancy Formation Energy (Cell Structure Relaxation): -420.202195979 Size:  4
Vacancy Formation Energy (Cell Structure Relaxation): -420.202164636 Size:  4
Vacancy Formation Energy (Cell Structure Relaxation): -420.202194671 Size:  4
Vacancy Formation Energy (Cell Structure Relaxation): -420.202176789 Size:  4
Vacancy Formation Energy (Cell Structure Relaxation): -420.202195193 Size:  4
Vacancy Formation Energy (Cell Structure Relaxation): -420.202149885 Size:  4
Vacancy Formation Energy (Cell Structure Relaxation): -420.202198347 Size:  4
Vacancy Formation Energy (Cell Structure Relaxation): -420.202179062 Size:  4
Vacancy Formation Energy (Cell Structure Relaxation): -420.202196338 Size:  4
Vacancy Formation Energy (Cell Structure Relaxation): -420.202178723 Size:  4
Vacancy Formation Energy (Cell Structure Relaxation): -420.202196863 Size:  4
Vacancy Formation Energy (Cell Structure Relaxation): -420.202170476 Size:  4
Vacancy Formation Energy (Cell Structure Relaxation): -420.202198288 Size:  4
Vacancy Formation Energy (Cell Structure Relaxation): -420.202189788 Size:  4
Vacancy Formation Energy (Cell Structure Relaxation): -420.2021997 Size:  4
Vacancy Formation Energy (Cell Structure Relaxation): -420.202198048 Size:  4
Vacancy Formation Energy (Cell Structure Relaxation): -420.202191762 Size:  4
Vacancy Formation Energy (Cell Structure Relaxation): -420.202200231 Size:  4
Vacancy Formation Energy (Cell Structure Relaxation): -420.202196599 Size:  4
Vacancy Formation Energy (Cell Structure Relaxation): -420.202200063 Size:  4
Vacancy Formation Energy (Cell Structure Relaxation): -420.202195515 Size:  4
Vacancy Formation Energy (Cell Structure Relaxation): -420.202200258 Size:  4
Vacancy Formation Energy (Cell Structure Relaxation): -420.202196657 Size:  4
Vacancy Formation Energy (Cell Structure Relaxation): -420.202200561 Size:  4
Vacancy Formation Energy (Cell Structure Relaxation): -420.202199513 Size:  4
Vacancy Formation Energy (Cell Structure Relaxation): -420.202194472 Size:  4
Vacancy Formation Energy (Cell Structure Relaxation): -420.202200966 Size:  4
Vacancy Formation Energy (Cell Structure Relaxation): -420.202197683 Size:  4
Vacancy Formation Energy (Cell Structure Relaxation): -420.202201029 Size:  4
Vacancy Formation Energy (Cell Structure Relaxation): -420.202200585 Size:  4
Vacancy Formation Energy (Cell Structure Relaxation): -420.202198306 Size:  4
Vacancy Formation Energy (Cell Structure Relaxation): -420.20220123 Size:  4
Vacancy Formation Energy (Cell Structure Relaxation): -420.20220005 Size:  4
Vacancy Formation Energy (Cell Structure Relaxation): -420.202201123 Size:  4
Vacancy Formation Energy (Cell Structure Relaxation): -420.202200051 Size:  4
Vacancy Formation Energy (Cell Structure Relaxation): -420.202201141 Size:  4
Vacancy Formation Energy (Cell Structure Relaxation): -420.202199648 Size:  4
Vacancy Formation Energy (Cell Structure Relaxation): -420.202201276 Size:  4
Vacancy Formation Energy (Cell Structure Relaxation): -420.202200472 Size:  4
Vacancy Formation Energy (Cell Structure Relaxation): -420.202201209 Size:  4
Vacancy Formation Energy (Cell Structure Relaxation): -420.202200512 Size:  4
Vacancy Formation Energy (Cell Structure Relaxation): -420.202201332 Size:  4
Vacancy Formation Energy (Cell Structure Relaxation): -420.202201247 Size:  4
Vacancy Formation Energy (Cell Structure Relaxation): -420.20220089 Size:  4
Vacancy Formation Energy (Cell Structure Relaxation): -420.202201371 Size:  4
Vacancy Formation Energy (Cell Structure Relaxation): -420.202201118 Size:  4
Vacancy Formation Energy (Cell Structure Relaxation): -420.202201357 Size:  4
Vacancy Formation Energy (Cell Structure Relaxation): -420.202200967 Size:  4
Vacancy Formation Energy (Cell Structure Relaxation): -420.202201393 Size:  4
Vacancy Formation Energy (Cell Structure Relaxation): -420.202201201 Size:  4
Vacancy Formation Energy (Cell Structure Relaxation): -420.202201378 Size:  4
Vacancy Formation Energy (Cell Structure Relaxation): -420.202201174 Size:  4
Vacancy Formation Energy (Cell Structure Relaxation): -420.202201388 Size:  4
Vacancy Formation Energy (Cell Structure Relaxation): -420.202201301 Size:  4
Vacancy Formation Energy (Cell Structure Relaxation): -420.2022014 Size:  4
Vacancy Formation Energy (Cell Structure Relaxation): -420.202201293 Size:  4
Vacancy Formation Energy (Cell Structure Relaxation): -420.202201409 Size:  4
Vacancy Formation Energy (Cell Structure Relaxation): -420.202201344 Size:  4
Vacancy Formation Energy (Cell Structure Relaxation): -420.202201413 Size:  4
Vacancy Formation Energy (Cell Structure Relaxation): -420.202201351 Size:  4
Vacancy Formation Energy (Cell Structure Relaxation): -420.202201417 Size:  4
Vacancy Formation Energy (Cell Structure Relaxation): -420.202201337 Size:  4
Vacancy Formation Energy (Cell Structure Relaxation): -420.202201421 Size:  4
Vacancy Formation Energy (Cell Structure Relaxation): -420.202201316 Size:  4
Vacancy Formation Energy (Cell Structure Relaxation): -420.202201425 Size:  4
Vacancy Formation Energy (Cell Structure Relaxation): -420.202201391 Size:  4
Vacancy Formation Energy (Cell Structure Relaxation): -420.20220142 Size:  4
Vacancy Formation Energy (Cell Structure Relaxation): -420.202201397 Size:  4
Vacancy Formation Energy (Cell Structure Relaxation): -420.202201422 Size:  4
Vacancy Formation Energy (Cell Structure Relaxation): -420.202201409 Size:  4
Vacancy Formation Energy (Cell Structure Relaxation): -420.202201424 Size:  4
Vacancy Formation Energy (Cell Structure Relaxation): -420.20220141 Size:  4
Vacancy Formation Energy (Cell Structure Relaxation): -420.202201426 Size:  4
Vacancy Formation Energy (Cell Structure Relaxation): -420.202201418 Size:  4
Vacancy Formation Energy (Cell Structure Relaxation): -420.202201427 Size:  4
Vacancy Formation Energy (Cell Structure Relaxation): -420.202201418 Size:  4
Vacancy Formation Energy (Cell Structure Relaxation): -420.202201428 Size:  4
Vacancy Formation Energy (Cell Structure Relaxation): -420.202201416 Size:  4
Vacancy Formation Energy (Cell Structure Relaxation): -420.202201428 Size:  4
Vacancy Formation Energy (Cell Structure Relaxation): -420.202201417 Size:  4
Vacancy Formation Energy (Cell Structure Relaxation): -420.202201428 Size:  4
Vacancy Formation Energy (Cell Structure Relaxation): -420.202201422 Size:  4
Vacancy Formation Energy (Cell Structure Relaxation): -420.202201429 Size:  4
Vacancy Formation Energy (Cell Structure Relaxation): -420.202201421 Size:  4
Vacancy Formation Energy (Cell Structure Relaxation): -420.202201429 Size:  4
Vacancy Formation Energy (Cell Structure Relaxation): -420.202201422 Size:  4
Vacancy Formation Energy (Cell Structure Relaxation): -420.202201429 Size:  4
Vacancy Formation Energy (Cell Structure Relaxation): -420.202201428 Size:  4
Vacancy Formation Energy (Cell Structure Relaxation): -420.202201428 Size:  4
Vacancy Formation Energy (Cell Structure Relaxation): -420.202201427 Size:  4
Vacancy Formation Energy (Cell Structure Relaxation): -420.202201429 Size:  4
Vacancy Formation Energy (Cell Structure Relaxation): -420.202201428 Size:  4
Vacancy Formation Energy (Cell Structure Relaxation): -420.20220143 Size:  4
Vacancy Formation Energy (Cell Structure Relaxation): -420.202201427 Size:  4
Vacancy Formation Energy (Cell Structure Relaxation): -420.20220143 Size:  4
Vacancy Formation Energy (Cell Structure Relaxation): -420.202201427 Size:  4
Vacancy Formation Energy (Cell Structure Relaxation): -420.20220143 Size:  4
Vacancy Formation Energy (Cell Structure Relaxation): -420.202201429 Size:  4
Vacancy Formation Energy (Cell Structure Relaxation): -420.20220143 Size:  4
Vacancy Formation Energy (Cell Structure Relaxation): -420.202201427 Size:  4
Vacancy Formation Energy (Cell Structure Relaxation): -420.20220143 Size:  4
Vacancy Formation Energy (Cell Structure Relaxation): -420.20220143 Size:  4
Vacancy Formation Energy (Cell Structure Relaxation): -420.202201429 Size:  4
Vacancy Formation Energy (Cell Structure Relaxation): -420.20220143 Size:  4
Vacancy Formation Energy (Cell Structure Relaxation): -420.20220143 Size:  4
Vacancy Formation Energy (Cell Structure Relaxation): -420.20220143 Size:  4
Vacancy Formation Energy (Cell Structure Relaxation): -420.202201431 Size:  4
Vacancy Formation Energy (Cell Structure Relaxation): -420.202201431 Size:  4
Vacancy Formation Energy (Cell Structure Relaxation): -420.20220143 Size:  4
Vacancy Formation Energy (Cell Structure Relaxation): -420.20220143 Size:  4
Vacancy Formation Energy (Cell Structure Relaxation): -420.20220143 Size:  4
Vacancy Formation Energy (Cell Structure Relaxation): -420.202201431 Size:  4
Vacancy Formation Energy (Cell Structure Relaxation): -420.20220143 Size:  4
Vacancy Formation Energy (Cell Structure Relaxation): -420.202201431 Size:  4
Vacancy Formation Energy (Cell Structure Relaxation): -420.202201432 Size:  4
Vacancy Formation Energy (Cell Structure Relaxation): -420.202201431 Size:  4
Vacancy Formation Energy (Cell Structure Relaxation): -420.202201429 Size:  4
Vacancy Formation Energy (Cell Structure Relaxation): -420.202201431 Size:  4
Vacancy Formation Energy (Cell Structure Relaxation): -420.202201431 Size:  4
Optimization terminated successfully.
         Current function value: -420.202201
         Iterations: 166
         Function evaluations: 293
Summary:
Vacancy Formation Energy: -420.202201432
Unrelaxed Cell Volume: 14148.1671653
Relaxed Cell Volume: 8780.54840162
Relaxation Volume: 5367.61876368
Relaxed Cell Vector:
[  1.61088822e+01   4.84133872e-04   1.98238121e+01   5.96199082e-04
   1.00610844e-03   2.74959711e+01]
Unrelaxed Cell Vector:
[24.186149192919999, 0.0, 24.186149192919999, 0.0, 0.0, 24.186149192919999]
Relaxed Cell:
[[  1.61088822e+01   0.00000000e+00   0.00000000e+00]
 [  4.84133872e-04   1.98238121e+01   0.00000000e+00]
 [  5.96199082e-04   1.00610844e-03   2.74959711e+01]]
Unrelaxed Cell:
[[ 24.18614919   0.           0.        ]
 [  0.          24.18614919   0.        ]
 [  0.           0.          24.18614919]]

Supercell Size: 5
Unrelaxed Cell:
[[ 30.23268649   0.           0.        ]
 [  0.          30.23268649   0.        ]
 [  0.           0.          30.23268649]]
Unrelaxed Cell Vector:
[30.232686491149998, 0.0, 30.232686491149998, 0.0, 0.0, 30.232686491149998]
Vacancy Formation Energy (Cell Structure Relaxation): -598.844849197 Size:  5
Vacancy Formation Energy (Cell Structure Relaxation): -663.28845827 Size:  5
Vacancy Formation Energy (Cell Structure Relaxation): -672.841138456 Size:  5
Vacancy Formation Energy (Cell Structure Relaxation): -671.941801354 Size:  5
Vacancy Formation Energy (Cell Structure Relaxation): -680.228238555 Size:  5
Vacancy Formation Energy (Cell Structure Relaxation): -680.228251414 Size:  5
Vacancy Formation Energy (Cell Structure Relaxation): -675.150968331 Size:  5
Vacancy Formation Energy (Cell Structure Relaxation): -676.598062458 Size:  5
Vacancy Formation Energy (Cell Structure Relaxation): -682.266635162 Size:  5
Vacancy Formation Energy (Cell Structure Relaxation): -688.617246009 Size:  5
Vacancy Formation Energy (Cell Structure Relaxation): -694.928490349 Size:  5
Vacancy Formation Energy (Cell Structure Relaxation): -699.576699327 Size:  5
Vacancy Formation Energy (Cell Structure Relaxation): -693.895165638 Size:  5
Vacancy Formation Energy (Cell Structure Relaxation): -702.070506744 Size:  5
Vacancy Formation Energy (Cell Structure Relaxation): -711.881712409 Size:  5
Vacancy Formation Energy (Cell Structure Relaxation): -713.384524583 Size:  5
Vacancy Formation Energy (Cell Structure Relaxation): -731.74746559 Size:  5
Vacancy Formation Energy (Cell Structure Relaxation): -722.010225251 Size:  5
Vacancy Formation Energy (Cell Structure Relaxation): -732.073493343 Size:  5
Vacancy Formation Energy (Cell Structure Relaxation): -759.786322556 Size:  5
Vacancy Formation Energy (Cell Structure Relaxation): -749.287497281 Size:  5
Vacancy Formation Energy (Cell Structure Relaxation): -773.056066251 Size:  5
Vacancy Formation Energy (Cell Structure Relaxation): -738.70557324 Size:  5
Vacancy Formation Energy (Cell Structure Relaxation): -803.5385957 Size:  5
Vacancy Formation Energy (Cell Structure Relaxation): -677.99758963 Size:  5
Vacancy Formation Energy (Cell Structure Relaxation): -812.325516614 Size:  5
Vacancy Formation Energy (Cell Structure Relaxation): -503.278247349 Size:  5
Vacancy Formation Energy (Cell Structure Relaxation): -777.618242147 Size:  5
Vacancy Formation Energy (Cell Structure Relaxation): -728.573549792 Size:  5
Vacancy Formation Energy (Cell Structure Relaxation): -717.720911121 Size:  5
Vacancy Formation Energy (Cell Structure Relaxation): -811.665116633 Size:  5
Vacancy Formation Energy (Cell Structure Relaxation): -806.913088685 Size:  5
Vacancy Formation Energy (Cell Structure Relaxation): -808.961286679 Size:  5
Vacancy Formation Energy (Cell Structure Relaxation): -798.608511014 Size:  5
Vacancy Formation Energy (Cell Structure Relaxation): -772.590739551 Size:  5
Vacancy Formation Energy (Cell Structure Relaxation): -757.964439805 Size:  5
Vacancy Formation Energy (Cell Structure Relaxation): -791.915031737 Size:  5
Vacancy Formation Energy (Cell Structure Relaxation): -745.935800575 Size:  5
Vacancy Formation Energy (Cell Structure Relaxation): -801.606748702 Size:  5
Vacancy Formation Energy (Cell Structure Relaxation): -768.46437421 Size:  5
Vacancy Formation Energy (Cell Structure Relaxation): -814.254245705 Size:  5
Vacancy Formation Energy (Cell Structure Relaxation): -796.869346587 Size:  5
Vacancy Formation Energy (Cell Structure Relaxation): -811.424942121 Size:  5
Vacancy Formation Energy (Cell Structure Relaxation): -805.106336729 Size:  5
Vacancy Formation Energy (Cell Structure Relaxation): -815.581722835 Size:  5
Vacancy Formation Energy (Cell Structure Relaxation): -803.613364438 Size:  5
Vacancy Formation Energy (Cell Structure Relaxation): -816.956733224 Size:  5
Vacancy Formation Energy (Cell Structure Relaxation): -803.524704959 Size:  5
Vacancy Formation Energy (Cell Structure Relaxation): -816.105287936 Size:  5
Vacancy Formation Energy (Cell Structure Relaxation): -806.191543276 Size:  5
Vacancy Formation Energy (Cell Structure Relaxation): -818.07610318 Size:  5
Vacancy Formation Energy (Cell Structure Relaxation): -811.292718673 Size:  5
Vacancy Formation Energy (Cell Structure Relaxation): -818.637733163 Size:  5
Vacancy Formation Energy (Cell Structure Relaxation): -817.64420535 Size:  5
Vacancy Formation Energy (Cell Structure Relaxation): -815.503548059 Size:  5
Vacancy Formation Energy (Cell Structure Relaxation): -818.143770221 Size:  5
Vacancy Formation Energy (Cell Structure Relaxation): -811.952269404 Size:  5
Vacancy Formation Energy (Cell Structure Relaxation): -819.236017778 Size:  5
Vacancy Formation Energy (Cell Structure Relaxation): -818.027161066 Size:  5
Vacancy Formation Energy (Cell Structure Relaxation): -815.594910967 Size:  5
Vacancy Formation Energy (Cell Structure Relaxation): -819.303844798 Size:  5
Vacancy Formation Energy (Cell Structure Relaxation): -820.086069867 Size:  5
Vacancy Formation Energy (Cell Structure Relaxation): -819.17539656 Size:  5
Vacancy Formation Energy (Cell Structure Relaxation): -817.613668662 Size:  5
Vacancy Formation Energy (Cell Structure Relaxation): -819.542433826 Size:  5
Vacancy Formation Energy (Cell Structure Relaxation): -817.717612434 Size:  5
Vacancy Formation Energy (Cell Structure Relaxation): -819.752906821 Size:  5
Vacancy Formation Energy (Cell Structure Relaxation): -818.68611425 Size:  5
Vacancy Formation Energy (Cell Structure Relaxation): -818.368152145 Size:  5
Vacancy Formation Energy (Cell Structure Relaxation): -819.885263362 Size:  5
Vacancy Formation Energy (Cell Structure Relaxation): -818.497887708 Size:  5
Vacancy Formation Energy (Cell Structure Relaxation): -819.720886693 Size:  5
Vacancy Formation Energy (Cell Structure Relaxation): -820.337970045 Size:  5
Vacancy Formation Energy (Cell Structure Relaxation): -820.24157487 Size:  5
Vacancy Formation Energy (Cell Structure Relaxation): -820.209003669 Size:  5
Vacancy Formation Energy (Cell Structure Relaxation): -820.207010106 Size:  5
Vacancy Formation Energy (Cell Structure Relaxation): -819.252781968 Size:  5
Vacancy Formation Energy (Cell Structure Relaxation): -820.281943438 Size:  5
Vacancy Formation Energy (Cell Structure Relaxation): -820.027954325 Size:  5
Vacancy Formation Energy (Cell Structure Relaxation): -820.116099923 Size:  5
Vacancy Formation Energy (Cell Structure Relaxation): -820.190300018 Size:  5
Vacancy Formation Energy (Cell Structure Relaxation): -820.103045454 Size:  5
Vacancy Formation Energy (Cell Structure Relaxation): -820.357271312 Size:  5
Vacancy Formation Energy (Cell Structure Relaxation): -819.260957879 Size:  5
Vacancy Formation Energy (Cell Structure Relaxation): -820.414938388 Size:  5
Vacancy Formation Energy (Cell Structure Relaxation): -820.358094561 Size:  5
Vacancy Formation Energy (Cell Structure Relaxation): -820.114312637 Size:  5
Vacancy Formation Energy (Cell Structure Relaxation): -820.473323071 Size:  5
Vacancy Formation Energy (Cell Structure Relaxation): -820.424914458 Size:  5
Vacancy Formation Energy (Cell Structure Relaxation): -820.351876083 Size:  5
Vacancy Formation Energy (Cell Structure Relaxation): -820.276928112 Size:  5
Vacancy Formation Energy (Cell Structure Relaxation): -820.488041571 Size:  5
Vacancy Formation Energy (Cell Structure Relaxation): -820.366893782 Size:  5
Vacancy Formation Energy (Cell Structure Relaxation): -820.269193727 Size:  5
Vacancy Formation Energy (Cell Structure Relaxation): -820.516173054 Size:  5
Vacancy Formation Energy (Cell Structure Relaxation): -820.380422198 Size:  5
Vacancy Formation Energy (Cell Structure Relaxation): -820.318296697 Size:  5
Vacancy Formation Energy (Cell Structure Relaxation): -820.506778035 Size:  5
Vacancy Formation Energy (Cell Structure Relaxation): -820.418200626 Size:  5
Vacancy Formation Energy (Cell Structure Relaxation): -820.3466906 Size:  5
Vacancy Formation Energy (Cell Structure Relaxation): -820.536190122 Size:  5
Vacancy Formation Energy (Cell Structure Relaxation): -820.360627383 Size:  5
Vacancy Formation Energy (Cell Structure Relaxation): -820.51824658 Size:  5
Vacancy Formation Energy (Cell Structure Relaxation): -820.373613495 Size:  5
Vacancy Formation Energy (Cell Structure Relaxation): -820.530795581 Size:  5
Vacancy Formation Energy (Cell Structure Relaxation): -820.470007822 Size:  5
Vacancy Formation Energy (Cell Structure Relaxation): -820.540865329 Size:  5
Vacancy Formation Energy (Cell Structure Relaxation): -820.52288231 Size:  5
Vacancy Formation Energy (Cell Structure Relaxation): -820.504561414 Size:  5
Vacancy Formation Energy (Cell Structure Relaxation): -820.540484493 Size:  5
Vacancy Formation Energy (Cell Structure Relaxation): -820.481743855 Size:  5
Vacancy Formation Energy (Cell Structure Relaxation): -820.546176205 Size:  5
Vacancy Formation Energy (Cell Structure Relaxation): -820.531785331 Size:  5
Vacancy Formation Energy (Cell Structure Relaxation): -820.5193958 Size:  5
Vacancy Formation Energy (Cell Structure Relaxation): -820.543652 Size:  5
Vacancy Formation Energy (Cell Structure Relaxation): -820.529409466 Size:  5
Vacancy Formation Energy (Cell Structure Relaxation): -820.545576654 Size:  5
Vacancy Formation Energy (Cell Structure Relaxation): -820.520914693 Size:  5
Vacancy Formation Energy (Cell Structure Relaxation): -820.546720125 Size:  5
Vacancy Formation Energy (Cell Structure Relaxation): -820.522161365 Size:  5
Vacancy Formation Energy (Cell Structure Relaxation): -820.546602956 Size:  5
Vacancy Formation Energy (Cell Structure Relaxation): -820.538895607 Size:  5
Vacancy Formation Energy (Cell Structure Relaxation): -820.548037423 Size:  5
Vacancy Formation Energy (Cell Structure Relaxation): -820.531296397 Size:  5
Vacancy Formation Energy (Cell Structure Relaxation): -820.548811486 Size:  5
Vacancy Formation Energy (Cell Structure Relaxation): -820.54255673 Size:  5
Vacancy Formation Energy (Cell Structure Relaxation): -820.548715926 Size:  5
Vacancy Formation Energy (Cell Structure Relaxation): -820.545196535 Size:  5
Vacancy Formation Energy (Cell Structure Relaxation): -820.549163825 Size:  5
Vacancy Formation Energy (Cell Structure Relaxation): -820.54210572 Size:  5
Vacancy Formation Energy (Cell Structure Relaxation): -820.549633817 Size:  5
Vacancy Formation Energy (Cell Structure Relaxation): -820.543821331 Size:  5
Vacancy Formation Energy (Cell Structure Relaxation): -820.549596371 Size:  5
Vacancy Formation Energy (Cell Structure Relaxation): -820.5453339 Size:  5
Vacancy Formation Energy (Cell Structure Relaxation): -820.549495543 Size:  5
Vacancy Formation Energy (Cell Structure Relaxation): -820.548255935 Size:  5
Vacancy Formation Energy (Cell Structure Relaxation): -820.549797952 Size:  5
Vacancy Formation Energy (Cell Structure Relaxation): -820.548138635 Size:  5
Vacancy Formation Energy (Cell Structure Relaxation): -820.549954193 Size:  5
Vacancy Formation Energy (Cell Structure Relaxation): -820.547572748 Size:  5
Vacancy Formation Energy (Cell Structure Relaxation): -820.550032992 Size:  5
Vacancy Formation Energy (Cell Structure Relaxation): -820.548666792 Size:  5
Vacancy Formation Energy (Cell Structure Relaxation): -820.550048588 Size:  5
Vacancy Formation Energy (Cell Structure Relaxation): -820.549290018 Size:  5
Vacancy Formation Energy (Cell Structure Relaxation): -820.55010546 Size:  5
Vacancy Formation Energy (Cell Structure Relaxation): -820.549432666 Size:  5
Vacancy Formation Energy (Cell Structure Relaxation): -820.550130605 Size:  5
Vacancy Formation Energy (Cell Structure Relaxation): -820.548690086 Size:  5
Vacancy Formation Energy (Cell Structure Relaxation): -820.550204484 Size:  5
Vacancy Formation Energy (Cell Structure Relaxation): -820.549913638 Size:  5
Vacancy Formation Energy (Cell Structure Relaxation): -820.550205183 Size:  5
Vacancy Formation Energy (Cell Structure Relaxation): -820.549948347 Size:  5
Vacancy Formation Energy (Cell Structure Relaxation): -820.550207891 Size:  5
Vacancy Formation Energy (Cell Structure Relaxation): -820.54964028 Size:  5
Vacancy Formation Energy (Cell Structure Relaxation): -820.550260325 Size:  5
Vacancy Formation Energy (Cell Structure Relaxation): -820.550135346 Size:  5
Vacancy Formation Energy (Cell Structure Relaxation): -820.550006697 Size:  5
Vacancy Formation Energy (Cell Structure Relaxation): -820.550258241 Size:  5
Vacancy Formation Energy (Cell Structure Relaxation): -820.550120969 Size:  5
Vacancy Formation Energy (Cell Structure Relaxation): -820.550257232 Size:  5
Vacancy Formation Energy (Cell Structure Relaxation): -820.55009318 Size:  5
Vacancy Formation Energy (Cell Structure Relaxation): -820.550262619 Size:  5
Vacancy Formation Energy (Cell Structure Relaxation): -820.550102401 Size:  5
Vacancy Formation Energy (Cell Structure Relaxation): -820.55028451 Size:  5
Vacancy Formation Energy (Cell Structure Relaxation): -820.550113651 Size:  5
Vacancy Formation Energy (Cell Structure Relaxation): -820.550282732 Size:  5
Vacancy Formation Energy (Cell Structure Relaxation): -820.550186333 Size:  5
Vacancy Formation Energy (Cell Structure Relaxation): -820.550276959 Size:  5
Vacancy Formation Energy (Cell Structure Relaxation): -820.55025065 Size:  5
Vacancy Formation Energy (Cell Structure Relaxation): -820.550287922 Size:  5
Vacancy Formation Energy (Cell Structure Relaxation): -820.550252811 Size:  5
Vacancy Formation Energy (Cell Structure Relaxation): -820.550288394 Size:  5
Vacancy Formation Energy (Cell Structure Relaxation): -820.550244336 Size:  5
Vacancy Formation Energy (Cell Structure Relaxation): -820.550290047 Size:  5
Vacancy Formation Energy (Cell Structure Relaxation): -820.550259826 Size:  5
Vacancy Formation Energy (Cell Structure Relaxation): -820.550289645 Size:  5
Vacancy Formation Energy (Cell Structure Relaxation): -820.550272964 Size:  5
Vacancy Formation Energy (Cell Structure Relaxation): -820.550293459 Size:  5
Vacancy Formation Energy (Cell Structure Relaxation): -820.550247383 Size:  5
Vacancy Formation Energy (Cell Structure Relaxation): -820.550297426 Size:  5
Vacancy Formation Energy (Cell Structure Relaxation): -820.550268675 Size:  5
Vacancy Formation Energy (Cell Structure Relaxation): -820.550295717 Size:  5
Vacancy Formation Energy (Cell Structure Relaxation): -820.550290604 Size:  5
Vacancy Formation Energy (Cell Structure Relaxation): -820.550290463 Size:  5
Vacancy Formation Energy (Cell Structure Relaxation): -820.5502923 Size:  5
Vacancy Formation Energy (Cell Structure Relaxation): -820.550294178 Size:  5
Vacancy Formation Energy (Cell Structure Relaxation): -820.550284991 Size:  5
Vacancy Formation Energy (Cell Structure Relaxation): -820.550297369 Size:  5
Vacancy Formation Energy (Cell Structure Relaxation): -820.550288984 Size:  5
Vacancy Formation Energy (Cell Structure Relaxation): -820.550297081 Size:  5
Vacancy Formation Energy (Cell Structure Relaxation): -820.550292894 Size:  5
Vacancy Formation Energy (Cell Structure Relaxation): -820.550297666 Size:  5
Vacancy Formation Energy (Cell Structure Relaxation): -820.550290008 Size:  5
Vacancy Formation Energy (Cell Structure Relaxation): -820.550298082 Size:  5
Vacancy Formation Energy (Cell Structure Relaxation): -820.550292844 Size:  5
Vacancy Formation Energy (Cell Structure Relaxation): -820.550298077 Size:  5
Vacancy Formation Energy (Cell Structure Relaxation): -820.55029408 Size:  5
Vacancy Formation Energy (Cell Structure Relaxation): -820.550298491 Size:  5
Vacancy Formation Energy (Cell Structure Relaxation): -820.550294299 Size:  5
Vacancy Formation Energy (Cell Structure Relaxation): -820.550298905 Size:  5
Vacancy Formation Energy (Cell Structure Relaxation): -820.550295867 Size:  5
Vacancy Formation Energy (Cell Structure Relaxation): -820.550298836 Size:  5
Vacancy Formation Energy (Cell Structure Relaxation): -820.550296921 Size:  5
Vacancy Formation Energy (Cell Structure Relaxation): -820.550298759 Size:  5
Vacancy Formation Energy (Cell Structure Relaxation): -820.550297808 Size:  5
Vacancy Formation Energy (Cell Structure Relaxation): -820.550298845 Size:  5
Vacancy Formation Energy (Cell Structure Relaxation): -820.550298402 Size:  5
Vacancy Formation Energy (Cell Structure Relaxation): -820.550296663 Size:  5
Vacancy Formation Energy (Cell Structure Relaxation): -820.550299057 Size:  5
Vacancy Formation Energy (Cell Structure Relaxation): -820.550298112 Size:  5
Vacancy Formation Energy (Cell Structure Relaxation): -820.550299026 Size:  5
Vacancy Formation Energy (Cell Structure Relaxation): -820.550298277 Size:  5
Vacancy Formation Energy (Cell Structure Relaxation): -820.550299044 Size:  5
Vacancy Formation Energy (Cell Structure Relaxation): -820.550298196 Size:  5
Vacancy Formation Energy (Cell Structure Relaxation): -820.550299137 Size:  5
Vacancy Formation Energy (Cell Structure Relaxation): -820.550298754 Size:  5
Vacancy Formation Energy (Cell Structure Relaxation): -820.550299111 Size:  5
Vacancy Formation Energy (Cell Structure Relaxation): -820.550298888 Size:  5
Vacancy Formation Energy (Cell Structure Relaxation): -820.550299127 Size:  5
Vacancy Formation Energy (Cell Structure Relaxation): -820.550298886 Size:  5
Vacancy Formation Energy (Cell Structure Relaxation): -820.550299132 Size:  5
Vacancy Formation Energy (Cell Structure Relaxation): -820.55029909 Size:  5
Vacancy Formation Energy (Cell Structure Relaxation): -820.550299042 Size:  5
Vacancy Formation Energy (Cell Structure Relaxation): -820.550299173 Size:  5
Vacancy Formation Energy (Cell Structure Relaxation): -820.550298837 Size:  5
Vacancy Formation Energy (Cell Structure Relaxation): -820.550299195 Size:  5
Vacancy Formation Energy (Cell Structure Relaxation): -820.550299047 Size:  5
Vacancy Formation Energy (Cell Structure Relaxation): -820.550299186 Size:  5
Vacancy Formation Energy (Cell Structure Relaxation): -820.550299157 Size:  5
Vacancy Formation Energy (Cell Structure Relaxation): -820.550299064 Size:  5
Vacancy Formation Energy (Cell Structure Relaxation): -820.550299202 Size:  5
Vacancy Formation Energy (Cell Structure Relaxation): -820.550299056 Size:  5
Vacancy Formation Energy (Cell Structure Relaxation): -820.550299204 Size:  5
Vacancy Formation Energy (Cell Structure Relaxation): -820.550299108 Size:  5
Vacancy Formation Energy (Cell Structure Relaxation): -820.550299201 Size:  5
Vacancy Formation Energy (Cell Structure Relaxation): -820.550299124 Size:  5
Vacancy Formation Energy (Cell Structure Relaxation): -820.550299206 Size:  5
Vacancy Formation Energy (Cell Structure Relaxation): -820.550299153 Size:  5
Vacancy Formation Energy (Cell Structure Relaxation): -820.550299209 Size:  5
Vacancy Formation Energy (Cell Structure Relaxation): -820.550299181 Size:  5
Vacancy Formation Energy (Cell Structure Relaxation): -820.550299211 Size:  5
Vacancy Formation Energy (Cell Structure Relaxation): -820.550299191 Size:  5
Vacancy Formation Energy (Cell Structure Relaxation): -820.550299213 Size:  5
Vacancy Formation Energy (Cell Structure Relaxation): -820.550299186 Size:  5
Vacancy Formation Energy (Cell Structure Relaxation): -820.550299215 Size:  5
Vacancy Formation Energy (Cell Structure Relaxation): -820.550299194 Size:  5
Vacancy Formation Energy (Cell Structure Relaxation): -820.550299215 Size:  5
Vacancy Formation Energy (Cell Structure Relaxation): -820.550299185 Size:  5
Vacancy Formation Energy (Cell Structure Relaxation): -820.550299216 Size:  5
Vacancy Formation Energy (Cell Structure Relaxation): -820.550299201 Size:  5
Vacancy Formation Energy (Cell Structure Relaxation): -820.550299215 Size:  5
Vacancy Formation Energy (Cell Structure Relaxation): -820.550299206 Size:  5
Vacancy Formation Energy (Cell Structure Relaxation): -820.550299216 Size:  5
Vacancy Formation Energy (Cell Structure Relaxation): -820.550299211 Size:  5
Vacancy Formation Energy (Cell Structure Relaxation): -820.550299216 Size:  5
Vacancy Formation Energy (Cell Structure Relaxation): -820.550299213 Size:  5
Vacancy Formation Energy (Cell Structure Relaxation): -820.550299217 Size:  5
Vacancy Formation Energy (Cell Structure Relaxation): -820.550299213 Size:  5
Vacancy Formation Energy (Cell Structure Relaxation): -820.550299217 Size:  5
Vacancy Formation Energy (Cell Structure Relaxation): -820.550299211 Size:  5
Vacancy Formation Energy (Cell Structure Relaxation): -820.550299218 Size:  5
Vacancy Formation Energy (Cell Structure Relaxation): -820.550299216 Size:  5
Vacancy Formation Energy (Cell Structure Relaxation): -820.550299217 Size:  5
Vacancy Formation Energy (Cell Structure Relaxation): -820.550299215 Size:  5
Vacancy Formation Energy (Cell Structure Relaxation): -820.550299218 Size:  5
Vacancy Formation Energy (Cell Structure Relaxation): -820.550299213 Size:  5
Vacancy Formation Energy (Cell Structure Relaxation): -820.550299218 Size:  5
Vacancy Formation Energy (Cell Structure Relaxation): -820.550299218 Size:  5
Vacancy Formation Energy (Cell Structure Relaxation): -820.550299217 Size:  5
Vacancy Formation Energy (Cell Structure Relaxation): -820.550299218 Size:  5
Vacancy Formation Energy (Cell Structure Relaxation): -820.550299216 Size:  5
Vacancy Formation Energy (Cell Structure Relaxation): -820.550299218 Size:  5
Vacancy Formation Energy (Cell Structure Relaxation): -820.550299217 Size:  5
Vacancy Formation Energy (Cell Structure Relaxation): -820.550299218 Size:  5
Vacancy Formation Energy (Cell Structure Relaxation): -820.550299217 Size:  5
Vacancy Formation Energy (Cell Structure Relaxation): -820.550299219 Size:  5
Optimization terminated successfully.
         Current function value: -820.550299
         Iterations: 149
         Function evaluations: 276
Summary:
Vacancy Formation Energy: -820.550299219
Unrelaxed Cell Volume: 27633.1389947
Relaxed Cell Volume: 17195.235227
Relaxation Volume: 10437.9037678
Relaxed Cell Vector:
[  2.03535720e+01   3.70172482e-04   2.56448673e+01   1.07780429e-03
   1.04038003e-03   3.29432944e+01]
Unrelaxed Cell Vector:
[30.232686491149998, 0.0, 30.232686491149998, 0.0, 0.0, 30.232686491149998]
Relaxed Cell:
[[  2.03535720e+01   0.00000000e+00   0.00000000e+00]
 [  3.70172482e-04   2.56448673e+01   0.00000000e+00]
 [  1.07780429e-03   1.04038003e-03   3.29432944e+01]]
Unrelaxed Cell:
[[ 30.23268649   0.           0.        ]
 [  0.          30.23268649   0.        ]
 [  0.           0.          30.23268649]]

[Calculation Results Summary]
Sizes: [3, 4, 5]
Formation Energy By Size:
[-176.43375289705602, -420.20220143196684, -820.55029921851019]
Relaxation Volume By Size:
[2265.2178359063, 5367.6187636832747, 10437.903767752567]

[Extrapolation]
Fitting with 2 points, including orders [0, 3]
Fit with data beginning 0

Fit with Size: [3 4]
Orders: [0, 3]
Matrix A (Ax = y):
[[ 1.          0.03703704]
 [ 1.          0.015625  ]]
Data for Fitting: [-176.4337529  -420.20220143]
Fitting Results: (array([  -598.0872855 ,  11384.64538023]), array([], dtype=float64), 2, array([ 1.41470379,  0.01513535]))

Fit with Size: [3 4]
Orders: [0, 3]
Matrix A (Ax = y):
[[ 1.          0.03703704]
 [ 1.          0.015625  ]]
Data for Fitting: [ 2265.21783591  5367.61876368]
Fitting Results: (array([   7631.53295422, -144890.50819456]), array([], dtype=float64), 2, array([ 1.41470379,  0.01513535]))
Fit with data beginning 1

Fit with Size: [4 5]
Orders: [0, 3]
Matrix A (Ax = y):
[[ 1.        0.015625]
 [ 1.        0.008   ]]
Data for Fitting: [-420.20220143 -820.55029922]
Fitting Results: (array([ -1240.58764772,  52504.66856217]), array([], dtype=float64), 2, array([ 1.41431223,  0.00539131]))

Fit with Size: [4 5]
Orders: [0, 3]
Matrix A (Ax = y):
[[ 1.        0.015625]
 [ 1.        0.008   ]]
Data for Fitting: [  5367.61876368  10437.90376775]
Fitting Results: (array([  15757.54705071, -664955.41036974]), array([], dtype=float64), 2, array([ 1.41431223,  0.00539131]))
Fitting with 3 points, including orders [0, 3]
Fit with data beginning 0

Fit with Size: [3 4 5]
Orders: [0, 3]
Matrix A (Ax = y):
[[ 1.          0.03703704]
 [ 1.          0.015625  ]
 [ 1.          0.008     ]]
Data for Fitting: [-176.4337529  -420.20220143 -820.55029922]
Fitting Results: (array([  -873.53981818,  19838.32491886]), array([ 33146.55207332]), 2, array([ 1.73240492,  0.02128544]))

Fit with Size: [3 4 5]
Orders: [0, 3]
Matrix A (Ax = y):
[[ 1.          0.03703704]
 [ 1.          0.015625  ]
 [ 1.          0.008     ]]
Data for Fitting: [  2265.21783591   5367.61876368  10437.90376775]
Fitting Results: (array([  11115.31490219, -251808.29865463]), array([ 5302085.76597241]), 2, array([ 1.73240492,  0.02128544]))
Fitting with 3 points, including orders [0, 3, 4]
Fit with data beginning 0

Fit with Size: [3 4 5]
Orders: [0, 3, 4]
Matrix A (Ax = y):
[[ 1.          0.03703704  0.01234568]
 [ 1.          0.015625    0.00390625]
 [ 1.          0.008       0.0016    ]]
Data for Fitting: [-176.4337529  -420.20220143 -820.55029922]
Fitting Results: (array([  -1608.20383435,  188155.04142857, -448491.74768838]), array([], dtype=float64), 3, array([  1.73243559e+00,   2.27351353e-02,   3.80051182e-04]))

Fit with Size: [3 4 5]
Orders: [0, 3, 4]
Matrix A (Ax = y):
[[ 1.          0.03703704  0.01234568]
 [ 1.          0.015625    0.00390625]
 [ 1.          0.008       0.0016    ]]
Data for Fitting: [  2265.21783591   5367.61876368  10437.90376775]
Fitting Results: (array([   20406.96748736, -2380591.55149357,  5672292.93271293]), array([], dtype=float64), 3, array([  1.73243559e+00,   2.27351353e-02,   3.80051182e-04]))
Fitting with 3 points, including orders [0, 3, 5]
Fit with data beginning 0

Fit with Size: [3 4 5]
Orders: [0, 3, 5]
Matrix A (Ax = y):
[[  1.00000000e+00   3.70370370e-02   4.11522634e-03]
 [  1.00000000e+00   1.56250000e-02   9.76562500e-04]
 [  1.00000000e+00   8.00000000e-03   3.20000000e-04]]
Data for Fitting: [-176.4337529  -420.20220143 -820.55029922]
Fitting Results: (array([  -1491.37868517,  111050.44297212, -679922.36820692]), array([], dtype=float64), 3, array([  1.73240774e+00,   2.14761184e-02,   2.65390853e-04]))

Fit with Size: [3 4 5]
Orders: [0, 3, 5]
Matrix A (Ax = y):
[[  1.00000000e+00   3.70370370e-02   4.11522634e-03]
 [  1.00000000e+00   1.56250000e-02   9.76562500e-04]
 [  1.00000000e+00   8.00000000e-03   3.20000000e-04]]
Data for Fitting: [  2265.21783591   5367.61876368  10437.90376775]
Fitting Results: (array([   18929.42309228, -1405412.25074063,  8599308.37936681]), array([], dtype=float64), 3, array([  1.73240774e+00,   2.14761184e-02,   2.65390853e-04]))
Fitting with 3 points, including orders [0, 3, 6]
Fit with data beginning 0

Fit with Size: [3 4 5]
Orders: [0, 3, 6]
Matrix A (Ax = y):
[[  1.00000000e+00   3.70370370e-02   1.37174211e-03]
 [  1.00000000e+00   1.56250000e-02   2.44140625e-04]
 [  1.00000000e+00   8.00000000e-03   6.40000000e-05]]
Data for Fitting: [-176.4337529  -420.20220143 -820.55029922]
Fitting Results: (array([   -1417.60305363,    85960.58028051, -1416123.24733738]), array([], dtype=float64), 3, array([  1.73240519e+00,   2.13086278e-02,   1.28423698e-04]))

Fit with Size: [3 4 5]
Orders: [0, 3, 6]
Matrix A (Ax = y):
[[  1.00000000e+00   3.70370370e-02   1.37174211e-03]
 [  1.00000000e+00   1.56250000e-02   2.44140625e-04]
 [  1.00000000e+00   8.00000000e-03   6.40000000e-05]]
Data for Fitting: [  2265.21783591   5367.61876368  10437.90376775]
Fitting Results: (array([    17996.3468528 ,  -1088088.57296539,  17910398.41674749]), array([], dtype=float64), 3, array([  1.73240519e+00,   2.13086278e-02,   1.28423698e-04]))

[Fitting Results Summary]
Sizes: [3, 4, 5]
Data Points Used: [2, 3, 3, 3, 3]
Orders Included:
[[0, 3] [0, 3] [0, 3, 4] [0, 3, 5] [0, 3, 6]]
Formation Energy Fits By Size:
[[-598.08728549798263, -1240.5876477158668] [-873.53981817606075]
 [-1608.2038343456877] [-1491.3786851692405] [-1417.6030536330136]]
Relaxation Volume Fits By Size:
[[7631.5329542232266, 15757.547050710506] [11115.314902187523]
 [20406.967487360449] [18929.423092280242] [17996.346852803625]]

[Final Results]
[
    {
        "property-id" "tag:staff@noreply.openkim.org,2015-07-28:property/monovacancy-neutral-relaxed-formation-potential-energy-crystal-npt" 
        "instance-id" 1 
        "relaxed-formation-potential-energy" {
            "source-value" -1240.5876477158668 
            "source-unit" "eV" 
            "source-std-uncert-value" 367.61710239737886
        } 
        "host-cauchy-stress" {
            "source-value" [
                0 
                0 
                0 
                0 
                0 
                0
            ] 
            "source-unit" "GPa"
        } 
        "host-removed-atom" {
            "source-value" 1
        } 
        "host-short-name" {
            "source-value" [
                "diamond"
            ]
        } 
        "host-a" {
            "source-value" 6.0465372982299996 
            "source-unit" "angstrom"
        } 
        "host-b" {
            "source-value" 6.0465372982299996 
            "source-unit" "angstrom"
        } 
        "host-c" {
            "source-value" 6.0465372982299996 
            "source-unit" "angstrom"
        } 
        "host-alpha" {
            "source-value" 90.0 
            "source-unit" "degree"
        } 
        "host-beta" {
            "source-value" 90.0 
            "source-unit" "degree"
        } 
        "host-gamma" {
            "source-value" 90.0 
            "source-unit" "degree"
        } 
        "host-space-group" {
            "source-value" "Fd-3m"
        } 
        "host-wyckoff-multiplicity-and-letter" {
            "source-value" [
                "8a"
            ]
        } 
        "host-wyckoff-coordinates" {
            "source-value" [
                [
                    0.0 
                    0.0 
                    0.0
                ]
            ]
        } 
        "host-wyckoff-species" {
            "source-value" [
                "Al"
            ]
        } 
        "reservoir-cohesive-potential-energy" {
            "source-value" -19.752625953339177 
            "source-unit" "eV"
        } 
        "reservoir-short-name" {
            "source-value" [
                "diamond"
            ]
        } 
        "reservoir-cauchy-stress" {
            "source-value" [
                0.0 
                0.0 
                0.0 
                0.0 
                0.0 
                0.0
            ] 
            "source-unit" "GPa"
        } 
        "reservoir-a" {
            "source-value" 6.0465372982299996 
            "source-unit" "angstrom"
        } 
        "reservoir-b" {
            "source-value" 6.0465372982299996 
            "source-unit" "angstrom"
        } 
        "reservoir-c" {
            "source-value" 6.0465372982299996 
            "source-unit" "angstrom"
        } 
        "reservoir-alpha" {
            "source-value" 90.0 
            "source-unit" "degree"
        } 
        "reservoir-beta" {
            "source-value" 90.0 
            "source-unit" "degree"
        } 
        "reservoir-gamma" {
            "source-value" 90.0 
            "source-unit" "degree"
        } 
        "reservoir-space-group" {
            "source-value" "Fd-3m"
        } 
        "reservoir-wyckoff-multiplicity-and-letter" {
            "source-value" [
                "8a"
            ]
        } 
        "reservoir-wyckoff-coordinates" {
            "source-value" [
                [
                    0.0 
                    0.0 
                    0.0
                ]
            ]
        } 
        "reservoir-wyckoff-species" {
            "source-value" [
                "Al"
            ]
        }
    } 
    {
        "property-id" "tag:staff@noreply.openkim.org,2015-07-28:property/monovacancy-neutral-relaxation-volume-crystal-npt" 
        "instance-id" 2 
        "relaxation-volume" {
            "source-value" 15757.547050710506 
            "source-unit" "angstrom^3" 
            "source-std-uncert-value" 4649.420444861616
        } 
        "host-cauchy-stress" {
            "source-value" [
                0 
                0 
                0 
                0 
                0 
                0
            ] 
            "source-unit" "GPa"
        } 
        "host-removed-atom" {
            "source-value" 1
        } 
        "host-short-name" {
            "source-value" [
                "diamond"
            ]
        } 
        "host-a" {
            "source-value" 6.0465372982299996 
            "source-unit" "angstrom"
        } 
        "host-b" {
            "source-value" 6.0465372982299996 
            "source-unit" "angstrom"
        } 
        "host-c" {
            "source-value" 6.0465372982299996 
            "source-unit" "angstrom"
        } 
        "host-alpha" {
            "source-value" 90.0 
            "source-unit" "degree"
        } 
        "host-beta" {
            "source-value" 90.0 
            "source-unit" "degree"
        } 
        "host-gamma" {
            "source-value" 90.0 
            "source-unit" "degree"
        } 
        "host-space-group" {
            "source-value" "Fd-3m"
        } 
        "host-wyckoff-multiplicity-and-letter" {
            "source-value" [
                "8a"
            ]
        } 
        "host-wyckoff-coordinates" {
            "source-value" [
                [
                    0.0 
                    0.0 
                    0.0
                ]
            ]
        } 
        "host-wyckoff-species" {
            "source-value" [
                "Al"
            ]
        }
    }
]
