Imported bulk from ase.lattice
Parameters Input: Al fcc EAM_Dynamo_Mishin_Farkas_Al__MO_651801486679_001 [4.05000466019]
CELL_SIZE_MIN: 4
CELL_SIZE_MAX: 6
Smallest System Size: 256
Largest System Size: 864
Model Cutoff: 6.28721

[Calculation]

Supercell Size: 4
Unrelaxed Cell:
[[ 16.20001864   0.           0.        ]
 [  0.          16.20001864   0.        ]
 [  0.           0.          16.20001864]]
Unrelaxed Cell Vector:
[16.20001864076, 0.0, 16.20001864076, 0.0, 0.0, 16.20001864076]
==========
Loop: 0
Position Relaxation...
FIRE:   0  16:12:07     -856.030829       0.2419
FIRE:   1  16:12:07     -856.038353       0.2299
FIRE:   2  16:12:07     -856.051892       0.2064
FIRE:   3  16:12:07     -856.068771       0.1727
FIRE:   4  16:12:07     -856.085758       0.1305
FIRE:   5  16:12:07     -856.099822       0.0824
FIRE:   6  16:12:07     -856.108926       0.0504
FIRE:   7  16:12:07     -856.112790       0.0465
FIRE:   8  16:12:07     -856.112814       0.0556
FIRE:   9  16:12:07     -856.113108       0.0543
FIRE:  10  16:12:07     -856.113672       0.0518
FIRE:  11  16:12:07     -856.114464       0.0481
FIRE:  12  16:12:07     -856.115422       0.0433
FIRE:  13  16:12:07     -856.116476       0.0376
FIRE:  14  16:12:07     -856.117546       0.0309
FIRE:  15  16:12:07     -856.118556       0.0236
FIRE:  16  16:12:07     -856.119523       0.0162
FIRE:  17  16:12:07     -856.120328       0.0111
FIRE:  18  16:12:07     -856.120850       0.0080
FIRE:  19  16:12:07     -856.121035       0.0162
FIRE:  20  16:12:07     -856.121047       0.0160
FIRE:  21  16:12:07     -856.121071       0.0157
FIRE:  22  16:12:07     -856.121107       0.0153
FIRE:  23  16:12:07     -856.121152       0.0147
FIRE:  24  16:12:07     -856.121207       0.0140
FIRE:  25  16:12:07     -856.121268       0.0132
FIRE:  26  16:12:07     -856.121334       0.0123
FIRE:  27  16:12:07     -856.121411       0.0111
FIRE:  28  16:12:07     -856.121499       0.0097
FIRE:  29  16:12:07     -856.121594       0.0081
FIRE:  30  16:12:07     -856.121694       0.0063
FIRE:  31  16:12:07     -856.121795       0.0044
FIRE:  32  16:12:07     -856.121894       0.0049
FIRE:  33  16:12:07     -856.121988       0.0052
FIRE:  34  16:12:07     -856.122081       0.0054
FIRE:  35  16:12:07     -856.122172       0.0053
FIRE:  36  16:12:07     -856.122261       0.0044
FIRE:  37  16:12:07     -856.122336       0.0032
FIRE:  38  16:12:07     -856.122372       0.0018
FIRE:  39  16:12:07     -856.122344       0.0024
FIRE:  40  16:12:07     -856.122345       0.0023
FIRE:  41  16:12:07     -856.122347       0.0022
FIRE:  42  16:12:07     -856.122350       0.0021
FIRE:  43  16:12:07     -856.122354       0.0019
FIRE:  44  16:12:07     -856.122358       0.0017
FIRE:  45  16:12:07     -856.122361       0.0014
FIRE:  46  16:12:07     -856.122365       0.0011
FIRE:  47  16:12:07     -856.122368       0.0008
Relaxation Completed. Steps: 47
Cell Size Relaxation...
Optimization terminated successfully.
         Current function value: 0.673742
         Iterations: 256
         Function evaluations: 512
Current VFE: 0.673741790249
Energy of Supercell: -860.159996975
Unrelaxed Cell Volume: 4251.54267626
Current Relaxed Cell Volume: 4243.33253573
Current Relaxation Volume: 8.2101405265
Current Cell:
[[  1.61895848e+01   0.00000000e+00   0.00000000e+00]
 [  7.96302773e-05   1.61895830e+01   0.00000000e+00]
 [  4.68857729e-05  -7.68085160e-07   1.61895841e+01]]
==========
Loop: 1
Position Relaxation...
FIRE:   0  16:12:10     -856.126255       0.0013
FIRE:   1  16:12:10     -856.126256       0.0012
FIRE:   2  16:12:10     -856.126257       0.0011
FIRE:   3  16:12:10     -856.126259       0.0009
Relaxation Completed. Steps: 3
Cell Size Relaxation...
Optimization terminated successfully.
         Current function value: 0.673738
         Iterations: 244
         Function evaluations: 476
Current VFE: 0.67373800194
Energy of Supercell: -860.159996975
Unrelaxed Cell Volume: 4251.54267626
Current Relaxed Cell Volume: 4243.33045891
Current Relaxation Volume: 8.21221734644
Current Cell:
[[  1.61895818e+01   0.00000000e+00   0.00000000e+00]
 [ -1.59146414e-07   1.61895809e+01   0.00000000e+00]
 [  1.04751568e-06  -1.78885056e-06   1.61895814e+01]]
==========
Loop: 2
Position Relaxation...
FIRE:   0  16:12:12     -856.126259       0.0009
Relaxation Completed. Steps: 0
Cell Size Relaxation...
Optimization terminated successfully.
         Current function value: 0.673738
         Iterations: 96
         Function evaluations: 254
FIRE:   0  16:12:13     -856.126259       0.0009
FIRE:   1  16:12:13     -856.126259       0.0009
FIRE:   2  16:12:13     -856.126260       0.0008
FIRE:   3  16:12:13     -856.126261       0.0007
FIRE:   4  16:12:13     -856.126263       0.0006
FIRE:   5  16:12:13     -856.126264       0.0005
FIRE:   6  16:12:13     -856.126265       0.0004
FIRE:   7  16:12:13     -856.126266       0.0003
FIRE:   8  16:12:13     -856.126267       0.0005
FIRE:   9  16:12:13     -856.126267       0.0005
FIRE:  10  16:12:13     -856.126267       0.0005
FIRE:  11  16:12:13     -856.126268       0.0003
FIRE:  12  16:12:13     -856.126268       0.0003
FIRE:  13  16:12:13     -856.126268       0.0003
FIRE:  14  16:12:13     -856.126268       0.0003
FIRE:  15  16:12:13     -856.126268       0.0002
FIRE:  16  16:12:13     -856.126268       0.0002
FIRE:  17  16:12:13     -856.126268       0.0002
FIRE:  18  16:12:13     -856.126268       0.0001
FIRE:  19  16:12:13     -856.126268       0.0001
Optimization terminated successfully.
         Current function value: 0.673729
         Iterations: 169
         Function evaluations: 413
---------------
Calculation Completed.
Number Of Atoms in Supercell: 256
Vacancy Formation Energy: 0.673728996122
Unrelaxed Cell Volume: 4251.54267626
Relaxed Cell Volume: 4243.33045891
Relaxation Volume: 8.21221734644
Relaxed Cell Vector:
[16.18957959893062, -1.6337629247173e-07, 16.189578481361547, 1.0099169592561242e-06, -1.8195665120919888e-06, 16.189579342481803]
Unrelaxed Cell Vector:
[16.20001864076, 0.0, 16.20001864076, 0.0, 0.0, 16.20001864076]
Relaxed Cell:
[[  1.61895796e+01   0.00000000e+00   0.00000000e+00]
 [ -1.63376292e-07   1.61895785e+01   0.00000000e+00]
 [  1.00991696e-06  -1.81956651e-06   1.61895793e+01]]
Unrelaxed Cell:
[[ 16.20001864   0.           0.        ]
 [  0.          16.20001864   0.        ]
 [  0.           0.          16.20001864]]

Supercell Size: 5
Unrelaxed Cell:
[[ 20.2500233   0.          0.       ]
 [  0.         20.2500233   0.       ]
 [  0.          0.         20.2500233]]
Unrelaxed Cell Vector:
[20.250023300949998, 0.0, 20.250023300949998, 0.0, 0.0, 20.250023300949998]
==========
Loop: 0
Position Relaxation...
FIRE:   0  16:12:15    -1675.870826       0.2419
FIRE:   1  16:12:15    -1675.878350       0.2299
FIRE:   2  16:12:15    -1675.891890       0.2064
FIRE:   3  16:12:15    -1675.908771       0.1727
FIRE:   4  16:12:15    -1675.925761       0.1306
FIRE:   5  16:12:15    -1675.939833       0.0824
FIRE:   6  16:12:15    -1675.948954       0.0505
FIRE:   7  16:12:15    -1675.952852       0.0466
FIRE:   8  16:12:15    -1675.952941       0.0555
FIRE:   9  16:12:16    -1675.953238       0.0543
FIRE:  10  16:12:16    -1675.953809       0.0518
FIRE:  11  16:12:16    -1675.954611       0.0481
FIRE:  12  16:12:16    -1675.955584       0.0433
FIRE:  13  16:12:16    -1675.956655       0.0375
FIRE:  14  16:12:16    -1675.957747       0.0308
FIRE:  15  16:12:16    -1675.958784       0.0235
FIRE:  16  16:12:16    -1675.959784       0.0164
FIRE:  17  16:12:16    -1675.960635       0.0114
FIRE:  18  16:12:16    -1675.961219       0.0085
FIRE:  19  16:12:16    -1675.961487       0.0162
FIRE:  20  16:12:16    -1675.961515       0.0248
FIRE:  21  16:12:16    -1675.961542       0.0245
FIRE:  22  16:12:16    -1675.961595       0.0239
FIRE:  23  16:12:16    -1675.961670       0.0231
FIRE:  24  16:12:16    -1675.961765       0.0219
FIRE:  25  16:12:16    -1675.961875       0.0205
FIRE:  26  16:12:16    -1675.961996       0.0189
FIRE:  27  16:12:16    -1675.962121       0.0170
FIRE:  28  16:12:16    -1675.962261       0.0148
FIRE:  29  16:12:16    -1675.962407       0.0121
FIRE:  30  16:12:16    -1675.962552       0.0090
FIRE:  31  16:12:16    -1675.962684       0.0055
FIRE:  32  16:12:16    -1675.962797       0.0049
FIRE:  33  16:12:16    -1675.962890       0.0060
FIRE:  34  16:12:16    -1675.962973       0.0070
FIRE:  35  16:12:16    -1675.963064       0.0074
FIRE:  36  16:12:16    -1675.963181       0.0082
FIRE:  37  16:12:16    -1675.963322       0.0078
FIRE:  38  16:12:16    -1675.963461       0.0057
FIRE:  39  16:12:16    -1675.963545       0.0022
FIRE:  40  16:12:16    -1675.963533       0.0035
FIRE:  41  16:12:16    -1675.963536       0.0034
FIRE:  42  16:12:16    -1675.963543       0.0031
FIRE:  43  16:12:16    -1675.963552       0.0028
FIRE:  44  16:12:16    -1675.963561       0.0023
FIRE:  45  16:12:16    -1675.963570       0.0018
FIRE:  46  16:12:16    -1675.963577       0.0013
FIRE:  47  16:12:16    -1675.963582       0.0008
Relaxation Completed. Steps: 47
Cell Size Relaxation...
Optimization terminated successfully.
         Current function value: 0.674421
         Iterations: 213
         Function evaluations: 440
Current VFE: 0.674421348145
Energy of Supercell: -1679.99999409
Unrelaxed Cell Volume: 8303.79428957
Current Relaxed Cell Volume: 8295.59426452
Current Relaxation Volume: 8.20002504889
Current Cell:
[[  2.02433547e+01   0.00000000e+00   0.00000000e+00]
 [  1.27236622e-04   2.02433543e+01   0.00000000e+00]
 [ -2.51365407e-05  -3.37520876e-05   2.02433573e+01]]
==========
Loop: 1
Position Relaxation...
FIRE:   0  16:12:19    -1675.965573       0.0010
FIRE:   1  16:12:19    -1675.965573       0.0010
Relaxation Completed. Steps: 1
Cell Size Relaxation...
Optimization terminated successfully.
         Current function value: 0.674421
         Iterations: 196
         Function evaluations: 390
Current VFE: 0.674420748952
Energy of Supercell: -1679.99999409
Unrelaxed Cell Volume: 8303.79428957
Current Relaxed Cell Volume: 8295.59337826
Current Relaxation Volume: 8.20091130714
Current Cell:
[[  2.02433539e+01   0.00000000e+00   0.00000000e+00]
 [  6.38434639e-06   2.02433555e+01   0.00000000e+00]
 [ -4.03696454e-05  -3.61732413e-05   2.02433548e+01]]
==========
Loop: 2
Position Relaxation...
FIRE:   0  16:12:22    -1675.965573       0.0010
Relaxation Completed. Steps: 0
Cell Size Relaxation...
Optimization terminated successfully.
         Current function value: 0.674421
         Iterations: 202
         Function evaluations: 417
FIRE:   0  16:12:25    -1675.965573       0.0010
FIRE:   1  16:12:25    -1675.965574       0.0009
FIRE:   2  16:12:25    -1675.965575       0.0009
FIRE:   3  16:12:25    -1675.965576       0.0008
FIRE:   4  16:12:25    -1675.965578       0.0007
FIRE:   5  16:12:25    -1675.965580       0.0005
FIRE:   6  16:12:25    -1675.965581       0.0004
FIRE:   7  16:12:25    -1675.965583       0.0004
FIRE:   8  16:12:25    -1675.965584       0.0004
FIRE:   9  16:12:25    -1675.965585       0.0004
FIRE:  10  16:12:25    -1675.965585       0.0003
FIRE:  11  16:12:25    -1675.965585       0.0003
FIRE:  12  16:12:25    -1675.965585       0.0002
FIRE:  13  16:12:25    -1675.965585       0.0002
FIRE:  14  16:12:25    -1675.965585       0.0002
FIRE:  15  16:12:25    -1675.965585       0.0002
FIRE:  16  16:12:25    -1675.965585       0.0001
FIRE:  17  16:12:25    -1675.965585       0.0001
FIRE:  18  16:12:25    -1675.965585       0.0001
FIRE:  19  16:12:25    -1675.965585       0.0000
Optimization terminated successfully.
         Current function value: 0.674409
         Iterations: 247
         Function evaluations: 531
---------------
Calculation Completed.
Number Of Atoms in Supercell: 500
Vacancy Formation Energy: 0.674409136307
Unrelaxed Cell Volume: 8303.79428957
Relaxed Cell Volume: 8295.59337826
Relaxation Volume: 8.20091130714
Relaxed Cell Vector:
[20.243355773522254, 1.0953892810601984e-05, 20.243356142400494, -8.46308902469932e-08, -3.741725986264436e-06, 20.24335527470322]
Unrelaxed Cell Vector:
[20.250023300949998, 0.0, 20.250023300949998, 0.0, 0.0, 20.250023300949998]
Relaxed Cell:
[[  2.02433558e+01   0.00000000e+00   0.00000000e+00]
 [  1.09538928e-05   2.02433561e+01   0.00000000e+00]
 [ -8.46308902e-08  -3.74172599e-06   2.02433553e+01]]
Unrelaxed Cell:
[[ 20.2500233   0.          0.       ]
 [  0.         20.2500233   0.       ]
 [  0.          0.         20.2500233]]

Supercell Size: 6
Unrelaxed Cell:
[[ 24.30002796   0.           0.        ]
 [  0.          24.30002796   0.        ]
 [  0.           0.          24.30002796]]
Unrelaxed Cell Vector:
[24.30002796114, 0.0, 24.30002796114, 0.0, 0.0, 24.30002796114]
==========
Loop: 0
Position Relaxation...
FIRE:   0  16:12:29    -2898.910822       0.2419
FIRE:   1  16:12:29    -2898.918345       0.2299
FIRE:   2  16:12:29    -2898.931885       0.2064
FIRE:   3  16:12:29    -2898.948766       0.1727
FIRE:   4  16:12:29    -2898.965757       0.1306
FIRE:   5  16:12:29    -2898.979829       0.0824
FIRE:   6  16:12:29    -2898.988950       0.0505
FIRE:   7  16:12:29    -2898.992850       0.0466
FIRE:   8  16:12:29    -2898.992944       0.0555
FIRE:   9  16:12:29    -2898.993241       0.0543
FIRE:  10  16:12:30    -2898.993813       0.0518
FIRE:  11  16:12:30    -2898.994616       0.0481
FIRE:  12  16:12:30    -2898.995591       0.0433
FIRE:  13  16:12:30    -2898.996664       0.0375
FIRE:  14  16:12:30    -2898.997759       0.0308
FIRE:  15  16:12:30    -2898.998799       0.0235
FIRE:  16  16:12:30    -2898.999804       0.0164
FIRE:  17  16:12:30    -2899.000662       0.0114
FIRE:  18  16:12:30    -2899.001258       0.0085
FIRE:  19  16:12:30    -2899.001543       0.0162
FIRE:  20  16:12:30    -2899.001595       0.0248
FIRE:  21  16:12:30    -2899.001623       0.0245
FIRE:  22  16:12:30    -2899.001677       0.0239
FIRE:  23  16:12:30    -2899.001754       0.0231
FIRE:  24  16:12:30    -2899.001852       0.0219
FIRE:  25  16:12:30    -2899.001966       0.0205
FIRE:  26  16:12:30    -2899.002090       0.0189
FIRE:  27  16:12:30    -2899.002221       0.0171
FIRE:  28  16:12:30    -2899.002367       0.0148
FIRE:  29  16:12:30    -2899.002521       0.0122
FIRE:  30  16:12:30    -2899.002677       0.0091
FIRE:  31  16:12:30    -2899.002823       0.0056
FIRE:  32  16:12:30    -2899.002953       0.0049
FIRE:  33  16:12:30    -2899.003067       0.0061
FIRE:  34  16:12:30    -2899.003176       0.0071
FIRE:  35  16:12:30    -2899.003299       0.0075
FIRE:  36  16:12:30    -2899.003452       0.0080
FIRE:  37  16:12:30    -2899.003634       0.0076
FIRE:  38  16:12:30    -2899.003820       0.0055
FIRE:  39  16:12:30    -2899.003953       0.0019
FIRE:  40  16:12:30    -2899.003989       0.0034
FIRE:  41  16:12:30    -2899.003994       0.0032
FIRE:  42  16:12:31    -2899.004002       0.0030
FIRE:  43  16:12:31    -2899.004012       0.0026
FIRE:  44  16:12:31    -2899.004024       0.0021
FIRE:  45  16:12:31    -2899.004036       0.0016
FIRE:  46  16:12:31    -2899.004046       0.0011
FIRE:  47  16:12:31    -2899.004054       0.0006
Relaxation Completed. Steps: 47
Cell Size Relaxation...
Optimization terminated successfully.
         Current function value: 0.674784
         Iterations: 244
         Function evaluations: 488
Current VFE: 0.674784291707
Energy of Supercell: -2903.03998979
Unrelaxed Cell Volume: 14348.9565324
Current Relaxed Cell Volume: 14340.7624271
Current Relaxation Volume: 8.1941052873
Current Cell:
[[  2.42954024e+01   0.00000000e+00   0.00000000e+00]
 [  8.07900632e-05   2.42953987e+01   0.00000000e+00]
 [ -1.15396350e-05   5.48079774e-05   2.42954034e+01]]
==========
Loop: 1
Position Relaxation...
FIRE:   0  16:12:39    -2899.005206       0.0007
Relaxation Completed. Steps: 0
Cell Size Relaxation...
Optimization terminated successfully.
         Current function value: 0.674784
         Iterations: 197
         Function evaluations: 405
FIRE:   0  16:12:45    -2899.005206       0.0007
FIRE:   1  16:12:45    -2899.005207       0.0007
FIRE:   2  16:12:45    -2899.005209       0.0006
FIRE:   3  16:12:45    -2899.005213       0.0006
FIRE:   4  16:12:45    -2899.005217       0.0005
FIRE:   5  16:12:45    -2899.005222       0.0005
FIRE:   6  16:12:45    -2899.005228       0.0005
FIRE:   7  16:12:45    -2899.005234       0.0004
FIRE:   8  16:12:45    -2899.005240       0.0004
FIRE:   9  16:12:45    -2899.005247       0.0004
FIRE:  10  16:12:46    -2899.005253       0.0003
FIRE:  11  16:12:46    -2899.005258       0.0003
FIRE:  12  16:12:46    -2899.005262       0.0003
FIRE:  13  16:12:46    -2899.005264       0.0003
FIRE:  14  16:12:46    -2899.005264       0.0004
FIRE:  15  16:12:46    -2899.005264       0.0003
FIRE:  16  16:12:46    -2899.005265       0.0003
FIRE:  17  16:12:46    -2899.005265       0.0003
FIRE:  18  16:12:46    -2899.005265       0.0002
FIRE:  19  16:12:46    -2899.005265       0.0002
Optimization terminated successfully.
         Current function value: 0.674724
         Iterations: 285
         Function evaluations: 590
---------------
Calculation Completed.
Number Of Atoms in Supercell: 864
Vacancy Formation Energy: 0.674724097143
Unrelaxed Cell Volume: 14348.9565324
Relaxed Cell Volume: 14340.7624271
Relaxation Volume: 8.1941052873
Relaxed Cell Vector:
[24.295399543156663, 1.6222784557050922e-06, 24.29540102158466, -1.492693075483589e-05, 2.728655529487722e-07, 24.2954031195028]
Unrelaxed Cell Vector:
[24.30002796114, 0.0, 24.30002796114, 0.0, 0.0, 24.30002796114]
Relaxed Cell:
[[  2.42953995e+01   0.00000000e+00   0.00000000e+00]
 [  1.62227846e-06   2.42954010e+01   0.00000000e+00]
 [ -1.49269308e-05   2.72865553e-07   2.42954031e+01]]
Unrelaxed Cell:
[[ 24.30002796   0.           0.        ]
 [  0.          24.30002796   0.        ]
 [  0.           0.          24.30002796]]

[Calculation Results Summary]
Sizes: [4, 5, 6]
Formation Energy By Size:
[0.67372899612223591, 0.67440913630707655, 0.67472409714309833]
Relaxation Volume By Size:
[8.2122173464376829, 8.2009113071380852, 8.194105287300772]

[Extrapolation]
Fitting with 2 points, including orders [0, 3]
Fit with data beginning 0

Fit with Size: [4 5]
Orders: [0, 3]
Matrix A (Ax = y):
[[ 1.        0.015625]
 [ 1.        0.008   ]]
Data for Fitting: [ 0.673729    0.67440914]
Fitting Results: (array([ 0.67512273, -0.08919871]), array([], dtype=float64), 2, array([ 1.41431223,  0.00539131]))

Fit with Size: [4 5]
Orders: [0, 3]
Matrix A (Ax = y):
[[ 1.        0.015625]
 [ 1.        0.008   ]]
Data for Fitting: [ 8.21221735  8.20091131]
Fitting Results: (array([ 8.18904923,  1.48275925]), array([], dtype=float64), 2, array([ 1.41431223,  0.00539131]))
Fit with data beginning 1

Fit with Size: [5 6]
Orders: [0, 3]
Matrix A (Ax = y):
[[ 1.          0.008     ]
 [ 1.          0.00462963]]
Data for Fitting: [ 0.67440914  0.6747241 ]
Fitting Results: (array([ 0.67515674, -0.09344992]), array([], dtype=float64), 2, array([ 1.41424176,  0.00238316]))

Fit with Size: [5 6]
Orders: [0, 3]
Matrix A (Ax = y):
[[ 1.          0.008     ]
 [ 1.          0.00462963]]
Data for Fitting: [ 8.20091131  8.19410529]
Fitting Results: (array([ 8.18475636,  2.01936852]), array([], dtype=float64), 2, array([ 1.41424176,  0.00238316]))
Fitting with 3 points, including orders [0, 3]
Fit with data beginning 0

Fit with Size: [4 5 6]
Orders: [0, 3]
Matrix A (Ax = y):
[[ 1.          0.015625  ]
 [ 1.          0.008     ]
 [ 1.          0.00462963]]
Data for Fitting: [ 0.673729    0.67440914  0.6747241 ]
Fitting Results: (array([ 0.67513768, -0.09027979]), array([  6.26897237e-11]), 2, array([ 1.73212763,  0.00796621]))

Fit with Size: [4 5 6]
Orders: [0, 3]
Matrix A (Ax = y):
[[ 1.          0.015625  ]
 [ 1.          0.008     ]
 [ 1.          0.00462963]]
Data for Fitting: [ 8.21221735  8.20091131  8.19410529]
Fitting Results: (array([ 8.18716118,  1.61921788]), array([  9.98822869e-07]), 2, array([ 1.73212763,  0.00796621]))
Fitting with 3 points, including orders [0, 3, 4]
Fit with data beginning 0

Fit with Size: [4 5 6]
Orders: [0, 3, 4]
Matrix A (Ax = y):
[[  1.00000000e+00   1.56250000e-02   3.90625000e-03]
 [  1.00000000e+00   8.00000000e-03   1.60000000e-03]
 [  1.00000000e+00   4.62962963e-03   7.71604938e-04]]
Data for Fitting: [ 0.673729    0.67440914  0.6747241 ]
Fitting Results: (array([ 0.67518421, -0.11188765,  0.07501492]), array([], dtype=float64), 3, array([  1.73213142e+00,   8.29013951e-03,   1.01423660e-04]))

Fit with Size: [4 5 6]
Orders: [0, 3, 4]
Matrix A (Ax = y):
[[  1.00000000e+00   1.56250000e-02   3.90625000e-03]
 [  1.00000000e+00   8.00000000e-03   1.60000000e-03]
 [  1.00000000e+00   4.62962963e-03   7.71604938e-04]]
Data for Fitting: [ 8.21221735  8.20091131  8.19410529]
Fitting Results: (array([ 8.18128794,  4.34667491, -9.46877265]), array([], dtype=float64), 3, array([  1.73213142e+00,   8.29013951e-03,   1.01423660e-04]))
Fitting with 3 points, including orders [0, 3, 5]
Fit with data beginning 0

Fit with Size: [4 5 6]
Orders: [0, 3, 5]
Matrix A (Ax = y):
[[  1.00000000e+00   1.56250000e-02   9.76562500e-04]
 [  1.00000000e+00   8.00000000e-03   3.20000000e-04]
 [  1.00000000e+00   4.62962963e-03   1.28600823e-04]]
Data for Fitting: [ 0.673729    0.67440914  0.6747241 ]
Fitting Results: (array([ 0.67517621, -0.10168453,  0.1450043 ]), array([], dtype=float64), 3, array([  1.73212782e+00,   7.99080777e-03,   5.44349833e-05]))

Fit with Size: [4 5 6]
Orders: [0, 3, 5]
Matrix A (Ax = y):
[[  1.00000000e+00   1.56250000e-02   9.76562500e-04]
 [  1.00000000e+00   8.00000000e-03   3.20000000e-04]
 [  1.00000000e+00   4.62962963e-03   1.28600823e-04]]
Data for Fitting: [ 8.21221735  8.20091131  8.19410529]
Fitting Results: (array([  8.18229805,   3.05878446, -18.30319611]), array([], dtype=float64), 3, array([  1.73212782e+00,   7.99080777e-03,   5.44349833e-05]))
Fitting with 3 points, including orders [0, 3, 6]
Fit with data beginning 0

Fit with Size: [4 5 6]
Orders: [0, 3, 6]
Matrix A (Ax = y):
[[  1.00000000e+00   1.56250000e-02   2.44140625e-04]
 [  1.00000000e+00   8.00000000e-03   6.40000000e-05]
 [  1.00000000e+00   4.62962963e-03   2.14334705e-05]]
Data for Fitting: [ 0.673729    0.67440914  0.6747241 ]
Fitting Results: (array([ 0.67517106, -0.09833299,  0.38663596]), array([], dtype=float64), 3, array([  1.73212764e+00,   7.96793362e-03,   2.04739548e-05]))

Fit with Size: [4 5 6]
Orders: [0, 3, 6]
Matrix A (Ax = y):
[[  1.00000000e+00   1.56250000e-02   2.44140625e-04]
 [  1.00000000e+00   8.00000000e-03   6.40000000e-05]
 [  1.00000000e+00   4.62962963e-03   2.14334705e-05]]
Data for Fitting: [ 8.21221735  8.20091131  8.19410529]
Fitting Results: (array([  8.18294883,   2.63573488, -48.80320105]), array([], dtype=float64), 3, array([  1.73212764e+00,   7.96793362e-03,   2.04739548e-05]))

[Fitting Results Summary]
Sizes: [4, 5, 6]
Data Points Used: [2, 3, 3, 3, 3]
Orders Included:
[[0, 3] [0, 3] [0, 3, 4] [0, 3, 5] [0, 3, 6]]
Formation Energy Fits By Size:
[[0.67512272600920398, 0.67515673565411749] [0.6751376838256532]
 [0.67518421364537162] [0.67517621120072435] [0.67517105550460665]]
Relaxation Volume Fits By Size:
[[8.1890492331188334, 8.1847563589528161] [8.187161179774634]
 [8.1812879440637136] [8.1822980542245052] [8.1829488329881723]]

[Final Results]
[
    {
        "property-id" "tag:staff@noreply.openkim.org,2015-07-28:property/monovacancy-neutral-relaxed-formation-potential-energy-crystal-npt" 
        "instance-id" 1 
        "relaxed-formation-potential-energy" {
            "source-value" 0.67515673565411749 
            "source-unit" "eV" 
            "source-std-uncert-value" 6.616967230821314e-05
        } 
        "host-cauchy-stress" {
            "source-value" [
                0 
                0 
                0 
                0 
                0 
                0
            ] 
            "source-unit" "GPa"
        } 
        "host-removed-atom" {
            "source-value" 1
        } 
        "host-short-name" {
            "source-value" [
                "fcc"
            ]
        } 
        "host-a" {
            "source-value" 4.0500046601899999 
            "source-unit" "angstrom"
        } 
        "host-b" {
            "source-value" 4.0500046601899999 
            "source-unit" "angstrom"
        } 
        "host-c" {
            "source-value" 4.0500046601899999 
            "source-unit" "angstrom"
        } 
        "host-alpha" {
            "source-value" 90.0 
            "source-unit" "degree"
        } 
        "host-beta" {
            "source-value" 90.0 
            "source-unit" "degree"
        } 
        "host-gamma" {
            "source-value" 90.0 
            "source-unit" "degree"
        } 
        "host-space-group" {
            "source-value" "Fm-3m"
        } 
        "host-wyckoff-multiplicity-and-letter" {
            "source-value" [
                "4a"
            ]
        } 
        "host-wyckoff-coordinates" {
            "source-value" [
                [
                    0.0 
                    0.0 
                    0.0
                ]
            ]
        } 
        "host-wyckoff-species" {
            "source-value" [
                "Al"
            ]
        } 
        "reservoir-cohesive-potential-energy" {
            "source-value" -13.439999952735137 
            "source-unit" "eV"
        } 
        "reservoir-short-name" {
            "source-value" [
                "fcc"
            ]
        } 
        "reservoir-cauchy-stress" {
            "source-value" [
                0.0 
                0.0 
                0.0 
                0.0 
                0.0 
                0.0
            ] 
            "source-unit" "GPa"
        } 
        "reservoir-a" {
            "source-value" 4.0500046601899999 
            "source-unit" "angstrom"
        } 
        "reservoir-b" {
            "source-value" 4.0500046601899999 
            "source-unit" "angstrom"
        } 
        "reservoir-c" {
            "source-value" 4.0500046601899999 
            "source-unit" "angstrom"
        } 
        "reservoir-alpha" {
            "source-value" 90.0 
            "source-unit" "degree"
        } 
        "reservoir-beta" {
            "source-value" 90.0 
            "source-unit" "degree"
        } 
        "reservoir-gamma" {
            "source-value" 90.0 
            "source-unit" "degree"
        } 
        "reservoir-space-group" {
            "source-value" "Fm-3m"
        } 
        "reservoir-wyckoff-multiplicity-and-letter" {
            "source-value" [
                "4a"
            ]
        } 
        "reservoir-wyckoff-coordinates" {
            "source-value" [
                [
                    0.0 
                    0.0 
                    0.0
                ]
            ]
        } 
        "reservoir-wyckoff-species" {
            "source-value" [
                "Al"
            ]
        }
    } 
    {
        "property-id" "tag:staff@noreply.openkim.org,2015-07-28:property/monovacancy-neutral-relaxation-volume-crystal-npt" 
        "instance-id" 2 
        "relaxation-volume" {
            "source-value" 8.1847563589528161 
            "source-unit" "angstrom^3" 
            "source-std-uncert-value" 0.003500375301251211
        } 
        "host-cauchy-stress" {
            "source-value" [
                0 
                0 
                0 
                0 
                0 
                0
            ] 
            "source-unit" "GPa"
        } 
        "host-removed-atom" {
            "source-value" 1
        } 
        "host-short-name" {
            "source-value" [
                "fcc"
            ]
        } 
        "host-a" {
            "source-value" 4.0500046601899999 
            "source-unit" "angstrom"
        } 
        "host-b" {
            "source-value" 4.0500046601899999 
            "source-unit" "angstrom"
        } 
        "host-c" {
            "source-value" 4.0500046601899999 
            "source-unit" "angstrom"
        } 
        "host-alpha" {
            "source-value" 90.0 
            "source-unit" "degree"
        } 
        "host-beta" {
            "source-value" 90.0 
            "source-unit" "degree"
        } 
        "host-gamma" {
            "source-value" 90.0 
            "source-unit" "degree"
        } 
        "host-space-group" {
            "source-value" "Fm-3m"
        } 
        "host-wyckoff-multiplicity-and-letter" {
            "source-value" [
                "4a"
            ]
        } 
        "host-wyckoff-coordinates" {
            "source-value" [
                [
                    0.0 
                    0.0 
                    0.0
                ]
            ]
        } 
        "host-wyckoff-species" {
            "source-value" [
                "Al"
            ]
        }
    }
]
