Imported bulk from ase.lattice
Parameters Input: Al fcc LennardJones612_UniversalShifted__MO_959249795837_001 [5.91361863397]
CELL_SIZE_MIN: 4
CELL_SIZE_MAX: 6
Smallest System Size: 256
Largest System Size: 864
Model Cutoff: 8.6239

[Calculation]

Supercell Size: 4
Unrelaxed Cell:
[[ 23.65447454   0.           0.        ]
 [  0.          23.65447454   0.        ]
 [  0.           0.          23.65447454]]
Unrelaxed Cell Vector:
[23.654474535879999, 0.0, 23.654474535879999, 0.0, 0.0, 23.654474535879999]
==========
Loop: 0
Position Relaxation...
FIRE:   0  16:12:57     -332.389675       0.2802
FIRE:   1  16:12:57     -332.399224       0.2847
FIRE:   2  16:12:57     -332.418936       0.2938
FIRE:   3  16:12:57     -332.450078       0.3076
FIRE:   4  16:12:57     -332.494658       0.3262
FIRE:   5  16:12:57     -332.555569       0.3499
FIRE:   6  16:12:57     -332.636793       0.3792
FIRE:   7  16:12:57     -332.743699       0.4144
FIRE:   8  16:12:57     -332.900793       0.4611
FIRE:   9  16:12:57     -333.137855       0.5251
FIRE:  10  16:12:57     -333.506728       0.6091
FIRE:  11  16:12:57     -333.979549       0.7028
FIRE:  12  16:12:57     -334.529613       0.7998
FIRE:  13  16:12:58     -335.163298       0.9015
FIRE:  14  16:12:58     -335.888381       1.0095
FIRE:  15  16:12:58     -336.714137       1.1256
FIRE:  16  16:12:58     -337.651504       1.2516
FIRE:  17  16:12:58     -338.714039       1.3935
FIRE:  18  16:12:58     -339.916779       1.5458
FIRE:  19  16:12:58     -341.275609       1.7146
FIRE:  20  16:12:58     -342.809816       1.9025
FIRE:  21  16:12:58     -344.540762       2.1113
FIRE:  22  16:12:58     -346.494940       2.3511
FIRE:  23  16:12:58     -348.692835       2.6019
FIRE:  24  16:12:58     -351.153107       2.8678
FIRE:  25  16:12:58     -353.886795       3.1357
FIRE:  26  16:12:58     -356.886875       3.3791
FIRE:  27  16:12:58     -360.110766       3.5481
FIRE:  28  16:12:58     -363.450132       3.5519
FIRE:  29  16:12:58     -366.679980       3.2340
FIRE:  30  16:12:58     -369.371493       2.3054
FIRE:  31  16:12:58     -370.754599       0.6993
FIRE:  32  16:12:58     -369.663166       3.7547
FIRE:  33  16:12:58     -371.267902       0.7306
FIRE:  34  16:12:58     -372.102941       0.7839
FIRE:  35  16:12:58     -373.101668       0.8333
FIRE:  36  16:12:58     -374.119695       0.8844
FIRE:  37  16:12:58     -375.242428       0.9391
FIRE:  38  16:12:58     -376.427870       0.9898
FIRE:  39  16:12:58     -377.676357       1.0398
FIRE:  40  16:12:58     -379.008615       1.0892
FIRE:  41  16:12:58     -380.422472       1.1383
FIRE:  42  16:12:58     -381.912193       1.1881
FIRE:  43  16:12:58     -383.483575       1.2367
FIRE:  44  16:12:58     -385.143849       1.2851
FIRE:  45  16:12:58     -386.898711       1.3381
FIRE:  46  16:12:58     -388.749817       1.3891
FIRE:  47  16:12:58     -390.700754       1.4375
FIRE:  48  16:12:58     -392.757877       1.5373
FIRE:  49  16:12:58     -394.928289       1.6548
Steps Limit Exceeded. Structure Maybe Unstable.
Relaxation Completed. Steps: 50
Cell Size Relaxation...
Optimization terminated successfully.
         Current function value: -1260.883176
         Iterations: 252
         Function evaluations: 506
Current VFE: -1260.88317557
Energy of Supercell: -335.006916128
Unrelaxed Cell Volume: 13235.4866714
Current Relaxed Cell Volume: 5365.62493944
Current Relaxation Volume: 7869.86173195
Current Cell:
[[  9.69424492e+00   0.00000000e+00   0.00000000e+00]
 [  8.38694436e-04   2.35262749e+01   0.00000000e+00]
 [  4.33727461e-04   1.11397278e-03   2.35262744e+01]]
System Collapsed. Volume significantly changed.
