Imported bulk from ase.lattice
Element = Lattice = Model = Element: Al
Lattice: hcp
Model: EAM_Dynamo_Mendelev_Kramer_Al__MO_106969701023_001
Model Cutoff: 6.5
NBC Name: NEIGH_RVEC_F
Relaxation With c/a Ratio Fixed
Simplex Searching start from: cutoff * 0.1
Simplex Searching Start From: [0.65000000000000002]
Optimization terminated successfully.
         Current function value: -6.764235
         Iterations: 40
         Function evaluations: 88
Tmp Lattice Constants: [ 2.86317432]
Tmp Energy: -6.76423470368
Simplex Searching start from: cutoff * 0.12
Simplex Searching Start From: [0.78000000000000003]
Optimization terminated successfully.
         Current function value: -6.764235
         Iterations: 40
         Function evaluations: 87
Tmp Lattice Constants: [ 2.86317432]
Tmp Energy: -6.76423470368
Simplex Searching start from: cutoff * 0.14
Simplex Searching Start From: [0.91000000000000014]
Optimization terminated successfully.
         Current function value: -6.764235
         Iterations: 39
         Function evaluations: 82
Tmp Lattice Constants: [ 2.86317435]
Tmp Energy: -6.76423470368
Simplex Searching start from: cutoff * 0.16
Simplex Searching Start From: [1.04]
Optimization terminated successfully.
         Current function value: -6.764235
         Iterations: 38
         Function evaluations: 82
Tmp Lattice Constants: [ 2.86317431]
Tmp Energy: -6.76423470368
Simplex Searching start from: cutoff * 0.18
Simplex Searching Start From: [1.1699999999999999]
Optimization terminated successfully.
         Current function value: -6.764235
         Iterations: 39
         Function evaluations: 84
Tmp Lattice Constants: [ 2.86317435]
Tmp Energy: -6.76423470368
Simplex Searching start from: cutoff * 0.2
Simplex Searching Start From: [1.3]
Optimization terminated successfully.
         Current function value: -6.764235
         Iterations: 38
         Function evaluations: 85
Tmp Lattice Constants: [ 2.86317436]
Tmp Energy: -6.76423470368
Simplex Searching start from: cutoff * 0.22
Simplex Searching Start From: [1.4299999999999999]
Optimization terminated successfully.
         Current function value: -6.764235
         Iterations: 39
         Function evaluations: 83
Tmp Lattice Constants: [ 2.86317434]
Tmp Energy: -6.76423470368
Simplex Searching start from: cutoff * 0.24
Simplex Searching Start From: [1.5600000000000001]
Optimization terminated successfully.
         Current function value: -6.764235
         Iterations: 38
         Function evaluations: 82
Tmp Lattice Constants: [ 2.86317429]
Tmp Energy: -6.76423470368
Simplex Searching start from: cutoff * 0.26
Simplex Searching Start From: [1.6899999999999999]
Optimization terminated successfully.
         Current function value: -6.764235
         Iterations: 38
         Function evaluations: 81
Tmp Lattice Constants: [ 2.86317428]
Tmp Energy: -6.76423470368
Simplex Searching start from: cutoff * 0.28
Simplex Searching Start From: [1.8200000000000003]
Optimization terminated successfully.
         Current function value: -6.764235
         Iterations: 37
         Function evaluations: 78
Tmp Lattice Constants: [ 2.8631743]
Tmp Energy: -6.76423470368
Simplex Searching start from: cutoff * 0.3
Simplex Searching Start From: [1.95]
Optimization terminated successfully.
         Current function value: -6.764235
         Iterations: 36
         Function evaluations: 75
Tmp Lattice Constants: [ 2.86317434]
Tmp Energy: -6.76423470368
Simplex Searching start from: cutoff * 0.32
Simplex Searching Start From: [2.0800000000000001]
Optimization terminated successfully.
         Current function value: -6.764235
         Iterations: 35
         Function evaluations: 75
Tmp Lattice Constants: [ 2.86317431]
Tmp Energy: -6.76423470368
Simplex Searching start from: cutoff * 0.34
Simplex Searching Start From: [2.21]
Optimization terminated successfully.
         Current function value: -6.764235
         Iterations: 35
         Function evaluations: 76
Tmp Lattice Constants: [ 2.8631743]
Tmp Energy: -6.76423470368
Simplex Searching start from: cutoff * 0.36
Simplex Searching Start From: [2.3399999999999999]
Optimization terminated successfully.
         Current function value: -6.764235
         Iterations: 36
         Function evaluations: 78
Tmp Lattice Constants: [ 2.86317435]
Tmp Energy: -6.76423470368
Simplex Searching start from: cutoff * 0.38
Simplex Searching Start From: [2.4700000000000002]
Optimization terminated successfully.
         Current function value: -6.764235
         Iterations: 34
         Function evaluations: 72
Tmp Lattice Constants: [ 2.86317434]
Tmp Energy: -6.76423470368
Simplex Searching start from: cutoff * 0.4
Simplex Searching Start From: [2.6000000000000001]
Optimization terminated successfully.
         Current function value: -6.764235
         Iterations: 34
         Function evaluations: 75
Tmp Lattice Constants: [ 2.86317436]
Tmp Energy: -6.76423470368
Simplex Searching start from: cutoff * 0.42
Simplex Searching Start From: [2.73]
Optimization terminated successfully.
         Current function value: -6.764235
         Iterations: 32
         Function evaluations: 72
Tmp Lattice Constants: [ 2.86317431]
Tmp Energy: -6.76423470368
Simplex Searching start from: cutoff * 0.44
Simplex Searching Start From: [2.8599999999999999]
Optimization terminated successfully.
         Current function value: -6.764235
         Iterations: 33
         Function evaluations: 72
Tmp Lattice Constants: [ 2.86317435]
Tmp Energy: -6.76423470368
Simplex Searching start from: cutoff * 0.46
Simplex Searching Start From: [2.9900000000000002]
Optimization terminated successfully.
         Current function value: -6.764235
         Iterations: 34
         Function evaluations: 74
Tmp Lattice Constants: [ 2.86317435]
Tmp Energy: -6.76423470368
Simplex Searching start from: cutoff * 0.48
Simplex Searching Start From: [3.1200000000000001]
Optimization terminated successfully.
         Current function value: -6.764235
         Iterations: 35
         Function evaluations: 76
Tmp Lattice Constants: [ 2.86317429]
Tmp Energy: -6.76423470368
Relaxation With c/a Ratio Relaxed
