Calculator Input: Al fcc EAM_Dynamo_Mishin_Farkas_Al__MO_651801486679_001 [4.05000466019]
1

[Calculation]

Supercell Size: 3
Unrelaxed Cell:
[[ 12.15001398   0.           0.        ]
 [  0.          12.15001398   0.        ]
 [  0.           0.          12.15001398]]
Unrelaxed Cell Vector:
[12.15001398057, 0.0, 12.15001398057, 0.0, 0.0, 12.15001398057]
Vacancy Formation Energy (Cell Structure Relaxation): 0.682099325194 Size:  3
Vacancy Formation Energy (Cell Structure Relaxation): 2.34992457927 Size:  3
Vacancy Formation Energy (Cell Structure Relaxation): 0.681628231262 Size:  3
Vacancy Formation Energy (Cell Structure Relaxation): 2.34989316359 Size:  3
Vacancy Formation Energy (Cell Structure Relaxation): 0.681850449704 Size:  3
Vacancy Formation Energy (Cell Structure Relaxation): 0.681850451131 Size:  3
Vacancy Formation Energy (Cell Structure Relaxation): 2.34980059252 Size:  3
Vacancy Formation Energy (Cell Structure Relaxation): 1.5153646337 Size:  3
Vacancy Formation Energy (Cell Structure Relaxation): 1.81098189139 Size:  3
Vacancy Formation Energy (Cell Structure Relaxation): 2.55408792946 Size:  3
Vacancy Formation Energy (Cell Structure Relaxation): 1.12168834385 Size:  3
Vacancy Formation Energy (Cell Structure Relaxation): 2.00798498815 Size:  3
Vacancy Formation Energy (Cell Structure Relaxation): 0.968394083128 Size:  3
Vacancy Formation Energy (Cell Structure Relaxation): 1.50579505097 Size:  3
Vacancy Formation Energy (Cell Structure Relaxation): 0.911465234091 Size:  3
Vacancy Formation Energy (Cell Structure Relaxation): 0.970520389102 Size:  3
Vacancy Formation Energy (Cell Structure Relaxation): 0.736349864965 Size:  3
Vacancy Formation Energy (Cell Structure Relaxation): 1.11788951571 Size:  3
Vacancy Formation Energy (Cell Structure Relaxation): 0.737534049827 Size:  3
Vacancy Formation Energy (Cell Structure Relaxation): 0.844724474465 Size:  3
Vacancy Formation Energy (Cell Structure Relaxation): 0.70748073226 Size:  3
Vacancy Formation Energy (Cell Structure Relaxation): 0.757653434846 Size:  3
Vacancy Formation Energy (Cell Structure Relaxation): 0.686332211554 Size:  3
Vacancy Formation Energy (Cell Structure Relaxation): 0.787906137525 Size:  3
Vacancy Formation Energy (Cell Structure Relaxation): 0.683324158719 Size:  3
Vacancy Formation Energy (Cell Structure Relaxation): 0.745962878174 Size:  3
Vacancy Formation Energy (Cell Structure Relaxation): 0.677887651925 Size:  3
Vacancy Formation Energy (Cell Structure Relaxation): 0.705672522662 Size:  3
Vacancy Formation Energy (Cell Structure Relaxation): 0.674935890896 Size:  3
Vacancy Formation Energy (Cell Structure Relaxation): 0.716514786566 Size:  3
Vacancy Formation Energy (Cell Structure Relaxation): 0.673395544524 Size:  3
Vacancy Formation Energy (Cell Structure Relaxation): 0.672595350029 Size:  3
Vacancy Formation Energy (Cell Structure Relaxation): 0.677253297707 Size:  3
Vacancy Formation Energy (Cell Structure Relaxation): 0.675030000401 Size:  3
Vacancy Formation Energy (Cell Structure Relaxation): 0.682392206848 Size:  3
Vacancy Formation Energy (Cell Structure Relaxation): 0.67450115653 Size:  3
Vacancy Formation Energy (Cell Structure Relaxation): 0.685896744819 Size:  3
Vacancy Formation Energy (Cell Structure Relaxation): 0.674149040795 Size:  3
Vacancy Formation Energy (Cell Structure Relaxation): 0.680075818156 Size:  3
Vacancy Formation Energy (Cell Structure Relaxation): 0.673441650502 Size:  3
Vacancy Formation Energy (Cell Structure Relaxation): 0.677056552594 Size:  3
Vacancy Formation Energy (Cell Structure Relaxation): 0.67280252321 Size:  3
Vacancy Formation Energy (Cell Structure Relaxation): 0.674043035529 Size:  3
Vacancy Formation Energy (Cell Structure Relaxation): 0.674331719141 Size:  3
Vacancy Formation Energy (Cell Structure Relaxation): 0.672700246206 Size:  3
Vacancy Formation Energy (Cell Structure Relaxation): 0.67637844494 Size:  3
Vacancy Formation Energy (Cell Structure Relaxation): 0.672474951539 Size:  3
Vacancy Formation Energy (Cell Structure Relaxation): 0.675431903748 Size:  3
Vacancy Formation Energy (Cell Structure Relaxation): 0.672544432775 Size:  3
Vacancy Formation Energy (Cell Structure Relaxation): 0.673184123341 Size:  3
Vacancy Formation Energy (Cell Structure Relaxation): 0.673501708997 Size:  3
Vacancy Formation Energy (Cell Structure Relaxation): 0.672460522827 Size:  3
Vacancy Formation Energy (Cell Structure Relaxation): 0.673868989302 Size:  3
Vacancy Formation Energy (Cell Structure Relaxation): 0.672367730478 Size:  3
Vacancy Formation Energy (Cell Structure Relaxation): 0.672710459876 Size:  3
Vacancy Formation Energy (Cell Structure Relaxation): 0.672295278466 Size:  3
Vacancy Formation Energy (Cell Structure Relaxation): 0.672803568471 Size:  3
Vacancy Formation Energy (Cell Structure Relaxation): 0.672287496157 Size:  3
Vacancy Formation Energy (Cell Structure Relaxation): 0.673206168721 Size:  3
Vacancy Formation Energy (Cell Structure Relaxation): 0.672210502108 Size:  3
Vacancy Formation Energy (Cell Structure Relaxation): 0.672632058339 Size:  3
Vacancy Formation Energy (Cell Structure Relaxation): 0.67225779067 Size:  3
Vacancy Formation Energy (Cell Structure Relaxation): 0.673002251213 Size:  3
Vacancy Formation Energy (Cell Structure Relaxation): 0.6722046356 Size:  3
Vacancy Formation Energy (Cell Structure Relaxation): 0.672351011129 Size:  3
Vacancy Formation Energy (Cell Structure Relaxation): 0.672600347199 Size:  3
Vacancy Formation Energy (Cell Structure Relaxation): 0.672198598379 Size:  3
Vacancy Formation Energy (Cell Structure Relaxation): 0.672374042682 Size:  3
Vacancy Formation Energy (Cell Structure Relaxation): 0.672213842449 Size:  3
Vacancy Formation Energy (Cell Structure Relaxation): 0.672267782591 Size:  3
Vacancy Formation Energy (Cell Structure Relaxation): 0.672237670341 Size:  3
Vacancy Formation Energy (Cell Structure Relaxation): 0.672364086952 Size:  3
Vacancy Formation Energy (Cell Structure Relaxation): 0.672178525799 Size:  3
Vacancy Formation Energy (Cell Structure Relaxation): 0.672233166431 Size:  3
Vacancy Formation Energy (Cell Structure Relaxation): 0.672240211272 Size:  3
Vacancy Formation Energy (Cell Structure Relaxation): 0.672176988413 Size:  3
Vacancy Formation Energy (Cell Structure Relaxation): 0.672254984431 Size:  3
Vacancy Formation Energy (Cell Structure Relaxation): 0.672173544452 Size:  3
Vacancy Formation Energy (Cell Structure Relaxation): 0.672216119822 Size:  3
Vacancy Formation Energy (Cell Structure Relaxation): 0.672170120616 Size:  3
Vacancy Formation Energy (Cell Structure Relaxation): 0.672245545541 Size:  3
Vacancy Formation Energy (Cell Structure Relaxation): 0.67216613681 Size:  3
Vacancy Formation Energy (Cell Structure Relaxation): 0.672214085704 Size:  3
Vacancy Formation Energy (Cell Structure Relaxation): 0.672166895052 Size:  3
Vacancy Formation Energy (Cell Structure Relaxation): 0.672288085466 Size:  3
Vacancy Formation Energy (Cell Structure Relaxation): 0.672158857462 Size:  3
Vacancy Formation Energy (Cell Structure Relaxation): 0.672181266354 Size:  3
Vacancy Formation Energy (Cell Structure Relaxation): 0.672162405865 Size:  3
Vacancy Formation Energy (Cell Structure Relaxation): 0.672170387874 Size:  3
Vacancy Formation Energy (Cell Structure Relaxation): 0.672175952554 Size:  3
Vacancy Formation Energy (Cell Structure Relaxation): 0.672160357823 Size:  3
Vacancy Formation Energy (Cell Structure Relaxation): 0.672174768353 Size:  3
Vacancy Formation Energy (Cell Structure Relaxation): 0.672159312779 Size:  3
Vacancy Formation Energy (Cell Structure Relaxation): 0.672167318981 Size:  3
Vacancy Formation Energy (Cell Structure Relaxation): 0.672158338563 Size:  3
Vacancy Formation Energy (Cell Structure Relaxation): 0.672189129898 Size:  3
Vacancy Formation Energy (Cell Structure Relaxation): 0.672156647547 Size:  3
Vacancy Formation Energy (Cell Structure Relaxation): 0.672157087084 Size:  3
Vacancy Formation Energy (Cell Structure Relaxation): 0.672161408162 Size:  3
Vacancy Formation Energy (Cell Structure Relaxation): 0.672156283461 Size:  3
Vacancy Formation Energy (Cell Structure Relaxation): 0.672160775574 Size:  3
Vacancy Formation Energy (Cell Structure Relaxation): 0.672156025502 Size:  3
Vacancy Formation Energy (Cell Structure Relaxation): 0.672165511026 Size:  3
Vacancy Formation Energy (Cell Structure Relaxation): 0.672155270659 Size:  3
Vacancy Formation Energy (Cell Structure Relaxation): 0.67216295528 Size:  3
Vacancy Formation Energy (Cell Structure Relaxation): 0.672155410287 Size:  3
Vacancy Formation Energy (Cell Structure Relaxation): 0.672158138264 Size:  3
Vacancy Formation Energy (Cell Structure Relaxation): 0.672155566873 Size:  3
Vacancy Formation Energy (Cell Structure Relaxation): 0.672156118929 Size:  3
Vacancy Formation Energy (Cell Structure Relaxation): 0.672157563607 Size:  3
Vacancy Formation Energy (Cell Structure Relaxation): 0.672155020106 Size:  3
Vacancy Formation Energy (Cell Structure Relaxation): 0.672156401421 Size:  3
Vacancy Formation Energy (Cell Structure Relaxation): 0.672154993174 Size:  3
Vacancy Formation Energy (Cell Structure Relaxation): 0.672156302087 Size:  3
Vacancy Formation Energy (Cell Structure Relaxation): 0.672154932043 Size:  3
Vacancy Formation Energy (Cell Structure Relaxation): 0.672155708168 Size:  3
Vacancy Formation Energy (Cell Structure Relaxation): 0.672154776323 Size:  3
Vacancy Formation Energy (Cell Structure Relaxation): 0.672156272169 Size:  3
Vacancy Formation Energy (Cell Structure Relaxation): 0.672154705813 Size:  3
Vacancy Formation Energy (Cell Structure Relaxation): 0.672155495639 Size:  3
Vacancy Formation Energy (Cell Structure Relaxation): 0.672154720608 Size:  3
Vacancy Formation Energy (Cell Structure Relaxation): 0.672156328221 Size:  3
Vacancy Formation Energy (Cell Structure Relaxation): 0.672154603127 Size:  3
Vacancy Formation Energy (Cell Structure Relaxation): 0.672155371665 Size:  3
Vacancy Formation Energy (Cell Structure Relaxation): 0.672154613942 Size:  3
Vacancy Formation Energy (Cell Structure Relaxation): 0.672154527761 Size:  3
Vacancy Formation Energy (Cell Structure Relaxation): 0.672155108973 Size:  3
Vacancy Formation Energy (Cell Structure Relaxation): 0.672155264557 Size:  3
Vacancy Formation Energy (Cell Structure Relaxation): 0.672154545768 Size:  3
Vacancy Formation Energy (Cell Structure Relaxation): 0.672154798256 Size:  3
Vacancy Formation Energy (Cell Structure Relaxation): 0.672154535296 Size:  3
Vacancy Formation Energy (Cell Structure Relaxation): 0.672154684252 Size:  3
Vacancy Formation Energy (Cell Structure Relaxation): 0.672154892626 Size:  3
Vacancy Formation Energy (Cell Structure Relaxation): 0.672154498662 Size:  3
Vacancy Formation Energy (Cell Structure Relaxation): 0.672154679474 Size:  3
Vacancy Formation Energy (Cell Structure Relaxation): 0.672154507331 Size:  3
Vacancy Formation Energy (Cell Structure Relaxation): 0.672154604359 Size:  3
Vacancy Formation Energy (Cell Structure Relaxation): 0.672154485724 Size:  3
Vacancy Formation Energy (Cell Structure Relaxation): 0.672154601538 Size:  3
Vacancy Formation Energy (Cell Structure Relaxation): 0.672154483886 Size:  3
Vacancy Formation Energy (Cell Structure Relaxation): 0.672154660146 Size:  3
Vacancy Formation Energy (Cell Structure Relaxation): 0.672154460201 Size:  3
Vacancy Formation Energy (Cell Structure Relaxation): 0.672154481896 Size:  3
Vacancy Formation Energy (Cell Structure Relaxation): 0.672154628347 Size:  3
Vacancy Formation Energy (Cell Structure Relaxation): 0.672154452554 Size:  3
Vacancy Formation Energy (Cell Structure Relaxation): 0.672154497712 Size:  3
Vacancy Formation Energy (Cell Structure Relaxation): 0.672154559502 Size:  3
Vacancy Formation Energy (Cell Structure Relaxation): 0.672154448978 Size:  3
Vacancy Formation Energy (Cell Structure Relaxation): 0.67215450191 Size:  3
Vacancy Formation Energy (Cell Structure Relaxation): 0.672154453824 Size:  3
Vacancy Formation Energy (Cell Structure Relaxation): 0.672154504394 Size:  3
Vacancy Formation Energy (Cell Structure Relaxation): 0.672154449302 Size:  3
Vacancy Formation Energy (Cell Structure Relaxation): 0.672154542985 Size:  3
Vacancy Formation Energy (Cell Structure Relaxation): 0.672154445582 Size:  3
Vacancy Formation Energy (Cell Structure Relaxation): 0.672154473269 Size:  3
Vacancy Formation Energy (Cell Structure Relaxation): 0.672154446873 Size:  3
Vacancy Formation Energy (Cell Structure Relaxation): 0.672154487035 Size:  3
Vacancy Formation Energy (Cell Structure Relaxation): 0.67215444218 Size:  3
Vacancy Formation Energy (Cell Structure Relaxation): 0.672154458506 Size:  3
Vacancy Formation Energy (Cell Structure Relaxation): 0.672154442765 Size:  3
Vacancy Formation Energy (Cell Structure Relaxation): 0.672154459763 Size:  3
Vacancy Formation Energy (Cell Structure Relaxation): 0.672154442207 Size:  3
Vacancy Formation Energy (Cell Structure Relaxation): 0.672154460846 Size:  3
Vacancy Formation Energy (Cell Structure Relaxation): 0.672154441113 Size:  3
Vacancy Formation Energy (Cell Structure Relaxation): 0.672154450076 Size:  3
Vacancy Formation Energy (Cell Structure Relaxation): 0.67215444199 Size:  3
Vacancy Formation Energy (Cell Structure Relaxation): 0.672154444483 Size:  3
Vacancy Formation Energy (Cell Structure Relaxation): 0.672154450151 Size:  3
Vacancy Formation Energy (Cell Structure Relaxation): 0.67215444058 Size:  3
Vacancy Formation Energy (Cell Structure Relaxation): 0.67215444454 Size:  3
Vacancy Formation Energy (Cell Structure Relaxation): 0.672154440706 Size:  3
Vacancy Formation Energy (Cell Structure Relaxation): 0.672154441612 Size:  3
Vacancy Formation Energy (Cell Structure Relaxation): 0.672154444529 Size:  3
Vacancy Formation Energy (Cell Structure Relaxation): 0.672154439815 Size:  3
Vacancy Formation Energy (Cell Structure Relaxation): 0.672154444415 Size:  3
Vacancy Formation Energy (Cell Structure Relaxation): 0.672154439833 Size:  3
Vacancy Formation Energy (Cell Structure Relaxation): 0.672154443575 Size:  3
Vacancy Formation Energy (Cell Structure Relaxation): 0.672154439853 Size:  3
Vacancy Formation Energy (Cell Structure Relaxation): 0.672154442459 Size:  3
Vacancy Formation Energy (Cell Structure Relaxation): 0.672154439825 Size:  3
Vacancy Formation Energy (Cell Structure Relaxation): 0.672154441004 Size:  3
Vacancy Formation Energy (Cell Structure Relaxation): 0.672154439721 Size:  3
Vacancy Formation Energy (Cell Structure Relaxation): 0.672154442464 Size:  3
Vacancy Formation Energy (Cell Structure Relaxation): 0.672154439505 Size:  3
Vacancy Formation Energy (Cell Structure Relaxation): 0.672154440011 Size:  3
Vacancy Formation Energy (Cell Structure Relaxation): 0.672154439395 Size:  3
Vacancy Formation Energy (Cell Structure Relaxation): 0.672154439973 Size:  3
Vacancy Formation Energy (Cell Structure Relaxation): 0.672154439398 Size:  3
Vacancy Formation Energy (Cell Structure Relaxation): 0.672154440157 Size:  3
Vacancy Formation Energy (Cell Structure Relaxation): 0.672154439369 Size:  3
Vacancy Formation Energy (Cell Structure Relaxation): 0.672154440311 Size:  3
Vacancy Formation Energy (Cell Structure Relaxation): 0.672154439359 Size:  3
Vacancy Formation Energy (Cell Structure Relaxation): 0.672154440131 Size:  3
Vacancy Formation Energy (Cell Structure Relaxation): 0.672154439373 Size:  3
Vacancy Formation Energy (Cell Structure Relaxation): 0.672154439738 Size:  3
Vacancy Formation Energy (Cell Structure Relaxation): 0.672154439372 Size:  3
Vacancy Formation Energy (Cell Structure Relaxation): 0.67215443961 Size:  3
Vacancy Formation Energy (Cell Structure Relaxation): 0.67215443931 Size:  3
Optimization terminated successfully.
         Current function value: 0.672154
         Iterations: 105
         Function evaluations: 198
Summary:
Vacancy Formation Energy: 0.67215443931
Unrelaxed Cell Volume: 1793.61956655
Relaxed Cell Volume: 1785.35449598
Relaxation Volume: 8.26507056727
Relaxed Cell Vector:
[  1.21313694e+01   1.62809499e-04   1.21312489e+01   1.19133659e-04
   7.46216702e-05   1.21313497e+01]
Unrelaxed Cell Vector:
[12.15001398057, 0.0, 12.15001398057, 0.0, 0.0, 12.15001398057]
Relaxed Cell:
[[  1.21313694e+01   0.00000000e+00   0.00000000e+00]
 [  1.62809499e-04   1.21312489e+01   0.00000000e+00]
 [  1.19133659e-04   7.46216702e-05   1.21313497e+01]]
Unrelaxed Cell:
[[ 12.15001398   0.           0.        ]
 [  0.          12.15001398   0.        ]
 [  0.           0.          12.15001398]]

Supercell Size: 4
Unrelaxed Cell:
[[ 16.20001864   0.           0.        ]
 [  0.          16.20001864   0.        ]
 [  0.           0.          16.20001864]]
Unrelaxed Cell Vector:
[16.20001864076, 0.0, 16.20001864076, 0.0, 0.0, 16.20001864076]
Vacancy Formation Energy (Cell Structure Relaxation): 0.679147167679 Size:  4
Vacancy Formation Energy (Cell Structure Relaxation): 4.41533892372 Size:  4
Vacancy Formation Energy (Cell Structure Relaxation): 0.677879309777 Size:  4
Vacancy Formation Energy (Cell Structure Relaxation): 4.4155633318 Size:  4
Vacancy Formation Energy (Cell Structure Relaxation): 0.67794219282 Size:  4
Vacancy Formation Energy (Cell Structure Relaxation): 0.677942193626 Size:  4
Vacancy Formation Energy (Cell Structure Relaxation): 4.41517605609 Size:  4
Vacancy Formation Energy (Cell Structure Relaxation): 2.81574592399 Size:  4
Vacancy Formation Energy (Cell Structure Relaxation): 3.63362218789 Size:  4
Vacancy Formation Energy (Cell Structure Relaxation): 5.51513061264 Size:  4
Vacancy Formation Energy (Cell Structure Relaxation): 1.62467081695 Size:  4
Vacancy Formation Energy (Cell Structure Relaxation): 3.65095375046 Size:  4
Vacancy Formation Energy (Cell Structure Relaxation): 1.4812252591 Size:  4
Vacancy Formation Energy (Cell Structure Relaxation): 2.582974391 Size:  4
Vacancy Formation Energy (Cell Structure Relaxation): 1.18615407045 Size:  4
Vacancy Formation Energy (Cell Structure Relaxation): 1.50896639983 Size:  4
Vacancy Formation Energy (Cell Structure Relaxation): 0.881538173228 Size:  4
Vacancy Formation Energy (Cell Structure Relaxation): 1.63371504725 Size:  4
Vacancy Formation Energy (Cell Structure Relaxation): 0.869371833318 Size:  4
Vacancy Formation Energy (Cell Structure Relaxation): 1.16467754187 Size:  4
Vacancy Formation Energy (Cell Structure Relaxation): 0.796160112713 Size:  4
Vacancy Formation Energy (Cell Structure Relaxation): 0.893860432395 Size:  4
Vacancy Formation Energy (Cell Structure Relaxation): 0.727983916382 Size:  4
Vacancy Formation Energy (Cell Structure Relaxation): 0.850073101236 Size:  4
Vacancy Formation Energy (Cell Structure Relaxation): 0.717500884653 Size:  4
Vacancy Formation Energy (Cell Structure Relaxation): 0.828791811051 Size:  4
Vacancy Formation Energy (Cell Structure Relaxation): 0.701035911439 Size:  4
Vacancy Formation Energy (Cell Structure Relaxation): 0.775994748288 Size:  4
Vacancy Formation Energy (Cell Structure Relaxation): 0.683589456919 Size:  4
Vacancy Formation Energy (Cell Structure Relaxation): 0.707030447516 Size:  4
Vacancy Formation Energy (Cell Structure Relaxation): 0.680908372848 Size:  4
Vacancy Formation Energy (Cell Structure Relaxation): 0.719657579831 Size:  4
Vacancy Formation Energy (Cell Structure Relaxation): 0.678732594082 Size:  4
Vacancy Formation Energy (Cell Structure Relaxation): 0.69970793637 Size:  4
Vacancy Formation Energy (Cell Structure Relaxation): 0.674934213768 Size:  4
Vacancy Formation Energy (Cell Structure Relaxation): 0.688715446626 Size:  4
Vacancy Formation Energy (Cell Structure Relaxation): 0.675206260906 Size:  4
Vacancy Formation Energy (Cell Structure Relaxation): 0.674460420979 Size:  4
Vacancy Formation Energy (Cell Structure Relaxation): 0.678580808029 Size:  4
Vacancy Formation Energy (Cell Structure Relaxation): 0.686016164825 Size:  4
Vacancy Formation Energy (Cell Structure Relaxation): 0.67448193161 Size:  4
Vacancy Formation Energy (Cell Structure Relaxation): 0.675583637818 Size:  4
Vacancy Formation Energy (Cell Structure Relaxation): 0.679723496576 Size:  4
Vacancy Formation Energy (Cell Structure Relaxation): 0.674543486239 Size:  4
Vacancy Formation Energy (Cell Structure Relaxation): 0.681639383678 Size:  4
Vacancy Formation Energy (Cell Structure Relaxation): 0.674393974346 Size:  4
Vacancy Formation Energy (Cell Structure Relaxation): 0.675235248186 Size:  4
Vacancy Formation Energy (Cell Structure Relaxation): 0.674118891018 Size:  4
Vacancy Formation Energy (Cell Structure Relaxation): 0.67513639503 Size:  4
Vacancy Formation Energy (Cell Structure Relaxation): 0.674100422115 Size:  4
Vacancy Formation Energy (Cell Structure Relaxation): 0.676437366788 Size:  4
Vacancy Formation Energy (Cell Structure Relaxation): 0.673928757258 Size:  4
Vacancy Formation Energy (Cell Structure Relaxation): 0.674729457694 Size:  4
Vacancy Formation Energy (Cell Structure Relaxation): 0.673957290036 Size:  4
Vacancy Formation Energy (Cell Structure Relaxation): 0.674543589573 Size:  4
Vacancy Formation Energy (Cell Structure Relaxation): 0.673947545397 Size:  4
Vacancy Formation Energy (Cell Structure Relaxation): 0.675405723418 Size:  4
Vacancy Formation Energy (Cell Structure Relaxation): 0.673866836248 Size:  4
Vacancy Formation Energy (Cell Structure Relaxation): 0.67434885121 Size:  4
Vacancy Formation Energy (Cell Structure Relaxation): 0.673918980694 Size:  4
Vacancy Formation Energy (Cell Structure Relaxation): 0.67459799269 Size:  4
Vacancy Formation Energy (Cell Structure Relaxation): 0.673825553699 Size:  4
Vacancy Formation Energy (Cell Structure Relaxation): 0.673983533858 Size:  4
Vacancy Formation Energy (Cell Structure Relaxation): 0.673815946915 Size:  4
Vacancy Formation Energy (Cell Structure Relaxation): 0.674321090363 Size:  4
Vacancy Formation Energy (Cell Structure Relaxation): 0.673790620663 Size:  4
Vacancy Formation Energy (Cell Structure Relaxation): 0.673830934888 Size:  4
Vacancy Formation Energy (Cell Structure Relaxation): 0.673942414993 Size:  4
Vacancy Formation Energy (Cell Structure Relaxation): 0.673804461802 Size:  4
Vacancy Formation Energy (Cell Structure Relaxation): 0.673886416763 Size:  4
Vacancy Formation Energy (Cell Structure Relaxation): 0.673787911435 Size:  4
Vacancy Formation Energy (Cell Structure Relaxation): 0.673894712551 Size:  4
Vacancy Formation Energy (Cell Structure Relaxation): 0.673782892416 Size:  4
Vacancy Formation Energy (Cell Structure Relaxation): 0.673899070167 Size:  4
Vacancy Formation Energy (Cell Structure Relaxation): 0.673770687853 Size:  4
Vacancy Formation Energy (Cell Structure Relaxation): 0.673876778473 Size:  4
Vacancy Formation Energy (Cell Structure Relaxation): 0.673771401593 Size:  4
Vacancy Formation Energy (Cell Structure Relaxation): 0.673794212003 Size:  4
Vacancy Formation Energy (Cell Structure Relaxation): 0.673858840744 Size:  4
Vacancy Formation Energy (Cell Structure Relaxation): 0.673764186842 Size:  4
Vacancy Formation Energy (Cell Structure Relaxation): 0.673817860693 Size:  4
Vacancy Formation Energy (Cell Structure Relaxation): 0.673764834127 Size:  4
Vacancy Formation Energy (Cell Structure Relaxation): 0.673797960449 Size:  4
Vacancy Formation Energy (Cell Structure Relaxation): 0.67376536216 Size:  4
Vacancy Formation Energy (Cell Structure Relaxation): 0.673783660272 Size:  4
Vacancy Formation Energy (Cell Structure Relaxation): 0.673763280403 Size:  4
Vacancy Formation Energy (Cell Structure Relaxation): 0.673797711793 Size:  4
Vacancy Formation Energy (Cell Structure Relaxation): 0.673762055935 Size:  4
Vacancy Formation Energy (Cell Structure Relaxation): 0.673780836912 Size:  4
Vacancy Formation Energy (Cell Structure Relaxation): 0.673759807341 Size:  4
Vacancy Formation Energy (Cell Structure Relaxation): 0.673779433325 Size:  4
Vacancy Formation Energy (Cell Structure Relaxation): 0.673759732923 Size:  4
Vacancy Formation Energy (Cell Structure Relaxation): 0.673773101476 Size:  4
Vacancy Formation Energy (Cell Structure Relaxation): 0.673758598071 Size:  4
Vacancy Formation Energy (Cell Structure Relaxation): 0.673769635503 Size:  4
Vacancy Formation Energy (Cell Structure Relaxation): 0.673758779503 Size:  4
Vacancy Formation Energy (Cell Structure Relaxation): 0.673764041131 Size:  4
Vacancy Formation Energy (Cell Structure Relaxation): 0.673758959254 Size:  4
Vacancy Formation Energy (Cell Structure Relaxation): 0.673765120968 Size:  4
Vacancy Formation Energy (Cell Structure Relaxation): 0.673758572335 Size:  4
Vacancy Formation Energy (Cell Structure Relaxation): 0.673767227861 Size:  4
Vacancy Formation Energy (Cell Structure Relaxation): 0.673757994733 Size:  4
Vacancy Formation Energy (Cell Structure Relaxation): 0.673759044128 Size:  4
Vacancy Formation Energy (Cell Structure Relaxation): 0.673763286437 Size:  4
Vacancy Formation Energy (Cell Structure Relaxation): 0.673757551042 Size:  4
Vacancy Formation Energy (Cell Structure Relaxation): 0.673760544672 Size:  4
Vacancy Formation Energy (Cell Structure Relaxation): 0.67375759928 Size:  4
Vacancy Formation Energy (Cell Structure Relaxation): 0.673759253432 Size:  4
Vacancy Formation Energy (Cell Structure Relaxation): 0.673757686252 Size:  4
Vacancy Formation Energy (Cell Structure Relaxation): 0.673759087876 Size:  4
Vacancy Formation Energy (Cell Structure Relaxation): 0.673757630025 Size:  4
Vacancy Formation Energy (Cell Structure Relaxation): 0.673759355913 Size:  4
Vacancy Formation Energy (Cell Structure Relaxation): 0.673757541622 Size:  4
Vacancy Formation Energy (Cell Structure Relaxation): 0.673757696871 Size:  4
Vacancy Formation Energy (Cell Structure Relaxation): 0.673758942471 Size:  4
Vacancy Formation Energy (Cell Structure Relaxation): 0.673757290871 Size:  4
Vacancy Formation Energy (Cell Structure Relaxation): 0.673758472859 Size:  4
Vacancy Formation Energy (Cell Structure Relaxation): 0.673757245711 Size:  4
Vacancy Formation Energy (Cell Structure Relaxation): 0.673757662743 Size:  4
Vacancy Formation Energy (Cell Structure Relaxation): 0.673757305072 Size:  4
Vacancy Formation Energy (Cell Structure Relaxation): 0.673757407894 Size:  4
Vacancy Formation Energy (Cell Structure Relaxation): 0.673757465156 Size:  4
Vacancy Formation Energy (Cell Structure Relaxation): 0.673757837977 Size:  4
Vacancy Formation Energy (Cell Structure Relaxation): 0.673757214303 Size:  4
Vacancy Formation Energy (Cell Structure Relaxation): 0.67375782592 Size:  4
Vacancy Formation Energy (Cell Structure Relaxation): 0.673757213779 Size:  4
Vacancy Formation Energy (Cell Structure Relaxation): 0.673757555825 Size:  4
Vacancy Formation Energy (Cell Structure Relaxation): 0.673757212512 Size:  4
Vacancy Formation Energy (Cell Structure Relaxation): 0.673757446821 Size:  4
Vacancy Formation Energy (Cell Structure Relaxation): 0.673757201306 Size:  4
Vacancy Formation Energy (Cell Structure Relaxation): 0.67375745002 Size:  4
Vacancy Formation Energy (Cell Structure Relaxation): 0.673757166606 Size:  4
Vacancy Formation Energy (Cell Structure Relaxation): 0.67375740711 Size:  4
Vacancy Formation Energy (Cell Structure Relaxation): 0.673757166746 Size:  4
Vacancy Formation Energy (Cell Structure Relaxation): 0.673757261594 Size:  4
Vacancy Formation Energy (Cell Structure Relaxation): 0.673757164801 Size:  4
Vacancy Formation Energy (Cell Structure Relaxation): 0.673757274221 Size:  4
Vacancy Formation Energy (Cell Structure Relaxation): 0.673757153109 Size:  4
Vacancy Formation Energy (Cell Structure Relaxation): 0.673757285212 Size:  4
Vacancy Formation Energy (Cell Structure Relaxation): 0.673757152529 Size:  4
Vacancy Formation Energy (Cell Structure Relaxation): 0.673757206387 Size:  4
Vacancy Formation Energy (Cell Structure Relaxation): 0.673757155943 Size:  4
Vacancy Formation Energy (Cell Structure Relaxation): 0.673757193635 Size:  4
Vacancy Formation Energy (Cell Structure Relaxation): 0.673757151362 Size:  4
Vacancy Formation Energy (Cell Structure Relaxation): 0.673757200826 Size:  4
Vacancy Formation Energy (Cell Structure Relaxation): 0.673757142518 Size:  4
Vacancy Formation Energy (Cell Structure Relaxation): 0.673757170897 Size:  4
Vacancy Formation Energy (Cell Structure Relaxation): 0.673757145223 Size:  4
Vacancy Formation Energy (Cell Structure Relaxation): 0.673757178703 Size:  4
Vacancy Formation Energy (Cell Structure Relaxation): 0.673757143819 Size:  4
Vacancy Formation Energy (Cell Structure Relaxation): 0.673757164108 Size:  4
Vacancy Formation Energy (Cell Structure Relaxation): 0.673757142188 Size:  4
Vacancy Formation Energy (Cell Structure Relaxation): 0.673757163925 Size:  4
Vacancy Formation Energy (Cell Structure Relaxation): 0.673757141291 Size:  4
Vacancy Formation Energy (Cell Structure Relaxation): 0.673757162643 Size:  4
Vacancy Formation Energy (Cell Structure Relaxation): 0.673757141287 Size:  4
Vacancy Formation Energy (Cell Structure Relaxation): 0.673757148259 Size:  4
Vacancy Formation Energy (Cell Structure Relaxation): 0.673757140548 Size:  4
Vacancy Formation Energy (Cell Structure Relaxation): 0.673757144495 Size:  4
Vacancy Formation Energy (Cell Structure Relaxation): 0.673757139732 Size:  4
Vacancy Formation Energy (Cell Structure Relaxation): 0.673757148311 Size:  4
Vacancy Formation Energy (Cell Structure Relaxation): 0.673757139214 Size:  4
Vacancy Formation Energy (Cell Structure Relaxation): 0.673757142985 Size:  4
Vacancy Formation Energy (Cell Structure Relaxation): 0.673757139254 Size:  4
Vacancy Formation Energy (Cell Structure Relaxation): 0.67375714428 Size:  4
Vacancy Formation Energy (Cell Structure Relaxation): 0.673757139017 Size:  4
Vacancy Formation Energy (Cell Structure Relaxation): 0.67375714467 Size:  4
Vacancy Formation Energy (Cell Structure Relaxation): 0.6737571387 Size:  4
Vacancy Formation Energy (Cell Structure Relaxation): 0.673757143067 Size:  4
Vacancy Formation Energy (Cell Structure Relaxation): 0.673757138869 Size:  4
Vacancy Formation Energy (Cell Structure Relaxation): 0.67375714124 Size:  4
Vacancy Formation Energy (Cell Structure Relaxation): 0.673757138777 Size:  4
Vacancy Formation Energy (Cell Structure Relaxation): 0.673757139535 Size:  4
Vacancy Formation Energy (Cell Structure Relaxation): 0.67375713855 Size:  4
Vacancy Formation Energy (Cell Structure Relaxation): 0.67375713973 Size:  4
Vacancy Formation Energy (Cell Structure Relaxation): 0.67375713845 Size:  4
Vacancy Formation Energy (Cell Structure Relaxation): 0.673757140191 Size:  4
Vacancy Formation Energy (Cell Structure Relaxation): 0.673757138402 Size:  4
Vacancy Formation Energy (Cell Structure Relaxation): 0.673757138868 Size:  4
Vacancy Formation Energy (Cell Structure Relaxation): 0.673757139716 Size:  4
Vacancy Formation Energy (Cell Structure Relaxation): 0.673757138322 Size:  4
Vacancy Formation Energy (Cell Structure Relaxation): 0.673757139183 Size:  4
Vacancy Formation Energy (Cell Structure Relaxation): 0.673757138362 Size:  4
Vacancy Formation Energy (Cell Structure Relaxation): 0.673757138744 Size:  4
Vacancy Formation Energy (Cell Structure Relaxation): 0.673757138361 Size:  4
Vacancy Formation Energy (Cell Structure Relaxation): 0.673757138696 Size:  4
Vacancy Formation Energy (Cell Structure Relaxation): 0.673757138353 Size:  4
Vacancy Formation Energy (Cell Structure Relaxation): 0.673757139105 Size:  4
Vacancy Formation Energy (Cell Structure Relaxation): 0.67375713827 Size:  4
Optimization terminated successfully.
         Current function value: 0.673757
         Iterations: 97
         Function evaluations: 189
Summary:
Vacancy Formation Energy: 0.67375713827
Unrelaxed Cell Volume: 4251.54267626
Relaxed Cell Volume: 4243.33061093
Relaxation Volume: 8.21206532973
Relaxed Cell Vector:
[  1.61896011e+01   8.87909349e-05   1.61894742e+01   1.05201258e-04
   1.06787013e-04   1.61896693e+01]
Unrelaxed Cell Vector:
[16.20001864076, 0.0, 16.20001864076, 0.0, 0.0, 16.20001864076]
Relaxed Cell:
[[  1.61896011e+01   0.00000000e+00   0.00000000e+00]
 [  8.87909349e-05   1.61894742e+01   0.00000000e+00]
 [  1.05201258e-04   1.06787013e-04   1.61896693e+01]]
Unrelaxed Cell:
[[ 16.20001864   0.           0.        ]
 [  0.          16.20001864   0.        ]
 [  0.           0.          16.20001864]]

Supercell Size: 5
Unrelaxed Cell:
[[ 20.2500233   0.          0.       ]
 [  0.         20.2500233   0.       ]
 [  0.          0.         20.2500233]]
Unrelaxed Cell Vector:
[20.250023300949998, 0.0, 20.250023300949998, 0.0, 0.0, 20.250023300949998]
Vacancy Formation Energy (Cell Structure Relaxation): 0.678774687646 Size:  5
Vacancy Formation Energy (Cell Structure Relaxation): 7.82454668785 Size:  5
Vacancy Formation Energy (Cell Structure Relaxation): 0.676677077191 Size:  5
Vacancy Formation Energy (Cell Structure Relaxation): 7.8248741484 Size:  5
Vacancy Formation Energy (Cell Structure Relaxation): 0.67672780888 Size:  5
Vacancy Formation Energy (Cell Structure Relaxation): 0.676727809388 Size:  5
Vacancy Formation Energy (Cell Structure Relaxation): 7.82442073449 Size:  5
Vacancy Formation Energy (Cell Structure Relaxation): 4.96448732865 Size:  5
Vacancy Formation Energy (Cell Structure Relaxation): 6.64486874708 Size:  5
Vacancy Formation Energy (Cell Structure Relaxation): 10.4016299202 Size:  5
Vacancy Formation Energy (Cell Structure Relaxation): 2.45862466325 Size:  5
Vacancy Formation Energy (Cell Structure Relaxation): 6.36338363193 Size:  5
Vacancy Formation Energy (Cell Structure Relaxation): 2.29234323898 Size:  5
Vacancy Formation Energy (Cell Structure Relaxation): 4.9976247323 Size:  5
Vacancy Formation Energy (Cell Structure Relaxation): 1.9188076595 Size:  5
Vacancy Formation Energy (Cell Structure Relaxation): 2.13907646733 Size:  5
Vacancy Formation Energy (Cell Structure Relaxation): 2.21491355729 Size:  5
Vacancy Formation Energy (Cell Structure Relaxation): 1.09327011332 Size:  5
Vacancy Formation Energy (Cell Structure Relaxation): 2.01791220105 Size:  5
Vacancy Formation Energy (Cell Structure Relaxation): 1.0463829356 Size:  5
Vacancy Formation Energy (Cell Structure Relaxation): 1.6931929673 Size:  5
Vacancy Formation Energy (Cell Structure Relaxation): 0.923229711952 Size:  5
Vacancy Formation Energy (Cell Structure Relaxation): 1.2709373941 Size:  5
Vacancy Formation Energy (Cell Structure Relaxation): 0.769886131316 Size:  5
Vacancy Formation Energy (Cell Structure Relaxation): 1.11539860315 Size:  5
Vacancy Formation Energy (Cell Structure Relaxation): 0.769156442157 Size:  5
Vacancy Formation Energy (Cell Structure Relaxation): 0.933051451781 Size:  5
Vacancy Formation Energy (Cell Structure Relaxation): 0.740176459341 Size:  5
Vacancy Formation Energy (Cell Structure Relaxation): 0.817497787437 Size:  5
Vacancy Formation Energy (Cell Structure Relaxation): 0.697272814743 Size:  5
Vacancy Formation Energy (Cell Structure Relaxation): 0.760303338939 Size:  5
Vacancy Formation Energy (Cell Structure Relaxation): 0.696601505387 Size:  5
Vacancy Formation Energy (Cell Structure Relaxation): 0.722376773296 Size:  5
Vacancy Formation Energy (Cell Structure Relaxation): 0.68460151734 Size:  5
Vacancy Formation Energy (Cell Structure Relaxation): 0.723953926993 Size:  5
Vacancy Formation Energy (Cell Structure Relaxation): 0.677838276607 Size:  5
Vacancy Formation Energy (Cell Structure Relaxation): 0.704595817367 Size:  5
Vacancy Formation Energy (Cell Structure Relaxation): 0.679462544359 Size:  5
Vacancy Formation Energy (Cell Structure Relaxation): 0.68909851116 Size:  5
Vacancy Formation Energy (Cell Structure Relaxation): 0.67685247434 Size:  5
Vacancy Formation Energy (Cell Structure Relaxation): 0.682492591936 Size:  5
Vacancy Formation Energy (Cell Structure Relaxation): 0.675740696047 Size:  5
Vacancy Formation Energy (Cell Structure Relaxation): 0.674572194105 Size:  5
Vacancy Formation Energy (Cell Structure Relaxation): 0.675748219666 Size:  5
Vacancy Formation Energy (Cell Structure Relaxation): 0.68710769575 Size:  5
Vacancy Formation Energy (Cell Structure Relaxation): 0.674683888223 Size:  5
Vacancy Formation Energy (Cell Structure Relaxation): 0.677807185821 Size:  5
Vacancy Formation Energy (Cell Structure Relaxation): 0.675284795054 Size:  5
Vacancy Formation Energy (Cell Structure Relaxation): 0.674780947804 Size:  5
Vacancy Formation Energy (Cell Structure Relaxation): 0.675724815077 Size:  5
Vacancy Formation Energy (Cell Structure Relaxation): 0.678144563536 Size:  5
Vacancy Formation Energy (Cell Structure Relaxation): 0.674866972562 Size:  5
Vacancy Formation Energy (Cell Structure Relaxation): 0.675395612252 Size:  5
Vacancy Formation Energy (Cell Structure Relaxation): 0.675382485953 Size:  5
Vacancy Formation Energy (Cell Structure Relaxation): 0.675898032423 Size:  5
Vacancy Formation Energy (Cell Structure Relaxation): 0.674659833469 Size:  5
Vacancy Formation Energy (Cell Structure Relaxation): 0.675608829722 Size:  5
Vacancy Formation Energy (Cell Structure Relaxation): 0.674679019501 Size:  5
Vacancy Formation Energy (Cell Structure Relaxation): 0.675087871023 Size:  5
Vacancy Formation Energy (Cell Structure Relaxation): 0.67458455182 Size:  5
Vacancy Formation Energy (Cell Structure Relaxation): 0.675460662746 Size:  5
Vacancy Formation Energy (Cell Structure Relaxation): 0.674498699837 Size:  5
Vacancy Formation Energy (Cell Structure Relaxation): 0.674752454245 Size:  5
Vacancy Formation Energy (Cell Structure Relaxation): 0.674521195843 Size:  5
Vacancy Formation Energy (Cell Structure Relaxation): 0.674772184085 Size:  5
Vacancy Formation Energy (Cell Structure Relaxation): 0.674497396601 Size:  5
Vacancy Formation Energy (Cell Structure Relaxation): 0.674877195411 Size:  5
Vacancy Formation Energy (Cell Structure Relaxation): 0.674486874387 Size:  5
Vacancy Formation Energy (Cell Structure Relaxation): 0.674588136677 Size:  5
Vacancy Formation Energy (Cell Structure Relaxation): 0.674469302696 Size:  5
Vacancy Formation Energy (Cell Structure Relaxation): 0.674593924329 Size:  5
Vacancy Formation Energy (Cell Structure Relaxation): 0.674473114379 Size:  5
Vacancy Formation Energy (Cell Structure Relaxation): 0.674676310746 Size:  5
Vacancy Formation Energy (Cell Structure Relaxation): 0.674461287225 Size:  5
Vacancy Formation Energy (Cell Structure Relaxation): 0.674530085638 Size:  5
Vacancy Formation Energy (Cell Structure Relaxation): 0.674457508888 Size:  5
Vacancy Formation Energy (Cell Structure Relaxation): 0.674580967054 Size:  5
Vacancy Formation Energy (Cell Structure Relaxation): 0.674445710049 Size:  5
Vacancy Formation Energy (Cell Structure Relaxation): 0.674487407091 Size:  5
Vacancy Formation Energy (Cell Structure Relaxation): 0.674448717234 Size:  5
Vacancy Formation Energy (Cell Structure Relaxation): 0.674514417355 Size:  5
Vacancy Formation Energy (Cell Structure Relaxation): 0.674446850089 Size:  5
Vacancy Formation Energy (Cell Structure Relaxation): 0.674495294901 Size:  5
Vacancy Formation Energy (Cell Structure Relaxation): 0.674444061499 Size:  5
Vacancy Formation Energy (Cell Structure Relaxation): 0.674481977452 Size:  5
Vacancy Formation Energy (Cell Structure Relaxation): 0.674443979341 Size:  5
Vacancy Formation Energy (Cell Structure Relaxation): 0.674492426784 Size:  5
Vacancy Formation Energy (Cell Structure Relaxation): 0.674440556329 Size:  5
Vacancy Formation Energy (Cell Structure Relaxation): 0.674466423902 Size:  5
Vacancy Formation Energy (Cell Structure Relaxation): 0.674441814939 Size:  5
Vacancy Formation Energy (Cell Structure Relaxation): 0.674445387485 Size:  5
Vacancy Formation Energy (Cell Structure Relaxation): 0.674455163708 Size:  5
Vacancy Formation Energy (Cell Structure Relaxation): 0.674438962592 Size:  5
Vacancy Formation Energy (Cell Structure Relaxation): 0.674457573958 Size:  5
Vacancy Formation Energy (Cell Structure Relaxation): 0.674438489587 Size:  5
Vacancy Formation Energy (Cell Structure Relaxation): 0.674443122909 Size:  5
Vacancy Formation Energy (Cell Structure Relaxation): 0.674451355832 Size:  5
Vacancy Formation Energy (Cell Structure Relaxation): 0.674438377612 Size:  5
Vacancy Formation Energy (Cell Structure Relaxation): 0.67444474985 Size:  5
Vacancy Formation Energy (Cell Structure Relaxation): 0.674438950385 Size:  5
Vacancy Formation Energy (Cell Structure Relaxation): 0.674442604677 Size:  5
Vacancy Formation Energy (Cell Structure Relaxation): 0.67443853044 Size:  5
Vacancy Formation Energy (Cell Structure Relaxation): 0.674442146663 Size:  5
Vacancy Formation Energy (Cell Structure Relaxation): 0.674438308565 Size:  5
Vacancy Formation Energy (Cell Structure Relaxation): 0.674446042023 Size:  5
Vacancy Formation Energy (Cell Structure Relaxation): 0.674437563725 Size:  5
Vacancy Formation Energy (Cell Structure Relaxation): 0.674440063769 Size:  5
Vacancy Formation Energy (Cell Structure Relaxation): 0.674437614648 Size:  5
Vacancy Formation Energy (Cell Structure Relaxation): 0.674438799917 Size:  5
Vacancy Formation Energy (Cell Structure Relaxation): 0.674437639017 Size:  5
Vacancy Formation Energy (Cell Structure Relaxation): 0.674438068375 Size:  5
Vacancy Formation Energy (Cell Structure Relaxation): 0.674438817055 Size:  5
Vacancy Formation Energy (Cell Structure Relaxation): 0.674437487299 Size:  5
Vacancy Formation Energy (Cell Structure Relaxation): 0.674439639784 Size:  5
Vacancy Formation Energy (Cell Structure Relaxation): 0.67443738006 Size:  5
Vacancy Formation Energy (Cell Structure Relaxation): 0.674437879919 Size:  5
Vacancy Formation Energy (Cell Structure Relaxation): 0.674437992887 Size:  5
Vacancy Formation Energy (Cell Structure Relaxation): 0.674437341443 Size:  5
Vacancy Formation Energy (Cell Structure Relaxation): 0.674438581955 Size:  5
Vacancy Formation Energy (Cell Structure Relaxation): 0.674437257636 Size:  5
Vacancy Formation Energy (Cell Structure Relaxation): 0.674437690777 Size:  5
Vacancy Formation Energy (Cell Structure Relaxation): 0.67443725874 Size:  5
Vacancy Formation Energy (Cell Structure Relaxation): 0.674437958173 Size:  5
Vacancy Formation Energy (Cell Structure Relaxation): 0.674437225483 Size:  5
Vacancy Formation Energy (Cell Structure Relaxation): 0.674437813659 Size:  5
Vacancy Formation Energy (Cell Structure Relaxation): 0.674437222827 Size:  5
Vacancy Formation Energy (Cell Structure Relaxation): 0.674437898974 Size:  5
Vacancy Formation Energy (Cell Structure Relaxation): 0.674437192808 Size:  5
Vacancy Formation Energy (Cell Structure Relaxation): 0.674437309012 Size:  5
Vacancy Formation Energy (Cell Structure Relaxation): 0.674437418133 Size:  5
Vacancy Formation Energy (Cell Structure Relaxation): 0.674437182096 Size:  5
Vacancy Formation Energy (Cell Structure Relaxation): 0.67443732535 Size:  5
Vacancy Formation Energy (Cell Structure Relaxation): 0.674437178503 Size:  5
Vacancy Formation Energy (Cell Structure Relaxation): 0.674437302553 Size:  5
Vacancy Formation Energy (Cell Structure Relaxation): 0.67443716288 Size:  5
Vacancy Formation Energy (Cell Structure Relaxation): 0.674437316538 Size:  5
Vacancy Formation Energy (Cell Structure Relaxation): 0.674437161016 Size:  5
Vacancy Formation Energy (Cell Structure Relaxation): 0.674437303849 Size:  5
Vacancy Formation Energy (Cell Structure Relaxation): 0.67443715178 Size:  5
Vacancy Formation Energy (Cell Structure Relaxation): 0.674437236218 Size:  5
Vacancy Formation Energy (Cell Structure Relaxation): 0.674437156933 Size:  5
Vacancy Formation Energy (Cell Structure Relaxation): 0.674437289936 Size:  5
Vacancy Formation Energy (Cell Structure Relaxation): 0.674437142671 Size:  5
Vacancy Formation Energy (Cell Structure Relaxation): 0.674437190634 Size:  5
Vacancy Formation Energy (Cell Structure Relaxation): 0.674437148557 Size:  5
Vacancy Formation Energy (Cell Structure Relaxation): 0.674437170554 Size:  5
Vacancy Formation Energy (Cell Structure Relaxation): 0.674437144706 Size:  5
Vacancy Formation Energy (Cell Structure Relaxation): 0.674437160217 Size:  5
Vacancy Formation Energy (Cell Structure Relaxation): 0.674437158985 Size:  5
Vacancy Formation Energy (Cell Structure Relaxation): 0.674437195888 Size:  5
Vacancy Formation Energy (Cell Structure Relaxation): 0.674437139418 Size:  5
Vacancy Formation Energy (Cell Structure Relaxation): 0.674437153303 Size:  5
Vacancy Formation Energy (Cell Structure Relaxation): 0.674437155526 Size:  5
Vacancy Formation Energy (Cell Structure Relaxation): 0.674437140724 Size:  5
Vacancy Formation Energy (Cell Structure Relaxation): 0.674437175995 Size:  5
Vacancy Formation Energy (Cell Structure Relaxation): 0.67443713831 Size:  5
Vacancy Formation Energy (Cell Structure Relaxation): 0.674437153393 Size:  5
Vacancy Formation Energy (Cell Structure Relaxation): 0.674437139923 Size:  5
Vacancy Formation Energy (Cell Structure Relaxation): 0.674437160824 Size:  5
Vacancy Formation Energy (Cell Structure Relaxation): 0.674437138163 Size:  5
Vacancy Formation Energy (Cell Structure Relaxation): 0.674437145361 Size:  5
Vacancy Formation Energy (Cell Structure Relaxation): 0.674437138293 Size:  5
Vacancy Formation Energy (Cell Structure Relaxation): 0.674437142467 Size:  5
Vacancy Formation Energy (Cell Structure Relaxation): 0.674437137694 Size:  5
Vacancy Formation Energy (Cell Structure Relaxation): 0.674437143492 Size:  5
Vacancy Formation Energy (Cell Structure Relaxation): 0.674437137056 Size:  5
Vacancy Formation Energy (Cell Structure Relaxation): 0.674437144425 Size:  5
Vacancy Formation Energy (Cell Structure Relaxation): 0.674437136699 Size:  5
Vacancy Formation Energy (Cell Structure Relaxation): 0.674437141643 Size:  5
Vacancy Formation Energy (Cell Structure Relaxation): 0.674437136819 Size:  5
Vacancy Formation Energy (Cell Structure Relaxation): 0.674437142865 Size:  5
Vacancy Formation Energy (Cell Structure Relaxation): 0.674437136386 Size:  5
Vacancy Formation Energy (Cell Structure Relaxation): 0.674437136276 Size:  5
Vacancy Formation Energy (Cell Structure Relaxation): 0.674437138552 Size:  5
Vacancy Formation Energy (Cell Structure Relaxation): 0.674437137764 Size:  5
Vacancy Formation Energy (Cell Structure Relaxation): 0.674437136417 Size:  5
Vacancy Formation Energy (Cell Structure Relaxation): 0.67443713754 Size:  5
Vacancy Formation Energy (Cell Structure Relaxation): 0.674437136334 Size:  5
Vacancy Formation Energy (Cell Structure Relaxation): 0.674437137433 Size:  5
Vacancy Formation Energy (Cell Structure Relaxation): 0.674437136162 Size:  5
Vacancy Formation Energy (Cell Structure Relaxation): 0.674437136643 Size:  5
Vacancy Formation Energy (Cell Structure Relaxation): 0.674437136886 Size:  5
Vacancy Formation Energy (Cell Structure Relaxation): 0.674437136141 Size:  5
Vacancy Formation Energy (Cell Structure Relaxation): 0.67443713696 Size:  5
Vacancy Formation Energy (Cell Structure Relaxation): 0.674437136057 Size:  5
Vacancy Formation Energy (Cell Structure Relaxation): 0.674437135908 Size:  5
Vacancy Formation Energy (Cell Structure Relaxation): 0.674437136404 Size:  5
Vacancy Formation Energy (Cell Structure Relaxation): 0.674437136875 Size:  5
Vacancy Formation Energy (Cell Structure Relaxation): 0.674437135935 Size:  5
Vacancy Formation Energy (Cell Structure Relaxation): 0.674437136432 Size:  5
Vacancy Formation Energy (Cell Structure Relaxation): 0.674437135982 Size:  5
Vacancy Formation Energy (Cell Structure Relaxation): 0.674437137089 Size:  5
Vacancy Formation Energy (Cell Structure Relaxation): 0.674437135903 Size:  5
Optimization terminated successfully.
         Current function value: 0.674437
         Iterations: 102
         Function evaluations: 193
Summary:
Vacancy Formation Energy: 0.674437135903
Unrelaxed Cell Volume: 8303.79428957
Relaxed Cell Volume: 8295.59020975
Relaxation Volume: 8.20407982266
Relaxed Cell Vector:
[  2.02434494e+01   1.42166941e-04   2.02433695e+01   1.27503810e-04
   7.13884716e-05   2.02432375e+01]
Unrelaxed Cell Vector:
[20.250023300949998, 0.0, 20.250023300949998, 0.0, 0.0, 20.250023300949998]
Relaxed Cell:
[[  2.02434494e+01   0.00000000e+00   0.00000000e+00]
 [  1.42166941e-04   2.02433695e+01   0.00000000e+00]
 [  1.27503810e-04   7.13884716e-05   2.02432375e+01]]
Unrelaxed Cell:
[[ 20.2500233   0.          0.       ]
 [  0.         20.2500233   0.       ]
 [  0.          0.         20.2500233]]

[Calculation Results Summary]
Sizes: [3, 4, 5]
Formation Energy By Size:
[0.67215443931024765, 0.67375713826959327, 0.67443713590273546]
Relaxation Volume By Size:
[8.2650705672726872, 8.2120653297324679, 8.2040798226644256]

[Extrapolation]
Fitting with 2 points, including orders [0, 3]
Fit with data beginning 0

Fit with Size: [3 4]
Orders: [0, 3]
Matrix A (Ax = y):
[[ 1.          0.03703704]
 [ 1.          0.015625  ]]
Data for Fitting: [ 0.67215444  0.67375714]
Fitting Results: (array([ 0.67492668, -0.07485037]), array([], dtype=float64), 2, array([ 1.41470379,  0.01513535]))

Fit with Size: [3 4]
Orders: [0, 3]
Matrix A (Ax = y):
[[ 1.          0.03703704]
 [ 1.          0.015625  ]]
Data for Fitting: [ 8.26507057  8.21206533]
Fitting Results: (array([ 8.17338583,  2.47548785]), array([], dtype=float64), 2, array([ 1.41470379,  0.01513535]))
Fit with data beginning 1

Fit with Size: [4 5]
Orders: [0, 3]
Matrix A (Ax = y):
[[ 1.        0.015625]
 [ 1.        0.008   ]]
Data for Fitting: [ 0.67375714  0.67443714]
Fitting Results: (array([ 0.67515058, -0.08918002]), array([], dtype=float64), 2, array([ 1.41431223,  0.00539131]))

Fit with Size: [4 5]
Orders: [0, 3]
Matrix A (Ax = y):
[[ 1.        0.015625]
 [ 1.        0.008   ]]
Data for Fitting: [ 8.21206533  8.20407982]
Fitting Results: (array([ 8.19570159,  1.04727962]), array([], dtype=float64), 2, array([ 1.41431223,  0.00539131]))
Fitting with 3 points, including orders [0, 3]
Fit with data beginning 0

Fit with Size: [3 4 5]
Orders: [0, 3]
Matrix A (Ax = y):
[[ 1.          0.03703704]
 [ 1.          0.015625  ]
 [ 1.          0.008     ]]
Data for Fitting: [ 0.67215444  0.67375714  0.67443714]
Fitting Results: (array([ 0.67502267, -0.07779634]), array([  4.02533924e-09]), 2, array([ 1.73240492,  0.02128544]))

Fit with Size: [3 4 5]
Orders: [0, 3]
Matrix A (Ax = y):
[[ 1.          0.03703704]
 [ 1.          0.015625  ]
 [ 1.          0.008     ]]
Data for Fitting: [ 8.26507057  8.21206533  8.20407982]
Fitting Results: (array([ 8.18295303,  2.18186898]), array([  3.99866226e-05]), 2, array([ 1.73240492,  0.02128544]))
Fitting with 3 points, including orders [0, 3, 4]
Fit with data beginning 0

Fit with Size: [3 4 5]
Orders: [0, 3, 4]
Matrix A (Ax = y):
[[ 1.          0.03703704  0.01234568]
 [ 1.          0.015625    0.00390625]
 [ 1.          0.008       0.0016    ]]
Data for Fitting: [ 0.67215444  0.67375714  0.67443714]
Fitting Results: (array([ 0.67527868, -0.13645192,  0.15629192]), array([], dtype=float64), 3, array([  1.73243559e+00,   2.27351353e-02,   3.80051182e-04]))

Fit with Size: [3 4 5]
Orders: [0, 3, 4]
Matrix A (Ax = y):
[[ 1.          0.03703704  0.01234568]
 [ 1.          0.015625    0.00390625]
 [ 1.          0.008       0.0016    ]]
Data for Fitting: [ 8.26507057  8.21206533  8.20407982]
Fitting Results: (array([  8.20846988,  -3.66422015,  15.5773163 ]), array([], dtype=float64), 3, array([  1.73243559e+00,   2.27351353e-02,   3.80051182e-04]))
Fitting with 3 points, including orders [0, 3, 5]
Fit with data beginning 0

Fit with Size: [3 4 5]
Orders: [0, 3, 5]
Matrix A (Ax = y):
[[  1.00000000e+00   3.70370370e-02   4.11522634e-03]
 [  1.00000000e+00   1.56250000e-02   9.76562500e-04]
 [  1.00000000e+00   8.00000000e-03   3.20000000e-04]]
Data for Fitting: [ 0.67215444  0.67375714  0.67443714]
Fitting Results: (array([ 0.67523797, -0.10958225,  0.23694164]), array([], dtype=float64), 3, array([  1.73240774e+00,   2.14761184e-02,   2.65390853e-04]))

Fit with Size: [3 4 5]
Orders: [0, 3, 5]
Matrix A (Ax = y):
[[  1.00000000e+00   3.70370370e-02   4.11522634e-03]
 [  1.00000000e+00   1.56250000e-02   9.76562500e-04]
 [  1.00000000e+00   8.00000000e-03   3.20000000e-04]]
Data for Fitting: [ 8.26507057  8.21206533  8.20407982]
Fitting Results: (array([  8.20441223,  -0.9861715 ,  23.61551989]), array([], dtype=float64), 3, array([  1.73240774e+00,   2.14761184e-02,   2.65390853e-04]))
Fitting with 3 points, including orders [0, 3, 6]
Fit with data beginning 0

Fit with Size: [3 4 5]
Orders: [0, 3, 6]
Matrix A (Ax = y):
[[  1.00000000e+00   3.70370370e-02   1.37174211e-03]
 [  1.00000000e+00   1.56250000e-02   2.44140625e-04]
 [  1.00000000e+00   8.00000000e-03   6.40000000e-05]]
Data for Fitting: [ 0.67215444  0.67375714  0.67443714]
Fitting Results: (array([ 0.67521226, -0.10083885,  0.49349541]), array([], dtype=float64), 3, array([  1.73240519e+00,   2.13086278e-02,   1.28423698e-04]))

Fit with Size: [3 4 5]
Orders: [0, 3, 6]
Matrix A (Ax = y):
[[  1.00000000e+00   3.70370370e-02   1.37174211e-03]
 [  1.00000000e+00   1.56250000e-02   2.44140625e-04]
 [  1.00000000e+00   8.00000000e-03   6.40000000e-05]]
Data for Fitting: [ 8.26507057  8.21206533  8.20407982]
Fitting Results: (array([  8.2018498 ,  -0.11473356,  49.18574279]), array([], dtype=float64), 3, array([  1.73240519e+00,   2.13086278e-02,   1.28423698e-04]))

[Fitting Results Summary]
Sizes: [3, 4, 5]
Data Points Used: [2, 3, 3, 3, 3]
Orders Included:
[[0, 3] [0, 3] [0, 3, 4] [0, 3, 5] [0, 3, 6]]
Formation Energy Fits By Size:
[[0.67492667534803419, 0.67515057604242534] [0.6750226659761579]
 [0.67527868417169057] [0.67523797254947004] [0.67521226296843118]]
Relaxation Volume Fits By Size:
[[8.1733858320679786, 8.1957015857405739] [8.1829530342505947]
 [8.2084698777903604] [8.2044122283241592] [8.2018498035891501]]

[Final Results]
[
    {
        "property-id" "tag:staff@noreply.openkim.org,2015-07-28:property/monovacancy-neutral-relaxed-formation-potential-energy-crystal-npt" 
        "instance-id" 1 
        "relaxed-formation-potential-energy" {
            "source-value" 0.67515057604242534 
            "source-unit" "eV" 
            "source-std-uncert-value" 0.0006864962804476952
        } 
        "host-cauchy-stress" {
            "source-value" [
                0 
                0 
                0 
                0 
                0 
                0
            ] 
            "source-unit" "GPa"
        } 
        "host-removed-atom" {
            "source-value" 1
        } 
        "host-short-name" {
            "source-value" [
                "fcc"
            ]
        } 
        "host-a" {
            "source-value" 2.863785759057468 
            "source-unit" "angstrom"
        } 
        "host-b" {
            "source-value" 2.863785759057468 
            "source-unit" "angstrom"
        } 
        "host-c" {
            "source-value" 2.863785759057468 
            "source-unit" "angstrom"
        } 
        "host-alpha" {
            "source-value" 59.999999999999993 
            "source-unit" "degree"
        } 
        "host-beta" {
            "source-value" 59.999999999999993 
            "source-unit" "degree"
        } 
        "host-gamma" {
            "source-value" 59.999999999999993 
            "source-unit" "degree"
        } 
        "host-space-group" {
            "source-value" "Fm-3m"
        } 
        "host-wyckoff-multiplicity-and-letter" {
            "source-value" [
                "4a"
            ]
        } 
        "host-wyckoff-coordinates" {
            "source-value" [
                [
                    0.0 
                    0.0 
                    -0.0
                ]
            ]
        } 
        "host-wyckoff-species" {
            "source-value" [
                "Al"
            ]
        } 
        "reservoir-cohesive-potential-energy" {
            "source-value" -3.3599999881837896 
            "source-unit" "eV"
        } 
        "reservoir-short-name" {
            "source-value" [
                "fcc"
            ]
        } 
        "reservoir-cauchy-stress" {
            "source-value" [
                0 
                0 
                0 
                0 
                0 
                0
            ] 
            "source-unit" "GPa"
        } 
        "reservoir-a" {
            "source-value" 2.863785759057468 
            "source-unit" "angstrom"
        } 
        "reservoir-b" {
            "source-value" 2.863785759057468 
            "source-unit" "angstrom"
        } 
        "reservoir-c" {
            "source-value" 2.863785759057468 
            "source-unit" "angstrom"
        } 
        "reservoir-alpha" {
            "source-value" 59.999999999999993 
            "source-unit" "degree"
        } 
        "reservoir-beta" {
            "source-value" 59.999999999999993 
            "source-unit" "degree"
        } 
        "reservoir-gamma" {
            "source-value" 59.999999999999993 
            "source-unit" "degree"
        } 
        "reservoir-space-group" {
            "source-value" "Fm-3m"
        } 
        "reservoir-wyckoff-multiplicity-and-letter" {
            "source-value" [
                "4a"
            ]
        } 
        "reservoir-wyckoff-coordinates" {
            "source-value" [
                [
                    0.0 
                    0.0 
                    -0.0
                ]
            ]
        } 
        "reservoir-wyckoff-species" {
            "source-value" [
                "Al"
            ]
        }
    } 
    {
        "property-id" "tag:staff@noreply.openkim.org,2015-07-28:property/monovacancy-neutral-relaxation-volume-crystal-npt" 
        "instance-id" 2 
        "relaxation-volume" {
            "source-value" 8.1957015857405739 
            "source-unit" "angstrom^3" 
            "source-std-uncert-value" 0.08401386339300708
        } 
        "host-cauchy-stress" {
            "source-value" [
                0 
                0 
                0 
                0 
                0 
                0
            ] 
            "source-unit" "GPa"
        } 
        "host-removed-atom" {
            "source-value" 1
        } 
        "host-short-name" {
            "source-value" [
                "fcc"
            ]
        } 
        "host-a" {
            "source-value" 2.863785759057468 
            "source-unit" "angstrom"
        } 
        "host-b" {
            "source-value" 2.863785759057468 
            "source-unit" "angstrom"
        } 
        "host-c" {
            "source-value" 2.863785759057468 
            "source-unit" "angstrom"
        } 
        "host-alpha" {
            "source-value" 59.999999999999993 
            "source-unit" "degree"
        } 
        "host-beta" {
            "source-value" 59.999999999999993 
            "source-unit" "degree"
        } 
        "host-gamma" {
            "source-value" 59.999999999999993 
            "source-unit" "degree"
        } 
        "host-space-group" {
            "source-value" "Fm-3m"
        } 
        "host-wyckoff-multiplicity-and-letter" {
            "source-value" [
                "4a"
            ]
        } 
        "host-wyckoff-coordinates" {
            "source-value" [
                [
                    0.0 
                    0.0 
                    -0.0
                ]
            ]
        } 
        "host-wyckoff-species" {
            "source-value" [
                "Al"
            ]
        }
    }
]
