Imported bulk from ase.lattice
Parameters Input: Ni diamond EAM_Dynamo_Mishin_Farkas_Ni__MO_400591584784_001 [3.43868995254]

[Calculation]

Supercell Size: 3
Unrelaxed Cell:
[[ 10.31606986   0.           0.        ]
 [  0.          10.31606986   0.        ]
 [  0.           0.          10.31606986]]
Unrelaxed Cell Vector:
[10.316069857620001, 0.0, 10.316069857620001, 0.0, 0.0, 10.316069857620001]
Vacancy Formation Energy (Cell Structure Relaxation): 41351.1419074 Size:  3
Vacancy Formation Energy (Cell Structure Relaxation): 41355.7615082 Size:  3
Vacancy Formation Energy (Cell Structure Relaxation): 41353.2353596 Size:  3
Vacancy Formation Energy (Cell Structure Relaxation): 41358.1607798 Size:  3
Vacancy Formation Energy (Cell Structure Relaxation): 41351.4326968 Size:  3
Vacancy Formation Energy (Cell Structure Relaxation): 41351.4368133 Size:  3
Vacancy Formation Energy (Cell Structure Relaxation): 41357.2047053 Size:  3
Vacancy Formation Energy (Cell Structure Relaxation): 41326.9344156 Size:  3
Vacancy Formation Energy (Cell Structure Relaxation): 41202.3689384 Size:  3
Vacancy Formation Energy (Cell Structure Relaxation): 41321.4123152 Size:  3
Vacancy Formation Energy (Cell Structure Relaxation): 41312.8737682 Size:  3
Vacancy Formation Energy (Cell Structure Relaxation): 41309.8512771 Size:  3
Vacancy Formation Energy (Cell Structure Relaxation): 41271.3457017 Size:  3
Vacancy Formation Energy (Cell Structure Relaxation): 41162.7856701 Size:  3
Vacancy Formation Energy (Cell Structure Relaxation): 35865.187699 Size:  3
Vacancy Formation Energy (Cell Structure Relaxation): 35865.1841289 Size:  3
Vacancy Formation Energy (Cell Structure Relaxation): 33372.092902 Size:  3
Vacancy Formation Energy (Cell Structure Relaxation): 30776.3712696 Size:  3
Vacancy Formation Energy (Cell Structure Relaxation): 35757.0084341 Size:  3
Vacancy Formation Energy (Cell Structure Relaxation): 33075.5476821 Size:  3
Vacancy Formation Energy (Cell Structure Relaxation): 35822.4795741 Size:  3
Vacancy Formation Energy (Cell Structure Relaxation): 39099.8442576 Size:  3
Vacancy Formation Energy (Cell Structure Relaxation): 43326.2483528 Size:  3
Vacancy Formation Energy (Cell Structure Relaxation): 29665.1756533 Size:  3
Vacancy Formation Energy (Cell Structure Relaxation): 41048.6693168 Size:  3
Vacancy Formation Energy (Cell Structure Relaxation): 35174.390076 Size:  3
Vacancy Formation Energy (Cell Structure Relaxation): 37394.4159496 Size:  3
Vacancy Formation Energy (Cell Structure Relaxation): 30709.4216699 Size:  3
Vacancy Formation Energy (Cell Structure Relaxation): 28765.8967485 Size:  3
Vacancy Formation Energy (Cell Structure Relaxation): 41219.5558592 Size:  3
Vacancy Formation Energy (Cell Structure Relaxation): 40554.3555214 Size:  3
Vacancy Formation Energy (Cell Structure Relaxation): 32888.1004831 Size:  3
Vacancy Formation Energy (Cell Structure Relaxation): 28918.9920392 Size:  3
