Imported bulk from ase.lattice
Parameters Input: Al hcp EAM_Dynamo_Mendelev_Kramer_Al__MO_106969701023_001 [2.8450797541839927, 4.746208686129688]

[Calculation]

Supercell Size: 3
Unrelaxed Cell:
[[  8.53523926   0.           0.        ]
 [ -4.26761963   7.39173403   0.        ]
 [  0.           0.          14.23862606]]
Unrelaxed Cell Vector:
[8.5352392625519791, -4.2676196312759895, 7.3917340287483704, 0.0, 0.0, 14.238626058389066]
Vacancy Formation Energy (Cell Structure Relaxation): -3.38314237672 Size:  3
Vacancy Formation Energy (Cell Structure Relaxation): -2.6284226811 Size:  3
Vacancy Formation Energy (Cell Structure Relaxation): -3.31191507732 Size:  3
Vacancy Formation Energy (Cell Structure Relaxation): -2.68210093975 Size:  3
Vacancy Formation Energy (Cell Structure Relaxation): -3.38314236567 Size:  3
Vacancy Formation Energy (Cell Structure Relaxation): -3.38314236567 Size:  3
Vacancy Formation Energy (Cell Structure Relaxation): -2.78973914163 Size:  3
Vacancy Formation Energy (Cell Structure Relaxation): -2.32643399129 Size:  3
Vacancy Formation Energy (Cell Structure Relaxation): -3.11610582453 Size:  3
Vacancy Formation Energy (Cell Structure Relaxation): -2.53464633281 Size:  3
Vacancy Formation Energy (Cell Structure Relaxation): -3.13920012892 Size:  3
Vacancy Formation Energy (Cell Structure Relaxation): -2.9224342131 Size:  3
Vacancy Formation Energy (Cell Structure Relaxation): -3.26768109935 Size:  3
Vacancy Formation Energy (Cell Structure Relaxation): -3.09781381242 Size:  3
Vacancy Formation Energy (Cell Structure Relaxation): -3.29697686226 Size:  3
Vacancy Formation Energy (Cell Structure Relaxation): -3.13329200237 Size:  3
Vacancy Formation Energy (Cell Structure Relaxation): -3.3077736789 Size:  3
Vacancy Formation Energy (Cell Structure Relaxation): -3.25423894723 Size:  3
Vacancy Formation Energy (Cell Structure Relaxation): -3.34846892193 Size:  3
Vacancy Formation Energy (Cell Structure Relaxation): -3.30838309846 Size:  3
Vacancy Formation Energy (Cell Structure Relaxation): -3.25863924824 Size:  3
Vacancy Formation Energy (Cell Structure Relaxation): -3.36246389969 Size:  3
Vacancy Formation Energy (Cell Structure Relaxation): -3.31895852913 Size:  3
Vacancy Formation Energy (Cell Structure Relaxation): -3.30744319995 Size:  3
Vacancy Formation Energy (Cell Structure Relaxation): -3.36285998852 Size:  3
Vacancy Formation Energy (Cell Structure Relaxation): -3.32426515464 Size:  3
Vacancy Formation Energy (Cell Structure Relaxation): -3.36748599317 Size:  3
Vacancy Formation Energy (Cell Structure Relaxation): -3.35821836311 Size:  3
Vacancy Formation Energy (Cell Structure Relaxation): -3.37619942814 Size:  3
Vacancy Formation Energy (Cell Structure Relaxation): -3.3614937651 Size:  3
Vacancy Formation Energy (Cell Structure Relaxation): -3.37631240393 Size:  3
Vacancy Formation Energy (Cell Structure Relaxation): -3.37133439539 Size:  3
Vacancy Formation Energy (Cell Structure Relaxation): -3.3683826375 Size:  3
Vacancy Formation Energy (Cell Structure Relaxation): -3.37908246738 Size:  3
Vacancy Formation Energy (Cell Structure Relaxation): -3.36722041135 Size:  3
Vacancy Formation Energy (Cell Structure Relaxation): -3.38041520001 Size:  3
Vacancy Formation Energy (Cell Structure Relaxation): -3.37698541348 Size:  3
Vacancy Formation Energy (Cell Structure Relaxation): -3.37222930589 Size:  3
Vacancy Formation Energy (Cell Structure Relaxation): -3.38144367515 Size:  3
Vacancy Formation Energy (Cell Structure Relaxation): -3.37684466957 Size:  3
Vacancy Formation Energy (Cell Structure Relaxation): -3.38135418136 Size:  3
Vacancy Formation Energy (Cell Structure Relaxation): -3.3801600016 Size:  3
Vacancy Formation Energy (Cell Structure Relaxation): -3.38239210329 Size:  3
Vacancy Formation Energy (Cell Structure Relaxation): -3.37984118196 Size:  3
Vacancy Formation Energy (Cell Structure Relaxation): -3.38242924684 Size:  3
Vacancy Formation Energy (Cell Structure Relaxation): -3.38163714588 Size:  3
Vacancy Formation Energy (Cell Structure Relaxation): -3.3812707161 Size:  3
Vacancy Formation Energy (Cell Structure Relaxation): -3.38267068291 Size:  3
Vacancy Formation Energy (Cell Structure Relaxation): -3.38148806551 Size:  3
Vacancy Formation Energy (Cell Structure Relaxation): -3.38274147934 Size:  3
Vacancy Formation Energy (Cell Structure Relaxation): -3.38244875888 Size:  3
Vacancy Formation Energy (Cell Structure Relaxation): -3.38229435687 Size:  3
Vacancy Formation Energy (Cell Structure Relaxation): -3.38294038384 Size:  3
Vacancy Formation Energy (Cell Structure Relaxation): -3.38241404966 Size:  3
Vacancy Formation Energy (Cell Structure Relaxation): -3.3829402987 Size:  3
Vacancy Formation Energy (Cell Structure Relaxation): -3.38273722845 Size:  3
Vacancy Formation Energy (Cell Structure Relaxation): -3.38302649279 Size:  3
Vacancy Formation Energy (Cell Structure Relaxation): -3.3827314151 Size:  3
Vacancy Formation Energy (Cell Structure Relaxation): -3.38302533278 Size:  3
Vacancy Formation Energy (Cell Structure Relaxation): -3.38299784926 Size:  3
Vacancy Formation Energy (Cell Structure Relaxation): -3.38294514796 Size:  3
Vacancy Formation Energy (Cell Structure Relaxation): -3.38308305211 Size:  3
Vacancy Formation Energy (Cell Structure Relaxation): -3.3829931917 Size:  3
Vacancy Formation Energy (Cell Structure Relaxation): -3.38309742527 Size:  3
Vacancy Formation Energy (Cell Structure Relaxation): -3.38303606228 Size:  3
Vacancy Formation Energy (Cell Structure Relaxation): -3.38303056079 Size:  3
Vacancy Formation Energy (Cell Structure Relaxation): -3.38310777088 Size:  3
Vacancy Formation Energy (Cell Structure Relaxation): -3.3830471875 Size:  3
Vacancy Formation Energy (Cell Structure Relaxation): -3.38311485334 Size:  3
Vacancy Formation Energy (Cell Structure Relaxation): -3.38310844099 Size:  3
Vacancy Formation Energy (Cell Structure Relaxation): -3.38309955328 Size:  3
Vacancy Formation Energy (Cell Structure Relaxation): -3.38313003059 Size:  3
Vacancy Formation Energy (Cell Structure Relaxation): -3.38310116716 Size:  3
Vacancy Formation Energy (Cell Structure Relaxation): -3.38313269835 Size:  3
Vacancy Formation Energy (Cell Structure Relaxation): -3.38310747811 Size:  3
Vacancy Formation Energy (Cell Structure Relaxation): -3.38313266918 Size:  3
Vacancy Formation Energy (Cell Structure Relaxation): -3.38311079962 Size:  3
Vacancy Formation Energy (Cell Structure Relaxation): -3.38313487335 Size:  3
Vacancy Formation Energy (Cell Structure Relaxation): -3.38313328131 Size:  3
Vacancy Formation Energy (Cell Structure Relaxation): -3.38313027055 Size:  3
Vacancy Formation Energy (Cell Structure Relaxation): -3.383139416 Size:  3
Vacancy Formation Energy (Cell Structure Relaxation): -3.38313390292 Size:  3
Vacancy Formation Energy (Cell Structure Relaxation): -3.38313419519 Size:  3
Vacancy Formation Energy (Cell Structure Relaxation): -3.38313138187 Size:  3
Vacancy Formation Energy (Cell Structure Relaxation): -3.38314002905 Size:  3
Vacancy Formation Energy (Cell Structure Relaxation): -3.38313417228 Size:  3
Vacancy Formation Energy (Cell Structure Relaxation): -3.38313991525 Size:  3
Vacancy Formation Energy (Cell Structure Relaxation): -3.3831369658 Size:  3
Vacancy Formation Energy (Cell Structure Relaxation): -3.38314104084 Size:  3
Vacancy Formation Energy (Cell Structure Relaxation): -3.38313917319 Size:  3
Vacancy Formation Energy (Cell Structure Relaxation): -3.3831414861 Size:  3
Vacancy Formation Energy (Cell Structure Relaxation): -3.38314058103 Size:  3
Vacancy Formation Energy (Cell Structure Relaxation): -3.38313991038 Size:  3
Vacancy Formation Energy (Cell Structure Relaxation): -3.38314172291 Size:  3
Vacancy Formation Energy (Cell Structure Relaxation): -3.38314017028 Size:  3
Vacancy Formation Energy (Cell Structure Relaxation): -3.38314189762 Size:  3
Vacancy Formation Energy (Cell Structure Relaxation): -3.38314111301 Size:  3
Vacancy Formation Energy (Cell Structure Relaxation): -3.38314201413 Size:  3
Vacancy Formation Energy (Cell Structure Relaxation): -3.38314145623 Size:  3
Vacancy Formation Energy (Cell Structure Relaxation): -3.38314210885 Size:  3
Vacancy Formation Energy (Cell Structure Relaxation): -3.38314191368 Size:  3
Vacancy Formation Energy (Cell Structure Relaxation): -3.38314179004 Size:  3
Vacancy Formation Energy (Cell Structure Relaxation): -3.38314224213 Size:  3
Vacancy Formation Energy (Cell Structure Relaxation): -3.38314177361 Size:  3
Vacancy Formation Energy (Cell Structure Relaxation): -3.38314225117 Size:  3
Vacancy Formation Energy (Cell Structure Relaxation): -3.3831421006 Size:  3
Vacancy Formation Energy (Cell Structure Relaxation): -3.38314230174 Size:  3
Vacancy Formation Energy (Cell Structure Relaxation): -3.38314209552 Size:  3
Vacancy Formation Energy (Cell Structure Relaxation): -3.38314229915 Size:  3
Vacancy Formation Energy (Cell Structure Relaxation): -3.38314226561 Size:  3
Vacancy Formation Energy (Cell Structure Relaxation): -3.38314225575 Size:  3
Vacancy Formation Energy (Cell Structure Relaxation): -3.38314233878 Size:  3
Vacancy Formation Energy (Cell Structure Relaxation): -3.38314225698 Size:  3
Vacancy Formation Energy (Cell Structure Relaxation): -3.38314234258 Size:  3
Vacancy Formation Energy (Cell Structure Relaxation): -3.38314229736 Size:  3
Vacancy Formation Energy (Cell Structure Relaxation): -3.38314235095 Size:  3
Vacancy Formation Energy (Cell Structure Relaxation): -3.38314231314 Size:  3
Vacancy Formation Energy (Cell Structure Relaxation): -3.38314235703 Size:  3
Vacancy Formation Energy (Cell Structure Relaxation): -3.38314234975 Size:  3
Vacancy Formation Energy (Cell Structure Relaxation): -3.38314234558 Size:  3
Vacancy Formation Energy (Cell Structure Relaxation): -3.38314236592 Size:  3
Vacancy Formation Energy (Cell Structure Relaxation): -3.3831423482 Size:  3
Vacancy Formation Energy (Cell Structure Relaxation): -3.38314236702 Size:  3
Vacancy Formation Energy (Cell Structure Relaxation): -3.38314235058 Size:  3
Vacancy Formation Energy (Cell Structure Relaxation): -3.38314236745 Size:  3
Vacancy Formation Energy (Cell Structure Relaxation): -3.38314235752 Size:  3
Vacancy Formation Energy (Cell Structure Relaxation): -3.3831423693 Size:  3
Vacancy Formation Energy (Cell Structure Relaxation): -3.38314236022 Size:  3
Vacancy Formation Energy (Cell Structure Relaxation): -3.38314237177 Size:  3
Vacancy Formation Energy (Cell Structure Relaxation): -3.38314236191 Size:  3
Vacancy Formation Energy (Cell Structure Relaxation): -3.38314237161 Size:  3
Vacancy Formation Energy (Cell Structure Relaxation): -3.38314236986 Size:  3
Vacancy Formation Energy (Cell Structure Relaxation): -3.38314236989 Size:  3
Vacancy Formation Energy (Cell Structure Relaxation): -3.38314237071 Size:  3
Vacancy Formation Energy (Cell Structure Relaxation): -3.38314237219 Size:  3
Vacancy Formation Energy (Cell Structure Relaxation): -3.38314237173 Size:  3
Vacancy Formation Energy (Cell Structure Relaxation): -3.38314237074 Size:  3
Vacancy Formation Energy (Cell Structure Relaxation): -3.38314237004 Size:  3
Vacancy Formation Energy (Cell Structure Relaxation): -3.38314237426 Size:  3
Vacancy Formation Energy (Cell Structure Relaxation): -3.38314237017 Size:  3
Vacancy Formation Energy (Cell Structure Relaxation): -3.38314237429 Size:  3
Vacancy Formation Energy (Cell Structure Relaxation): -3.38314237254 Size:  3
Vacancy Formation Energy (Cell Structure Relaxation): -3.38314237194 Size:  3
Vacancy Formation Energy (Cell Structure Relaxation): -3.38314237144 Size:  3
Vacancy Formation Energy (Cell Structure Relaxation): -3.3831423747 Size:  3
Vacancy Formation Energy (Cell Structure Relaxation): -3.38314237194 Size:  3
Vacancy Formation Energy (Cell Structure Relaxation): -3.38314237475 Size:  3
Vacancy Formation Energy (Cell Structure Relaxation): -3.38314237097 Size:  3
Vacancy Formation Energy (Cell Structure Relaxation): -3.38314237495 Size:  3
Vacancy Formation Energy (Cell Structure Relaxation): -3.38314237266 Size:  3
Vacancy Formation Energy (Cell Structure Relaxation): -3.38314237499 Size:  3
Vacancy Formation Energy (Cell Structure Relaxation): -3.38314237549 Size:  3
Vacancy Formation Energy (Cell Structure Relaxation): -3.38314237543 Size:  3
Vacancy Formation Energy (Cell Structure Relaxation): -3.38314237548 Size:  3
Vacancy Formation Energy (Cell Structure Relaxation): -3.38314237521 Size:  3
Vacancy Formation Energy (Cell Structure Relaxation): -3.3831423757 Size:  3
Vacancy Formation Energy (Cell Structure Relaxation): -3.38314237431 Size:  3
Vacancy Formation Energy (Cell Structure Relaxation): -3.3831423761 Size:  3
Vacancy Formation Energy (Cell Structure Relaxation): -3.38314237547 Size:  3
Vacancy Formation Energy (Cell Structure Relaxation): -3.38314237505 Size:  3
Vacancy Formation Energy (Cell Structure Relaxation): -3.3831423762 Size:  3
Vacancy Formation Energy (Cell Structure Relaxation): -3.38314237535 Size:  3
Vacancy Formation Energy (Cell Structure Relaxation): -3.38314237619 Size:  3
Vacancy Formation Energy (Cell Structure Relaxation): -3.38314237537 Size:  3
Vacancy Formation Energy (Cell Structure Relaxation): -3.38314237621 Size:  3
Vacancy Formation Energy (Cell Structure Relaxation): -3.38314237591 Size:  3
Vacancy Formation Energy (Cell Structure Relaxation): -3.38314237558 Size:  3
Vacancy Formation Energy (Cell Structure Relaxation): -3.38314237632 Size:  3
Vacancy Formation Energy (Cell Structure Relaxation): -3.38314237551 Size:  3
Vacancy Formation Energy (Cell Structure Relaxation): -3.38314237639 Size:  3
Vacancy Formation Energy (Cell Structure Relaxation): -3.38314237613 Size:  3
Vacancy Formation Energy (Cell Structure Relaxation): -3.38314237641 Size:  3
Vacancy Formation Energy (Cell Structure Relaxation): -3.38314237637 Size:  3
Vacancy Formation Energy (Cell Structure Relaxation): -3.38314237632 Size:  3
Vacancy Formation Energy (Cell Structure Relaxation): -3.38314237633 Size:  3
Vacancy Formation Energy (Cell Structure Relaxation): -3.38314237644 Size:  3
Vacancy Formation Energy (Cell Structure Relaxation): -3.38314237644 Size:  3
Vacancy Formation Energy (Cell Structure Relaxation): -3.38314237623 Size:  3
Vacancy Formation Energy (Cell Structure Relaxation): -3.38314237654 Size:  3
Vacancy Formation Energy (Cell Structure Relaxation): -3.3831423765 Size:  3
Vacancy Formation Energy (Cell Structure Relaxation): -3.38314237654 Size:  3
Vacancy Formation Energy (Cell Structure Relaxation): -3.38314237638 Size:  3
Vacancy Formation Energy (Cell Structure Relaxation): -3.38314237659 Size:  3
Vacancy Formation Energy (Cell Structure Relaxation): -3.38314237644 Size:  3
Vacancy Formation Energy (Cell Structure Relaxation): -3.38314237658 Size:  3
Vacancy Formation Energy (Cell Structure Relaxation): -3.38314237646 Size:  3
Vacancy Formation Energy (Cell Structure Relaxation): -3.38314237662 Size:  3
Vacancy Formation Energy (Cell Structure Relaxation): -3.38314237656 Size:  3
Vacancy Formation Energy (Cell Structure Relaxation): -3.38314237649 Size:  3
Vacancy Formation Energy (Cell Structure Relaxation): -3.38314237665 Size:  3
Vacancy Formation Energy (Cell Structure Relaxation): -3.38314237654 Size:  3
Vacancy Formation Energy (Cell Structure Relaxation): -3.38314237664 Size:  3
Vacancy Formation Energy (Cell Structure Relaxation): -3.38314237649 Size:  3
Vacancy Formation Energy (Cell Structure Relaxation): -3.38314237666 Size:  3
Vacancy Formation Energy (Cell Structure Relaxation): -3.38314237656 Size:  3
Vacancy Formation Energy (Cell Structure Relaxation): -3.38314237666 Size:  3
Vacancy Formation Energy (Cell Structure Relaxation): -3.38314237662 Size:  3
Vacancy Formation Energy (Cell Structure Relaxation): -3.38314237665 Size:  3
Vacancy Formation Energy (Cell Structure Relaxation): -3.38314237664 Size:  3
Vacancy Formation Energy (Cell Structure Relaxation): -3.38314237668 Size:  3
Vacancy Formation Energy (Cell Structure Relaxation): -3.38314237668 Size:  3
Vacancy Formation Energy (Cell Structure Relaxation): -3.38314237668 Size:  3
Vacancy Formation Energy (Cell Structure Relaxation): -3.38314237665 Size:  3
Vacancy Formation Energy (Cell Structure Relaxation): -3.38314237669 Size:  3
Optimization terminated successfully.
         Current function value: -3.383142
         Iterations: 122
         Function evaluations: 204
Summary:
Vacancy Formation Energy: -3.38314237672
Unrelaxed Cell Volume: 898.318029171
Relaxed Cell Volume: 898.318029171
Relaxation Volume: 0.0
Relaxed Cell Vector:
[  8.53523926  -4.26761963   7.39173403   0.           0.          14.23862606]
Unrelaxed Cell Vector:
[8.5352392625519791, -4.2676196312759895, 7.3917340287483704, 0.0, 0.0, 14.238626058389066]
Relaxed Cell:
[[  8.53523926   0.           0.        ]
 [ -4.26761963   7.39173403   0.        ]
 [  0.           0.          14.23862606]]
Unrelaxed Cell:
[[  8.53523926   0.           0.        ]
 [ -4.26761963   7.39173403   0.        ]
 [  0.           0.          14.23862606]]

Supercell Size: 4
Unrelaxed Cell:
[[ 11.38031902   0.           0.        ]
 [ -5.69015951   9.85564537   0.        ]
 [  0.           0.          18.98483474]]
Unrelaxed Cell Vector:
[11.380319016735971, -5.6901595083679855, 9.8556453716644938, 0.0, 0.0, 18.984834744518754]
Vacancy Formation Energy (Cell Structure Relaxation): -3.38314237672 Size:  4
Vacancy Formation Energy (Cell Structure Relaxation): -1.59417717222 Size:  4
Vacancy Formation Energy (Cell Structure Relaxation): -3.21430729661 Size:  4
Vacancy Formation Energy (Cell Structure Relaxation): -1.72141452609 Size:  4
Vacancy Formation Energy (Cell Structure Relaxation): -3.3831423619 Size:  4
Vacancy Formation Energy (Cell Structure Relaxation): -3.38314236191 Size:  4
Vacancy Formation Energy (Cell Structure Relaxation): -1.97655693035 Size:  4
Vacancy Formation Energy (Cell Structure Relaxation): -0.878352134103 Size:  4
Vacancy Formation Energy (Cell Structure Relaxation): -2.7501668456 Size:  4
Vacancy Formation Energy (Cell Structure Relaxation): -1.37189249978 Size:  4
Vacancy Formation Energy (Cell Structure Relaxation): -2.80490890049 Size:  4
Vacancy Formation Energy (Cell Structure Relaxation): -2.29109340331 Size:  4
Vacancy Formation Energy (Cell Structure Relaxation): -3.10945638828 Size:  4
Vacancy Formation Energy (Cell Structure Relaxation): -2.70680800786 Size:  4
Vacancy Formation Energy (Cell Structure Relaxation): -3.17889819463 Size:  4
Vacancy Formation Energy (Cell Structure Relaxation): -2.79090445819 Size:  4
Vacancy Formation Energy (Cell Structure Relaxation): -3.20449064896 Size:  4
Vacancy Formation Energy (Cell Structure Relaxation): -3.07759350716 Size:  4
Vacancy Formation Energy (Cell Structure Relaxation): -3.30095344842 Size:  4
Vacancy Formation Energy (Cell Structure Relaxation): -3.20593520151 Size:  4
Vacancy Formation Energy (Cell Structure Relaxation): -3.08802385466 Size:  4
Vacancy Formation Energy (Cell Structure Relaxation): -3.3341267285 Size:  4
Vacancy Formation Energy (Cell Structure Relaxation): -3.23100288666 Size:  4
Vacancy Formation Energy (Cell Structure Relaxation): -3.20370729618 Size:  4
Vacancy Formation Energy (Cell Structure Relaxation): -3.3350656051 Size:  4
Vacancy Formation Energy (Cell Structure Relaxation): -3.2435815581 Size:  4
Vacancy Formation Energy (Cell Structure Relaxation): -3.34603095175 Size:  4
Vacancy Formation Energy (Cell Structure Relaxation): -3.32406323558 Size:  4
Vacancy Formation Energy (Cell Structure Relaxation): -3.3666850191 Size:  4
Vacancy Formation Energy (Cell Structure Relaxation): -3.33182715241 Size:  4
Vacancy Formation Energy (Cell Structure Relaxation): -3.36695281304 Size:  4
Vacancy Formation Energy (Cell Structure Relaxation): -3.3551530926 Size:  4
Vacancy Formation Energy (Cell Structure Relaxation): -3.348156331 Size:  4
Vacancy Formation Energy (Cell Structure Relaxation): -3.37351889026 Size:  4
Vacancy Formation Energy (Cell Structure Relaxation): -3.34540142227 Size:  4
Vacancy Formation Energy (Cell Structure Relaxation): -3.3766779616 Size:  4
Vacancy Formation Energy (Cell Structure Relaxation): -3.36854809666 Size:  4
Vacancy Formation Energy (Cell Structure Relaxation): -3.35727436213 Size:  4
Vacancy Formation Energy (Cell Structure Relaxation): -3.37911582696 Size:  4
Vacancy Formation Energy (Cell Structure Relaxation): -3.36821448073 Size:  4
Vacancy Formation Energy (Cell Structure Relaxation): -3.37890369429 Size:  4
Vacancy Formation Energy (Cell Structure Relaxation): -3.37607304587 Size:  4
Vacancy Formation Energy (Cell Structure Relaxation): -3.38136395412 Size:  4
Vacancy Formation Energy (Cell Structure Relaxation): -3.37531732429 Size:  4
Vacancy Formation Energy (Cell Structure Relaxation): -3.38145199792 Size:  4
Vacancy Formation Energy (Cell Structure Relaxation): -3.37957442433 Size:  4
Vacancy Formation Energy (Cell Structure Relaxation): -3.37870585114 Size:  4
Vacancy Formation Energy (Cell Structure Relaxation): -3.38202429005 Size:  4
Vacancy Formation Energy (Cell Structure Relaxation): -3.3792210494 Size:  4
Vacancy Formation Energy (Cell Structure Relaxation): -3.3821921039 Size:  4
Vacancy Formation Energy (Cell Structure Relaxation): -3.38149824783 Size:  4
Vacancy Formation Energy (Cell Structure Relaxation): -3.38113225762 Size:  4
Vacancy Formation Energy (Cell Structure Relaxation): -3.38266358164 Size:  4
Vacancy Formation Energy (Cell Structure Relaxation): -3.38141597503 Size:  4
Vacancy Formation Energy (Cell Structure Relaxation): -3.38266337941 Size:  4
Vacancy Formation Energy (Cell Structure Relaxation): -3.38218202822 Size:  4
Vacancy Formation Energy (Cell Structure Relaxation): -3.38286769161 Size:  4
Vacancy Formation Energy (Cell Structure Relaxation): -3.38216824822 Size:  4
Vacancy Formation Energy (Cell Structure Relaxation): -3.38286494175 Size:  4
Vacancy Formation Energy (Cell Structure Relaxation): -3.38279979597 Size:  4
Vacancy Formation Energy (Cell Structure Relaxation): -3.38267487397 Size:  4
Vacancy Formation Energy (Cell Structure Relaxation): -3.38300175796 Size:  4
Vacancy Formation Energy (Cell Structure Relaxation): -3.38278875546 Size:  4
Vacancy Formation Energy (Cell Structure Relaxation): -3.38303582778 Size:  4
Vacancy Formation Energy (Cell Structure Relaxation): -3.38289037474 Size:  4
Vacancy Formation Energy (Cell Structure Relaxation): -3.38287733408 Size:  4
Vacancy Formation Energy (Cell Structure Relaxation): -3.38306035054 Size:  4
Vacancy Formation Energy (Cell Structure Relaxation): -3.38291674556 Size:  4
Vacancy Formation Energy (Cell Structure Relaxation): -3.3830771386 Size:  4
Vacancy Formation Energy (Cell Structure Relaxation): -3.383061939 Size:  4
Vacancy Formation Energy (Cell Structure Relaxation): -3.38304087183 Size:  4
Vacancy Formation Energy (Cell Structure Relaxation): -3.38311311436 Size:  4
Vacancy Formation Energy (Cell Structure Relaxation): -3.38304469737 Size:  4
Vacancy Formation Energy (Cell Structure Relaxation): -3.3831194378 Size:  4
Vacancy Formation Energy (Cell Structure Relaxation): -3.38305965666 Size:  4
Vacancy Formation Energy (Cell Structure Relaxation): -3.3831193688 Size:  4
Vacancy Formation Energy (Cell Structure Relaxation): -3.38306752984 Size:  4
Vacancy Formation Energy (Cell Structure Relaxation): -3.38312459349 Size:  4
Vacancy Formation Energy (Cell Structure Relaxation): -3.38312081989 Size:  4
Vacancy Formation Energy (Cell Structure Relaxation): -3.38311368317 Size:  4
Vacancy Formation Energy (Cell Structure Relaxation): -3.38313536127 Size:  4
Vacancy Formation Energy (Cell Structure Relaxation): -3.38312229322 Size:  4
Vacancy Formation Energy (Cell Structure Relaxation): -3.38312298588 Size:  4
Vacancy Formation Energy (Cell Structure Relaxation): -3.38311631731 Size:  4
Vacancy Formation Energy (Cell Structure Relaxation): -3.38313681434 Size:  4
Vacancy Formation Energy (Cell Structure Relaxation): -3.38312293183 Size:  4
Vacancy Formation Energy (Cell Structure Relaxation): -3.38313654462 Size:  4
Vacancy Formation Energy (Cell Structure Relaxation): -3.38312955344 Size:  4
Vacancy Formation Energy (Cell Structure Relaxation): -3.38313921266 Size:  4
Vacancy Formation Energy (Cell Structure Relaxation): -3.3831347856 Size:  4
Vacancy Formation Energy (Cell Structure Relaxation): -3.38314026813 Size:  4
Vacancy Formation Energy (Cell Structure Relaxation): -3.38313812283 Size:  4
Vacancy Formation Energy (Cell Structure Relaxation): -3.38313653312 Size:  4
Vacancy Formation Energy (Cell Structure Relaxation): -3.38314082948 Size:  4
Vacancy Formation Energy (Cell Structure Relaxation): -3.38313714908 Size:  4
Vacancy Formation Energy (Cell Structure Relaxation): -3.3831412436 Size:  4
Vacancy Formation Energy (Cell Structure Relaxation): -3.38313938379 Size:  4
Vacancy Formation Energy (Cell Structure Relaxation): -3.38314151974 Size:  4
Vacancy Formation Energy (Cell Structure Relaxation): -3.3831401973 Size:  4
Vacancy Formation Energy (Cell Structure Relaxation): -3.38314174423 Size:  4
Vacancy Formation Energy (Cell Structure Relaxation): -3.38314128166 Size:  4
Vacancy Formation Energy (Cell Structure Relaxation): -3.38314098858 Size:  4
Vacancy Formation Energy (Cell Structure Relaxation): -3.38314206018 Size:  4
Vacancy Formation Energy (Cell Structure Relaxation): -3.38314094964 Size:  4
Vacancy Formation Energy (Cell Structure Relaxation): -3.38314208163 Size:  4
Vacancy Formation Energy (Cell Structure Relaxation): -3.38314172471 Size:  4
Vacancy Formation Energy (Cell Structure Relaxation): -3.38314220147 Size:  4
Vacancy Formation Energy (Cell Structure Relaxation): -3.38314171268 Size:  4
Vacancy Formation Energy (Cell Structure Relaxation): -3.38314219529 Size:  4
Vacancy Formation Energy (Cell Structure Relaxation): -3.3831421158 Size:  4
Vacancy Formation Energy (Cell Structure Relaxation): -3.38314209242 Size:  4
Vacancy Formation Energy (Cell Structure Relaxation): -3.38314228922 Size:  4
Vacancy Formation Energy (Cell Structure Relaxation): -3.38314209537 Size:  4
Vacancy Formation Energy (Cell Structure Relaxation): -3.38314229824 Size:  4
Vacancy Formation Energy (Cell Structure Relaxation): -3.38314219113 Size:  4
Vacancy Formation Energy (Cell Structure Relaxation): -3.38314231814 Size:  4
Vacancy Formation Energy (Cell Structure Relaxation): -3.38314222851 Size:  4
Vacancy Formation Energy (Cell Structure Relaxation): -3.38314233252 Size:  4
Vacancy Formation Energy (Cell Structure Relaxation): -3.38314231528 Size:  4
Vacancy Formation Energy (Cell Structure Relaxation): -3.38314230536 Size:  4
Vacancy Formation Energy (Cell Structure Relaxation): -3.38314235357 Size:  4
Vacancy Formation Energy (Cell Structure Relaxation): -3.38314231162 Size:  4
Vacancy Formation Energy (Cell Structure Relaxation): -3.38314235624 Size:  4
Vacancy Formation Energy (Cell Structure Relaxation): -3.38314231721 Size:  4
Vacancy Formation Energy (Cell Structure Relaxation): -3.3831423572 Size:  4
Vacancy Formation Energy (Cell Structure Relaxation): -3.38314233371 Size:  4
Vacancy Formation Energy (Cell Structure Relaxation): -3.38314236166 Size:  4
Vacancy Formation Energy (Cell Structure Relaxation): -3.38314236014 Size:  4
Vacancy Formation Energy (Cell Structure Relaxation): -3.38314235768 Size:  4
Vacancy Formation Energy (Cell Structure Relaxation): -3.38314235633 Size:  4
Vacancy Formation Energy (Cell Structure Relaxation): -3.38314236841 Size:  4
Vacancy Formation Energy (Cell Structure Relaxation): -3.3831423582 Size:  4
Vacancy Formation Energy (Cell Structure Relaxation): -3.38314236882 Size:  4
Vacancy Formation Energy (Cell Structure Relaxation): -3.3831423588 Size:  4
Vacancy Formation Energy (Cell Structure Relaxation): -3.38314236951 Size:  4
Vacancy Formation Energy (Cell Structure Relaxation): -3.38314236419 Size:  4
Vacancy Formation Energy (Cell Structure Relaxation): -3.38314235953 Size:  4
Vacancy Formation Energy (Cell Structure Relaxation): -3.3831423704 Size:  4
Vacancy Formation Energy (Cell Structure Relaxation): -3.38314236256 Size:  4
Vacancy Formation Energy (Cell Structure Relaxation): -3.38314237055 Size:  4
Vacancy Formation Energy (Cell Structure Relaxation): -3.38314236283 Size:  4
Vacancy Formation Energy (Cell Structure Relaxation): -3.38314237108 Size:  4
Vacancy Formation Energy (Cell Structure Relaxation): -3.38314237102 Size:  4
Vacancy Formation Energy (Cell Structure Relaxation): -3.38314236928 Size:  4
Vacancy Formation Energy (Cell Structure Relaxation): -3.38314237266 Size:  4
Vacancy Formation Energy (Cell Structure Relaxation): -3.38314237106 Size:  4
Vacancy Formation Energy (Cell Structure Relaxation): -3.38314237298 Size:  4
Vacancy Formation Energy (Cell Structure Relaxation): -3.38314237257 Size:  4
Vacancy Formation Energy (Cell Structure Relaxation): -3.38314237274 Size:  4
Vacancy Formation Energy (Cell Structure Relaxation): -3.38314237282 Size:  4
Vacancy Formation Energy (Cell Structure Relaxation): -3.38314237331 Size:  4
Vacancy Formation Energy (Cell Structure Relaxation): -3.38314237284 Size:  4
Vacancy Formation Energy (Cell Structure Relaxation): -3.3831423723 Size:  4
Vacancy Formation Energy (Cell Structure Relaxation): -3.38314237476 Size:  4
Vacancy Formation Energy (Cell Structure Relaxation): -3.38314237366 Size:  4
Vacancy Formation Energy (Cell Structure Relaxation): -3.38314237289 Size:  4
Vacancy Formation Energy (Cell Structure Relaxation): -3.38314237148 Size:  4
Vacancy Formation Energy (Cell Structure Relaxation): -3.38314237499 Size:  4
Vacancy Formation Energy (Cell Structure Relaxation): -3.38314237319 Size:  4
Vacancy Formation Energy (Cell Structure Relaxation): -3.38314237419 Size:  4
Vacancy Formation Energy (Cell Structure Relaxation): -3.38314237422 Size:  4
Vacancy Formation Energy (Cell Structure Relaxation): -3.38314237335 Size:  4
Vacancy Formation Energy (Cell Structure Relaxation): -3.38314237532 Size:  4
Vacancy Formation Energy (Cell Structure Relaxation): -3.38314237451 Size:  4
Vacancy Formation Energy (Cell Structure Relaxation): -3.38314237279 Size:  4
Vacancy Formation Energy (Cell Structure Relaxation): -3.38314237576 Size:  4
Vacancy Formation Energy (Cell Structure Relaxation): -3.38314237324 Size:  4
Vacancy Formation Energy (Cell Structure Relaxation): -3.38314237576 Size:  4
Vacancy Formation Energy (Cell Structure Relaxation): -3.38314237392 Size:  4
Vacancy Formation Energy (Cell Structure Relaxation): -3.38314237582 Size:  4
Vacancy Formation Energy (Cell Structure Relaxation): -3.38314237519 Size:  4
Vacancy Formation Energy (Cell Structure Relaxation): -3.38314237558 Size:  4
Vacancy Formation Energy (Cell Structure Relaxation): -3.38314237569 Size:  4
Vacancy Formation Energy (Cell Structure Relaxation): -3.38314237585 Size:  4
Vacancy Formation Energy (Cell Structure Relaxation): -3.38314237483 Size:  4
Vacancy Formation Energy (Cell Structure Relaxation): -3.38314237628 Size:  4
Vacancy Formation Energy (Cell Structure Relaxation): -3.38314237526 Size:  4
Vacancy Formation Energy (Cell Structure Relaxation): -3.38314237629 Size:  4
Vacancy Formation Energy (Cell Structure Relaxation): -3.3831423759 Size:  4
Vacancy Formation Energy (Cell Structure Relaxation): -3.38314237587 Size:  4
Vacancy Formation Energy (Cell Structure Relaxation): -3.38314237608 Size:  4
Vacancy Formation Energy (Cell Structure Relaxation): -3.3831423763 Size:  4
Vacancy Formation Energy (Cell Structure Relaxation): -3.38314237606 Size:  4
Vacancy Formation Energy (Cell Structure Relaxation): -3.38314237599 Size:  4
Vacancy Formation Energy (Cell Structure Relaxation): -3.38314237636 Size:  4
Vacancy Formation Energy (Cell Structure Relaxation): -3.383142376 Size:  4
Vacancy Formation Energy (Cell Structure Relaxation): -3.38314237647 Size:  4
Vacancy Formation Energy (Cell Structure Relaxation): -3.38314237567 Size:  4
Vacancy Formation Energy (Cell Structure Relaxation): -3.38314237643 Size:  4
Vacancy Formation Energy (Cell Structure Relaxation): -3.38314237632 Size:  4
Vacancy Formation Energy (Cell Structure Relaxation): -3.3831423761 Size:  4
Vacancy Formation Energy (Cell Structure Relaxation): -3.3831423765 Size:  4
Vacancy Formation Energy (Cell Structure Relaxation): -3.38314237646 Size:  4
Vacancy Formation Energy (Cell Structure Relaxation): -3.38314237621 Size:  4
Vacancy Formation Energy (Cell Structure Relaxation): -3.38314237654 Size:  4
Vacancy Formation Energy (Cell Structure Relaxation): -3.38314237648 Size:  4
Vacancy Formation Energy (Cell Structure Relaxation): -3.38314237642 Size:  4
Vacancy Formation Energy (Cell Structure Relaxation): -3.38314237656 Size:  4
Vacancy Formation Energy (Cell Structure Relaxation): -3.38314237643 Size:  4
Vacancy Formation Energy (Cell Structure Relaxation): -3.38314237655 Size:  4
Vacancy Formation Energy (Cell Structure Relaxation): -3.3831423765 Size:  4
Vacancy Formation Energy (Cell Structure Relaxation): -3.3831423765 Size:  4
Vacancy Formation Energy (Cell Structure Relaxation): -3.38314237637 Size:  4
Vacancy Formation Energy (Cell Structure Relaxation): -3.38314237658 Size:  4
Vacancy Formation Energy (Cell Structure Relaxation): -3.38314237652 Size:  4
Vacancy Formation Energy (Cell Structure Relaxation): -3.38314237651 Size:  4
Vacancy Formation Energy (Cell Structure Relaxation): -3.38314237659 Size:  4
Vacancy Formation Energy (Cell Structure Relaxation): -3.38314237657 Size:  4
Vacancy Formation Energy (Cell Structure Relaxation): -3.38314237655 Size:  4
Vacancy Formation Energy (Cell Structure Relaxation): -3.3831423766 Size:  4
Vacancy Formation Energy (Cell Structure Relaxation): -3.3831423766 Size:  4
Vacancy Formation Energy (Cell Structure Relaxation): -3.38314237664 Size:  4
Vacancy Formation Energy (Cell Structure Relaxation): -3.38314237653 Size:  4
Vacancy Formation Energy (Cell Structure Relaxation): -3.38314237663 Size:  4
Vacancy Formation Energy (Cell Structure Relaxation): -3.38314237666 Size:  4
Vacancy Formation Energy (Cell Structure Relaxation): -3.38314237659 Size:  4
Vacancy Formation Energy (Cell Structure Relaxation): -3.38314237666 Size:  4
Vacancy Formation Energy (Cell Structure Relaxation): -3.38314237663 Size:  4
Vacancy Formation Energy (Cell Structure Relaxation): -3.38314237661 Size:  4
Vacancy Formation Energy (Cell Structure Relaxation): -3.3831423766 Size:  4
Vacancy Formation Energy (Cell Structure Relaxation): -3.38314237666 Size:  4
Vacancy Formation Energy (Cell Structure Relaxation): -3.38314237666 Size:  4
Vacancy Formation Energy (Cell Structure Relaxation): -3.38314237669 Size:  4
Vacancy Formation Energy (Cell Structure Relaxation): -3.38314237662 Size:  4
Vacancy Formation Energy (Cell Structure Relaxation): -3.38314237664 Size:  4
Vacancy Formation Energy (Cell Structure Relaxation): -3.38314237663 Size:  4
Optimization terminated successfully.
         Current function value: -3.383142
         Iterations: 134
         Function evaluations: 226
Summary:
Vacancy Formation Energy: -3.38314237672
Unrelaxed Cell Volume: 2129.34643952
Relaxed Cell Volume: 2129.34643952
Relaxation Volume: 0.0
Relaxed Cell Vector:
[ 11.38031902  -5.69015951   9.85564537   0.           0.          18.98483474]
Unrelaxed Cell Vector:
[11.380319016735971, -5.6901595083679855, 9.8556453716644938, 0.0, 0.0, 18.984834744518754]
Relaxed Cell:
[[ 11.38031902   0.           0.        ]
 [ -5.69015951   9.85564537   0.        ]
 [  0.           0.          18.98483474]]
Unrelaxed Cell:
[[ 11.38031902   0.           0.        ]
 [ -5.69015951   9.85564537   0.        ]
 [  0.           0.          18.98483474]]

Supercell Size: 5
Unrelaxed Cell:
[[ 14.22539877   0.           0.        ]
 [ -7.11269939  12.31955671   0.        ]
 [  0.           0.          23.73104343]]
Unrelaxed Cell Vector:
[14.225398770919963, -7.1126993854599814, 12.319556714580617, 0.0, 0.0, 23.731043430648441]
Vacancy Formation Energy (Cell Structure Relaxation): -3.38314237672 Size:  5
Vacancy Formation Energy (Cell Structure Relaxation): 0.110930288936 Size:  5
Vacancy Formation Energy (Cell Structure Relaxation): -3.05338636011 Size:  5
Vacancy Formation Energy (Cell Structure Relaxation): -0.137580167846 Size:  5
Vacancy Formation Energy (Cell Structure Relaxation): -3.38314235787 Size:  5
Vacancy Formation Energy (Cell Structure Relaxation): -3.38314235768 Size:  5
Vacancy Formation Energy (Cell Structure Relaxation): -0.635905176908 Size:  5
Vacancy Formation Energy (Cell Structure Relaxation): 1.50902606232 Size:  5
Vacancy Formation Energy (Cell Structure Relaxation): -2.14686204233 Size:  5
Vacancy Formation Energy (Cell Structure Relaxation): 0.545080035184 Size:  5
Vacancy Formation Energy (Cell Structure Relaxation): -2.25378011816 Size:  5
Vacancy Formation Energy (Cell Structure Relaxation): -1.25023423156 Size:  5
Vacancy Formation Energy (Cell Structure Relaxation): -2.8485994324 Size:  5
Vacancy Formation Energy (Cell Structure Relaxation): -2.0621768173 Size:  5
Vacancy Formation Energy (Cell Structure Relaxation): -2.98422795842 Size:  5
Vacancy Formation Energy (Cell Structure Relaxation): -2.22642769705 Size:  5
Vacancy Formation Energy (Cell Structure Relaxation): -3.03421322104 Size:  5
Vacancy Formation Energy (Cell Structure Relaxation): -2.78636724076 Size:  5
Vacancy Formation Energy (Cell Structure Relaxation): -3.22261712734 Size:  5
Vacancy Formation Energy (Cell Structure Relaxation): -3.0370346147 Size:  5
Vacancy Formation Energy (Cell Structure Relaxation): -2.80673901736 Size:  5
Vacancy Formation Energy (Cell Structure Relaxation): -3.28740868938 Size:  5
Vacancy Formation Energy (Cell Structure Relaxation): -3.08599493509 Size:  5
Vacancy Formation Energy (Cell Structure Relaxation): -3.03268323913 Size:  5
Vacancy Formation Energy (Cell Structure Relaxation): -3.289242432 Size:  5
Vacancy Formation Energy (Cell Structure Relaxation): -3.11056265596 Size:  5
Vacancy Formation Energy (Cell Structure Relaxation): -3.31065912687 Size:  5
Vacancy Formation Energy (Cell Structure Relaxation): -3.26775343048 Size:  5
Vacancy Formation Energy (Cell Structure Relaxation): -3.35099910139 Size:  5
Vacancy Formation Energy (Cell Structure Relaxation): -3.28291733169 Size:  5
Vacancy Formation Energy (Cell Structure Relaxation): -3.35152213601 Size:  5
Vacancy Formation Energy (Cell Structure Relaxation): -3.32847581021 Size:  5
Vacancy Formation Energy (Cell Structure Relaxation): -3.31481025807 Size:  5
Vacancy Formation Energy (Cell Structure Relaxation): -3.3643465064 Size:  5
Vacancy Formation Energy (Cell Structure Relaxation): -3.3094295751 Size:  5
Vacancy Formation Energy (Cell Structure Relaxation): -3.37051656904 Size:  5
Vacancy Formation Energy (Cell Structure Relaxation): -3.35463792587 Size:  5
Vacancy Formation Energy (Cell Structure Relaxation): -3.33261891482 Size:  5
Vacancy Formation Energy (Cell Structure Relaxation): -3.37527802302 Size:  5
Vacancy Formation Energy (Cell Structure Relaxation): -3.35398633143 Size:  5
Vacancy Formation Energy (Cell Structure Relaxation): -3.37486370237 Size:  5
Vacancy Formation Energy (Cell Structure Relaxation): -3.36933509205 Size:  5
Vacancy Formation Energy (Cell Structure Relaxation): -3.37966889766 Size:  5
Vacancy Formation Energy (Cell Structure Relaxation): -3.36785907236 Size:  5
Vacancy Formation Energy (Cell Structure Relaxation): -3.37984085811 Size:  5
Vacancy Formation Energy (Cell Structure Relaxation): -3.3761737213 Size:  5
Vacancy Formation Energy (Cell Structure Relaxation): -3.37447729047 Size:  5
Vacancy Formation Energy (Cell Structure Relaxation): -3.38095861521 Size:  5
Vacancy Formation Energy (Cell Structure Relaxation): -3.37548353661 Size:  5
Vacancy Formation Energy (Cell Structure Relaxation): -3.38128637684 Size:  5
Vacancy Formation Energy (Cell Structure Relaxation): -3.37993118911 Size:  5
Vacancy Formation Energy (Cell Structure Relaxation): -3.37921636434 Size:  5
Vacancy Formation Energy (Cell Structure Relaxation): -3.38220723224 Size:  5
Vacancy Formation Energy (Cell Structure Relaxation): -3.3797705008 Size:  5
Vacancy Formation Energy (Cell Structure Relaxation): -3.38220683694 Size:  5
Vacancy Formation Energy (Cell Structure Relaxation): -3.38126669801 Size:  5
Vacancy Formation Energy (Cell Structure Relaxation): -3.38260588436 Size:  5
Vacancy Formation Energy (Cell Structure Relaxation): -3.38123978401 Size:  5
Vacancy Formation Energy (Cell Structure Relaxation): -3.38260051333 Size:  5
Vacancy Formation Energy (Cell Structure Relaxation): -3.38247327565 Size:  5
Vacancy Formation Energy (Cell Structure Relaxation): -3.38222928699 Size:  5
Vacancy Formation Energy (Cell Structure Relaxation): -3.38286773252 Size:  5
Vacancy Formation Energy (Cell Structure Relaxation): -3.38245171198 Size:  5
Vacancy Formation Energy (Cell Structure Relaxation): -3.3829342754 Size:  5
Vacancy Formation Energy (Cell Structure Relaxation): -3.38265018749 Size:  5
Vacancy Formation Energy (Cell Structure Relaxation): -3.38262471706 Size:  5
Vacancy Formation Energy (Cell Structure Relaxation): -3.38298217118 Size:  5
Vacancy Formation Energy (Cell Structure Relaxation): -3.38270169251 Size:  5
Vacancy Formation Energy (Cell Structure Relaxation): -3.38301496042 Size:  5
Vacancy Formation Energy (Cell Structure Relaxation): -3.38298527395 Size:  5
Vacancy Formation Energy (Cell Structure Relaxation): -3.38294412688 Size:  5
Vacancy Formation Energy (Cell Structure Relaxation): -3.38308522526 Size:  5
Vacancy Formation Energy (Cell Structure Relaxation): -3.38295159849 Size:  5
Vacancy Formation Energy (Cell Structure Relaxation): -3.38309757633 Size:  5
Vacancy Formation Energy (Cell Structure Relaxation): -3.38298081583 Size:  5
Vacancy Formation Energy (Cell Structure Relaxation): -3.3830974415 Size:  5
Vacancy Formation Energy (Cell Structure Relaxation): -3.38299619342 Size:  5
Vacancy Formation Energy (Cell Structure Relaxation): -3.38310764576 Size:  5
Vacancy Formation Energy (Cell Structure Relaxation): -3.38310027558 Size:  5
Vacancy Formation Energy (Cell Structure Relaxation): -3.38308633674 Size:  5
Vacancy Formation Energy (Cell Structure Relaxation): -3.3831286766 Size:  5
Vacancy Formation Energy (Cell Structure Relaxation): -3.383103153 Size:  5
Vacancy Formation Energy (Cell Structure Relaxation): -3.38310450576 Size:  5
Vacancy Formation Energy (Cell Structure Relaxation): -3.38309148127 Size:  5
Vacancy Formation Energy (Cell Structure Relaxation): -3.3831315148 Size:  5
Vacancy Formation Energy (Cell Structure Relaxation): -3.38310440029 Size:  5
Vacancy Formation Energy (Cell Structure Relaxation): -3.38313098785 Size:  5
Vacancy Formation Energy (Cell Structure Relaxation): -3.3831173333 Size:  5
Vacancy Formation Energy (Cell Structure Relaxation): -3.38313619876 Size:  5
Vacancy Formation Energy (Cell Structure Relaxation): -3.38312755238 Size:  5
Vacancy Formation Energy (Cell Structure Relaxation): -3.38313826012 Size:  5
Vacancy Formation Energy (Cell Structure Relaxation): -3.38313407022 Size:  5
Vacancy Formation Energy (Cell Structure Relaxation): -3.38313096539 Size:  5
Vacancy Formation Energy (Cell Structure Relaxation): -3.38313935642 Size:  5
Vacancy Formation Energy (Cell Structure Relaxation): -3.38313216835 Size:  5
Vacancy Formation Energy (Cell Structure Relaxation): -3.38314016528 Size:  5
Vacancy Formation Energy (Cell Structure Relaxation): -3.38313653303 Size:  5
Vacancy Formation Energy (Cell Structure Relaxation): -3.3831407049 Size:  5
Vacancy Formation Energy (Cell Structure Relaxation): -3.38313812169 Size:  5
Vacancy Formation Energy (Cell Structure Relaxation): -3.38314114333 Size:  5
Vacancy Formation Energy (Cell Structure Relaxation): -3.38314023982 Size:  5
Vacancy Formation Energy (Cell Structure Relaxation): -3.38313966734 Size:  5
Vacancy Formation Energy (Cell Structure Relaxation): -3.38314176033 Size:  5
Vacancy Formation Energy (Cell Structure Relaxation): -3.38313959125 Size:  5
Vacancy Formation Energy (Cell Structure Relaxation): -3.38314180221 Size:  5
Vacancy Formation Energy (Cell Structure Relaxation): -3.3831411051 Size:  5
Vacancy Formation Energy (Cell Structure Relaxation): -3.38314203637 Size:  5
Vacancy Formation Energy (Cell Structure Relaxation): -3.38314108146 Size:  5
Vacancy Formation Energy (Cell Structure Relaxation): -3.38314202434 Size:  5
Vacancy Formation Energy (Cell Structure Relaxation): -3.38314186887 Size:  5
Vacancy Formation Energy (Cell Structure Relaxation): -3.3831418233 Size:  5
Vacancy Formation Energy (Cell Structure Relaxation): -3.38314220766 Size:  5
Vacancy Formation Energy (Cell Structure Relaxation): -3.38314182897 Size:  5
Vacancy Formation Energy (Cell Structure Relaxation): -3.38314222538 Size:  5
Vacancy Formation Energy (Cell Structure Relaxation): -3.38314201593 Size:  5
Vacancy Formation Energy (Cell Structure Relaxation): -3.38314226422 Size:  5
Vacancy Formation Energy (Cell Structure Relaxation): -3.38314208895 Size:  5
Vacancy Formation Energy (Cell Structure Relaxation): -3.38314229237 Size:  5
Vacancy Formation Energy (Cell Structure Relaxation): -3.38314225865 Size:  5
Vacancy Formation Energy (Cell Structure Relaxation): -3.38314223909 Size:  5
Vacancy Formation Energy (Cell Structure Relaxation): -3.38314233331 Size:  5
Vacancy Formation Energy (Cell Structure Relaxation): -3.38314225139 Size:  5
Vacancy Formation Energy (Cell Structure Relaxation): -3.38314233835 Size:  5
Vacancy Formation Energy (Cell Structure Relaxation): -3.38314226237 Size:  5
Vacancy Formation Energy (Cell Structure Relaxation): -3.38314234052 Size:  5
Vacancy Formation Energy (Cell Structure Relaxation): -3.3831422945 Size:  5
Vacancy Formation Energy (Cell Structure Relaxation): -3.3831423489 Size:  5
Vacancy Formation Energy (Cell Structure Relaxation): -3.38314234625 Size:  5
Vacancy Formation Energy (Cell Structure Relaxation): -3.38314234138 Size:  5
Vacancy Formation Energy (Cell Structure Relaxation): -3.38314233891 Size:  5
Vacancy Formation Energy (Cell Structure Relaxation): -3.38314236225 Size:  5
Vacancy Formation Energy (Cell Structure Relaxation): -3.38314234248 Size:  5
Vacancy Formation Energy (Cell Structure Relaxation): -3.38314236299 Size:  5
Vacancy Formation Energy (Cell Structure Relaxation): -3.38314234337 Size:  5
Vacancy Formation Energy (Cell Structure Relaxation): -3.38314236416 Size:  5
Vacancy Formation Energy (Cell Structure Relaxation): -3.38314235404 Size:  5
Vacancy Formation Energy (Cell Structure Relaxation): -3.38314236717 Size:  5
Vacancy Formation Energy (Cell Structure Relaxation): -3.38314235268 Size:  5
Vacancy Formation Energy (Cell Structure Relaxation): -3.38314236819 Size:  5
Vacancy Formation Energy (Cell Structure Relaxation): -3.38314235624 Size:  5
Vacancy Formation Energy (Cell Structure Relaxation): -3.38314236802 Size:  5
Vacancy Formation Energy (Cell Structure Relaxation): -3.38314236663 Size:  5
Vacancy Formation Energy (Cell Structure Relaxation): -3.38314236586 Size:  5
Vacancy Formation Energy (Cell Structure Relaxation): -3.38314236818 Size:  5
Vacancy Formation Energy (Cell Structure Relaxation): -3.38314236532 Size:  5
Vacancy Formation Energy (Cell Structure Relaxation): -3.38314237095 Size:  5
Vacancy Formation Energy (Cell Structure Relaxation): -3.38314236635 Size:  5
Vacancy Formation Energy (Cell Structure Relaxation): -3.38314237142 Size:  5
Vacancy Formation Energy (Cell Structure Relaxation): -3.38314237243 Size:  5
Vacancy Formation Energy (Cell Structure Relaxation): -3.38314236919 Size:  5
Vacancy Formation Energy (Cell Structure Relaxation): -3.38314237078 Size:  5
Vacancy Formation Energy (Cell Structure Relaxation): -3.38314237191 Size:  5
Vacancy Formation Energy (Cell Structure Relaxation): -3.38314236975 Size:  5
Vacancy Formation Energy (Cell Structure Relaxation): -3.38314237356 Size:  5
Vacancy Formation Energy (Cell Structure Relaxation): -3.38314236843 Size:  5
Vacancy Formation Energy (Cell Structure Relaxation): -3.38314237406 Size:  5
Vacancy Formation Energy (Cell Structure Relaxation): -3.38314237216 Size:  5
Vacancy Formation Energy (Cell Structure Relaxation): -3.38314237201 Size:  5
Vacancy Formation Energy (Cell Structure Relaxation): -3.38314237085 Size:  5
Vacancy Formation Energy (Cell Structure Relaxation): -3.38314237416 Size:  5
Vacancy Formation Energy (Cell Structure Relaxation): -3.38314237124 Size:  5
Vacancy Formation Energy (Cell Structure Relaxation): -3.38314237469 Size:  5
Vacancy Formation Energy (Cell Structure Relaxation): -3.38314237333 Size:  5
Vacancy Formation Energy (Cell Structure Relaxation): -3.38314237378 Size:  5
Vacancy Formation Energy (Cell Structure Relaxation): -3.38314237314 Size:  5
Vacancy Formation Energy (Cell Structure Relaxation): -3.38314237504 Size:  5
Vacancy Formation Energy (Cell Structure Relaxation): -3.3831423749 Size:  5
Vacancy Formation Energy (Cell Structure Relaxation): -3.38314237283 Size:  5
Vacancy Formation Energy (Cell Structure Relaxation): -3.38314237525 Size:  5
Vacancy Formation Energy (Cell Structure Relaxation): -3.38314237411 Size:  5
Vacancy Formation Energy (Cell Structure Relaxation): -3.38314237543 Size:  5
Vacancy Formation Energy (Cell Structure Relaxation): -3.38314237545 Size:  5
Vacancy Formation Energy (Cell Structure Relaxation): -3.38314237429 Size:  5
Vacancy Formation Energy (Cell Structure Relaxation): -3.38314237532 Size:  5
Vacancy Formation Energy (Cell Structure Relaxation): -3.3831423749 Size:  5
Vacancy Formation Energy (Cell Structure Relaxation): -3.38314237551 Size:  5
Vacancy Formation Energy (Cell Structure Relaxation): -3.38314237525 Size:  5
Vacancy Formation Energy (Cell Structure Relaxation): -3.38314237587 Size:  5
Vacancy Formation Energy (Cell Structure Relaxation): -3.38314237556 Size:  5
Vacancy Formation Energy (Cell Structure Relaxation): -3.38314237578 Size:  5
Vacancy Formation Energy (Cell Structure Relaxation): -3.38314237513 Size:  5
Vacancy Formation Energy (Cell Structure Relaxation): -3.38314237583 Size:  5
Vacancy Formation Energy (Cell Structure Relaxation): -3.38314237556 Size:  5
Vacancy Formation Energy (Cell Structure Relaxation): -3.38314237503 Size:  5
Vacancy Formation Energy (Cell Structure Relaxation): -3.38314237616 Size:  5
Vacancy Formation Energy (Cell Structure Relaxation): -3.38314237534 Size:  5
Vacancy Formation Energy (Cell Structure Relaxation): -3.38314237591 Size:  5
Vacancy Formation Energy (Cell Structure Relaxation): -3.38314237573 Size:  5
Vacancy Formation Energy (Cell Structure Relaxation): -3.383142376 Size:  5
Vacancy Formation Energy (Cell Structure Relaxation): -3.38314237527 Size:  5
Vacancy Formation Energy (Cell Structure Relaxation): -3.38314237589 Size:  5
Vacancy Formation Energy (Cell Structure Relaxation): -3.38314237608 Size:  5
Vacancy Formation Energy (Cell Structure Relaxation): -3.38314237598 Size:  5
Vacancy Formation Energy (Cell Structure Relaxation): -3.38314237577 Size:  5
Vacancy Formation Energy (Cell Structure Relaxation): -3.38314237615 Size:  5
Vacancy Formation Energy (Cell Structure Relaxation): -3.38314237581 Size:  5
Vacancy Formation Energy (Cell Structure Relaxation): -3.38314237608 Size:  5
Vacancy Formation Energy (Cell Structure Relaxation): -3.38314237572 Size:  5
Vacancy Formation Energy (Cell Structure Relaxation): -3.38314237599 Size:  5
Vacancy Formation Energy (Cell Structure Relaxation): -3.38314237595 Size:  5
Vacancy Formation Energy (Cell Structure Relaxation): -3.383142376 Size:  5
Vacancy Formation Energy (Cell Structure Relaxation): -3.38314237607 Size:  5
Vacancy Formation Energy (Cell Structure Relaxation): -3.38314237613 Size:  5
Vacancy Formation Energy (Cell Structure Relaxation): -3.38314237591 Size:  5
Vacancy Formation Energy (Cell Structure Relaxation): -3.38314237613 Size:  5
Vacancy Formation Energy (Cell Structure Relaxation): -3.38314237609 Size:  5
Vacancy Formation Energy (Cell Structure Relaxation): -3.38314237588 Size:  5
Vacancy Formation Energy (Cell Structure Relaxation): -3.38314237594 Size:  5
Vacancy Formation Energy (Cell Structure Relaxation): -3.38314237597 Size:  5
Vacancy Formation Energy (Cell Structure Relaxation): -3.38314237591 Size:  5
Vacancy Formation Energy (Cell Structure Relaxation): -3.38314237619 Size:  5
Vacancy Formation Energy (Cell Structure Relaxation): -3.3831423761 Size:  5
Vacancy Formation Energy (Cell Structure Relaxation): -3.38314237595 Size:  5
Vacancy Formation Energy (Cell Structure Relaxation): -3.38314237602 Size:  5
Optimization terminated successfully.
         Current function value: -3.383142
         Iterations: 121
         Function evaluations: 214
Summary:
Vacancy Formation Energy: -3.38314237672
Unrelaxed Cell Volume: 4158.87976468
Relaxed Cell Volume: 4158.87976468
Relaxation Volume: 0.0
Relaxed Cell Vector:
[ 14.22539877  -7.11269939  12.31955671   0.           0.          23.73104343]
Unrelaxed Cell Vector:
[14.225398770919963, -7.1126993854599814, 12.319556714580617, 0.0, 0.0, 23.731043430648441]
Relaxed Cell:
[[ 14.22539877   0.           0.        ]
 [ -7.11269939  12.31955671   0.        ]
 [  0.           0.          23.73104343]]
Unrelaxed Cell:
[[ 14.22539877   0.           0.        ]
 [ -7.11269939  12.31955671   0.        ]
 [  0.           0.          23.73104343]]

[Calculation Results Summary]
Sizes: [3, 4, 5]
Formation Energy By Size:
[-3.3831423767188937, -3.3831423767194337, -3.3831423767213664]
Relaxation Volume By Size:
[0.0, 0.0, 0.0]

[Extrapolation]
Fitting with 2 points, including orders [0, 3]
Fit with data beginning 0

Fit with Size: [3 4]
Orders: [0, 3]
Matrix A (Ax = y):
[[ 1.          0.03703704]
 [ 1.          0.015625  ]]
Data for Fitting: [-3.38314238 -3.38314238]
Fitting Results: (array([ -3.38314238e+00,   2.52273802e-11]), array([], dtype=float64), 2, array([ 1.41470379,  0.01513535]))

Fit with Size: [3 4]
Orders: [0, 3]
Matrix A (Ax = y):
[[ 1.          0.03703704]
 [ 1.          0.015625  ]]
Data for Fitting: [ 0.  0.]
Fitting Results: (array([ 0.,  0.]), array([], dtype=float64), 2, array([ 1.41470379,  0.01513535]))
Fit with data beginning 1

Fit with Size: [4 5]
Orders: [0, 3]
Matrix A (Ax = y):
[[ 1.        0.015625]
 [ 1.        0.008   ]]
Data for Fitting: [-3.38314238 -3.38314238]
Fitting Results: (array([ -3.38314238e+00,   2.53524419e-10]), array([], dtype=float64), 2, array([ 1.41431223,  0.00539131]))

Fit with Size: [4 5]
Orders: [0, 3]
Matrix A (Ax = y):
[[ 1.        0.015625]
 [ 1.        0.008   ]]
Data for Fitting: [ 0.  0.]
Fitting Results: (array([ 0.,  0.]), array([], dtype=float64), 2, array([ 1.41431223,  0.00539131]))
Fitting with 3 points, including orders [0, 3]
Fit with data beginning 0

Fit with Size: [3 4 5]
Orders: [0, 3]
Matrix A (Ax = y):
[[ 1.          0.03703704]
 [ 1.          0.015625  ]
 [ 1.          0.008     ]]
Data for Fitting: [-3.38314238 -3.38314238 -3.38314238]
Fitting Results: (array([ -3.38314238e+00,   7.21712278e-11]), array([  1.02095455e-24]), 2, array([ 1.73240492,  0.02128544]))

Fit with Size: [3 4 5]
Orders: [0, 3]
Matrix A (Ax = y):
[[ 1.          0.03703704]
 [ 1.          0.015625  ]
 [ 1.          0.008     ]]
Data for Fitting: [ 0.  0.  0.]
Fitting Results: (array([ 0.,  0.]), array([ 0.]), 2, array([ 1.73240492,  0.02128544]))
Fitting with 3 points, including orders [0, 3, 4]
Fit with data beginning 0

Fit with Size: [3 4 5]
Orders: [0, 3, 4]
Matrix A (Ax = y):
[[ 1.          0.03703704  0.01234568]
 [ 1.          0.015625    0.00390625]
 [ 1.          0.008       0.0016    ]]
Data for Fitting: [-3.38314238 -3.38314238 -3.38314238]
Fitting Results: (array([ -3.38314238e+00,   1.00630979e-09,  -2.48907786e-09]), array([], dtype=float64), 3, array([  1.73243559e+00,   2.27351353e-02,   3.80051182e-04]))

Fit with Size: [3 4 5]
Orders: [0, 3, 4]
Matrix A (Ax = y):
[[ 1.          0.03703704  0.01234568]
 [ 1.          0.015625    0.00390625]
 [ 1.          0.008       0.0016    ]]
Data for Fitting: [ 0.  0.  0.]
Fitting Results: (array([ 0.,  0.,  0.]), array([], dtype=float64), 3, array([  1.73243559e+00,   2.27351353e-02,   3.80051182e-04]))
Fitting with 3 points, including orders [0, 3, 5]
Fit with data beginning 0

Fit with Size: [3 4 5]
Orders: [0, 3, 5]
Matrix A (Ax = y):
[[  1.00000000e+00   3.70370370e-02   4.11522634e-03]
 [  1.00000000e+00   1.56250000e-02   9.76562500e-04]
 [  1.00000000e+00   8.00000000e-03   3.20000000e-04]]
Data for Fitting: [-3.38314238 -3.38314238 -3.38314238]
Fitting Results: (array([ -3.38314238e+00,   5.78388124e-10,  -3.77349131e-09]), array([], dtype=float64), 3, array([  1.73240774e+00,   2.14761184e-02,   2.65390853e-04]))

Fit with Size: [3 4 5]
Orders: [0, 3, 5]
Matrix A (Ax = y):
[[  1.00000000e+00   3.70370370e-02   4.11522634e-03]
 [  1.00000000e+00   1.56250000e-02   9.76562500e-04]
 [  1.00000000e+00   8.00000000e-03   3.20000000e-04]]
Data for Fitting: [ 0.  0.  0.]
Fitting Results: (array([ 0.,  0.,  0.]), array([], dtype=float64), 3, array([  1.73240774e+00,   2.14761184e-02,   2.65390853e-04]))
Fitting with 3 points, including orders [0, 3, 6]
Fit with data beginning 0

Fit with Size: [3 4 5]
Orders: [0, 3, 6]
Matrix A (Ax = y):
[[  1.00000000e+00   3.70370370e-02   1.37174211e-03]
 [  1.00000000e+00   1.56250000e-02   2.44140625e-04]
 [  1.00000000e+00   8.00000000e-03   6.40000000e-05]]
Data for Fitting: [-3.38314238 -3.38314238 -3.38314238]
Fitting Results: (array([ -3.38314238e+00,   4.39142205e-10,  -7.85932192e-09]), array([], dtype=float64), 3, array([  1.73240519e+00,   2.13086278e-02,   1.28423698e-04]))

Fit with Size: [3 4 5]
Orders: [0, 3, 6]
Matrix A (Ax = y):
[[  1.00000000e+00   3.70370370e-02   1.37174211e-03]
 [  1.00000000e+00   1.56250000e-02   2.44140625e-04]
 [  1.00000000e+00   8.00000000e-03   6.40000000e-05]]
Data for Fitting: [ 0.  0.  0.]
Fitting Results: (array([ 0.,  0.,  0.]), array([], dtype=float64), 3, array([  1.73240519e+00,   2.13086278e-02,   1.28423698e-04]))

[Fitting Results Summary]
Sizes: [3, 4, 5]
Data Points Used: [2, 3, 3, 3, 3]
Orders Included:
[[0, 3] [0, 3] [0, 3, 4] [0, 3, 5] [0, 3, 6]]
Formation Energy Fits By Size:
[[-3.3831423767198263, -3.3831423767233924] [-3.3831423767213589]
 [-3.3831423767254347] [-3.3831423767247841] [-3.3831423767243769]]
Relaxation Volume Fits By Size:
[[0.0, 0.0] [0.0] [0.0] [0.0] [0.0]]

[Final Results]
[
    {
        "property-id" "tag:staff@noreply.openkim.org,2015-07-28:property/monovacancy-neutral-relaxed-formation-potential-energy-crystal-npt" 
        "instance-id" 1 
        "relaxed-formation-potential-energy" {
            "source-value" -3.3831423767233924 
            "source-unit" "eV" 
            "source-std-uncert-value" 0.0033831423767213663
        } 
        "host-cauchy-stress" {
            "source-value" [
                0 
                0 
                0 
                0 
                0 
                0
            ] 
            "source-unit" "GPa"
        } 
        "host-removed-atom" {
            "source-value" 1
        } 
        "host-short-name" {
            "source-value" [
                "hcp"
            ]
        } 
        "host-a" {
            "source-value" 2.8450797541839927 
            "source-unit" "angstrom"
        } 
        "host-b" {
            "source-value" 2.8450797541839923 
            "source-unit" "angstrom"
        } 
        "host-c" {
            "source-value" 4.7462086861296884 
            "source-unit" "angstrom"
        } 
        "host-alpha" {
            "source-value" 90.0 
            "source-unit" "degree"
        } 
        "host-beta" {
            "source-value" 90.0 
            "source-unit" "degree"
        } 
        "host-gamma" {
            "source-value" 120.00000000000001 
            "source-unit" "degree"
        } 
        "host-space-group" {
            "source-value" "P63/mmc"
        } 
        "host-wyckoff-multiplicity-and-letter" {
            "source-value" [
                "2d"
            ]
        } 
        "host-wyckoff-coordinates" {
            "source-value" [
                [
                    0.6666666666666666 
                    0.3333333333333333 
                    0.25
                ]
            ]
        } 
        "host-wyckoff-species" {
            "source-value" [
                "Al"
            ]
        } 
        "reservoir-cohesive-potential-energy" {
            "source-value" -6.7662847534379384 
            "source-unit" "eV"
        } 
        "reservoir-short-name" {
            "source-value" [
                "hcp"
            ]
        } 
        "reservoir-cauchy-stress" {
            "source-value" [
                0.0 
                0.0 
                0.0 
                0.0 
                0.0 
                0.0
            ] 
            "source-unit" "GPa"
        } 
        "reservoir-a" {
            "source-value" 2.8450797541839927 
            "source-unit" "angstrom"
        } 
        "reservoir-b" {
            "source-value" 2.8450797541839923 
            "source-unit" "angstrom"
        } 
        "reservoir-c" {
            "source-value" 4.7462086861296884 
            "source-unit" "angstrom"
        } 
        "reservoir-alpha" {
            "source-value" 90.0 
            "source-unit" "degree"
        } 
        "reservoir-beta" {
            "source-value" 90.0 
            "source-unit" "degree"
        } 
        "reservoir-gamma" {
            "source-value" 120.00000000000001 
            "source-unit" "degree"
        } 
        "reservoir-space-group" {
            "source-value" "P63/mmc"
        } 
        "reservoir-wyckoff-multiplicity-and-letter" {
            "source-value" [
                "2d"
            ]
        } 
        "reservoir-wyckoff-coordinates" {
            "source-value" [
                [
                    0.6666666666666666 
                    0.3333333333333333 
                    0.25
                ]
            ]
        } 
        "reservoir-wyckoff-species" {
            "source-value" [
                "Al"
            ]
        }
    } 
    {
        "property-id" "tag:staff@noreply.openkim.org,2015-07-28:property/monovacancy-neutral-relaxation-volume-crystal-npt" 
        "instance-id" 2 
        "relaxation-volume" {
            "source-value" 0.0 
            "source-unit" "angstrom^3" 
            "source-std-uncert-value" 0.028786797220458262
        } 
        "host-cauchy-stress" {
            "source-value" [
                0 
                0 
                0 
                0 
                0 
                0
            ] 
            "source-unit" "GPa"
        } 
        "host-removed-atom" {
            "source-value" 1
        } 
        "host-short-name" {
            "source-value" [
                "hcp"
            ]
        } 
        "host-a" {
            "source-value" 2.8450797541839927 
            "source-unit" "angstrom"
        } 
        "host-b" {
            "source-value" 2.8450797541839923 
            "source-unit" "angstrom"
        } 
        "host-c" {
            "source-value" 4.7462086861296884 
            "source-unit" "angstrom"
        } 
        "host-alpha" {
            "source-value" 90.0 
            "source-unit" "degree"
        } 
        "host-beta" {
            "source-value" 90.0 
            "source-unit" "degree"
        } 
        "host-gamma" {
            "source-value" 120.00000000000001 
            "source-unit" "degree"
        } 
        "host-space-group" {
            "source-value" "P63/mmc"
        } 
        "host-wyckoff-multiplicity-and-letter" {
            "source-value" [
                "2d"
            ]
        } 
        "host-wyckoff-coordinates" {
            "source-value" [
                [
                    0.6666666666666666 
                    0.3333333333333333 
                    0.25
                ]
            ]
        } 
        "host-wyckoff-species" {
            "source-value" [
                "Al"
            ]
        }
    }
]
