Imported bulk from ase.lattice
Parameters Input: Ni sc EAM_Dynamo_Mishin_Farkas_Ni__MO_400591584784_001 [2.34778145245]

[Calculation]

Supercell Size: 3
Unrelaxed Cell:
[[ 7.04334436  0.          0.        ]
 [ 0.          7.04334436  0.        ]
 [ 0.          0.          7.04334436]]
Unrelaxed Cell Vector:
[7.0433443573499996, 0.0, 7.0433443573499996, 0.0, 0.0, 7.0433443573499996]
Vacancy Formation Energy (Cell Structure Relaxation): -0.157439013639 Size:  3
Vacancy Formation Energy (Cell Structure Relaxation): 0.433151687584 Size:  3
Vacancy Formation Energy (Cell Structure Relaxation): -0.396523918262 Size:  3
Vacancy Formation Energy (Cell Structure Relaxation): -9.45819216413 Size:  3
Vacancy Formation Energy (Cell Structure Relaxation): -9.82638238653 Size:  3
Vacancy Formation Energy (Cell Structure Relaxation): -9.82638222207 Size:  3
Vacancy Formation Energy (Cell Structure Relaxation): -8.64122860834 Size:  3
Vacancy Formation Energy (Cell Structure Relaxation): -10.3056333205 Size:  3
Vacancy Formation Energy (Cell Structure Relaxation): -14.4490482688 Size:  3
Vacancy Formation Energy (Cell Structure Relaxation): -11.6560139926 Size:  3
Vacancy Formation Energy (Cell Structure Relaxation): -11.5155812597 Size:  3
Vacancy Formation Energy (Cell Structure Relaxation): -13.8839040016 Size:  3
Vacancy Formation Energy (Cell Structure Relaxation): -14.6173906312 Size:  3
Vacancy Formation Energy (Cell Structure Relaxation): -15.59094984 Size:  3
Vacancy Formation Energy (Cell Structure Relaxation): -14.7197686578 Size:  3
Vacancy Formation Energy (Cell Structure Relaxation): -15.0834432233 Size:  3
Vacancy Formation Energy (Cell Structure Relaxation): -15.960621905 Size:  3
Vacancy Formation Energy (Cell Structure Relaxation): -15.8592882038 Size:  3
Vacancy Formation Energy (Cell Structure Relaxation): -16.4340969611 Size:  3
Vacancy Formation Energy (Cell Structure Relaxation): -10.5082458145 Size:  3
Vacancy Formation Energy (Cell Structure Relaxation): -14.1656250768 Size:  3
Vacancy Formation Energy (Cell Structure Relaxation): -15.3832493587 Size:  3
Vacancy Formation Energy (Cell Structure Relaxation): -15.3716591366 Size:  3
Vacancy Formation Energy (Cell Structure Relaxation): -14.0111280451 Size:  3
Vacancy Formation Energy (Cell Structure Relaxation): -15.4085533659 Size:  3
Vacancy Formation Energy (Cell Structure Relaxation): -13.6967033645 Size:  3
Vacancy Formation Energy (Cell Structure Relaxation): -15.8450055514 Size:  3
Vacancy Formation Energy (Cell Structure Relaxation): -14.2842403799 Size:  3
Vacancy Formation Energy (Cell Structure Relaxation): -15.8215238622 Size:  3
Vacancy Formation Energy (Cell Structure Relaxation): -16.0507045287 Size:  3
Vacancy Formation Energy (Cell Structure Relaxation): -15.7144645662 Size:  3
Vacancy Formation Energy (Cell Structure Relaxation): -16.912617439 Size:  3
Vacancy Formation Energy (Cell Structure Relaxation): -14.8026511124 Size:  3
Vacancy Formation Energy (Cell Structure Relaxation): -16.6674574516 Size:  3
Vacancy Formation Energy (Cell Structure Relaxation): -17.0808802338 Size:  3
Vacancy Formation Energy (Cell Structure Relaxation): -17.0373111851 Size:  3
Vacancy Formation Energy (Cell Structure Relaxation): -17.4550883346 Size:  3
Vacancy Formation Energy (Cell Structure Relaxation): -17.3321872397 Size:  3
Vacancy Formation Energy (Cell Structure Relaxation): -17.197679994 Size:  3
Vacancy Formation Energy (Cell Structure Relaxation): -16.1236594425 Size:  3
Vacancy Formation Energy (Cell Structure Relaxation): -16.951801296 Size:  3
Vacancy Formation Energy (Cell Structure Relaxation): -17.3709812136 Size:  3
Vacancy Formation Energy (Cell Structure Relaxation): -17.0116009699 Size:  3
Vacancy Formation Energy (Cell Structure Relaxation): -17.6520354509 Size:  3
Vacancy Formation Energy (Cell Structure Relaxation): -17.5574938383 Size:  3
Vacancy Formation Energy (Cell Structure Relaxation): -17.6794754764 Size:  3
Vacancy Formation Energy (Cell Structure Relaxation): -17.4175683161 Size:  3
Vacancy Formation Energy (Cell Structure Relaxation): -16.5170949178 Size:  3
Vacancy Formation Energy (Cell Structure Relaxation): -17.5198298772 Size:  3
Vacancy Formation Energy (Cell Structure Relaxation): -17.2360438251 Size:  3
Vacancy Formation Energy (Cell Structure Relaxation): -17.7839149484 Size:  3
Vacancy Formation Energy (Cell Structure Relaxation): -17.5821458655 Size:  3
Vacancy Formation Energy (Cell Structure Relaxation): -17.1050115125 Size:  3
Vacancy Formation Energy (Cell Structure Relaxation): -17.6109087873 Size:  3
Vacancy Formation Energy (Cell Structure Relaxation): -17.6981207483 Size:  3
Vacancy Formation Energy (Cell Structure Relaxation): -17.7030766825 Size:  3
Vacancy Formation Energy (Cell Structure Relaxation): -17.6876648342 Size:  3
Vacancy Formation Energy (Cell Structure Relaxation): -17.533021074 Size:  3
Vacancy Formation Energy (Cell Structure Relaxation): -17.7697288214 Size:  3
Vacancy Formation Energy (Cell Structure Relaxation): -17.818338594 Size:  3
Vacancy Formation Energy (Cell Structure Relaxation): -17.5723379461 Size:  3
Vacancy Formation Energy (Cell Structure Relaxation): -17.7639357273 Size:  3
Vacancy Formation Energy (Cell Structure Relaxation): -17.6492071456 Size:  3
Vacancy Formation Energy (Cell Structure Relaxation): -17.8071160954 Size:  3
Vacancy Formation Energy (Cell Structure Relaxation): -17.4391781576 Size:  3
Vacancy Formation Energy (Cell Structure Relaxation): -17.8483307063 Size:  3
Vacancy Formation Energy (Cell Structure Relaxation): -17.8137260506 Size:  3
Vacancy Formation Energy (Cell Structure Relaxation): -17.7240019175 Size:  3
Vacancy Formation Energy (Cell Structure Relaxation): -17.840904643 Size:  3
Vacancy Formation Energy (Cell Structure Relaxation): -17.741021187 Size:  3
Vacancy Formation Energy (Cell Structure Relaxation): -17.8370129795 Size:  3
Vacancy Formation Energy (Cell Structure Relaxation): -17.7969908705 Size:  3
Vacancy Formation Energy (Cell Structure Relaxation): -17.8484884194 Size:  3
Vacancy Formation Energy (Cell Structure Relaxation): -17.771908628 Size:  3
Vacancy Formation Energy (Cell Structure Relaxation): -17.8507580878 Size:  3
Vacancy Formation Energy (Cell Structure Relaxation): -17.7906431076 Size:  3
Vacancy Formation Energy (Cell Structure Relaxation): -17.8540520595 Size:  3
Vacancy Formation Energy (Cell Structure Relaxation): -17.8083759513 Size:  3
Vacancy Formation Energy (Cell Structure Relaxation): -17.8522093628 Size:  3
Vacancy Formation Energy (Cell Structure Relaxation): -17.8123245287 Size:  3
Vacancy Formation Energy (Cell Structure Relaxation): -17.85710171 Size:  3
Vacancy Formation Energy (Cell Structure Relaxation): -17.8392297135 Size:  3
Vacancy Formation Energy (Cell Structure Relaxation): -17.8565463227 Size:  3
Vacancy Formation Energy (Cell Structure Relaxation): -17.8350248598 Size:  3
Vacancy Formation Energy (Cell Structure Relaxation): -17.8596600206 Size:  3
Vacancy Formation Energy (Cell Structure Relaxation): -17.8475417785 Size:  3
Vacancy Formation Energy (Cell Structure Relaxation): -17.8586840948 Size:  3
Vacancy Formation Energy (Cell Structure Relaxation): -17.8430305298 Size:  3
Vacancy Formation Energy (Cell Structure Relaxation): -17.8596704407 Size:  3
Vacancy Formation Energy (Cell Structure Relaxation): -17.8514486513 Size:  3
Vacancy Formation Energy (Cell Structure Relaxation): -17.8595293764 Size:  3
Vacancy Formation Energy (Cell Structure Relaxation): -17.8475322086 Size:  3
Vacancy Formation Energy (Cell Structure Relaxation): -17.8606341971 Size:  3
Vacancy Formation Energy (Cell Structure Relaxation): -17.8590293248 Size:  3
Vacancy Formation Energy (Cell Structure Relaxation): -17.8508053383 Size:  3
Vacancy Formation Energy (Cell Structure Relaxation): -17.8613363666 Size:  3
Vacancy Formation Energy (Cell Structure Relaxation): -17.859705546 Size:  3
Vacancy Formation Energy (Cell Structure Relaxation): -17.8585895771 Size:  3
Vacancy Formation Energy (Cell Structure Relaxation): -17.8614289994 Size:  3
Vacancy Formation Energy (Cell Structure Relaxation): -17.8571581724 Size:  3
Vacancy Formation Energy (Cell Structure Relaxation): -17.8617267611 Size:  3
Vacancy Formation Energy (Cell Structure Relaxation): -17.8582841833 Size:  3
Vacancy Formation Energy (Cell Structure Relaxation): -17.8616434854 Size:  3
Vacancy Formation Energy (Cell Structure Relaxation): -17.8583212763 Size:  3
Vacancy Formation Energy (Cell Structure Relaxation): -17.8616223612 Size:  3
Vacancy Formation Energy (Cell Structure Relaxation): -17.8593063397 Size:  3
Vacancy Formation Energy (Cell Structure Relaxation): -17.8615554476 Size:  3
Vacancy Formation Energy (Cell Structure Relaxation): -17.8590965835 Size:  3
Vacancy Formation Energy (Cell Structure Relaxation): -17.8619044209 Size:  3
Vacancy Formation Energy (Cell Structure Relaxation): -17.8611681782 Size:  3
Vacancy Formation Energy (Cell Structure Relaxation): -17.8619345358 Size:  3
Vacancy Formation Energy (Cell Structure Relaxation): -17.8615746484 Size:  3
Vacancy Formation Energy (Cell Structure Relaxation): -17.8613281929 Size:  3
Vacancy Formation Energy (Cell Structure Relaxation): -17.8620103904 Size:  3
Vacancy Formation Energy (Cell Structure Relaxation): -17.8615443008 Size:  3
Vacancy Formation Energy (Cell Structure Relaxation): -17.8620023357 Size:  3
Vacancy Formation Energy (Cell Structure Relaxation): -17.8615078602 Size:  3
Vacancy Formation Energy (Cell Structure Relaxation): -17.8620269256 Size:  3
Vacancy Formation Energy (Cell Structure Relaxation): -17.8613858067 Size:  3
Vacancy Formation Energy (Cell Structure Relaxation): -17.8620482644 Size:  3
Vacancy Formation Energy (Cell Structure Relaxation): -17.861522805 Size:  3
Vacancy Formation Energy (Cell Structure Relaxation): -17.8620639506 Size:  3
Vacancy Formation Energy (Cell Structure Relaxation): -17.8611933889 Size:  3
Vacancy Formation Energy (Cell Structure Relaxation): -17.8621458928 Size:  3
Vacancy Formation Energy (Cell Structure Relaxation): -17.8620854709 Size:  3
Vacancy Formation Energy (Cell Structure Relaxation): -17.8620309042 Size:  3
Vacancy Formation Energy (Cell Structure Relaxation): -17.8619314268 Size:  3
Vacancy Formation Energy (Cell Structure Relaxation): -17.8621264497 Size:  3
Vacancy Formation Energy (Cell Structure Relaxation): -17.8620168158 Size:  3
Vacancy Formation Energy (Cell Structure Relaxation): -17.8621251092 Size:  3
Vacancy Formation Energy (Cell Structure Relaxation): -17.8620363095 Size:  3
Vacancy Formation Energy (Cell Structure Relaxation): -17.8621287893 Size:  3
Vacancy Formation Energy (Cell Structure Relaxation): -17.8619269777 Size:  3
Vacancy Formation Energy (Cell Structure Relaxation): -17.8621421275 Size:  3
Vacancy Formation Energy (Cell Structure Relaxation): -17.8621487181 Size:  3
Vacancy Formation Energy (Cell Structure Relaxation): -17.8620186785 Size:  3
Vacancy Formation Energy (Cell Structure Relaxation): -17.8619945512 Size:  3
Vacancy Formation Energy (Cell Structure Relaxation): -17.8621564338 Size:  3
Vacancy Formation Energy (Cell Structure Relaxation): -17.862148282 Size:  3
Vacancy Formation Energy (Cell Structure Relaxation): -17.8620994737 Size:  3
Vacancy Formation Energy (Cell Structure Relaxation): -17.8621624055 Size:  3
Vacancy Formation Energy (Cell Structure Relaxation): -17.8620685028 Size:  3
Vacancy Formation Energy (Cell Structure Relaxation): -17.8621654692 Size:  3
Vacancy Formation Energy (Cell Structure Relaxation): -17.8621948802 Size:  3
Vacancy Formation Energy (Cell Structure Relaxation): -17.8622065947 Size:  3
Vacancy Formation Energy (Cell Structure Relaxation): -17.8621865613 Size:  3
Vacancy Formation Energy (Cell Structure Relaxation): -17.8621391409 Size:  3
Vacancy Formation Energy (Cell Structure Relaxation): -17.8621781424 Size:  3
Vacancy Formation Energy (Cell Structure Relaxation): -17.8621491101 Size:  3
Vacancy Formation Energy (Cell Structure Relaxation): -17.8621779459 Size:  3
Vacancy Formation Energy (Cell Structure Relaxation): -17.8621889425 Size:  3
Vacancy Formation Energy (Cell Structure Relaxation): -17.8622177095 Size:  3
Vacancy Formation Energy (Cell Structure Relaxation): -17.8622274725 Size:  3
Vacancy Formation Energy (Cell Structure Relaxation): -17.862232785 Size:  3
Vacancy Formation Energy (Cell Structure Relaxation): -17.8622385101 Size:  3
Vacancy Formation Energy (Cell Structure Relaxation): -17.8622217345 Size:  3
Vacancy Formation Energy (Cell Structure Relaxation): -17.8622655913 Size:  3
Vacancy Formation Energy (Cell Structure Relaxation): -17.8622850804 Size:  3
Vacancy Formation Energy (Cell Structure Relaxation): -17.8622441291 Size:  3
Vacancy Formation Energy (Cell Structure Relaxation): -17.8622206237 Size:  3
Vacancy Formation Energy (Cell Structure Relaxation): -17.8623096966 Size:  3
Vacancy Formation Energy (Cell Structure Relaxation): -17.8623496183 Size:  3
Vacancy Formation Energy (Cell Structure Relaxation): -17.8622577598 Size:  3
Vacancy Formation Energy (Cell Structure Relaxation): -17.8623246605 Size:  3
Vacancy Formation Energy (Cell Structure Relaxation): -17.8622744984 Size:  3
Vacancy Formation Energy (Cell Structure Relaxation): -17.8623879707 Size:  3
Vacancy Formation Energy (Cell Structure Relaxation): -17.8624609216 Size:  3
Vacancy Formation Energy (Cell Structure Relaxation): -17.8624221821 Size:  3
Vacancy Formation Energy (Cell Structure Relaxation): -17.8623379907 Size:  3
Vacancy Formation Energy (Cell Structure Relaxation): -17.8624204426 Size:  3
Vacancy Formation Energy (Cell Structure Relaxation): -17.8624996274 Size:  3
Vacancy Formation Energy (Cell Structure Relaxation): -17.8625581726 Size:  3
Vacancy Formation Energy (Cell Structure Relaxation): -17.862557199 Size:  3
Vacancy Formation Energy (Cell Structure Relaxation): -17.8625308612 Size:  3
Vacancy Formation Energy (Cell Structure Relaxation): -17.8626865478 Size:  3
Vacancy Formation Energy (Cell Structure Relaxation): -17.8628407621 Size:  3
Vacancy Formation Energy (Cell Structure Relaxation): -17.8626784585 Size:  3
Vacancy Formation Energy (Cell Structure Relaxation): -17.8627432087 Size:  3
Vacancy Formation Energy (Cell Structure Relaxation): -17.8628867787 Size:  3
Vacancy Formation Energy (Cell Structure Relaxation): -17.8630693349 Size:  3
Vacancy Formation Energy (Cell Structure Relaxation): -17.8628571995 Size:  3
Vacancy Formation Energy (Cell Structure Relaxation): -17.8630656094 Size:  3
Vacancy Formation Energy (Cell Structure Relaxation): -17.863262728 Size:  3
Vacancy Formation Energy (Cell Structure Relaxation): -17.8636054668 Size:  3
Vacancy Formation Energy (Cell Structure Relaxation): -17.8633299823 Size:  3
Vacancy Formation Energy (Cell Structure Relaxation): -17.8635503464 Size:  3
Vacancy Formation Energy (Cell Structure Relaxation): -17.8634846855 Size:  3
Vacancy Formation Energy (Cell Structure Relaxation): -17.8638388169 Size:  3
Vacancy Formation Energy (Cell Structure Relaxation): -17.864217225 Size:  3
Vacancy Formation Energy (Cell Structure Relaxation): -17.8641285266 Size:  3
Vacancy Formation Energy (Cell Structure Relaxation): -17.8644723275 Size:  3
Vacancy Formation Energy (Cell Structure Relaxation): -17.8651619914 Size:  3
Vacancy Formation Energy (Cell Structure Relaxation): -17.8647781964 Size:  3
Vacancy Formation Energy (Cell Structure Relaxation): -17.8647557159 Size:  3
Vacancy Formation Energy (Cell Structure Relaxation): -17.8653219713 Size:  3
Vacancy Formation Energy (Cell Structure Relaxation): -17.8660435069 Size:  3
Vacancy Formation Energy (Cell Structure Relaxation): -17.8661019531 Size:  3
Vacancy Formation Energy (Cell Structure Relaxation): -17.8671533459 Size:  3
Vacancy Formation Energy (Cell Structure Relaxation): -17.8665616186 Size:  3
Vacancy Formation Energy (Cell Structure Relaxation): -17.8674613176 Size:  3
Vacancy Formation Energy (Cell Structure Relaxation): -17.8690514011 Size:  3
Vacancy Formation Energy (Cell Structure Relaxation): -17.8681415092 Size:  3
Vacancy Formation Energy (Cell Structure Relaxation): -17.8690708705 Size:  3
Vacancy Formation Energy (Cell Structure Relaxation): -17.870670237 Size:  3
Vacancy Formation Energy (Cell Structure Relaxation): -17.8702502596 Size:  3
Vacancy Formation Energy (Cell Structure Relaxation): -17.8713055086 Size:  3
Vacancy Formation Energy (Cell Structure Relaxation): -17.8735256548 Size:  3
Vacancy Formation Energy (Cell Structure Relaxation): -17.8732578232 Size:  3
Vacancy Formation Energy (Cell Structure Relaxation): -17.8747568267 Size:  3
Vacancy Formation Energy (Cell Structure Relaxation): -17.8782642861 Size:  3
Vacancy Formation Energy (Cell Structure Relaxation): -17.8761410769 Size:  3
Vacancy Formation Energy (Cell Structure Relaxation): -17.8762294831 Size:  3
Vacancy Formation Energy (Cell Structure Relaxation): -17.8788848954 Size:  3
Vacancy Formation Energy (Cell Structure Relaxation): -17.8821210277 Size:  3
Vacancy Formation Energy (Cell Structure Relaxation): -17.8826764122 Size:  3
Vacancy Formation Energy (Cell Structure Relaxation): -17.8877179118 Size:  3
Vacancy Formation Energy (Cell Structure Relaxation): -17.8838631716 Size:  3
Vacancy Formation Energy (Cell Structure Relaxation): -17.8867790454 Size:  3
Vacancy Formation Energy (Cell Structure Relaxation): -17.888312082 Size:  3
Vacancy Formation Energy (Cell Structure Relaxation): -17.8921236467 Size:  3
Vacancy Formation Energy (Cell Structure Relaxation): -17.8948043343 Size:  3
Vacancy Formation Energy (Cell Structure Relaxation): -17.9026757406 Size:  3
Vacancy Formation Energy (Cell Structure Relaxation): -17.8932814348 Size:  3
Vacancy Formation Energy (Cell Structure Relaxation): -17.8988439059 Size:  3
Vacancy Formation Energy (Cell Structure Relaxation): -17.9023810572 Size:  3
Vacancy Formation Energy (Cell Structure Relaxation): -17.9037340776 Size:  3
Vacancy Formation Energy (Cell Structure Relaxation): -17.906720862 Size:  3
Vacancy Formation Energy (Cell Structure Relaxation): -17.9032306422 Size:  3
Vacancy Formation Energy (Cell Structure Relaxation): -17.908577375 Size:  3
Vacancy Formation Energy (Cell Structure Relaxation): -17.9096191248 Size:  3
Vacancy Formation Energy (Cell Structure Relaxation): -17.9186926727 Size:  3
Vacancy Formation Energy (Cell Structure Relaxation): -17.9290953458 Size:  3
Vacancy Formation Energy (Cell Structure Relaxation): -17.9156561134 Size:  3
Vacancy Formation Energy (Cell Structure Relaxation): -17.9160414434 Size:  3
Vacancy Formation Energy (Cell Structure Relaxation): -17.8928444147 Size:  3
Vacancy Formation Energy (Cell Structure Relaxation): -17.9125843059 Size:  3
Vacancy Formation Energy (Cell Structure Relaxation): -17.9268513722 Size:  3
Vacancy Formation Energy (Cell Structure Relaxation): -17.9284587305 Size:  3
Vacancy Formation Energy (Cell Structure Relaxation): -17.9358108147 Size:  3
Vacancy Formation Energy (Cell Structure Relaxation): -17.9481920296 Size:  3
Vacancy Formation Energy (Cell Structure Relaxation): -17.9308846398 Size:  3
Vacancy Formation Energy (Cell Structure Relaxation): -17.946544594 Size:  3
Vacancy Formation Energy (Cell Structure Relaxation): -17.9566337624 Size:  3
Vacancy Formation Energy (Cell Structure Relaxation): -17.9761218569 Size:  3
Vacancy Formation Energy (Cell Structure Relaxation): -17.9625050529 Size:  3
Vacancy Formation Energy (Cell Structure Relaxation): -17.9718710306 Size:  3
Vacancy Formation Energy (Cell Structure Relaxation): -17.980157487 Size:  3
Vacancy Formation Energy (Cell Structure Relaxation): -17.9974299787 Size:  3
Vacancy Formation Energy (Cell Structure Relaxation): -18.0002230558 Size:  3
Vacancy Formation Energy (Cell Structure Relaxation): -18.0232101369 Size:  3
Vacancy Formation Energy (Cell Structure Relaxation): -18.0195502133 Size:  3
Vacancy Formation Energy (Cell Structure Relaxation): -18.0415875092 Size:  3
Vacancy Formation Energy (Cell Structure Relaxation): -18.0845082464 Size:  3
Vacancy Formation Energy (Cell Structure Relaxation): -18.0653956094 Size:  3
Vacancy Formation Energy (Cell Structure Relaxation): -18.0858108656 Size:  3
Vacancy Formation Energy (Cell Structure Relaxation): -18.1325015847 Size:  3
Vacancy Formation Energy (Cell Structure Relaxation): -18.1363128585 Size:  3
Vacancy Formation Energy (Cell Structure Relaxation): -18.2057690236 Size:  3
Vacancy Formation Energy (Cell Structure Relaxation): -18.1604442861 Size:  3
Vacancy Formation Energy (Cell Structure Relaxation): -18.2038381924 Size:  3
Vacancy Formation Energy (Cell Structure Relaxation): -18.2439607345 Size:  3
Vacancy Formation Energy (Cell Structure Relaxation): -18.3130439419 Size:  3
Vacancy Formation Energy (Cell Structure Relaxation): -18.3046970335 Size:  3
Vacancy Formation Energy (Cell Structure Relaxation): -18.3284191706 Size:  3
Vacancy Formation Energy (Cell Structure Relaxation): -18.3820708549 Size:  3
Vacancy Formation Energy (Cell Structure Relaxation): -18.4099912939 Size:  3
Vacancy Formation Energy (Cell Structure Relaxation): -18.5144956851 Size:  3
Vacancy Formation Energy (Cell Structure Relaxation): -18.4226746118 Size:  3
Vacancy Formation Energy (Cell Structure Relaxation): -18.4784579988 Size:  3
Vacancy Formation Energy (Cell Structure Relaxation): -18.5112347643 Size:  3
Vacancy Formation Energy (Cell Structure Relaxation): -18.4981307108 Size:  3
Vacancy Formation Energy (Cell Structure Relaxation): -18.5121889952 Size:  3
Vacancy Formation Energy (Cell Structure Relaxation): -18.5693883939 Size:  3
Vacancy Formation Energy (Cell Structure Relaxation): -18.5613343224 Size:  3
Vacancy Formation Energy (Cell Structure Relaxation): -18.5822937171 Size:  3
Vacancy Formation Energy (Cell Structure Relaxation): -18.5733588015 Size:  3
Vacancy Formation Energy (Cell Structure Relaxation): -18.5675027534 Size:  3
Vacancy Formation Energy (Cell Structure Relaxation): -18.626011575 Size:  3
Vacancy Formation Energy (Cell Structure Relaxation): -18.6780108159 Size:  3
Vacancy Formation Energy (Cell Structure Relaxation): -18.6546993931 Size:  3
Vacancy Formation Energy (Cell Structure Relaxation): -18.7152783144 Size:  3
Vacancy Formation Energy (Cell Structure Relaxation): -18.7995734185 Size:  3
Vacancy Formation Energy (Cell Structure Relaxation): -18.6223806034 Size:  3
Vacancy Formation Energy (Cell Structure Relaxation): -18.7772681915 Size:  3
Vacancy Formation Energy (Cell Structure Relaxation): -18.774716579 Size:  3
Vacancy Formation Energy (Cell Structure Relaxation): -18.8994618822 Size:  3
Vacancy Formation Energy (Cell Structure Relaxation): -19.0489115629 Size:  3
Vacancy Formation Energy (Cell Structure Relaxation): -18.7879743819 Size:  3
Vacancy Formation Energy (Cell Structure Relaxation): -18.9791983263 Size:  3
Vacancy Formation Energy (Cell Structure Relaxation): -19.0831673579 Size:  3
Vacancy Formation Energy (Cell Structure Relaxation): -19.2562403763 Size:  3
Vacancy Formation Energy (Cell Structure Relaxation): -18.980432883 Size:  3
Vacancy Formation Energy (Cell Structure Relaxation): -19.1289253633 Size:  3
Vacancy Formation Energy (Cell Structure Relaxation): -19.2673344458 Size:  3
Vacancy Formation Energy (Cell Structure Relaxation): -19.391692974 Size:  3
Vacancy Formation Energy (Cell Structure Relaxation): -19.5070664647 Size:  3
Vacancy Formation Energy (Cell Structure Relaxation): -19.7632706933 Size:  3
Vacancy Formation Energy (Cell Structure Relaxation): -19.6169025948 Size:  3
Vacancy Formation Energy (Cell Structure Relaxation): -19.7651360409 Size:  3
Vacancy Formation Energy (Cell Structure Relaxation): -20.0023469279 Size:  3
Vacancy Formation Energy (Cell Structure Relaxation): -19.8816312645 Size:  3
Vacancy Formation Energy (Cell Structure Relaxation): -20.112854937 Size:  3
Vacancy Formation Energy (Cell Structure Relaxation): -20.2804090214 Size:  3
Vacancy Formation Energy (Cell Structure Relaxation): -20.2636775379 Size:  3
Vacancy Formation Energy (Cell Structure Relaxation): -20.4856528663 Size:  3
Vacancy Formation Energy (Cell Structure Relaxation): -20.5233156812 Size:  3
Vacancy Formation Energy (Cell Structure Relaxation): -20.5716034661 Size:  3
Vacancy Formation Energy (Cell Structure Relaxation): -20.3474959492 Size:  3
Vacancy Formation Energy (Cell Structure Relaxation): -20.6273521969 Size:  3
Vacancy Formation Energy (Cell Structure Relaxation): -20.3212997453 Size:  3
Vacancy Formation Energy (Cell Structure Relaxation): -20.558641691 Size:  3
Vacancy Formation Energy (Cell Structure Relaxation): -19.9312948142 Size:  3
Vacancy Formation Energy (Cell Structure Relaxation): -20.4443676503 Size:  3
Vacancy Formation Energy (Cell Structure Relaxation): -20.8060495691 Size:  3
Vacancy Formation Energy (Cell Structure Relaxation): -20.7606676948 Size:  3
Vacancy Formation Energy (Cell Structure Relaxation): -20.4592533516 Size:  3
Vacancy Formation Energy (Cell Structure Relaxation): -20.1988128649 Size:  3
Vacancy Formation Energy (Cell Structure Relaxation): -20.6628067359 Size:  3
Vacancy Formation Energy (Cell Structure Relaxation): -20.3791803289 Size:  3
Vacancy Formation Energy (Cell Structure Relaxation): -20.6485952306 Size:  3
Vacancy Formation Energy (Cell Structure Relaxation): -20.3762570456 Size:  3
Vacancy Formation Energy (Cell Structure Relaxation): -20.6780813751 Size:  3
Vacancy Formation Energy (Cell Structure Relaxation): -20.5536855911 Size:  3
Vacancy Formation Energy (Cell Structure Relaxation): -20.6653643004 Size:  3
Vacancy Formation Energy (Cell Structure Relaxation): -20.8114648623 Size:  3
Vacancy Formation Energy (Cell Structure Relaxation): -20.8453263181 Size:  3
Vacancy Formation Energy (Cell Structure Relaxation): -20.7311635972 Size:  3
Vacancy Formation Energy (Cell Structure Relaxation): -20.8558044668 Size:  3
Vacancy Formation Energy (Cell Structure Relaxation): -20.8620384191 Size:  3
Vacancy Formation Energy (Cell Structure Relaxation): -20.8050943451 Size:  3
Vacancy Formation Energy (Cell Structure Relaxation): -20.9463892578 Size:  3
Vacancy Formation Energy (Cell Structure Relaxation): -20.9483521769 Size:  3
Vacancy Formation Energy (Cell Structure Relaxation): -20.8778551027 Size:  3
Vacancy Formation Energy (Cell Structure Relaxation): -21.0140453896 Size:  3
Vacancy Formation Energy (Cell Structure Relaxation): -20.9609516044 Size:  3
Vacancy Formation Energy (Cell Structure Relaxation): -21.0541062112 Size:  3
Vacancy Formation Energy (Cell Structure Relaxation): -21.0365433824 Size:  3
Vacancy Formation Energy (Cell Structure Relaxation): -21.0986428529 Size:  3
Vacancy Formation Energy (Cell Structure Relaxation): -21.0588372229 Size:  3
Vacancy Formation Energy (Cell Structure Relaxation): -21.1395138073 Size:  3
Vacancy Formation Energy (Cell Structure Relaxation): -21.0976432107 Size:  3
Vacancy Formation Energy (Cell Structure Relaxation): -20.9095240408 Size:  3
Vacancy Formation Energy (Cell Structure Relaxation): -21.2665131382 Size:  3
Vacancy Formation Energy (Cell Structure Relaxation): -21.3472399083 Size:  3
Vacancy Formation Energy (Cell Structure Relaxation): -20.9604289508 Size:  3
Vacancy Formation Energy (Cell Structure Relaxation): -20.931777551 Size:  3
Vacancy Formation Energy (Cell Structure Relaxation): -21.118916625 Size:  3
Vacancy Formation Energy (Cell Structure Relaxation): -20.968621384 Size:  3
Vacancy Formation Energy (Cell Structure Relaxation): -21.1275666606 Size:  3
Vacancy Formation Energy (Cell Structure Relaxation): -21.1148360151 Size:  3
Vacancy Formation Energy (Cell Structure Relaxation): -21.215897284 Size:  3
Vacancy Formation Energy (Cell Structure Relaxation): -21.2163617175 Size:  3
Vacancy Formation Energy (Cell Structure Relaxation): -21.2665504894 Size:  3
Vacancy Formation Energy (Cell Structure Relaxation): -21.340807096 Size:  3
Vacancy Formation Energy (Cell Structure Relaxation): -21.3275189806 Size:  3
Vacancy Formation Energy (Cell Structure Relaxation): -21.3407021695 Size:  3
Vacancy Formation Energy (Cell Structure Relaxation): -21.3684503542 Size:  3
Vacancy Formation Energy (Cell Structure Relaxation): -21.2554909523 Size:  3
Vacancy Formation Energy (Cell Structure Relaxation): -21.4754056814 Size:  3
Vacancy Formation Energy (Cell Structure Relaxation): -21.4965987737 Size:  3
Vacancy Formation Energy (Cell Structure Relaxation): -21.3436157657 Size:  3
Vacancy Formation Energy (Cell Structure Relaxation): -21.503085743 Size:  3
Vacancy Formation Energy (Cell Structure Relaxation): -21.5224037394 Size:  3
Vacancy Formation Energy (Cell Structure Relaxation): -21.391819505 Size:  3
Vacancy Formation Energy (Cell Structure Relaxation): -21.3843515648 Size:  3
Vacancy Formation Energy (Cell Structure Relaxation): -21.2236713011 Size:  3
Vacancy Formation Energy (Cell Structure Relaxation): -21.4514382727 Size:  3
Vacancy Formation Energy (Cell Structure Relaxation): -21.4740722182 Size:  3
Vacancy Formation Energy (Cell Structure Relaxation): -21.4682199855 Size:  3
Vacancy Formation Energy (Cell Structure Relaxation): -21.4731567736 Size:  3
Vacancy Formation Energy (Cell Structure Relaxation): -21.537175165 Size:  3
Vacancy Formation Energy (Cell Structure Relaxation): -21.3955838424 Size:  3
Vacancy Formation Energy (Cell Structure Relaxation): -21.3347333004 Size:  3
Vacancy Formation Energy (Cell Structure Relaxation): -21.5287502598 Size:  3
Vacancy Formation Energy (Cell Structure Relaxation): -21.4979907009 Size:  3
Vacancy Formation Energy (Cell Structure Relaxation): -21.4500449193 Size:  3
Vacancy Formation Energy (Cell Structure Relaxation): -21.5294084207 Size:  3
Vacancy Formation Energy (Cell Structure Relaxation): -21.4266391857 Size:  3
Vacancy Formation Energy (Cell Structure Relaxation): -21.5332178448 Size:  3
Vacancy Formation Energy (Cell Structure Relaxation): -21.5350173165 Size:  3
Vacancy Formation Energy (Cell Structure Relaxation): -21.5262246053 Size:  3
Vacancy Formation Energy (Cell Structure Relaxation): -21.5352610823 Size:  3
Vacancy Formation Energy (Cell Structure Relaxation): -21.5304389574 Size:  3
Vacancy Formation Energy (Cell Structure Relaxation): -21.5402156268 Size:  3
Vacancy Formation Energy (Cell Structure Relaxation): -21.4754311808 Size:  3
Vacancy Formation Energy (Cell Structure Relaxation): -21.5156561858 Size:  3
Vacancy Formation Energy (Cell Structure Relaxation): -21.5523193502 Size:  3
Vacancy Formation Energy (Cell Structure Relaxation): -21.5063000345 Size:  3
Vacancy Formation Energy (Cell Structure Relaxation): -21.5535821047 Size:  3
Vacancy Formation Energy (Cell Structure Relaxation): -21.5100378161 Size:  3
Vacancy Formation Energy (Cell Structure Relaxation): -21.5533972094 Size:  3
Vacancy Formation Energy (Cell Structure Relaxation): -21.5232896735 Size:  3
Vacancy Formation Energy (Cell Structure Relaxation): -21.5532822917 Size:  3
Vacancy Formation Energy (Cell Structure Relaxation): -21.5104305857 Size:  3
Vacancy Formation Energy (Cell Structure Relaxation): -21.5543450858 Size:  3
Vacancy Formation Energy (Cell Structure Relaxation): -21.5456804979 Size:  3
Vacancy Formation Energy (Cell Structure Relaxation): -21.5249599638 Size:  3
Vacancy Formation Energy (Cell Structure Relaxation): -21.5552935443 Size:  3
Vacancy Formation Energy (Cell Structure Relaxation): -21.5432799216 Size:  3
Vacancy Formation Energy (Cell Structure Relaxation): -21.5553419588 Size:  3
Vacancy Formation Energy (Cell Structure Relaxation): -21.5529856861 Size:  3
Vacancy Formation Energy (Cell Structure Relaxation): -21.5571202522 Size:  3
Vacancy Formation Energy (Cell Structure Relaxation): -21.5511955727 Size:  3
Vacancy Formation Energy (Cell Structure Relaxation): -21.5573717662 Size:  3
Vacancy Formation Energy (Cell Structure Relaxation): -21.5525234308 Size:  3
Vacancy Formation Energy (Cell Structure Relaxation): -21.5572678409 Size:  3
Vacancy Formation Energy (Cell Structure Relaxation): -21.551162102 Size:  3
Vacancy Formation Energy (Cell Structure Relaxation): -21.5575131199 Size:  3
Vacancy Formation Energy (Cell Structure Relaxation): -21.5519323743 Size:  3
Vacancy Formation Energy (Cell Structure Relaxation): -21.5576825543 Size:  3
Vacancy Formation Energy (Cell Structure Relaxation): -21.5520896573 Size:  3
Vacancy Formation Energy (Cell Structure Relaxation): -21.5579716987 Size:  3
Vacancy Formation Energy (Cell Structure Relaxation): -21.5531552965 Size:  3
Vacancy Formation Energy (Cell Structure Relaxation): -21.5578532431 Size:  3
Vacancy Formation Energy (Cell Structure Relaxation): -21.5572250412 Size:  3
Vacancy Formation Energy (Cell Structure Relaxation): -21.558135859 Size:  3
Vacancy Formation Energy (Cell Structure Relaxation): -21.5573487608 Size:  3
Vacancy Formation Energy (Cell Structure Relaxation): -21.5581873518 Size:  3
Vacancy Formation Energy (Cell Structure Relaxation): -21.5573459014 Size:  3
Vacancy Formation Energy (Cell Structure Relaxation): -21.5581990341 Size:  3
Vacancy Formation Energy (Cell Structure Relaxation): -21.5577153323 Size:  3
Vacancy Formation Energy (Cell Structure Relaxation): -21.5571881677 Size:  3
Vacancy Formation Energy (Cell Structure Relaxation): -21.5583408528 Size:  3
Vacancy Formation Energy (Cell Structure Relaxation): -21.5572127906 Size:  3
Vacancy Formation Energy (Cell Structure Relaxation): -21.5583455195 Size:  3
Vacancy Formation Energy (Cell Structure Relaxation): -21.5572359578 Size:  3
Vacancy Formation Energy (Cell Structure Relaxation): -21.5583860273 Size:  3
Vacancy Formation Energy (Cell Structure Relaxation): -21.5580215096 Size:  3
Vacancy Formation Energy (Cell Structure Relaxation): -21.5583806166 Size:  3
Vacancy Formation Energy (Cell Structure Relaxation): -21.5581390723 Size:  3
Vacancy Formation Energy (Cell Structure Relaxation): -21.558410399 Size:  3
Vacancy Formation Energy (Cell Structure Relaxation): -21.5581383303 Size:  3
Vacancy Formation Energy (Cell Structure Relaxation): -21.5584290156 Size:  3
Vacancy Formation Energy (Cell Structure Relaxation): -21.5581042717 Size:  3
Vacancy Formation Energy (Cell Structure Relaxation): -21.5584380802 Size:  3
Vacancy Formation Energy (Cell Structure Relaxation): -21.5582096737 Size:  3
Vacancy Formation Energy (Cell Structure Relaxation): -21.5584754352 Size:  3
Vacancy Formation Energy (Cell Structure Relaxation): -21.5580895848 Size:  3
Vacancy Formation Energy (Cell Structure Relaxation): -21.5584851659 Size:  3
Vacancy Formation Energy (Cell Structure Relaxation): -21.5583718878 Size:  3
Vacancy Formation Energy (Cell Structure Relaxation): -21.5584704443 Size:  3
Vacancy Formation Energy (Cell Structure Relaxation): -21.5582979113 Size:  3
Vacancy Formation Energy (Cell Structure Relaxation): -21.5584790997 Size:  3
Vacancy Formation Energy (Cell Structure Relaxation): -21.5584296988 Size:  3
Vacancy Formation Energy (Cell Structure Relaxation): -21.5584034667 Size:  3
Vacancy Formation Energy (Cell Structure Relaxation): -21.5584858475 Size:  3
Vacancy Formation Energy (Cell Structure Relaxation): -21.5584259771 Size:  3
Vacancy Formation Energy (Cell Structure Relaxation): -21.5584845132 Size:  3
Vacancy Formation Energy (Cell Structure Relaxation): -21.558420194 Size:  3
Vacancy Formation Energy (Cell Structure Relaxation): -21.5584884204 Size:  3
Vacancy Formation Energy (Cell Structure Relaxation): -21.5584846336 Size:  3
Vacancy Formation Energy (Cell Structure Relaxation): -21.5584419109 Size:  3
Vacancy Formation Energy (Cell Structure Relaxation): -21.5585002923 Size:  3
Vacancy Formation Energy (Cell Structure Relaxation): -21.558465442 Size:  3
Vacancy Formation Energy (Cell Structure Relaxation): -21.5584992 Size:  3
Vacancy Formation Energy (Cell Structure Relaxation): -21.5584760298 Size:  3
Vacancy Formation Energy (Cell Structure Relaxation): -21.5585000514 Size:  3
Vacancy Formation Energy (Cell Structure Relaxation): -21.5584802022 Size:  3
Vacancy Formation Energy (Cell Structure Relaxation): -21.5584998095 Size:  3
Vacancy Formation Energy (Cell Structure Relaxation): -21.5584616935 Size:  3
Vacancy Formation Energy (Cell Structure Relaxation): -21.5585015499 Size:  3
Vacancy Formation Energy (Cell Structure Relaxation): -21.5584849157 Size:  3
Vacancy Formation Energy (Cell Structure Relaxation): -21.5584996653 Size:  3
Vacancy Formation Energy (Cell Structure Relaxation): -21.5584898814 Size:  3
Vacancy Formation Energy (Cell Structure Relaxation): -21.5585010012 Size:  3
Vacancy Formation Energy (Cell Structure Relaxation): -21.5584928085 Size:  3
Vacancy Formation Energy (Cell Structure Relaxation): -21.5585037129 Size:  3
Vacancy Formation Energy (Cell Structure Relaxation): -21.5584889833 Size:  3
Vacancy Formation Energy (Cell Structure Relaxation): -21.5585040774 Size:  3
Vacancy Formation Energy (Cell Structure Relaxation): -21.5585001594 Size:  3
Vacancy Formation Energy (Cell Structure Relaxation): -21.5584996067 Size:  3
Vacancy Formation Energy (Cell Structure Relaxation): -21.5585032239 Size:  3
Vacancy Formation Energy (Cell Structure Relaxation): -21.5584994432 Size:  3
Vacancy Formation Energy (Cell Structure Relaxation): -21.5585033093 Size:  3
Vacancy Formation Energy (Cell Structure Relaxation): -21.5584988091 Size:  3
Vacancy Formation Energy (Cell Structure Relaxation): -21.5585034333 Size:  3
Vacancy Formation Energy (Cell Structure Relaxation): -21.5585028665 Size:  3
Vacancy Formation Energy (Cell Structure Relaxation): -21.5584988731 Size:  3
Vacancy Formation Energy (Cell Structure Relaxation): -21.558504039 Size:  3
Vacancy Formation Energy (Cell Structure Relaxation): -21.5585016432 Size:  3
Vacancy Formation Energy (Cell Structure Relaxation): -21.5585042107 Size:  3
Vacancy Formation Energy (Cell Structure Relaxation): -21.5585047287 Size:  3
Vacancy Formation Energy (Cell Structure Relaxation): -21.5585035863 Size:  3
Vacancy Formation Energy (Cell Structure Relaxation): -21.5585036011 Size:  3
Vacancy Formation Energy (Cell Structure Relaxation): -21.5585017328 Size:  3
Vacancy Formation Energy (Cell Structure Relaxation): -21.5585045697 Size:  3
Vacancy Formation Energy (Cell Structure Relaxation): -21.5585035148 Size:  3
Vacancy Formation Energy (Cell Structure Relaxation): -21.5585044609 Size:  3
Vacancy Formation Energy (Cell Structure Relaxation): -21.5585033934 Size:  3
Vacancy Formation Energy (Cell Structure Relaxation): -21.5585045167 Size:  3
Vacancy Formation Energy (Cell Structure Relaxation): -21.5585039805 Size:  3
Vacancy Formation Energy (Cell Structure Relaxation): -21.5585045777 Size:  3
Vacancy Formation Energy (Cell Structure Relaxation): -21.5585039289 Size:  3
Vacancy Formation Energy (Cell Structure Relaxation): -21.5585046008 Size:  3
Vacancy Formation Energy (Cell Structure Relaxation): -21.5585045252 Size:  3
Vacancy Formation Energy (Cell Structure Relaxation): -21.5585046259 Size:  3
Vacancy Formation Energy (Cell Structure Relaxation): -21.5585040712 Size:  3
Vacancy Formation Energy (Cell Structure Relaxation): -21.5585047841 Size:  3
Vacancy Formation Energy (Cell Structure Relaxation): -21.5585044397 Size:  3
Vacancy Formation Energy (Cell Structure Relaxation): -21.5585047517 Size:  3
Vacancy Formation Energy (Cell Structure Relaxation): -21.5585047691 Size:  3
Vacancy Formation Energy (Cell Structure Relaxation): -21.5585049583 Size:  3
Vacancy Formation Energy (Cell Structure Relaxation): -21.5585048361 Size:  3
Vacancy Formation Energy (Cell Structure Relaxation): -21.5585045119 Size:  3
Vacancy Formation Energy (Cell Structure Relaxation): -21.5585048347 Size:  3
Vacancy Formation Energy (Cell Structure Relaxation): -21.5585045257 Size:  3
Vacancy Formation Energy (Cell Structure Relaxation): -21.558504843 Size:  3
Vacancy Formation Energy (Cell Structure Relaxation): -21.5585046075 Size:  3
Vacancy Formation Energy (Cell Structure Relaxation): -21.5585048698 Size:  3
Vacancy Formation Energy (Cell Structure Relaxation): -21.5585047135 Size:  3
Vacancy Formation Energy (Cell Structure Relaxation): -21.5585048681 Size:  3
Vacancy Formation Energy (Cell Structure Relaxation): -21.5585048492 Size:  3
Vacancy Formation Energy (Cell Structure Relaxation): -21.5585048902 Size:  3
Vacancy Formation Energy (Cell Structure Relaxation): -21.5585047497 Size:  3
Vacancy Formation Energy (Cell Structure Relaxation): -21.5585049125 Size:  3
Vacancy Formation Energy (Cell Structure Relaxation): -21.5585049336 Size:  3
Vacancy Formation Energy (Cell Structure Relaxation): -21.5585047745 Size:  3
Vacancy Formation Energy (Cell Structure Relaxation): -21.5585049242 Size:  3
Vacancy Formation Energy (Cell Structure Relaxation): -21.5585049208 Size:  3
Vacancy Formation Energy (Cell Structure Relaxation): -21.558505023 Size:  3
Vacancy Formation Energy (Cell Structure Relaxation): -21.5585050665 Size:  3
Vacancy Formation Energy (Cell Structure Relaxation): -21.5585049491 Size:  3
Vacancy Formation Energy (Cell Structure Relaxation): -21.5585049791 Size:  3
Vacancy Formation Energy (Cell Structure Relaxation): -21.5585050444 Size:  3
Vacancy Formation Energy (Cell Structure Relaxation): -21.5585049069 Size:  3
Vacancy Formation Energy (Cell Structure Relaxation): -21.5585049943 Size:  3
Vacancy Formation Energy (Cell Structure Relaxation): -21.5585049847 Size:  3
Vacancy Formation Energy (Cell Structure Relaxation): -21.5585050288 Size:  3
Vacancy Formation Energy (Cell Structure Relaxation): -21.5585051248 Size:  3
Vacancy Formation Energy (Cell Structure Relaxation): -21.558505196 Size:  3
Vacancy Formation Energy (Cell Structure Relaxation): -21.558505083 Size:  3
Vacancy Formation Energy (Cell Structure Relaxation): -21.558505077 Size:  3
Vacancy Formation Energy (Cell Structure Relaxation): -21.5585051991 Size:  3
Vacancy Formation Energy (Cell Structure Relaxation): -21.5585052554 Size:  3
Vacancy Formation Energy (Cell Structure Relaxation): -21.558505227 Size:  3
Vacancy Formation Energy (Cell Structure Relaxation): -21.5585052782 Size:  3
Vacancy Formation Energy (Cell Structure Relaxation): -21.5585053223 Size:  3
Vacancy Formation Energy (Cell Structure Relaxation): -21.558505366 Size:  3
Vacancy Formation Energy (Cell Structure Relaxation): -21.5585054479 Size:  3
Vacancy Formation Energy (Cell Structure Relaxation): -21.5585053496 Size:  3
Vacancy Formation Energy (Cell Structure Relaxation): -21.5585055373 Size:  3
Vacancy Formation Energy (Cell Structure Relaxation): -21.5585056389 Size:  3
Vacancy Formation Energy (Cell Structure Relaxation): -21.558505609 Size:  3
Vacancy Formation Energy (Cell Structure Relaxation): -21.5585054145 Size:  3
Vacancy Formation Energy (Cell Structure Relaxation): -21.5585056638 Size:  3
Vacancy Formation Energy (Cell Structure Relaxation): -21.5585056573 Size:  3
Vacancy Formation Energy (Cell Structure Relaxation): -21.5585057803 Size:  3
Vacancy Formation Energy (Cell Structure Relaxation): -21.5585058898 Size:  3
Vacancy Formation Energy (Cell Structure Relaxation): -21.5585058017 Size:  3
Vacancy Formation Energy (Cell Structure Relaxation): -21.5585059797 Size:  3
Vacancy Formation Energy (Cell Structure Relaxation): -21.558506075 Size:  3
Vacancy Formation Energy (Cell Structure Relaxation): -21.5585060956 Size:  3
Vacancy Formation Energy (Cell Structure Relaxation): -21.5585060833 Size:  3
Vacancy Formation Energy (Cell Structure Relaxation): -21.5585061755 Size:  3
Vacancy Formation Energy (Cell Structure Relaxation): -21.5585062262 Size:  3
Vacancy Formation Energy (Cell Structure Relaxation): -21.5585061844 Size:  3
Vacancy Formation Energy (Cell Structure Relaxation): -21.5585066723 Size:  3
Vacancy Formation Energy (Cell Structure Relaxation): -21.5585070959 Size:  3
Vacancy Formation Energy (Cell Structure Relaxation): -21.5585067476 Size:  3
Vacancy Formation Energy (Cell Structure Relaxation): -21.5585070706 Size:  3
Vacancy Formation Energy (Cell Structure Relaxation): -21.5585062375 Size:  3
Vacancy Formation Energy (Cell Structure Relaxation): -21.5585068137 Size:  3
Vacancy Formation Energy (Cell Structure Relaxation): -21.5585073897 Size:  3
Vacancy Formation Energy (Cell Structure Relaxation): -21.558507792 Size:  3
Vacancy Formation Energy (Cell Structure Relaxation): -21.5585077346 Size:  3
Vacancy Formation Energy (Cell Structure Relaxation): -21.5585077237 Size:  3
Vacancy Formation Energy (Cell Structure Relaxation): -21.5585080482 Size:  3
Vacancy Formation Energy (Cell Structure Relaxation): -21.5585082597 Size:  3
Vacancy Formation Energy (Cell Structure Relaxation): -21.5585087649 Size:  3
Vacancy Formation Energy (Cell Structure Relaxation): -21.5585095319 Size:  3
Vacancy Formation Energy (Cell Structure Relaxation): -21.5585093195 Size:  3
Vacancy Formation Energy (Cell Structure Relaxation): -21.5585098378 Size:  3
Vacancy Formation Energy (Cell Structure Relaxation): -21.5585106508 Size:  3
Vacancy Formation Energy (Cell Structure Relaxation): -21.5585092269 Size:  3
Vacancy Formation Energy (Cell Structure Relaxation): -21.5585103802 Size:  3
Vacancy Formation Energy (Cell Structure Relaxation): -21.5585118314 Size:  3
Vacancy Formation Energy (Cell Structure Relaxation): -21.5585135483 Size:  3
Vacancy Formation Energy (Cell Structure Relaxation): -21.5585130371 Size:  3
Vacancy Formation Energy (Cell Structure Relaxation): -21.5585126604 Size:  3
Vacancy Formation Energy (Cell Structure Relaxation): -21.5585140335 Size:  3
Vacancy Formation Energy (Cell Structure Relaxation): -21.5585154267 Size:  3
Vacancy Formation Energy (Cell Structure Relaxation): -21.55851407 Size:  3
Vacancy Formation Energy (Cell Structure Relaxation): -21.5585165194 Size:  3
Vacancy Formation Energy (Cell Structure Relaxation): -21.5585187256 Size:  3
Vacancy Formation Energy (Cell Structure Relaxation): -21.5585194446 Size:  3
Vacancy Formation Energy (Cell Structure Relaxation): -21.5585233159 Size:  3
Vacancy Formation Energy (Cell Structure Relaxation): -21.5585194415 Size:  3
Vacancy Formation Energy (Cell Structure Relaxation): -21.5585198133 Size:  3
Vacancy Formation Energy (Cell Structure Relaxation): -21.558522169 Size:  3
Vacancy Formation Energy (Cell Structure Relaxation): -21.5585257099 Size:  3
Vacancy Formation Energy (Cell Structure Relaxation): -21.5585297697 Size:  3
Vacancy Formation Energy (Cell Structure Relaxation): -21.5585289449 Size:  3
Vacancy Formation Energy (Cell Structure Relaxation): -21.558527185 Size:  3
Vacancy Formation Energy (Cell Structure Relaxation): -21.5585291695 Size:  3
Vacancy Formation Energy (Cell Structure Relaxation): -21.5585338957 Size:  3
Vacancy Formation Energy (Cell Structure Relaxation): -21.5585385712 Size:  3
Vacancy Formation Energy (Cell Structure Relaxation): -21.5585372026 Size:  3
Vacancy Formation Energy (Cell Structure Relaxation): -21.5585366688 Size:  3
Vacancy Formation Energy (Cell Structure Relaxation): -21.5585370127 Size:  3
Vacancy Formation Energy (Cell Structure Relaxation): -21.5585354306 Size:  3
Vacancy Formation Energy (Cell Structure Relaxation): -21.5585428305 Size:  3
Vacancy Formation Energy (Cell Structure Relaxation): -21.5585467438 Size:  3
Vacancy Formation Energy (Cell Structure Relaxation): -21.5585449316 Size:  3
Vacancy Formation Energy (Cell Structure Relaxation): -21.5585465498 Size:  3
Vacancy Formation Energy (Cell Structure Relaxation): -21.5585451632 Size:  3
Vacancy Formation Energy (Cell Structure Relaxation): -21.5585501936 Size:  3
Vacancy Formation Energy (Cell Structure Relaxation): -21.5585532584 Size:  3
Vacancy Formation Energy (Cell Structure Relaxation): -21.558551868 Size:  3
Vacancy Formation Energy (Cell Structure Relaxation): -21.5585563279 Size:  3
Vacancy Formation Energy (Cell Structure Relaxation): -21.5585576111 Size:  3
Vacancy Formation Energy (Cell Structure Relaxation): -21.5585588029 Size:  3
Vacancy Formation Energy (Cell Structure Relaxation): -21.5585613467 Size:  3
Vacancy Formation Energy (Cell Structure Relaxation): -21.558564277 Size:  3
Vacancy Formation Energy (Cell Structure Relaxation): -21.5585682046 Size:  3
Vacancy Formation Energy (Cell Structure Relaxation): -21.5585495528 Size:  3
Vacancy Formation Energy (Cell Structure Relaxation): -21.5585671806 Size:  3
Vacancy Formation Energy (Cell Structure Relaxation): -21.5585625289 Size:  3
Vacancy Formation Energy (Cell Structure Relaxation): -21.5585785371 Size:  3
Vacancy Formation Energy (Cell Structure Relaxation): -21.558588562 Size:  3
Vacancy Formation Energy (Cell Structure Relaxation): -21.5585851451 Size:  3
Vacancy Formation Energy (Cell Structure Relaxation): -21.558584291 Size:  3
Vacancy Formation Energy (Cell Structure Relaxation): -21.5585866285 Size:  3
Vacancy Formation Energy (Cell Structure Relaxation): -21.5585728112 Size:  3
Vacancy Formation Energy (Cell Structure Relaxation): -21.5586030627 Size:  3
Vacancy Formation Energy (Cell Structure Relaxation): -21.5586181976 Size:  3
Vacancy Formation Energy (Cell Structure Relaxation): -21.5586139095 Size:  3
Vacancy Formation Energy (Cell Structure Relaxation): -21.5585982538 Size:  3
Vacancy Formation Energy (Cell Structure Relaxation): -21.5586132039 Size:  3
Vacancy Formation Energy (Cell Structure Relaxation): -21.5586171168 Size:  3
Vacancy Formation Energy (Cell Structure Relaxation): -21.5586288824 Size:  3
Vacancy Formation Energy (Cell Structure Relaxation): -21.5586339971 Size:  3
Vacancy Formation Energy (Cell Structure Relaxation): -21.5586557097 Size:  3
Vacancy Formation Energy (Cell Structure Relaxation): -21.558685134 Size:  3
Vacancy Formation Energy (Cell Structure Relaxation): -21.5586544051 Size:  3
Vacancy Formation Energy (Cell Structure Relaxation): -21.5586493048 Size:  3
Vacancy Formation Energy (Cell Structure Relaxation): -21.5586641135 Size:  3
Vacancy Formation Energy (Cell Structure Relaxation): -21.5586947244 Size:  3
Vacancy Formation Energy (Cell Structure Relaxation): -21.5587244259 Size:  3
Vacancy Formation Energy (Cell Structure Relaxation): -21.5587078332 Size:  3
Vacancy Formation Energy (Cell Structure Relaxation): -21.5587277162 Size:  3
Vacancy Formation Energy (Cell Structure Relaxation): -21.5587487375 Size:  3
Vacancy Formation Energy (Cell Structure Relaxation): -21.5587644884 Size:  3
Vacancy Formation Energy (Cell Structure Relaxation): -21.5588114116 Size:  3
Vacancy Formation Energy (Cell Structure Relaxation): -21.5587693337 Size:  3
Vacancy Formation Energy (Cell Structure Relaxation): -21.5588441521 Size:  3
Vacancy Formation Energy (Cell Structure Relaxation): -21.5589287772 Size:  3
Vacancy Formation Energy (Cell Structure Relaxation): -21.5588763348 Size:  3
Vacancy Formation Energy (Cell Structure Relaxation): -21.55892123 Size:  3
Vacancy Formation Energy (Cell Structure Relaxation): -21.5589354891 Size:  3
Vacancy Formation Energy (Cell Structure Relaxation): -21.5589661962 Size:  3
Vacancy Formation Energy (Cell Structure Relaxation): -21.5590234027 Size:  3
Vacancy Formation Energy (Cell Structure Relaxation): -21.5591099738 Size:  3
Vacancy Formation Energy (Cell Structure Relaxation): -21.5591105868 Size:  3
Vacancy Formation Energy (Cell Structure Relaxation): -21.5592038322 Size:  3
Vacancy Formation Energy (Cell Structure Relaxation): -21.559230777 Size:  3
Vacancy Formation Energy (Cell Structure Relaxation): -21.5593754013 Size:  3
Vacancy Formation Energy (Cell Structure Relaxation): -21.5593343091 Size:  3
Vacancy Formation Energy (Cell Structure Relaxation): -21.5594157145 Size:  3
Vacancy Formation Energy (Cell Structure Relaxation): -21.5595613754 Size:  3
Vacancy Formation Energy (Cell Structure Relaxation): -21.5594691762 Size:  3
Vacancy Formation Energy (Cell Structure Relaxation): -21.5597027672 Size:  3
Vacancy Formation Energy (Cell Structure Relaxation): -21.5598699083 Size:  3
Vacancy Formation Energy (Cell Structure Relaxation): -21.5596213483 Size:  3
Vacancy Formation Energy (Cell Structure Relaxation): -21.5598116533 Size:  3
Vacancy Formation Energy (Cell Structure Relaxation): -21.5597252873 Size:  3
Vacancy Formation Energy (Cell Structure Relaxation): -21.5597602466 Size:  3
Vacancy Formation Energy (Cell Structure Relaxation): -21.5598994526 Size:  3
Vacancy Formation Energy (Cell Structure Relaxation): -21.5597511077 Size:  3
Vacancy Formation Energy (Cell Structure Relaxation): -21.559870289 Size:  3
Vacancy Formation Energy (Cell Structure Relaxation): -21.5597425179 Size:  3
Vacancy Formation Energy (Cell Structure Relaxation): -21.5600392399 Size:  3
Vacancy Formation Energy (Cell Structure Relaxation): -21.5600887019 Size:  3
Vacancy Formation Energy (Cell Structure Relaxation): -21.5598710076 Size:  3
Vacancy Formation Energy (Cell Structure Relaxation): -21.56011856 Size:  3
Vacancy Formation Energy (Cell Structure Relaxation): -21.5600999129 Size:  3
Vacancy Formation Energy (Cell Structure Relaxation): -21.5599347772 Size:  3
Vacancy Formation Energy (Cell Structure Relaxation): -21.5600156583 Size:  3
Vacancy Formation Energy (Cell Structure Relaxation): -21.560137644 Size:  3
Vacancy Formation Energy (Cell Structure Relaxation): -21.5600165365 Size:  3
Vacancy Formation Energy (Cell Structure Relaxation): -21.5598190678 Size:  3
Vacancy Formation Energy (Cell Structure Relaxation): -21.5600550955 Size:  3
Vacancy Formation Energy (Cell Structure Relaxation): -21.5602455611 Size:  3
Vacancy Formation Energy (Cell Structure Relaxation): -21.5602331015 Size:  3
Vacancy Formation Energy (Cell Structure Relaxation): -21.5602939406 Size:  3
Vacancy Formation Energy (Cell Structure Relaxation): -21.5602623703 Size:  3
Vacancy Formation Energy (Cell Structure Relaxation): -21.5599446372 Size:  3
Vacancy Formation Energy (Cell Structure Relaxation): -21.5601694008 Size:  3
Vacancy Formation Energy (Cell Structure Relaxation): -21.5602917977 Size:  3
Vacancy Formation Energy (Cell Structure Relaxation): -21.5602981655 Size:  3
Vacancy Formation Energy (Cell Structure Relaxation): -21.5602024397 Size:  3
Vacancy Formation Energy (Cell Structure Relaxation): -21.56032559 Size:  3
Vacancy Formation Energy (Cell Structure Relaxation): -21.5602252388 Size:  3
Vacancy Formation Energy (Cell Structure Relaxation): -21.5604682313 Size:  3
Vacancy Formation Energy (Cell Structure Relaxation): -21.5605598161 Size:  3
Vacancy Formation Energy (Cell Structure Relaxation): -21.560534613 Size:  3
Vacancy Formation Energy (Cell Structure Relaxation): -21.560568222 Size:  3
Vacancy Formation Energy (Cell Structure Relaxation): -21.5606038894 Size:  3
Vacancy Formation Energy (Cell Structure Relaxation): -21.5605499307 Size:  3
Vacancy Formation Energy (Cell Structure Relaxation): -21.5607880408 Size:  3
Vacancy Formation Energy (Cell Structure Relaxation): -21.5609656726 Size:  3
Vacancy Formation Energy (Cell Structure Relaxation): -21.5608259223 Size:  3
Vacancy Formation Energy (Cell Structure Relaxation): -21.5610469799 Size:  3
Vacancy Formation Energy (Cell Structure Relaxation): -21.5611832166 Size:  3
Vacancy Formation Energy (Cell Structure Relaxation): -21.5609139097 Size:  3
Vacancy Formation Energy (Cell Structure Relaxation): -21.5611656598 Size:  3
Vacancy Formation Energy (Cell Structure Relaxation): -21.5614842309 Size:  3
Vacancy Formation Energy (Cell Structure Relaxation): -21.5618110833 Size:  3
Vacancy Formation Energy (Cell Structure Relaxation): -21.5618075374 Size:  3
Vacancy Formation Energy (Cell Structure Relaxation): -21.5618367167 Size:  3
Vacancy Formation Energy (Cell Structure Relaxation): -21.5620108657 Size:  3
Vacancy Formation Energy (Cell Structure Relaxation): -21.5622900823 Size:  3
Vacancy Formation Energy (Cell Structure Relaxation): -21.5627527448 Size:  3
Vacancy Formation Energy (Cell Structure Relaxation): -21.5619798185 Size:  3
Vacancy Formation Energy (Cell Structure Relaxation): -21.5625430474 Size:  3
Vacancy Formation Energy (Cell Structure Relaxation): -21.563552116 Size:  3
Vacancy Formation Energy (Cell Structure Relaxation): -21.56470516 Size:  3
Vacancy Formation Energy (Cell Structure Relaxation): -21.5625672913 Size:  3
Vacancy Formation Energy (Cell Structure Relaxation): -21.5638460656 Size:  3
Vacancy Formation Energy (Cell Structure Relaxation): -21.5641731511 Size:  3
Vacancy Formation Energy (Cell Structure Relaxation): -21.564821824 Size:  3
Vacancy Formation Energy (Cell Structure Relaxation): -21.5655800861 Size:  3
Vacancy Formation Energy (Cell Structure Relaxation): -21.5655333582 Size:  3
Vacancy Formation Energy (Cell Structure Relaxation): -21.5659475605 Size:  3
Vacancy Formation Energy (Cell Structure Relaxation): -21.5663275747 Size:  3
Vacancy Formation Energy (Cell Structure Relaxation): -21.5678005231 Size:  3
Vacancy Formation Energy (Cell Structure Relaxation): -21.5696391619 Size:  3
Vacancy Formation Energy (Cell Structure Relaxation): -21.5683277164 Size:  3
Vacancy Formation Energy (Cell Structure Relaxation): -21.5695633203 Size:  3
Vacancy Formation Energy (Cell Structure Relaxation): -21.5693389014 Size:  3
Vacancy Formation Energy (Cell Structure Relaxation): -21.5712943282 Size:  3
Vacancy Formation Energy (Cell Structure Relaxation): -21.5733327464 Size:  3
Vacancy Formation Energy (Cell Structure Relaxation): -21.5736540354 Size:  3
Vacancy Formation Energy (Cell Structure Relaxation): -21.5763024531 Size:  3
Vacancy Formation Energy (Cell Structure Relaxation): -21.5750213089 Size:  3
Vacancy Formation Energy (Cell Structure Relaxation): -21.5769280047 Size:  3
Vacancy Formation Energy (Cell Structure Relaxation): -21.5799373764 Size:  3
Vacancy Formation Energy (Cell Structure Relaxation): -21.5803230729 Size:  3
Vacancy Formation Energy (Cell Structure Relaxation): -21.5851817492 Size:  3
Vacancy Formation Energy (Cell Structure Relaxation): -21.584658388 Size:  3
Vacancy Formation Energy (Cell Structure Relaxation): -21.5840876793 Size:  3
Vacancy Formation Energy (Cell Structure Relaxation): -21.5893419908 Size:  3
Vacancy Formation Energy (Cell Structure Relaxation): -21.5955009483 Size:  3
Vacancy Formation Energy (Cell Structure Relaxation): -21.5932370753 Size:  3
Vacancy Formation Energy (Cell Structure Relaxation): -21.5946006791 Size:  3
Vacancy Formation Energy (Cell Structure Relaxation): -21.6004192342 Size:  3
Vacancy Formation Energy (Cell Structure Relaxation): -21.6085880863 Size:  3
Vacancy Formation Energy (Cell Structure Relaxation): -21.601915955 Size:  3
Vacancy Formation Energy (Cell Structure Relaxation): -21.6079582669 Size:  3
Vacancy Formation Energy (Cell Structure Relaxation): -21.6112429511 Size:  3
Vacancy Formation Energy (Cell Structure Relaxation): -21.6143824448 Size:  3
Vacancy Formation Energy (Cell Structure Relaxation): -21.6140519119 Size:  3
Vacancy Formation Energy (Cell Structure Relaxation): -21.6208955684 Size:  3
Vacancy Formation Energy (Cell Structure Relaxation): -21.6277388666 Size:  3
Vacancy Formation Energy (Cell Structure Relaxation): -21.6290284132 Size:  3
Vacancy Formation Energy (Cell Structure Relaxation): -21.6350489983 Size:  3
Vacancy Formation Energy (Cell Structure Relaxation): -21.6248735365 Size:  3
Vacancy Formation Energy (Cell Structure Relaxation): -21.6309757506 Size:  3
Vacancy Formation Energy (Cell Structure Relaxation): -21.6219086414 Size:  3
Vacancy Formation Energy (Cell Structure Relaxation): -21.6179013156 Size:  3
Vacancy Formation Energy (Cell Structure Relaxation): -21.6280444172 Size:  3
Vacancy Formation Energy (Cell Structure Relaxation): -21.6306235296 Size:  3
Vacancy Formation Energy (Cell Structure Relaxation): -21.6292603488 Size:  3
Vacancy Formation Energy (Cell Structure Relaxation): -21.6399455034 Size:  3
Vacancy Formation Energy (Cell Structure Relaxation): -21.6393181051 Size:  3
Vacancy Formation Energy (Cell Structure Relaxation): -21.6384816992 Size:  3
Vacancy Formation Energy (Cell Structure Relaxation): -21.6167901696 Size:  3
Vacancy Formation Energy (Cell Structure Relaxation): -21.6362389182 Size:  3
Vacancy Formation Energy (Cell Structure Relaxation): -21.6289417859 Size:  3
Vacancy Formation Energy (Cell Structure Relaxation): -21.635641341 Size:  3
Vacancy Formation Energy (Cell Structure Relaxation): -21.6340606426 Size:  3
Vacancy Formation Energy (Cell Structure Relaxation): -21.6385641056 Size:  3
Vacancy Formation Energy (Cell Structure Relaxation): -21.6339937841 Size:  3
Vacancy Formation Energy (Cell Structure Relaxation): -21.6379571455 Size:  3
Vacancy Formation Energy (Cell Structure Relaxation): -21.6414263938 Size:  3
Vacancy Formation Energy (Cell Structure Relaxation): -21.6399338039 Size:  3
Vacancy Formation Energy (Cell Structure Relaxation): -21.6366437124 Size:  3
Vacancy Formation Energy (Cell Structure Relaxation): -21.6424966242 Size:  3
Vacancy Formation Energy (Cell Structure Relaxation): -21.6411908869 Size:  3
Vacancy Formation Energy (Cell Structure Relaxation): -21.6379148939 Size:  3
Vacancy Formation Energy (Cell Structure Relaxation): -21.6407092493 Size:  3
Vacancy Formation Energy (Cell Structure Relaxation): -21.6416327711 Size:  3
Vacancy Formation Energy (Cell Structure Relaxation): -21.6340020134 Size:  3
Vacancy Formation Energy (Cell Structure Relaxation): -21.6415266554 Size:  3
Vacancy Formation Energy (Cell Structure Relaxation): -21.6442218414 Size:  3
Vacancy Formation Energy (Cell Structure Relaxation): -21.6442533097 Size:  3
Vacancy Formation Energy (Cell Structure Relaxation): -21.6437377656 Size:  3
Vacancy Formation Energy (Cell Structure Relaxation): -21.6452287899 Size:  3
Vacancy Formation Energy (Cell Structure Relaxation): -21.644581276 Size:  3
Vacancy Formation Energy (Cell Structure Relaxation): -21.6451272252 Size:  3
Vacancy Formation Energy (Cell Structure Relaxation): -21.6461447782 Size:  3
Vacancy Formation Energy (Cell Structure Relaxation): -21.6446517394 Size:  3
Vacancy Formation Energy (Cell Structure Relaxation): -21.648118825 Size:  3
Vacancy Formation Energy (Cell Structure Relaxation): -21.6482655807 Size:  3
Vacancy Formation Energy (Cell Structure Relaxation): -21.6491197005 Size:  3
Vacancy Formation Energy (Cell Structure Relaxation): -21.6481015631 Size:  3
Vacancy Formation Energy (Cell Structure Relaxation): -21.6478225134 Size:  3
Vacancy Formation Energy (Cell Structure Relaxation): -21.6468616538 Size:  3
Vacancy Formation Energy (Cell Structure Relaxation): -21.6510174622 Size:  3
Vacancy Formation Energy (Cell Structure Relaxation): -21.6509275269 Size:  3
Vacancy Formation Energy (Cell Structure Relaxation): -21.6512815445 Size:  3
Vacancy Formation Energy (Cell Structure Relaxation): -21.6491964363 Size:  3
Vacancy Formation Energy (Cell Structure Relaxation): -21.6472314934 Size:  3
Vacancy Formation Energy (Cell Structure Relaxation): -21.6452649138 Size:  3
Vacancy Formation Energy (Cell Structure Relaxation): -21.6497871947 Size:  3
Vacancy Formation Energy (Cell Structure Relaxation): -21.646917115 Size:  3
Vacancy Formation Energy (Cell Structure Relaxation): -21.6497830391 Size:  3
Vacancy Formation Energy (Cell Structure Relaxation): -21.6479911135 Size:  3
Vacancy Formation Energy (Cell Structure Relaxation): -21.649954426 Size:  3
Vacancy Formation Energy (Cell Structure Relaxation): -21.6511609953 Size:  3
Vacancy Formation Energy (Cell Structure Relaxation): -21.6512635455 Size:  3
Vacancy Formation Energy (Cell Structure Relaxation): -21.6513817438 Size:  3
Vacancy Formation Energy (Cell Structure Relaxation): -21.6495409514 Size:  3
Vacancy Formation Energy (Cell Structure Relaxation): -21.6529066235 Size:  3
Vacancy Formation Energy (Cell Structure Relaxation): -21.6531401527 Size:  3
Vacancy Formation Energy (Cell Structure Relaxation): -21.6518969099 Size:  3
Vacancy Formation Energy (Cell Structure Relaxation): -21.6512507671 Size:  3
Vacancy Formation Energy (Cell Structure Relaxation): -21.6533147996 Size:  3
Vacancy Formation Energy (Cell Structure Relaxation): -21.6530975952 Size:  3
Vacancy Formation Energy (Cell Structure Relaxation): -21.6515999501 Size:  3
Vacancy Formation Energy (Cell Structure Relaxation): -21.6526255562 Size:  3
Vacancy Formation Energy (Cell Structure Relaxation): -21.6525697776 Size:  3
Vacancy Formation Energy (Cell Structure Relaxation): -21.6525275846 Size:  3
Vacancy Formation Energy (Cell Structure Relaxation): -21.6504052629 Size:  3
Vacancy Formation Energy (Cell Structure Relaxation): -21.6530767459 Size:  3
Vacancy Formation Energy (Cell Structure Relaxation): -21.6531755769 Size:  3
Vacancy Formation Energy (Cell Structure Relaxation): -21.6524921198 Size:  3
Vacancy Formation Energy (Cell Structure Relaxation): -21.6533347135 Size:  3
Vacancy Formation Energy (Cell Structure Relaxation): -21.6519679641 Size:  3
Vacancy Formation Energy (Cell Structure Relaxation): -21.653400166 Size:  3
Vacancy Formation Energy (Cell Structure Relaxation): -21.6513112008 Size:  3
Vacancy Formation Energy (Cell Structure Relaxation): -21.6534730338 Size:  3
Vacancy Formation Energy (Cell Structure Relaxation): -21.6533011121 Size:  3
Vacancy Formation Energy (Cell Structure Relaxation): -21.6536797424 Size:  3
Vacancy Formation Energy (Cell Structure Relaxation): -21.6532494461 Size:  3
Vacancy Formation Energy (Cell Structure Relaxation): -21.6525662203 Size:  3
Vacancy Formation Energy (Cell Structure Relaxation): -21.6536039064 Size:  3
Vacancy Formation Energy (Cell Structure Relaxation): -21.6530753016 Size:  3
Vacancy Formation Energy (Cell Structure Relaxation): -21.6536000345 Size:  3
Vacancy Formation Energy (Cell Structure Relaxation): -21.6533155873 Size:  3
Vacancy Formation Energy (Cell Structure Relaxation): -21.6535850281 Size:  3
Vacancy Formation Energy (Cell Structure Relaxation): -21.6537500683 Size:  3
Vacancy Formation Energy (Cell Structure Relaxation): -21.6534701205 Size:  3
Vacancy Formation Energy (Cell Structure Relaxation): -21.6538199295 Size:  3
Vacancy Formation Energy (Cell Structure Relaxation): -21.6535645399 Size:  3
Vacancy Formation Energy (Cell Structure Relaxation): -21.6532620318 Size:  3
Vacancy Formation Energy (Cell Structure Relaxation): -21.6537342888 Size:  3
Vacancy Formation Energy (Cell Structure Relaxation): -21.6538706316 Size:  3
Vacancy Formation Energy (Cell Structure Relaxation): -21.6537586756 Size:  3
Vacancy Formation Energy (Cell Structure Relaxation): -21.6538149188 Size:  3
Vacancy Formation Energy (Cell Structure Relaxation): -21.6538538986 Size:  3
Vacancy Formation Energy (Cell Structure Relaxation): -21.653949263 Size:  3
Vacancy Formation Energy (Cell Structure Relaxation): -21.6537698021 Size:  3
Vacancy Formation Energy (Cell Structure Relaxation): -21.6540046247 Size:  3
Vacancy Formation Energy (Cell Structure Relaxation): -21.6538796195 Size:  3
Vacancy Formation Energy (Cell Structure Relaxation): -21.6540341087 Size:  3
Vacancy Formation Energy (Cell Structure Relaxation): -21.6538605424 Size:  3
Vacancy Formation Energy (Cell Structure Relaxation): -21.6539132224 Size:  3
Vacancy Formation Energy (Cell Structure Relaxation): -21.6539157357 Size:  3
Vacancy Formation Energy (Cell Structure Relaxation): -21.653871969 Size:  3
Vacancy Formation Energy (Cell Structure Relaxation): -21.6540810878 Size:  3
Vacancy Formation Energy (Cell Structure Relaxation): -21.6539266663 Size:  3
Vacancy Formation Energy (Cell Structure Relaxation): -21.6538849621 Size:  3
Vacancy Formation Energy (Cell Structure Relaxation): -21.6540334323 Size:  3
Vacancy Formation Energy (Cell Structure Relaxation): -21.6538403217 Size:  3
Vacancy Formation Energy (Cell Structure Relaxation): -21.6540468841 Size:  3
Vacancy Formation Energy (Cell Structure Relaxation): -21.6538941767 Size:  3
Vacancy Formation Energy (Cell Structure Relaxation): -21.6540437919 Size:  3
Vacancy Formation Energy (Cell Structure Relaxation): -21.6541577388 Size:  3
Vacancy Formation Energy (Cell Structure Relaxation): -21.654126706 Size:  3
Vacancy Formation Energy (Cell Structure Relaxation): -21.6538589607 Size:  3
Vacancy Formation Energy (Cell Structure Relaxation): -21.654098427 Size:  3
Vacancy Formation Energy (Cell Structure Relaxation): -21.6541039651 Size:  3
Vacancy Formation Energy (Cell Structure Relaxation): -21.6541077394 Size:  3
Vacancy Formation Energy (Cell Structure Relaxation): -21.6541597047 Size:  3
Vacancy Formation Energy (Cell Structure Relaxation): -21.6541039812 Size:  3
Vacancy Formation Energy (Cell Structure Relaxation): -21.6541631782 Size:  3
Vacancy Formation Energy (Cell Structure Relaxation): -21.654068077 Size:  3
Vacancy Formation Energy (Cell Structure Relaxation): -21.6540682389 Size:  3
Vacancy Formation Energy (Cell Structure Relaxation): -21.6541453453 Size:  3
Vacancy Formation Energy (Cell Structure Relaxation): -21.654167778 Size:  3
Vacancy Formation Energy (Cell Structure Relaxation): -21.6540907416 Size:  3
Vacancy Formation Energy (Cell Structure Relaxation): -21.6541372175 Size:  3
Vacancy Formation Energy (Cell Structure Relaxation): -21.6541702736 Size:  3
Vacancy Formation Energy (Cell Structure Relaxation): -21.6540645522 Size:  3
Vacancy Formation Energy (Cell Structure Relaxation): -21.6540843137 Size:  3
Vacancy Formation Energy (Cell Structure Relaxation): -21.6541803965 Size:  3
Vacancy Formation Energy (Cell Structure Relaxation): -21.6541880528 Size:  3
Vacancy Formation Energy (Cell Structure Relaxation): -21.6541364197 Size:  3
Vacancy Formation Energy (Cell Structure Relaxation): -21.6541545502 Size:  3
Vacancy Formation Energy (Cell Structure Relaxation): -21.6541854313 Size:  3
Vacancy Formation Energy (Cell Structure Relaxation): -21.654162727 Size:  3
Vacancy Formation Energy (Cell Structure Relaxation): -21.6541872626 Size:  3
Vacancy Formation Energy (Cell Structure Relaxation): -21.654155004 Size:  3
Vacancy Formation Energy (Cell Structure Relaxation): -21.6541880861 Size:  3
Vacancy Formation Energy (Cell Structure Relaxation): -21.6541659666 Size:  3
Vacancy Formation Energy (Cell Structure Relaxation): -21.6541888687 Size:  3
Vacancy Formation Energy (Cell Structure Relaxation): -21.6541304553 Size:  3
Vacancy Formation Energy (Cell Structure Relaxation): -21.6541927142 Size:  3
Vacancy Formation Energy (Cell Structure Relaxation): -21.6541873284 Size:  3
Vacancy Formation Energy (Cell Structure Relaxation): -21.6541804072 Size:  3
Vacancy Formation Energy (Cell Structure Relaxation): -21.6541937277 Size:  3
Vacancy Formation Energy (Cell Structure Relaxation): -21.6541839771 Size:  3
Vacancy Formation Energy (Cell Structure Relaxation): -21.6541940279 Size:  3
Vacancy Formation Energy (Cell Structure Relaxation): -21.6541855977 Size:  3
Vacancy Formation Energy (Cell Structure Relaxation): -21.6541939511 Size:  3
Vacancy Formation Energy (Cell Structure Relaxation): -21.6541779138 Size:  3
Vacancy Formation Energy (Cell Structure Relaxation): -21.6541948434 Size:  3
Vacancy Formation Energy (Cell Structure Relaxation): -21.6541859524 Size:  3
Vacancy Formation Energy (Cell Structure Relaxation): -21.6541940904 Size:  3
Vacancy Formation Energy (Cell Structure Relaxation): -21.6541922193 Size:  3
Vacancy Formation Energy (Cell Structure Relaxation): -21.6541955652 Size:  3
Vacancy Formation Energy (Cell Structure Relaxation): -21.6541843627 Size:  3
Vacancy Formation Energy (Cell Structure Relaxation): -21.6541960463 Size:  3
Vacancy Formation Energy (Cell Structure Relaxation): -21.6541932012 Size:  3
Vacancy Formation Energy (Cell Structure Relaxation): -21.6541955285 Size:  3
Vacancy Formation Energy (Cell Structure Relaxation): -21.6541935179 Size:  3
Vacancy Formation Energy (Cell Structure Relaxation): -21.6541955889 Size:  3
Vacancy Formation Energy (Cell Structure Relaxation): -21.6541948551 Size:  3
Vacancy Formation Energy (Cell Structure Relaxation): -21.6541932126 Size:  3
Vacancy Formation Energy (Cell Structure Relaxation): -21.6541957619 Size:  3
Vacancy Formation Energy (Cell Structure Relaxation): -21.6541947755 Size:  3
Vacancy Formation Energy (Cell Structure Relaxation): -21.6541958809 Size:  3
Vacancy Formation Energy (Cell Structure Relaxation): -21.6541947538 Size:  3
Vacancy Formation Energy (Cell Structure Relaxation): -21.6541959007 Size:  3
Vacancy Formation Energy (Cell Structure Relaxation): -21.6541956893 Size:  3
Vacancy Formation Energy (Cell Structure Relaxation): -21.6541949413 Size:  3
Vacancy Formation Energy (Cell Structure Relaxation): -21.6541961395 Size:  3
Vacancy Formation Energy (Cell Structure Relaxation): -21.6541964359 Size:  3
Vacancy Formation Energy (Cell Structure Relaxation): -21.6541959641 Size:  3
Vacancy Formation Energy (Cell Structure Relaxation): -21.6541957423 Size:  3
Vacancy Formation Energy (Cell Structure Relaxation): -21.6541962293 Size:  3
Vacancy Formation Energy (Cell Structure Relaxation): -21.6541957833 Size:  3
Vacancy Formation Energy (Cell Structure Relaxation): -21.6541962451 Size:  3
Vacancy Formation Energy (Cell Structure Relaxation): -21.6541959363 Size:  3
Vacancy Formation Energy (Cell Structure Relaxation): -21.6541964751 Size:  3
Vacancy Formation Energy (Cell Structure Relaxation): -21.6541959845 Size:  3
Vacancy Formation Energy (Cell Structure Relaxation): -21.6541962584 Size:  3
Vacancy Formation Energy (Cell Structure Relaxation): -21.6541955345 Size:  3
Vacancy Formation Energy (Cell Structure Relaxation): -21.6541964559 Size:  3
Vacancy Formation Energy (Cell Structure Relaxation): -21.6541962826 Size:  3
Vacancy Formation Energy (Cell Structure Relaxation): -21.6541962591 Size:  3
Vacancy Formation Energy (Cell Structure Relaxation): -21.654196434 Size:  3
Vacancy Formation Energy (Cell Structure Relaxation): -21.6541954161 Size:  3
Vacancy Formation Energy (Cell Structure Relaxation): -21.6541965654 Size:  3
Vacancy Formation Energy (Cell Structure Relaxation): -21.6541962403 Size:  3
Vacancy Formation Energy (Cell Structure Relaxation): -21.6541964862 Size:  3
Vacancy Formation Energy (Cell Structure Relaxation): -21.6541964676 Size:  3
Vacancy Formation Energy (Cell Structure Relaxation): -21.6541962965 Size:  3
Vacancy Formation Energy (Cell Structure Relaxation): -21.6541965598 Size:  3
Vacancy Formation Energy (Cell Structure Relaxation): -21.6541964397 Size:  3
Vacancy Formation Energy (Cell Structure Relaxation): -21.6541965499 Size:  3
Vacancy Formation Energy (Cell Structure Relaxation): -21.6541964733 Size:  3
Vacancy Formation Energy (Cell Structure Relaxation): -21.6541963566 Size:  3
Vacancy Formation Energy (Cell Structure Relaxation): -21.6541965683 Size:  3
Vacancy Formation Energy (Cell Structure Relaxation): -21.6541964293 Size:  3
Vacancy Formation Energy (Cell Structure Relaxation): -21.6541965634 Size:  3
Vacancy Formation Energy (Cell Structure Relaxation): -21.6541965047 Size:  3
Vacancy Formation Energy (Cell Structure Relaxation): -21.6541965064 Size:  3
Vacancy Formation Energy (Cell Structure Relaxation): -21.6541964935 Size:  3
Vacancy Formation Energy (Cell Structure Relaxation): -21.6541965741 Size:  3
Vacancy Formation Energy (Cell Structure Relaxation): -21.6541964905 Size:  3
Vacancy Formation Energy (Cell Structure Relaxation): -21.6541965756 Size:  3
Vacancy Formation Energy (Cell Structure Relaxation): -21.6541965515 Size:  3
Vacancy Formation Energy (Cell Structure Relaxation): -21.654196586 Size:  3
Vacancy Formation Energy (Cell Structure Relaxation): -21.6541964901 Size:  3
Vacancy Formation Energy (Cell Structure Relaxation): -21.6541965937 Size:  3
Vacancy Formation Energy (Cell Structure Relaxation): -21.6541965461 Size:  3
Vacancy Formation Energy (Cell Structure Relaxation): -21.6541965894 Size:  3
Vacancy Formation Energy (Cell Structure Relaxation): -21.6541964963 Size:  3
Vacancy Formation Energy (Cell Structure Relaxation): -21.6541965939 Size:  3
Vacancy Formation Energy (Cell Structure Relaxation): -21.6541965833 Size:  3
Vacancy Formation Energy (Cell Structure Relaxation): -21.6541965893 Size:  3
Vacancy Formation Energy (Cell Structure Relaxation): -21.6541966008 Size:  3
Vacancy Formation Energy (Cell Structure Relaxation): -21.6541965767 Size:  3
Vacancy Formation Energy (Cell Structure Relaxation): -21.6541965669 Size:  3
Vacancy Formation Energy (Cell Structure Relaxation): -21.6541965988 Size:  3
Vacancy Formation Energy (Cell Structure Relaxation): -21.6541965951 Size:  3
Vacancy Formation Energy (Cell Structure Relaxation): -21.6541965826 Size:  3
Vacancy Formation Energy (Cell Structure Relaxation): -21.6541966004 Size:  3
Vacancy Formation Energy (Cell Structure Relaxation): -21.6541965991 Size:  3
Vacancy Formation Energy (Cell Structure Relaxation): -21.654196593 Size:  3
Vacancy Formation Energy (Cell Structure Relaxation): -21.654196602 Size:  3
Vacancy Formation Energy (Cell Structure Relaxation): -21.6541965854 Size:  3
Vacancy Formation Energy (Cell Structure Relaxation): -21.6541966028 Size:  3
Vacancy Formation Energy (Cell Structure Relaxation): -21.6541965977 Size:  3
Vacancy Formation Energy (Cell Structure Relaxation): -21.6541966034 Size:  3
Vacancy Formation Energy (Cell Structure Relaxation): -21.6541966033 Size:  3
Vacancy Formation Energy (Cell Structure Relaxation): -21.6541965911 Size:  3
Vacancy Formation Energy (Cell Structure Relaxation): -21.6541966047 Size:  3
Vacancy Formation Energy (Cell Structure Relaxation): -21.6541965998 Size:  3
Vacancy Formation Energy (Cell Structure Relaxation): -21.6541966043 Size:  3
Vacancy Formation Energy (Cell Structure Relaxation): -21.6541965979 Size:  3
Vacancy Formation Energy (Cell Structure Relaxation): -21.6541966046 Size:  3
Vacancy Formation Energy (Cell Structure Relaxation): -21.6541966028 Size:  3
Vacancy Formation Energy (Cell Structure Relaxation): -21.6541966032 Size:  3
Vacancy Formation Energy (Cell Structure Relaxation): -21.6541966014 Size:  3
Vacancy Formation Energy (Cell Structure Relaxation): -21.6541966051 Size:  3
Vacancy Formation Energy (Cell Structure Relaxation): -21.6541966031 Size:  3
Vacancy Formation Energy (Cell Structure Relaxation): -21.6541966051 Size:  3
Vacancy Formation Energy (Cell Structure Relaxation): -21.654196602 Size:  3
Vacancy Formation Energy (Cell Structure Relaxation): -21.6541966052 Size:  3
Vacancy Formation Energy (Cell Structure Relaxation): -21.6541966026 Size:  3
Vacancy Formation Energy (Cell Structure Relaxation): -21.6541966052 Size:  3
Vacancy Formation Energy (Cell Structure Relaxation): -21.6541966036 Size:  3
Vacancy Formation Energy (Cell Structure Relaxation): -21.6541966055 Size:  3
Vacancy Formation Energy (Cell Structure Relaxation): -21.6541966047 Size:  3
Vacancy Formation Energy (Cell Structure Relaxation): -21.6541966033 Size:  3
Vacancy Formation Energy (Cell Structure Relaxation): -21.6541966056 Size:  3
Vacancy Formation Energy (Cell Structure Relaxation): -21.6541966043 Size:  3
Vacancy Formation Energy (Cell Structure Relaxation): -21.6541966055 Size:  3
Vacancy Formation Energy (Cell Structure Relaxation): -21.654196605 Size:  3
Vacancy Formation Energy (Cell Structure Relaxation): -21.6541966056 Size:  3
Vacancy Formation Energy (Cell Structure Relaxation): -21.6541966051 Size:  3
Vacancy Formation Energy (Cell Structure Relaxation): -21.6541966056 Size:  3
Vacancy Formation Energy (Cell Structure Relaxation): -21.6541966048 Size:  3
Vacancy Formation Energy (Cell Structure Relaxation): -21.6541966057 Size:  3
Optimization terminated successfully.
         Current function value: -21.654197
         Iterations: 643
         Function evaluations: 1016
Summary:
Vacancy Formation Energy: -21.6541966057
Unrelaxed Cell Volume: 349.411155363
Relaxed Cell Volume: 283.463469215
Relaxation Volume: 65.9476861475
Relaxed Cell Vector:
[  5.56995695e+00   1.14056857e+00   7.77597040e+00   1.44926448e-03
  -7.44375393e-01   6.54471381e+00]
Unrelaxed Cell Vector:
[7.0433443573499996, 0.0, 7.0433443573499996, 0.0, 0.0, 7.0433443573499996]
Relaxed Cell:
[[  5.56995695e+00   0.00000000e+00   0.00000000e+00]
 [  1.14056857e+00   7.77597040e+00   0.00000000e+00]
 [  1.44926448e-03  -7.44375393e-01   6.54471381e+00]]
Unrelaxed Cell:
[[ 7.04334436  0.          0.        ]
 [ 0.          7.04334436  0.        ]
 [ 0.          0.          7.04334436]]
Vacancy Formation Energy < 0
Crystal Collapsed.
