Imported bulk from ase.lattice
Parameters Input: Al fcc EAM_Dynamo_Mishin_Farkas_Al__MO_651801486679_001 [4.05000466019]

[Calculation]

Supercell Size: 3
Unrelaxed Cell:
[[ 12.15001398   0.           0.        ]
 [  0.          12.15001398   0.        ]
 [  0.           0.          12.15001398]]
Unrelaxed Cell Vector:
[12.15001398057, 0.0, 12.15001398057, 0.0, 0.0, 12.15001398057]
Vacancy Formation Energy (Cell Structure Relaxation): 0.691761695003 Size:  3
Vacancy Formation Energy (Cell Structure Relaxation): 2.36029442452 Size:  3
Vacancy Formation Energy (Cell Structure Relaxation): 0.690660782387 Size:  3
Vacancy Formation Energy (Cell Structure Relaxation): 2.35324987907 Size:  3
Vacancy Formation Energy (Cell Structure Relaxation): 0.683769291605 Size:  3
Vacancy Formation Energy (Cell Structure Relaxation): 0.683769292319 Size:  3
Vacancy Formation Energy (Cell Structure Relaxation): 2.35630355209 Size:  3
Vacancy Formation Energy (Cell Structure Relaxation): 1.53088766993 Size:  3
Vacancy Formation Energy (Cell Structure Relaxation): 1.82176156834 Size:  3
Vacancy Formation Energy (Cell Structure Relaxation): 2.56409141995 Size:  3
Vacancy Formation Energy (Cell Structure Relaxation): 1.12389638827 Size:  3
Vacancy Formation Energy (Cell Structure Relaxation): 2.01193919688 Size:  3
Vacancy Formation Energy (Cell Structure Relaxation): 0.97571931249 Size:  3
Vacancy Formation Energy (Cell Structure Relaxation): 1.51476331858 Size:  3
Vacancy Formation Energy (Cell Structure Relaxation): 0.914493538353 Size:  3
Vacancy Formation Energy (Cell Structure Relaxation): 0.975314527214 Size:  3
Vacancy Formation Energy (Cell Structure Relaxation): 1.12314736393 Size:  3
Vacancy Formation Energy (Cell Structure Relaxation): 0.74084551937 Size:  3
Vacancy Formation Energy (Cell Structure Relaxation): 1.12692095552 Size:  3
Vacancy Formation Energy (Cell Structure Relaxation): 0.738811851212 Size:  3
Vacancy Formation Energy (Cell Structure Relaxation): 0.848464540685 Size:  3
Vacancy Formation Energy (Cell Structure Relaxation): 0.708007786238 Size:  3
Vacancy Formation Energy (Cell Structure Relaxation): 0.764861138704 Size:  3
Vacancy Formation Energy (Cell Structure Relaxation): 0.685790351563 Size:  3
Vacancy Formation Energy (Cell Structure Relaxation): 0.785978670773 Size:  3
Vacancy Formation Energy (Cell Structure Relaxation): 0.683868996465 Size:  3
Vacancy Formation Energy (Cell Structure Relaxation): 0.746551657026 Size:  3
Vacancy Formation Energy (Cell Structure Relaxation): 0.678154306625 Size:  3
Vacancy Formation Energy (Cell Structure Relaxation): 0.675523756902 Size:  3
Vacancy Formation Energy (Cell Structure Relaxation): 0.68874835553 Size:  3
Vacancy Formation Energy (Cell Structure Relaxation): 0.683124393473 Size:  3
Vacancy Formation Energy (Cell Structure Relaxation): 0.684097895278 Size:  3
Vacancy Formation Energy (Cell Structure Relaxation): 0.675366163144 Size:  3
Vacancy Formation Energy (Cell Structure Relaxation): 0.686952044842 Size:  3
Vacancy Formation Energy (Cell Structure Relaxation): 0.675076767339 Size:  3
Vacancy Formation Energy (Cell Structure Relaxation): 0.689460433587 Size:  3
Vacancy Formation Energy (Cell Structure Relaxation): 0.674222329285 Size:  3
Vacancy Formation Energy (Cell Structure Relaxation): 0.694698151578 Size:  3
Vacancy Formation Energy (Cell Structure Relaxation): 0.673869061417 Size:  3
Vacancy Formation Energy (Cell Structure Relaxation): 0.683602219502 Size:  3
Vacancy Formation Energy (Cell Structure Relaxation): 0.675282063532 Size:  3
Vacancy Formation Energy (Cell Structure Relaxation): 0.679852997031 Size:  3
Vacancy Formation Energy (Cell Structure Relaxation): 0.673906742482 Size:  3
Vacancy Formation Energy (Cell Structure Relaxation): 0.676816066482 Size:  3
Vacancy Formation Energy (Cell Structure Relaxation): 0.67330574725 Size:  3
Vacancy Formation Energy (Cell Structure Relaxation): 0.675364214509 Size:  3
Vacancy Formation Energy (Cell Structure Relaxation): 0.673364318819 Size:  3
Vacancy Formation Energy (Cell Structure Relaxation): 0.674751730625 Size:  3
Vacancy Formation Energy (Cell Structure Relaxation): 0.676873076169 Size:  3
Vacancy Formation Energy (Cell Structure Relaxation): 0.673067298138 Size:  3
Vacancy Formation Energy (Cell Structure Relaxation): 0.674707268987 Size:  3
Vacancy Formation Energy (Cell Structure Relaxation): 0.67312568603 Size:  3
Vacancy Formation Energy (Cell Structure Relaxation): 0.67631495214 Size:  3
Vacancy Formation Energy (Cell Structure Relaxation): 0.672828209982 Size:  3
Vacancy Formation Energy (Cell Structure Relaxation): 0.674215424408 Size:  3
Vacancy Formation Energy (Cell Structure Relaxation): 0.672920367794 Size:  3
Vacancy Formation Energy (Cell Structure Relaxation): 0.676318162505 Size:  3
Vacancy Formation Energy (Cell Structure Relaxation): 0.672736895973 Size:  3
Vacancy Formation Energy (Cell Structure Relaxation): 0.673109032863 Size:  3
Vacancy Formation Energy (Cell Structure Relaxation): 0.673283308804 Size:  3
Vacancy Formation Energy (Cell Structure Relaxation): 0.672798958498 Size:  3
Vacancy Formation Energy (Cell Structure Relaxation): 0.673851911999 Size:  3
Vacancy Formation Energy (Cell Structure Relaxation): 0.672699773512 Size:  3
Vacancy Formation Energy (Cell Structure Relaxation): 0.672777024674 Size:  3
Vacancy Formation Energy (Cell Structure Relaxation): 0.673285622735 Size:  3
Vacancy Formation Energy (Cell Structure Relaxation): 0.672699826673 Size:  3
Vacancy Formation Energy (Cell Structure Relaxation): 0.673144714691 Size:  3
Vacancy Formation Energy (Cell Structure Relaxation): 0.672664310612 Size:  3
Vacancy Formation Energy (Cell Structure Relaxation): 0.672835502479 Size:  3
Vacancy Formation Energy (Cell Structure Relaxation): 0.672661058796 Size:  3
Vacancy Formation Energy (Cell Structure Relaxation): 0.672827144253 Size:  3
Vacancy Formation Energy (Cell Structure Relaxation): 0.672650175493 Size:  3
Vacancy Formation Energy (Cell Structure Relaxation): 0.672968107379 Size:  3
Vacancy Formation Energy (Cell Structure Relaxation): 0.672630565663 Size:  3
Vacancy Formation Energy (Cell Structure Relaxation): 0.672807709428 Size:  3
Vacancy Formation Energy (Cell Structure Relaxation): 0.672632777947 Size:  3
Vacancy Formation Energy (Cell Structure Relaxation): 0.672718181525 Size:  3
Vacancy Formation Energy (Cell Structure Relaxation): 0.672628216587 Size:  3
Vacancy Formation Energy (Cell Structure Relaxation): 0.672764874262 Size:  3
Vacancy Formation Energy (Cell Structure Relaxation): 0.672623873612 Size:  3
Vacancy Formation Energy (Cell Structure Relaxation): 0.672706618257 Size:  3
Vacancy Formation Energy (Cell Structure Relaxation): 0.672617670838 Size:  3
Vacancy Formation Energy (Cell Structure Relaxation): 0.672656843105 Size:  3
Vacancy Formation Energy (Cell Structure Relaxation): 0.672618711001 Size:  3
Vacancy Formation Energy (Cell Structure Relaxation): 0.67266589871 Size:  3
Vacancy Formation Energy (Cell Structure Relaxation): 0.672615755726 Size:  3
Vacancy Formation Energy (Cell Structure Relaxation): 0.672679680597 Size:  3
Vacancy Formation Energy (Cell Structure Relaxation): 0.672609067735 Size:  3
Vacancy Formation Energy (Cell Structure Relaxation): 0.672685831873 Size:  3
Vacancy Formation Energy (Cell Structure Relaxation): 0.672608625768 Size:  3
Vacancy Formation Energy (Cell Structure Relaxation): 0.672621441451 Size:  3
Vacancy Formation Energy (Cell Structure Relaxation): 0.672615763313 Size:  3
Vacancy Formation Energy (Cell Structure Relaxation): 0.672619520508 Size:  3
Vacancy Formation Energy (Cell Structure Relaxation): 0.672609319347 Size:  3
Vacancy Formation Energy (Cell Structure Relaxation): 0.672628666338 Size:  3
Vacancy Formation Energy (Cell Structure Relaxation): 0.672608386775 Size:  3
Vacancy Formation Energy (Cell Structure Relaxation): 0.672617538641 Size:  3
Vacancy Formation Energy (Cell Structure Relaxation): 0.672608937965 Size:  3
Vacancy Formation Energy (Cell Structure Relaxation): 0.672618571056 Size:  3
Vacancy Formation Energy (Cell Structure Relaxation): 0.672608181299 Size:  3
Vacancy Formation Energy (Cell Structure Relaxation): 0.672608662802 Size:  3
Vacancy Formation Energy (Cell Structure Relaxation): 0.672607685179 Size:  3
Vacancy Formation Energy (Cell Structure Relaxation): 0.672617753793 Size:  3
Vacancy Formation Energy (Cell Structure Relaxation): 0.672611709679 Size:  3
Vacancy Formation Energy (Cell Structure Relaxation): 0.672605617283 Size:  3
Vacancy Formation Energy (Cell Structure Relaxation): 0.672611530989 Size:  3
Vacancy Formation Energy (Cell Structure Relaxation): 0.672605598671 Size:  3
Vacancy Formation Energy (Cell Structure Relaxation): 0.672608526938 Size:  3
Vacancy Formation Energy (Cell Structure Relaxation): 0.672615075193 Size:  3
Vacancy Formation Energy (Cell Structure Relaxation): 0.672605217684 Size:  3
Vacancy Formation Energy (Cell Structure Relaxation): 0.672607269474 Size:  3
Vacancy Formation Energy (Cell Structure Relaxation): 0.6726137622 Size:  3
Vacancy Formation Energy (Cell Structure Relaxation): 0.672605205967 Size:  3
Vacancy Formation Energy (Cell Structure Relaxation): 0.672610322021 Size:  3
Vacancy Formation Energy (Cell Structure Relaxation): 0.672605487152 Size:  3
Vacancy Formation Energy (Cell Structure Relaxation): 0.672607506713 Size:  3
Vacancy Formation Energy (Cell Structure Relaxation): 0.672605470631 Size:  3
Vacancy Formation Energy (Cell Structure Relaxation): 0.672608687307 Size:  3
Vacancy Formation Energy (Cell Structure Relaxation): 0.672605290561 Size:  3
Vacancy Formation Energy (Cell Structure Relaxation): 0.672605345039 Size:  3
Vacancy Formation Energy (Cell Structure Relaxation): 0.672605832499 Size:  3
Vacancy Formation Energy (Cell Structure Relaxation): 0.672604964121 Size:  3
Vacancy Formation Energy (Cell Structure Relaxation): 0.672607052724 Size:  3
Vacancy Formation Energy (Cell Structure Relaxation): 0.672604829506 Size:  3
Vacancy Formation Energy (Cell Structure Relaxation): 0.672605958397 Size:  3
Vacancy Formation Energy (Cell Structure Relaxation): 0.67260493625 Size:  3
Vacancy Formation Energy (Cell Structure Relaxation): 0.672605021272 Size:  3
Vacancy Formation Energy (Cell Structure Relaxation): 0.672605241413 Size:  3
Vacancy Formation Energy (Cell Structure Relaxation): 0.672604879097 Size:  3
Vacancy Formation Energy (Cell Structure Relaxation): 0.672606139529 Size:  3
Vacancy Formation Energy (Cell Structure Relaxation): 0.672604800837 Size:  3
Vacancy Formation Energy (Cell Structure Relaxation): 0.672605590112 Size:  3
Vacancy Formation Energy (Cell Structure Relaxation): 0.672604855194 Size:  3
Vacancy Formation Energy (Cell Structure Relaxation): 0.672604871925 Size:  3
Vacancy Formation Energy (Cell Structure Relaxation): 0.672604995772 Size:  3
Vacancy Formation Energy (Cell Structure Relaxation): 0.672604813243 Size:  3
Vacancy Formation Energy (Cell Structure Relaxation): 0.672604790195 Size:  3
Vacancy Formation Energy (Cell Structure Relaxation): 0.672605040211 Size:  3
Vacancy Formation Energy (Cell Structure Relaxation): 0.672604897603 Size:  3
Vacancy Formation Energy (Cell Structure Relaxation): 0.67260477675 Size:  3
Vacancy Formation Energy (Cell Structure Relaxation): 0.67260488923 Size:  3
Vacancy Formation Energy (Cell Structure Relaxation): 0.672604773994 Size:  3
Vacancy Formation Energy (Cell Structure Relaxation): 0.672604848784 Size:  3
Vacancy Formation Energy (Cell Structure Relaxation): 0.672604767601 Size:  3
Vacancy Formation Energy (Cell Structure Relaxation): 0.672604857008 Size:  3
Vacancy Formation Energy (Cell Structure Relaxation): 0.672604760314 Size:  3
Vacancy Formation Energy (Cell Structure Relaxation): 0.672604830993 Size:  3
Vacancy Formation Energy (Cell Structure Relaxation): 0.672604756829 Size:  3
Vacancy Formation Energy (Cell Structure Relaxation): 0.672604822218 Size:  3
Vacancy Formation Energy (Cell Structure Relaxation): 0.67260475317 Size:  3
Vacancy Formation Energy (Cell Structure Relaxation): 0.672604842078 Size:  3
Vacancy Formation Energy (Cell Structure Relaxation): 0.67260474805 Size:  3
Vacancy Formation Energy (Cell Structure Relaxation): 0.672604805339 Size:  3
Vacancy Formation Energy (Cell Structure Relaxation): 0.672604747283 Size:  3
Vacancy Formation Energy (Cell Structure Relaxation): 0.672604805632 Size:  3
Vacancy Formation Energy (Cell Structure Relaxation): 0.672604746604 Size:  3
Vacancy Formation Energy (Cell Structure Relaxation): 0.672604764685 Size:  3
Vacancy Formation Energy (Cell Structure Relaxation): 0.672604746661 Size:  3
Vacancy Formation Energy (Cell Structure Relaxation): 0.672604773913 Size:  3
Vacancy Formation Energy (Cell Structure Relaxation): 0.672604744588 Size:  3
Vacancy Formation Energy (Cell Structure Relaxation): 0.672604756114 Size:  3
Vacancy Formation Energy (Cell Structure Relaxation): 0.672604744598 Size:  3
Vacancy Formation Energy (Cell Structure Relaxation): 0.67260475673 Size:  3
Vacancy Formation Energy (Cell Structure Relaxation): 0.672604743527 Size:  3
Vacancy Formation Energy (Cell Structure Relaxation): 0.672604760427 Size:  3
Vacancy Formation Energy (Cell Structure Relaxation): 0.672604741573 Size:  3
Vacancy Formation Energy (Cell Structure Relaxation): 0.672604749239 Size:  3
Vacancy Formation Energy (Cell Structure Relaxation): 0.672604742397 Size:  3
Vacancy Formation Energy (Cell Structure Relaxation): 0.672604743447 Size:  3
Vacancy Formation Energy (Cell Structure Relaxation): 0.672604746165 Size:  3
Vacancy Formation Energy (Cell Structure Relaxation): 0.67260474182 Size:  3
Vacancy Formation Energy (Cell Structure Relaxation): 0.672604744807 Size:  3
Vacancy Formation Energy (Cell Structure Relaxation): 0.672604741414 Size:  3
Vacancy Formation Energy (Cell Structure Relaxation): 0.672604750408 Size:  3
Vacancy Formation Energy (Cell Structure Relaxation): 0.672604740929 Size:  3
Vacancy Formation Energy (Cell Structure Relaxation): 0.672604744794 Size:  3
Vacancy Formation Energy (Cell Structure Relaxation): 0.672604741114 Size:  3
Vacancy Formation Energy (Cell Structure Relaxation): 0.672604743838 Size:  3
Vacancy Formation Energy (Cell Structure Relaxation): 0.672604741156 Size:  3
Vacancy Formation Energy (Cell Structure Relaxation): 0.672604746193 Size:  3
Vacancy Formation Energy (Cell Structure Relaxation): 0.672604740617 Size:  3
Vacancy Formation Energy (Cell Structure Relaxation): 0.672604741416 Size:  3
Vacancy Formation Energy (Cell Structure Relaxation): 0.672604741193 Size:  3
Vacancy Formation Energy (Cell Structure Relaxation): 0.67260474099 Size:  3
Vacancy Formation Energy (Cell Structure Relaxation): 0.672604741805 Size:  3
Vacancy Formation Energy (Cell Structure Relaxation): 0.672604740581 Size:  3
Vacancy Formation Energy (Cell Structure Relaxation): 0.672604741868 Size:  3
Vacancy Formation Energy (Cell Structure Relaxation): 0.672604740507 Size:  3
Vacancy Formation Energy (Cell Structure Relaxation): 0.672604740928 Size:  3
Vacancy Formation Energy (Cell Structure Relaxation): 0.672604741668 Size:  3
Vacancy Formation Energy (Cell Structure Relaxation): 0.672604740476 Size:  3
Vacancy Formation Energy (Cell Structure Relaxation): 0.672604741327 Size:  3
Vacancy Formation Energy (Cell Structure Relaxation): 0.672604740466 Size:  3
Vacancy Formation Energy (Cell Structure Relaxation): 0.672604741328 Size:  3
Vacancy Formation Energy (Cell Structure Relaxation): 0.672604740449 Size:  3
Vacancy Formation Energy (Cell Structure Relaxation): 0.672604740868 Size:  3
Vacancy Formation Energy (Cell Structure Relaxation): 0.672604740455 Size:  3
Vacancy Formation Energy (Cell Structure Relaxation): 0.672604741096 Size:  3
Vacancy Formation Energy (Cell Structure Relaxation): 0.672604740362 Size:  3
Vacancy Formation Energy (Cell Structure Relaxation): 0.672604740636 Size:  3
Vacancy Formation Energy (Cell Structure Relaxation): 0.672604740391 Size:  3
Vacancy Formation Energy (Cell Structure Relaxation): 0.67260474056 Size:  3
Vacancy Formation Energy (Cell Structure Relaxation): 0.672604740369 Size:  3
Optimization terminated successfully.
         Current function value: 0.672605
         Iterations: 109
         Function evaluations: 203
Summary:
Vacancy Formation Energy: 0.672604740362
Unrelaxed Cell Volume: 1793.61956655
Relaxed Cell Volume: 1785.33575528
Relaxation Volume: 8.28381127171
Relaxed Cell Vector:
[  1.21321528e+01   2.27340917e-05   1.21313380e+01   1.28760927e-04
   1.10489011e-04   1.21303499e+01]
Unrelaxed Cell Vector:
[12.15001398057, 0.0, 12.15001398057, 0.0, 0.0, 12.15001398057]
Relaxed Cell:
[[  1.21321528e+01   0.00000000e+00   0.00000000e+00]
 [  2.27340917e-05   1.21313380e+01   0.00000000e+00]
 [  1.28760927e-04   1.10489011e-04   1.21303499e+01]]
Unrelaxed Cell:
[[ 12.15001398   0.           0.        ]
 [  0.          12.15001398   0.        ]
 [  0.           0.          12.15001398]]
