Imported bulk from ase.lattice
Parameters Input: Ni diamond LennardJones612_UniversalShifted__MO_959249795837_001 [9.56209402513]
CELL_SIZE_MIN: 3
CELL_SIZE_MAX: 5
Smallest System Size: 216
Largest System Size: 1000
Model Cutoff: 8.83772

[Calculation]

Supercell Size: 3
Unrelaxed Cell:
[[ 28.68628208   0.           0.        ]
 [  0.          28.68628208   0.        ]
 [  0.           0.          28.68628208]]
Unrelaxed Cell Vector:
[28.686282075389997, 0.0, 28.686282075389997, 0.0, 0.0, 28.686282075389997]
==========
Loop: 0
Position Relaxation...
FIRE:   0  16:11:25      -92.029333       0.2649
FIRE:   1  16:11:25      -92.032152       0.2650
FIRE:   2  16:11:25      -92.037791       0.2651
FIRE:   3  16:11:25      -92.046252       0.2652
FIRE:   4  16:11:25      -92.057540       0.2654
FIRE:   5  16:11:25      -92.071660       0.2655
FIRE:   6  16:11:25      -92.088619       0.2657
FIRE:   7  16:11:25      -92.108428       0.2658
FIRE:   8  16:11:25      -92.133681       0.2660
FIRE:   9  16:11:25      -92.165680       0.2660
FIRE:  10  16:11:25      -92.206043       0.2659
FIRE:  11  16:11:25      -92.256804       0.2655
FIRE:  12  16:11:25      -92.320577       0.2646
FIRE:  13  16:11:25      -92.400854       0.2629
FIRE:  14  16:11:25      -92.502610       0.2600
FIRE:  15  16:11:25      -92.618748       0.2560
FIRE:  16  16:11:25      -92.741784       0.2514
FIRE:  17  16:11:25      -92.875418       0.2469
FIRE:  18  16:11:25      -93.024348       0.2427
FIRE:  19  16:11:25      -93.194039       0.2395
FIRE:  20  16:11:25      -93.390315       0.2787
FIRE:  21  16:11:25      -93.618862       0.3270
FIRE:  22  16:11:25      -93.884817       0.3796
FIRE:  23  16:11:25      -94.192601       0.4365
FIRE:  24  16:11:25      -94.545970       0.4976
FIRE:  25  16:11:25      -94.948217       0.5628
FIRE:  26  16:11:25      -95.402402       0.6323
FIRE:  27  16:11:25      -95.911981       0.7062
FIRE:  28  16:11:25      -96.479918       0.7856
FIRE:  29  16:11:25      -97.109776       0.8693
FIRE:  30  16:11:25      -97.804487       0.9584
FIRE:  31  16:11:25      -98.567811       1.0533
FIRE:  32  16:11:25      -99.404287       1.1556
FIRE:  33  16:11:25     -100.317590       1.2627
FIRE:  34  16:11:25     -101.311891       1.3769
FIRE:  35  16:11:25     -102.391416       1.4955
FIRE:  36  16:11:25     -103.559414       1.6197
FIRE:  37  16:11:25     -104.817959       1.7449
FIRE:  38  16:11:25     -106.167265       1.8689
FIRE:  39  16:11:25     -107.604990       1.9864
FIRE:  40  16:11:25     -109.124324       2.0891
FIRE:  41  16:11:25     -110.711729       2.1647
FIRE:  42  16:11:25     -112.343766       2.1954
FIRE:  43  16:11:25     -113.982767       2.1560
FIRE:  44  16:11:25     -115.571182       2.0129
FIRE:  45  16:11:25     -117.024884       1.7263
FIRE:  46  16:11:25     -118.227497       1.2784
FIRE:  47  16:11:25     -119.034714       0.9075
FIRE:  48  16:11:25     -119.318622       1.5504
FIRE:  49  16:11:25     -120.388238       1.0788
Steps Limit Exceeded. Structure Maybe Unstable.
Relaxation Completed. Steps: 50
Cell Size Relaxation...
Optimization terminated successfully.
         Current function value: -134.780838
         Iterations: 256
         Function evaluations: 513
Current VFE: -134.780837712
Energy of Supercell: -92.8894206604
Unrelaxed Cell Volume: 23606.0212479
Current Relaxed Cell Volume: 13468.2575907
Current Relaxation Volume: 10137.7636572
Current Cell:
[[  2.37923394e+01   0.00000000e+00   0.00000000e+00]
 [  9.64409662e-04   2.37923381e+01   0.00000000e+00]
 [  5.68659945e-04   7.49612050e-04   2.37923393e+01]]
System Collapsed. Volume significantly changed.
