Imported bulk from ase.lattice
Parameters Input: Cr diamond LennardJones612_UniversalShifted__MO_959249795837_001 [9.56209402513]
CELL_SIZE_MIN: 3
CELL_SIZE_MAX: 5
Smallest System Size: 216
Largest System Size: 1000
Model Cutoff: 9.90679

[Calculation]

Supercell Size: 3
Unrelaxed Cell:
[[ 28.68628208   0.           0.        ]
 [  0.          28.68628208   0.        ]
 [  0.           0.          28.68628208]]
Unrelaxed Cell Vector:
[28.686282075389997, 0.0, 28.686282075389997, 0.0, 0.0, 28.686282075389997]
==========
Loop: 0
Position Relaxation...
FIRE:   0  16:10:53     -137.073188       0.3706
FIRE:   1  16:10:53     -137.078707       0.3707
FIRE:   2  16:10:53     -137.089746       0.3709
FIRE:   3  16:10:53     -137.106312       0.3710
FIRE:   4  16:10:53     -137.128413       0.3712
FIRE:   5  16:10:53     -137.156058       0.3714
FIRE:   6  16:10:53     -137.189264       0.3715
FIRE:   7  16:10:53     -137.228050       0.3715
FIRE:   8  16:10:53     -137.277503       0.3714
FIRE:   9  16:10:53     -137.340193       0.3708
FIRE:  10  16:10:53     -137.419344       0.3697
FIRE:  11  16:10:53     -137.519102       0.3675
FIRE:  12  16:10:53     -137.645041       0.3638
FIRE:  13  16:10:53     -137.801346       0.3579
FIRE:  14  16:10:53     -137.963840       0.3525
FIRE:  15  16:10:53     -138.136859       0.3450
FIRE:  16  16:10:53     -138.324969       0.3376
FIRE:  17  16:10:53     -138.534767       0.3326
FIRE:  18  16:10:53     -138.773369       0.3275
FIRE:  19  16:10:53     -139.047752       0.3833
FIRE:  20  16:10:53     -139.364743       0.4450
FIRE:  21  16:10:53     -139.730222       0.5109
FIRE:  22  16:10:53     -140.148928       0.5805
FIRE:  23  16:10:53     -140.624628       0.6543
FIRE:  24  16:10:53     -141.160503       0.7298
FIRE:  25  16:10:53     -141.758337       0.8075
FIRE:  26  16:10:53     -142.419881       0.8869
FIRE:  27  16:10:53     -143.146498       0.9674
FIRE:  28  16:10:53     -143.939165       1.0482
FIRE:  29  16:10:53     -144.798390       1.1284
FIRE:  30  16:10:53     -145.724086       1.2069
FIRE:  31  16:10:53     -146.715385       1.2820
FIRE:  32  16:10:53     -147.770361       1.3520
FIRE:  33  16:10:53     -148.885798       1.4143
FIRE:  34  16:10:53     -150.057305       1.4673
FIRE:  35  16:10:53     -151.278177       1.5067
FIRE:  36  16:10:53     -152.539176       1.5276
FIRE:  37  16:10:53     -153.828639       1.5281
FIRE:  38  16:10:53     -155.132922       1.5066
FIRE:  39  16:10:53     -156.436807       1.4652
FIRE:  40  16:10:53     -157.725018       1.4127
FIRE:  41  16:10:53     -158.984817       1.3686
FIRE:  42  16:10:53     -160.209447       1.3617
FIRE:  43  16:10:53     -161.401223       1.4147
FIRE:  44  16:10:53     -162.568804       1.5177
FIRE:  45  16:10:53     -163.716413       1.6153
FIRE:  46  16:10:53     -164.818680       1.6114
FIRE:  47  16:10:53     -165.780471       1.3937
FIRE:  48  16:10:53     -166.394508       0.8716
FIRE:  49  16:10:53     -166.318343       1.2044
Steps Limit Exceeded. Structure Maybe Unstable.
Relaxation Completed. Steps: 50
Cell Size Relaxation...
Optimization terminated successfully.
         Current function value: -117.522541
         Iterations: 245
         Function evaluations: 504
Current VFE: -117.522541014
Energy of Supercell: -138.35424586
Unrelaxed Cell Volume: 23606.0212479
Current Relaxed Cell Volume: 15271.6103955
Current Relaxation Volume: 8334.41085238
Current Cell:
[[  2.48100865e+01   0.00000000e+00   0.00000000e+00]
 [  4.38943044e-04   2.48100862e+01   0.00000000e+00]
 [  7.39392674e-04   7.35756193e-04   2.48100868e+01]]
System Collapsed. Volume significantly changed.
