Imported bulk from ase.lattice
Parameters Input: Al hcp EAM_Dynamo_Mishin_Farkas_Al__MO_651801486679_001 [2.819112865370902, 4.944507015216297]

[Calculation]

Supercell Size: 3
Unrelaxed Cell:
[[  8.4573386    0.           0.        ]
 [ -4.2286693    7.32427007   0.        ]
 [  0.           0.          14.83352105]]
Unrelaxed Cell Vector:
[8.4573385961127059, -4.2286692980563529, 7.324270072640223, 0.0, 0.0, 14.833521045648892]
Vacancy Formation Energy (Cell Structure Relaxation): 0.7829148334 Size:  3
Vacancy Formation Energy (Cell Structure Relaxation): 1.73097093654 Size:  3
Vacancy Formation Energy (Cell Structure Relaxation): 0.849643985208 Size:  3
Vacancy Formation Energy (Cell Structure Relaxation): 1.66064954691 Size:  3
Vacancy Formation Energy (Cell Structure Relaxation): 0.776606017072 Size:  3
Vacancy Formation Energy (Cell Structure Relaxation): 0.776606017183 Size:  3
Vacancy Formation Energy (Cell Structure Relaxation): 1.68319822875 Size:  3
Vacancy Formation Energy (Cell Structure Relaxation): 1.65655766737 Size:  3
Vacancy Formation Energy (Cell Structure Relaxation): 1.07314271549 Size:  3
Vacancy Formation Energy (Cell Structure Relaxation): 1.81817227542 Size:  3
Vacancy Formation Energy (Cell Structure Relaxation): 1.04033542673 Size:  3
Vacancy Formation Energy (Cell Structure Relaxation): 1.21251132891 Size:  3
Vacancy Formation Energy (Cell Structure Relaxation): 0.876734409462 Size:  3
Vacancy Formation Energy (Cell Structure Relaxation): 1.52658199857 Size:  3
Vacancy Formation Energy (Cell Structure Relaxation): 0.818285332132 Size:  3
Vacancy Formation Energy (Cell Structure Relaxation): 0.875617267287 Size:  3
Vacancy Formation Energy (Cell Structure Relaxation): 0.904665671164 Size:  3
Vacancy Formation Energy (Cell Structure Relaxation): 0.787363050967 Size:  3
Vacancy Formation Energy (Cell Structure Relaxation): 1.02329951772 Size:  3
Vacancy Formation Energy (Cell Structure Relaxation): 0.768822355487 Size:  3
Vacancy Formation Energy (Cell Structure Relaxation): 0.789802696325 Size:  3
Vacancy Formation Energy (Cell Structure Relaxation): 0.941975567778 Size:  3
Vacancy Formation Energy (Cell Structure Relaxation): 0.759650777247 Size:  3
Vacancy Formation Energy (Cell Structure Relaxation): 0.846618691045 Size:  3
Vacancy Formation Energy (Cell Structure Relaxation): 0.758581904568 Size:  3
Vacancy Formation Energy (Cell Structure Relaxation): 0.768111046786 Size:  3
Vacancy Formation Energy (Cell Structure Relaxation): 0.744185921463 Size:  3
Vacancy Formation Energy (Cell Structure Relaxation): 0.75495005591 Size:  3
Vacancy Formation Energy (Cell Structure Relaxation): 0.749509607008 Size:  3
Vacancy Formation Energy (Cell Structure Relaxation): 0.768155419787 Size:  3
Vacancy Formation Energy (Cell Structure Relaxation): 0.778721101261 Size:  3
Vacancy Formation Energy (Cell Structure Relaxation): 0.748990682624 Size:  3
Vacancy Formation Energy (Cell Structure Relaxation): 0.773255831663 Size:  3
Vacancy Formation Energy (Cell Structure Relaxation): 0.749363690809 Size:  3
Vacancy Formation Energy (Cell Structure Relaxation): 0.782018492711 Size:  3
Vacancy Formation Energy (Cell Structure Relaxation): 0.748267342898 Size:  3
Vacancy Formation Energy (Cell Structure Relaxation): 0.770687638979 Size:  3
Vacancy Formation Energy (Cell Structure Relaxation): 0.746617766338 Size:  3
Vacancy Formation Energy (Cell Structure Relaxation): 0.773948905591 Size:  3
Vacancy Formation Energy (Cell Structure Relaxation): 0.746199597564 Size:  3
Vacancy Formation Energy (Cell Structure Relaxation): 0.746713986129 Size:  3
Vacancy Formation Energy (Cell Structure Relaxation): 0.753317577585 Size:  3
Vacancy Formation Energy (Cell Structure Relaxation): 0.744705423838 Size:  3
Vacancy Formation Energy (Cell Structure Relaxation): 0.751735113511 Size:  3
Vacancy Formation Energy (Cell Structure Relaxation): 0.744739862678 Size:  3
Vacancy Formation Energy (Cell Structure Relaxation): 0.749149795134 Size:  3
Vacancy Formation Energy (Cell Structure Relaxation): 0.744710240057 Size:  3
Vacancy Formation Energy (Cell Structure Relaxation): 0.747247291031 Size:  3
Vacancy Formation Energy (Cell Structure Relaxation): 0.744401492268 Size:  3
Vacancy Formation Energy (Cell Structure Relaxation): 0.748726965495 Size:  3
Vacancy Formation Energy (Cell Structure Relaxation): 0.744249878376 Size:  3
Vacancy Formation Energy (Cell Structure Relaxation): 0.747622080609 Size:  3
Vacancy Formation Energy (Cell Structure Relaxation): 0.744209418917 Size:  3
Vacancy Formation Energy (Cell Structure Relaxation): 0.744959118994 Size:  3
Vacancy Formation Energy (Cell Structure Relaxation): 0.743950553033 Size:  3
Vacancy Formation Energy (Cell Structure Relaxation): 0.745006850628 Size:  3
Vacancy Formation Energy (Cell Structure Relaxation): 0.743930389091 Size:  3
Vacancy Formation Energy (Cell Structure Relaxation): 0.745389403021 Size:  3
Vacancy Formation Energy (Cell Structure Relaxation): 0.743895709678 Size:  3
Vacancy Formation Energy (Cell Structure Relaxation): 0.744598939196 Size:  3
Vacancy Formation Energy (Cell Structure Relaxation): 0.743865605337 Size:  3
Vacancy Formation Energy (Cell Structure Relaxation): 0.744824126472 Size:  3
Vacancy Formation Energy (Cell Structure Relaxation): 0.743798614132 Size:  3
Vacancy Formation Energy (Cell Structure Relaxation): 0.744611876136 Size:  3
Vacancy Formation Energy (Cell Structure Relaxation): 0.743808132077 Size:  3
Vacancy Formation Energy (Cell Structure Relaxation): 0.744007699043 Size:  3
Vacancy Formation Energy (Cell Structure Relaxation): 0.743797396094 Size:  3
Vacancy Formation Energy (Cell Structure Relaxation): 0.744053869287 Size:  3
Vacancy Formation Energy (Cell Structure Relaxation): 0.743770762041 Size:  3
Vacancy Formation Energy (Cell Structure Relaxation): 0.743921885441 Size:  3
Vacancy Formation Energy (Cell Structure Relaxation): 0.743770633715 Size:  3
Vacancy Formation Energy (Cell Structure Relaxation): 0.744237539702 Size:  3
Vacancy Formation Energy (Cell Structure Relaxation): 0.7437361317 Size:  3
Vacancy Formation Energy (Cell Structure Relaxation): 0.743820082254 Size:  3
Vacancy Formation Energy (Cell Structure Relaxation): 0.743742154773 Size:  3
Vacancy Formation Energy (Cell Structure Relaxation): 0.743814396635 Size:  3
Vacancy Formation Energy (Cell Structure Relaxation): 0.743742241388 Size:  3
Vacancy Formation Energy (Cell Structure Relaxation): 0.743851582917 Size:  3
Vacancy Formation Energy (Cell Structure Relaxation): 0.743735525042 Size:  3
Vacancy Formation Energy (Cell Structure Relaxation): 0.74386754663 Size:  3
Vacancy Formation Energy (Cell Structure Relaxation): 0.743734064939 Size:  3
Vacancy Formation Energy (Cell Structure Relaxation): 0.743823174434 Size:  3
Vacancy Formation Energy (Cell Structure Relaxation): 0.743729851816 Size:  3
Vacancy Formation Energy (Cell Structure Relaxation): 0.743727993411 Size:  3
Vacancy Formation Energy (Cell Structure Relaxation): 0.743795256373 Size:  3
Vacancy Formation Energy (Cell Structure Relaxation): 0.743741324814 Size:  3
Vacancy Formation Energy (Cell Structure Relaxation): 0.743741569347 Size:  3
Vacancy Formation Energy (Cell Structure Relaxation): 0.743722842024 Size:  3
Vacancy Formation Energy (Cell Structure Relaxation): 0.743739395953 Size:  3
Vacancy Formation Energy (Cell Structure Relaxation): 0.743721747558 Size:  3
Vacancy Formation Energy (Cell Structure Relaxation): 0.743766348693 Size:  3
Vacancy Formation Energy (Cell Structure Relaxation): 0.743718541584 Size:  3
Vacancy Formation Energy (Cell Structure Relaxation): 0.743756086182 Size:  3
Vacancy Formation Energy (Cell Structure Relaxation): 0.743719592497 Size:  3
Vacancy Formation Energy (Cell Structure Relaxation): 0.743733944147 Size:  3
Vacancy Formation Energy (Cell Structure Relaxation): 0.743721026259 Size:  3
Vacancy Formation Energy (Cell Structure Relaxation): 0.743728028794 Size:  3
Vacancy Formation Energy (Cell Structure Relaxation): 0.743719108012 Size:  3
Vacancy Formation Energy (Cell Structure Relaxation): 0.743725421757 Size:  3
Vacancy Formation Energy (Cell Structure Relaxation): 0.743718065113 Size:  3
Vacancy Formation Energy (Cell Structure Relaxation): 0.743720796699 Size:  3
Vacancy Formation Energy (Cell Structure Relaxation): 0.743727838023 Size:  3
Vacancy Formation Energy (Cell Structure Relaxation): 0.743716648976 Size:  3
Vacancy Formation Energy (Cell Structure Relaxation): 0.743724204798 Size:  3
Vacancy Formation Energy (Cell Structure Relaxation): 0.743716769644 Size:  3
Vacancy Formation Energy (Cell Structure Relaxation): 0.743722021002 Size:  3
Vacancy Formation Energy (Cell Structure Relaxation): 0.743716878126 Size:  3
Vacancy Formation Energy (Cell Structure Relaxation): 0.743719920565 Size:  3
Vacancy Formation Energy (Cell Structure Relaxation): 0.743716633126 Size:  3
Vacancy Formation Energy (Cell Structure Relaxation): 0.743725216094 Size:  3
Vacancy Formation Energy (Cell Structure Relaxation): 0.743716028036 Size:  3
Vacancy Formation Energy (Cell Structure Relaxation): 0.743719000437 Size:  3
Vacancy Formation Energy (Cell Structure Relaxation): 0.74371643268 Size:  3
Vacancy Formation Energy (Cell Structure Relaxation): 0.74371686388 Size:  3
Vacancy Formation Energy (Cell Structure Relaxation): 0.743716879315 Size:  3
Vacancy Formation Energy (Cell Structure Relaxation): 0.743715925044 Size:  3
Vacancy Formation Energy (Cell Structure Relaxation): 0.74371789902 Size:  3
Vacancy Formation Energy (Cell Structure Relaxation): 0.743715825868 Size:  3
Vacancy Formation Energy (Cell Structure Relaxation): 0.743716679342 Size:  3
Vacancy Formation Energy (Cell Structure Relaxation): 0.743715854866 Size:  3
Vacancy Formation Energy (Cell Structure Relaxation): 0.743717513237 Size:  3
Vacancy Formation Energy (Cell Structure Relaxation): 0.743715776447 Size:  3
Vacancy Formation Energy (Cell Structure Relaxation): 0.743716718411 Size:  3
Vacancy Formation Energy (Cell Structure Relaxation): 0.743715840268 Size:  3
Vacancy Formation Energy (Cell Structure Relaxation): 0.743716369868 Size:  3
Vacancy Formation Energy (Cell Structure Relaxation): 0.743715763011 Size:  3
Vacancy Formation Energy (Cell Structure Relaxation): 0.743716816608 Size:  3
Vacancy Formation Energy (Cell Structure Relaxation): 0.743715618119 Size:  3
Vacancy Formation Energy (Cell Structure Relaxation): 0.743715902665 Size:  3
Vacancy Formation Energy (Cell Structure Relaxation): 0.743715658273 Size:  3
Vacancy Formation Energy (Cell Structure Relaxation): 0.743715640059 Size:  3
Vacancy Formation Energy (Cell Structure Relaxation): 0.743715941352 Size:  3
Vacancy Formation Energy (Cell Structure Relaxation): 0.743715610723 Size:  3
Vacancy Formation Energy (Cell Structure Relaxation): 0.743716289762 Size:  3
Vacancy Formation Energy (Cell Structure Relaxation): 0.743715577765 Size:  3
Vacancy Formation Energy (Cell Structure Relaxation): 0.743715976156 Size:  3
Vacancy Formation Energy (Cell Structure Relaxation): 0.743715593836 Size:  3
Vacancy Formation Energy (Cell Structure Relaxation): 0.743715667882 Size:  3
Vacancy Formation Energy (Cell Structure Relaxation): 0.743715567966 Size:  3
Vacancy Formation Energy (Cell Structure Relaxation): 0.743715664401 Size:  3
Vacancy Formation Energy (Cell Structure Relaxation): 0.743715573343 Size:  3
Vacancy Formation Energy (Cell Structure Relaxation): 0.743715653631 Size:  3
Vacancy Formation Energy (Cell Structure Relaxation): 0.743715567305 Size:  3
Vacancy Formation Energy (Cell Structure Relaxation): 0.743715581669 Size:  3
Vacancy Formation Energy (Cell Structure Relaxation): 0.743715622721 Size:  3
Vacancy Formation Energy (Cell Structure Relaxation): 0.74371555575 Size:  3
Vacancy Formation Energy (Cell Structure Relaxation): 0.743715619562 Size:  3
Vacancy Formation Energy (Cell Structure Relaxation): 0.743715550141 Size:  3
Vacancy Formation Energy (Cell Structure Relaxation): 0.743715631871 Size:  3
Vacancy Formation Energy (Cell Structure Relaxation): 0.743715545298 Size:  3
Vacancy Formation Energy (Cell Structure Relaxation): 0.743715626966 Size:  3
Vacancy Formation Energy (Cell Structure Relaxation): 0.743715545067 Size:  3
Vacancy Formation Energy (Cell Structure Relaxation): 0.743715573323 Size:  3
Vacancy Formation Energy (Cell Structure Relaxation): 0.743715548511 Size:  3
Vacancy Formation Energy (Cell Structure Relaxation): 0.743715557424 Size:  3
Vacancy Formation Energy (Cell Structure Relaxation): 0.743715594182 Size:  3
Vacancy Formation Energy (Cell Structure Relaxation): 0.74371554346 Size:  3
Vacancy Formation Energy (Cell Structure Relaxation): 0.743715559737 Size:  3
Vacancy Formation Energy (Cell Structure Relaxation): 0.743715543322 Size:  3
Vacancy Formation Energy (Cell Structure Relaxation): 0.743715556476 Size:  3
Vacancy Formation Energy (Cell Structure Relaxation): 0.743715542888 Size:  3
Vacancy Formation Energy (Cell Structure Relaxation): 0.743715551538 Size:  3
Vacancy Formation Energy (Cell Structure Relaxation): 0.743715541337 Size:  3
Vacancy Formation Energy (Cell Structure Relaxation): 0.743715553258 Size:  3
Vacancy Formation Energy (Cell Structure Relaxation): 0.743715540588 Size:  3
Vacancy Formation Energy (Cell Structure Relaxation): 0.743715545173 Size:  3
Vacancy Formation Energy (Cell Structure Relaxation): 0.743715540139 Size:  3
Vacancy Formation Energy (Cell Structure Relaxation): 0.743715554184 Size:  3
Vacancy Formation Energy (Cell Structure Relaxation): 0.743715539338 Size:  3
Vacancy Formation Energy (Cell Structure Relaxation): 0.74371554577 Size:  3
Vacancy Formation Energy (Cell Structure Relaxation): 0.743715539618 Size:  3
Vacancy Formation Energy (Cell Structure Relaxation): 0.743715544943 Size:  3
Vacancy Formation Energy (Cell Structure Relaxation): 0.743715539632 Size:  3
Vacancy Formation Energy (Cell Structure Relaxation): 0.743715541424 Size:  3
Vacancy Formation Energy (Cell Structure Relaxation): 0.74371553902 Size:  3
Vacancy Formation Energy (Cell Structure Relaxation): 0.74371554444 Size:  3
Vacancy Formation Energy (Cell Structure Relaxation): 0.743715538868 Size:  3
Vacancy Formation Energy (Cell Structure Relaxation): 0.743715542004 Size:  3
Vacancy Formation Energy (Cell Structure Relaxation): 0.743715538858 Size:  3
Vacancy Formation Energy (Cell Structure Relaxation): 0.743715539608 Size:  3
Vacancy Formation Energy (Cell Structure Relaxation): 0.743715541564 Size:  3
Vacancy Formation Energy (Cell Structure Relaxation): 0.743715538542 Size:  3
Vacancy Formation Energy (Cell Structure Relaxation): 0.743715539287 Size:  3
Vacancy Formation Energy (Cell Structure Relaxation): 0.743715539181 Size:  3
Vacancy Formation Energy (Cell Structure Relaxation): 0.743715539316 Size:  3
Vacancy Formation Energy (Cell Structure Relaxation): 0.743715538561 Size:  3
Vacancy Formation Energy (Cell Structure Relaxation): 0.743715539962 Size:  3
Vacancy Formation Energy (Cell Structure Relaxation): 0.74371553849 Size:  3
Vacancy Formation Energy (Cell Structure Relaxation): 0.743715540395 Size:  3
Vacancy Formation Energy (Cell Structure Relaxation): 0.743715538428 Size:  3
Vacancy Formation Energy (Cell Structure Relaxation): 0.743715539548 Size:  3
Vacancy Formation Energy (Cell Structure Relaxation): 0.74371553846 Size:  3
Vacancy Formation Energy (Cell Structure Relaxation): 0.743715538797 Size:  3
Vacancy Formation Energy (Cell Structure Relaxation): 0.743715538653 Size:  3
Vacancy Formation Energy (Cell Structure Relaxation): 0.743715539202 Size:  3
Vacancy Formation Energy (Cell Structure Relaxation): 0.74371553839 Size:  3
Vacancy Formation Energy (Cell Structure Relaxation): 0.74371553875 Size:  3
Vacancy Formation Energy (Cell Structure Relaxation): 0.743715538384 Size:  3
Vacancy Formation Energy (Cell Structure Relaxation): 0.743715538552 Size:  3
Vacancy Formation Energy (Cell Structure Relaxation): 0.743715538365 Size:  3
Optimization terminated successfully.
         Current function value: 0.743716
         Iterations: 107
         Function evaluations: 200
Summary:
Vacancy Formation Energy: 0.743715538365
Unrelaxed Cell Volume: 918.84513523
Relaxed Cell Volume: 906.964573265
Relaxation Volume: 11.8805619649
Relaxed Cell Vector:
[  8.44930077e+00  -4.22504686e+00   7.31718622e+00   1.22648479e-04
   1.49108893e-04   1.46698423e+01]
Unrelaxed Cell Vector:
[8.4573385961127059, -4.2286692980563529, 7.324270072640223, 0.0, 0.0, 14.833521045648892]
Relaxed Cell:
[[  8.44930077e+00   0.00000000e+00   0.00000000e+00]
 [ -4.22504686e+00   7.31718622e+00   0.00000000e+00]
 [  1.22648479e-04   1.49108893e-04   1.46698423e+01]]
Unrelaxed Cell:
[[  8.4573386    0.           0.        ]
 [ -4.2286693    7.32427007   0.        ]
 [  0.           0.          14.83352105]]

Supercell Size: 4
Unrelaxed Cell:
[[ 11.27645146   0.           0.        ]
 [ -5.63822573   9.76569343   0.        ]
 [  0.           0.          19.77802806]]
Unrelaxed Cell Vector:
[11.276451461483608, -5.6382257307418042, 9.765693430186964, 0.0, 0.0, 19.778028060865189]
Vacancy Formation Energy (Cell Structure Relaxation): 0.756958199214 Size:  4
Vacancy Formation Energy (Cell Structure Relaxation): 2.82553282025 Size:  4
Vacancy Formation Energy (Cell Structure Relaxation): 0.923819938571 Size:  4
Vacancy Formation Energy (Cell Structure Relaxation): 2.65797986001 Size:  4
Vacancy Formation Energy (Cell Structure Relaxation): 0.752351172773 Size:  4
Vacancy Formation Energy (Cell Structure Relaxation): 0.752351172769 Size:  4
Vacancy Formation Energy (Cell Structure Relaxation): 2.65135464967 Size:  4
Vacancy Formation Energy (Cell Structure Relaxation): 2.94775426679 Size:  4
Vacancy Formation Energy (Cell Structure Relaxation): 1.52529126735 Size:  4
Vacancy Formation Energy (Cell Structure Relaxation): 2.38090760712 Size:  4
Vacancy Formation Energy (Cell Structure Relaxation): 1.61797575702 Size:  4
Vacancy Formation Energy (Cell Structure Relaxation): 1.91568118381 Size:  4
Vacancy Formation Energy (Cell Structure Relaxation): 1.07200774881 Size:  4
Vacancy Formation Energy (Cell Structure Relaxation): 2.78707928701 Size:  4
Vacancy Formation Energy (Cell Structure Relaxation): 0.898982707006 Size:  4
Vacancy Formation Energy (Cell Structure Relaxation): 1.43434192716 Size:  4
Vacancy Formation Energy (Cell Structure Relaxation): 0.899946519229 Size:  4
Vacancy Formation Energy (Cell Structure Relaxation): 1.19089161163 Size:  4
Vacancy Formation Energy (Cell Structure Relaxation): 0.830215979134 Size:  4
Vacancy Formation Energy (Cell Structure Relaxation): 0.859399836365 Size:  4
Vacancy Formation Energy (Cell Structure Relaxation): 0.94692695169 Size:  4
Vacancy Formation Energy (Cell Structure Relaxation): 0.775824532173 Size:  4
Vacancy Formation Energy (Cell Structure Relaxation): 0.943900656614 Size:  4
Vacancy Formation Energy (Cell Structure Relaxation): 0.775972507135 Size:  4
Vacancy Formation Energy (Cell Structure Relaxation): 0.909550826952 Size:  4
Vacancy Formation Energy (Cell Structure Relaxation): 0.766412095094 Size:  4
Vacancy Formation Energy (Cell Structure Relaxation): 0.808495308821 Size:  4
Vacancy Formation Energy (Cell Structure Relaxation): 0.752271903145 Size:  4
Vacancy Formation Energy (Cell Structure Relaxation): 0.789514205013 Size:  4
Vacancy Formation Energy (Cell Structure Relaxation): 0.746150573796 Size:  4
Vacancy Formation Energy (Cell Structure Relaxation): 0.806302879566 Size:  4
Vacancy Formation Energy (Cell Structure Relaxation): 0.744125655596 Size:  4
Vacancy Formation Energy (Cell Structure Relaxation): 0.782303592194 Size:  4
Vacancy Formation Energy (Cell Structure Relaxation): 0.743695721527 Size:  4
Vacancy Formation Energy (Cell Structure Relaxation): 0.749470805164 Size:  4
Vacancy Formation Energy (Cell Structure Relaxation): 0.770083123999 Size:  4
Vacancy Formation Energy (Cell Structure Relaxation): 0.739075707513 Size:  4
Vacancy Formation Energy (Cell Structure Relaxation): 0.779220932829 Size:  4
Vacancy Formation Energy (Cell Structure Relaxation): 0.738678564279 Size:  4
Vacancy Formation Energy (Cell Structure Relaxation): 0.754114326221 Size:  4
Vacancy Formation Energy (Cell Structure Relaxation): 0.74202758688 Size:  4
Vacancy Formation Energy (Cell Structure Relaxation): 0.741728202366 Size:  4
Vacancy Formation Energy (Cell Structure Relaxation): 0.746718701081 Size:  4
Vacancy Formation Energy (Cell Structure Relaxation): 0.739830294789 Size:  4
Vacancy Formation Energy (Cell Structure Relaxation): 0.749866838027 Size:  4
Vacancy Formation Energy (Cell Structure Relaxation): 0.738827208903 Size:  4
Vacancy Formation Energy (Cell Structure Relaxation): 0.743436354189 Size:  4
Vacancy Formation Energy (Cell Structure Relaxation): 0.739092702293 Size:  4
Vacancy Formation Energy (Cell Structure Relaxation): 0.745974896523 Size:  4
Vacancy Formation Energy (Cell Structure Relaxation): 0.738419395979 Size:  4
Vacancy Formation Energy (Cell Structure Relaxation): 0.741743530912 Size:  4
Vacancy Formation Energy (Cell Structure Relaxation): 0.738706251338 Size:  4
Vacancy Formation Energy (Cell Structure Relaxation): 0.742555718852 Size:  4
Vacancy Formation Energy (Cell Structure Relaxation): 0.738012626003 Size:  4
Vacancy Formation Energy (Cell Structure Relaxation): 0.738828836336 Size:  4
Vacancy Formation Energy (Cell Structure Relaxation): 0.739034583406 Size:  4
Vacancy Formation Energy (Cell Structure Relaxation): 0.738030315504 Size:  4
Vacancy Formation Energy (Cell Structure Relaxation): 0.738628669944 Size:  4
Vacancy Formation Energy (Cell Structure Relaxation): 0.739876603987 Size:  4
Vacancy Formation Energy (Cell Structure Relaxation): 0.737864640833 Size:  4
Vacancy Formation Energy (Cell Structure Relaxation): 0.73948028228 Size:  4
Vacancy Formation Energy (Cell Structure Relaxation): 0.737866033449 Size:  4
Vacancy Formation Energy (Cell Structure Relaxation): 0.739868831813 Size:  4
Vacancy Formation Energy (Cell Structure Relaxation): 0.737831124509 Size:  4
Vacancy Formation Energy (Cell Structure Relaxation): 0.738808230442 Size:  4
Vacancy Formation Energy (Cell Structure Relaxation): 0.737913175826 Size:  4
Vacancy Formation Energy (Cell Structure Relaxation): 0.738424072466 Size:  4
Vacancy Formation Energy (Cell Structure Relaxation): 0.737871378034 Size:  4
Vacancy Formation Energy (Cell Structure Relaxation): 0.738118515428 Size:  4
Vacancy Formation Energy (Cell Structure Relaxation): 0.737766347665 Size:  4
Vacancy Formation Energy (Cell Structure Relaxation): 0.737897435888 Size:  4
Vacancy Formation Energy (Cell Structure Relaxation): 0.737783140355 Size:  4
Vacancy Formation Energy (Cell Structure Relaxation): 0.738028280411 Size:  4
Vacancy Formation Energy (Cell Structure Relaxation): 0.737702318162 Size:  4
Vacancy Formation Energy (Cell Structure Relaxation): 0.737920711761 Size:  4
Vacancy Formation Energy (Cell Structure Relaxation): 0.737702805944 Size:  4
Vacancy Formation Energy (Cell Structure Relaxation): 0.737923198892 Size:  4
Vacancy Formation Energy (Cell Structure Relaxation): 0.737699584734 Size:  4
Vacancy Formation Energy (Cell Structure Relaxation): 0.738147685457 Size:  4
Vacancy Formation Energy (Cell Structure Relaxation): 0.737680467899 Size:  4
Vacancy Formation Energy (Cell Structure Relaxation): 0.737835341104 Size:  4
Vacancy Formation Energy (Cell Structure Relaxation): 0.737697975649 Size:  4
Vacancy Formation Energy (Cell Structure Relaxation): 0.73783433002 Size:  4
Vacancy Formation Energy (Cell Structure Relaxation): 0.737681186956 Size:  4
Vacancy Formation Energy (Cell Structure Relaxation): 0.737842385972 Size:  4
Vacancy Formation Energy (Cell Structure Relaxation): 0.737674932641 Size:  4
Vacancy Formation Energy (Cell Structure Relaxation): 0.737698347749 Size:  4
Vacancy Formation Energy (Cell Structure Relaxation): 0.737728884131 Size:  4
Vacancy Formation Energy (Cell Structure Relaxation): 0.737663548509 Size:  4
Vacancy Formation Energy (Cell Structure Relaxation): 0.737668379324 Size:  4
Vacancy Formation Energy (Cell Structure Relaxation): 0.737734395273 Size:  4
Vacancy Formation Energy (Cell Structure Relaxation): 0.73765851368 Size:  4
Vacancy Formation Energy (Cell Structure Relaxation): 0.737715450933 Size:  4
Vacancy Formation Energy (Cell Structure Relaxation): 0.737660085011 Size:  4
Vacancy Formation Energy (Cell Structure Relaxation): 0.737678251289 Size:  4
Vacancy Formation Energy (Cell Structure Relaxation): 0.737677588418 Size:  4
Vacancy Formation Energy (Cell Structure Relaxation): 0.737717190522 Size:  4
Vacancy Formation Energy (Cell Structure Relaxation): 0.737652965375 Size:  4
Vacancy Formation Energy (Cell Structure Relaxation): 0.73767162956 Size:  4
Vacancy Formation Energy (Cell Structure Relaxation): 0.737665808848 Size:  4
Vacancy Formation Energy (Cell Structure Relaxation): 0.737703301935 Size:  4
Vacancy Formation Energy (Cell Structure Relaxation): 0.737650861831 Size:  4
Vacancy Formation Energy (Cell Structure Relaxation): 0.737704468824 Size:  4
Vacancy Formation Energy (Cell Structure Relaxation): 0.737650165105 Size:  4
Vacancy Formation Energy (Cell Structure Relaxation): 0.737664025369 Size:  4
Vacancy Formation Energy (Cell Structure Relaxation): 0.737652190926 Size:  4
Vacancy Formation Energy (Cell Structure Relaxation): 0.737665034549 Size:  4
Vacancy Formation Energy (Cell Structure Relaxation): 0.737651953866 Size:  4
Vacancy Formation Energy (Cell Structure Relaxation): 0.737656577086 Size:  4
Vacancy Formation Energy (Cell Structure Relaxation): 0.737675615796 Size:  4
Vacancy Formation Energy (Cell Structure Relaxation): 0.737649028445 Size:  4
Vacancy Formation Energy (Cell Structure Relaxation): 0.737657778106 Size:  4
Vacancy Formation Energy (Cell Structure Relaxation): 0.737650068628 Size:  4
Vacancy Formation Energy (Cell Structure Relaxation): 0.737651545598 Size:  4
Vacancy Formation Energy (Cell Structure Relaxation): 0.737650999757 Size:  4
Vacancy Formation Energy (Cell Structure Relaxation): 0.737659668828 Size:  4
Vacancy Formation Energy (Cell Structure Relaxation): 0.737648116379 Size:  4
Vacancy Formation Energy (Cell Structure Relaxation): 0.737651923614 Size:  4
Vacancy Formation Energy (Cell Structure Relaxation): 0.737648715766 Size:  4
Vacancy Formation Energy (Cell Structure Relaxation): 0.737652215546 Size:  4
Vacancy Formation Energy (Cell Structure Relaxation): 0.737648486664 Size:  4
Vacancy Formation Energy (Cell Structure Relaxation): 0.737650486349 Size:  4
Vacancy Formation Energy (Cell Structure Relaxation): 0.737648380058 Size:  4
Vacancy Formation Energy (Cell Structure Relaxation): 0.737650018553 Size:  4
Vacancy Formation Energy (Cell Structure Relaxation): 0.737655587063 Size:  4
Vacancy Formation Energy (Cell Structure Relaxation): 0.737647840519 Size:  4
Vacancy Formation Energy (Cell Structure Relaxation): 0.737649841474 Size:  4
Vacancy Formation Energy (Cell Structure Relaxation): 0.737648279533 Size:  4
Vacancy Formation Energy (Cell Structure Relaxation): 0.737649907114 Size:  4
Vacancy Formation Energy (Cell Structure Relaxation): 0.73764801401 Size:  4
Vacancy Formation Energy (Cell Structure Relaxation): 0.737647903276 Size:  4
Vacancy Formation Energy (Cell Structure Relaxation): 0.737648266268 Size:  4
Vacancy Formation Energy (Cell Structure Relaxation): 0.737647811195 Size:  4
Vacancy Formation Energy (Cell Structure Relaxation): 0.73764901076 Size:  4
Vacancy Formation Energy (Cell Structure Relaxation): 0.737648980202 Size:  4
Vacancy Formation Energy (Cell Structure Relaxation): 0.737647681875 Size:  4
Vacancy Formation Energy (Cell Structure Relaxation): 0.737648046835 Size:  4
Vacancy Formation Energy (Cell Structure Relaxation): 0.737648526083 Size:  4
Vacancy Formation Energy (Cell Structure Relaxation): 0.73764764943 Size:  4
Vacancy Formation Energy (Cell Structure Relaxation): 0.737648063555 Size:  4
Vacancy Formation Energy (Cell Structure Relaxation): 0.737647666161 Size:  4
Vacancy Formation Energy (Cell Structure Relaxation): 0.737648282166 Size:  4
Vacancy Formation Energy (Cell Structure Relaxation): 0.737647633287 Size:  4
Vacancy Formation Energy (Cell Structure Relaxation): 0.737647933849 Size:  4
Vacancy Formation Energy (Cell Structure Relaxation): 0.737647626202 Size:  4
Vacancy Formation Energy (Cell Structure Relaxation): 0.73764794965 Size:  4
Vacancy Formation Energy (Cell Structure Relaxation): 0.737647601762 Size:  4
Vacancy Formation Energy (Cell Structure Relaxation): 0.737648126107 Size:  4
Vacancy Formation Energy (Cell Structure Relaxation): 0.737647577634 Size:  4
Vacancy Formation Energy (Cell Structure Relaxation): 0.737647806872 Size:  4
Vacancy Formation Energy (Cell Structure Relaxation): 0.737647565895 Size:  4
Vacancy Formation Energy (Cell Structure Relaxation): 0.737647665795 Size:  4
Vacancy Formation Energy (Cell Structure Relaxation): 0.737647572942 Size:  4
Vacancy Formation Energy (Cell Structure Relaxation): 0.737647624238 Size:  4
Vacancy Formation Energy (Cell Structure Relaxation): 0.737647688687 Size:  4
Vacancy Formation Energy (Cell Structure Relaxation): 0.737647556827 Size:  4
Vacancy Formation Energy (Cell Structure Relaxation): 0.737647643698 Size:  4
Vacancy Formation Energy (Cell Structure Relaxation): 0.737647558225 Size:  4
Vacancy Formation Energy (Cell Structure Relaxation): 0.73764761717 Size:  4
Vacancy Formation Energy (Cell Structure Relaxation): 0.737647555501 Size:  4
Vacancy Formation Energy (Cell Structure Relaxation): 0.737647677917 Size:  4
Vacancy Formation Energy (Cell Structure Relaxation): 0.737647545694 Size:  4
Vacancy Formation Energy (Cell Structure Relaxation): 0.737647629614 Size:  4
Vacancy Formation Energy (Cell Structure Relaxation): 0.737647542835 Size:  4
Vacancy Formation Energy (Cell Structure Relaxation): 0.737647571469 Size:  4
Vacancy Formation Energy (Cell Structure Relaxation): 0.737647545856 Size:  4
Vacancy Formation Energy (Cell Structure Relaxation): 0.737647587126 Size:  4
Vacancy Formation Energy (Cell Structure Relaxation): 0.737647542638 Size:  4
Vacancy Formation Energy (Cell Structure Relaxation): 0.737647547004 Size:  4
Vacancy Formation Energy (Cell Structure Relaxation): 0.737647553078 Size:  4
Vacancy Formation Energy (Cell Structure Relaxation): 0.73764757154 Size:  4
Vacancy Formation Energy (Cell Structure Relaxation): 0.737647539102 Size:  4
Vacancy Formation Energy (Cell Structure Relaxation): 0.737647555228 Size:  4
Vacancy Formation Energy (Cell Structure Relaxation): 0.737647539739 Size:  4
Vacancy Formation Energy (Cell Structure Relaxation): 0.737647560087 Size:  4
Vacancy Formation Energy (Cell Structure Relaxation): 0.737647537306 Size:  4
Vacancy Formation Energy (Cell Structure Relaxation): 0.737647543812 Size:  4
Vacancy Formation Energy (Cell Structure Relaxation): 0.737647558784 Size:  4
Vacancy Formation Energy (Cell Structure Relaxation): 0.73764753693 Size:  4
Vacancy Formation Energy (Cell Structure Relaxation): 0.737647542894 Size:  4
Vacancy Formation Energy (Cell Structure Relaxation): 0.737647537293 Size:  4
Vacancy Formation Energy (Cell Structure Relaxation): 0.737647553566 Size:  4
Vacancy Formation Energy (Cell Structure Relaxation): 0.737647536444 Size:  4
Vacancy Formation Energy (Cell Structure Relaxation): 0.737647541957 Size:  4
Vacancy Formation Energy (Cell Structure Relaxation): 0.737647537099 Size:  4
Vacancy Formation Energy (Cell Structure Relaxation): 0.73764753732 Size:  4
Vacancy Formation Energy (Cell Structure Relaxation): 0.737647540831 Size:  4
Vacancy Formation Energy (Cell Structure Relaxation): 0.73764753603 Size:  4
Vacancy Formation Energy (Cell Structure Relaxation): 0.737647539991 Size:  4
Vacancy Formation Energy (Cell Structure Relaxation): 0.73764753553 Size:  4
Vacancy Formation Energy (Cell Structure Relaxation): 0.737647541001 Size:  4
Vacancy Formation Energy (Cell Structure Relaxation): 0.73764753548 Size:  4
Vacancy Formation Energy (Cell Structure Relaxation): 0.737647537721 Size:  4
Vacancy Formation Energy (Cell Structure Relaxation): 0.73764753579 Size:  4
Vacancy Formation Energy (Cell Structure Relaxation): 0.737647536647 Size:  4
Vacancy Formation Energy (Cell Structure Relaxation): 0.737647537664 Size:  4
Vacancy Formation Energy (Cell Structure Relaxation): 0.737647535621 Size:  4
Vacancy Formation Energy (Cell Structure Relaxation): 0.737647536819 Size:  4
Vacancy Formation Energy (Cell Structure Relaxation): 0.737647535593 Size:  4
Vacancy Formation Energy (Cell Structure Relaxation): 0.737647537498 Size:  4
Vacancy Formation Energy (Cell Structure Relaxation): 0.737647535464 Size:  4
Vacancy Formation Energy (Cell Structure Relaxation): 0.737647536264 Size:  4
Vacancy Formation Energy (Cell Structure Relaxation): 0.73764753544 Size:  4
Vacancy Formation Energy (Cell Structure Relaxation): 0.737647535434 Size:  4
Vacancy Formation Energy (Cell Structure Relaxation): 0.737647536365 Size:  4
Vacancy Formation Energy (Cell Structure Relaxation): 0.737647536083 Size:  4
Vacancy Formation Energy (Cell Structure Relaxation): 0.737647535285 Size:  4
Vacancy Formation Energy (Cell Structure Relaxation): 0.737647535423 Size:  4
Vacancy Formation Energy (Cell Structure Relaxation): 0.737647535657 Size:  4
Vacancy Formation Energy (Cell Structure Relaxation): 0.737647535275 Size:  4
Vacancy Formation Energy (Cell Structure Relaxation): 0.737647536009 Size:  4
Vacancy Formation Energy (Cell Structure Relaxation): 0.737647535229 Size:  4
Vacancy Formation Energy (Cell Structure Relaxation): 0.73764753543 Size:  4
Vacancy Formation Energy (Cell Structure Relaxation): 0.73764753547 Size:  4
Vacancy Formation Energy (Cell Structure Relaxation): 0.737647535264 Size:  4
Vacancy Formation Energy (Cell Structure Relaxation): 0.737647535316 Size:  4
Vacancy Formation Energy (Cell Structure Relaxation): 0.737647535542 Size:  4
Vacancy Formation Energy (Cell Structure Relaxation): 0.737647535243 Size:  4
Vacancy Formation Energy (Cell Structure Relaxation): 0.737647535694 Size:  4
Vacancy Formation Energy (Cell Structure Relaxation): 0.737647535222 Size:  4
Optimization terminated successfully.
         Current function value: 0.737648
         Iterations: 123
         Function evaluations: 220
Summary:
Vacancy Formation Energy: 0.737647535222
Unrelaxed Cell Volume: 2178.00328351
Relaxed Cell Volume: 2166.41993579
Relaxation Volume: 11.5833477219
Relaxed Cell Vector:
[  1.12714712e+01  -5.63549032e+00   9.76120102e+00   6.24373674e-05
   1.21041579e-04   1.96905923e+01]
Unrelaxed Cell Vector:
[11.276451461483608, -5.6382257307418042, 9.765693430186964, 0.0, 0.0, 19.778028060865189]
Relaxed Cell:
[[  1.12714712e+01   0.00000000e+00   0.00000000e+00]
 [ -5.63549032e+00   9.76120102e+00   0.00000000e+00]
 [  6.24373674e-05   1.21041579e-04   1.96905923e+01]]
Unrelaxed Cell:
[[ 11.27645146   0.           0.        ]
 [ -5.63822573   9.76569343   0.        ]
 [  0.           0.          19.77802806]]

Supercell Size: 5
Unrelaxed Cell:
[[ 14.09556433   0.           0.        ]
 [ -7.04778216  12.20711679   0.        ]
 [  0.           0.          24.72253508]]
Unrelaxed Cell Vector:
[14.095564326854511, -7.0477821634272555, 12.207116787733705, 0.0, 0.0, 24.722535076081485]
Vacancy Formation Energy (Cell Structure Relaxation): 0.751491925383 Size:  5
Vacancy Formation Energy (Cell Structure Relaxation): 4.64954710591 Size:  5
Vacancy Formation Energy (Cell Structure Relaxation): 1.0817165894 Size:  5
Vacancy Formation Energy (Cell Structure Relaxation): 4.32294324752 Size:  5
Vacancy Formation Energy (Cell Structure Relaxation): 0.745271251929 Size:  5
Vacancy Formation Energy (Cell Structure Relaxation): 0.745271251857 Size:  5
Vacancy Formation Energy (Cell Structure Relaxation): 4.272486161 Size:  5
Vacancy Formation Energy (Cell Structure Relaxation): 5.12335298109 Size:  5
Vacancy Formation Energy (Cell Structure Relaxation): 2.14354423229 Size:  5
Vacancy Formation Energy (Cell Structure Relaxation): 4.02074243831 Size:  5
Vacancy Formation Energy (Cell Structure Relaxation): 2.64897204043 Size:  5
Vacancy Formation Energy (Cell Structure Relaxation): 2.99242010309 Size:  5
Vacancy Formation Energy (Cell Structure Relaxation): 1.36193897449 Size:  5
Vacancy Formation Energy (Cell Structure Relaxation): 4.5145014684 Size:  5
Vacancy Formation Energy (Cell Structure Relaxation): 1.12270554329 Size:  5
Vacancy Formation Energy (Cell Structure Relaxation): 2.24296954545 Size:  5
Vacancy Formation Energy (Cell Structure Relaxation): 1.13418622552 Size:  5
Vacancy Formation Energy (Cell Structure Relaxation): 1.34728569095 Size:  5
Vacancy Formation Energy (Cell Structure Relaxation): 0.885593807315 Size:  5
Vacancy Formation Energy (Cell Structure Relaxation): 1.33102565273 Size:  5
Vacancy Formation Energy (Cell Structure Relaxation): 0.83887433445 Size:  5
Vacancy Formation Energy (Cell Structure Relaxation): 1.35442225707 Size:  5
Vacancy Formation Energy (Cell Structure Relaxation): 0.833853966489 Size:  5
Vacancy Formation Energy (Cell Structure Relaxation): 1.01478274553 Size:  5
Vacancy Formation Energy (Cell Structure Relaxation): 0.806823601153 Size:  5
Vacancy Formation Energy (Cell Structure Relaxation): 0.880158051269 Size:  5
Vacancy Formation Energy (Cell Structure Relaxation): 0.780790395893 Size:  5
Vacancy Formation Energy (Cell Structure Relaxation): 0.791030463849 Size:  5
Vacancy Formation Energy (Cell Structure Relaxation): 0.895259905736 Size:  5
Vacancy Formation Energy (Cell Structure Relaxation): 0.75748046733 Size:  5
Vacancy Formation Energy (Cell Structure Relaxation): 0.786559898895 Size:  5
Vacancy Formation Energy (Cell Structure Relaxation): 0.847374602463 Size:  5
Vacancy Formation Energy (Cell Structure Relaxation): 0.74464978735 Size:  5
Vacancy Formation Energy (Cell Structure Relaxation): 0.803150077293 Size:  5
Vacancy Formation Energy (Cell Structure Relaxation): 0.74773593957 Size:  5
Vacancy Formation Energy (Cell Structure Relaxation): 0.776546326938 Size:  5
Vacancy Formation Energy (Cell Structure Relaxation): 0.745392967057 Size:  5
Vacancy Formation Energy (Cell Structure Relaxation): 0.780642019708 Size:  5
Vacancy Formation Energy (Cell Structure Relaxation): 0.739381211609 Size:  5
Vacancy Formation Energy (Cell Structure Relaxation): 0.742146063864 Size:  5
Vacancy Formation Energy (Cell Structure Relaxation): 0.748153798158 Size:  5
Vacancy Formation Energy (Cell Structure Relaxation): 0.739128520384 Size:  5
Vacancy Formation Energy (Cell Structure Relaxation): 0.742866238022 Size:  5
Vacancy Formation Energy (Cell Structure Relaxation): 0.747840331231 Size:  5
Vacancy Formation Energy (Cell Structure Relaxation): 0.736760673529 Size:  5
Vacancy Formation Energy (Cell Structure Relaxation): 0.751376555088 Size:  5
Vacancy Formation Energy (Cell Structure Relaxation): 0.736558619559 Size:  5
Vacancy Formation Energy (Cell Structure Relaxation): 0.747076055352 Size:  5
Vacancy Formation Energy (Cell Structure Relaxation): 0.738046084696 Size:  5
Vacancy Formation Energy (Cell Structure Relaxation): 0.746271207427 Size:  5
Vacancy Formation Energy (Cell Structure Relaxation): 0.737543963023 Size:  5
Vacancy Formation Energy (Cell Structure Relaxation): 0.741219855555 Size:  5
Vacancy Formation Energy (Cell Structure Relaxation): 0.737230516126 Size:  5
Vacancy Formation Energy (Cell Structure Relaxation): 0.743466092007 Size:  5
Vacancy Formation Energy (Cell Structure Relaxation): 0.736509676439 Size:  5
Vacancy Formation Energy (Cell Structure Relaxation): 0.739045891548 Size:  5
Vacancy Formation Energy (Cell Structure Relaxation): 0.736785221529 Size:  5
Vacancy Formation Energy (Cell Structure Relaxation): 0.741765498631 Size:  5
Vacancy Formation Energy (Cell Structure Relaxation): 0.736229882795 Size:  5
Vacancy Formation Energy (Cell Structure Relaxation): 0.736580942227 Size:  5
Vacancy Formation Energy (Cell Structure Relaxation): 0.73605151911 Size:  5
Vacancy Formation Energy (Cell Structure Relaxation): 0.73770790715 Size:  5
Vacancy Formation Energy (Cell Structure Relaxation): 0.736937822033 Size:  5
Vacancy Formation Energy (Cell Structure Relaxation): 0.736039468678 Size:  5
Vacancy Formation Energy (Cell Structure Relaxation): 0.736483771099 Size:  5
Vacancy Formation Energy (Cell Structure Relaxation): 0.737265823 Size:  5
Vacancy Formation Energy (Cell Structure Relaxation): 0.735909362349 Size:  5
Vacancy Formation Energy (Cell Structure Relaxation): 0.737806692554 Size:  5
Vacancy Formation Energy (Cell Structure Relaxation): 0.735866996246 Size:  5
Vacancy Formation Energy (Cell Structure Relaxation): 0.736568672784 Size:  5
Vacancy Formation Energy (Cell Structure Relaxation): 0.735968035527 Size:  5
Vacancy Formation Energy (Cell Structure Relaxation): 0.736344467693 Size:  5
Vacancy Formation Energy (Cell Structure Relaxation): 0.735899745041 Size:  5
Vacancy Formation Energy (Cell Structure Relaxation): 0.736495298539 Size:  5
Vacancy Formation Energy (Cell Structure Relaxation): 0.735859664895 Size:  5
Vacancy Formation Energy (Cell Structure Relaxation): 0.736485100331 Size:  5
Vacancy Formation Energy (Cell Structure Relaxation): 0.735804757701 Size:  5
Vacancy Formation Energy (Cell Structure Relaxation): 0.735929727583 Size:  5
Vacancy Formation Energy (Cell Structure Relaxation): 0.736176910884 Size:  5
Vacancy Formation Energy (Cell Structure Relaxation): 0.735797409666 Size:  5
Vacancy Formation Energy (Cell Structure Relaxation): 0.7360557893 Size:  5
Vacancy Formation Energy (Cell Structure Relaxation): 0.735796810575 Size:  5
Vacancy Formation Energy (Cell Structure Relaxation): 0.73591990714 Size:  5
Vacancy Formation Energy (Cell Structure Relaxation): 0.735801986643 Size:  5
Vacancy Formation Energy (Cell Structure Relaxation): 0.735879725346 Size:  5
Vacancy Formation Energy (Cell Structure Relaxation): 0.735790733664 Size:  5
Vacancy Formation Energy (Cell Structure Relaxation): 0.735967319164 Size:  5
Vacancy Formation Energy (Cell Structure Relaxation): 0.735780560444 Size:  5
Vacancy Formation Energy (Cell Structure Relaxation): 0.735943825177 Size:  5
Vacancy Formation Energy (Cell Structure Relaxation): 0.73578113124 Size:  5
Vacancy Formation Energy (Cell Structure Relaxation): 0.735800910124 Size:  5
Vacancy Formation Energy (Cell Structure Relaxation): 0.735843316305 Size:  5
Vacancy Formation Energy (Cell Structure Relaxation): 0.7357712374 Size:  5
Vacancy Formation Energy (Cell Structure Relaxation): 0.735803297841 Size:  5
Vacancy Formation Energy (Cell Structure Relaxation): 0.735774536617 Size:  5
Vacancy Formation Energy (Cell Structure Relaxation): 0.735793473149 Size:  5
Vacancy Formation Energy (Cell Structure Relaxation): 0.735789632178 Size:  5
Vacancy Formation Energy (Cell Structure Relaxation): 0.7358105446 Size:  5
Vacancy Formation Energy (Cell Structure Relaxation): 0.735770058155 Size:  5
Vacancy Formation Energy (Cell Structure Relaxation): 0.735831233574 Size:  5
Vacancy Formation Energy (Cell Structure Relaxation): 0.735767628498 Size:  5
Vacancy Formation Energy (Cell Structure Relaxation): 0.735787682621 Size:  5
Vacancy Formation Energy (Cell Structure Relaxation): 0.735770298143 Size:  5
Vacancy Formation Energy (Cell Structure Relaxation): 0.735807588524 Size:  5
Vacancy Formation Energy (Cell Structure Relaxation): 0.73576662751 Size:  5
Vacancy Formation Energy (Cell Structure Relaxation): 0.735776130903 Size:  5
Vacancy Formation Energy (Cell Structure Relaxation): 0.735767083113 Size:  5
Vacancy Formation Energy (Cell Structure Relaxation): 0.735776589909 Size:  5
Vacancy Formation Energy (Cell Structure Relaxation): 0.735766858378 Size:  5
Vacancy Formation Energy (Cell Structure Relaxation): 0.735776750361 Size:  5
Vacancy Formation Energy (Cell Structure Relaxation): 0.735765741626 Size:  5
Vacancy Formation Energy (Cell Structure Relaxation): 0.73576718321 Size:  5
Vacancy Formation Energy (Cell Structure Relaxation): 0.735776145777 Size:  5
Vacancy Formation Energy (Cell Structure Relaxation): 0.73576512249 Size:  5
Vacancy Formation Energy (Cell Structure Relaxation): 0.735767298202 Size:  5
Vacancy Formation Energy (Cell Structure Relaxation): 0.73576495606 Size:  5
Vacancy Formation Energy (Cell Structure Relaxation): 0.735770528814 Size:  5
Vacancy Formation Energy (Cell Structure Relaxation): 0.735764664743 Size:  5
Vacancy Formation Energy (Cell Structure Relaxation): 0.735769048384 Size:  5
Vacancy Formation Energy (Cell Structure Relaxation): 0.735764788015 Size:  5
Vacancy Formation Energy (Cell Structure Relaxation): 0.735766873311 Size:  5
Vacancy Formation Energy (Cell Structure Relaxation): 0.735764898107 Size:  5
Vacancy Formation Energy (Cell Structure Relaxation): 0.735767289122 Size:  5
Vacancy Formation Energy (Cell Structure Relaxation): 0.735764763154 Size:  5
Vacancy Formation Energy (Cell Structure Relaxation): 0.73576753113 Size:  5
Vacancy Formation Energy (Cell Structure Relaxation): 0.735764453601 Size:  5
Vacancy Formation Energy (Cell Structure Relaxation): 0.735765296428 Size:  5
Vacancy Formation Energy (Cell Structure Relaxation): 0.735764456568 Size:  5
Vacancy Formation Energy (Cell Structure Relaxation): 0.735764649081 Size:  5
Vacancy Formation Energy (Cell Structure Relaxation): 0.735764945706 Size:  5
Vacancy Formation Energy (Cell Structure Relaxation): 0.73576437401 Size:  5
Vacancy Formation Energy (Cell Structure Relaxation): 0.735764610264 Size:  5
Vacancy Formation Energy (Cell Structure Relaxation): 0.735764325606 Size:  5
Vacancy Formation Energy (Cell Structure Relaxation): 0.735765307015 Size:  5
Vacancy Formation Energy (Cell Structure Relaxation): 0.735765204057 Size:  5
Vacancy Formation Energy (Cell Structure Relaxation): 0.735764206518 Size:  5
Vacancy Formation Energy (Cell Structure Relaxation): 0.735765455822 Size:  5
Vacancy Formation Energy (Cell Structure Relaxation): 0.735764187423 Size:  5
Vacancy Formation Energy (Cell Structure Relaxation): 0.735764810525 Size:  5
Vacancy Formation Energy (Cell Structure Relaxation): 0.735764237399 Size:  5
Vacancy Formation Energy (Cell Structure Relaxation): 0.735764380611 Size:  5
Vacancy Formation Energy (Cell Structure Relaxation): 0.735764474174 Size:  5
Vacancy Formation Energy (Cell Structure Relaxation): 0.735764205265 Size:  5
Vacancy Formation Energy (Cell Structure Relaxation): 0.735764411503 Size:  5
Vacancy Formation Energy (Cell Structure Relaxation): 0.735764183972 Size:  5
Vacancy Formation Energy (Cell Structure Relaxation): 0.73576428067 Size:  5
Vacancy Formation Energy (Cell Structure Relaxation): 0.735764324148 Size:  5
Vacancy Formation Energy (Cell Structure Relaxation): 0.735764160312 Size:  5
Vacancy Formation Energy (Cell Structure Relaxation): 0.735764473321 Size:  5
Vacancy Formation Energy (Cell Structure Relaxation): 0.735764132666 Size:  5
Vacancy Formation Energy (Cell Structure Relaxation): 0.735764262064 Size:  5
Vacancy Formation Energy (Cell Structure Relaxation): 0.73576413786 Size:  5
Vacancy Formation Energy (Cell Structure Relaxation): 0.73576422641 Size:  5
Vacancy Formation Energy (Cell Structure Relaxation): 0.735764130013 Size:  5
Vacancy Formation Energy (Cell Structure Relaxation): 0.735764301465 Size:  5
Vacancy Formation Energy (Cell Structure Relaxation): 0.735764123028 Size:  5
Vacancy Formation Energy (Cell Structure Relaxation): 0.735764258845 Size:  5
Vacancy Formation Energy (Cell Structure Relaxation): 0.735764121744 Size:  5
Vacancy Formation Energy (Cell Structure Relaxation): 0.735764191795 Size:  5
Vacancy Formation Energy (Cell Structure Relaxation): 0.735764126557 Size:  5
Vacancy Formation Energy (Cell Structure Relaxation): 0.735764142203 Size:  5
Vacancy Formation Energy (Cell Structure Relaxation): 0.735764113262 Size:  5
Vacancy Formation Energy (Cell Structure Relaxation): 0.735764145291 Size:  5
Vacancy Formation Energy (Cell Structure Relaxation): 0.735764113049 Size:  5
Vacancy Formation Energy (Cell Structure Relaxation): 0.735764174555 Size:  5
Vacancy Formation Energy (Cell Structure Relaxation): 0.735764108934 Size:  5
Vacancy Formation Energy (Cell Structure Relaxation): 0.735764149433 Size:  5
Vacancy Formation Energy (Cell Structure Relaxation): 0.735764110688 Size:  5
Vacancy Formation Energy (Cell Structure Relaxation): 0.735764104179 Size:  5
Vacancy Formation Energy (Cell Structure Relaxation): 0.735764123689 Size:  5
Vacancy Formation Energy (Cell Structure Relaxation): 0.735764119227 Size:  5
Vacancy Formation Energy (Cell Structure Relaxation): 0.735764135094 Size:  5
Vacancy Formation Energy (Cell Structure Relaxation): 0.735764106495 Size:  5
Vacancy Formation Energy (Cell Structure Relaxation): 0.735764124619 Size:  5
Vacancy Formation Energy (Cell Structure Relaxation): 0.735764106612 Size:  5
Vacancy Formation Energy (Cell Structure Relaxation): 0.735764122544 Size:  5
Vacancy Formation Energy (Cell Structure Relaxation): 0.735764104833 Size:  5
Vacancy Formation Energy (Cell Structure Relaxation): 0.735764105666 Size:  5
Vacancy Formation Energy (Cell Structure Relaxation): 0.735764104666 Size:  5
Vacancy Formation Energy (Cell Structure Relaxation): 0.735764106511 Size:  5
Vacancy Formation Energy (Cell Structure Relaxation): 0.735764107662 Size:  5
Vacancy Formation Energy (Cell Structure Relaxation): 0.735764102274 Size:  5
Vacancy Formation Energy (Cell Structure Relaxation): 0.735764108043 Size:  5
Vacancy Formation Energy (Cell Structure Relaxation): 0.73576410217 Size:  5
Vacancy Formation Energy (Cell Structure Relaxation): 0.735764105371 Size:  5
Vacancy Formation Energy (Cell Structure Relaxation): 0.735764107182 Size:  5
Vacancy Formation Energy (Cell Structure Relaxation): 0.735764101816 Size:  5
Vacancy Formation Energy (Cell Structure Relaxation): 0.735764105599 Size:  5
Vacancy Formation Energy (Cell Structure Relaxation): 0.735764101825 Size:  5
Vacancy Formation Energy (Cell Structure Relaxation): 0.735764106404 Size:  5
Vacancy Formation Energy (Cell Structure Relaxation): 0.735764101551 Size:  5
Vacancy Formation Energy (Cell Structure Relaxation): 0.735764104762 Size:  5
Vacancy Formation Energy (Cell Structure Relaxation): 0.735764101604 Size:  5
Vacancy Formation Energy (Cell Structure Relaxation): 0.735764108205 Size:  5
Vacancy Formation Energy (Cell Structure Relaxation): 0.735764101144 Size:  5
Vacancy Formation Energy (Cell Structure Relaxation): 0.735764103448 Size:  5
Vacancy Formation Energy (Cell Structure Relaxation): 0.735764100962 Size:  5
Vacancy Formation Energy (Cell Structure Relaxation): 0.735764104192 Size:  5
Vacancy Formation Energy (Cell Structure Relaxation): 0.73576410088 Size:  5
Vacancy Formation Energy (Cell Structure Relaxation): 0.735764101791 Size:  5
Vacancy Formation Energy (Cell Structure Relaxation): 0.735764101311 Size:  5
Vacancy Formation Energy (Cell Structure Relaxation): 0.735764101989 Size:  5
Vacancy Formation Energy (Cell Structure Relaxation): 0.735764100909 Size:  5
Vacancy Formation Energy (Cell Structure Relaxation): 0.735764102531 Size:  5
Vacancy Formation Energy (Cell Structure Relaxation): 0.735764100794 Size:  5
Vacancy Formation Energy (Cell Structure Relaxation): 0.735764101498 Size:  5
Vacancy Formation Energy (Cell Structure Relaxation): 0.735764100837 Size:  5
Vacancy Formation Energy (Cell Structure Relaxation): 0.735764101515 Size:  5
Vacancy Formation Energy (Cell Structure Relaxation): 0.735764100769 Size:  5
Vacancy Formation Energy (Cell Structure Relaxation): 0.735764101793 Size:  5
Vacancy Formation Energy (Cell Structure Relaxation): 0.735764100705 Size:  5
Vacancy Formation Energy (Cell Structure Relaxation): 0.735764101085 Size:  5
Vacancy Formation Energy (Cell Structure Relaxation): 0.735764100701 Size:  5
Vacancy Formation Energy (Cell Structure Relaxation): 0.735764100822 Size:  5
Vacancy Formation Energy (Cell Structure Relaxation): 0.735764100938 Size:  5
Vacancy Formation Energy (Cell Structure Relaxation): 0.735764100674 Size:  5
Vacancy Formation Energy (Cell Structure Relaxation): 0.735764100761 Size:  5
Vacancy Formation Energy (Cell Structure Relaxation): 0.735764100886 Size:  5
Vacancy Formation Energy (Cell Structure Relaxation): 0.735764100658 Size:  5
Vacancy Formation Energy (Cell Structure Relaxation): 0.735764100932 Size:  5
Vacancy Formation Energy (Cell Structure Relaxation): 0.735764100647 Size:  5
Vacancy Formation Energy (Cell Structure Relaxation): 0.735764100743 Size:  5
Vacancy Formation Energy (Cell Structure Relaxation): 0.735764100846 Size:  5
Vacancy Formation Energy (Cell Structure Relaxation): 0.735764100629 Size:  5
Vacancy Formation Energy (Cell Structure Relaxation): 0.735764100779 Size:  5
Vacancy Formation Energy (Cell Structure Relaxation): 0.735764100638 Size:  5
Vacancy Formation Energy (Cell Structure Relaxation): 0.735764100767 Size:  5
Vacancy Formation Energy (Cell Structure Relaxation): 0.73576410061 Size:  5
Vacancy Formation Energy (Cell Structure Relaxation): 0.735764100823 Size:  5
Vacancy Formation Energy (Cell Structure Relaxation): 0.735764100618 Size:  5
Optimization terminated successfully.
         Current function value: 0.735764
         Iterations: 126
         Function evaluations: 230
Summary:
Vacancy Formation Energy: 0.73576410061
Unrelaxed Cell Volume: 4253.9126631
Relaxed Cell Volume: 4242.70754846
Relaxation Volume: 11.2051146431
Relaxed Cell Vector:
[  1.40926738e+01  -7.04631545e+00   1.22035963e+01   9.11323114e-05
   1.34619902e-04   2.46695862e+01]
Unrelaxed Cell Vector:
[14.095564326854511, -7.0477821634272555, 12.207116787733705, 0.0, 0.0, 24.722535076081485]
Relaxed Cell:
[[  1.40926738e+01   0.00000000e+00   0.00000000e+00]
 [ -7.04631545e+00   1.22035963e+01   0.00000000e+00]
 [  9.11323114e-05   1.34619902e-04   2.46695862e+01]]
Unrelaxed Cell:
[[ 14.09556433   0.           0.        ]
 [ -7.04778216  12.20711679   0.        ]
 [  0.           0.          24.72253508]]

[Calculation Results Summary]
Sizes: [3, 4, 5]
Formation Energy By Size:
[0.74371553836527937, 0.73764753522237925, 0.73576410061036768]
Relaxation Volume By Size:
[11.880561964926301, 11.583347721909377, 11.205114643112211]

[Extrapolation]
Fitting with 2 points, including orders [0, 3]
Fit with data beginning 0

Fit with Size: [3 4]
Orders: [0, 3]
Matrix A (Ax = y):
[[ 1.          0.03703704]
 [ 1.          0.015625  ]]
Data for Fitting: [ 0.74371554  0.73764754]
Fitting Results: (array([ 0.73321953,  0.28339215]), array([], dtype=float64), 2, array([ 1.41470379,  0.01513535]))

Fit with Size: [3 4]
Orders: [0, 3]
Matrix A (Ax = y):
[[ 1.          0.03703704]
 [ 1.          0.015625  ]]
Data for Fitting: [ 11.88056196  11.58334772]
Fitting Results: (array([ 11.36646165,  13.88070843]), array([], dtype=float64), 2, array([ 1.41470379,  0.01513535]))
Fit with data beginning 1

Fit with Size: [4 5]
Orders: [0, 3]
Matrix A (Ax = y):
[[ 1.        0.015625]
 [ 1.        0.008   ]]
Data for Fitting: [ 0.73764754  0.7357641 ]
Fitting Results: (array([ 0.73378804,  0.24700782]), array([], dtype=float64), 2, array([ 1.41431223,  0.00539131]))

Fit with Size: [4 5]
Orders: [0, 3]
Matrix A (Ax = y):
[[ 1.        0.015625]
 [ 1.        0.008   ]]
Data for Fitting: [ 11.58334772  11.20511464]
Fitting Results: (array([ 10.80827994,  49.6043382 ]), array([], dtype=float64), 2, array([ 1.41431223,  0.00539131]))
Fitting with 3 points, including orders [0, 3]
Fit with data beginning 0

Fit with Size: [3 4 5]
Orders: [0, 3]
Matrix A (Ax = y):
[[ 1.          0.03703704]
 [ 1.          0.015625  ]
 [ 1.          0.008     ]]
Data for Fitting: [ 0.74371554  0.73764754  0.7357641 ]
Fitting Results: (array([ 0.73346326,  0.27591206]), array([  2.59513762e-08]), 2, array([ 1.73240492,  0.02128544]))

Fit with Size: [3 4 5]
Orders: [0, 3]
Matrix A (Ax = y):
[[ 1.          0.03703704]
 [ 1.          0.015625  ]
 [ 1.          0.008     ]]
Data for Fitting: [ 11.88056196  11.58334772  11.20511464]
Fitting Results: (array([ 11.12715818,  21.22496786]), array([ 0.02501744]), 2, array([ 1.73240492,  0.02128544]))
Fitting with 3 points, including orders [0, 3, 4]
Fit with data beginning 0

Fit with Size: [3 4 5]
Orders: [0, 3, 4]
Matrix A (Ax = y):
[[ 1.          0.03703704  0.01234568]
 [ 1.          0.015625    0.00390625]
 [ 1.          0.008       0.0016    ]]
Data for Fitting: [ 0.74371554  0.73764754  0.7357641 ]
Fitting Results: (array([ 0.73411332,  0.12697997,  0.39684003]), array([], dtype=float64), 3, array([  1.73243559e+00,   2.27351353e-02,   3.80051182e-04]))

Fit with Size: [3 4 5]
Orders: [0, 3, 4]
Matrix A (Ax = y):
[[ 1.          0.03703704  0.01234568]
 [ 1.          0.015625    0.00390625]
 [ 1.          0.008       0.0016    ]]
Data for Fitting: [ 11.88056196  11.58334772  11.20511464]
Fitting Results: (array([  10.48890793,  167.45261074, -389.63385501]), array([], dtype=float64), 3, array([  1.73243559e+00,   2.27351353e-02,   3.80051182e-04]))
Fitting with 3 points, including orders [0, 3, 5]
Fit with data beginning 0

Fit with Size: [3 4 5]
Orders: [0, 3, 5]
Matrix A (Ax = y):
[[  1.00000000e+00   3.70370370e-02   4.11522634e-03]
 [  1.00000000e+00   1.56250000e-02   9.76562500e-04]
 [  1.00000000e+00   8.00000000e-03   3.20000000e-04]]
Data for Fitting: [ 0.74371554  0.73764754  0.7357641 ]
Fitting Results: (array([ 0.73400995,  0.19520462,  0.60161734]), array([], dtype=float64), 3, array([  1.73240774e+00,   2.14761184e-02,   2.65390853e-04]))

Fit with Size: [3 4 5]
Orders: [0, 3, 5]
Matrix A (Ax = y):
[[  1.00000000e+00   3.70370370e-02   4.11522634e-03]
 [  1.00000000e+00   1.56250000e-02   9.76562500e-04]
 [  1.00000000e+00   8.00000000e-03   3.20000000e-04]]
Data for Fitting: [ 11.88056196  11.58334772  11.20511464]
Fitting Results: (array([  10.59040151,  100.4668477 , -590.6926377 ]), array([], dtype=float64), 3, array([  1.73240774e+00,   2.14761184e-02,   2.65390853e-04]))
Fitting with 3 points, including orders [0, 3, 6]
Fit with data beginning 0

Fit with Size: [3 4 5]
Orders: [0, 3, 6]
Matrix A (Ax = y):
[[  1.00000000e+00   3.70370370e-02   1.37174211e-03]
 [  1.00000000e+00   1.56250000e-02   2.44140625e-04]
 [  1.00000000e+00   8.00000000e-03   6.40000000e-05]]
Data for Fitting: [ 0.74371554  0.73764754  0.7357641 ]
Fitting Results: (array([ 0.73394467,  0.21740494,  1.25303173]), array([], dtype=float64), 3, array([  1.73240519e+00,   2.13086278e-02,   1.28423698e-04]))

Fit with Size: [3 4 5]
Orders: [0, 3, 6]
Matrix A (Ax = y):
[[  1.00000000e+00   3.70370370e-02   1.37174211e-03]
 [  1.00000000e+00   1.56250000e-02   2.44140625e-04]
 [  1.00000000e+00   8.00000000e-03   6.40000000e-05]]
Data for Fitting: [ 11.88056196  11.58334772  11.20511464]
Fitting Results: (array([   10.65449518,    78.66965752, -1230.27806614]), array([], dtype=float64), 3, array([  1.73240519e+00,   2.13086278e-02,   1.28423698e-04]))

[Fitting Results Summary]
Sizes: [3, 4, 5]
Data Points Used: [2, 3, 3, 3, 3]
Orders Included:
[[0, 3] [0, 3] [0, 3, 4] [0, 3, 5] [0, 3, 6]]
Formation Energy Fits By Size:
[[0.73321953292891107, 0.73378803806661752] [0.73346326225457514]
 [0.73411331677942915] [0.73400994610226555] [0.73394466703312866]]
Relaxation Volume Fits By Size:
[[11.366461652680803, 10.808279937488948] [11.127158181141215]
 [10.48890792518846] [10.590401505549645] [10.654495179221833]]

[Final Results]
[
    {
        "property-id" "tag:staff@noreply.openkim.org,2015-07-28:property/monovacancy-neutral-relaxed-formation-potential-energy-crystal-npt" 
        "instance-id" 1 
        "relaxed-formation-potential-energy" {
            "source-value" 0.73378803806661752 
            "source-unit" "eV" 
            "source-std-uncert-value" 0.0008044594786285836
        } 
        "host-cauchy-stress" {
            "source-value" [
                0 
                0 
                0 
                0 
                0 
                0
            ] 
            "source-unit" "GPa"
        } 
        "host-removed-atom" {
            "source-value" 1
        } 
        "host-short-name" {
            "source-value" [
                "hcp"
            ]
        } 
        "host-a" {
            "source-value" 2.8191128653709021 
            "source-unit" "angstrom"
        } 
        "host-b" {
            "source-value" 2.8191128653709017 
            "source-unit" "angstrom"
        } 
        "host-c" {
            "source-value" 4.9445070152162973 
            "source-unit" "angstrom"
        } 
        "host-alpha" {
            "source-value" 90.0 
            "source-unit" "degree"
        } 
        "host-beta" {
            "source-value" 90.0 
            "source-unit" "degree"
        } 
        "host-gamma" {
            "source-value" 120.00000000000001 
            "source-unit" "degree"
        } 
        "host-space-group" {
            "source-value" "P63/mmc"
        } 
        "host-wyckoff-multiplicity-and-letter" {
            "source-value" [
                "2d"
            ]
        } 
        "host-wyckoff-coordinates" {
            "source-value" [
                [
                    0.6666666666666666 
                    0.3333333333333333 
                    0.25
                ]
            ]
        } 
        "host-wyckoff-species" {
            "source-value" [
                "Al"
            ]
        } 
        "reservoir-cohesive-potential-energy" {
            "source-value" -6.6644289732504864 
            "source-unit" "eV"
        } 
        "reservoir-short-name" {
            "source-value" [
                "hcp"
            ]
        } 
        "reservoir-cauchy-stress" {
            "source-value" [
                0.0 
                0.0 
                0.0 
                0.0 
                0.0 
                0.0
            ] 
            "source-unit" "GPa"
        } 
        "reservoir-a" {
            "source-value" 2.8191128653709021 
            "source-unit" "angstrom"
        } 
        "reservoir-b" {
            "source-value" 2.8191128653709017 
            "source-unit" "angstrom"
        } 
        "reservoir-c" {
            "source-value" 4.9445070152162973 
            "source-unit" "angstrom"
        } 
        "reservoir-alpha" {
            "source-value" 90.0 
            "source-unit" "degree"
        } 
        "reservoir-beta" {
            "source-value" 90.0 
            "source-unit" "degree"
        } 
        "reservoir-gamma" {
            "source-value" 120.00000000000001 
            "source-unit" "degree"
        } 
        "reservoir-space-group" {
            "source-value" "P63/mmc"
        } 
        "reservoir-wyckoff-multiplicity-and-letter" {
            "source-value" [
                "2d"
            ]
        } 
        "reservoir-wyckoff-coordinates" {
            "source-value" [
                [
                    0.6666666666666666 
                    0.3333333333333333 
                    0.25
                ]
            ]
        } 
        "reservoir-wyckoff-species" {
            "source-value" [
                "Al"
            ]
        }
    } 
    {
        "property-id" "tag:staff@noreply.openkim.org,2015-07-28:property/monovacancy-neutral-relaxation-volume-crystal-npt" 
        "instance-id" 2 
        "relaxation-volume" {
            "source-value" 10.808279937488948 
            "source-unit" "angstrom^3" 
            "source-std-uncert-value" 0.32059757482193874
        } 
        "host-cauchy-stress" {
            "source-value" [
                0 
                0 
                0 
                0 
                0 
                0
            ] 
            "source-unit" "GPa"
        } 
        "host-removed-atom" {
            "source-value" 1
        } 
        "host-short-name" {
            "source-value" [
                "hcp"
            ]
        } 
        "host-a" {
            "source-value" 2.8191128653709021 
            "source-unit" "angstrom"
        } 
        "host-b" {
            "source-value" 2.8191128653709017 
            "source-unit" "angstrom"
        } 
        "host-c" {
            "source-value" 4.9445070152162973 
            "source-unit" "angstrom"
        } 
        "host-alpha" {
            "source-value" 90.0 
            "source-unit" "degree"
        } 
        "host-beta" {
            "source-value" 90.0 
            "source-unit" "degree"
        } 
        "host-gamma" {
            "source-value" 120.00000000000001 
            "source-unit" "degree"
        } 
        "host-space-group" {
            "source-value" "P63/mmc"
        } 
        "host-wyckoff-multiplicity-and-letter" {
            "source-value" [
                "2d"
            ]
        } 
        "host-wyckoff-coordinates" {
            "source-value" [
                [
                    0.6666666666666666 
                    0.3333333333333333 
                    0.25
                ]
            ]
        } 
        "host-wyckoff-species" {
            "source-value" [
                "Al"
            ]
        }
    }
]
