Imported bulk from ase.lattice
Parameters Input: Al hcp EAM_Dynamo_Mendelev_Kramer_Al__MO_106969701023_001 [2.8450797541839927, 4.746208686129688]

[Calculation]

Supercell Size: 3
Unrelaxed Cell:
[[  8.53523926   0.           0.        ]
 [ -4.26761963   7.39173403   0.        ]
 [  0.           0.          14.23862606]]
Unrelaxed Cell Vector:
[8.5352392625519791, -4.2676196312759895, 7.3917340287483704, 0.0, 0.0, 14.238626058389066]
Vacancy Formation Energy (Cell Structure Relaxation): 0.655410626009 Size:  3
Vacancy Formation Energy (Cell Structure Relaxation): 1.49401977995 Size:  3
Vacancy Formation Energy (Cell Structure Relaxation): 0.720545294868 Size:  3
Vacancy Formation Energy (Cell Structure Relaxation): 1.44513195693 Size:  3
Vacancy Formation Energy (Cell Structure Relaxation): 0.655462053513 Size:  3
Vacancy Formation Energy (Cell Structure Relaxation): 0.655462054149 Size:  3
Vacancy Formation Energy (Cell Structure Relaxation): 1.36779083604 Size:  3
Vacancy Formation Energy (Cell Structure Relaxation): 1.60279449338 Size:  3
Vacancy Formation Energy (Cell Structure Relaxation): 1.00403051165 Size:  3
Vacancy Formation Energy (Cell Structure Relaxation): 1.40083999255 Size:  3
Vacancy Formation Energy (Cell Structure Relaxation): 0.808114679481 Size:  3
Vacancy Formation Energy (Cell Structure Relaxation): 1.04304195981 Size:  3
Vacancy Formation Energy (Cell Structure Relaxation): 0.721809762072 Size:  3
Vacancy Formation Energy (Cell Structure Relaxation): 1.02333090383 Size:  3
Vacancy Formation Energy (Cell Structure Relaxation): 0.756617562713 Size:  3
Vacancy Formation Energy (Cell Structure Relaxation): 0.806871872446 Size:  3
Vacancy Formation Energy (Cell Structure Relaxation): 0.703980273898 Size:  3
Vacancy Formation Energy (Cell Structure Relaxation): 0.719682072647 Size:  3
Vacancy Formation Energy (Cell Structure Relaxation): 0.765471451574 Size:  3
Vacancy Formation Energy (Cell Structure Relaxation): 0.667319368486 Size:  3
Vacancy Formation Energy (Cell Structure Relaxation): 0.69281780271 Size:  3
Vacancy Formation Energy (Cell Structure Relaxation): 0.765862788258 Size:  3
Vacancy Formation Energy (Cell Structure Relaxation): 0.661605733422 Size:  3
Vacancy Formation Energy (Cell Structure Relaxation): 0.669664068997 Size:  3
Vacancy Formation Energy (Cell Structure Relaxation): 0.704479547688 Size:  3
Vacancy Formation Energy (Cell Structure Relaxation): 0.656991301503 Size:  3
Vacancy Formation Energy (Cell Structure Relaxation): 0.70204321181 Size:  3
Vacancy Formation Energy (Cell Structure Relaxation): 0.648382478908 Size:  3
Vacancy Formation Energy (Cell Structure Relaxation): 0.676865676126 Size:  3
Vacancy Formation Energy (Cell Structure Relaxation): 0.651131928948 Size:  3
Vacancy Formation Energy (Cell Structure Relaxation): 0.682432395892 Size:  3
Vacancy Formation Energy (Cell Structure Relaxation): 0.648692283134 Size:  3
Vacancy Formation Energy (Cell Structure Relaxation): 0.66534039529 Size:  3
Vacancy Formation Energy (Cell Structure Relaxation): 0.648963486937 Size:  3
Vacancy Formation Energy (Cell Structure Relaxation): 0.648426067476 Size:  3
Vacancy Formation Energy (Cell Structure Relaxation): 0.655278893472 Size:  3
Vacancy Formation Energy (Cell Structure Relaxation): 0.671649839207 Size:  3
Vacancy Formation Energy (Cell Structure Relaxation): 0.647193466481 Size:  3
Vacancy Formation Energy (Cell Structure Relaxation): 0.651786633705 Size:  3
Vacancy Formation Energy (Cell Structure Relaxation): 0.647146527449 Size:  3
Vacancy Formation Energy (Cell Structure Relaxation): 0.649119599731 Size:  3
Vacancy Formation Energy (Cell Structure Relaxation): 0.646454058855 Size:  3
Vacancy Formation Energy (Cell Structure Relaxation): 0.646589112344 Size:  3
Vacancy Formation Energy (Cell Structure Relaxation): 0.649532245352 Size:  3
Vacancy Formation Energy (Cell Structure Relaxation): 0.64617357284 Size:  3
Vacancy Formation Energy (Cell Structure Relaxation): 0.650060914701 Size:  3
Vacancy Formation Energy (Cell Structure Relaxation): 0.646029612827 Size:  3
Vacancy Formation Energy (Cell Structure Relaxation): 0.650943524048 Size:  3
Vacancy Formation Energy (Cell Structure Relaxation): 0.645898321648 Size:  3
Vacancy Formation Energy (Cell Structure Relaxation): 0.64668835929 Size:  3
Vacancy Formation Energy (Cell Structure Relaxation): 0.649178815636 Size:  3
Vacancy Formation Energy (Cell Structure Relaxation): 0.645665602518 Size:  3
Vacancy Formation Energy (Cell Structure Relaxation): 0.646488325165 Size:  3
Vacancy Formation Energy (Cell Structure Relaxation): 0.648445803796 Size:  3
Vacancy Formation Energy (Cell Structure Relaxation): 0.645542726618 Size:  3
Vacancy Formation Energy (Cell Structure Relaxation): 0.646503394283 Size:  3
Vacancy Formation Energy (Cell Structure Relaxation): 0.645709313593 Size:  3
Vacancy Formation Energy (Cell Structure Relaxation): 0.646584017499 Size:  3
Vacancy Formation Energy (Cell Structure Relaxation): 0.645667208455 Size:  3
Vacancy Formation Energy (Cell Structure Relaxation): 0.646235021307 Size:  3
Vacancy Formation Energy (Cell Structure Relaxation): 0.645596804543 Size:  3
Vacancy Formation Energy (Cell Structure Relaxation): 0.64619255552 Size:  3
Vacancy Formation Energy (Cell Structure Relaxation): 0.645555855109 Size:  3
Vacancy Formation Energy (Cell Structure Relaxation): 0.646491757638 Size:  3
Vacancy Formation Energy (Cell Structure Relaxation): 0.645492538706 Size:  3
Vacancy Formation Energy (Cell Structure Relaxation): 0.645555572149 Size:  3
Vacancy Formation Energy (Cell Structure Relaxation): 0.645689217439 Size:  3
Vacancy Formation Energy (Cell Structure Relaxation): 0.645478059226 Size:  3
Vacancy Formation Energy (Cell Structure Relaxation): 0.645855043221 Size:  3
Vacancy Formation Energy (Cell Structure Relaxation): 0.645462154324 Size:  3
Vacancy Formation Energy (Cell Structure Relaxation): 0.645570634665 Size:  3
Vacancy Formation Energy (Cell Structure Relaxation): 0.645450455267 Size:  3
Vacancy Formation Energy (Cell Structure Relaxation): 0.645557884385 Size:  3
Vacancy Formation Energy (Cell Structure Relaxation): 0.645447919907 Size:  3
Vacancy Formation Energy (Cell Structure Relaxation): 0.645534664694 Size:  3
Vacancy Formation Energy (Cell Structure Relaxation): 0.645870371937 Size:  3
Vacancy Formation Energy (Cell Structure Relaxation): 0.645415087442 Size:  3
Vacancy Formation Energy (Cell Structure Relaxation): 0.645548126435 Size:  3
Vacancy Formation Energy (Cell Structure Relaxation): 0.64544400885 Size:  3
Vacancy Formation Energy (Cell Structure Relaxation): 0.645465206892 Size:  3
Vacancy Formation Energy (Cell Structure Relaxation): 0.645437655182 Size:  3
Vacancy Formation Energy (Cell Structure Relaxation): 0.645466458789 Size:  3
Vacancy Formation Energy (Cell Structure Relaxation): 0.645420108106 Size:  3
Vacancy Formation Energy (Cell Structure Relaxation): 0.6454561793 Size:  3
Vacancy Formation Energy (Cell Structure Relaxation): 0.64541622924 Size:  3
Vacancy Formation Energy (Cell Structure Relaxation): 0.645477510524 Size:  3
Vacancy Formation Energy (Cell Structure Relaxation): 0.645412728231 Size:  3
Vacancy Formation Energy (Cell Structure Relaxation): 0.645460565391 Size:  3
Vacancy Formation Energy (Cell Structure Relaxation): 0.645413267307 Size:  3
Vacancy Formation Energy (Cell Structure Relaxation): 0.645483567081 Size:  3
Vacancy Formation Energy (Cell Structure Relaxation): 0.645410147899 Size:  3
Vacancy Formation Energy (Cell Structure Relaxation): 0.645434719149 Size:  3
Vacancy Formation Energy (Cell Structure Relaxation): 0.645410845087 Size:  3
Vacancy Formation Energy (Cell Structure Relaxation): 0.645441727938 Size:  3
Vacancy Formation Energy (Cell Structure Relaxation): 0.645405651889 Size:  3
Vacancy Formation Energy (Cell Structure Relaxation): 0.645414690845 Size:  3
Vacancy Formation Energy (Cell Structure Relaxation): 0.645447101629 Size:  3
Vacancy Formation Energy (Cell Structure Relaxation): 0.645403784019 Size:  3
Vacancy Formation Energy (Cell Structure Relaxation): 0.645414548069 Size:  3
Vacancy Formation Energy (Cell Structure Relaxation): 0.645406701823 Size:  3
Vacancy Formation Energy (Cell Structure Relaxation): 0.645410684407 Size:  3
Vacancy Formation Energy (Cell Structure Relaxation): 0.645408545686 Size:  3
Vacancy Formation Energy (Cell Structure Relaxation): 0.645412294973 Size:  3
Vacancy Formation Energy (Cell Structure Relaxation): 0.645404878297 Size:  3
Vacancy Formation Energy (Cell Structure Relaxation): 0.645413343168 Size:  3
Vacancy Formation Energy (Cell Structure Relaxation): 0.64540470707 Size:  3
Vacancy Formation Energy (Cell Structure Relaxation): 0.645409578823 Size:  3
Vacancy Formation Energy (Cell Structure Relaxation): 0.645404497229 Size:  3
Vacancy Formation Energy (Cell Structure Relaxation): 0.645412106058 Size:  3
Vacancy Formation Energy (Cell Structure Relaxation): 0.645403957455 Size:  3
Vacancy Formation Energy (Cell Structure Relaxation): 0.645409063518 Size:  3
Vacancy Formation Energy (Cell Structure Relaxation): 0.645403630009 Size:  3
Vacancy Formation Energy (Cell Structure Relaxation): 0.645407748684 Size:  3
Vacancy Formation Energy (Cell Structure Relaxation): 0.64540341034 Size:  3
Vacancy Formation Energy (Cell Structure Relaxation): 0.645405051362 Size:  3
Vacancy Formation Energy (Cell Structure Relaxation): 0.645403395615 Size:  3
Vacancy Formation Energy (Cell Structure Relaxation): 0.645406317118 Size:  3
Vacancy Formation Energy (Cell Structure Relaxation): 0.645403227632 Size:  3
Vacancy Formation Energy (Cell Structure Relaxation): 0.64540379809 Size:  3
Vacancy Formation Energy (Cell Structure Relaxation): 0.645404247052 Size:  3
Vacancy Formation Energy (Cell Structure Relaxation): 0.64540308912 Size:  3
Vacancy Formation Energy (Cell Structure Relaxation): 0.645404607401 Size:  3
Vacancy Formation Energy (Cell Structure Relaxation): 0.645403004499 Size:  3
Vacancy Formation Energy (Cell Structure Relaxation): 0.64540480273 Size:  3
Vacancy Formation Energy (Cell Structure Relaxation): 0.645402991471 Size:  3
Vacancy Formation Energy (Cell Structure Relaxation): 0.64540435738 Size:  3
Vacancy Formation Energy (Cell Structure Relaxation): 0.645402989499 Size:  3
Vacancy Formation Energy (Cell Structure Relaxation): 0.645403849889 Size:  3
Vacancy Formation Energy (Cell Structure Relaxation): 0.645402967354 Size:  3
Vacancy Formation Energy (Cell Structure Relaxation): 0.645403090434 Size:  3
Vacancy Formation Energy (Cell Structure Relaxation): 0.645403155936 Size:  3
Vacancy Formation Energy (Cell Structure Relaxation): 0.645402898806 Size:  3
Vacancy Formation Energy (Cell Structure Relaxation): 0.645403259726 Size:  3
Vacancy Formation Energy (Cell Structure Relaxation): 0.645402873717 Size:  3
Vacancy Formation Energy (Cell Structure Relaxation): 0.645402945076 Size:  3
Vacancy Formation Energy (Cell Structure Relaxation): 0.645403268547 Size:  3
Vacancy Formation Energy (Cell Structure Relaxation): 0.645402830935 Size:  3
Vacancy Formation Energy (Cell Structure Relaxation): 0.645403042197 Size:  3
Vacancy Formation Energy (Cell Structure Relaxation): 0.645402848004 Size:  3
Vacancy Formation Energy (Cell Structure Relaxation): 0.645403062384 Size:  3
Vacancy Formation Energy (Cell Structure Relaxation): 0.645402844738 Size:  3
Vacancy Formation Energy (Cell Structure Relaxation): 0.645402965659 Size:  3
Vacancy Formation Energy (Cell Structure Relaxation): 0.645402843988 Size:  3
Vacancy Formation Energy (Cell Structure Relaxation): 0.645402982851 Size:  3
Vacancy Formation Energy (Cell Structure Relaxation): 0.645402834475 Size:  3
Vacancy Formation Energy (Cell Structure Relaxation): 0.645402952994 Size:  3
Vacancy Formation Energy (Cell Structure Relaxation): 0.645402821501 Size:  3
Vacancy Formation Energy (Cell Structure Relaxation): 0.645402932779 Size:  3
Vacancy Formation Energy (Cell Structure Relaxation): 0.645402815318 Size:  3
Vacancy Formation Energy (Cell Structure Relaxation): 0.645402829045 Size:  3
Vacancy Formation Energy (Cell Structure Relaxation): 0.645402858483 Size:  3
Vacancy Formation Energy (Cell Structure Relaxation): 0.645402810452 Size:  3
Vacancy Formation Energy (Cell Structure Relaxation): 0.64540284792 Size:  3
Vacancy Formation Energy (Cell Structure Relaxation): 0.645402810835 Size:  3
Vacancy Formation Energy (Cell Structure Relaxation): 0.645402843334 Size:  3
Vacancy Formation Energy (Cell Structure Relaxation): 0.645402807794 Size:  3
Vacancy Formation Energy (Cell Structure Relaxation): 0.645402862168 Size:  3
Vacancy Formation Energy (Cell Structure Relaxation): 0.645402805009 Size:  3
Vacancy Formation Energy (Cell Structure Relaxation): 0.645402840599 Size:  3
Vacancy Formation Energy (Cell Structure Relaxation): 0.645402806428 Size:  3
Vacancy Formation Energy (Cell Structure Relaxation): 0.645402830506 Size:  3
Vacancy Formation Energy (Cell Structure Relaxation): 0.645402804778 Size:  3
Vacancy Formation Energy (Cell Structure Relaxation): 0.645402832977 Size:  3
Vacancy Formation Energy (Cell Structure Relaxation): 0.645402802604 Size:  3
Vacancy Formation Energy (Cell Structure Relaxation): 0.645402809149 Size:  3
Vacancy Formation Energy (Cell Structure Relaxation): 0.645402812874 Size:  3
Vacancy Formation Energy (Cell Structure Relaxation): 0.645402802682 Size:  3
Vacancy Formation Energy (Cell Structure Relaxation): 0.645402810039 Size:  3
Vacancy Formation Energy (Cell Structure Relaxation): 0.645402802432 Size:  3
Vacancy Formation Energy (Cell Structure Relaxation): 0.645402811254 Size:  3
Vacancy Formation Energy (Cell Structure Relaxation): 0.645402801829 Size:  3
Vacancy Formation Energy (Cell Structure Relaxation): 0.64540280485 Size:  3
Vacancy Formation Energy (Cell Structure Relaxation): 0.645402813992 Size:  3
Vacancy Formation Energy (Cell Structure Relaxation): 0.645402800562 Size:  3
Vacancy Formation Energy (Cell Structure Relaxation): 0.645402805861 Size:  3
Vacancy Formation Energy (Cell Structure Relaxation): 0.645402801287 Size:  3
Vacancy Formation Energy (Cell Structure Relaxation): 0.64540280271 Size:  3
Vacancy Formation Energy (Cell Structure Relaxation): 0.645402800446 Size:  3
Vacancy Formation Energy (Cell Structure Relaxation): 0.645402801983 Size:  3
Vacancy Formation Energy (Cell Structure Relaxation): 0.645402804282 Size:  3
Vacancy Formation Energy (Cell Structure Relaxation): 0.645402800389 Size:  3
Vacancy Formation Energy (Cell Structure Relaxation): 0.645402802167 Size:  3
Vacancy Formation Energy (Cell Structure Relaxation): 0.645402800372 Size:  3
Vacancy Formation Energy (Cell Structure Relaxation): 0.645402802621 Size:  3
Vacancy Formation Energy (Cell Structure Relaxation): 0.645402800276 Size:  3
Vacancy Formation Energy (Cell Structure Relaxation): 0.645402803304 Size:  3
Vacancy Formation Energy (Cell Structure Relaxation): 0.645402800164 Size:  3
Vacancy Formation Energy (Cell Structure Relaxation): 0.64540280109 Size:  3
Vacancy Formation Energy (Cell Structure Relaxation): 0.645402800078 Size:  3
Vacancy Formation Energy (Cell Structure Relaxation): 0.645402801371 Size:  3
Vacancy Formation Energy (Cell Structure Relaxation): 0.645402799894 Size:  3
Vacancy Formation Energy (Cell Structure Relaxation): 0.645402801747 Size:  3
Vacancy Formation Energy (Cell Structure Relaxation): 0.645402799837 Size:  3
Vacancy Formation Energy (Cell Structure Relaxation): 0.645402800163 Size:  3
Vacancy Formation Energy (Cell Structure Relaxation): 0.645402800674 Size:  3
Vacancy Formation Energy (Cell Structure Relaxation): 0.645402799894 Size:  3
Vacancy Formation Energy (Cell Structure Relaxation): 0.645402800926 Size:  3
Vacancy Formation Energy (Cell Structure Relaxation): 0.645402799847 Size:  3
Vacancy Formation Energy (Cell Structure Relaxation): 0.645402800514 Size:  3
Vacancy Formation Energy (Cell Structure Relaxation): 0.645402799849 Size:  3
Vacancy Formation Energy (Cell Structure Relaxation): 0.645402800074 Size:  3
Vacancy Formation Energy (Cell Structure Relaxation): 0.64540280002 Size:  3
Vacancy Formation Energy (Cell Structure Relaxation): 0.64540279996 Size:  3
Vacancy Formation Energy (Cell Structure Relaxation): 0.645402800216 Size:  3
Vacancy Formation Energy (Cell Structure Relaxation): 0.645402799803 Size:  3
Vacancy Formation Energy (Cell Structure Relaxation): 0.645402800022 Size:  3
Vacancy Formation Energy (Cell Structure Relaxation): 0.645402799801 Size:  3
Vacancy Formation Energy (Cell Structure Relaxation): 0.645402800042 Size:  3
Vacancy Formation Energy (Cell Structure Relaxation): 0.645402799779 Size:  3
Optimization terminated successfully.
         Current function value: 0.645403
         Iterations: 115
         Function evaluations: 209
Summary:
Vacancy Formation Energy: 0.645402799779
Unrelaxed Cell Volume: 898.318029171
Relaxed Cell Volume: 891.919246248
Relaxation Volume: 6.39878292285
Relaxed Cell Vector:
[  8.51948707e+00  -4.25969449e+00   7.37837521e+00   1.49529216e-04
  -5.06571968e-06   1.41889857e+01]
Unrelaxed Cell Vector:
[8.5352392625519791, -4.2676196312759895, 7.3917340287483704, 0.0, 0.0, 14.238626058389066]
Relaxed Cell:
[[  8.51948707e+00   0.00000000e+00   0.00000000e+00]
 [ -4.25969449e+00   7.37837521e+00   0.00000000e+00]
 [  1.49529216e-04  -5.06571968e-06   1.41889857e+01]]
Unrelaxed Cell:
[[  8.53523926   0.           0.        ]
 [ -4.26761963   7.39173403   0.        ]
 [  0.           0.          14.23862606]]

Supercell Size: 4
Unrelaxed Cell:
[[ 11.38031902   0.           0.        ]
 [ -5.69015951   9.85564537   0.        ]
 [  0.           0.          18.98483474]]
Unrelaxed Cell Vector:
[11.380319016735971, -5.6901595083679855, 9.8556453716644938, 0.0, 0.0, 18.984834744518754]
Vacancy Formation Energy (Cell Structure Relaxation): 0.649585416407 Size:  4
Vacancy Formation Energy (Cell Structure Relaxation): 2.48677116082 Size:  4
Vacancy Formation Energy (Cell Structure Relaxation): 0.808842486048 Size:  4
Vacancy Formation Energy (Cell Structure Relaxation): 2.36825416412 Size:  4
Vacancy Formation Energy (Cell Structure Relaxation): 0.649347506819 Size:  4
Vacancy Formation Energy (Cell Structure Relaxation): 0.649347507334 Size:  4
Vacancy Formation Energy (Cell Structure Relaxation): 2.17530862948 Size:  4
Vacancy Formation Energy (Cell Structure Relaxation): 3.02307129258 Size:  4
Vacancy Formation Energy (Cell Structure Relaxation): 1.36209367127 Size:  4
Vacancy Formation Energy (Cell Structure Relaxation): 2.54822468053 Size:  4
Vacancy Formation Energy (Cell Structure Relaxation): 1.30306147029 Size:  4
Vacancy Formation Energy (Cell Structure Relaxation): 1.63403017208 Size:  4
Vacancy Formation Energy (Cell Structure Relaxation): 0.890990933227 Size:  4
Vacancy Formation Energy (Cell Structure Relaxation): 1.23772698094 Size:  4
Vacancy Formation Energy (Cell Structure Relaxation): 1.61204640677 Size:  4
Vacancy Formation Energy (Cell Structure Relaxation): 0.822974046479 Size:  4
Vacancy Formation Energy (Cell Structure Relaxation): 1.18814421124 Size:  4
Vacancy Formation Energy (Cell Structure Relaxation): 0.822608720846 Size:  4
Vacancy Formation Energy (Cell Structure Relaxation): 0.965802789088 Size:  4
Vacancy Formation Energy (Cell Structure Relaxation): 0.723268603763 Size:  4
Vacancy Formation Energy (Cell Structure Relaxation): 0.732692753974 Size:  4
Vacancy Formation Energy (Cell Structure Relaxation): 0.816152989877 Size:  4
Vacancy Formation Energy (Cell Structure Relaxation): 0.691615340619 Size:  4
Vacancy Formation Energy (Cell Structure Relaxation): 0.758231386917 Size:  4
Vacancy Formation Energy (Cell Structure Relaxation): 0.670507414546 Size:  4
Vacancy Formation Energy (Cell Structure Relaxation): 0.727616406988 Size:  4
Vacancy Formation Energy (Cell Structure Relaxation): 0.67004736232 Size:  4
Vacancy Formation Energy (Cell Structure Relaxation): 0.70698869469 Size:  4
Vacancy Formation Energy (Cell Structure Relaxation): 0.658256675405 Size:  4
Vacancy Formation Energy (Cell Structure Relaxation): 0.733522618591 Size:  4
Vacancy Formation Energy (Cell Structure Relaxation): 0.652334836709 Size:  4
Vacancy Formation Energy (Cell Structure Relaxation): 0.692369830031 Size:  4
Vacancy Formation Energy (Cell Structure Relaxation): 0.650265455581 Size:  4
Vacancy Formation Energy (Cell Structure Relaxation): 0.672080777113 Size:  4
Vacancy Formation Energy (Cell Structure Relaxation): 0.65214397385 Size:  4
Vacancy Formation Energy (Cell Structure Relaxation): 0.66429230342 Size:  4
Vacancy Formation Energy (Cell Structure Relaxation): 0.648257927964 Size:  4
Vacancy Formation Energy (Cell Structure Relaxation): 0.672332614027 Size:  4
Vacancy Formation Energy (Cell Structure Relaxation): 0.645724819288 Size:  4
Vacancy Formation Energy (Cell Structure Relaxation): 0.65052373893 Size:  4
Vacancy Formation Energy (Cell Structure Relaxation): 0.647070297784 Size:  4
Vacancy Formation Energy (Cell Structure Relaxation): 0.658936576422 Size:  4
Vacancy Formation Energy (Cell Structure Relaxation): 0.646332741178 Size:  4
Vacancy Formation Energy (Cell Structure Relaxation): 0.645629324043 Size:  4
Vacancy Formation Energy (Cell Structure Relaxation): 0.647845625311 Size:  4
Vacancy Formation Energy (Cell Structure Relaxation): 0.64680763237 Size:  4
Vacancy Formation Energy (Cell Structure Relaxation): 0.650244660574 Size:  4
Vacancy Formation Energy (Cell Structure Relaxation): 0.646303139051 Size:  4
Vacancy Formation Energy (Cell Structure Relaxation): 0.64592937155 Size:  4
Vacancy Formation Energy (Cell Structure Relaxation): 0.645801034093 Size:  4
Vacancy Formation Energy (Cell Structure Relaxation): 0.646974622319 Size:  4
Vacancy Formation Energy (Cell Structure Relaxation): 0.645390395841 Size:  4
Vacancy Formation Energy (Cell Structure Relaxation): 0.646491471618 Size:  4
Vacancy Formation Energy (Cell Structure Relaxation): 0.645269986976 Size:  4
Vacancy Formation Energy (Cell Structure Relaxation): 0.647160974464 Size:  4
Vacancy Formation Energy (Cell Structure Relaxation): 0.645191638207 Size:  4
Vacancy Formation Energy (Cell Structure Relaxation): 0.646998490794 Size:  4
Vacancy Formation Energy (Cell Structure Relaxation): 0.645092770867 Size:  4
Vacancy Formation Energy (Cell Structure Relaxation): 0.646405524445 Size:  4
Vacancy Formation Energy (Cell Structure Relaxation): 0.645107058811 Size:  4
Vacancy Formation Energy (Cell Structure Relaxation): 0.646847546872 Size:  4
Vacancy Formation Energy (Cell Structure Relaxation): 0.645042178775 Size:  4
Vacancy Formation Energy (Cell Structure Relaxation): 0.64526940571 Size:  4
Vacancy Formation Energy (Cell Structure Relaxation): 0.645607011845 Size:  4
Vacancy Formation Energy (Cell Structure Relaxation): 0.645021983316 Size:  4
Vacancy Formation Energy (Cell Structure Relaxation): 0.645267275489 Size:  4
Vacancy Formation Energy (Cell Structure Relaxation): 0.645377049035 Size:  4
Vacancy Formation Energy (Cell Structure Relaxation): 0.645002046605 Size:  4
Vacancy Formation Energy (Cell Structure Relaxation): 0.645268435583 Size:  4
Vacancy Formation Energy (Cell Structure Relaxation): 0.645007669858 Size:  4
Vacancy Formation Energy (Cell Structure Relaxation): 0.645607420017 Size:  4
Vacancy Formation Energy (Cell Structure Relaxation): 0.644953848197 Size:  4
Vacancy Formation Energy (Cell Structure Relaxation): 0.645085853879 Size:  4
Vacancy Formation Energy (Cell Structure Relaxation): 0.645141053484 Size:  4
Vacancy Formation Energy (Cell Structure Relaxation): 0.644963226642 Size:  4
Vacancy Formation Energy (Cell Structure Relaxation): 0.645119940582 Size:  4
Vacancy Formation Energy (Cell Structure Relaxation): 0.64496184203 Size:  4
Vacancy Formation Energy (Cell Structure Relaxation): 0.645052663809 Size:  4
Vacancy Formation Energy (Cell Structure Relaxation): 0.644952113187 Size:  4
Vacancy Formation Energy (Cell Structure Relaxation): 0.645158156304 Size:  4
Vacancy Formation Energy (Cell Structure Relaxation): 0.644936305468 Size:  4
Vacancy Formation Energy (Cell Structure Relaxation): 0.644998136648 Size:  4
Vacancy Formation Energy (Cell Structure Relaxation): 0.645065015852 Size:  4
Vacancy Formation Energy (Cell Structure Relaxation): 0.644938445864 Size:  4
Vacancy Formation Energy (Cell Structure Relaxation): 0.644996883146 Size:  4
Vacancy Formation Energy (Cell Structure Relaxation): 0.644942300092 Size:  4
Vacancy Formation Energy (Cell Structure Relaxation): 0.644967733529 Size:  4
Vacancy Formation Energy (Cell Structure Relaxation): 0.644933363118 Size:  4
Vacancy Formation Energy (Cell Structure Relaxation): 0.644943050021 Size:  4
Vacancy Formation Energy (Cell Structure Relaxation): 0.645017371927 Size:  4
Vacancy Formation Energy (Cell Structure Relaxation): 0.64492413671 Size:  4
Vacancy Formation Energy (Cell Structure Relaxation): 0.644943510873 Size:  4
Vacancy Formation Energy (Cell Structure Relaxation): 0.644926090292 Size:  4
Vacancy Formation Energy (Cell Structure Relaxation): 0.644959330059 Size:  4
Vacancy Formation Energy (Cell Structure Relaxation): 0.644925293513 Size:  4
Vacancy Formation Energy (Cell Structure Relaxation): 0.644944983315 Size:  4
Vacancy Formation Energy (Cell Structure Relaxation): 0.644926297371 Size:  4
Vacancy Formation Energy (Cell Structure Relaxation): 0.644945129567 Size:  4
Vacancy Formation Energy (Cell Structure Relaxation): 0.644924909735 Size:  4
Vacancy Formation Energy (Cell Structure Relaxation): 0.644941136371 Size:  4
Vacancy Formation Energy (Cell Structure Relaxation): 0.644924471884 Size:  4
Vacancy Formation Energy (Cell Structure Relaxation): 0.64492823767 Size:  4
Vacancy Formation Energy (Cell Structure Relaxation): 0.644921936864 Size:  4
Vacancy Formation Energy (Cell Structure Relaxation): 0.644927620691 Size:  4
Vacancy Formation Energy (Cell Structure Relaxation): 0.644921802913 Size:  4
Vacancy Formation Energy (Cell Structure Relaxation): 0.644925700349 Size:  4
Vacancy Formation Energy (Cell Structure Relaxation): 0.644921653904 Size:  4
Vacancy Formation Energy (Cell Structure Relaxation): 0.644923190891 Size:  4
Vacancy Formation Energy (Cell Structure Relaxation): 0.644929690854 Size:  4
Vacancy Formation Energy (Cell Structure Relaxation): 0.64492084355 Size:  4
Vacancy Formation Energy (Cell Structure Relaxation): 0.644924785675 Size:  4
Vacancy Formation Energy (Cell Structure Relaxation): 0.644921135953 Size:  4
Vacancy Formation Energy (Cell Structure Relaxation): 0.644927350006 Size:  4
Vacancy Formation Energy (Cell Structure Relaxation): 0.644920789224 Size:  4
Vacancy Formation Energy (Cell Structure Relaxation): 0.644926051786 Size:  4
Vacancy Formation Energy (Cell Structure Relaxation): 0.644920618114 Size:  4
Vacancy Formation Energy (Cell Structure Relaxation): 0.644923625642 Size:  4
Vacancy Formation Energy (Cell Structure Relaxation): 0.644920441126 Size:  4
Vacancy Formation Energy (Cell Structure Relaxation): 0.644921054387 Size:  4
Vacancy Formation Energy (Cell Structure Relaxation): 0.644921692091 Size:  4
Vacancy Formation Energy (Cell Structure Relaxation): 0.644920438309 Size:  4
Vacancy Formation Energy (Cell Structure Relaxation): 0.644921108552 Size:  4
Vacancy Formation Energy (Cell Structure Relaxation): 0.644920290943 Size:  4
Vacancy Formation Energy (Cell Structure Relaxation): 0.644921099341 Size:  4
Vacancy Formation Energy (Cell Structure Relaxation): 0.644920264484 Size:  4
Vacancy Formation Energy (Cell Structure Relaxation): 0.644922802346 Size:  4
Vacancy Formation Energy (Cell Structure Relaxation): 0.644920054041 Size:  4
Vacancy Formation Energy (Cell Structure Relaxation): 0.644920327407 Size:  4
Vacancy Formation Energy (Cell Structure Relaxation): 0.644920873209 Size:  4
Vacancy Formation Energy (Cell Structure Relaxation): 0.644920117625 Size:  4
Vacancy Formation Energy (Cell Structure Relaxation): 0.644920675899 Size:  4
Vacancy Formation Energy (Cell Structure Relaxation): 0.644920075735 Size:  4
Vacancy Formation Energy (Cell Structure Relaxation): 0.644920118277 Size:  4
Vacancy Formation Energy (Cell Structure Relaxation): 0.644920859608 Size:  4
Vacancy Formation Energy (Cell Structure Relaxation): 0.644919990711 Size:  4
Vacancy Formation Energy (Cell Structure Relaxation): 0.644920191095 Size:  4
Vacancy Formation Energy (Cell Structure Relaxation): 0.644920591125 Size:  4
Vacancy Formation Energy (Cell Structure Relaxation): 0.644919988379 Size:  4
Vacancy Formation Energy (Cell Structure Relaxation): 0.64492021545 Size:  4
Vacancy Formation Energy (Cell Structure Relaxation): 0.644919998061 Size:  4
Vacancy Formation Energy (Cell Structure Relaxation): 0.644920430743 Size:  4
Vacancy Formation Energy (Cell Structure Relaxation): 0.644919956088 Size:  4
Vacancy Formation Energy (Cell Structure Relaxation): 0.644920027121 Size:  4
Vacancy Formation Energy (Cell Structure Relaxation): 0.644920133418 Size:  4
Vacancy Formation Energy (Cell Structure Relaxation): 0.644919960873 Size:  4
Vacancy Formation Energy (Cell Structure Relaxation): 0.644920009536 Size:  4
Vacancy Formation Energy (Cell Structure Relaxation): 0.64492008475 Size:  4
Vacancy Formation Energy (Cell Structure Relaxation): 0.644919944184 Size:  4
Vacancy Formation Energy (Cell Structure Relaxation): 0.644920058138 Size:  4
Vacancy Formation Energy (Cell Structure Relaxation): 0.644919940819 Size:  4
Vacancy Formation Energy (Cell Structure Relaxation): 0.644919955034 Size:  4
Vacancy Formation Energy (Cell Structure Relaxation): 0.644919970078 Size:  4
Vacancy Formation Energy (Cell Structure Relaxation): 0.644919971316 Size:  4
Vacancy Formation Energy (Cell Structure Relaxation): 0.644919925567 Size:  4
Vacancy Formation Energy (Cell Structure Relaxation): 0.644920039204 Size:  4
Vacancy Formation Energy (Cell Structure Relaxation): 0.644919920901 Size:  4
Vacancy Formation Energy (Cell Structure Relaxation): 0.644919929011 Size:  4
Vacancy Formation Energy (Cell Structure Relaxation): 0.644920041389 Size:  4
Vacancy Formation Energy (Cell Structure Relaxation): 0.644919913726 Size:  4
Vacancy Formation Energy (Cell Structure Relaxation): 0.64491995533 Size:  4
Vacancy Formation Energy (Cell Structure Relaxation): 0.64491992145 Size:  4
Vacancy Formation Energy (Cell Structure Relaxation): 0.644919950574 Size:  4
Vacancy Formation Energy (Cell Structure Relaxation): 0.644919917915 Size:  4
Vacancy Formation Energy (Cell Structure Relaxation): 0.644919940863 Size:  4
Vacancy Formation Energy (Cell Structure Relaxation): 0.644919917356 Size:  4
Vacancy Formation Energy (Cell Structure Relaxation): 0.644919953815 Size:  4
Vacancy Formation Energy (Cell Structure Relaxation): 0.644919912299 Size:  4
Vacancy Formation Energy (Cell Structure Relaxation): 0.644919926619 Size:  4
Vacancy Formation Energy (Cell Structure Relaxation): 0.644919913662 Size:  4
Vacancy Formation Energy (Cell Structure Relaxation): 0.644919915283 Size:  4
Vacancy Formation Energy (Cell Structure Relaxation): 0.644919925352 Size:  4
Vacancy Formation Energy (Cell Structure Relaxation): 0.64491991147 Size:  4
Vacancy Formation Energy (Cell Structure Relaxation): 0.644919915817 Size:  4
Vacancy Formation Energy (Cell Structure Relaxation): 0.644919921465 Size:  4
Vacancy Formation Energy (Cell Structure Relaxation): 0.644919910396 Size:  4
Vacancy Formation Energy (Cell Structure Relaxation): 0.644919915713 Size:  4
Vacancy Formation Energy (Cell Structure Relaxation): 0.644919910298 Size:  4
Vacancy Formation Energy (Cell Structure Relaxation): 0.644919917624 Size:  4
Vacancy Formation Energy (Cell Structure Relaxation): 0.644919909943 Size:  4
Vacancy Formation Energy (Cell Structure Relaxation): 0.644919926206 Size:  4
Vacancy Formation Energy (Cell Structure Relaxation): 0.644919908752 Size:  4
Vacancy Formation Energy (Cell Structure Relaxation): 0.64491991345 Size:  4
Vacancy Formation Energy (Cell Structure Relaxation): 0.644919909838 Size:  4
Vacancy Formation Energy (Cell Structure Relaxation): 0.64491991404 Size:  4
Vacancy Formation Energy (Cell Structure Relaxation): 0.644919909394 Size:  4
Vacancy Formation Energy (Cell Structure Relaxation): 0.644919910322 Size:  4
Vacancy Formation Energy (Cell Structure Relaxation): 0.644919911775 Size:  4
Vacancy Formation Energy (Cell Structure Relaxation): 0.644919908851 Size:  4
Vacancy Formation Energy (Cell Structure Relaxation): 0.644919910809 Size:  4
Vacancy Formation Energy (Cell Structure Relaxation): 0.644919908913 Size:  4
Vacancy Formation Energy (Cell Structure Relaxation): 0.644919911827 Size:  4
Vacancy Formation Energy (Cell Structure Relaxation): 0.644919908814 Size:  4
Vacancy Formation Energy (Cell Structure Relaxation): 0.644919909108 Size:  4
Vacancy Formation Energy (Cell Structure Relaxation): 0.644919909274 Size:  4
Vacancy Formation Energy (Cell Structure Relaxation): 0.644919909302 Size:  4
Vacancy Formation Energy (Cell Structure Relaxation): 0.644919908544 Size:  4
Vacancy Formation Energy (Cell Structure Relaxation): 0.644919909173 Size:  4
Vacancy Formation Energy (Cell Structure Relaxation): 0.644919908491 Size:  4
Vacancy Formation Energy (Cell Structure Relaxation): 0.64491991062 Size:  4
Vacancy Formation Energy (Cell Structure Relaxation): 0.644919908356 Size:  4
Vacancy Formation Energy (Cell Structure Relaxation): 0.64491990857 Size:  4
Vacancy Formation Energy (Cell Structure Relaxation): 0.644919908759 Size:  4
Vacancy Formation Energy (Cell Structure Relaxation): 0.644919909486 Size:  4
Vacancy Formation Energy (Cell Structure Relaxation): 0.644919908328 Size:  4
Vacancy Formation Energy (Cell Structure Relaxation): 0.644919908688 Size:  4
Vacancy Formation Energy (Cell Structure Relaxation): 0.644919909275 Size:  4
Vacancy Formation Energy (Cell Structure Relaxation): 0.644919908328 Size:  4
Vacancy Formation Energy (Cell Structure Relaxation): 0.644919908579 Size:  4
Vacancy Formation Energy (Cell Structure Relaxation): 0.644919908311 Size:  4
Vacancy Formation Energy (Cell Structure Relaxation): 0.644919908895 Size:  4
Vacancy Formation Energy (Cell Structure Relaxation): 0.644919908296 Size:  4
Vacancy Formation Energy (Cell Structure Relaxation): 0.644919908859 Size:  4
Vacancy Formation Energy (Cell Structure Relaxation): 0.644919908286 Size:  4
Vacancy Formation Energy (Cell Structure Relaxation): 0.64491990845 Size:  4
Vacancy Formation Energy (Cell Structure Relaxation): 0.644919908298 Size:  4
Vacancy Formation Energy (Cell Structure Relaxation): 0.644919908408 Size:  4
Vacancy Formation Energy (Cell Structure Relaxation): 0.644919908264 Size:  4
Optimization terminated successfully.
         Current function value: 0.644920
         Iterations: 120
         Function evaluations: 217
Summary:
Vacancy Formation Energy: 0.644919908264
Unrelaxed Cell Volume: 2129.34643952
Relaxed Cell Volume: 2122.86934831
Relaxation Volume: 6.47709120847
Relaxed Cell Vector:
[  1.13708716e+01  -5.68491404e+00   9.84726661e+00   1.92613889e-04
   3.25242384e-05   1.89589296e+01]
Unrelaxed Cell Vector:
[11.380319016735971, -5.6901595083679855, 9.8556453716644938, 0.0, 0.0, 18.984834744518754]
Relaxed Cell:
[[  1.13708716e+01   0.00000000e+00   0.00000000e+00]
 [ -5.68491404e+00   9.84726661e+00   0.00000000e+00]
 [  1.92613889e-04   3.25242384e-05   1.89589296e+01]]
Unrelaxed Cell:
[[ 11.38031902   0.           0.        ]
 [ -5.69015951   9.85564537   0.        ]
 [  0.           0.          18.98483474]]

Supercell Size: 5
Unrelaxed Cell:
[[ 14.22539877   0.           0.        ]
 [ -7.11269939  12.31955671   0.        ]
 [  0.           0.          23.73104343]]
Unrelaxed Cell Vector:
[14.225398770919963, -7.1126993854599814, 12.319556714580617, 0.0, 0.0, 23.731043430648441]
Vacancy Formation Energy (Cell Structure Relaxation): 0.646456827168 Size:  5
Vacancy Formation Energy (Cell Structure Relaxation): 4.12257168386 Size:  5
Vacancy Formation Energy (Cell Structure Relaxation): 0.960174127376 Size:  5
Vacancy Formation Energy (Cell Structure Relaxation): 3.88899147131 Size:  5
Vacancy Formation Energy (Cell Structure Relaxation): 0.645862910968 Size:  5
Vacancy Formation Energy (Cell Structure Relaxation): 0.645862911415 Size:  5
Vacancy Formation Energy (Cell Structure Relaxation): 3.51166396933 Size:  5
Vacancy Formation Energy (Cell Structure Relaxation): 5.38084765035 Size:  5
Vacancy Formation Energy (Cell Structure Relaxation): 1.95343022441 Size:  5
Vacancy Formation Energy (Cell Structure Relaxation): 4.45552409378 Size:  5
Vacancy Formation Energy (Cell Structure Relaxation): 1.84099429631 Size:  5
Vacancy Formation Energy (Cell Structure Relaxation): 2.6721299339 Size:  5
Vacancy Formation Energy (Cell Structure Relaxation): 1.14883132322 Size:  5
Vacancy Formation Energy (Cell Structure Relaxation): 1.87281733531 Size:  5
Vacancy Formation Energy (Cell Structure Relaxation): 0.926162021247 Size:  5
Vacancy Formation Energy (Cell Structure Relaxation): 2.25552187973 Size:  5
Vacancy Formation Energy (Cell Structure Relaxation): 0.975986572017 Size:  5
Vacancy Formation Energy (Cell Structure Relaxation): 1.16679304875 Size:  5
Vacancy Formation Energy (Cell Structure Relaxation): 0.800684138759 Size:  5
Vacancy Formation Energy (Cell Structure Relaxation): 1.03396322043 Size:  5
Vacancy Formation Energy (Cell Structure Relaxation): 0.75372129796 Size:  5
Vacancy Formation Energy (Cell Structure Relaxation): 0.855592971277 Size:  5
Vacancy Formation Energy (Cell Structure Relaxation): 0.92206542688 Size:  5
Vacancy Formation Energy (Cell Structure Relaxation): 0.737871423791 Size:  5
Vacancy Formation Energy (Cell Structure Relaxation): 0.855876785548 Size:  5
Vacancy Formation Energy (Cell Structure Relaxation): 0.710684517955 Size:  5
Vacancy Formation Energy (Cell Structure Relaxation): 0.800403256899 Size:  5
Vacancy Formation Energy (Cell Structure Relaxation): 0.696364353772 Size:  5
Vacancy Formation Energy (Cell Structure Relaxation): 0.758866065852 Size:  5
Vacancy Formation Energy (Cell Structure Relaxation): 0.684864413187 Size:  5
Vacancy Formation Energy (Cell Structure Relaxation): 0.677915352863 Size:  5
Vacancy Formation Energy (Cell Structure Relaxation): 0.724561642778 Size:  5
Vacancy Formation Energy (Cell Structure Relaxation): 0.66497438796 Size:  5
Vacancy Formation Energy (Cell Structure Relaxation): 0.680490498512 Size:  5
Vacancy Formation Energy (Cell Structure Relaxation): 0.6672624492 Size:  5
Vacancy Formation Energy (Cell Structure Relaxation): 0.682728445689 Size:  5
Vacancy Formation Energy (Cell Structure Relaxation): 0.653732452437 Size:  5
Vacancy Formation Energy (Cell Structure Relaxation): 0.670686463163 Size:  5
Vacancy Formation Energy (Cell Structure Relaxation): 0.650149450234 Size:  5
Vacancy Formation Energy (Cell Structure Relaxation): 0.697221391183 Size:  5
Vacancy Formation Energy (Cell Structure Relaxation): 0.647089347659 Size:  5
Vacancy Formation Energy (Cell Structure Relaxation): 0.660648091181 Size:  5
Vacancy Formation Energy (Cell Structure Relaxation): 0.647337525782 Size:  5
Vacancy Formation Energy (Cell Structure Relaxation): 0.658694209658 Size:  5
Vacancy Formation Energy (Cell Structure Relaxation): 0.645758534822 Size:  5
Vacancy Formation Energy (Cell Structure Relaxation): 0.654214689139 Size:  5
Vacancy Formation Energy (Cell Structure Relaxation): 0.644990689946 Size:  5
Vacancy Formation Energy (Cell Structure Relaxation): 0.648956679187 Size:  5
Vacancy Formation Energy (Cell Structure Relaxation): 0.644468428978 Size:  5
Vacancy Formation Energy (Cell Structure Relaxation): 0.655631738894 Size:  5
Vacancy Formation Energy (Cell Structure Relaxation): 0.64381190641 Size:  5
Vacancy Formation Energy (Cell Structure Relaxation): 0.644191428201 Size:  5
Vacancy Formation Energy (Cell Structure Relaxation): 0.645641111071 Size:  5
Vacancy Formation Energy (Cell Structure Relaxation): 0.649097561919 Size:  5
Vacancy Formation Energy (Cell Structure Relaxation): 0.643943287034 Size:  5
Vacancy Formation Energy (Cell Structure Relaxation): 0.64464234881 Size:  5
Vacancy Formation Energy (Cell Structure Relaxation): 0.645724540897 Size:  5
Vacancy Formation Energy (Cell Structure Relaxation): 0.644117529562 Size:  5
Vacancy Formation Energy (Cell Structure Relaxation): 0.645917086084 Size:  5
Vacancy Formation Energy (Cell Structure Relaxation): 0.643882439319 Size:  5
Vacancy Formation Energy (Cell Structure Relaxation): 0.645552625136 Size:  5
Vacancy Formation Energy (Cell Structure Relaxation): 0.643800738983 Size:  5
Vacancy Formation Energy (Cell Structure Relaxation): 0.644252652415 Size:  5
Vacancy Formation Energy (Cell Structure Relaxation): 0.643749966989 Size:  5
Vacancy Formation Energy (Cell Structure Relaxation): 0.643849854674 Size:  5
Vacancy Formation Energy (Cell Structure Relaxation): 0.644310124731 Size:  5
Vacancy Formation Energy (Cell Structure Relaxation): 0.643679370233 Size:  5
Vacancy Formation Energy (Cell Structure Relaxation): 0.644335715984 Size:  5
Vacancy Formation Energy (Cell Structure Relaxation): 0.643621425763 Size:  5
Vacancy Formation Energy (Cell Structure Relaxation): 0.64372108646 Size:  5
Vacancy Formation Energy (Cell Structure Relaxation): 0.644230669748 Size:  5
Vacancy Formation Energy (Cell Structure Relaxation): 0.643586559616 Size:  5
Vacancy Formation Energy (Cell Structure Relaxation): 0.643954002662 Size:  5
Vacancy Formation Energy (Cell Structure Relaxation): 0.643600382616 Size:  5
Vacancy Formation Energy (Cell Structure Relaxation): 0.64377583986 Size:  5
Vacancy Formation Energy (Cell Structure Relaxation): 0.643598769324 Size:  5
Vacancy Formation Energy (Cell Structure Relaxation): 0.643689960425 Size:  5
Vacancy Formation Energy (Cell Structure Relaxation): 0.64369750783 Size:  5
Vacancy Formation Energy (Cell Structure Relaxation): 0.643569356984 Size:  5
Vacancy Formation Energy (Cell Structure Relaxation): 0.643828507814 Size:  5
Vacancy Formation Energy (Cell Structure Relaxation): 0.643556999512 Size:  5
Vacancy Formation Energy (Cell Structure Relaxation): 0.643617488275 Size:  5
Vacancy Formation Energy (Cell Structure Relaxation): 0.643626915366 Size:  5
Vacancy Formation Energy (Cell Structure Relaxation): 0.643545852776 Size:  5
Vacancy Formation Energy (Cell Structure Relaxation): 0.643685094556 Size:  5
Vacancy Formation Energy (Cell Structure Relaxation): 0.643539042493 Size:  5
Vacancy Formation Energy (Cell Structure Relaxation): 0.643661453762 Size:  5
Vacancy Formation Energy (Cell Structure Relaxation): 0.643535841476 Size:  5
Vacancy Formation Energy (Cell Structure Relaxation): 0.643693222561 Size:  5
Vacancy Formation Energy (Cell Structure Relaxation): 0.643533272975 Size:  5
Vacancy Formation Energy (Cell Structure Relaxation): 0.643612429556 Size:  5
Vacancy Formation Energy (Cell Structure Relaxation): 0.643537013584 Size:  5
Vacancy Formation Energy (Cell Structure Relaxation): 0.643561673819 Size:  5
Vacancy Formation Energy (Cell Structure Relaxation): 0.643531570759 Size:  5
Vacancy Formation Energy (Cell Structure Relaxation): 0.643552276568 Size:  5
Vacancy Formation Energy (Cell Structure Relaxation): 0.643528810352 Size:  5
Vacancy Formation Energy (Cell Structure Relaxation): 0.643553273007 Size:  5
Vacancy Formation Energy (Cell Structure Relaxation): 0.643526827228 Size:  5
Vacancy Formation Energy (Cell Structure Relaxation): 0.643542598117 Size:  5
Vacancy Formation Energy (Cell Structure Relaxation): 0.643525412558 Size:  5
Vacancy Formation Energy (Cell Structure Relaxation): 0.643545873171 Size:  5
Vacancy Formation Energy (Cell Structure Relaxation): 0.643524391098 Size:  5
Vacancy Formation Energy (Cell Structure Relaxation): 0.64354656595 Size:  5
Vacancy Formation Energy (Cell Structure Relaxation): 0.643523977742 Size:  5
Vacancy Formation Energy (Cell Structure Relaxation): 0.643543956547 Size:  5
Vacancy Formation Energy (Cell Structure Relaxation): 0.643523446346 Size:  5
Vacancy Formation Energy (Cell Structure Relaxation): 0.643538852457 Size:  5
Vacancy Formation Energy (Cell Structure Relaxation): 0.64352341227 Size:  5
Vacancy Formation Energy (Cell Structure Relaxation): 0.643528158934 Size:  5
Vacancy Formation Energy (Cell Structure Relaxation): 0.643523100236 Size:  5
Vacancy Formation Energy (Cell Structure Relaxation): 0.643529028026 Size:  5
Vacancy Formation Energy (Cell Structure Relaxation): 0.643522604632 Size:  5
Vacancy Formation Energy (Cell Structure Relaxation): 0.643525376611 Size:  5
Vacancy Formation Energy (Cell Structure Relaxation): 0.643522415317 Size:  5
Vacancy Formation Energy (Cell Structure Relaxation): 0.643528399609 Size:  5
Vacancy Formation Energy (Cell Structure Relaxation): 0.64352182908 Size:  5
Vacancy Formation Energy (Cell Structure Relaxation): 0.643523582256 Size:  5
Vacancy Formation Energy (Cell Structure Relaxation): 0.643521932179 Size:  5
Vacancy Formation Energy (Cell Structure Relaxation): 0.643526920175 Size:  5
Vacancy Formation Energy (Cell Structure Relaxation): 0.643521643353 Size:  5
Vacancy Formation Energy (Cell Structure Relaxation): 0.643523585822 Size:  5
Vacancy Formation Energy (Cell Structure Relaxation): 0.643521946467 Size:  5
Vacancy Formation Energy (Cell Structure Relaxation): 0.64352234337 Size:  5
Vacancy Formation Energy (Cell Structure Relaxation): 0.643522526669 Size:  5
Vacancy Formation Energy (Cell Structure Relaxation): 0.643521636247 Size:  5
Vacancy Formation Energy (Cell Structure Relaxation): 0.643523031874 Size:  5
Vacancy Formation Energy (Cell Structure Relaxation): 0.643521555893 Size:  5
Vacancy Formation Energy (Cell Structure Relaxation): 0.643523028162 Size:  5
Vacancy Formation Energy (Cell Structure Relaxation): 0.643521534848 Size:  5
Vacancy Formation Energy (Cell Structure Relaxation): 0.64352200353 Size:  5
Vacancy Formation Energy (Cell Structure Relaxation): 0.643521494224 Size:  5
Vacancy Formation Energy (Cell Structure Relaxation): 0.643522407857 Size:  5
Vacancy Formation Energy (Cell Structure Relaxation): 0.643521452427 Size:  5
Vacancy Formation Energy (Cell Structure Relaxation): 0.643522085326 Size:  5
Vacancy Formation Energy (Cell Structure Relaxation): 0.643521449065 Size:  5
Vacancy Formation Energy (Cell Structure Relaxation): 0.643521869445 Size:  5
Vacancy Formation Energy (Cell Structure Relaxation): 0.643521407956 Size:  5
Vacancy Formation Energy (Cell Structure Relaxation): 0.643521591966 Size:  5
Vacancy Formation Energy (Cell Structure Relaxation): 0.643521406893 Size:  5
Vacancy Formation Energy (Cell Structure Relaxation): 0.643521786923 Size:  5
Vacancy Formation Energy (Cell Structure Relaxation): 0.643521381985 Size:  5
Vacancy Formation Energy (Cell Structure Relaxation): 0.643521661488 Size:  5
Vacancy Formation Energy (Cell Structure Relaxation): 0.643521387928 Size:  5
Vacancy Formation Energy (Cell Structure Relaxation): 0.643521505512 Size:  5
Vacancy Formation Energy (Cell Structure Relaxation): 0.643521388072 Size:  5
Vacancy Formation Energy (Cell Structure Relaxation): 0.64352143572 Size:  5
Vacancy Formation Energy (Cell Structure Relaxation): 0.643521435643 Size:  5
Vacancy Formation Energy (Cell Structure Relaxation): 0.643521430883 Size:  5
Vacancy Formation Energy (Cell Structure Relaxation): 0.643521462518 Size:  5
Vacancy Formation Energy (Cell Structure Relaxation): 0.643521367896 Size:  5
Vacancy Formation Energy (Cell Structure Relaxation): 0.643521426833 Size:  5
Vacancy Formation Energy (Cell Structure Relaxation): 0.643521366763 Size:  5
Vacancy Formation Energy (Cell Structure Relaxation): 0.643521436372 Size:  5
Vacancy Formation Energy (Cell Structure Relaxation): 0.64352135958 Size:  5
Vacancy Formation Energy (Cell Structure Relaxation): 0.643521463055 Size:  5
Vacancy Formation Energy (Cell Structure Relaxation): 0.643521357087 Size:  5
Vacancy Formation Energy (Cell Structure Relaxation): 0.643521423806 Size:  5
Vacancy Formation Energy (Cell Structure Relaxation): 0.643521354796 Size:  5
Vacancy Formation Energy (Cell Structure Relaxation): 0.643521419833 Size:  5
Vacancy Formation Energy (Cell Structure Relaxation): 0.643521355383 Size:  5
Vacancy Formation Energy (Cell Structure Relaxation): 0.643521380607 Size:  5
Vacancy Formation Energy (Cell Structure Relaxation): 0.643521356122 Size:  5
Vacancy Formation Energy (Cell Structure Relaxation): 0.643521372719 Size:  5
Vacancy Formation Energy (Cell Structure Relaxation): 0.643521352561 Size:  5
Vacancy Formation Energy (Cell Structure Relaxation): 0.643521373869 Size:  5
Vacancy Formation Energy (Cell Structure Relaxation): 0.643521351968 Size:  5
Vacancy Formation Energy (Cell Structure Relaxation): 0.643521365364 Size:  5
Vacancy Formation Energy (Cell Structure Relaxation): 0.643521350332 Size:  5
Vacancy Formation Energy (Cell Structure Relaxation): 0.643521370318 Size:  5
Vacancy Formation Energy (Cell Structure Relaxation): 0.643521349156 Size:  5
Vacancy Formation Energy (Cell Structure Relaxation): 0.643521353604 Size:  5
Vacancy Formation Energy (Cell Structure Relaxation): 0.643521358142 Size:  5
Vacancy Formation Energy (Cell Structure Relaxation): 0.64352134948 Size:  5
Vacancy Formation Energy (Cell Structure Relaxation): 0.643521360695 Size:  5
Vacancy Formation Energy (Cell Structure Relaxation): 0.643521349079 Size:  5
Vacancy Formation Energy (Cell Structure Relaxation): 0.643521355611 Size:  5
Vacancy Formation Energy (Cell Structure Relaxation): 0.643521349141 Size:  5
Vacancy Formation Energy (Cell Structure Relaxation): 0.643521354197 Size:  5
Vacancy Formation Energy (Cell Structure Relaxation): 0.643521348889 Size:  5
Vacancy Formation Energy (Cell Structure Relaxation): 0.643521349178 Size:  5
Vacancy Formation Energy (Cell Structure Relaxation): 0.643521350301 Size:  5
Vacancy Formation Energy (Cell Structure Relaxation): 0.64352134818 Size:  5
Vacancy Formation Energy (Cell Structure Relaxation): 0.643521349606 Size:  5
Vacancy Formation Energy (Cell Structure Relaxation): 0.643521347947 Size:  5
Vacancy Formation Energy (Cell Structure Relaxation): 0.643521350574 Size:  5
Vacancy Formation Energy (Cell Structure Relaxation): 0.643521347746 Size:  5
Vacancy Formation Energy (Cell Structure Relaxation): 0.643521351082 Size:  5
Vacancy Formation Energy (Cell Structure Relaxation): 0.643521347714 Size:  5
Vacancy Formation Energy (Cell Structure Relaxation): 0.64352135023 Size:  5
Vacancy Formation Energy (Cell Structure Relaxation): 0.643521347808 Size:  5
Vacancy Formation Energy (Cell Structure Relaxation): 0.643521348406 Size:  5
Vacancy Formation Energy (Cell Structure Relaxation): 0.643521350221 Size:  5
Vacancy Formation Energy (Cell Structure Relaxation): 0.643521347664 Size:  5
Vacancy Formation Energy (Cell Structure Relaxation): 0.643521349215 Size:  5
Vacancy Formation Energy (Cell Structure Relaxation): 0.643521347583 Size:  5
Vacancy Formation Energy (Cell Structure Relaxation): 0.643521348085 Size:  5
Vacancy Formation Energy (Cell Structure Relaxation): 0.643521347579 Size:  5
Vacancy Formation Energy (Cell Structure Relaxation): 0.643521347424 Size:  5
Vacancy Formation Energy (Cell Structure Relaxation): 0.643521348137 Size:  5
Vacancy Formation Energy (Cell Structure Relaxation): 0.64352134871 Size:  5
Vacancy Formation Energy (Cell Structure Relaxation): 0.643521347376 Size:  5
Vacancy Formation Energy (Cell Structure Relaxation): 0.643521347754 Size:  5
Vacancy Formation Energy (Cell Structure Relaxation): 0.643521347448 Size:  5
Optimization terminated successfully.
         Current function value: 0.643521
         Iterations: 108
         Function evaluations: 203
Summary:
Vacancy Formation Energy: 0.643521347376
Unrelaxed Cell Volume: 4158.87976468
Relaxed Cell Volume: 4152.41311059
Relaxation Volume: 6.46665408676
Relaxed Cell Vector:
[  1.42194870e+01  -7.10982563e+00   1.23139843e+01   1.52334235e-04
   1.68887959e-05   2.37147215e+01]
Unrelaxed Cell Vector:
[14.225398770919963, -7.1126993854599814, 12.319556714580617, 0.0, 0.0, 23.731043430648441]
Relaxed Cell:
[[  1.42194870e+01   0.00000000e+00   0.00000000e+00]
 [ -7.10982563e+00   1.23139843e+01   0.00000000e+00]
 [  1.52334235e-04   1.68887959e-05   2.37147215e+01]]
Unrelaxed Cell:
[[ 14.22539877   0.           0.        ]
 [ -7.11269939  12.31955671   0.        ]
 [  0.           0.          23.73104343]]

[Calculation Results Summary]
Sizes: [3, 4, 5]
Formation Energy By Size:
[0.64540279977856585, 0.6449199082640007, 0.64352134737646338]
Relaxation Volume By Size:
[6.3987829228528881, 6.4770912084713927, 6.466654086762901]

[Extrapolation]
Fitting with 2 points, including orders [0, 3]
Fit with data beginning 0

Fit with Size: [3 4]
Orders: [0, 3]
Matrix A (Ax = y):
[[ 1.          0.03703704]
 [ 1.          0.015625  ]]
Data for Fitting: [ 0.6454028   0.64491991]
Fitting Results: (array([ 0.64456753,  0.02255234]), array([], dtype=float64), 2, array([ 1.41470379,  0.01513535]))

Fit with Size: [3 4]
Orders: [0, 3]
Matrix A (Ax = y):
[[ 1.          0.03703704]
 [ 1.          0.015625  ]]
Data for Fitting: [ 6.39878292  6.47709121]
Fitting Results: (array([ 6.53423509, -3.65720858]), array([], dtype=float64), 2, array([ 1.41470379,  0.01513535]))
Fit with data beginning 1

Fit with Size: [4 5]
Orders: [0, 3]
Matrix A (Ax = y):
[[ 1.        0.015625]
 [ 1.        0.008   ]]
Data for Fitting: [ 0.64491991  0.64352135]
Fitting Results: (array([ 0.642054  ,  0.18341782]), array([], dtype=float64), 2, array([ 1.41431223,  0.00539131]))

Fit with Size: [4 5]
Orders: [0, 3]
Matrix A (Ax = y):
[[ 1.        0.015625]
 [ 1.        0.008   ]]
Data for Fitting: [ 6.47709121  6.46665409]
Fitting Results: (array([ 6.45570366,  1.36880285]), array([], dtype=float64), 2, array([ 1.41431223,  0.00539131]))
Fitting with 3 points, including orders [0, 3]
Fit with data beginning 0

Fit with Size: [3 4 5]
Orders: [0, 3]
Matrix A (Ax = y):
[[ 1.          0.03703704]
 [ 1.          0.015625  ]
 [ 1.          0.008     ]]
Data for Fitting: [ 0.6454028   0.64491991  0.64352135]
Fitting Results: (array([ 0.64348993,  0.05562395]), array([  5.07291271e-07]), 2, array([ 1.73240492,  0.02128544]))

Fit with Size: [3 4 5]
Orders: [0, 3]
Matrix A (Ax = y):
[[ 1.          0.03703704]
 [ 1.          0.015625  ]
 [ 1.          0.008     ]]
Data for Fitting: [ 6.39878292  6.47709121  6.46665409]
Fitting Results: (array([ 6.50056713, -2.62393363]), array([ 0.0004952]), 2, array([ 1.73240492,  0.02128544]))
Fitting with 3 points, including orders [0, 3, 4]
Fit with data beginning 0

Fit with Size: [3 4 5]
Orders: [0, 3, 4]
Matrix A (Ax = y):
[[ 1.          0.03703704  0.01234568]
 [ 1.          0.015625    0.00390625]
 [ 1.          0.008       0.0016    ]]
Data for Fitting: [ 0.6454028   0.64491991  0.64352135]
Fitting Results: (array([ 0.64061585,  0.71409512, -1.75454282]), array([], dtype=float64), 3, array([  1.73243559e+00,   2.27351353e-02,   3.80051182e-04]))

Fit with Size: [3 4 5]
Orders: [0, 3, 4]
Matrix A (Ax = y):
[[ 1.          0.03703704  0.01234568]
 [ 1.          0.015625    0.00390625]
 [ 1.          0.008       0.0016    ]]
Data for Fitting: [ 6.39878292  6.47709121  6.46665409]
Fitting Results: (array([  6.41077073,  17.94905431, -54.81817556]), array([], dtype=float64), 3, array([  1.73243559e+00,   2.27351353e-02,   3.80051182e-04]))
Fitting with 3 points, including orders [0, 3, 5]
Fit with data beginning 0

Fit with Size: [3 4 5]
Orders: [0, 3, 5]
Matrix A (Ax = y):
[[  1.00000000e+00   3.70370370e-02   4.11522634e-03]
 [  1.00000000e+00   1.56250000e-02   9.76562500e-04]
 [  1.00000000e+00   8.00000000e-03   3.20000000e-04]]
Data for Fitting: [ 0.6454028   0.64491991  0.64352135]
Fitting Results: (array([ 0.64107289,  0.41245452, -2.65992165]), array([], dtype=float64), 3, array([  1.73240774e+00,   2.14761184e-02,   2.65390853e-04]))

Fit with Size: [3 4 5]
Orders: [0, 3, 5]
Matrix A (Ax = y):
[[  1.00000000e+00   3.70370370e-02   4.11522634e-03]
 [  1.00000000e+00   1.56250000e-02   9.76562500e-04]
 [  1.00000000e+00   8.00000000e-03   3.20000000e-04]]
Data for Fitting: [ 6.39878292  6.47709121  6.46665409]
Fitting Results: (array([  6.42505002,   8.52472613, -83.10543938]), array([], dtype=float64), 3, array([  1.73240774e+00,   2.14761184e-02,   2.65390853e-04]))
Fitting with 3 points, including orders [0, 3, 6]
Fit with data beginning 0

Fit with Size: [3 4 5]
Orders: [0, 3, 6]
Matrix A (Ax = y):
[[  1.00000000e+00   3.70370370e-02   1.37174211e-03]
 [  1.00000000e+00   1.56250000e-02   2.44140625e-04]
 [  1.00000000e+00   8.00000000e-03   6.40000000e-05]]
Data for Fitting: [ 0.6454028   0.64491991  0.64352135]
Fitting Results: (array([ 0.6413615 ,  0.31430056, -5.54001024]), array([], dtype=float64), 3, array([  1.73240519e+00,   2.13086278e-02,   1.28423698e-04]))

Fit with Size: [3 4 5]
Orders: [0, 3, 6]
Matrix A (Ax = y):
[[  1.00000000e+00   3.70370370e-02   1.37174211e-03]
 [  1.00000000e+00   1.56250000e-02   2.44140625e-04]
 [  1.00000000e+00   8.00000000e-03   6.40000000e-05]]
Data for Fitting: [ 6.39878292  6.47709121  6.46665409]
Fitting Results: (array([   6.43406745,    5.45804652, -173.08967933]), array([], dtype=float64), 3, array([  1.73240519e+00,   2.13086278e-02,   1.28423698e-04]))

[Fitting Results Summary]
Sizes: [3, 4, 5]
Data Points Used: [2, 3, 3, 3, 3]
Orders Included:
[[0, 3] [0, 3] [0, 3, 4] [0, 3, 5] [0, 3, 6]]
Formation Energy Fits By Size:
[[0.64456752796958794, 0.64205400480593211] [0.64348993118974551]
 [0.64061585495456219] [0.64107288616546909] [0.64136150352614973]]
Relaxation Volume Fits By Size:
[[6.5342350925713797, 6.4557036639867755] [6.500567125717974]
 [6.4107707331986781] [6.4250500183149786] [6.4340674540706146]]

[Final Results]
[
    {
        "property-id" "tag:staff@noreply.openkim.org,2015-07-28:property/monovacancy-neutral-relaxed-formation-potential-energy-crystal-npt" 
        "instance-id" 1 
        "relaxed-formation-potential-energy" {
            "source-value" 0.64205400480593211 
            "source-unit" "eV" 
            "source-std-uncert-value" 0.0015755617155556103
        } 
        "host-cauchy-stress" {
            "source-value" [
                0 
                0 
                0 
                0 
                0 
                0
            ] 
            "source-unit" "GPa"
        } 
        "host-removed-atom" {
            "source-value" 1
        } 
        "host-short-name" {
            "source-value" [
                "hcp"
            ]
        } 
        "host-a" {
            "source-value" 2.8450797541839927 
            "source-unit" "angstrom"
        } 
        "host-b" {
            "source-value" 2.8450797541839923 
            "source-unit" "angstrom"
        } 
        "host-c" {
            "source-value" 4.7462086861296884 
            "source-unit" "angstrom"
        } 
        "host-alpha" {
            "source-value" 90.0 
            "source-unit" "degree"
        } 
        "host-beta" {
            "source-value" 90.0 
            "source-unit" "degree"
        } 
        "host-gamma" {
            "source-value" 120.00000000000001 
            "source-unit" "degree"
        } 
        "host-space-group" {
            "source-value" "P63/mmc"
        } 
        "host-wyckoff-multiplicity-and-letter" {
            "source-value" [
                "2d"
            ]
        } 
        "host-wyckoff-coordinates" {
            "source-value" [
                [
                    0.6666666666666666 
                    0.3333333333333333 
                    0.25
                ]
            ]
        } 
        "host-wyckoff-species" {
            "source-value" [
                "Al"
            ]
        } 
        "reservoir-cohesive-potential-energy" {
            "source-value" -6.7662847534379384 
            "source-unit" "eV"
        } 
        "reservoir-short-name" {
            "source-value" [
                "hcp"
            ]
        } 
        "reservoir-cauchy-stress" {
            "source-value" [
                0.0 
                0.0 
                0.0 
                0.0 
                0.0 
                0.0
            ] 
            "source-unit" "GPa"
        } 
        "reservoir-a" {
            "source-value" 2.8450797541839927 
            "source-unit" "angstrom"
        } 
        "reservoir-b" {
            "source-value" 2.8450797541839923 
            "source-unit" "angstrom"
        } 
        "reservoir-c" {
            "source-value" 4.7462086861296884 
            "source-unit" "angstrom"
        } 
        "reservoir-alpha" {
            "source-value" 90.0 
            "source-unit" "degree"
        } 
        "reservoir-beta" {
            "source-value" 90.0 
            "source-unit" "degree"
        } 
        "reservoir-gamma" {
            "source-value" 120.00000000000001 
            "source-unit" "degree"
        } 
        "reservoir-space-group" {
            "source-value" "P63/mmc"
        } 
        "reservoir-wyckoff-multiplicity-and-letter" {
            "source-value" [
                "2d"
            ]
        } 
        "reservoir-wyckoff-coordinates" {
            "source-value" [
                [
                    0.6666666666666666 
                    0.3333333333333333 
                    0.25
                ]
            ]
        } 
        "reservoir-wyckoff-species" {
            "source-value" [
                "Al"
            ]
        }
    } 
    {
        "property-id" "tag:staff@noreply.openkim.org,2015-07-28:property/monovacancy-neutral-relaxation-volume-crystal-npt" 
        "instance-id" 2 
        "relaxation-volume" {
            "source-value" 6.4557036639867755 
            "source-unit" "angstrom^3" 
            "source-std-uncert-value" 0.05336335787241785
        } 
        "host-cauchy-stress" {
            "source-value" [
                0 
                0 
                0 
                0 
                0 
                0
            ] 
            "source-unit" "GPa"
        } 
        "host-removed-atom" {
            "source-value" 1
        } 
        "host-short-name" {
            "source-value" [
                "hcp"
            ]
        } 
        "host-a" {
            "source-value" 2.8450797541839927 
            "source-unit" "angstrom"
        } 
        "host-b" {
            "source-value" 2.8450797541839923 
            "source-unit" "angstrom"
        } 
        "host-c" {
            "source-value" 4.7462086861296884 
            "source-unit" "angstrom"
        } 
        "host-alpha" {
            "source-value" 90.0 
            "source-unit" "degree"
        } 
        "host-beta" {
            "source-value" 90.0 
            "source-unit" "degree"
        } 
        "host-gamma" {
            "source-value" 120.00000000000001 
            "source-unit" "degree"
        } 
        "host-space-group" {
            "source-value" "P63/mmc"
        } 
        "host-wyckoff-multiplicity-and-letter" {
            "source-value" [
                "2d"
            ]
        } 
        "host-wyckoff-coordinates" {
            "source-value" [
                [
                    0.6666666666666666 
                    0.3333333333333333 
                    0.25
                ]
            ]
        } 
        "host-wyckoff-species" {
            "source-value" [
                "Al"
            ]
        }
    }
]
