Imported bulk from ase.lattice
Parameters Input: Al diamond EAM_Dynamo_Mendelev_Kramer_Al__MO_106969701023_001 [5.78674789518]
CELL_SIZE_MIN: 3
CELL_SIZE_MAX: 5
Smallest System Size: 216
Largest System Size: 1000

[Calculation]

Supercell Size: 3
Unrelaxed Cell:
[[ 17.36024369   0.           0.        ]
 [  0.          17.36024369   0.        ]
 [  0.           0.          17.36024369]]
Unrelaxed Cell Vector:
[17.360243685540002, 0.0, 17.360243685540002, 0.0, 0.0, 17.360243685540002]
Vacancy Formation Energy (Cell Structure Relaxation): -95.1054948392 Size:  3
Vacancy Formation Energy (Cell Structure Relaxation): -119.016104877 Size:  3
Vacancy Formation Energy (Cell Structure Relaxation): -129.144250413 Size:  3
Vacancy Formation Energy (Cell Structure Relaxation): -127.129858601 Size:  3
Vacancy Formation Energy (Cell Structure Relaxation): -129.313409983 Size:  3
Vacancy Formation Energy (Cell Structure Relaxation): -129.313469733 Size:  3
Vacancy Formation Energy (Cell Structure Relaxation): -129.923652364 Size:  3
Vacancy Formation Energy (Cell Structure Relaxation): -129.806921332 Size:  3
Vacancy Formation Energy (Cell Structure Relaxation): -131.285120404 Size:  3
Vacancy Formation Energy (Cell Structure Relaxation): -131.149435975 Size:  3
Vacancy Formation Energy (Cell Structure Relaxation): -133.399176436 Size:  3
Vacancy Formation Energy (Cell Structure Relaxation): -134.191325156 Size:  3
Vacancy Formation Energy (Cell Structure Relaxation): -132.867330501 Size:  3
Vacancy Formation Energy (Cell Structure Relaxation): -132.54033563 Size:  3
Vacancy Formation Energy (Cell Structure Relaxation): -132.008764168 Size:  3
Vacancy Formation Energy (Cell Structure Relaxation): -135.318665074 Size:  3
Vacancy Formation Energy (Cell Structure Relaxation): -137.466478249 Size:  3
Vacancy Formation Energy (Cell Structure Relaxation): -138.32493504 Size:  3
Vacancy Formation Energy (Cell Structure Relaxation): -139.237604598 Size:  3
Vacancy Formation Energy (Cell Structure Relaxation): -138.414669836 Size:  3
Vacancy Formation Energy (Cell Structure Relaxation): -144.065186848 Size:  3
Vacancy Formation Energy (Cell Structure Relaxation): -147.158279459 Size:  3
Vacancy Formation Energy (Cell Structure Relaxation): -146.800905294 Size:  3
Vacancy Formation Energy (Cell Structure Relaxation): -149.356529049 Size:  3
Vacancy Formation Energy (Cell Structure Relaxation): -137.04002668 Size:  3
Vacancy Formation Energy (Cell Structure Relaxation): -152.656467179 Size:  3
Vacancy Formation Energy (Cell Structure Relaxation): -146.147161765 Size:  3
Vacancy Formation Energy (Cell Structure Relaxation): -157.123103345 Size:  3
Vacancy Formation Energy (Cell Structure Relaxation): -140.903668872 Size:  3
Vacancy Formation Energy (Cell Structure Relaxation): -160.390776947 Size:  3
Vacancy Formation Energy (Cell Structure Relaxation): -102.574980994 Size:  3
Vacancy Formation Energy (Cell Structure Relaxation): -150.194784659 Size:  3
Vacancy Formation Energy (Cell Structure Relaxation): -155.182303466 Size:  3
Vacancy Formation Energy (Cell Structure Relaxation): -115.920570251 Size:  3
Vacancy Formation Energy (Cell Structure Relaxation): -157.788342063 Size:  3
Vacancy Formation Energy (Cell Structure Relaxation): -157.134815313 Size:  3
Vacancy Formation Energy (Cell Structure Relaxation): -158.383952007 Size:  3
Vacancy Formation Energy (Cell Structure Relaxation): -152.059204461 Size:  3
Vacancy Formation Energy (Cell Structure Relaxation): -164.659283732 Size:  3
Vacancy Formation Energy (Cell Structure Relaxation): -151.837154185 Size:  3
Vacancy Formation Energy (Cell Structure Relaxation): -162.798527559 Size:  3
Vacancy Formation Energy (Cell Structure Relaxation): -159.614767336 Size:  3
Vacancy Formation Energy (Cell Structure Relaxation): -161.378475121 Size:  3
Vacancy Formation Energy (Cell Structure Relaxation): -153.294032997 Size:  3
Vacancy Formation Energy (Cell Structure Relaxation): -164.238127954 Size:  3
Vacancy Formation Energy (Cell Structure Relaxation): -151.631775542 Size:  3
Vacancy Formation Energy (Cell Structure Relaxation): -164.929278435 Size:  3
Vacancy Formation Energy (Cell Structure Relaxation): -161.756419283 Size:  3
Vacancy Formation Energy (Cell Structure Relaxation): -156.506037575 Size:  3
Vacancy Formation Energy (Cell Structure Relaxation): -164.314089259 Size:  3
Vacancy Formation Energy (Cell Structure Relaxation): -150.28871429 Size:  3
Vacancy Formation Energy (Cell Structure Relaxation): -164.802321855 Size:  3
Vacancy Formation Energy (Cell Structure Relaxation): -158.130220046 Size:  3
Vacancy Formation Energy (Cell Structure Relaxation): -163.864726231 Size:  3
Vacancy Formation Energy (Cell Structure Relaxation): -160.336914423 Size:  3
Vacancy Formation Energy (Cell Structure Relaxation): -162.915247801 Size:  3
Vacancy Formation Energy (Cell Structure Relaxation): -164.087929052 Size:  3
Vacancy Formation Energy (Cell Structure Relaxation): -165.825070656 Size:  3
Vacancy Formation Energy (Cell Structure Relaxation): -164.365627451 Size:  3
Vacancy Formation Energy (Cell Structure Relaxation): -163.049686413 Size:  3
Vacancy Formation Energy (Cell Structure Relaxation): -165.356695846 Size:  3
Vacancy Formation Energy (Cell Structure Relaxation): -165.528100417 Size:  3
Vacancy Formation Energy (Cell Structure Relaxation): -162.927102571 Size:  3
Vacancy Formation Energy (Cell Structure Relaxation): -165.708697585 Size:  3
Vacancy Formation Energy (Cell Structure Relaxation): -165.49894071 Size:  3
Vacancy Formation Energy (Cell Structure Relaxation): -165.290957228 Size:  3
Vacancy Formation Energy (Cell Structure Relaxation): -165.811345621 Size:  3
Vacancy Formation Energy (Cell Structure Relaxation): -165.162324125 Size:  3
Vacancy Formation Energy (Cell Structure Relaxation): -165.881739806 Size:  3
Vacancy Formation Energy (Cell Structure Relaxation): -164.152002173 Size:  3
Vacancy Formation Energy (Cell Structure Relaxation): -165.936417697 Size:  3
Vacancy Formation Energy (Cell Structure Relaxation): -163.413134373 Size:  3
Vacancy Formation Energy (Cell Structure Relaxation): -165.982212306 Size:  3
Vacancy Formation Energy (Cell Structure Relaxation): -166.261644606 Size:  3
Vacancy Formation Energy (Cell Structure Relaxation): -166.193917746 Size:  3
Vacancy Formation Energy (Cell Structure Relaxation): -165.428565394 Size:  3
Vacancy Formation Energy (Cell Structure Relaxation): -166.05778439 Size:  3
Vacancy Formation Energy (Cell Structure Relaxation): -166.141551691 Size:  3
Vacancy Formation Energy (Cell Structure Relaxation): -166.24094261 Size:  3
Vacancy Formation Energy (Cell Structure Relaxation): -165.847983912 Size:  3
Vacancy Formation Energy (Cell Structure Relaxation): -166.126409587 Size:  3
Vacancy Formation Energy (Cell Structure Relaxation): -166.222286897 Size:  3
Vacancy Formation Energy (Cell Structure Relaxation): -166.111643597 Size:  3
Vacancy Formation Energy (Cell Structure Relaxation): -166.220148097 Size:  3
Vacancy Formation Energy (Cell Structure Relaxation): -165.943106396 Size:  3
Vacancy Formation Energy (Cell Structure Relaxation): -166.259721352 Size:  3
Vacancy Formation Energy (Cell Structure Relaxation): -166.17342016 Size:  3
Vacancy Formation Energy (Cell Structure Relaxation): -166.201149239 Size:  3
Vacancy Formation Energy (Cell Structure Relaxation): -166.171704058 Size:  3
Vacancy Formation Energy (Cell Structure Relaxation): -166.263932243 Size:  3
Vacancy Formation Energy (Cell Structure Relaxation): -166.150357103 Size:  3
Vacancy Formation Energy (Cell Structure Relaxation): -166.277424219 Size:  3
Vacancy Formation Energy (Cell Structure Relaxation): -166.240848817 Size:  3
Vacancy Formation Energy (Cell Structure Relaxation): -166.19397404 Size:  3
Vacancy Formation Energy (Cell Structure Relaxation): -166.283424355 Size:  3
Vacancy Formation Energy (Cell Structure Relaxation): -166.215786805 Size:  3
Vacancy Formation Energy (Cell Structure Relaxation): -166.286268289 Size:  3
Vacancy Formation Energy (Cell Structure Relaxation): -166.242760986 Size:  3
Vacancy Formation Energy (Cell Structure Relaxation): -166.284076204 Size:  3
Vacancy Formation Energy (Cell Structure Relaxation): -166.247210934 Size:  3
Vacancy Formation Energy (Cell Structure Relaxation): -166.291062453 Size:  3
Vacancy Formation Energy (Cell Structure Relaxation): -166.258386928 Size:  3
Vacancy Formation Energy (Cell Structure Relaxation): -166.293725683 Size:  3
Vacancy Formation Energy (Cell Structure Relaxation): -166.207884202 Size:  3
Vacancy Formation Energy (Cell Structure Relaxation): -166.294023888 Size:  3
Vacancy Formation Energy (Cell Structure Relaxation): -166.26094393 Size:  3
Vacancy Formation Energy (Cell Structure Relaxation): -166.293938581 Size:  3
Vacancy Formation Energy (Cell Structure Relaxation): -166.292531399 Size:  3
Vacancy Formation Energy (Cell Structure Relaxation): -166.286110386 Size:  3
Vacancy Formation Energy (Cell Structure Relaxation): -166.295295635 Size:  3
Vacancy Formation Energy (Cell Structure Relaxation): -166.287989924 Size:  3
Vacancy Formation Energy (Cell Structure Relaxation): -166.295830459 Size:  3
Vacancy Formation Energy (Cell Structure Relaxation): -166.285020614 Size:  3
Vacancy Formation Energy (Cell Structure Relaxation): -166.297111502 Size:  3
Vacancy Formation Energy (Cell Structure Relaxation): -166.291673808 Size:  3
Vacancy Formation Energy (Cell Structure Relaxation): -166.296986321 Size:  3
Vacancy Formation Energy (Cell Structure Relaxation): -166.287288164 Size:  3
Vacancy Formation Energy (Cell Structure Relaxation): -166.297726784 Size:  3
Vacancy Formation Energy (Cell Structure Relaxation): -166.285664257 Size:  3
Vacancy Formation Energy (Cell Structure Relaxation): -166.297848762 Size:  3
Vacancy Formation Energy (Cell Structure Relaxation): -166.294869329 Size:  3
Vacancy Formation Energy (Cell Structure Relaxation): -166.297432112 Size:  3
Vacancy Formation Energy (Cell Structure Relaxation): -166.297852723 Size:  3
Vacancy Formation Energy (Cell Structure Relaxation): -166.293696645 Size:  3
Vacancy Formation Energy (Cell Structure Relaxation): -166.294998093 Size:  3
Vacancy Formation Energy (Cell Structure Relaxation): -166.297952893 Size:  3
Vacancy Formation Energy (Cell Structure Relaxation): -166.297486515 Size:  3
Vacancy Formation Energy (Cell Structure Relaxation): -166.296380573 Size:  3
Vacancy Formation Energy (Cell Structure Relaxation): -166.298321788 Size:  3
Vacancy Formation Energy (Cell Structure Relaxation): -166.296329827 Size:  3
Vacancy Formation Energy (Cell Structure Relaxation): -166.298424228 Size:  3
Vacancy Formation Energy (Cell Structure Relaxation): -166.297509802 Size:  3
Vacancy Formation Energy (Cell Structure Relaxation): -166.298349558 Size:  3
Vacancy Formation Energy (Cell Structure Relaxation): -166.296852529 Size:  3
Vacancy Formation Energy (Cell Structure Relaxation): -166.298478946 Size:  3
Vacancy Formation Energy (Cell Structure Relaxation): -166.297695262 Size:  3
Vacancy Formation Energy (Cell Structure Relaxation): -166.298444722 Size:  3
Vacancy Formation Energy (Cell Structure Relaxation): -166.296882891 Size:  3
Vacancy Formation Energy (Cell Structure Relaxation): -166.298515023 Size:  3
Vacancy Formation Energy (Cell Structure Relaxation): -166.298027939 Size:  3
Vacancy Formation Energy (Cell Structure Relaxation): -166.298482003 Size:  3
Vacancy Formation Energy (Cell Structure Relaxation): -166.298405105 Size:  3
Vacancy Formation Energy (Cell Structure Relaxation): -166.298243945 Size:  3
Vacancy Formation Energy (Cell Structure Relaxation): -166.298573589 Size:  3
Vacancy Formation Energy (Cell Structure Relaxation): -166.298330261 Size:  3
Vacancy Formation Energy (Cell Structure Relaxation): -166.298585399 Size:  3
Vacancy Formation Energy (Cell Structure Relaxation): -166.298226954 Size:  3
Vacancy Formation Energy (Cell Structure Relaxation): -166.298600327 Size:  3
Vacancy Formation Energy (Cell Structure Relaxation): -166.298463202 Size:  3
Vacancy Formation Energy (Cell Structure Relaxation): -166.298595658 Size:  3
Vacancy Formation Energy (Cell Structure Relaxation): -166.298392485 Size:  3
Vacancy Formation Energy (Cell Structure Relaxation): -166.298606276 Size:  3
Vacancy Formation Energy (Cell Structure Relaxation): -166.298474772 Size:  3
Vacancy Formation Energy (Cell Structure Relaxation): -166.298600931 Size:  3
Vacancy Formation Energy (Cell Structure Relaxation): -166.298395675 Size:  3
Vacancy Formation Energy (Cell Structure Relaxation): -166.298619216 Size:  3
Vacancy Formation Energy (Cell Structure Relaxation): -166.298527665 Size:  3
Vacancy Formation Energy (Cell Structure Relaxation): -166.298625891 Size:  3
Vacancy Formation Energy (Cell Structure Relaxation): -166.298483247 Size:  3
Vacancy Formation Energy (Cell Structure Relaxation): -166.298632855 Size:  3
Vacancy Formation Energy (Cell Structure Relaxation): -166.298605897 Size:  3
Vacancy Formation Energy (Cell Structure Relaxation): -166.298590558 Size:  3
Vacancy Formation Energy (Cell Structure Relaxation): -166.29862854 Size:  3
Vacancy Formation Energy (Cell Structure Relaxation): -166.298581496 Size:  3
Vacancy Formation Energy (Cell Structure Relaxation): -166.298629674 Size:  3
Vacancy Formation Energy (Cell Structure Relaxation): -166.298617607 Size:  3
Vacancy Formation Energy (Cell Structure Relaxation): -166.298605092 Size:  3
Vacancy Formation Energy (Cell Structure Relaxation): -166.298630759 Size:  3
Vacancy Formation Energy (Cell Structure Relaxation): -166.29859969 Size:  3
Vacancy Formation Energy (Cell Structure Relaxation): -166.29863507 Size:  3
Vacancy Formation Energy (Cell Structure Relaxation): -166.2985875 Size:  3
Vacancy Formation Energy (Cell Structure Relaxation): -166.298636411 Size:  3
Vacancy Formation Energy (Cell Structure Relaxation): -166.298617967 Size:  3
Vacancy Formation Energy (Cell Structure Relaxation): -166.298635627 Size:  3
Vacancy Formation Energy (Cell Structure Relaxation): -166.298639283 Size:  3
Vacancy Formation Energy (Cell Structure Relaxation): -166.298630511 Size:  3
Vacancy Formation Energy (Cell Structure Relaxation): -166.298634048 Size:  3
Vacancy Formation Energy (Cell Structure Relaxation): -166.29863351 Size:  3
Vacancy Formation Energy (Cell Structure Relaxation): -166.298643373 Size:  3
Vacancy Formation Energy (Cell Structure Relaxation): -166.298639605 Size:  3
Vacancy Formation Energy (Cell Structure Relaxation): -166.298631039 Size:  3
Vacancy Formation Energy (Cell Structure Relaxation): -166.298640065 Size:  3
Vacancy Formation Energy (Cell Structure Relaxation): -166.298627636 Size:  3
Vacancy Formation Energy (Cell Structure Relaxation): -166.298640538 Size:  3
Vacancy Formation Energy (Cell Structure Relaxation): -166.298625161 Size:  3
Vacancy Formation Energy (Cell Structure Relaxation): -166.298640998 Size:  3
Vacancy Formation Energy (Cell Structure Relaxation): -166.2986425 Size:  3
Vacancy Formation Energy (Cell Structure Relaxation): -166.298644663 Size:  3
Vacancy Formation Energy (Cell Structure Relaxation): -166.298640641 Size:  3
Vacancy Formation Energy (Cell Structure Relaxation): -166.298644316 Size:  3
Vacancy Formation Energy (Cell Structure Relaxation): -166.298643758 Size:  3
Vacancy Formation Energy (Cell Structure Relaxation): -166.298645314 Size:  3
Vacancy Formation Energy (Cell Structure Relaxation): -166.298640206 Size:  3
Vacancy Formation Energy (Cell Structure Relaxation): -166.298651618 Size:  3
Vacancy Formation Energy (Cell Structure Relaxation): -166.29865642 Size:  3
Vacancy Formation Energy (Cell Structure Relaxation): -166.298636459 Size:  3
Vacancy Formation Energy (Cell Structure Relaxation): -166.29864717 Size:  3
Vacancy Formation Energy (Cell Structure Relaxation): -166.298650364 Size:  3
Vacancy Formation Energy (Cell Structure Relaxation): -166.298651696 Size:  3
Vacancy Formation Energy (Cell Structure Relaxation): -166.298652703 Size:  3
Vacancy Formation Energy (Cell Structure Relaxation): -166.298654841 Size:  3
Vacancy Formation Energy (Cell Structure Relaxation): -166.298652266 Size:  3
Vacancy Formation Energy (Cell Structure Relaxation): -166.298661847 Size:  3
Vacancy Formation Energy (Cell Structure Relaxation): -166.298668542 Size:  3
Vacancy Formation Energy (Cell Structure Relaxation): -166.298659013 Size:  3
Vacancy Formation Energy (Cell Structure Relaxation): -166.29866416 Size:  3
Vacancy Formation Energy (Cell Structure Relaxation): -166.298664134 Size:  3
Vacancy Formation Energy (Cell Structure Relaxation): -166.298671205 Size:  3
Vacancy Formation Energy (Cell Structure Relaxation): -166.298677754 Size:  3
Vacancy Formation Energy (Cell Structure Relaxation): -166.29867583 Size:  3
Vacancy Formation Energy (Cell Structure Relaxation): -166.298681111 Size:  3
Vacancy Formation Energy (Cell Structure Relaxation): -166.298689105 Size:  3
Vacancy Formation Energy (Cell Structure Relaxation): -166.298690084 Size:  3
Vacancy Formation Energy (Cell Structure Relaxation): -166.298701659 Size:  3
Vacancy Formation Energy (Cell Structure Relaxation): -166.29869442 Size:  3
Vacancy Formation Energy (Cell Structure Relaxation): -166.298710239 Size:  3
Vacancy Formation Energy (Cell Structure Relaxation): -166.298731382 Size:  3
Vacancy Formation Energy (Cell Structure Relaxation): -166.29872486 Size:  3
Vacancy Formation Energy (Cell Structure Relaxation): -166.298734165 Size:  3
Vacancy Formation Energy (Cell Structure Relaxation): -166.298758498 Size:  3
Vacancy Formation Energy (Cell Structure Relaxation): -166.298755292 Size:  3
Vacancy Formation Energy (Cell Structure Relaxation): -166.298768257 Size:  3
Vacancy Formation Energy (Cell Structure Relaxation): -166.29879908 Size:  3
Vacancy Formation Energy (Cell Structure Relaxation): -166.298795402 Size:  3
Vacancy Formation Energy (Cell Structure Relaxation): -166.298818327 Size:  3
Vacancy Formation Energy (Cell Structure Relaxation): -166.298859995 Size:  3
Vacancy Formation Energy (Cell Structure Relaxation): -166.298856137 Size:  3
Vacancy Formation Energy (Cell Structure Relaxation): -166.298886134 Size:  3
Vacancy Formation Energy (Cell Structure Relaxation): -166.298954914 Size:  3
Vacancy Formation Energy (Cell Structure Relaxation): -166.298910043 Size:  3
Vacancy Formation Energy (Cell Structure Relaxation): -166.298976077 Size:  3
Vacancy Formation Energy (Cell Structure Relaxation): -166.299073051 Size:  3
Vacancy Formation Energy (Cell Structure Relaxation): -166.299039599 Size:  3
Vacancy Formation Energy (Cell Structure Relaxation): -166.299084645 Size:  3
Vacancy Formation Energy (Cell Structure Relaxation): -166.299180215 Size:  3
Vacancy Formation Energy (Cell Structure Relaxation): -166.299159731 Size:  3
Vacancy Formation Energy (Cell Structure Relaxation): -166.299248406 Size:  3
Vacancy Formation Energy (Cell Structure Relaxation): -166.299399778 Size:  3
Vacancy Formation Energy (Cell Structure Relaxation): -166.299403082 Size:  3
Vacancy Formation Energy (Cell Structure Relaxation): -166.29964508 Size:  3
Vacancy Formation Energy (Cell Structure Relaxation): -166.29954014 Size:  3
Vacancy Formation Energy (Cell Structure Relaxation): -166.299625813 Size:  3
Vacancy Formation Energy (Cell Structure Relaxation): -166.299697689 Size:  3
Vacancy Formation Energy (Cell Structure Relaxation): -166.299841365 Size:  3
Vacancy Formation Energy (Cell Structure Relaxation): -166.299969335 Size:  3
Vacancy Formation Energy (Cell Structure Relaxation): -166.300314468 Size:  3
Vacancy Formation Energy (Cell Structure Relaxation): -166.30030412 Size:  3
Vacancy Formation Energy (Cell Structure Relaxation): -166.300316415 Size:  3
Vacancy Formation Energy (Cell Structure Relaxation): -166.300571091 Size:  3
Vacancy Formation Energy (Cell Structure Relaxation): -166.300503333 Size:  3
Vacancy Formation Energy (Cell Structure Relaxation): -166.300756824 Size:  3
Vacancy Formation Energy (Cell Structure Relaxation): -166.301081778 Size:  3
Vacancy Formation Energy (Cell Structure Relaxation): -166.300769288 Size:  3
Vacancy Formation Energy (Cell Structure Relaxation): -166.301513679 Size:  3
Vacancy Formation Energy (Cell Structure Relaxation): -166.302260381 Size:  3
Vacancy Formation Energy (Cell Structure Relaxation): -166.301069924 Size:  3
Vacancy Formation Energy (Cell Structure Relaxation): -166.301263653 Size:  3
Vacancy Formation Energy (Cell Structure Relaxation): -166.301576129 Size:  3
Vacancy Formation Energy (Cell Structure Relaxation): -166.301521646 Size:  3
Vacancy Formation Energy (Cell Structure Relaxation): -166.302273105 Size:  3
Vacancy Formation Energy (Cell Structure Relaxation): -166.302826647 Size:  3
Vacancy Formation Energy (Cell Structure Relaxation): -166.302703308 Size:  3
Vacancy Formation Energy (Cell Structure Relaxation): -166.302556065 Size:  3
Vacancy Formation Energy (Cell Structure Relaxation): -166.303422756 Size:  3
Vacancy Formation Energy (Cell Structure Relaxation): -166.304342952 Size:  3
Vacancy Formation Energy (Cell Structure Relaxation): -166.304167449 Size:  3
Vacancy Formation Energy (Cell Structure Relaxation): -166.304917723 Size:  3
Vacancy Formation Energy (Cell Structure Relaxation): -166.306373941 Size:  3
Vacancy Formation Energy (Cell Structure Relaxation): -166.304303092 Size:  3
Vacancy Formation Energy (Cell Structure Relaxation): -166.305904987 Size:  3
Vacancy Formation Energy (Cell Structure Relaxation): -166.306791029 Size:  3
Vacancy Formation Energy (Cell Structure Relaxation): -166.308510845 Size:  3
Vacancy Formation Energy (Cell Structure Relaxation): -166.308323645 Size:  3
Vacancy Formation Energy (Cell Structure Relaxation): -166.307606177 Size:  3
Vacancy Formation Energy (Cell Structure Relaxation): -166.308843887 Size:  3
Vacancy Formation Energy (Cell Structure Relaxation): -166.30971726 Size:  3
Vacancy Formation Energy (Cell Structure Relaxation): -166.311723519 Size:  3
Vacancy Formation Energy (Cell Structure Relaxation): -166.314970048 Size:  3
Vacancy Formation Energy (Cell Structure Relaxation): -166.31233066 Size:  3
Vacancy Formation Energy (Cell Structure Relaxation): -166.314272119 Size:  3
Vacancy Formation Energy (Cell Structure Relaxation): -166.31523002 Size:  3
Vacancy Formation Energy (Cell Structure Relaxation): -166.31783126 Size:  3
Vacancy Formation Energy (Cell Structure Relaxation): -166.317862039 Size:  3
Vacancy Formation Energy (Cell Structure Relaxation): -166.321206769 Size:  3
Vacancy Formation Energy (Cell Structure Relaxation): -166.318344462 Size:  3
Vacancy Formation Energy (Cell Structure Relaxation): -166.323045618 Size:  3
Vacancy Formation Energy (Cell Structure Relaxation): -166.327043355 Size:  3
Vacancy Formation Energy (Cell Structure Relaxation): -166.326096163 Size:  3
Vacancy Formation Energy (Cell Structure Relaxation): -166.326698195 Size:  3
Vacancy Formation Energy (Cell Structure Relaxation): -166.328054164 Size:  3
Vacancy Formation Energy (Cell Structure Relaxation): -166.327754911 Size:  3
Vacancy Formation Energy (Cell Structure Relaxation): -166.327814417 Size:  3
Vacancy Formation Energy (Cell Structure Relaxation): -166.334627852 Size:  3
Vacancy Formation Energy (Cell Structure Relaxation): -166.340288196 Size:  3
Vacancy Formation Energy (Cell Structure Relaxation): -166.336960139 Size:  3
Vacancy Formation Energy (Cell Structure Relaxation): -166.334910501 Size:  3
Vacancy Formation Energy (Cell Structure Relaxation): -166.333999685 Size:  3
Vacancy Formation Energy (Cell Structure Relaxation): -166.334793655 Size:  3
Vacancy Formation Energy (Cell Structure Relaxation): -166.344009738 Size:  3
Vacancy Formation Energy (Cell Structure Relaxation): -166.350657762 Size:  3
Vacancy Formation Energy (Cell Structure Relaxation): -166.339459489 Size:  3
Vacancy Formation Energy (Cell Structure Relaxation): -166.346604341 Size:  3
Vacancy Formation Energy (Cell Structure Relaxation): -166.346292969 Size:  3
Vacancy Formation Energy (Cell Structure Relaxation): -166.35453075 Size:  3
Vacancy Formation Energy (Cell Structure Relaxation): -166.36300181 Size:  3
Vacancy Formation Energy (Cell Structure Relaxation): -166.356482352 Size:  3
Vacancy Formation Energy (Cell Structure Relaxation): -166.359062258 Size:  3
Vacancy Formation Energy (Cell Structure Relaxation): -166.366992713 Size:  3
Vacancy Formation Energy (Cell Structure Relaxation): -166.374858045 Size:  3
Vacancy Formation Energy (Cell Structure Relaxation): -166.369053861 Size:  3
Vacancy Formation Energy (Cell Structure Relaxation): -166.376391301 Size:  3
Vacancy Formation Energy (Cell Structure Relaxation): -166.38194099 Size:  3
Vacancy Formation Energy (Cell Structure Relaxation): -166.386987088 Size:  3
Vacancy Formation Energy (Cell Structure Relaxation): -166.397878369 Size:  3
Vacancy Formation Energy (Cell Structure Relaxation): -166.400963195 Size:  3
Vacancy Formation Energy (Cell Structure Relaxation): -166.421139666 Size:  3
Vacancy Formation Energy (Cell Structure Relaxation): -166.382889453 Size:  3
Vacancy Formation Energy (Cell Structure Relaxation): -166.406650166 Size:  3
Vacancy Formation Energy (Cell Structure Relaxation): -166.405291762 Size:  3
Vacancy Formation Energy (Cell Structure Relaxation): -166.417122681 Size:  3
Vacancy Formation Energy (Cell Structure Relaxation): -166.426939765 Size:  3
Vacancy Formation Energy (Cell Structure Relaxation): -166.431244546 Size:  3
Vacancy Formation Energy (Cell Structure Relaxation): -166.455030923 Size:  3
Vacancy Formation Energy (Cell Structure Relaxation): -166.484257295 Size:  3
Vacancy Formation Energy (Cell Structure Relaxation): -166.457898595 Size:  3
Vacancy Formation Energy (Cell Structure Relaxation): -166.472086605 Size:  3
Vacancy Formation Energy (Cell Structure Relaxation): -166.495220462 Size:  3
Vacancy Formation Energy (Cell Structure Relaxation): -166.526783678 Size:  3
Vacancy Formation Energy (Cell Structure Relaxation): -166.51289685 Size:  3
Vacancy Formation Energy (Cell Structure Relaxation): -166.496052676 Size:  3
Vacancy Formation Energy (Cell Structure Relaxation): -166.554732352 Size:  3
Vacancy Formation Energy (Cell Structure Relaxation): -166.589098377 Size:  3
Vacancy Formation Energy (Cell Structure Relaxation): -166.565327793 Size:  3
Vacancy Formation Energy (Cell Structure Relaxation): -166.586297335 Size:  3
Vacancy Formation Energy (Cell Structure Relaxation): -166.591944292 Size:  3
Vacancy Formation Energy (Cell Structure Relaxation): -166.589279791 Size:  3
Vacancy Formation Energy (Cell Structure Relaxation): -166.572692021 Size:  3
Vacancy Formation Energy (Cell Structure Relaxation): -166.609979814 Size:  3
Vacancy Formation Energy (Cell Structure Relaxation): -166.592382028 Size:  3
Vacancy Formation Energy (Cell Structure Relaxation): -166.613814799 Size:  3
Vacancy Formation Energy (Cell Structure Relaxation): -166.583320077 Size:  3
Vacancy Formation Energy (Cell Structure Relaxation): -166.633011279 Size:  3
Vacancy Formation Energy (Cell Structure Relaxation): -166.643776042 Size:  3
Vacancy Formation Energy (Cell Structure Relaxation): -166.616101136 Size:  3
Vacancy Formation Energy (Cell Structure Relaxation): -166.638726841 Size:  3
Vacancy Formation Energy (Cell Structure Relaxation): -166.613370067 Size:  3
Vacancy Formation Energy (Cell Structure Relaxation): -166.592885075 Size:  3
Vacancy Formation Energy (Cell Structure Relaxation): -166.624831967 Size:  3
Vacancy Formation Energy (Cell Structure Relaxation): -166.639108601 Size:  3
Vacancy Formation Energy (Cell Structure Relaxation): -166.635104556 Size:  3
Vacancy Formation Energy (Cell Structure Relaxation): -166.649859322 Size:  3
Vacancy Formation Energy (Cell Structure Relaxation): -166.632014514 Size:  3
Vacancy Formation Energy (Cell Structure Relaxation): -166.603012346 Size:  3
Vacancy Formation Energy (Cell Structure Relaxation): -166.643719657 Size:  3
Vacancy Formation Energy (Cell Structure Relaxation): -166.66580968 Size:  3
Vacancy Formation Energy (Cell Structure Relaxation): -166.669356228 Size:  3
Vacancy Formation Energy (Cell Structure Relaxation): -166.633010033 Size:  3
Vacancy Formation Energy (Cell Structure Relaxation): -166.652152212 Size:  3
Vacancy Formation Energy (Cell Structure Relaxation): -166.666934385 Size:  3
Vacancy Formation Energy (Cell Structure Relaxation): -166.648011053 Size:  3
Vacancy Formation Energy (Cell Structure Relaxation): -166.680627014 Size:  3
Vacancy Formation Energy (Cell Structure Relaxation): -166.692205385 Size:  3
Vacancy Formation Energy (Cell Structure Relaxation): -166.679482998 Size:  3
Vacancy Formation Energy (Cell Structure Relaxation): -166.679249544 Size:  3
Vacancy Formation Energy (Cell Structure Relaxation): -166.681778352 Size:  3
Vacancy Formation Energy (Cell Structure Relaxation): -166.699820954 Size:  3
Vacancy Formation Energy (Cell Structure Relaxation): -166.691878863 Size:  3
Vacancy Formation Energy (Cell Structure Relaxation): -166.69516502 Size:  3
Vacancy Formation Energy (Cell Structure Relaxation): -166.714370719 Size:  3
Vacancy Formation Energy (Cell Structure Relaxation): -166.721486444 Size:  3
Vacancy Formation Energy (Cell Structure Relaxation): -166.683709805 Size:  3
Vacancy Formation Energy (Cell Structure Relaxation): -166.710038906 Size:  3
Vacancy Formation Energy (Cell Structure Relaxation): -166.724244444 Size:  3
Vacancy Formation Energy (Cell Structure Relaxation): -166.720351202 Size:  3
Vacancy Formation Energy (Cell Structure Relaxation): -166.702726887 Size:  3
Vacancy Formation Energy (Cell Structure Relaxation): -166.726845839 Size:  3
Vacancy Formation Energy (Cell Structure Relaxation): -166.713876729 Size:  3
Vacancy Formation Energy (Cell Structure Relaxation): -166.723893965 Size:  3
Vacancy Formation Energy (Cell Structure Relaxation): -166.713156823 Size:  3
Vacancy Formation Energy (Cell Structure Relaxation): -166.718422349 Size:  3
Vacancy Formation Energy (Cell Structure Relaxation): -166.714892878 Size:  3
Vacancy Formation Energy (Cell Structure Relaxation): -166.709758866 Size:  3
Vacancy Formation Energy (Cell Structure Relaxation): -166.727951872 Size:  3
Vacancy Formation Energy (Cell Structure Relaxation): -166.713221465 Size:  3
Vacancy Formation Energy (Cell Structure Relaxation): -166.728507761 Size:  3
Vacancy Formation Energy (Cell Structure Relaxation): -166.707136769 Size:  3
Vacancy Formation Energy (Cell Structure Relaxation): -166.730251947 Size:  3
Vacancy Formation Energy (Cell Structure Relaxation): -166.730748243 Size:  3
Vacancy Formation Energy (Cell Structure Relaxation): -166.718773322 Size:  3
Vacancy Formation Energy (Cell Structure Relaxation): -166.725075328 Size:  3
Vacancy Formation Energy (Cell Structure Relaxation): -166.727030345 Size:  3
Vacancy Formation Energy (Cell Structure Relaxation): -166.722581902 Size:  3
Vacancy Formation Energy (Cell Structure Relaxation): -166.731498076 Size:  3
Vacancy Formation Energy (Cell Structure Relaxation): -166.712824614 Size:  3
Vacancy Formation Energy (Cell Structure Relaxation): -166.733509459 Size:  3
Vacancy Formation Energy (Cell Structure Relaxation): -166.72842282 Size:  3
Vacancy Formation Energy (Cell Structure Relaxation): -166.726149183 Size:  3
Vacancy Formation Energy (Cell Structure Relaxation): -166.732041636 Size:  3
Vacancy Formation Energy (Cell Structure Relaxation): -166.72705484 Size:  3
Vacancy Formation Energy (Cell Structure Relaxation): -166.732152347 Size:  3
Vacancy Formation Energy (Cell Structure Relaxation): -166.727690407 Size:  3
Vacancy Formation Energy (Cell Structure Relaxation): -166.732147682 Size:  3
Vacancy Formation Energy (Cell Structure Relaxation): -166.732878371 Size:  3
Vacancy Formation Energy (Cell Structure Relaxation): -166.732132822 Size:  3
Vacancy Formation Energy (Cell Structure Relaxation): -166.730180547 Size:  3
Vacancy Formation Energy (Cell Structure Relaxation): -166.73334748 Size:  3
Vacancy Formation Energy (Cell Structure Relaxation): -166.73300448 Size:  3
Vacancy Formation Energy (Cell Structure Relaxation): -166.73060196 Size:  3
Vacancy Formation Energy (Cell Structure Relaxation): -166.733619147 Size:  3
Vacancy Formation Energy (Cell Structure Relaxation): -166.732402385 Size:  3
Vacancy Formation Energy (Cell Structure Relaxation): -166.730812945 Size:  3
Vacancy Formation Energy (Cell Structure Relaxation): -166.733626634 Size:  3
Vacancy Formation Energy (Cell Structure Relaxation): -166.732598386 Size:  3
Vacancy Formation Energy (Cell Structure Relaxation): -166.733654149 Size:  3
Vacancy Formation Energy (Cell Structure Relaxation): -166.731424216 Size:  3
Vacancy Formation Energy (Cell Structure Relaxation): -166.733826235 Size:  3
Vacancy Formation Energy (Cell Structure Relaxation): -166.733051296 Size:  3
Vacancy Formation Energy (Cell Structure Relaxation): -166.733744809 Size:  3
Vacancy Formation Energy (Cell Structure Relaxation): -166.733733749 Size:  3
Vacancy Formation Energy (Cell Structure Relaxation): -166.732372296 Size:  3
Vacancy Formation Energy (Cell Structure Relaxation): -166.733988476 Size:  3
Vacancy Formation Energy (Cell Structure Relaxation): -166.733419077 Size:  3
Vacancy Formation Energy (Cell Structure Relaxation): -166.733923018 Size:  3
Vacancy Formation Energy (Cell Structure Relaxation): -166.733676452 Size:  3
Vacancy Formation Energy (Cell Structure Relaxation): -166.733884361 Size:  3
Vacancy Formation Energy (Cell Structure Relaxation): -166.733819117 Size:  3
Vacancy Formation Energy (Cell Structure Relaxation): -166.733640456 Size:  3
Vacancy Formation Energy (Cell Structure Relaxation): -166.733987691 Size:  3
Vacancy Formation Energy (Cell Structure Relaxation): -166.733614046 Size:  3
Vacancy Formation Energy (Cell Structure Relaxation): -166.733995046 Size:  3
Vacancy Formation Energy (Cell Structure Relaxation): -166.733710611 Size:  3
Vacancy Formation Energy (Cell Structure Relaxation): -166.734011541 Size:  3
Vacancy Formation Energy (Cell Structure Relaxation): -166.733737889 Size:  3
Vacancy Formation Energy (Cell Structure Relaxation): -166.734011981 Size:  3
Vacancy Formation Energy (Cell Structure Relaxation): -166.733673478 Size:  3
Vacancy Formation Energy (Cell Structure Relaxation): -166.734035927 Size:  3
Vacancy Formation Energy (Cell Structure Relaxation): -166.733919998 Size:  3
Vacancy Formation Energy (Cell Structure Relaxation): -166.734026348 Size:  3
Vacancy Formation Energy (Cell Structure Relaxation): -166.733972046 Size:  3
Vacancy Formation Energy (Cell Structure Relaxation): -166.734044017 Size:  3
Vacancy Formation Energy (Cell Structure Relaxation): -166.733922263 Size:  3
Vacancy Formation Energy (Cell Structure Relaxation): -166.734048567 Size:  3
Vacancy Formation Energy (Cell Structure Relaxation): -166.733969595 Size:  3
Vacancy Formation Energy (Cell Structure Relaxation): -166.734046396 Size:  3
Vacancy Formation Energy (Cell Structure Relaxation): -166.734002221 Size:  3
Vacancy Formation Energy (Cell Structure Relaxation): -166.734049217 Size:  3
Vacancy Formation Energy (Cell Structure Relaxation): -166.733995323 Size:  3
Vacancy Formation Energy (Cell Structure Relaxation): -166.734050245 Size:  3
Vacancy Formation Energy (Cell Structure Relaxation): -166.734030083 Size:  3
Vacancy Formation Energy (Cell Structure Relaxation): -166.734054092 Size:  3
Vacancy Formation Energy (Cell Structure Relaxation): -166.734003129 Size:  3
Vacancy Formation Energy (Cell Structure Relaxation): -166.73405802 Size:  3
Vacancy Formation Energy (Cell Structure Relaxation): -166.73404797 Size:  3
Vacancy Formation Energy (Cell Structure Relaxation): -166.734027464 Size:  3
Vacancy Formation Energy (Cell Structure Relaxation): -166.734059406 Size:  3
Vacancy Formation Energy (Cell Structure Relaxation): -166.734043525 Size:  3
Vacancy Formation Energy (Cell Structure Relaxation): -166.734058397 Size:  3
Vacancy Formation Energy (Cell Structure Relaxation): -166.73405376 Size:  3
Vacancy Formation Energy (Cell Structure Relaxation): -166.734033512 Size:  3
Vacancy Formation Energy (Cell Structure Relaxation): -166.734060209 Size:  3
Vacancy Formation Energy (Cell Structure Relaxation): -166.734057945 Size:  3
Vacancy Formation Energy (Cell Structure Relaxation): -166.734050404 Size:  3
Vacancy Formation Energy (Cell Structure Relaxation): -166.734060948 Size:  3
Vacancy Formation Energy (Cell Structure Relaxation): -166.734053337 Size:  3
Vacancy Formation Energy (Cell Structure Relaxation): -166.734060852 Size:  3
Vacancy Formation Energy (Cell Structure Relaxation): -166.734052928 Size:  3
Vacancy Formation Energy (Cell Structure Relaxation): -166.734062177 Size:  3
Vacancy Formation Energy (Cell Structure Relaxation): -166.73405474 Size:  3
Vacancy Formation Energy (Cell Structure Relaxation): -166.734062007 Size:  3
Vacancy Formation Energy (Cell Structure Relaxation): -166.734055874 Size:  3
Vacancy Formation Energy (Cell Structure Relaxation): -166.734062021 Size:  3
Vacancy Formation Energy (Cell Structure Relaxation): -166.734057483 Size:  3
Vacancy Formation Energy (Cell Structure Relaxation): -166.73406221 Size:  3
Vacancy Formation Energy (Cell Structure Relaxation): -166.734058903 Size:  3
Vacancy Formation Energy (Cell Structure Relaxation): -166.734062349 Size:  3
Vacancy Formation Energy (Cell Structure Relaxation): -166.734061114 Size:  3
Vacancy Formation Energy (Cell Structure Relaxation): -166.734060803 Size:  3
Vacancy Formation Energy (Cell Structure Relaxation): -166.734062462 Size:  3
Vacancy Formation Energy (Cell Structure Relaxation): -166.734060963 Size:  3
Vacancy Formation Energy (Cell Structure Relaxation): -166.734062522 Size:  3
Vacancy Formation Energy (Cell Structure Relaxation): -166.734060633 Size:  3
Vacancy Formation Energy (Cell Structure Relaxation): -166.734062845 Size:  3
Vacancy Formation Energy (Cell Structure Relaxation): -166.734060717 Size:  3
Vacancy Formation Energy (Cell Structure Relaxation): -166.734062824 Size:  3
Vacancy Formation Energy (Cell Structure Relaxation): -166.734061017 Size:  3
Vacancy Formation Energy (Cell Structure Relaxation): -166.734062831 Size:  3
Vacancy Formation Energy (Cell Structure Relaxation): -166.734062291 Size:  3
Vacancy Formation Energy (Cell Structure Relaxation): -166.734062765 Size:  3
Vacancy Formation Energy (Cell Structure Relaxation): -166.734062571 Size:  3
Vacancy Formation Energy (Cell Structure Relaxation): -166.734062615 Size:  3
Vacancy Formation Energy (Cell Structure Relaxation): -166.734062297 Size:  3
Vacancy Formation Energy (Cell Structure Relaxation): -166.734062877 Size:  3
Vacancy Formation Energy (Cell Structure Relaxation): -166.734062484 Size:  3
Vacancy Formation Energy (Cell Structure Relaxation): -166.734062878 Size:  3
Vacancy Formation Energy (Cell Structure Relaxation): -166.734062548 Size:  3
Vacancy Formation Energy (Cell Structure Relaxation): -166.73406289 Size:  3
Vacancy Formation Energy (Cell Structure Relaxation): -166.734062862 Size:  3
Vacancy Formation Energy (Cell Structure Relaxation): -166.734062527 Size:  3
Vacancy Formation Energy (Cell Structure Relaxation): -166.73406297 Size:  3
Vacancy Formation Energy (Cell Structure Relaxation): -166.734062985 Size:  3
Vacancy Formation Energy (Cell Structure Relaxation): -166.734062813 Size:  3
Vacancy Formation Energy (Cell Structure Relaxation): -166.734062558 Size:  3
Vacancy Formation Energy (Cell Structure Relaxation): -166.734062986 Size:  3
Vacancy Formation Energy (Cell Structure Relaxation): -166.734062884 Size:  3
Vacancy Formation Energy (Cell Structure Relaxation): -166.734062815 Size:  3
Vacancy Formation Energy (Cell Structure Relaxation): -166.734062974 Size:  3
Vacancy Formation Energy (Cell Structure Relaxation): -166.734062932 Size:  3
Vacancy Formation Energy (Cell Structure Relaxation): -166.734062833 Size:  3
Vacancy Formation Energy (Cell Structure Relaxation): -166.734062981 Size:  3
Vacancy Formation Energy (Cell Structure Relaxation): -166.734062935 Size:  3
Vacancy Formation Energy (Cell Structure Relaxation): -166.734062935 Size:  3
Vacancy Formation Energy (Cell Structure Relaxation): -166.734062995 Size:  3
Vacancy Formation Energy (Cell Structure Relaxation): -166.734062881 Size:  3
Vacancy Formation Energy (Cell Structure Relaxation): -166.734063 Size:  3
Vacancy Formation Energy (Cell Structure Relaxation): -166.734062968 Size:  3
Vacancy Formation Energy (Cell Structure Relaxation): -166.734063003 Size:  3
Vacancy Formation Energy (Cell Structure Relaxation): -166.734062934 Size:  3
Vacancy Formation Energy (Cell Structure Relaxation): -166.734063008 Size:  3
Vacancy Formation Energy (Cell Structure Relaxation): -166.734062967 Size:  3
Vacancy Formation Energy (Cell Structure Relaxation): -166.734063007 Size:  3
Vacancy Formation Energy (Cell Structure Relaxation): -166.73406292 Size:  3
Vacancy Formation Energy (Cell Structure Relaxation): -166.734063012 Size:  3
Vacancy Formation Energy (Cell Structure Relaxation): -166.734063008 Size:  3
Vacancy Formation Energy (Cell Structure Relaxation): -166.734063001 Size:  3
Vacancy Formation Energy (Cell Structure Relaxation): -166.734062993 Size:  3
Vacancy Formation Energy (Cell Structure Relaxation): -166.734063013 Size:  3
Vacancy Formation Energy (Cell Structure Relaxation): -166.734062995 Size:  3
Vacancy Formation Energy (Cell Structure Relaxation): -166.734063013 Size:  3
Vacancy Formation Energy (Cell Structure Relaxation): -166.734063027 Size:  3
Vacancy Formation Energy (Cell Structure Relaxation): -166.734063031 Size:  3
Vacancy Formation Energy (Cell Structure Relaxation): -166.734063012 Size:  3
Vacancy Formation Energy (Cell Structure Relaxation): -166.73406302 Size:  3
Vacancy Formation Energy (Cell Structure Relaxation): -166.734063005 Size:  3
Vacancy Formation Energy (Cell Structure Relaxation): -166.73406302 Size:  3
Vacancy Formation Energy (Cell Structure Relaxation): -166.734063014 Size:  3
Vacancy Formation Energy (Cell Structure Relaxation): -166.734062993 Size:  3
Vacancy Formation Energy (Cell Structure Relaxation): -166.734063023 Size:  3
Vacancy Formation Energy (Cell Structure Relaxation): -166.734063034 Size:  3
Vacancy Formation Energy (Cell Structure Relaxation): -166.734063039 Size:  3
Vacancy Formation Energy (Cell Structure Relaxation): -166.734063025 Size:  3
Vacancy Formation Energy (Cell Structure Relaxation): -166.734063033 Size:  3
Vacancy Formation Energy (Cell Structure Relaxation): -166.734063035 Size:  3
Vacancy Formation Energy (Cell Structure Relaxation): -166.734063048 Size:  3
Vacancy Formation Energy (Cell Structure Relaxation): -166.734063053 Size:  3
Vacancy Formation Energy (Cell Structure Relaxation): -166.734063029 Size:  3
Vacancy Formation Energy (Cell Structure Relaxation): -166.734063059 Size:  3
Vacancy Formation Energy (Cell Structure Relaxation): -166.734063072 Size:  3
Vacancy Formation Energy (Cell Structure Relaxation): -166.734063031 Size:  3
Vacancy Formation Energy (Cell Structure Relaxation): -166.734063065 Size:  3
Vacancy Formation Energy (Cell Structure Relaxation): -166.734063044 Size:  3
Vacancy Formation Energy (Cell Structure Relaxation): -166.73406306 Size:  3
Vacancy Formation Energy (Cell Structure Relaxation): -166.734063086 Size:  3
Vacancy Formation Energy (Cell Structure Relaxation): -166.734063104 Size:  3
Vacancy Formation Energy (Cell Structure Relaxation): -166.734063095 Size:  3
Vacancy Formation Energy (Cell Structure Relaxation): -166.734063106 Size:  3
Vacancy Formation Energy (Cell Structure Relaxation): -166.734063113 Size:  3
Vacancy Formation Energy (Cell Structure Relaxation): -166.734063116 Size:  3
Vacancy Formation Energy (Cell Structure Relaxation): -166.734063114 Size:  3
Vacancy Formation Energy (Cell Structure Relaxation): -166.734063117 Size:  3
Vacancy Formation Energy (Cell Structure Relaxation): -166.734063099 Size:  3
Vacancy Formation Energy (Cell Structure Relaxation): -166.734063161 Size:  3
Vacancy Formation Energy (Cell Structure Relaxation): -166.734063203 Size:  3
Vacancy Formation Energy (Cell Structure Relaxation): -166.734063202 Size:  3
Vacancy Formation Energy (Cell Structure Relaxation): -166.734063184 Size:  3
Vacancy Formation Energy (Cell Structure Relaxation): -166.734063175 Size:  3
Vacancy Formation Energy (Cell Structure Relaxation): -166.73406321 Size:  3
Vacancy Formation Energy (Cell Structure Relaxation): -166.734063212 Size:  3
Vacancy Formation Energy (Cell Structure Relaxation): -166.734063253 Size:  3
Vacancy Formation Energy (Cell Structure Relaxation): -166.734063274 Size:  3
Vacancy Formation Energy (Cell Structure Relaxation): -166.734063348 Size:  3
Vacancy Formation Energy (Cell Structure Relaxation): -166.734063457 Size:  3
Vacancy Formation Energy (Cell Structure Relaxation): -166.734063253 Size:  3
Vacancy Formation Energy (Cell Structure Relaxation): -166.734063293 Size:  3
Vacancy Formation Energy (Cell Structure Relaxation): -166.734063333 Size:  3
Vacancy Formation Energy (Cell Structure Relaxation): -166.734063366 Size:  3
Vacancy Formation Energy (Cell Structure Relaxation): -166.734063407 Size:  3
Vacancy Formation Energy (Cell Structure Relaxation): -166.734063472 Size:  3
Vacancy Formation Energy (Cell Structure Relaxation): -166.734063529 Size:  3
Vacancy Formation Energy (Cell Structure Relaxation): -166.734063516 Size:  3
Vacancy Formation Energy (Cell Structure Relaxation): -166.734063609 Size:  3
Vacancy Formation Energy (Cell Structure Relaxation): -166.734063716 Size:  3
Vacancy Formation Energy (Cell Structure Relaxation): -166.734063728 Size:  3
Vacancy Formation Energy (Cell Structure Relaxation): -166.734063896 Size:  3
Vacancy Formation Energy (Cell Structure Relaxation): -166.734063817 Size:  3
Vacancy Formation Energy (Cell Structure Relaxation): -166.734063932 Size:  3
Vacancy Formation Energy (Cell Structure Relaxation): -166.73406411 Size:  3
Vacancy Formation Energy (Cell Structure Relaxation): -166.734063944 Size:  3
Vacancy Formation Energy (Cell Structure Relaxation): -166.734063897 Size:  3
Vacancy Formation Energy (Cell Structure Relaxation): -166.734064344 Size:  3
Vacancy Formation Energy (Cell Structure Relaxation): -166.734064701 Size:  3
Vacancy Formation Energy (Cell Structure Relaxation): -166.734064408 Size:  3
Vacancy Formation Energy (Cell Structure Relaxation): -166.734064459 Size:  3
Vacancy Formation Energy (Cell Structure Relaxation): -166.734064462 Size:  3
Vacancy Formation Energy (Cell Structure Relaxation): -166.734064898 Size:  3
Vacancy Formation Energy (Cell Structure Relaxation): -166.734065356 Size:  3
Vacancy Formation Energy (Cell Structure Relaxation): -166.734065081 Size:  3
Vacancy Formation Energy (Cell Structure Relaxation): -166.73406528 Size:  3
Vacancy Formation Energy (Cell Structure Relaxation): -166.734065348 Size:  3
Vacancy Formation Energy (Cell Structure Relaxation): -166.734065736 Size:  3
Vacancy Formation Energy (Cell Structure Relaxation): -166.73406634 Size:  3
Vacancy Formation Energy (Cell Structure Relaxation): -166.7340663 Size:  3
Vacancy Formation Energy (Cell Structure Relaxation): -166.734066592 Size:  3
Vacancy Formation Energy (Cell Structure Relaxation): -166.73406741 Size:  3
Vacancy Formation Energy (Cell Structure Relaxation): -166.734066921 Size:  3
Vacancy Formation Energy (Cell Structure Relaxation): -166.734067215 Size:  3
Vacancy Formation Energy (Cell Structure Relaxation): -166.734067927 Size:  3
Vacancy Formation Energy (Cell Structure Relaxation): -166.73406909 Size:  3
Vacancy Formation Energy (Cell Structure Relaxation): -166.734069036 Size:  3
Vacancy Formation Energy (Cell Structure Relaxation): -166.734069149 Size:  3
Vacancy Formation Energy (Cell Structure Relaxation): -166.734070422 Size:  3
Vacancy Formation Energy (Cell Structure Relaxation): -166.734070472 Size:  3
Vacancy Formation Energy (Cell Structure Relaxation): -166.734072332 Size:  3
Vacancy Formation Energy (Cell Structure Relaxation): -166.734071502 Size:  3
Vacancy Formation Energy (Cell Structure Relaxation): -166.734072873 Size:  3
Vacancy Formation Energy (Cell Structure Relaxation): -166.734075477 Size:  3
Vacancy Formation Energy (Cell Structure Relaxation): -166.734075449 Size:  3
Vacancy Formation Energy (Cell Structure Relaxation): -166.73407576 Size:  3
Vacancy Formation Energy (Cell Structure Relaxation): -166.734078657 Size:  3
Vacancy Formation Energy (Cell Structure Relaxation): -166.734077981 Size:  3
Vacancy Formation Energy (Cell Structure Relaxation): -166.734080277 Size:  3
Vacancy Formation Energy (Cell Structure Relaxation): -166.734084819 Size:  3
Vacancy Formation Energy (Cell Structure Relaxation): -166.734083616 Size:  3
Vacancy Formation Energy (Cell Structure Relaxation): -166.734086458 Size:  3
Vacancy Formation Energy (Cell Structure Relaxation): -166.73409285 Size:  3
Vacancy Formation Energy (Cell Structure Relaxation): -166.734088336 Size:  3
Vacancy Formation Energy (Cell Structure Relaxation): -166.73409189 Size:  3
Vacancy Formation Energy (Cell Structure Relaxation): -166.734095202 Size:  3
Vacancy Formation Energy (Cell Structure Relaxation): -166.734102454 Size:  3
Vacancy Formation Energy (Cell Structure Relaxation): -166.734102687 Size:  3
Vacancy Formation Energy (Cell Structure Relaxation): -166.734113138 Size:  3
Vacancy Formation Energy (Cell Structure Relaxation): -166.734106503 Size:  3
Vacancy Formation Energy (Cell Structure Relaxation): -166.734112361 Size:  3
Vacancy Formation Energy (Cell Structure Relaxation): -166.734117534 Size:  3
Vacancy Formation Energy (Cell Structure Relaxation): -166.734129257 Size:  3
Vacancy Formation Energy (Cell Structure Relaxation): -166.734127226 Size:  3
Vacancy Formation Energy (Cell Structure Relaxation): -166.734132408 Size:  3
Vacancy Formation Energy (Cell Structure Relaxation): -166.734142289 Size:  3
Vacancy Formation Energy (Cell Structure Relaxation): -166.734138716 Size:  3
Vacancy Formation Energy (Cell Structure Relaxation): -166.734148498 Size:  3
Vacancy Formation Energy (Cell Structure Relaxation): -166.734163404 Size:  3
Vacancy Formation Energy (Cell Structure Relaxation): -166.734157735 Size:  3
Vacancy Formation Energy (Cell Structure Relaxation): -166.734159917 Size:  3
Vacancy Formation Energy (Cell Structure Relaxation): -166.734157065 Size:  3
Vacancy Formation Energy (Cell Structure Relaxation): -166.734161449 Size:  3
Vacancy Formation Energy (Cell Structure Relaxation): -166.734161911 Size:  3
Vacancy Formation Energy (Cell Structure Relaxation): -166.734173906 Size:  3
Vacancy Formation Energy (Cell Structure Relaxation): -166.73417482 Size:  3
Vacancy Formation Energy (Cell Structure Relaxation): -166.734179912 Size:  3
Vacancy Formation Energy (Cell Structure Relaxation): -166.734190362 Size:  3
Vacancy Formation Energy (Cell Structure Relaxation): -166.734167582 Size:  3
Vacancy Formation Energy (Cell Structure Relaxation): -166.734179146 Size:  3
Vacancy Formation Energy (Cell Structure Relaxation): -166.734194068 Size:  3
Vacancy Formation Energy (Cell Structure Relaxation): -166.734208003 Size:  3
Vacancy Formation Energy (Cell Structure Relaxation): -166.734203849 Size:  3
Vacancy Formation Energy (Cell Structure Relaxation): -166.734160094 Size:  3
Vacancy Formation Energy (Cell Structure Relaxation): -166.734183366 Size:  3
Vacancy Formation Energy (Cell Structure Relaxation): -166.734212999 Size:  3
Vacancy Formation Energy (Cell Structure Relaxation): -166.734228369 Size:  3
Vacancy Formation Energy (Cell Structure Relaxation): -166.73421971 Size:  3
Vacancy Formation Energy (Cell Structure Relaxation): -166.734222264 Size:  3
Vacancy Formation Energy (Cell Structure Relaxation): -166.73424645 Size:  3
Vacancy Formation Energy (Cell Structure Relaxation): -166.734274329 Size:  3
Vacancy Formation Energy (Cell Structure Relaxation): -166.734268928 Size:  3
Vacancy Formation Energy (Cell Structure Relaxation): -166.734265609 Size:  3
Vacancy Formation Energy (Cell Structure Relaxation): -166.734254994 Size:  3
Vacancy Formation Energy (Cell Structure Relaxation): -166.734288501 Size:  3
Vacancy Formation Energy (Cell Structure Relaxation): -166.734314903 Size:  3
Vacancy Formation Energy (Cell Structure Relaxation): -166.734319892 Size:  3
Vacancy Formation Energy (Cell Structure Relaxation): -166.734361737 Size:  3
Vacancy Formation Energy (Cell Structure Relaxation): -166.73435439 Size:  3
Vacancy Formation Energy (Cell Structure Relaxation): -166.734336929 Size:  3
Vacancy Formation Energy (Cell Structure Relaxation): -166.734356207 Size:  3
Vacancy Formation Energy (Cell Structure Relaxation): -166.7343913 Size:  3
Vacancy Formation Energy (Cell Structure Relaxation): -166.734426611 Size:  3
Vacancy Formation Energy (Cell Structure Relaxation): -166.73443574 Size:  3
Vacancy Formation Energy (Cell Structure Relaxation): -166.734479655 Size:  3
Vacancy Formation Energy (Cell Structure Relaxation): -166.734457117 Size:  3
Vacancy Formation Energy (Cell Structure Relaxation): -166.7344471 Size:  3
Vacancy Formation Energy (Cell Structure Relaxation): -166.734465887 Size:  3
Vacancy Formation Energy (Cell Structure Relaxation): -166.734502957 Size:  3
Vacancy Formation Energy (Cell Structure Relaxation): -166.734508169 Size:  3
Vacancy Formation Energy (Cell Structure Relaxation): -166.734464661 Size:  3
Vacancy Formation Energy (Cell Structure Relaxation): -166.734516613 Size:  3
Vacancy Formation Energy (Cell Structure Relaxation): -166.734497394 Size:  3
Vacancy Formation Energy (Cell Structure Relaxation): -166.734524493 Size:  3
Vacancy Formation Energy (Cell Structure Relaxation): -166.734505859 Size:  3
Vacancy Formation Energy (Cell Structure Relaxation): -166.734408858 Size:  3
Vacancy Formation Energy (Cell Structure Relaxation): -166.734501385 Size:  3
Vacancy Formation Energy (Cell Structure Relaxation): -166.734514303 Size:  3
Vacancy Formation Energy (Cell Structure Relaxation): -166.734557796 Size:  3
Vacancy Formation Energy (Cell Structure Relaxation): -166.734569204 Size:  3
Vacancy Formation Energy (Cell Structure Relaxation): -166.73456138 Size:  3
Vacancy Formation Energy (Cell Structure Relaxation): -166.734534852 Size:  3
Vacancy Formation Energy (Cell Structure Relaxation): -166.734593748 Size:  3
Vacancy Formation Energy (Cell Structure Relaxation): -166.734614595 Size:  3
Vacancy Formation Energy (Cell Structure Relaxation): -166.734442148 Size:  3
Vacancy Formation Energy (Cell Structure Relaxation): -166.734562473 Size:  3
Vacancy Formation Energy (Cell Structure Relaxation): -166.734627296 Size:  3
Vacancy Formation Energy (Cell Structure Relaxation): -166.734668439 Size:  3
Vacancy Formation Energy (Cell Structure Relaxation): -166.734659386 Size:  3
Vacancy Formation Energy (Cell Structure Relaxation): -166.734671208 Size:  3
Vacancy Formation Energy (Cell Structure Relaxation): -166.73468404 Size:  3
Vacancy Formation Energy (Cell Structure Relaxation): -166.73471868 Size:  3
Vacancy Formation Energy (Cell Structure Relaxation): -166.734764702 Size:  3
Vacancy Formation Energy (Cell Structure Relaxation): -166.7347899 Size:  3
Vacancy Formation Energy (Cell Structure Relaxation): -166.734865126 Size:  3
Vacancy Formation Energy (Cell Structure Relaxation): -166.734834279 Size:  3
Vacancy Formation Energy (Cell Structure Relaxation): -166.734884906 Size:  3
Vacancy Formation Energy (Cell Structure Relaxation): -166.734934472 Size:  3
Vacancy Formation Energy (Cell Structure Relaxation): -166.734880579 Size:  3
Vacancy Formation Energy (Cell Structure Relaxation): -166.734970634 Size:  3
Vacancy Formation Energy (Cell Structure Relaxation): -166.734974569 Size:  3
Vacancy Formation Energy (Cell Structure Relaxation): -166.735090967 Size:  3
Vacancy Formation Energy (Cell Structure Relaxation): -166.735142623 Size:  3
Vacancy Formation Energy (Cell Structure Relaxation): -166.735151295 Size:  3
Vacancy Formation Energy (Cell Structure Relaxation): -166.735155496 Size:  3
Vacancy Formation Energy (Cell Structure Relaxation): -166.735091163 Size:  3
Vacancy Formation Energy (Cell Structure Relaxation): -166.734964442 Size:  3
Vacancy Formation Energy (Cell Structure Relaxation): -166.735123708 Size:  3
Vacancy Formation Energy (Cell Structure Relaxation): -166.734960546 Size:  3
Vacancy Formation Energy (Cell Structure Relaxation): -166.735115425 Size:  3
Vacancy Formation Energy (Cell Structure Relaxation): -166.735244024 Size:  3
Vacancy Formation Energy (Cell Structure Relaxation): -166.735142906 Size:  3
Vacancy Formation Energy (Cell Structure Relaxation): -166.734695182 Size:  3
Vacancy Formation Energy (Cell Structure Relaxation): -166.735170957 Size:  3
Vacancy Formation Energy (Cell Structure Relaxation): -166.735297232 Size:  3
Vacancy Formation Energy (Cell Structure Relaxation): -166.735343273 Size:  3
Vacancy Formation Energy (Cell Structure Relaxation): -166.735215116 Size:  3
Vacancy Formation Energy (Cell Structure Relaxation): -166.735025296 Size:  3
Vacancy Formation Energy (Cell Structure Relaxation): -166.735232145 Size:  3
Vacancy Formation Energy (Cell Structure Relaxation): -166.735358943 Size:  3
Vacancy Formation Energy (Cell Structure Relaxation): -166.735408214 Size:  3
Vacancy Formation Energy (Cell Structure Relaxation): -166.735427312 Size:  3
Vacancy Formation Energy (Cell Structure Relaxation): -166.735478324 Size:  3
Vacancy Formation Energy (Cell Structure Relaxation): -166.735471458 Size:  3
Vacancy Formation Energy (Cell Structure Relaxation): -166.735505959 Size:  3
Vacancy Formation Energy (Cell Structure Relaxation): -166.735469964 Size:  3
Vacancy Formation Energy (Cell Structure Relaxation): -166.735560669 Size:  3
Vacancy Formation Energy (Cell Structure Relaxation): -166.735517945 Size:  3
Vacancy Formation Energy (Cell Structure Relaxation): -166.7356316 Size:  3
Vacancy Formation Energy (Cell Structure Relaxation): -166.735588918 Size:  3
Vacancy Formation Energy (Cell Structure Relaxation): -166.735781872 Size:  3
Vacancy Formation Energy (Cell Structure Relaxation): -166.735965294 Size:  3
Vacancy Formation Energy (Cell Structure Relaxation): -166.73583607 Size:  3
Vacancy Formation Energy (Cell Structure Relaxation): -166.735701915 Size:  3
Vacancy Formation Energy (Cell Structure Relaxation): -166.735822994 Size:  3
Vacancy Formation Energy (Cell Structure Relaxation): -166.735921115 Size:  3
Vacancy Formation Energy (Cell Structure Relaxation): -166.736141036 Size:  3
Vacancy Formation Energy (Cell Structure Relaxation): -166.73634169 Size:  3
Vacancy Formation Energy (Cell Structure Relaxation): -166.736247775 Size:  3
Vacancy Formation Energy (Cell Structure Relaxation): -166.736371618 Size:  3
Vacancy Formation Energy (Cell Structure Relaxation): -166.736521367 Size:  3
Vacancy Formation Energy (Cell Structure Relaxation): -166.736248128 Size:  3
Vacancy Formation Energy (Cell Structure Relaxation): -166.736680571 Size:  3
Vacancy Formation Energy (Cell Structure Relaxation): -166.736944731 Size:  3
Vacancy Formation Energy (Cell Structure Relaxation): -166.737029816 Size:  3
Vacancy Formation Energy (Cell Structure Relaxation): -166.737488706 Size:  3
Vacancy Formation Energy (Cell Structure Relaxation): -166.737453891 Size:  3
Vacancy Formation Energy (Cell Structure Relaxation): -166.737690336 Size:  3
Vacancy Formation Energy (Cell Structure Relaxation): -166.73838188 Size:  3
Vacancy Formation Energy (Cell Structure Relaxation): -166.738167894 Size:  3
Vacancy Formation Energy (Cell Structure Relaxation): -166.738325626 Size:  3
Vacancy Formation Energy (Cell Structure Relaxation): -166.738869891 Size:  3
Vacancy Formation Energy (Cell Structure Relaxation): -166.739389365 Size:  3
Vacancy Formation Energy (Cell Structure Relaxation): -166.739726048 Size:  3
Vacancy Formation Energy (Cell Structure Relaxation): -166.740825019 Size:  3
Vacancy Formation Energy (Cell Structure Relaxation): -166.740461383 Size:  3
Vacancy Formation Energy (Cell Structure Relaxation): -166.741369969 Size:  3
Vacancy Formation Energy (Cell Structure Relaxation): -166.743005926 Size:  3
Vacancy Formation Energy (Cell Structure Relaxation): -166.741867992 Size:  3
Vacancy Formation Energy (Cell Structure Relaxation): -166.742974458 Size:  3
Vacancy Formation Energy (Cell Structure Relaxation): -166.74454265 Size:  3
Vacancy Formation Energy (Cell Structure Relaxation): -166.746868661 Size:  3
Vacancy Formation Energy (Cell Structure Relaxation): -166.74588441 Size:  3
Vacancy Formation Energy (Cell Structure Relaxation): -166.746992041 Size:  3
Vacancy Formation Energy (Cell Structure Relaxation): -166.749518394 Size:  3
Vacancy Formation Energy (Cell Structure Relaxation): -166.748710137 Size:  3
Vacancy Formation Energy (Cell Structure Relaxation): -166.751078042 Size:  3
Vacancy Formation Energy (Cell Structure Relaxation): -166.755081944 Size:  3
Vacancy Formation Energy (Cell Structure Relaxation): -166.753738534 Size:  3
Vacancy Formation Energy (Cell Structure Relaxation): -166.755402007 Size:  3
Vacancy Formation Energy (Cell Structure Relaxation): -166.757973454 Size:  3
Vacancy Formation Energy (Cell Structure Relaxation): -166.754262086 Size:  3
Vacancy Formation Energy (Cell Structure Relaxation): -166.760657158 Size:  3
Vacancy Formation Energy (Cell Structure Relaxation): -166.766008751 Size:  3
Vacancy Formation Energy (Cell Structure Relaxation): -166.763876873 Size:  3
Vacancy Formation Energy (Cell Structure Relaxation): -166.766537833 Size:  3
Vacancy Formation Energy (Cell Structure Relaxation): -166.770325556 Size:  3
Vacancy Formation Energy (Cell Structure Relaxation): -166.763966997 Size:  3
Vacancy Formation Energy (Cell Structure Relaxation): -166.774837228 Size:  3
Vacancy Formation Energy (Cell Structure Relaxation): -166.784227404 Size:  3
Vacancy Formation Energy (Cell Structure Relaxation): -166.76923618 Size:  3
Vacancy Formation Energy (Cell Structure Relaxation): -166.779192448 Size:  3
Vacancy Formation Energy (Cell Structure Relaxation): -166.777334612 Size:  3
Vacancy Formation Energy (Cell Structure Relaxation): -166.787433822 Size:  3
Vacancy Formation Energy (Cell Structure Relaxation): -166.797036266 Size:  3
Vacancy Formation Energy (Cell Structure Relaxation): -166.786646182 Size:  3
Vacancy Formation Energy (Cell Structure Relaxation): -166.798705395 Size:  3
Vacancy Formation Energy (Cell Structure Relaxation): -166.807966804 Size:  3
Vacancy Formation Energy (Cell Structure Relaxation): -166.811236932 Size:  3
Vacancy Formation Energy (Cell Structure Relaxation): -166.826731965 Size:  3
Vacancy Formation Energy (Cell Structure Relaxation): -166.821365811 Size:  3
Vacancy Formation Energy (Cell Structure Relaxation): -166.831518603 Size:  3
Vacancy Formation Energy (Cell Structure Relaxation): -166.851656722 Size:  3
Vacancy Formation Energy (Cell Structure Relaxation): -166.835384398 Size:  3
Vacancy Formation Energy (Cell Structure Relaxation): -166.854864611 Size:  3
Vacancy Formation Energy (Cell Structure Relaxation): -166.869563791 Size:  3
Vacancy Formation Energy (Cell Structure Relaxation): -166.879484029 Size:  3
Vacancy Formation Energy (Cell Structure Relaxation): -166.911692775 Size:  3
Vacancy Formation Energy (Cell Structure Relaxation): -166.895164736 Size:  3
Vacancy Formation Energy (Cell Structure Relaxation): -166.906816508 Size:  3
Vacancy Formation Energy (Cell Structure Relaxation): -166.916181502 Size:  3
Vacancy Formation Energy (Cell Structure Relaxation): -166.919616382 Size:  3
Vacancy Formation Energy (Cell Structure Relaxation): -166.938258382 Size:  3
Vacancy Formation Energy (Cell Structure Relaxation): -166.941676213 Size:  3
Vacancy Formation Energy (Cell Structure Relaxation): -166.948552963 Size:  3
Vacancy Formation Energy (Cell Structure Relaxation): -166.916868054 Size:  3
Vacancy Formation Energy (Cell Structure Relaxation): -166.981074257 Size:  3
Vacancy Formation Energy (Cell Structure Relaxation): -166.976468673 Size:  3
Vacancy Formation Energy (Cell Structure Relaxation): -166.94085871 Size:  3
Vacancy Formation Energy (Cell Structure Relaxation): -166.92227381 Size:  3
Vacancy Formation Energy (Cell Structure Relaxation): -166.823027822 Size:  3
Vacancy Formation Energy (Cell Structure Relaxation): -166.953837933 Size:  3
Vacancy Formation Energy (Cell Structure Relaxation): -166.987809922 Size:  3
Vacancy Formation Energy (Cell Structure Relaxation): -167.001783773 Size:  3
Vacancy Formation Energy (Cell Structure Relaxation): -166.976859682 Size:  3
Vacancy Formation Energy (Cell Structure Relaxation): -166.990245066 Size:  3
Vacancy Formation Energy (Cell Structure Relaxation): -166.992611139 Size:  3
Vacancy Formation Energy (Cell Structure Relaxation): -167.020221425 Size:  3
Vacancy Formation Energy (Cell Structure Relaxation): -167.022553721 Size:  3
Vacancy Formation Energy (Cell Structure Relaxation): -167.051886497 Size:  3
Vacancy Formation Energy (Cell Structure Relaxation): -167.069858011 Size:  3
Vacancy Formation Energy (Cell Structure Relaxation): -167.064948054 Size:  3
Vacancy Formation Energy (Cell Structure Relaxation): -167.101634542 Size:  3
Vacancy Formation Energy (Cell Structure Relaxation): -167.142155332 Size:  3
Vacancy Formation Energy (Cell Structure Relaxation): -167.100971995 Size:  3
Vacancy Formation Energy (Cell Structure Relaxation): -167.10799786 Size:  3
Vacancy Formation Energy (Cell Structure Relaxation): -167.041546518 Size:  3
Vacancy Formation Energy (Cell Structure Relaxation): -167.106047034 Size:  3
Vacancy Formation Energy (Cell Structure Relaxation): -167.00977523 Size:  3
Vacancy Formation Energy (Cell Structure Relaxation): -167.10054147 Size:  3
Vacancy Formation Energy (Cell Structure Relaxation): -167.139149426 Size:  3
Vacancy Formation Energy (Cell Structure Relaxation): -167.147951707 Size:  3
Vacancy Formation Energy (Cell Structure Relaxation): -167.128299648 Size:  3
Vacancy Formation Energy (Cell Structure Relaxation): -167.136381271 Size:  3
Vacancy Formation Energy (Cell Structure Relaxation): -167.148048495 Size:  3
Vacancy Formation Energy (Cell Structure Relaxation): -167.09880478 Size:  3
Vacancy Formation Energy (Cell Structure Relaxation): -167.170547061 Size:  3
Vacancy Formation Energy (Cell Structure Relaxation): -167.142302977 Size:  3
Vacancy Formation Energy (Cell Structure Relaxation): -167.205260481 Size:  3
Vacancy Formation Energy (Cell Structure Relaxation): -167.219346811 Size:  3
Vacancy Formation Energy (Cell Structure Relaxation): -167.167701162 Size:  3
Vacancy Formation Energy (Cell Structure Relaxation): -167.19672428 Size:  3
Vacancy Formation Energy (Cell Structure Relaxation): -167.131193348 Size:  3
Vacancy Formation Energy (Cell Structure Relaxation): -167.185313573 Size:  3
Vacancy Formation Energy (Cell Structure Relaxation): -167.186968969 Size:  3
Vacancy Formation Energy (Cell Structure Relaxation): -167.168007614 Size:  3
Vacancy Formation Energy (Cell Structure Relaxation): -167.198868099 Size:  3
Vacancy Formation Energy (Cell Structure Relaxation): -167.155667492 Size:  3
Vacancy Formation Energy (Cell Structure Relaxation): -167.196150934 Size:  3
Vacancy Formation Energy (Cell Structure Relaxation): -167.220565101 Size:  3
Vacancy Formation Energy (Cell Structure Relaxation): -167.208708525 Size:  3
Vacancy Formation Energy (Cell Structure Relaxation): -167.192604069 Size:  3
Vacancy Formation Energy (Cell Structure Relaxation): -167.224107097 Size:  3
Vacancy Formation Energy (Cell Structure Relaxation): -167.213507126 Size:  3
Vacancy Formation Energy (Cell Structure Relaxation): -167.19851614 Size:  3
Vacancy Formation Energy (Cell Structure Relaxation): -167.220777516 Size:  3
Vacancy Formation Energy (Cell Structure Relaxation): -167.237107481 Size:  3
Vacancy Formation Energy (Cell Structure Relaxation): -167.23285477 Size:  3
Vacancy Formation Energy (Cell Structure Relaxation): -167.212608579 Size:  3
Vacancy Formation Energy (Cell Structure Relaxation): -167.220458826 Size:  3
Vacancy Formation Energy (Cell Structure Relaxation): -167.214414196 Size:  3
Vacancy Formation Energy (Cell Structure Relaxation): -167.229797629 Size:  3
Vacancy Formation Energy (Cell Structure Relaxation): -167.237070757 Size:  3
Vacancy Formation Energy (Cell Structure Relaxation): -167.194941733 Size:  3
Vacancy Formation Energy (Cell Structure Relaxation): -167.235307329 Size:  3
Vacancy Formation Energy (Cell Structure Relaxation): -167.2094417 Size:  3
Vacancy Formation Energy (Cell Structure Relaxation): -167.234381861 Size:  3
Vacancy Formation Energy (Cell Structure Relaxation): -167.232346006 Size:  3
Vacancy Formation Energy (Cell Structure Relaxation): -167.240949866 Size:  3
Vacancy Formation Energy (Cell Structure Relaxation): -167.232090975 Size:  3
Vacancy Formation Energy (Cell Structure Relaxation): -167.236412408 Size:  3
Vacancy Formation Energy (Cell Structure Relaxation): -167.238411428 Size:  3
Vacancy Formation Energy (Cell Structure Relaxation): -167.23915932 Size:  3
Vacancy Formation Energy (Cell Structure Relaxation): -167.239896714 Size:  3
Vacancy Formation Energy (Cell Structure Relaxation): -167.231140205 Size:  3
Vacancy Formation Energy (Cell Structure Relaxation): -167.241989516 Size:  3
Vacancy Formation Energy (Cell Structure Relaxation): -167.241936987 Size:  3
Vacancy Formation Energy (Cell Structure Relaxation): -167.243383023 Size:  3
Vacancy Formation Energy (Cell Structure Relaxation): -167.239819649 Size:  3
Vacancy Formation Energy (Cell Structure Relaxation): -167.239169669 Size:  3
Vacancy Formation Energy (Cell Structure Relaxation): -167.244476672 Size:  3
Vacancy Formation Energy (Cell Structure Relaxation): -167.234775678 Size:  3
Vacancy Formation Energy (Cell Structure Relaxation): -167.243525126 Size:  3
Vacancy Formation Energy (Cell Structure Relaxation): -167.239724708 Size:  3
Vacancy Formation Energy (Cell Structure Relaxation): -167.246515934 Size:  3
Vacancy Formation Energy (Cell Structure Relaxation): -167.242946429 Size:  3
Vacancy Formation Energy (Cell Structure Relaxation): -167.238473148 Size:  3
Vacancy Formation Energy (Cell Structure Relaxation): -167.247361362 Size:  3
Vacancy Formation Energy (Cell Structure Relaxation): -167.246146469 Size:  3
Vacancy Formation Energy (Cell Structure Relaxation): -167.244033821 Size:  3
Vacancy Formation Energy (Cell Structure Relaxation): -167.242090384 Size:  3
Vacancy Formation Energy (Cell Structure Relaxation): -167.247788731 Size:  3
Vacancy Formation Energy (Cell Structure Relaxation): -167.240616049 Size:  3
Vacancy Formation Energy (Cell Structure Relaxation): -167.247050494 Size:  3
Vacancy Formation Energy (Cell Structure Relaxation): -167.243842301 Size:  3
Vacancy Formation Energy (Cell Structure Relaxation): -167.246928835 Size:  3
Vacancy Formation Energy (Cell Structure Relaxation): -167.242871224 Size:  3
Vacancy Formation Energy (Cell Structure Relaxation): -167.247179614 Size:  3
Vacancy Formation Energy (Cell Structure Relaxation): -167.245441908 Size:  3
Vacancy Formation Energy (Cell Structure Relaxation): -167.247520503 Size:  3
Vacancy Formation Energy (Cell Structure Relaxation): -167.246282563 Size:  3
Vacancy Formation Energy (Cell Structure Relaxation): -167.247569852 Size:  3
Vacancy Formation Energy (Cell Structure Relaxation): -167.247004584 Size:  3
Vacancy Formation Energy (Cell Structure Relaxation): -167.247694894 Size:  3
Vacancy Formation Energy (Cell Structure Relaxation): -167.246566281 Size:  3
Vacancy Formation Energy (Cell Structure Relaxation): -167.247746328 Size:  3
Vacancy Formation Energy (Cell Structure Relaxation): -167.246200497 Size:  3
Vacancy Formation Energy (Cell Structure Relaxation): -167.247812448 Size:  3
Vacancy Formation Energy (Cell Structure Relaxation): -167.247430885 Size:  3
Vacancy Formation Energy (Cell Structure Relaxation): -167.247796021 Size:  3
Vacancy Formation Energy (Cell Structure Relaxation): -167.247439513 Size:  3
Vacancy Formation Energy (Cell Structure Relaxation): -167.247822679 Size:  3
Vacancy Formation Energy (Cell Structure Relaxation): -167.247953767 Size:  3
Vacancy Formation Energy (Cell Structure Relaxation): -167.247606627 Size:  3
Vacancy Formation Energy (Cell Structure Relaxation): -167.247827034 Size:  3
Vacancy Formation Energy (Cell Structure Relaxation): -167.247556735 Size:  3
Vacancy Formation Energy (Cell Structure Relaxation): -167.247943076 Size:  3
Vacancy Formation Energy (Cell Structure Relaxation): -167.247300675 Size:  3
Vacancy Formation Energy (Cell Structure Relaxation): -167.247974602 Size:  3
Vacancy Formation Energy (Cell Structure Relaxation): -167.247846166 Size:  3
Vacancy Formation Energy (Cell Structure Relaxation): -167.247827757 Size:  3
Vacancy Formation Energy (Cell Structure Relaxation): -167.247843679 Size:  3
Vacancy Formation Energy (Cell Structure Relaxation): -167.247804457 Size:  3
Vacancy Formation Energy (Cell Structure Relaxation): -167.247948318 Size:  3
Vacancy Formation Energy (Cell Structure Relaxation): -167.247892063 Size:  3
Vacancy Formation Energy (Cell Structure Relaxation): -167.24783303 Size:  3
Vacancy Formation Energy (Cell Structure Relaxation): -167.247959723 Size:  3
Vacancy Formation Energy (Cell Structure Relaxation): -167.247959125 Size:  3
Vacancy Formation Energy (Cell Structure Relaxation): -167.247899745 Size:  3
Vacancy Formation Energy (Cell Structure Relaxation): -167.247987464 Size:  3
Vacancy Formation Energy (Cell Structure Relaxation): -167.24786593 Size:  3
Vacancy Formation Energy (Cell Structure Relaxation): -167.248004204 Size:  3
Vacancy Formation Energy (Cell Structure Relaxation): -167.247969425 Size:  3
Vacancy Formation Energy (Cell Structure Relaxation): -167.247982642 Size:  3
Vacancy Formation Energy (Cell Structure Relaxation): -167.247932498 Size:  3
Vacancy Formation Energy (Cell Structure Relaxation): -167.248008596 Size:  3
Vacancy Formation Energy (Cell Structure Relaxation): -167.247848926 Size:  3
Vacancy Formation Energy (Cell Structure Relaxation): -167.248015457 Size:  3
Vacancy Formation Energy (Cell Structure Relaxation): -167.247967937 Size:  3
Vacancy Formation Energy (Cell Structure Relaxation): -167.248007515 Size:  3
Vacancy Formation Energy (Cell Structure Relaxation): -167.247982829 Size:  3
Vacancy Formation Energy (Cell Structure Relaxation): -167.247931316 Size:  3
Vacancy Formation Energy (Cell Structure Relaxation): -167.248015921 Size:  3
Vacancy Formation Energy (Cell Structure Relaxation): -167.247980984 Size:  3
Vacancy Formation Energy (Cell Structure Relaxation): -167.248011441 Size:  3
Vacancy Formation Energy (Cell Structure Relaxation): -167.247993644 Size:  3
Vacancy Formation Energy (Cell Structure Relaxation): -167.248015375 Size:  3
Vacancy Formation Energy (Cell Structure Relaxation): -167.248006319 Size:  3
Vacancy Formation Energy (Cell Structure Relaxation): -167.24801846 Size:  3
Vacancy Formation Energy (Cell Structure Relaxation): -167.248010059 Size:  3
Vacancy Formation Energy (Cell Structure Relaxation): -167.248020618 Size:  3
Vacancy Formation Energy (Cell Structure Relaxation): -167.247999813 Size:  3
Vacancy Formation Energy (Cell Structure Relaxation): -167.248015748 Size:  3
Vacancy Formation Energy (Cell Structure Relaxation): -167.248003285 Size:  3
Vacancy Formation Energy (Cell Structure Relaxation): -167.248022492 Size:  3
Vacancy Formation Energy (Cell Structure Relaxation): -167.248018878 Size:  3
Vacancy Formation Energy (Cell Structure Relaxation): -167.248004669 Size:  3
Vacancy Formation Energy (Cell Structure Relaxation): -167.248023999 Size:  3
Vacancy Formation Energy (Cell Structure Relaxation): -167.24801904 Size:  3
Vacancy Formation Energy (Cell Structure Relaxation): -167.248015026 Size:  3
Vacancy Formation Energy (Cell Structure Relaxation): -167.248023574 Size:  3
Vacancy Formation Energy (Cell Structure Relaxation): -167.248011209 Size:  3
Vacancy Formation Energy (Cell Structure Relaxation): -167.248024766 Size:  3
Vacancy Formation Energy (Cell Structure Relaxation): -167.248010755 Size:  3
Vacancy Formation Energy (Cell Structure Relaxation): -167.248024862 Size:  3
Vacancy Formation Energy (Cell Structure Relaxation): -167.248019291 Size:  3
Vacancy Formation Energy (Cell Structure Relaxation): -167.248024274 Size:  3
Vacancy Formation Energy (Cell Structure Relaxation): -167.248016087 Size:  3
Vacancy Formation Energy (Cell Structure Relaxation): -167.24802499 Size:  3
Vacancy Formation Energy (Cell Structure Relaxation): -167.248020993 Size:  3
Vacancy Formation Energy (Cell Structure Relaxation): -167.248025156 Size:  3
Vacancy Formation Energy (Cell Structure Relaxation): -167.248022931 Size:  3
Vacancy Formation Energy (Cell Structure Relaxation): -167.248025348 Size:  3
Vacancy Formation Energy (Cell Structure Relaxation): -167.248023563 Size:  3
Vacancy Formation Energy (Cell Structure Relaxation): -167.248025444 Size:  3
Vacancy Formation Energy (Cell Structure Relaxation): -167.248025048 Size:  3
Vacancy Formation Energy (Cell Structure Relaxation): -167.248023269 Size:  3
Vacancy Formation Energy (Cell Structure Relaxation): -167.248025804 Size:  3
Vacancy Formation Energy (Cell Structure Relaxation): -167.2480238 Size:  3
Vacancy Formation Energy (Cell Structure Relaxation): -167.248025774 Size:  3
Vacancy Formation Energy (Cell Structure Relaxation): -167.248024571 Size:  3
Vacancy Formation Energy (Cell Structure Relaxation): -167.248025743 Size:  3
Vacancy Formation Energy (Cell Structure Relaxation): -167.248024325 Size:  3
Vacancy Formation Energy (Cell Structure Relaxation): -167.248025782 Size:  3
Vacancy Formation Energy (Cell Structure Relaxation): -167.24802476 Size:  3
Vacancy Formation Energy (Cell Structure Relaxation): -167.248025776 Size:  3
Vacancy Formation Energy (Cell Structure Relaxation): -167.248025564 Size:  3
Vacancy Formation Energy (Cell Structure Relaxation): -167.248025878 Size:  3
Vacancy Formation Energy (Cell Structure Relaxation): -167.248025094 Size:  3
Vacancy Formation Energy (Cell Structure Relaxation): -167.248025174 Size:  3
Vacancy Formation Energy (Cell Structure Relaxation): -167.248025943 Size:  3
Vacancy Formation Energy (Cell Structure Relaxation): -167.24802581 Size:  3
Vacancy Formation Energy (Cell Structure Relaxation): -167.24802533 Size:  3
Vacancy Formation Energy (Cell Structure Relaxation): -167.248026 Size:  3
Vacancy Formation Energy (Cell Structure Relaxation): -167.248025876 Size:  3
Vacancy Formation Energy (Cell Structure Relaxation): -167.248026 Size:  3
Vacancy Formation Energy (Cell Structure Relaxation): -167.248025883 Size:  3
Vacancy Formation Energy (Cell Structure Relaxation): -167.248025844 Size:  3
Vacancy Formation Energy (Cell Structure Relaxation): -167.248026025 Size:  3
Vacancy Formation Energy (Cell Structure Relaxation): -167.248025778 Size:  3
Vacancy Formation Energy (Cell Structure Relaxation): -167.24802604 Size:  3
Vacancy Formation Energy (Cell Structure Relaxation): -167.248025578 Size:  3
Vacancy Formation Energy (Cell Structure Relaxation): -167.248026056 Size:  3
Vacancy Formation Energy (Cell Structure Relaxation): -167.248026001 Size:  3
Vacancy Formation Energy (Cell Structure Relaxation): -167.248026058 Size:  3
Vacancy Formation Energy (Cell Structure Relaxation): -167.248025812 Size:  3
Vacancy Formation Energy (Cell Structure Relaxation): -167.248025835 Size:  3
Vacancy Formation Energy (Cell Structure Relaxation): -167.248026095 Size:  3
Vacancy Formation Energy (Cell Structure Relaxation): -167.248026041 Size:  3
Vacancy Formation Energy (Cell Structure Relaxation): -167.248025991 Size:  3
Vacancy Formation Energy (Cell Structure Relaxation): -167.248026086 Size:  3
Vacancy Formation Energy (Cell Structure Relaxation): -167.248025881 Size:  3
Vacancy Formation Energy (Cell Structure Relaxation): -167.248026103 Size:  3
Vacancy Formation Energy (Cell Structure Relaxation): -167.248026054 Size:  3
Vacancy Formation Energy (Cell Structure Relaxation): -167.24802603 Size:  3
Vacancy Formation Energy (Cell Structure Relaxation): -167.248026096 Size:  3
Vacancy Formation Energy (Cell Structure Relaxation): -167.248026045 Size:  3
Vacancy Formation Energy (Cell Structure Relaxation): -167.248026099 Size:  3
Vacancy Formation Energy (Cell Structure Relaxation): -167.248026058 Size:  3
Vacancy Formation Energy (Cell Structure Relaxation): -167.2480261 Size:  3
Vacancy Formation Energy (Cell Structure Relaxation): -167.248026109 Size:  3
Vacancy Formation Energy (Cell Structure Relaxation): -167.24802603 Size:  3
Vacancy Formation Energy (Cell Structure Relaxation): -167.248026129 Size:  3
Vacancy Formation Energy (Cell Structure Relaxation): -167.248026099 Size:  3
Vacancy Formation Energy (Cell Structure Relaxation): -167.248026093 Size:  3
Vacancy Formation Energy (Cell Structure Relaxation): -167.24802612 Size:  3
Vacancy Formation Energy (Cell Structure Relaxation): -167.248026116 Size:  3
Vacancy Formation Energy (Cell Structure Relaxation): -167.248026085 Size:  3
Vacancy Formation Energy (Cell Structure Relaxation): -167.248026124 Size:  3
Vacancy Formation Energy (Cell Structure Relaxation): -167.248026069 Size:  3
Vacancy Formation Energy (Cell Structure Relaxation): -167.248026126 Size:  3
Vacancy Formation Energy (Cell Structure Relaxation): -167.248026102 Size:  3
Vacancy Formation Energy (Cell Structure Relaxation): -167.248026124 Size:  3
Vacancy Formation Energy (Cell Structure Relaxation): -167.248026113 Size:  3
Vacancy Formation Energy (Cell Structure Relaxation): -167.248026127 Size:  3
Vacancy Formation Energy (Cell Structure Relaxation): -167.2480261 Size:  3
Vacancy Formation Energy (Cell Structure Relaxation): -167.248026129 Size:  3
Vacancy Formation Energy (Cell Structure Relaxation): -167.248026139 Size:  3
Vacancy Formation Energy (Cell Structure Relaxation): -167.248026139 Size:  3
Vacancy Formation Energy (Cell Structure Relaxation): -167.248026119 Size:  3
Vacancy Formation Energy (Cell Structure Relaxation): -167.248026132 Size:  3
Vacancy Formation Energy (Cell Structure Relaxation): -167.248026136 Size:  3
Vacancy Formation Energy (Cell Structure Relaxation): -167.248026127 Size:  3
Vacancy Formation Energy (Cell Structure Relaxation): -167.248026124 Size:  3
Vacancy Formation Energy (Cell Structure Relaxation): -167.248026134 Size:  3
Vacancy Formation Energy (Cell Structure Relaxation): -167.248026128 Size:  3
Vacancy Formation Energy (Cell Structure Relaxation): -167.248026134 Size:  3
Vacancy Formation Energy (Cell Structure Relaxation): -167.248026125 Size:  3
Vacancy Formation Energy (Cell Structure Relaxation): -167.248026135 Size:  3
Vacancy Formation Energy (Cell Structure Relaxation): -167.248026135 Size:  3
Vacancy Formation Energy (Cell Structure Relaxation): -167.248026139 Size:  3
Vacancy Formation Energy (Cell Structure Relaxation): -167.248026139 Size:  3
Vacancy Formation Energy (Cell Structure Relaxation): -167.248026137 Size:  3
Vacancy Formation Energy (Cell Structure Relaxation): -167.248026135 Size:  3
Vacancy Formation Energy (Cell Structure Relaxation): -167.248026143 Size:  3
Vacancy Formation Energy (Cell Structure Relaxation): -167.248026144 Size:  3
Vacancy Formation Energy (Cell Structure Relaxation): -167.248026143 Size:  3
Vacancy Formation Energy (Cell Structure Relaxation): -167.248026142 Size:  3
Vacancy Formation Energy (Cell Structure Relaxation): -167.248026144 Size:  3
Vacancy Formation Energy (Cell Structure Relaxation): -167.248026141 Size:  3
Vacancy Formation Energy (Cell Structure Relaxation): -167.248026146 Size:  3
Vacancy Formation Energy (Cell Structure Relaxation): -167.248026143 Size:  3
Vacancy Formation Energy (Cell Structure Relaxation): -167.24802615 Size:  3
Vacancy Formation Energy (Cell Structure Relaxation): -167.248026152 Size:  3
Vacancy Formation Energy (Cell Structure Relaxation): -167.248026148 Size:  3
Vacancy Formation Energy (Cell Structure Relaxation): -167.248026146 Size:  3
Vacancy Formation Energy (Cell Structure Relaxation): -167.248026149 Size:  3
Vacancy Formation Energy (Cell Structure Relaxation): -167.248026149 Size:  3
Vacancy Formation Energy (Cell Structure Relaxation): -167.248026154 Size:  3
Vacancy Formation Energy (Cell Structure Relaxation): -167.248026153 Size:  3
Vacancy Formation Energy (Cell Structure Relaxation): -167.248026151 Size:  3
Vacancy Formation Energy (Cell Structure Relaxation): -167.248026156 Size:  3
Vacancy Formation Energy (Cell Structure Relaxation): -167.248026155 Size:  3
Vacancy Formation Energy (Cell Structure Relaxation): -167.248026149 Size:  3
Vacancy Formation Energy (Cell Structure Relaxation): -167.248026146 Size:  3
Vacancy Formation Energy (Cell Structure Relaxation): -167.248026153 Size:  3
Vacancy Formation Energy (Cell Structure Relaxation): -167.248026153 Size:  3
Vacancy Formation Energy (Cell Structure Relaxation): -167.248026151 Size:  3
Vacancy Formation Energy (Cell Structure Relaxation): -167.248026154 Size:  3
Vacancy Formation Energy (Cell Structure Relaxation): -167.248026154 Size:  3
Vacancy Formation Energy (Cell Structure Relaxation): -167.248026155 Size:  3
Vacancy Formation Energy (Cell Structure Relaxation): -167.248026156 Size:  3
Vacancy Formation Energy (Cell Structure Relaxation): -167.248026152 Size:  3
Vacancy Formation Energy (Cell Structure Relaxation): -167.248026156 Size:  3
Vacancy Formation Energy (Cell Structure Relaxation): -167.248026153 Size:  3
Vacancy Formation Energy (Cell Structure Relaxation): -167.248026156 Size:  3
Vacancy Formation Energy (Cell Structure Relaxation): -167.248026155 Size:  3
Vacancy Formation Energy (Cell Structure Relaxation): -167.248026154 Size:  3
Vacancy Formation Energy (Cell Structure Relaxation): -167.248026156 Size:  3
Vacancy Formation Energy (Cell Structure Relaxation): -167.248026155 Size:  3
Vacancy Formation Energy (Cell Structure Relaxation): -167.248026156 Size:  3
Vacancy Formation Energy (Cell Structure Relaxation): -167.248026154 Size:  3
Vacancy Formation Energy (Cell Structure Relaxation): -167.248026156 Size:  3
Vacancy Formation Energy (Cell Structure Relaxation): -167.248026156 Size:  3
Vacancy Formation Energy (Cell Structure Relaxation): -167.248026156 Size:  3
Vacancy Formation Energy (Cell Structure Relaxation): -167.248026156 Size:  3
Vacancy Formation Energy (Cell Structure Relaxation): -167.248026155 Size:  3
Vacancy Formation Energy (Cell Structure Relaxation): -167.248026156 Size:  3
Vacancy Formation Energy (Cell Structure Relaxation): -167.248026156 Size:  3
Vacancy Formation Energy (Cell Structure Relaxation): -167.248026156 Size:  3
Vacancy Formation Energy (Cell Structure Relaxation): -167.248026156 Size:  3
Vacancy Formation Energy (Cell Structure Relaxation): -167.248026156 Size:  3
Vacancy Formation Energy (Cell Structure Relaxation): -167.248026156 Size:  3
Vacancy Formation Energy (Cell Structure Relaxation): -167.248026156 Size:  3
Vacancy Formation Energy (Cell Structure Relaxation): -167.248026156 Size:  3
Vacancy Formation Energy (Cell Structure Relaxation): -167.248026156 Size:  3
Vacancy Formation Energy (Cell Structure Relaxation): -167.248026156 Size:  3
Vacancy Formation Energy (Cell Structure Relaxation): -167.248026156 Size:  3
Vacancy Formation Energy (Cell Structure Relaxation): -167.248026156 Size:  3
Vacancy Formation Energy (Cell Structure Relaxation): -167.248026156 Size:  3
Optimization terminated successfully.
         Current function value: -167.248026
         Iterations: 717
         Function evaluations: 1121
Summary:
Vacancy Formation Energy: -167.248026156
Unrelaxed Cell Volume: 5231.99657733
Relaxed Cell Volume: 3708.30506587
Relaxation Volume: 1523.69151146
Relaxed Cell Vector:
[ 14.261832    -0.55038264  13.63009909  -0.4679397   -0.51674171
  19.07660666]
Unrelaxed Cell Vector:
[17.360243685540002, 0.0, 17.360243685540002, 0.0, 0.0, 17.360243685540002]
Relaxed Cell:
[[ 14.261832     0.           0.        ]
 [ -0.55038264  13.63009909   0.        ]
 [ -0.4679397   -0.51674171  19.07660666]]
Unrelaxed Cell:
[[ 17.36024369   0.           0.        ]
 [  0.          17.36024369   0.        ]
 [  0.           0.          17.36024369]]
