Imported bulk from ase.lattice
Parameters Input: Al fcc EAM_Dynamo_Mendelev_Kramer_Al__MO_106969701023_001 [4.04525974393]

[Calculation]

Supercell Size: 3
Unrelaxed Cell:
[[ 12.13577923   0.           0.        ]
 [  0.          12.13577923   0.        ]
 [  0.           0.          12.13577923]]
Unrelaxed Cell Vector:
[12.13577923179, 0.0, 12.13577923179, 0.0, 0.0, 12.13577923179]
Vacancy Formation Energy (Cell Structure Relaxation): 0.670219934574 Size:  3
Vacancy Formation Energy (Cell Structure Relaxation): 1.95337234287 Size:  3
Vacancy Formation Energy (Cell Structure Relaxation): 0.67022000729 Size:  3
Vacancy Formation Energy (Cell Structure Relaxation): 1.95337234287 Size:  3
Vacancy Formation Energy (Cell Structure Relaxation): 0.67022000729 Size:  3
Vacancy Formation Energy (Cell Structure Relaxation): 0.670220007285 Size:  3
Vacancy Formation Energy (Cell Structure Relaxation): 1.95337234287 Size:  3
Vacancy Formation Energy (Cell Structure Relaxation): 1.95617065924 Size:  3
Vacancy Formation Energy (Cell Structure Relaxation): 1.24226514058 Size:  3
Vacancy Formation Energy (Cell Structure Relaxation): 1.94327408888 Size:  3
Vacancy Formation Energy (Cell Structure Relaxation): 2.31758844001 Size:  3
Vacancy Formation Energy (Cell Structure Relaxation): 1.08115954046 Size:  3
Vacancy Formation Energy (Cell Structure Relaxation): 1.68530714535 Size:  3
Vacancy Formation Energy (Cell Structure Relaxation): 1.06137088008 Size:  3
Vacancy Formation Energy (Cell Structure Relaxation): 0.917357610929 Size:  3
Vacancy Formation Energy (Cell Structure Relaxation): 1.11998640247 Size:  3
Vacancy Formation Energy (Cell Structure Relaxation): 0.801007920366 Size:  3
Vacancy Formation Energy (Cell Structure Relaxation): 1.10914849339 Size:  3
Vacancy Formation Energy (Cell Structure Relaxation): 0.783831279115 Size:  3
Vacancy Formation Energy (Cell Structure Relaxation): 1.02980057015 Size:  3
Vacancy Formation Energy (Cell Structure Relaxation): 0.704543541689 Size:  3
Vacancy Formation Energy (Cell Structure Relaxation): 0.735254503427 Size:  3
Vacancy Formation Energy (Cell Structure Relaxation): 0.774710911158 Size:  3
Vacancy Formation Energy (Cell Structure Relaxation): 0.683385555194 Size:  3
Vacancy Formation Energy (Cell Structure Relaxation): 0.730632390716 Size:  3
Vacancy Formation Energy (Cell Structure Relaxation): 0.678818109034 Size:  3
Vacancy Formation Energy (Cell Structure Relaxation): 0.701170991564 Size:  3
Vacancy Formation Energy (Cell Structure Relaxation): 0.670545426877 Size:  3
Vacancy Formation Energy (Cell Structure Relaxation): 0.747911795753 Size:  3
Vacancy Formation Energy (Cell Structure Relaxation): 0.659235654839 Size:  3
Vacancy Formation Energy (Cell Structure Relaxation): 0.672411671009 Size:  3
Vacancy Formation Energy (Cell Structure Relaxation): 0.661467520664 Size:  3
Vacancy Formation Energy (Cell Structure Relaxation): 0.662841837322 Size:  3
Vacancy Formation Energy (Cell Structure Relaxation): 0.657195575334 Size:  3
Vacancy Formation Energy (Cell Structure Relaxation): 0.659345234726 Size:  3
Vacancy Formation Energy (Cell Structure Relaxation): 0.658325340275 Size:  3
Vacancy Formation Energy (Cell Structure Relaxation): 0.661723882424 Size:  3
Vacancy Formation Energy (Cell Structure Relaxation): 0.669668923511 Size:  3
Vacancy Formation Energy (Cell Structure Relaxation): 0.661723895006 Size:  3
Vacancy Formation Energy (Cell Structure Relaxation): 0.666455587569 Size:  3
Vacancy Formation Energy (Cell Structure Relaxation): 0.658880819968 Size:  3
Vacancy Formation Energy (Cell Structure Relaxation): 0.657261905736 Size:  3
Vacancy Formation Energy (Cell Structure Relaxation): 0.658941886653 Size:  3
Vacancy Formation Energy (Cell Structure Relaxation): 0.661708705854 Size:  3
Vacancy Formation Energy (Cell Structure Relaxation): 0.658069302088 Size:  3
Vacancy Formation Energy (Cell Structure Relaxation): 0.6624672974 Size:  3
Vacancy Formation Energy (Cell Structure Relaxation): 0.657211246035 Size:  3
Vacancy Formation Energy (Cell Structure Relaxation): 0.661733097362 Size:  3
Vacancy Formation Energy (Cell Structure Relaxation): 0.657258584559 Size:  3
Vacancy Formation Energy (Cell Structure Relaxation): 0.658647656485 Size:  3
Vacancy Formation Energy (Cell Structure Relaxation): 0.657404321627 Size:  3
Vacancy Formation Energy (Cell Structure Relaxation): 0.658904012424 Size:  3
Vacancy Formation Energy (Cell Structure Relaxation): 0.657274181176 Size:  3
Vacancy Formation Energy (Cell Structure Relaxation): 0.657039967429 Size:  3
Vacancy Formation Energy (Cell Structure Relaxation): 0.658417694629 Size:  3
Vacancy Formation Energy (Cell Structure Relaxation): 0.657457375056 Size:  3
Vacancy Formation Energy (Cell Structure Relaxation): 0.656990811115 Size:  3
Vacancy Formation Energy (Cell Structure Relaxation): 0.657030086133 Size:  3
Vacancy Formation Energy (Cell Structure Relaxation): 0.657182247429 Size:  3
Vacancy Formation Energy (Cell Structure Relaxation): 0.657892237357 Size:  3
Vacancy Formation Energy (Cell Structure Relaxation): 0.656869515457 Size:  3
Vacancy Formation Energy (Cell Structure Relaxation): 0.657122778337 Size:  3
Vacancy Formation Energy (Cell Structure Relaxation): 0.657170209163 Size:  3
Vacancy Formation Energy (Cell Structure Relaxation): 0.657815797797 Size:  3
Vacancy Formation Energy (Cell Structure Relaxation): 0.656846254085 Size:  3
Vacancy Formation Energy (Cell Structure Relaxation): 0.6571529459 Size:  3
Vacancy Formation Energy (Cell Structure Relaxation): 0.65689603796 Size:  3
Vacancy Formation Energy (Cell Structure Relaxation): 0.657031423489 Size:  3
Vacancy Formation Energy (Cell Structure Relaxation): 0.657252976021 Size:  3
Vacancy Formation Energy (Cell Structure Relaxation): 0.656839991383 Size:  3
Vacancy Formation Energy (Cell Structure Relaxation): 0.657183979866 Size:  3
Vacancy Formation Energy (Cell Structure Relaxation): 0.656845040739 Size:  3
Vacancy Formation Energy (Cell Structure Relaxation): 0.657198363838 Size:  3
Vacancy Formation Energy (Cell Structure Relaxation): 0.656844989954 Size:  3
Vacancy Formation Energy (Cell Structure Relaxation): 0.656973921655 Size:  3
Vacancy Formation Energy (Cell Structure Relaxation): 0.656841995689 Size:  3
Vacancy Formation Energy (Cell Structure Relaxation): 0.656926788627 Size:  3
Vacancy Formation Energy (Cell Structure Relaxation): 0.656821353839 Size:  3
Vacancy Formation Energy (Cell Structure Relaxation): 0.656976522532 Size:  3
Vacancy Formation Energy (Cell Structure Relaxation): 0.656808730853 Size:  3
Vacancy Formation Energy (Cell Structure Relaxation): 0.656825854371 Size:  3
Vacancy Formation Energy (Cell Structure Relaxation): 0.656904315657 Size:  3
Vacancy Formation Energy (Cell Structure Relaxation): 0.656805846291 Size:  3
Vacancy Formation Energy (Cell Structure Relaxation): 0.656880135795 Size:  3
Vacancy Formation Energy (Cell Structure Relaxation): 0.65680856698 Size:  3
Vacancy Formation Energy (Cell Structure Relaxation): 0.656842707278 Size:  3
Vacancy Formation Energy (Cell Structure Relaxation): 0.656810709788 Size:  3
Vacancy Formation Energy (Cell Structure Relaxation): 0.656875071923 Size:  3
Vacancy Formation Energy (Cell Structure Relaxation): 0.656807068187 Size:  3
Vacancy Formation Energy (Cell Structure Relaxation): 0.656827271063 Size:  3
Vacancy Formation Energy (Cell Structure Relaxation): 0.656806802782 Size:  3
Vacancy Formation Energy (Cell Structure Relaxation): 0.656817396105 Size:  3
Vacancy Formation Energy (Cell Structure Relaxation): 0.65680389223 Size:  3
Vacancy Formation Energy (Cell Structure Relaxation): 0.656812593259 Size:  3
Vacancy Formation Energy (Cell Structure Relaxation): 0.656802368628 Size:  3
Vacancy Formation Energy (Cell Structure Relaxation): 0.656813502552 Size:  3
Vacancy Formation Energy (Cell Structure Relaxation): 0.656801608814 Size:  3
Vacancy Formation Energy (Cell Structure Relaxation): 0.656808933395 Size:  3
Vacancy Formation Energy (Cell Structure Relaxation): 0.656801904653 Size:  3
Vacancy Formation Energy (Cell Structure Relaxation): 0.656810675191 Size:  3
Vacancy Formation Energy (Cell Structure Relaxation): 0.656801198894 Size:  3
Vacancy Formation Energy (Cell Structure Relaxation): 0.65680900761 Size:  3
Vacancy Formation Energy (Cell Structure Relaxation): 0.656801249087 Size:  3
Vacancy Formation Energy (Cell Structure Relaxation): 0.656817947444 Size:  3
Vacancy Formation Energy (Cell Structure Relaxation): 0.65680020927 Size:  3
Vacancy Formation Energy (Cell Structure Relaxation): 0.656803462776 Size:  3
Vacancy Formation Energy (Cell Structure Relaxation): 0.656800713562 Size:  3
Vacancy Formation Energy (Cell Structure Relaxation): 0.656801603261 Size:  3
Vacancy Formation Energy (Cell Structure Relaxation): 0.656800869314 Size:  3
Vacancy Formation Energy (Cell Structure Relaxation): 0.656800633466 Size:  3
Vacancy Formation Energy (Cell Structure Relaxation): 0.656804863657 Size:  3
Vacancy Formation Energy (Cell Structure Relaxation): 0.656799718912 Size:  3
Vacancy Formation Energy (Cell Structure Relaxation): 0.656803878846 Size:  3
Vacancy Formation Energy (Cell Structure Relaxation): 0.656799731598 Size:  3
Vacancy Formation Energy (Cell Structure Relaxation): 0.656801143043 Size:  3
Vacancy Formation Energy (Cell Structure Relaxation): 0.656799939757 Size:  3
Vacancy Formation Energy (Cell Structure Relaxation): 0.656799784342 Size:  3
Vacancy Formation Energy (Cell Structure Relaxation): 0.656800810312 Size:  3
Vacancy Formation Energy (Cell Structure Relaxation): 0.656799699798 Size:  3
Vacancy Formation Energy (Cell Structure Relaxation): 0.656801227778 Size:  3
Vacancy Formation Energy (Cell Structure Relaxation): 0.656799627868 Size:  3
Vacancy Formation Energy (Cell Structure Relaxation): 0.656801266346 Size:  3
Vacancy Formation Energy (Cell Structure Relaxation): 0.656799490516 Size:  3
Vacancy Formation Energy (Cell Structure Relaxation): 0.656799953506 Size:  3
Vacancy Formation Energy (Cell Structure Relaxation): 0.656799522792 Size:  3
Vacancy Formation Energy (Cell Structure Relaxation): 0.656800375942 Size:  3
Vacancy Formation Energy (Cell Structure Relaxation): 0.656799435092 Size:  3
Vacancy Formation Energy (Cell Structure Relaxation): 0.656799683637 Size:  3
Vacancy Formation Energy (Cell Structure Relaxation): 0.656799975412 Size:  3
Vacancy Formation Energy (Cell Structure Relaxation): 0.656799449053 Size:  3
Vacancy Formation Energy (Cell Structure Relaxation): 0.656799858196 Size:  3
Vacancy Formation Energy (Cell Structure Relaxation): 0.656799454003 Size:  3
Vacancy Formation Energy (Cell Structure Relaxation): 0.65679957467 Size:  3
Vacancy Formation Energy (Cell Structure Relaxation): 0.656799805926 Size:  3
Vacancy Formation Energy (Cell Structure Relaxation): 0.656799423492 Size:  3
Vacancy Formation Energy (Cell Structure Relaxation): 0.656799623273 Size:  3
Vacancy Formation Energy (Cell Structure Relaxation): 0.656799422145 Size:  3
Vacancy Formation Energy (Cell Structure Relaxation): 0.656799460107 Size:  3
Vacancy Formation Energy (Cell Structure Relaxation): 0.656799615603 Size:  3
Vacancy Formation Energy (Cell Structure Relaxation): 0.656799388346 Size:  3
Vacancy Formation Energy (Cell Structure Relaxation): 0.656799543341 Size:  3
Vacancy Formation Energy (Cell Structure Relaxation): 0.65679938583 Size:  3
Vacancy Formation Energy (Cell Structure Relaxation): 0.65679940932 Size:  3
Vacancy Formation Energy (Cell Structure Relaxation): 0.656799544347 Size:  3
Vacancy Formation Energy (Cell Structure Relaxation): 0.656799378208 Size:  3
Vacancy Formation Energy (Cell Structure Relaxation): 0.656799452853 Size:  3
Vacancy Formation Energy (Cell Structure Relaxation): 0.656799382122 Size:  3
Vacancy Formation Energy (Cell Structure Relaxation): 0.656799453337 Size:  3
Vacancy Formation Energy (Cell Structure Relaxation): 0.65679937804 Size:  3
Vacancy Formation Energy (Cell Structure Relaxation): 0.656799443866 Size:  3
Vacancy Formation Energy (Cell Structure Relaxation): 0.656799378357 Size:  3
Vacancy Formation Energy (Cell Structure Relaxation): 0.656799428679 Size:  3
Vacancy Formation Energy (Cell Structure Relaxation): 0.656799375348 Size:  3
Vacancy Formation Energy (Cell Structure Relaxation): 0.656799411931 Size:  3
Vacancy Formation Energy (Cell Structure Relaxation): 0.656799370025 Size:  3
Vacancy Formation Energy (Cell Structure Relaxation): 0.656799372515 Size:  3
Vacancy Formation Energy (Cell Structure Relaxation): 0.656799381432 Size:  3
Vacancy Formation Energy (Cell Structure Relaxation): 0.656799368931 Size:  3
Vacancy Formation Energy (Cell Structure Relaxation): 0.65679937847 Size:  3
Vacancy Formation Energy (Cell Structure Relaxation): 0.656799368082 Size:  3
Vacancy Formation Energy (Cell Structure Relaxation): 0.656799383429 Size:  3
Vacancy Formation Energy (Cell Structure Relaxation): 0.656799367483 Size:  3
Vacancy Formation Energy (Cell Structure Relaxation): 0.656799378217 Size:  3
Vacancy Formation Energy (Cell Structure Relaxation): 0.656799367796 Size:  3
Vacancy Formation Energy (Cell Structure Relaxation): 0.656799393918 Size:  3
Vacancy Formation Energy (Cell Structure Relaxation): 0.656799365562 Size:  3
Vacancy Formation Energy (Cell Structure Relaxation): 0.65679937991 Size:  3
Vacancy Formation Energy (Cell Structure Relaxation): 0.656799366062 Size:  3
Vacancy Formation Energy (Cell Structure Relaxation): 0.656799372595 Size:  3
Vacancy Formation Energy (Cell Structure Relaxation): 0.65679936593 Size:  3
Vacancy Formation Energy (Cell Structure Relaxation): 0.656799367212 Size:  3
Vacancy Formation Energy (Cell Structure Relaxation): 0.656799365711 Size:  3
Vacancy Formation Energy (Cell Structure Relaxation): 0.656799368553 Size:  3
Vacancy Formation Energy (Cell Structure Relaxation): 0.656799365093 Size:  3
Vacancy Formation Energy (Cell Structure Relaxation): 0.656799368791 Size:  3
Vacancy Formation Energy (Cell Structure Relaxation): 0.656799364959 Size:  3
Vacancy Formation Energy (Cell Structure Relaxation): 0.656799368522 Size:  3
Vacancy Formation Energy (Cell Structure Relaxation): 0.656799364882 Size:  3
Vacancy Formation Energy (Cell Structure Relaxation): 0.656799368602 Size:  3
Vacancy Formation Energy (Cell Structure Relaxation): 0.656799364511 Size:  3
Vacancy Formation Energy (Cell Structure Relaxation): 0.656799365313 Size:  3
Vacancy Formation Energy (Cell Structure Relaxation): 0.656799366936 Size:  3
Vacancy Formation Energy (Cell Structure Relaxation): 0.656799364499 Size:  3
Vacancy Formation Energy (Cell Structure Relaxation): 0.656799366233 Size:  3
Vacancy Formation Energy (Cell Structure Relaxation): 0.656799364527 Size:  3
Vacancy Formation Energy (Cell Structure Relaxation): 0.656799365882 Size:  3
Vacancy Formation Energy (Cell Structure Relaxation): 0.656799364463 Size:  3
Vacancy Formation Energy (Cell Structure Relaxation): 0.656799365927 Size:  3
Vacancy Formation Energy (Cell Structure Relaxation): 0.656799364396 Size:  3
Vacancy Formation Energy (Cell Structure Relaxation): 0.656799364951 Size:  3
Vacancy Formation Energy (Cell Structure Relaxation): 0.656799364437 Size:  3
Vacancy Formation Energy (Cell Structure Relaxation): 0.656799364487 Size:  3
Vacancy Formation Energy (Cell Structure Relaxation): 0.656799364638 Size:  3
Vacancy Formation Energy (Cell Structure Relaxation): 0.656799364274 Size:  3
Vacancy Formation Energy (Cell Structure Relaxation): 0.656799364882 Size:  3
Vacancy Formation Energy (Cell Structure Relaxation): 0.656799364247 Size:  3
Vacancy Formation Energy (Cell Structure Relaxation): 0.656799364253 Size:  3
Vacancy Formation Energy (Cell Structure Relaxation): 0.656799365053 Size:  3
Vacancy Formation Energy (Cell Structure Relaxation): 0.65679936421 Size:  3
Vacancy Formation Energy (Cell Structure Relaxation): 0.656799364411 Size:  3
Vacancy Formation Energy (Cell Structure Relaxation): 0.656799364503 Size:  3
Vacancy Formation Energy (Cell Structure Relaxation): 0.656799364237 Size:  3
Vacancy Formation Energy (Cell Structure Relaxation): 0.656799364442 Size:  3
Vacancy Formation Energy (Cell Structure Relaxation): 0.65679936423 Size:  3
Vacancy Formation Energy (Cell Structure Relaxation): 0.656799364288 Size:  3
Vacancy Formation Energy (Cell Structure Relaxation): 0.656799364184 Size:  3
Optimization terminated successfully.
         Current function value: 0.656799
         Iterations: 115
         Function evaluations: 206
Summary:
Vacancy Formation Energy: 0.656799364184
Unrelaxed Cell Volume: 1787.32282735
Relaxed Cell Volume: 1781.8174518
Relaxation Volume: 5.50537555445
Relaxed Cell Vector:
[  1.21236491e+01   6.61625388e-05   1.21233119e+01  -6.86690287e-05
   1.34743805e-04   1.21229572e+01]
Unrelaxed Cell Vector:
[12.13577923179, 0.0, 12.13577923179, 0.0, 0.0, 12.13577923179]
Relaxed Cell:
[[  1.21236491e+01   0.00000000e+00   0.00000000e+00]
 [  6.61625388e-05   1.21233119e+01   0.00000000e+00]
 [ -6.86690287e-05   1.34743805e-04   1.21229572e+01]]
Unrelaxed Cell:
[[ 12.13577923   0.           0.        ]
 [  0.          12.13577923   0.        ]
 [  0.           0.          12.13577923]]
