Imported bulk from ase.lattice
Parameters Input: Al EAM_Dynamo_Mishin_Farkas_Al__MO_651801486679_001 hcp [2.819112826109083, 4.9445070884224]
Cell Size Min: 5
Cell Size Max: 7
Smallest System Size: 250
Largest System Size: 686
Model Cutoff: 6.28721

[Calculation]
Calculating Size 5 ...
MDMin:   0  10:21:52     -827.899855       1.3684
MDMin:   1  10:21:53     -828.041726       1.1271
MDMin:   2  10:21:58     -828.301240       0.6087
MDMin:   3  10:22:00     -828.445648       0.1829
MDMin:   4  10:22:01     -828.497894       0.1751
MDMin:   5  10:22:02     -828.515941       0.2234
MDMin:   6  10:22:06     -828.524337       0.0648
MDMin:   7  10:22:07     -828.529125       0.0576
MDMin:   8  10:22:10     -828.533730       0.0696
MDMin:   9  10:22:13     -828.537212       0.1448
MDMin:  10  10:22:14     -828.539277       0.1331
MDMin:  11  10:22:15     -828.540727       0.0262
MDMin:  12  10:22:17     -828.541852       0.0236
MDMin:  13  10:22:18     -828.543187       0.0217
MDMin:  14  10:22:19     -828.544609       0.0274
MDMin:  15  10:22:24     -828.545846       0.0640
MDMin:  16  10:22:25     -828.546495       0.0960
MDMin:  17  10:22:28     -828.546906       0.0300
MDMin:  18  10:22:29     -828.547291       0.0195
MDMin:  19  10:22:30     -828.547722       0.0141
MDMin:  20  10:22:33     -828.548213       0.0247
MDMin:  21  10:22:34     -828.548707       0.0393
MDMin:  22  10:22:38     -828.549081       0.0594
MDMin:  23  10:22:39     -828.549279       0.0212
MDMin:  24  10:22:40     -828.549473       0.0097
MDMin:  25  10:22:45     -828.549715       0.0124
MDMin:  26  10:22:46     -828.549993       0.0187
MDMin:  27  10:22:47     -828.550269       0.0337
MDMin:  28  10:22:48     -828.550456       0.0406
MDMin:  29  10:22:49     -828.550550       0.0063
MDMin:  30  10:22:52     -828.550676       0.0060
MDMin:  31  10:22:53     -828.550840       0.0056
MDMin:  32  10:22:54     -828.551034       0.0088
MDMin:  33  10:22:55     -828.551246       0.0180
MDMin:  34  10:22:57     -828.551429       0.0399
MDMin:  35  10:22:58     -828.551501       0.0172
MDMin:  36  10:22:59     -828.551565       0.0065
MDMin:  37  10:23:00     -828.551652       0.0049
Optimization terminated successfully.
         Current function value: 828.546749
         Iterations: 15
         Function evaluations: 30
Formation Energy: 0.740953612452
Migration Energy: 0.433704765764
Calculating Size 6 ...
MDMin:   0  10:23:12    -1434.362738       1.3724
MDMin:   1  10:23:15    -1434.505327       1.1300
MDMin:   2  10:23:16    -1434.765844       0.6096
MDMin:   3  10:23:18    -1434.910447       0.1834
MDMin:   4  10:23:23    -1434.962322       0.1775
MDMin:   5  10:23:27    -1434.979652       0.2210
MDMin:   6  10:23:30    -1434.987809       0.0682
MDMin:   7  10:23:32    -1434.992850       0.0559
MDMin:   8  10:23:34    -1434.997771       0.0473
MDMin:   9  10:23:38    -1435.001620       0.1131
MDMin:  10  10:23:40    -1435.003369       0.1578
MDMin:  11  10:23:43    -1435.005083       0.0670
MDMin:  12  10:23:45    -1435.006216       0.0265
MDMin:  13  10:23:49    -1435.007293       0.0346
MDMin:  14  10:23:51    -1435.008392       0.0414
MDMin:  15  10:23:54    -1435.009439       0.0840
MDMin:  16  10:23:56    -1435.010154       0.0922
MDMin:  17  10:24:00    -1435.010609       0.0157
MDMin:  18  10:24:04    -1435.011033       0.0147
MDMin:  19  10:24:06    -1435.011522       0.0157
MDMin:  20  10:24:10    -1435.012112       0.0249
MDMin:  21  10:24:14    -1435.012633       0.0605
MDMin:  22  10:24:15    -1435.012926       0.0569
MDMin:  23  10:24:19    -1435.013049       0.0099
MDMin:  24  10:24:23    -1435.013247       0.0099
MDMin:  25  10:24:25    -1435.013496       0.0091
MDMin:  26  10:24:29    -1435.013809       0.0114
MDMin:  27  10:24:31    -1435.014130       0.0245
MDMin:  28  10:24:35    -1435.014382       0.0579
MDMin:  29  10:24:39    -1435.014472       0.0082
MDMin:  30  10:24:42    -1435.014578       0.0061
MDMin:  31  10:24:44    -1435.014718       0.0056
MDMin:  32  10:24:48    -1435.014885       0.0052
MDMin:  33  10:24:50    -1435.015071       0.0115
MDMin:  34  10:24:53    -1435.015246       0.0254
MDMin:  35  10:24:55    -1435.015338       0.0263
MDMin:  36  10:24:58    -1435.015378       0.0054
MDMin:  37  10:25:00    -1435.015445       0.0039
Optimization terminated successfully.
         Current function value: 1435.010543
         Iterations: 15
         Function evaluations: 30
Formation Energy: 0.738457565214
Migration Energy: 0.435443332283
Calculating Size 7 ...
MDMin:   0  10:25:16    -2280.742662       1.3772
MDMin:   1  10:25:20    -2280.886312       1.1338
MDMin:   2  10:25:25    -2281.148456       0.6121
MDMin:   3  10:25:29    -2281.293880       0.1828
MDMin:   4  10:25:32    -2281.345498       0.1796
MDMin:   5  10:25:35    -2281.362925       0.2219
MDMin:   6  10:25:39    -2281.370958       0.0686
MDMin:   7  10:25:43    -2281.375911       0.0562
MDMin:   8  10:25:46    -2281.380650       0.0475
MDMin:   9  10:25:49    -2281.384552       0.1092
MDMin:  10  10:25:53    -2281.386282       0.1601
MDMin:  11  10:25:56    -2281.387967       0.0676
MDMin:  12  10:25:59    -2281.389136       0.0278
MDMin:  13  10:26:02    -2281.390184       0.0353
MDMin:  14  10:26:05    -2281.391274       0.0422
MDMin:  15  10:26:08    -2281.392255       0.0842
MDMin:  16  10:26:10    -2281.392978       0.0921
MDMin:  17  10:26:14    -2281.393400       0.0171
MDMin:  18  10:26:16    -2281.393814       0.0149
MDMin:  19  10:26:20    -2281.394325       0.0166
MDMin:  20  10:26:23    -2281.394888       0.0279
MDMin:  21  10:26:26    -2281.395405       0.0629
MDMin:  22  10:26:29    -2281.395668       0.0517
MDMin:  23  10:26:33    -2281.395797       0.0090
MDMin:  24  10:26:35    -2281.396000       0.0085
MDMin:  25  10:26:39    -2281.396262       0.0078
MDMin:  26  10:26:42    -2281.396568       0.0070
MDMin:  27  10:26:45    -2281.396900       0.0140
MDMin:  28  10:26:49    -2281.397218       0.0481
MDMin:  29  10:26:52    -2281.397360       0.0582
MDMin:  30  10:26:56    -2281.397380       0.0385
MDMin:  31  10:26:59    -2281.397440       0.0047
Optimization terminated successfully.
         Current function value: 2281.392581
         Iterations: 15
         Function evaluations: 30
Formation Energy: 0.737524532902
Migration Energy: 0.436817388966

[Calculation Results Summary]
Size	MigrationEnergy	FormationEnergy
[5, 0.43370476576353667, 0.7409536124520173]
[6, 0.43544333228305732, 0.73845756521404837]
[7, 0.43681738896566458, 0.73752453290171616]

[Extrapolation]
Fitting w/ 2 points, including orders [0, 3]

Fit with Size: [5 6]
Orders: [0, 3]
Matrix A (Ax = y):
[[ 1.          0.008     ]
 [ 1.          0.00462963]]
Data for Fitting: [0.43370476576353667, 0.43544333228305732]
Fitting Results: (array([ 0.43783147, -0.51583842]), array([], dtype=float64), 2, array([ 1.41424176,  0.00238316]))

Fit with Size: [6 7]
Orders: [0, 3]
Matrix A (Ax = y):
[[ 1.          0.00462963]
 [ 1.          0.00291545]]
Data for Fitting: [0.43544333228305732, 0.43681738896566458]
Fitting Results: (array([ 0.43915437, -0.80158356]), array([], dtype=float64), 2, array([  1.41422363e+00,   1.21209807e-03]))
Fitting w/ 3 points, including orders [0, 3]

Fit with Size: [5 6 7]
Orders: [0, 3]
Matrix A (Ax = y):
[[ 1.          0.008     ]
 [ 1.          0.00462963]
 [ 1.          0.00291545]]
Data for Fitting: [0.43370476576353667, 0.43544333228305732, 0.43681738896566458]
Fitting Results: (array([ 0.43842452, -0.59877994]), array([  6.78788443e-08]), 2, array([ 1.73207406,  0.00365829]))
Fitting w/ 2 points, including orders [0, 3]

Fit with Size: [5 6]
Orders: [0, 3]
Matrix A (Ax = y):
[[ 1.          0.008     ]
 [ 1.          0.00462963]]
Data for Fitting: [0.7409536124520173, 0.73845756521404837]
Fitting Results: (array([ 0.73502893,  0.74058544]), array([], dtype=float64), 2, array([ 1.41424176,  0.00238316]))

Fit with Size: [6 7]
Orders: [0, 3]
Matrix A (Ax = y):
[[ 1.          0.00462963]
 [ 1.          0.00291545]]
Data for Fitting: [0.73845756521404837, 0.73752453290171616]
Fitting Results: (array([ 0.73593764,  0.54430313]), array([], dtype=float64), 2, array([  1.41422363e+00,   1.21209807e-03]))
Fitting w/ 3 points, including orders [0, 3]

Fit with Size: [5 6 7]
Orders: [0, 3]
Matrix A (Ax = y):
[[ 1.          0.008     ]
 [ 1.          0.00462963]
 [ 1.          0.00291545]]
Data for Fitting: [0.7409536124520173, 0.73845756521404837, 0.73752453290171616]
Fitting Results: (array([ 0.7354363 ,  0.68361176]), array([  3.20286819e-08]), 2, array([ 1.73207406,  0.00365829]))
Vacancy Migration Energy: [0.43915436726049273, 0.0021595467552729714]
Vacancy Formation Energy: [0.7359376432996394, 0.001522112597615321]
FIRE Uncertainty: 0.00143717953733

[Final Results]
[
    {
        "property-id" "tag:staff@noreply.openkim.org,2015-09-16:property/monovacancy-neutral-migration-energy-crystal-npt" 
        "instance-id" 1 
        "vacancy-migration-energy" {
            "source-value" 0.43915436726049273 
            "source-unit" "eV" 
            "source-std-uncert-value" 0.0021595467552729714
        } 
        "host-missing-atom-start" {
            "source-value" 1
        } 
        "host-missing-atom-end" {
            "source-value" 1
        } 
        "host-cauchy-stress" {
            "source-value" [
                0 
                0 
                0 
                0 
                0 
                0
            ] 
            "source-unit" "GPa"
        } 
        "host-short-name" {
            "source-value" [
                "hcp"
            ]
        } 
        "host-a" {
            "source-value" 2.819112826109083 
            "source-unit" "angstrom"
        } 
        "host-b" {
            "source-value" 2.819112826109083 
            "source-unit" "angstrom"
        } 
        "host-c" {
            "source-value" 4.9445070884223998 
            "source-unit" "angstrom"
        } 
        "host-alpha" {
            "source-value" 90.0 
            "source-unit" "degree"
        } 
        "host-beta" {
            "source-value" 90.0 
            "source-unit" "degree"
        } 
        "host-gamma" {
            "source-value" 120.00000000000001 
            "source-unit" "degree"
        } 
        "host-space-group" {
            "source-value" "P63/mmc"
        } 
        "host-wyckoff-multiplicity-and-letter" {
            "source-value" [
                "2d"
            ]
        } 
        "host-wyckoff-coordinates" {
            "source-value" [
                [
                    0.6666666666666666 
                    0.3333333333333333 
                    0.25
                ]
            ]
        } 
        "host-wyckoff-species" {
            "source-value" [
                "Al"
            ]
        }
    } 
    {
        "property-id" "tag:staff@noreply.openkim.org,2015-07-28:property/monovacancy-neutral-relaxed-formation-potential-energy-crystal-npt" 
        "instance-id" 2 
        "relaxed-formation-potential-energy" {
            "source-value" 0.7359376432996394 
            "source-unit" "eV" 
            "source-std-uncert-value" 0.001522112597615321
        } 
        "host-removed-atom" {
            "source-value" 1
        } 
        "host-cauchy-stress" {
            "source-value" [
                0 
                0 
                0 
                0 
                0 
                0
            ] 
            "source-unit" "GPa"
        } 
        "host-short-name" {
            "source-value" [
                "hcp"
            ]
        } 
        "host-a" {
            "source-value" 2.819112826109083 
            "source-unit" "angstrom"
        } 
        "host-b" {
            "source-value" 2.819112826109083 
            "source-unit" "angstrom"
        } 
        "host-c" {
            "source-value" 4.9445070884223998 
            "source-unit" "angstrom"
        } 
        "host-alpha" {
            "source-value" 90.0 
            "source-unit" "degree"
        } 
        "host-beta" {
            "source-value" 90.0 
            "source-unit" "degree"
        } 
        "host-gamma" {
            "source-value" 120.00000000000001 
            "source-unit" "degree"
        } 
        "host-space-group" {
            "source-value" "P63/mmc"
        } 
        "host-wyckoff-multiplicity-and-letter" {
            "source-value" [
                "2d"
            ]
        } 
        "host-wyckoff-coordinates" {
            "source-value" [
                [
                    0.6666666666666666 
                    0.3333333333333333 
                    0.25
                ]
            ]
        } 
        "host-wyckoff-species" {
            "source-value" [
                "Al"
            ]
        } 
        "reservoir-cohesive-potential-energy" {
            "source-value" -6.6644289732504864 
            "source-unit" "eV"
        } 
        "reservoir-short-name" {
            "source-value" [
                "hcp"
            ]
        } 
        "reservoir-cauchy-stress" {
            "source-value" [
                0.0 
                0.0 
                0.0 
                0.0 
                0.0 
                0.0
            ] 
            "source-unit" "GPa"
        } 
        "reservoir-a" {
            "source-value" 2.819112826109083 
            "source-unit" "angstrom"
        } 
        "reservoir-b" {
            "source-value" 2.819112826109083 
            "source-unit" "angstrom"
        } 
        "reservoir-c" {
            "source-value" 4.9445070884223998 
            "source-unit" "angstrom"
        } 
        "reservoir-alpha" {
            "source-value" 90.0 
            "source-unit" "degree"
        } 
        "reservoir-beta" {
            "source-value" 90.0 
            "source-unit" "degree"
        } 
        "reservoir-gamma" {
            "source-value" 120.00000000000001 
            "source-unit" "degree"
        } 
        "reservoir-space-group" {
            "source-value" "P63/mmc"
        } 
        "reservoir-wyckoff-multiplicity-and-letter" {
            "source-value" [
                "2d"
            ]
        } 
        "reservoir-wyckoff-coordinates" {
            "source-value" [
                [
                    0.6666666666666666 
                    0.3333333333333333 
                    0.25
                ]
            ]
        } 
        "reservoir-wyckoff-species" {
            "source-value" [
                "Al"
            ]
        }
    }
]
