Imported bulk from ase.lattice
Parameters Input: Al hcp EAM_Dynamo_Zhou_Johnson_Al__MO_131650261510_001 [2.831194328387409, 4.893259794269589]

[Calculation]

Supercell Size: 3
Unrelaxed Cell:
[[  8.49358299   0.           0.        ]
 [ -4.24679149   7.35565863   0.        ]
 [  0.           0.          14.67977938]]
Unrelaxed Cell Vector:
[8.4935829851622273, -4.2467914925811137, 7.3556586343017543, 0.0, 0.0, 14.679779382808768]
Vacancy Formation Energy (Cell Structure Relaxation): 0.0 Size:  3
Vacancy Formation Energy (Cell Structure Relaxation): 0.668441897346 Size:  3
Vacancy Formation Energy (Cell Structure Relaxation): 0.0711408008394 Size:  3
Vacancy Formation Energy (Cell Structure Relaxation): 0.654315626591 Size:  3
Vacancy Formation Energy (Cell Structure Relaxation): 1.40454119446e-08 Size:  3
Vacancy Formation Energy (Cell Structure Relaxation): 1.40547911087e-08 Size:  3
Vacancy Formation Energy (Cell Structure Relaxation): 0.74553907732 Size:  3
Vacancy Formation Energy (Cell Structure Relaxation): 0.739545921898 Size:  3
Vacancy Formation Energy (Cell Structure Relaxation): 0.21550996454 Size:  3
Vacancy Formation Energy (Cell Structure Relaxation): 0.953704266499 Size:  3
Vacancy Formation Energy (Cell Structure Relaxation): 0.265624307938 Size:  3
Vacancy Formation Energy (Cell Structure Relaxation): 0.806873424775 Size:  3
Vacancy Formation Energy (Cell Structure Relaxation): 0.240481982906 Size:  3
Vacancy Formation Energy (Cell Structure Relaxation): 0.232521861564 Size:  3
Vacancy Formation Energy (Cell Structure Relaxation): 0.342868262555 Size:  3
Vacancy Formation Energy (Cell Structure Relaxation): 0.0712573880032 Size:  3
Vacancy Formation Energy (Cell Structure Relaxation): 0.205503988112 Size:  3
Vacancy Formation Energy (Cell Structure Relaxation): 0.141946518398 Size:  3
Vacancy Formation Energy (Cell Structure Relaxation): 0.301130287613 Size:  3
Vacancy Formation Energy (Cell Structure Relaxation): 0.0627554168929 Size:  3
Vacancy Formation Energy (Cell Structure Relaxation): 0.186300192879 Size:  3
Vacancy Formation Energy (Cell Structure Relaxation): 0.0397761272851 Size:  3
Vacancy Formation Energy (Cell Structure Relaxation): 0.0733441142595 Size:  3
Vacancy Formation Energy (Cell Structure Relaxation): 0.024810399346 Size:  3
Vacancy Formation Energy (Cell Structure Relaxation): 0.0732642840511 Size:  3
Vacancy Formation Energy (Cell Structure Relaxation): 0.0211406118056 Size:  3
Vacancy Formation Energy (Cell Structure Relaxation): 0.0571578484109 Size:  3
Vacancy Formation Energy (Cell Structure Relaxation): 0.0151635093204 Size:  3
Vacancy Formation Energy (Cell Structure Relaxation): 0.0340312526651 Size:  3
Vacancy Formation Energy (Cell Structure Relaxation): 0.00936964977132 Size:  3
Vacancy Formation Energy (Cell Structure Relaxation): 0.0247924737429 Size:  3
Vacancy Formation Energy (Cell Structure Relaxation): 0.0074601093504 Size:  3
Vacancy Formation Energy (Cell Structure Relaxation): 0.0177391725537 Size:  3
Vacancy Formation Energy (Cell Structure Relaxation): 0.00481840010161 Size:  3
Vacancy Formation Energy (Cell Structure Relaxation): 0.0116476832205 Size:  3
Vacancy Formation Energy (Cell Structure Relaxation): 0.0031555182195 Size:  3
Vacancy Formation Energy (Cell Structure Relaxation): 0.00925488160536 Size:  3
Vacancy Formation Energy (Cell Structure Relaxation): 0.00270220018336 Size:  3
Vacancy Formation Energy (Cell Structure Relaxation): 0.00669243521608 Size:  3
Vacancy Formation Energy (Cell Structure Relaxation): 0.00195720139862 Size:  3
Vacancy Formation Energy (Cell Structure Relaxation): 0.00333620752875 Size:  3
Vacancy Formation Energy (Cell Structure Relaxation): 0.000902732484235 Size:  3
Vacancy Formation Energy (Cell Structure Relaxation): 0.00270964268918 Size:  3
Vacancy Formation Energy (Cell Structure Relaxation): 0.000764056843479 Size:  3
Vacancy Formation Energy (Cell Structure Relaxation): 0.00273783552601 Size:  3
Vacancy Formation Energy (Cell Structure Relaxation): 0.000760057928318 Size:  3
Vacancy Formation Energy (Cell Structure Relaxation): 0.00193100392059 Size:  3
Vacancy Formation Energy (Cell Structure Relaxation): 0.000545881233307 Size:  3
Vacancy Formation Energy (Cell Structure Relaxation): 0.00134140700663 Size:  3
Vacancy Formation Energy (Cell Structure Relaxation): 0.000263744937939 Size:  3
Vacancy Formation Energy (Cell Structure Relaxation): 0.000360674653365 Size:  3
Vacancy Formation Energy (Cell Structure Relaxation): 0.000744148234503 Size:  3
Vacancy Formation Energy (Cell Structure Relaxation): 0.000211519394497 Size:  3
Vacancy Formation Energy (Cell Structure Relaxation): 0.000662248930666 Size:  3
Vacancy Formation Energy (Cell Structure Relaxation): 0.000146213706074 Size:  3
Vacancy Formation Energy (Cell Structure Relaxation): 0.000400898408344 Size:  3
Vacancy Formation Energy (Cell Structure Relaxation): 0.000103120146036 Size:  3
Vacancy Formation Energy (Cell Structure Relaxation): 0.000278030831936 Size:  3
Vacancy Formation Energy (Cell Structure Relaxation): 8.0597253401e-05 Size:  3
Vacancy Formation Energy (Cell Structure Relaxation): 0.000154947336966 Size:  3
Vacancy Formation Energy (Cell Structure Relaxation): 4.25633471934e-05 Size:  3
Vacancy Formation Energy (Cell Structure Relaxation): 0.000122077725422 Size:  3
Vacancy Formation Energy (Cell Structure Relaxation): 3.39102157341e-05 Size:  3
Vacancy Formation Energy (Cell Structure Relaxation): 9.40928208308e-05 Size:  3
Vacancy Formation Energy (Cell Structure Relaxation): 2.70119498396e-05 Size:  3
Vacancy Formation Energy (Cell Structure Relaxation): 6.87617640267e-05 Size:  3
Vacancy Formation Energy (Cell Structure Relaxation): 1.86584060202e-05 Size:  3
Vacancy Formation Energy (Cell Structure Relaxation): 3.73167644909e-05 Size:  3
Vacancy Formation Energy (Cell Structure Relaxation): 1.0560057774e-05 Size:  3
Vacancy Formation Energy (Cell Structure Relaxation): 3.36405129246e-05 Size:  3
Vacancy Formation Energy (Cell Structure Relaxation): 9.89300659171e-06 Size:  3
Vacancy Formation Energy (Cell Structure Relaxation): 2.57851804406e-05 Size:  3
Vacancy Formation Energy (Cell Structure Relaxation): 7.41364647183e-06 Size:  3
Vacancy Formation Energy (Cell Structure Relaxation): 1.35597238966e-05 Size:  3
Vacancy Formation Energy (Cell Structure Relaxation): 3.40206159422e-06 Size:  3
Vacancy Formation Energy (Cell Structure Relaxation): 9.70874242512e-06 Size:  3
Vacancy Formation Energy (Cell Structure Relaxation): 9.83016437317e-06 Size:  3
Vacancy Formation Energy (Cell Structure Relaxation): 2.8037565869e-06 Size:  3
Vacancy Formation Energy (Cell Structure Relaxation): 1.33858660831e-05 Size:  3
Vacancy Formation Energy (Cell Structure Relaxation): 2.39853346784e-06 Size:  3
Vacancy Formation Energy (Cell Structure Relaxation): 7.34720160267e-06 Size:  3
Vacancy Formation Energy (Cell Structure Relaxation): 2.08412157576e-06 Size:  3
Vacancy Formation Energy (Cell Structure Relaxation): 2.97880973221e-06 Size:  3
Vacancy Formation Energy (Cell Structure Relaxation): 9.05219962988e-07 Size:  3
Vacancy Formation Energy (Cell Structure Relaxation): 3.21768931144e-06 Size:  3
Vacancy Formation Energy (Cell Structure Relaxation): 8.40034743987e-07 Size:  3
Vacancy Formation Energy (Cell Structure Relaxation): 1.59995562399e-06 Size:  3
Vacancy Formation Energy (Cell Structure Relaxation): 2.03758429507e-06 Size:  3
Vacancy Formation Energy (Cell Structure Relaxation): 5.7540600551e-07 Size:  3
Vacancy Formation Energy (Cell Structure Relaxation): 2.00545369466e-06 Size:  3
Vacancy Formation Energy (Cell Structure Relaxation): 4.22284529122e-07 Size:  3
Vacancy Formation Energy (Cell Structure Relaxation): 9.2212025038e-07 Size:  3
Vacancy Formation Energy (Cell Structure Relaxation): 2.82123352235e-07 Size:  3
Vacancy Formation Energy (Cell Structure Relaxation): 7.65802724345e-07 Size:  3
Vacancy Formation Energy (Cell Structure Relaxation): 2.27425516641e-07 Size:  3
Vacancy Formation Energy (Cell Structure Relaxation): 3.72320357656e-07 Size:  3
Vacancy Formation Energy (Cell Structure Relaxation): 3.901186858e-07 Size:  3
Vacancy Formation Energy (Cell Structure Relaxation): 1.10132788222e-07 Size:  3
Vacancy Formation Energy (Cell Structure Relaxation): 4.44292624024e-07 Size:  3
Vacancy Formation Energy (Cell Structure Relaxation): 9.91940680706e-08 Size:  3
Vacancy Formation Energy (Cell Structure Relaxation): 3.08131063775e-07 Size:  3
Vacancy Formation Energy (Cell Structure Relaxation): 7.9039892853e-08 Size:  3
Vacancy Formation Energy (Cell Structure Relaxation): 2.97890579759e-07 Size:  3
Vacancy Formation Energy (Cell Structure Relaxation): 6.01783938237e-08 Size:  3
Vacancy Formation Energy (Cell Structure Relaxation): 9.02094257071e-08 Size:  3
Vacancy Formation Energy (Cell Structure Relaxation): 1.2335740962e-07 Size:  3
Vacancy Formation Energy (Cell Structure Relaxation): 3.05790877064e-08 Size:  3
Vacancy Formation Energy (Cell Structure Relaxation): 9.39817823564e-08 Size:  3
Vacancy Formation Energy (Cell Structure Relaxation): 2.95644042581e-08 Size:  3
Vacancy Formation Energy (Cell Structure Relaxation): 7.07422600499e-08 Size:  3
Vacancy Formation Energy (Cell Structure Relaxation): 2.2882062467e-08 Size:  3
Vacancy Formation Energy (Cell Structure Relaxation): 4.25499138146e-08 Size:  3
Vacancy Formation Energy (Cell Structure Relaxation): 1.3059406001e-08 Size:  3
Vacancy Formation Energy (Cell Structure Relaxation): 2.89825834443e-08 Size:  3
Vacancy Formation Energy (Cell Structure Relaxation): 2.91074400138e-08 Size:  3
Vacancy Formation Energy (Cell Structure Relaxation): 1.09868949494e-08 Size:  3
Vacancy Formation Energy (Cell Structure Relaxation): 2.67853295099e-08 Size:  3
Vacancy Formation Energy (Cell Structure Relaxation): 9.78815251074e-09 Size:  3
Vacancy Formation Energy (Cell Structure Relaxation): 2.26271481552e-08 Size:  3
Vacancy Formation Energy (Cell Structure Relaxation): 8.72327632351e-09 Size:  3
Vacancy Formation Energy (Cell Structure Relaxation): 1.87096418358e-08 Size:  3
Vacancy Formation Energy (Cell Structure Relaxation): 6.15642647972e-09 Size:  3
Vacancy Formation Energy (Cell Structure Relaxation): 1.61753064276e-08 Size:  3
Vacancy Formation Energy (Cell Structure Relaxation): 6.33642116554e-09 Size:  3
Vacancy Formation Energy (Cell Structure Relaxation): 8.06457478575e-09 Size:  3
Vacancy Formation Energy (Cell Structure Relaxation): 9.26900156628e-09 Size:  3
Vacancy Formation Energy (Cell Structure Relaxation): 6.59625243316e-09 Size:  3
Vacancy Formation Energy (Cell Structure Relaxation): 1.18508864944e-08 Size:  3
Vacancy Formation Energy (Cell Structure Relaxation): 4.03451849706e-09 Size:  3
Vacancy Formation Energy (Cell Structure Relaxation): 4.97067276228e-09 Size:  3
Vacancy Formation Energy (Cell Structure Relaxation): 5.45196598978e-09 Size:  3
Vacancy Formation Energy (Cell Structure Relaxation): 7.78575781624e-09 Size:  3
Vacancy Formation Energy (Cell Structure Relaxation): 2.78927814179e-09 Size:  3
Vacancy Formation Energy (Cell Structure Relaxation): 4.03466060561e-09 Size:  3
Vacancy Formation Energy (Cell Structure Relaxation): 4.33277591583e-09 Size:  3
Vacancy Formation Energy (Cell Structure Relaxation): 7.94392462922e-09 Size:  3
Vacancy Formation Energy (Cell Structure Relaxation): 1.94927451957e-09 Size:  3
Vacancy Formation Energy (Cell Structure Relaxation): 6.17077944298e-09 Size:  3
Vacancy Formation Energy (Cell Structure Relaxation): 1.93770688384e-09 Size:  3
Vacancy Formation Energy (Cell Structure Relaxation): 5.67450797462e-09 Size:  3
Vacancy Formation Energy (Cell Structure Relaxation): 1.76294179255e-09 Size:  3
Vacancy Formation Energy (Cell Structure Relaxation): 4.35096580986e-09 Size:  3
Vacancy Formation Energy (Cell Structure Relaxation): 1.76171965904e-09 Size:  3
Vacancy Formation Energy (Cell Structure Relaxation): 2.93411517305e-09 Size:  3
Vacancy Formation Energy (Cell Structure Relaxation): 1.29088562062e-09 Size:  3
Vacancy Formation Energy (Cell Structure Relaxation): 2.03260697162e-09 Size:  3
Vacancy Formation Energy (Cell Structure Relaxation): 1.02022568171e-09 Size:  3
Vacancy Formation Energy (Cell Structure Relaxation): 2.25870167014e-09 Size:  3
Vacancy Formation Energy (Cell Structure Relaxation): 1.04120090327e-09 Size:  3
Vacancy Formation Energy (Cell Structure Relaxation): 1.41147893373e-09 Size:  3
Vacancy Formation Energy (Cell Structure Relaxation): 8.99120777831e-10 Size:  3
Vacancy Formation Energy (Cell Structure Relaxation): 8.19056822365e-10 Size:  3
Vacancy Formation Energy (Cell Structure Relaxation): 9.42151245908e-10 Size:  3
Vacancy Formation Energy (Cell Structure Relaxation): 4.9450932238e-10 Size:  3
Vacancy Formation Energy (Cell Structure Relaxation): 8.35342461869e-10 Size:  3
Vacancy Formation Energy (Cell Structure Relaxation): 1.19726450976e-09 Size:  3
Vacancy Formation Energy (Cell Structure Relaxation): 4.10523171013e-10 Size:  3
Vacancy Formation Energy (Cell Structure Relaxation): 1.25703536469e-09 Size:  3
Vacancy Formation Energy (Cell Structure Relaxation): 3.73375996787e-10 Size:  3
Vacancy Formation Energy (Cell Structure Relaxation): 8.23519030746e-10 Size:  3
Vacancy Formation Energy (Cell Structure Relaxation): 6.12857320448e-10 Size:  3
Vacancy Formation Energy (Cell Structure Relaxation): 9.5954533208e-10 Size:  3
Vacancy Formation Energy (Cell Structure Relaxation): 3.24661186824e-10 Size:  3
Vacancy Formation Energy (Cell Structure Relaxation): 6.84650558469e-10 Size:  3
Vacancy Formation Energy (Cell Structure Relaxation): 2.86036083708e-10 Size:  3
Vacancy Formation Energy (Cell Structure Relaxation): 6.59781562717e-10 Size:  3
Vacancy Formation Energy (Cell Structure Relaxation): 2.60030219579e-10 Size:  3
Vacancy Formation Energy (Cell Structure Relaxation): 5.26000576428e-10 Size:  3
Vacancy Formation Energy (Cell Structure Relaxation): 2.31239027926e-10 Size:  3
Vacancy Formation Energy (Cell Structure Relaxation): 2.56449084191e-10 Size:  3
Vacancy Formation Energy (Cell Structure Relaxation): 3.4179947761e-10 Size:  3
Vacancy Formation Energy (Cell Structure Relaxation): 1.68739688888e-10 Size:  3
Vacancy Formation Energy (Cell Structure Relaxation): 2.81147549686e-10 Size:  3
Vacancy Formation Energy (Cell Structure Relaxation): 1.5467094272e-10 Size:  3
Vacancy Formation Energy (Cell Structure Relaxation): 3.66810581909e-10 Size:  3
Vacancy Formation Energy (Cell Structure Relaxation): 1.34434685606e-10 Size:  3
Vacancy Formation Energy (Cell Structure Relaxation): 2.38429720412e-10 Size:  3
Vacancy Formation Energy (Cell Structure Relaxation): 1.2724399312e-10 Size:  3
Vacancy Formation Energy (Cell Structure Relaxation): 2.87229795504e-10 Size:  3
Vacancy Formation Energy (Cell Structure Relaxation): 1.10844666779e-10 Size:  3
Vacancy Formation Energy (Cell Structure Relaxation): 1.41682221511e-10 Size:  3
Vacancy Formation Energy (Cell Structure Relaxation): 9.84812231763e-11 Size:  3
Vacancy Formation Energy (Cell Structure Relaxation): 1.04080299934e-10 Size:  3
Vacancy Formation Energy (Cell Structure Relaxation): 1.81444193004e-10 Size:  3
Vacancy Formation Energy (Cell Structure Relaxation): 6.77857769915e-11 Size:  3
Vacancy Formation Energy (Cell Structure Relaxation): 1.27812427309e-10 Size:  3
Vacancy Formation Energy (Cell Structure Relaxation): 6.34088337392e-11 Size:  3
Vacancy Formation Energy (Cell Structure Relaxation): 1.18859588838e-10 Size:  3
Vacancy Formation Energy (Cell Structure Relaxation): 5.83213477512e-11 Size:  3
Vacancy Formation Energy (Cell Structure Relaxation): 1.43245415529e-10 Size:  3
Vacancy Formation Energy (Cell Structure Relaxation): 4.78621586808e-11 Size:  3
Vacancy Formation Energy (Cell Structure Relaxation): 1.14027898235e-10 Size:  3
Vacancy Formation Energy (Cell Structure Relaxation): 5.72697445023e-11 Size:  3
Optimization terminated successfully.
         Current function value: 0.000000
         Iterations: 110
         Function evaluations: 193
Summary:
Vacancy Formation Energy: 0.0
Unrelaxed Cell Volume: 917.132385011
Relaxed Cell Volume: 917.132385011
Relaxation Volume: 0.0
Relaxed Cell Vector:
[  8.49358299  -4.24679149   7.35565863   0.           0.          14.67977938]
Unrelaxed Cell Vector:
[8.4935829851622273, -4.2467914925811137, 7.3556586343017543, 0.0, 0.0, 14.679779382808768]
Relaxed Cell:
[[  8.49358299   0.           0.        ]
 [ -4.24679149   7.35565863   0.        ]
 [  0.           0.          14.67977938]]
Unrelaxed Cell:
[[  8.49358299   0.           0.        ]
 [ -4.24679149   7.35565863   0.        ]
 [  0.           0.          14.67977938]]

Supercell Size: 4
Unrelaxed Cell:
[[ 11.32477731   0.           0.        ]
 [ -5.66238866   9.80754485   0.        ]
 [  0.           0.          19.57303918]]
Unrelaxed Cell Vector:
[11.324777313549635, -5.6623886567748176, 9.8075448457356718, 0.0, 0.0, 19.573039177078357]
Vacancy Formation Energy (Cell Structure Relaxation): 0.0 Size:  4
Vacancy Formation Energy (Cell Structure Relaxation): 1.58445486763 Size:  4
Vacancy Formation Energy (Cell Structure Relaxation): 0.168630046333 Size:  4
Vacancy Formation Energy (Cell Structure Relaxation): 1.55097037401 Size:  4
Vacancy Formation Energy (Cell Structure Relaxation): 1.86047373063e-08 Size:  4
Vacancy Formation Energy (Cell Structure Relaxation): 1.86265651791e-08 Size:  4
Vacancy Formation Energy (Cell Structure Relaxation): 1.76720373875 Size:  4
Vacancy Formation Energy (Cell Structure Relaxation): 1.75299773727 Size:  4
Vacancy Formation Energy (Cell Structure Relaxation): 0.510838432781 Size:  4
Vacancy Formation Energy (Cell Structure Relaxation): 2.26063232804 Size:  4
Vacancy Formation Energy (Cell Structure Relaxation): 0.629627988943 Size:  4
Vacancy Formation Energy (Cell Structure Relaxation): 1.91258885011 Size:  4
Vacancy Formation Energy (Cell Structure Relaxation): 0.570031366573 Size:  4
Vacancy Formation Energy (Cell Structure Relaxation): 0.551162926 Size:  4
Vacancy Formation Energy (Cell Structure Relaxation): 0.812724762475 Size:  4
Vacancy Formation Energy (Cell Structure Relaxation): 0.168906400235 Size:  4
Vacancy Formation Energy (Cell Structure Relaxation): 0.487120564016 Size:  4
Vacancy Formation Energy (Cell Structure Relaxation): 0.336465820391 Size:  4
Vacancy Formation Energy (Cell Structure Relaxation): 0.713790306926 Size:  4
Vacancy Formation Energy (Cell Structure Relaxation): 0.148753579984 Size:  4
Vacancy Formation Energy (Cell Structure Relaxation): 0.44160045508 Size:  4
Vacancy Formation Energy (Cell Structure Relaxation): 0.0942841522871 Size:  4
Vacancy Formation Energy (Cell Structure Relaxation): 0.173852712774 Size:  4
Vacancy Formation Energy (Cell Structure Relaxation): 0.0588098342261 Size:  4
Vacancy Formation Energy (Cell Structure Relaxation): 0.173663483605 Size:  4
Vacancy Formation Energy (Cell Structure Relaxation): 0.0501110791266 Size:  4
Vacancy Formation Energy (Cell Structure Relaxation): 0.135485266107 Size:  4
Vacancy Formation Energy (Cell Structure Relaxation): 0.0359431302575 Size:  4
Vacancy Formation Energy (Cell Structure Relaxation): 0.0806666693618 Size:  4
Vacancy Formation Energy (Cell Structure Relaxation): 0.0222095373206 Size:  4
Vacancy Formation Energy (Cell Structure Relaxation): 0.0587673405851 Size:  4
Vacancy Formation Energy (Cell Structure Relaxation): 0.0176832186577 Size:  4
Vacancy Formation Energy (Cell Structure Relaxation): 0.0420484014601 Size:  4
Vacancy Formation Energy (Cell Structure Relaxation): 0.0114213876799 Size:  4
Vacancy Formation Energy (Cell Structure Relaxation): 0.0276093191292 Size:  4
Vacancy Formation Energy (Cell Structure Relaxation): 0.00747974307933 Size:  4
Vacancy Formation Energy (Cell Structure Relaxation): 0.0219374925746 Size:  4
Vacancy Formation Energy (Cell Structure Relaxation): 0.00640521118288 Size:  4
Vacancy Formation Energy (Cell Structure Relaxation): 0.0158635463737 Size:  4
Vacancy Formation Energy (Cell Structure Relaxation): 0.00463928836348 Size:  4
Vacancy Formation Energy (Cell Structure Relaxation): 0.00790804512741 Size:  4
Vacancy Formation Energy (Cell Structure Relaxation): 0.00213980739699 Size:  4
Vacancy Formation Energy (Cell Structure Relaxation): 0.00642285359146 Size:  4
Vacancy Formation Energy (Cell Structure Relaxation): 0.00181109442889 Size:  4
Vacancy Formation Energy (Cell Structure Relaxation): 0.00648968163256 Size:  4
Vacancy Formation Energy (Cell Structure Relaxation): 0.00180161508155 Size:  4
Vacancy Formation Energy (Cell Structure Relaxation): 0.00457719189109 Size:  4
Vacancy Formation Energy (Cell Structure Relaxation): 0.0012939377022 Size:  4
Vacancy Formation Energy (Cell Structure Relaxation): 0.00317962783436 Size:  4
Vacancy Formation Energy (Cell Structure Relaxation): 0.000625170102694 Size:  4
Vacancy Formation Energy (Cell Structure Relaxation): 0.000854929109209 Size:  4
Vacancy Formation Energy (Cell Structure Relaxation): 0.0017639041082 Size:  4
Vacancy Formation Energy (Cell Structure Relaxation): 0.000501376249304 Size:  4
Vacancy Formation Energy (Cell Structure Relaxation): 0.00156977191153 Size:  4
Vacancy Formation Energy (Cell Structure Relaxation): 0.000346577501318 Size:  4
Vacancy Formation Energy (Cell Structure Relaxation): 0.00095027470536 Size:  4
Vacancy Formation Energy (Cell Structure Relaxation): 0.000244429652639 Size:  4
Vacancy Formation Energy (Cell Structure Relaxation): 0.000659032746057 Size:  4
Vacancy Formation Energy (Cell Structure Relaxation): 0.000191042184952 Size:  4
Vacancy Formation Energy (Cell Structure Relaxation): 0.000367279106285 Size:  4
Vacancy Formation Energy (Cell Structure Relaxation): 0.000100887457961 Size:  4
Vacancy Formation Energy (Cell Structure Relaxation): 0.00028936594498 Size:  4
Vacancy Formation Energy (Cell Structure Relaxation): 8.03763331305e-05 Size:  4
Vacancy Formation Energy (Cell Structure Relaxation): 0.000223031536734 Size:  4
Vacancy Formation Energy (Cell Structure Relaxation): 6.40250197534e-05 Size:  4
Vacancy Formation Energy (Cell Structure Relaxation): 0.000162987351132 Size:  4
Vacancy Formation Energy (Cell Structure Relaxation): 4.42238471123e-05 Size:  4
Vacancy Formation Energy (Cell Structure Relaxation): 8.84512179482e-05 Size:  4
Vacancy Formation Energy (Cell Structure Relaxation): 2.50279186957e-05 Size:  4
Vacancy Formation Energy (Cell Structure Relaxation): 7.97370958026e-05 Size:  4
Vacancy Formation Energy (Cell Structure Relaxation): 2.34467593145e-05 Size:  4
Vacancy Formation Energy (Cell Structure Relaxation): 6.11170044067e-05 Size:  4
Vacancy Formation Energy (Cell Structure Relaxation): 1.75696761744e-05 Size:  4
Vacancy Formation Energy (Cell Structure Relaxation): 3.21382486845e-05 Size:  4
Vacancy Formation Energy (Cell Structure Relaxation): 8.0607618429e-06 Size:  4
Vacancy Formation Energy (Cell Structure Relaxation): 2.30099826695e-05 Size:  4
Vacancy Formation Energy (Cell Structure Relaxation): 2.32977695873e-05 Size:  4
Vacancy Formation Energy (Cell Structure Relaxation): 6.642584367e-06 Size:  4
Vacancy Formation Energy (Cell Structure Relaxation): 3.17260862062e-05 Size:  4
Vacancy Formation Energy (Cell Structure Relaxation): 5.68202136719e-06 Size:  4
Vacancy Formation Energy (Cell Structure Relaxation): 1.74123020997e-05 Size:  4
Vacancy Formation Energy (Cell Structure Relaxation): 4.93678834346e-06 Size:  4
Vacancy Formation Energy (Cell Structure Relaxation): 7.0574461688e-06 Size:  4
Vacancy Formation Energy (Cell Structure Relaxation): 2.14228828099e-06 Size:  4
Vacancy Formation Energy (Cell Structure Relaxation): 7.62369427321e-06 Size:  4
Vacancy Formation Energy (Cell Structure Relaxation): 1.98783283167e-06 Size:  4
Vacancy Formation Energy (Cell Structure Relaxation): 3.78910760901e-06 Size:  4
Vacancy Formation Energy (Cell Structure Relaxation): 4.8264215593e-06 Size:  4
Vacancy Formation Energy (Cell Structure Relaxation): 1.36049902721e-06 Size:  4
Vacancy Formation Energy (Cell Structure Relaxation): 4.75029560221e-06 Size:  4
Vacancy Formation Energy (Cell Structure Relaxation): 9.97570055006e-07 Size:  4
Vacancy Formation Energy (Cell Structure Relaxation): 2.18239381411e-06 Size:  4
Vacancy Formation Energy (Cell Structure Relaxation): 6.65320840199e-07 Size:  4
Vacancy Formation Energy (Cell Structure Relaxation): 1.81185134807e-06 Size:  4
Vacancy Formation Energy (Cell Structure Relaxation): 5.356849897e-07 Size:  4
Vacancy Formation Energy (Cell Structure Relaxation): 8.79162030287e-07 Size:  4
Vacancy Formation Energy (Cell Structure Relaxation): 9.21335526982e-07 Size:  4
Vacancy Formation Energy (Cell Structure Relaxation): 2.57668489212e-07 Size:  4
Vacancy Formation Energy (Cell Structure Relaxation): 1.0497369658e-06 Size:  4
Vacancy Formation Energy (Cell Structure Relaxation): 2.31760623137e-07 Size:  4
Vacancy Formation Energy (Cell Structure Relaxation): 7.26974519694e-07 Size:  4
Vacancy Formation Energy (Cell Structure Relaxation): 1.83965426004e-07 Size:  4
Vacancy Formation Energy (Cell Structure Relaxation): 7.02753652604e-07 Size:  4
Vacancy Formation Energy (Cell Structure Relaxation): 1.39273765853e-07 Size:  4
Vacancy Formation Energy (Cell Structure Relaxation): 2.10413020341e-07 Size:  4
Vacancy Formation Energy (Cell Structure Relaxation): 2.88991259367e-07 Size:  4
Vacancy Formation Energy (Cell Structure Relaxation): 6.91572950018e-08 Size:  4
Vacancy Formation Energy (Cell Structure Relaxation): 2.19385981381e-07 Size:  4
Vacancy Formation Energy (Cell Structure Relaxation): 6.67151880407e-08 Size:  4
Vacancy Formation Energy (Cell Structure Relaxation): 1.64272762504e-07 Size:  4
Vacancy Formation Energy (Cell Structure Relaxation): 5.08395601173e-08 Size:  4
Vacancy Formation Energy (Cell Structure Relaxation): 9.74832232714e-08 Size:  4
Vacancy Formation Energy (Cell Structure Relaxation): 2.75828142549e-08 Size:  4
Vacancy Formation Energy (Cell Structure Relaxation): 6.53521965432e-08 Size:  4
Vacancy Formation Energy (Cell Structure Relaxation): 6.56264091958e-08 Size:  4
Vacancy Formation Energy (Cell Structure Relaxation): 2.26215206567e-08 Size:  4
Vacancy Formation Energy (Cell Structure Relaxation): 6.00634848524e-08 Size:  4
Vacancy Formation Energy (Cell Structure Relaxation): 1.98397742679e-08 Size:  4
Vacancy Formation Energy (Cell Structure Relaxation): 5.02180910189e-08 Size:  4
Vacancy Formation Energy (Cell Structure Relaxation): 1.72875616045e-08 Size:  4
Vacancy Formation Energy (Cell Structure Relaxation): 2.0023264824e-08 Size:  4
Vacancy Formation Energy (Cell Structure Relaxation): 2.36292976297e-08 Size:  4
Vacancy Formation Energy (Cell Structure Relaxation): 9.47858325162e-09 Size:  4
Vacancy Formation Energy (Cell Structure Relaxation): 2.63368633568e-08 Size:  4
Vacancy Formation Energy (Cell Structure Relaxation): 8.23047230369e-09 Size:  4
Vacancy Formation Energy (Cell Structure Relaxation): 1.96091605176e-08 Size:  4
Vacancy Formation Energy (Cell Structure Relaxation): 8.57124859976e-09 Size:  4
Vacancy Formation Energy (Cell Structure Relaxation): 2.22276526074e-08 Size:  4
Vacancy Formation Energy (Cell Structure Relaxation): 7.86758391769e-09 Size:  4
Vacancy Formation Energy (Cell Structure Relaxation): 1.84251689461e-08 Size:  4
Vacancy Formation Energy (Cell Structure Relaxation): 7.98718247097e-09 Size:  4
Vacancy Formation Energy (Cell Structure Relaxation): 1.30629018713e-08 Size:  4
Vacancy Formation Energy (Cell Structure Relaxation): 5.7989382185e-09 Size:  4
Vacancy Formation Energy (Cell Structure Relaxation): 6.22480911261e-09 Size:  4
Vacancy Formation Energy (Cell Structure Relaxation): 6.42455688649e-09 Size:  4
Vacancy Formation Energy (Cell Structure Relaxation): 5.76721959078e-09 Size:  4
Vacancy Formation Energy (Cell Structure Relaxation): 4.76643435832e-09 Size:  4
Vacancy Formation Energy (Cell Structure Relaxation): 5.46651790501e-09 Size:  4
Vacancy Formation Energy (Cell Structure Relaxation): 4.98403096572e-09 Size:  4
Vacancy Formation Energy (Cell Structure Relaxation): 4.38069491793e-09 Size:  4
Vacancy Formation Energy (Cell Structure Relaxation): 7.90845433585e-09 Size:  4
Vacancy Formation Energy (Cell Structure Relaxation): 2.43204567596e-09 Size:  4
Vacancy Formation Energy (Cell Structure Relaxation): 7.58996065997e-09 Size:  4
Vacancy Formation Energy (Cell Structure Relaxation): 2.51100118476e-09 Size:  4
Vacancy Formation Energy (Cell Structure Relaxation): 4.11381506638e-09 Size:  4
Vacancy Formation Energy (Cell Structure Relaxation): 4.50893367088e-09 Size:  4
Vacancy Formation Energy (Cell Structure Relaxation): 3.55072415914e-09 Size:  4
Vacancy Formation Energy (Cell Structure Relaxation): 4.50313564215e-09 Size:  4
Vacancy Formation Energy (Cell Structure Relaxation): 1.94199856196e-09 Size:  4
Vacancy Formation Energy (Cell Structure Relaxation): 4.12489953305e-09 Size:  4
Vacancy Formation Energy (Cell Structure Relaxation): 1.78272330231e-09 Size:  4
Vacancy Formation Energy (Cell Structure Relaxation): 2.46768649959e-09 Size:  4
Vacancy Formation Energy (Cell Structure Relaxation): 4.1253542804e-09 Size:  4
Vacancy Formation Energy (Cell Structure Relaxation): 1.36822109198e-09 Size:  4
Vacancy Formation Energy (Cell Structure Relaxation): 1.18825482787e-09 Size:  4
Vacancy Formation Energy (Cell Structure Relaxation): 4.03076683142e-09 Size:  4
Vacancy Formation Energy (Cell Structure Relaxation): 8.69363248057e-10 Size:  4
Vacancy Formation Energy (Cell Structure Relaxation): 2.07541006603e-09 Size:  4
Vacancy Formation Energy (Cell Structure Relaxation): 8.94374352356e-10 Size:  4
Vacancy Formation Energy (Cell Structure Relaxation): 1.13305986815e-09 Size:  4
Vacancy Formation Energy (Cell Structure Relaxation): 1.52010670718e-09 Size:  4
Vacancy Formation Energy (Cell Structure Relaxation): 6.38976871414e-10 Size:  4
Vacancy Formation Energy (Cell Structure Relaxation): 6.30848262517e-10 Size:  4
Vacancy Formation Energy (Cell Structure Relaxation): 6.63021637592e-10 Size:  4
Vacancy Formation Energy (Cell Structure Relaxation): 7.27709448256e-10 Size:  4
Vacancy Formation Energy (Cell Structure Relaxation): 8.73455974215e-10 Size:  4
Vacancy Formation Energy (Cell Structure Relaxation): 3.26565441355e-10 Size:  4
Vacancy Formation Energy (Cell Structure Relaxation): 6.40056896373e-10 Size:  4
Vacancy Formation Energy (Cell Structure Relaxation): 1.3902763385e-09 Size:  4
Vacancy Formation Energy (Cell Structure Relaxation): 1.99463556783e-10 Size:  4
Vacancy Formation Energy (Cell Structure Relaxation): 6.88487489242e-10 Size:  4
Vacancy Formation Energy (Cell Structure Relaxation): 2.25213625527e-10 Size:  4
Vacancy Formation Energy (Cell Structure Relaxation): 7.80346454121e-10 Size:  4
Vacancy Formation Energy (Cell Structure Relaxation): 2.45790943154e-10 Size:  4
Vacancy Formation Energy (Cell Structure Relaxation): 4.95333551953e-10 Size:  4
Vacancy Formation Energy (Cell Structure Relaxation): 5.57065504836e-10 Size:  4
Vacancy Formation Energy (Cell Structure Relaxation): 1.59843693837e-10 Size:  4
Vacancy Formation Energy (Cell Structure Relaxation): 5.31713340024e-10 Size:  4
Vacancy Formation Energy (Cell Structure Relaxation): 1.55523594003e-10 Size:  4
Vacancy Formation Energy (Cell Structure Relaxation): 9.70317159954e-11 Size:  4
Vacancy Formation Energy (Cell Structure Relaxation): 9.16884346225e-11 Size:  4
Vacancy Formation Energy (Cell Structure Relaxation): 1.80421011464e-10 Size:  4
Vacancy Formation Energy (Cell Structure Relaxation): 1.81273662747e-10 Size:  4
Vacancy Formation Energy (Cell Structure Relaxation): 4.13820089307e-11 Size:  4
Vacancy Formation Energy (Cell Structure Relaxation): 1.88379090105e-10 Size:  4
Vacancy Formation Energy (Cell Structure Relaxation): 2.82511791738e-11 Size:  4
Vacancy Formation Energy (Cell Structure Relaxation): -1.64277480508e-11 Size:  4
Vacancy Formation Energy (Cell Structure Relaxation): 1.96166638489e-10 Size:  4
Vacancy Formation Energy (Cell Structure Relaxation): 1.15846887638e-10 Size:  4
Vacancy Formation Energy (Cell Structure Relaxation): -2.22257767746e-11 Size:  4
Vacancy Formation Energy (Cell Structure Relaxation): 8.01492205937e-11 Size:  4
Vacancy Formation Energy (Cell Structure Relaxation): 9.66338120634e-12 Size:  4
Vacancy Formation Energy (Cell Structure Relaxation): 1.62117430591e-10 Size:  4
Vacancy Formation Energy (Cell Structure Relaxation): -1.40971678775e-11 Size:  4
Vacancy Formation Energy (Cell Structure Relaxation): 1.43245415529e-11 Size:  4
Vacancy Formation Energy (Cell Structure Relaxation): -6.25277607469e-13 Size:  4
Vacancy Formation Energy (Cell Structure Relaxation): -2.67732502834e-11 Size:  4
Vacancy Formation Energy (Cell Structure Relaxation): 9.60653778748e-11 Size:  4
Vacancy Formation Energy (Cell Structure Relaxation): -2.29078978009e-11 Size:  4
Vacancy Formation Energy (Cell Structure Relaxation): 9.06084096641e-11 Size:  4
Vacancy Formation Energy (Cell Structure Relaxation): -1.30114585772e-10 Size:  4
Vacancy Formation Energy (Cell Structure Relaxation): 1.30967237055e-10 Size:  4
Vacancy Formation Energy (Cell Structure Relaxation): -7.92965693108e-11 Size:  4
Vacancy Formation Energy (Cell Structure Relaxation): -1.67119651451e-11 Size:  4
Vacancy Formation Energy (Cell Structure Relaxation): -4.32009983342e-11 Size:  4
Vacancy Formation Energy (Cell Structure Relaxation): -5.22959453519e-12 Size:  4
Vacancy Formation Energy (Cell Structure Relaxation): -3.33102434524e-11 Size:  4
Vacancy Formation Energy (Cell Structure Relaxation): -7.23048287909e-11 Size:  4
Vacancy Formation Energy (Cell Structure Relaxation): -1.65982783074e-11 Size:  4
Vacancy Formation Energy (Cell Structure Relaxation): -6.70752342558e-11 Size:  4
Optimization terminated successfully.
         Current function value: -0.000000
         Iterations: 122
         Function evaluations: 210
Summary:
Vacancy Formation Energy: -1.30114585772e-10
Unrelaxed Cell Volume: 2173.94343114
Relaxed Cell Volume: 2173.94329142
Relaxation Volume: 0.000139714305988
Relaxed Cell Vector:
[  1.13247783e+01  -5.66238878e+00   9.80754417e+00   1.28895515e-06
   2.67869245e-06   1.95730375e+01]
Unrelaxed Cell Vector:
[11.324777313549635, -5.6623886567748176, 9.8075448457356718, 0.0, 0.0, 19.573039177078357]
Relaxed Cell:
[[  1.13247783e+01   0.00000000e+00   0.00000000e+00]
 [ -5.66238878e+00   9.80754417e+00   0.00000000e+00]
 [  1.28895515e-06   2.67869245e-06   1.95730375e+01]]
Unrelaxed Cell:
[[ 11.32477731   0.           0.        ]
 [ -5.66238866   9.80754485   0.        ]
 [  0.           0.          19.57303918]]

Supercell Size: 5
Unrelaxed Cell:
[[ 14.15597164   0.           0.        ]
 [ -7.07798582  12.25943106   0.        ]
 [  0.           0.          24.46629897]]
Unrelaxed Cell Vector:
[14.155971641937043, -7.0779858209685216, 12.259431057169589, 0.0, 0.0, 24.466298971347946]
Vacancy Formation Energy (Cell Structure Relaxation): 0.0 Size:  5
Vacancy Formation Energy (Cell Structure Relaxation): 3.09463841388 Size:  5
Vacancy Formation Energy (Cell Structure Relaxation): 0.329355559606 Size:  5
Vacancy Formation Energy (Cell Structure Relaxation): 3.02923901208 Size:  5
Vacancy Formation Energy (Cell Structure Relaxation): 2.34343815464e-08 Size:  5
Vacancy Formation Energy (Cell Structure Relaxation): 2.35144170802e-08 Size:  5
Vacancy Formation Energy (Cell Structure Relaxation): 3.45156980276 Size:  5
Vacancy Formation Energy (Cell Structure Relaxation): 3.42382370303 Size:  5
Vacancy Formation Energy (Cell Structure Relaxation): 0.997731312897 Size:  5
Vacancy Formation Energy (Cell Structure Relaxation): 4.41529750962 Size:  5
Vacancy Formation Energy (Cell Structure Relaxation): 1.22974216622 Size:  5
Vacancy Formation Energy (Cell Structure Relaxation): 3.73552509065 Size:  5
Vacancy Formation Energy (Cell Structure Relaxation): 1.113342513 Size:  5
Vacancy Formation Energy (Cell Structure Relaxation): 1.07649008585 Size:  5
Vacancy Formation Energy (Cell Structure Relaxation): 1.58735304502 Size:  5
Vacancy Formation Energy (Cell Structure Relaxation): 0.329895312536 Size:  5
Vacancy Formation Energy (Cell Structure Relaxation): 0.951407351911 Size:  5
Vacancy Formation Energy (Cell Structure Relaxation): 0.657159805067 Size:  5
Vacancy Formation Energy (Cell Structure Relaxation): 1.39412168944 Size:  5
Vacancy Formation Energy (Cell Structure Relaxation): 0.290534335818 Size:  5
Vacancy Formation Energy (Cell Structure Relaxation): 0.862500887413 Size:  5
Vacancy Formation Energy (Cell Structure Relaxation): 0.1841487343 Size:  5
Vacancy Formation Energy (Cell Structure Relaxation): 0.339556078057 Size:  5
Vacancy Formation Energy (Cell Structure Relaxation): 0.114862956857 Size:  5
Vacancy Formation Energy (Cell Structure Relaxation): 0.339186487889 Size:  5
Vacancy Formation Energy (Cell Structure Relaxation): 0.0978732015541 Size:  5
Vacancy Formation Energy (Cell Structure Relaxation): 0.264619657299 Size:  5
Vacancy Formation Energy (Cell Structure Relaxation): 0.0702014241091 Size:  5
Vacancy Formation Energy (Cell Structure Relaxation): 0.157552085912 Size:  5
Vacancy Formation Energy (Cell Structure Relaxation): 0.0433780004033 Size:  5
Vacancy Formation Energy (Cell Structure Relaxation): 0.114779958768 Size:  5
Vacancy Formation Energy (Cell Structure Relaxation): 0.0345375338007 Size:  5
Vacancy Formation Energy (Cell Structure Relaxation): 0.0821257778631 Size:  5
Vacancy Formation Energy (Cell Structure Relaxation): 0.0223073936663 Size:  5
Vacancy Formation Energy (Cell Structure Relaxation): 0.0539244483397 Size:  5
Vacancy Formation Energy (Cell Structure Relaxation): 0.0146088702409 Size:  5
Vacancy Formation Energy (Cell Structure Relaxation): 0.0428466615676 Size:  5
Vacancy Formation Energy (Cell Structure Relaxation): 0.0125101748789 Size:  5
Vacancy Formation Energy (Cell Structure Relaxation): 0.0309834861204 Size:  5
Vacancy Formation Energy (Cell Structure Relaxation): 0.0090611071912 Size:  5
Vacancy Formation Energy (Cell Structure Relaxation): 0.015445399015 Size:  5
Vacancy Formation Energy (Cell Structure Relaxation): 0.00417930916456 Size:  5
Vacancy Formation Energy (Cell Structure Relaxation): 0.0125446336767 Size:  5
Vacancy Formation Energy (Cell Structure Relaxation): 0.0035372914208 Size:  5
Vacancy Formation Energy (Cell Structure Relaxation): 0.0126751576993 Size:  5
Vacancy Formation Energy (Cell Structure Relaxation): 0.00351877686262 Size:  5
Vacancy Formation Energy (Cell Structure Relaxation): 0.00893982601087 Size:  5
Vacancy Formation Energy (Cell Structure Relaxation): 0.00252721987272 Size:  5
Vacancy Formation Energy (Cell Structure Relaxation): 0.0062102078416 Size:  5
Vacancy Formation Energy (Cell Structure Relaxation): 0.00122103327328 Size:  5
Vacancy Formation Energy (Cell Structure Relaxation): 0.00166978111145 Size:  5
Vacancy Formation Energy (Cell Structure Relaxation): 0.00344512316576 Size:  5
Vacancy Formation Energy (Cell Structure Relaxation): 0.000979248091539 Size:  5
Vacancy Formation Energy (Cell Structure Relaxation): 0.00306595831273 Size:  5
Vacancy Formation Energy (Cell Structure Relaxation): 0.00067690712865 Size:  5
Vacancy Formation Energy (Cell Structure Relaxation): 0.00185600314728 Size:  5
Vacancy Formation Energy (Cell Structure Relaxation): 0.000477399195688 Size:  5
Vacancy Formation Energy (Cell Structure Relaxation): 0.00128717091411 Size:  5
Vacancy Formation Energy (Cell Structure Relaxation): 0.000373127032617 Size:  5
Vacancy Formation Energy (Cell Structure Relaxation): 0.000717339283597 Size:  5
Vacancy Formation Energy (Cell Structure Relaxation): 0.000197043316234 Size:  5
Vacancy Formation Energy (Cell Structure Relaxation): 0.000565165390185 Size:  5
Vacancy Formation Energy (Cell Structure Relaxation): 0.000156982549584 Size:  5
Vacancy Formation Energy (Cell Structure Relaxation): 0.000435606103565 Size:  5
Vacancy Formation Energy (Cell Structure Relaxation): 0.000125046295238 Size:  5
Vacancy Formation Energy (Cell Structure Relaxation): 0.000318332001484 Size:  5
Vacancy Formation Energy (Cell Structure Relaxation): 8.63721950282e-05 Size:  5
Vacancy Formation Energy (Cell Structure Relaxation): 0.000172754007735 Size:  5
Vacancy Formation Energy (Cell Structure Relaxation): 4.88801467782e-05 Size:  5
Vacancy Formation Energy (Cell Structure Relaxation): 0.000155734126338 Size:  5
Vacancy Formation Energy (Cell Structure Relaxation): 4.5791929324e-05 Size:  5
Vacancy Formation Energy (Cell Structure Relaxation): 0.000119366564832 Size:  5
Vacancy Formation Energy (Cell Structure Relaxation): 3.43131324598e-05 Size:  5
Vacancy Formation Energy (Cell Structure Relaxation): 6.27678119827e-05 Size:  5
Vacancy Formation Energy (Cell Structure Relaxation): 1.57412578119e-05 Size:  5
Vacancy Formation Energy (Cell Structure Relaxation): 4.49389696087e-05 Size:  5
Vacancy Formation Energy (Cell Structure Relaxation): 4.55010166434e-05 Size:  5
Vacancy Formation Energy (Cell Structure Relaxation): 1.29712033186e-05 Size:  5
Vacancy Formation Energy (Cell Structure Relaxation): 6.19624349838e-05 Size:  5
Vacancy Formation Energy (Cell Structure Relaxation): 1.10952311161e-05 Size:  5
Vacancy Formation Energy (Cell Structure Relaxation): 3.40057516723e-05 Size:  5
Vacancy Formation Energy (Cell Structure Relaxation): 9.63960917488e-06 Size:  5
Vacancy Formation Energy (Cell Structure Relaxation): 1.37816325605e-05 Size:  5
Vacancy Formation Energy (Cell Structure Relaxation): 4.1817733063e-06 Size:  5
Vacancy Formation Energy (Cell Structure Relaxation): 1.48875571995e-05 Size:  5
Vacancy Formation Energy (Cell Structure Relaxation): 3.88000239582e-06 Size:  5
Vacancy Formation Energy (Cell Structure Relaxation): 7.39809809147e-06 Size:  5
Vacancy Formation Energy (Cell Structure Relaxation): 9.42408951232e-06 Size:  5
Vacancy Formation Energy (Cell Structure Relaxation): 2.65451194537e-06 Size:  5
Vacancy Formation Energy (Cell Structure Relaxation): 9.27550172491e-06 Size:  5
Vacancy Formation Energy (Cell Structure Relaxation): 1.94593314973e-06 Size:  5
Vacancy Formation Energy (Cell Structure Relaxation): 4.26004658038e-06 Size:  5
Vacancy Formation Energy (Cell Structure Relaxation): 1.29702709728e-06 Size:  5
Vacancy Formation Energy (Cell Structure Relaxation): 3.53624193394e-06 Size:  5
Vacancy Formation Energy (Cell Structure Relaxation): 1.04372247733e-06 Size:  5
Vacancy Formation Energy (Cell Structure Relaxation): 1.71462556864e-06 Size:  5
Vacancy Formation Energy (Cell Structure Relaxation): 1.79695405222e-06 Size:  5
Vacancy Formation Energy (Cell Structure Relaxation): 5.00890337207e-07 Size:  5
Vacancy Formation Energy (Cell Structure Relaxation): 2.04782406854e-06 Size:  5
Vacancy Formation Energy (Cell Structure Relaxation): 4.50116999673e-07 Size:  5
Vacancy Formation Energy (Cell Structure Relaxation): 1.41732652992e-06 Size:  5
Vacancy Formation Energy (Cell Structure Relaxation): 3.56751797881e-07 Size:  5
Vacancy Formation Energy (Cell Structure Relaxation): 1.37004053613e-06 Size:  5
Vacancy Formation Energy (Cell Structure Relaxation): 2.6939108011e-07 Size:  5
Vacancy Formation Energy (Cell Structure Relaxation): 4.08722598877e-07 Size:  5
Vacancy Formation Energy (Cell Structure Relaxation): 5.61889464734e-07 Size:  5
Vacancy Formation Energy (Cell Structure Relaxation): 1.32342279358e-07 Size:  5
Vacancy Formation Energy (Cell Structure Relaxation): 4.26032329415e-07 Size:  5
Vacancy Formation Energy (Cell Structure Relaxation): 1.27887801682e-07 Size:  5
Vacancy Formation Energy (Cell Structure Relaxation): 3.18484921991e-07 Size:  5
Vacancy Formation Energy (Cell Structure Relaxation): 9.68992708295e-08 Size:  5
Vacancy Formation Energy (Cell Structure Relaxation): 1.87935597751e-07 Size:  5
Vacancy Formation Energy (Cell Structure Relaxation): 5.13031181981e-08 Size:  5
Vacancy Formation Energy (Cell Structure Relaxation): 1.2494240309e-07 Size:  5
Vacancy Formation Energy (Cell Structure Relaxation): 1.25530618789e-07 Size:  5
Vacancy Formation Energy (Cell Structure Relaxation): 4.17127239416e-08 Size:  5
Vacancy Formation Energy (Cell Structure Relaxation): 1.14808017315e-07 Size:  5
Vacancy Formation Energy (Cell Structure Relaxation): 3.61810634786e-08 Size:  5
Vacancy Formation Energy (Cell Structure Relaxation): 9.55060386332e-08 Size:  5
Vacancy Formation Energy (Cell Structure Relaxation): 3.11071062242e-08 Size:  5
Vacancy Formation Energy (Cell Structure Relaxation): 3.67031134374e-08 Size:  5
Vacancy Formation Energy (Cell Structure Relaxation): 4.36369873569e-08 Size:  5
Vacancy Formation Energy (Cell Structure Relaxation): 1.58638613357e-08 Size:  5
Vacancy Formation Energy (Cell Structure Relaxation): 4.88358864459e-08 Size:  5
Vacancy Formation Energy (Cell Structure Relaxation): 1.3579096958e-08 Size:  5
Vacancy Formation Energy (Cell Structure Relaxation): 3.57416638508e-08 Size:  5
Vacancy Formation Energy (Cell Structure Relaxation): 1.43073748404e-08 Size:  5
Vacancy Formation Energy (Cell Structure Relaxation): 2.91116748485e-08 Size:  5
Vacancy Formation Energy (Cell Structure Relaxation): 1.19272272059e-08 Size:  5
Vacancy Formation Energy (Cell Structure Relaxation): 2.87760713036e-08 Size:  5
Vacancy Formation Energy (Cell Structure Relaxation): 1.03848378785e-08 Size:  5
Vacancy Formation Energy (Cell Structure Relaxation): 2.39335804508e-08 Size:  5
Vacancy Formation Energy (Cell Structure Relaxation): 1.0479084267e-08 Size:  5
Vacancy Formation Energy (Cell Structure Relaxation): 1.19284777611e-08 Size:  5
Vacancy Formation Energy (Cell Structure Relaxation): 1.27732846522e-08 Size:  5
Vacancy Formation Energy (Cell Structure Relaxation): 8.47921910463e-09 Size:  5
Vacancy Formation Energy (Cell Structure Relaxation): 1.26108261611e-08 Size:  5
Vacancy Formation Energy (Cell Structure Relaxation): 6.60122623231e-09 Size:  5
Vacancy Formation Energy (Cell Structure Relaxation): 1.09546363092e-08 Size:  5
Vacancy Formation Energy (Cell Structure Relaxation): 5.97867710894e-09 Size:  5
Vacancy Formation Energy (Cell Structure Relaxation): 9.58630153036e-09 Size:  5
Vacancy Formation Energy (Cell Structure Relaxation): 8.42317149363e-09 Size:  5
Vacancy Formation Energy (Cell Structure Relaxation): 1.01665591501e-08 Size:  5
Vacancy Formation Energy (Cell Structure Relaxation): 4.81566075905e-09 Size:  5
Vacancy Formation Energy (Cell Structure Relaxation): 6.86202383804e-09 Size:  5
Vacancy Formation Energy (Cell Structure Relaxation): 5.83736436965e-09 Size:  5
Vacancy Formation Energy (Cell Structure Relaxation): 7.30653937353e-09 Size:  5
Vacancy Formation Energy (Cell Structure Relaxation): 3.2531488614e-09 Size:  5
Vacancy Formation Energy (Cell Structure Relaxation): 7.87326825957e-09 Size:  5
Vacancy Formation Energy (Cell Structure Relaxation): 3.07989012072e-09 Size:  5
Vacancy Formation Energy (Cell Structure Relaxation): 7.08394054527e-09 Size:  5
Vacancy Formation Energy (Cell Structure Relaxation): 3.20176241075e-09 Size:  5
Vacancy Formation Energy (Cell Structure Relaxation): 1.85241333384e-09 Size:  5
Vacancy Formation Energy (Cell Structure Relaxation): 5.72242697672e-09 Size:  5
Vacancy Formation Energy (Cell Structure Relaxation): 2.3073880584e-09 Size:  5
Vacancy Formation Energy (Cell Structure Relaxation): 3.91366938857e-09 Size:  5
Vacancy Formation Energy (Cell Structure Relaxation): 1.85718818102e-09 Size:  5
Vacancy Formation Energy (Cell Structure Relaxation): 2.12730810745e-09 Size:  5
Vacancy Formation Energy (Cell Structure Relaxation): 2.02237515623e-09 Size:  5
Vacancy Formation Energy (Cell Structure Relaxation): 3.03521119349e-09 Size:  5
Vacancy Formation Energy (Cell Structure Relaxation): 1.46758338815e-09 Size:  5
Vacancy Formation Energy (Cell Structure Relaxation): 2.43574049819e-09 Size:  5
Vacancy Formation Energy (Cell Structure Relaxation): 1.33775301947e-09 Size:  5
Vacancy Formation Energy (Cell Structure Relaxation): 1.46030743053e-09 Size:  5
Vacancy Formation Energy (Cell Structure Relaxation): 1.91380422621e-09 Size:  5
Vacancy Formation Energy (Cell Structure Relaxation): 1.00203578768e-09 Size:  5
Vacancy Formation Energy (Cell Structure Relaxation): 1.84741111298e-09 Size:  5
Vacancy Formation Energy (Cell Structure Relaxation): 8.48672243592e-10 Size:  5
Vacancy Formation Energy (Cell Structure Relaxation): 2.08706296689e-09 Size:  5
Vacancy Formation Energy (Cell Structure Relaxation): 7.18159753887e-10 Size:  5
Vacancy Formation Energy (Cell Structure Relaxation): 1.0500116332e-09 Size:  5
Vacancy Formation Energy (Cell Structure Relaxation): 1.14732756629e-09 Size:  5
Vacancy Formation Energy (Cell Structure Relaxation): 5.92990545556e-10 Size:  5
Vacancy Formation Energy (Cell Structure Relaxation): 1.55466750584e-09 Size:  5
Vacancy Formation Energy (Cell Structure Relaxation): 5.1147708291e-10 Size:  5
Vacancy Formation Energy (Cell Structure Relaxation): 1.05842445919e-09 Size:  5
Vacancy Formation Energy (Cell Structure Relaxation): 4.46675585408e-10 Size:  5
Vacancy Formation Energy (Cell Structure Relaxation): 9.21772880247e-10 Size:  5
Vacancy Formation Energy (Cell Structure Relaxation): 5.21595211467e-10 Size:  5
Vacancy Formation Energy (Cell Structure Relaxation): 4.08817868447e-10 Size:  5
Vacancy Formation Energy (Cell Structure Relaxation): 1.07183950604e-09 Size:  5
Vacancy Formation Energy (Cell Structure Relaxation): 3.82442522096e-10 Size:  5
Vacancy Formation Energy (Cell Structure Relaxation): 4.81691131426e-10 Size:  5
Vacancy Formation Energy (Cell Structure Relaxation): 6.63362698106e-10 Size:  5
Vacancy Formation Energy (Cell Structure Relaxation): 1.78602022061e-10 Size:  5
Vacancy Formation Energy (Cell Structure Relaxation): 3.43106876244e-10 Size:  5
Vacancy Formation Energy (Cell Structure Relaxation): 7.02812030795e-10 Size:  5
Vacancy Formation Energy (Cell Structure Relaxation): 3.8323832996e-10 Size:  5
Vacancy Formation Energy (Cell Structure Relaxation): 5.99357008468e-10 Size:  5
Vacancy Formation Energy (Cell Structure Relaxation): 3.24916982208e-10 Size:  5
Vacancy Formation Energy (Cell Structure Relaxation): 5.86396708968e-10 Size:  5
Vacancy Formation Energy (Cell Structure Relaxation): 2.73871592071e-10 Size:  5
Vacancy Formation Energy (Cell Structure Relaxation): 4.44401848654e-10 Size:  5
Vacancy Formation Energy (Cell Structure Relaxation): 2.10434336623e-10 Size:  5
Vacancy Formation Energy (Cell Structure Relaxation): 1.88947524293e-10 Size:  5
Vacancy Formation Energy (Cell Structure Relaxation): 5.12159203936e-10 Size:  5
Vacancy Formation Energy (Cell Structure Relaxation): 1.6018475435e-10 Size:  5
Vacancy Formation Energy (Cell Structure Relaxation): 2.33058017329e-10 Size:  5
Vacancy Formation Energy (Cell Structure Relaxation): 2.12708073377e-10 Size:  5
Vacancy Formation Energy (Cell Structure Relaxation): 3.1184299587e-10 Size:  5
Vacancy Formation Energy (Cell Structure Relaxation): 1.12322595669e-10 Size:  5
Vacancy Formation Energy (Cell Structure Relaxation): 2.75690581475e-10 Size:  5
Vacancy Formation Energy (Cell Structure Relaxation): 1.98951966013e-10 Size:  5
Vacancy Formation Energy (Cell Structure Relaxation): 2.39765540755e-10 Size:  5
Vacancy Formation Energy (Cell Structure Relaxation): 1.24487087305e-10 Size:  5
Vacancy Formation Energy (Cell Structure Relaxation): 1.8860646378e-10 Size:  5
Vacancy Formation Energy (Cell Structure Relaxation): 4.09045242122e-10 Size:  5
Vacancy Formation Energy (Cell Structure Relaxation): 2.29420038522e-10 Size:  5
Vacancy Formation Energy (Cell Structure Relaxation): 5.65023583476e-11 Size:  5
Vacancy Formation Energy (Cell Structure Relaxation): 2.06682670978e-10 Size:  5
Vacancy Formation Energy (Cell Structure Relaxation): 2.65345079242e-10 Size:  5
Vacancy Formation Energy (Cell Structure Relaxation): -7.25322024664e-11 Size:  5
Vacancy Formation Energy (Cell Structure Relaxation): 2.35559127759e-10 Size:  5
Vacancy Formation Energy (Cell Structure Relaxation): 1.05160324892e-10 Size:  5
Optimization terminated successfully.
         Current function value: -0.000000
         Iterations: 119
         Function evaluations: 214
Summary:
Vacancy Formation Energy: -7.25322024664e-11
Unrelaxed Cell Volume: 4245.98326394
Relaxed Cell Volume: 4245.98323183
Relaxation Volume: 3.21085817632e-05
Relaxed Cell Vector:
[  1.41559720e+01  -7.07798413e+00   1.22594305e+01   5.20525961e-06
  -4.19275547e-06   2.44662993e+01]
Unrelaxed Cell Vector:
[14.155971641937043, -7.0779858209685216, 12.259431057169589, 0.0, 0.0, 24.466298971347946]
Relaxed Cell:
[[  1.41559720e+01   0.00000000e+00   0.00000000e+00]
 [ -7.07798413e+00   1.22594305e+01   0.00000000e+00]
 [  5.20525961e-06  -4.19275547e-06   2.44662993e+01]]
Unrelaxed Cell:
[[ 14.15597164   0.           0.        ]
 [ -7.07798582  12.25943106   0.        ]
 [  0.           0.          24.46629897]]

[Calculation Results Summary]
Sizes: [3, 4, 5]
Formation Energy By Size:
[0.0, -1.3011458577238955e-10, -7.2532202466391027e-11]
Relaxation Volume By Size:
[0.0, 0.00013971430598758161, 3.2108581763168331e-05]

[Extrapolation]
Fitting with 2 points, including orders [0, 3]
Fit with data beginning 0

Fit with Size: [3 4]
Orders: [0, 3]
Matrix A (Ax = y):
[[ 1.          0.03703704]
 [ 1.          0.015625  ]]
Data for Fitting: [  0.00000000e+00  -1.30114586e-10]
Fitting Results: (array([ -2.25063067e-10,   6.07670282e-09]), array([], dtype=float64), 2, array([ 1.41470379,  0.01513535]))

Fit with Size: [3 4]
Orders: [0, 3]
Matrix A (Ax = y):
[[ 1.          0.03703704]
 [ 1.          0.015625  ]]
Data for Fitting: [ 0.          0.00013971]
Fitting Results: (array([ 0.00024167, -0.00652504]), array([], dtype=float64), 2, array([ 1.41470379,  0.01513535]))
Fit with data beginning 1

Fit with Size: [4 5]
Orders: [0, 3]
Matrix A (Ax = y):
[[ 1.        0.015625]
 [ 1.        0.008   ]]
Data for Fitting: [ -1.30114586e-10  -7.25322025e-11]
Fitting Results: (array([ -1.21178987e-11,  -7.55178797e-09]), array([], dtype=float64), 2, array([ 1.41431223,  0.00539131]))

Fit with Size: [4 5]
Orders: [0, 3]
Matrix A (Ax = y):
[[ 1.        0.015625]
 [ 1.        0.008   ]]
Data for Fitting: [  1.39714306e-04   3.21085818e-05]
Fitting Results: (array([ -8.07892273e-05,   1.41122261e-02]), array([], dtype=float64), 2, array([ 1.41431223,  0.00539131]))
Fitting with 3 points, including orders [0, 3]
Fit with data beginning 0

Fit with Size: [3 4 5]
Orders: [0, 3]
Matrix A (Ax = y):
[[ 1.          0.03703704]
 [ 1.          0.015625  ]
 [ 1.          0.008     ]]
Data for Fitting: [  0.00000000e+00  -1.30114586e-10  -7.25322025e-11]
Fitting Results: (array([ -1.33769288e-10,   3.27488305e-09]), array([  3.64105457e-21]), 2, array([ 1.73240492,  0.02128544]))

Fit with Size: [3 4 5]
Orders: [0, 3]
Matrix A (Ax = y):
[[ 1.          0.03703704]
 [ 1.          0.015625  ]
 [ 1.          0.008     ]]
Data for Fitting: [  0.00000000e+00   1.39714306e-04   3.21085818e-05]
Fitting Results: (array([ 0.00010342, -0.00228231]), array([  8.34902586e-09]), 2, array([ 1.73240492,  0.02128544]))
Fitting with 3 points, including orders [0, 3, 4]
Fit with data beginning 0

Fit with Size: [3 4 5]
Orders: [0, 3, 4]
Matrix A (Ax = y):
[[ 1.          0.03703704  0.01234568]
 [ 1.          0.015625    0.00390625]
 [ 1.          0.008       0.0016    ]]
Data for Fitting: [  0.00000000e+00  -1.30114586e-10  -7.25322025e-11]
Fitting Results: (array([  1.09721863e-10,  -5.25106599e-08,   1.48644509e-07]), array([], dtype=float64), 3, array([  1.73243559e+00,   2.27351353e-02,   3.80051182e-04]))

Fit with Size: [3 4 5]
Orders: [0, 3, 4]
Matrix A (Ax = y):
[[ 1.          0.03703704  0.01234568]
 [ 1.          0.015625    0.00390625]
 [ 1.          0.008       0.0016    ]]
Data for Fitting: [  0.00000000e+00   1.39714306e-04   3.21085818e-05]
Fitting Results: (array([-0.00026529,  0.08219225, -0.22508843]), array([], dtype=float64), 3, array([  1.73243559e+00,   2.27351353e-02,   3.80051182e-04]))
Fitting with 3 points, including orders [0, 3, 5]
Fit with data beginning 0

Fit with Size: [3 4 5]
Orders: [0, 3, 5]
Matrix A (Ax = y):
[[  1.00000000e+00   3.70370370e-02   4.11522634e-03]
 [  1.00000000e+00   1.56250000e-02   9.76562500e-04]
 [  1.00000000e+00   8.00000000e-03   3.20000000e-04]]
Data for Fitting: [  0.00000000e+00  -1.30114586e-10  -7.25322025e-11]
Fitting Results: (array([  7.10022720e-11,  -2.69557300e-08,   2.25348018e-07]), array([], dtype=float64), 3, array([  1.73240774e+00,   2.14761184e-02,   2.65390853e-04]))

Fit with Size: [3 4 5]
Orders: [0, 3, 5]
Matrix A (Ax = y):
[[  1.00000000e+00   3.70370370e-02   4.11522634e-03]
 [  1.00000000e+00   1.56250000e-02   9.76562500e-04]
 [  1.00000000e+00   8.00000000e-03   3.20000000e-04]]
Data for Fitting: [  0.00000000e+00   1.39714306e-04   3.21085818e-05]
Fitting Results: (array([ -2.06655895e-04,   4.34951005e-02,  -3.41238522e-01]), array([], dtype=float64), 3, array([  1.73240774e+00,   2.14761184e-02,   2.65390853e-04]))
Fitting with 3 points, including orders [0, 3, 6]
Fit with data beginning 0

Fit with Size: [3 4 5]
Orders: [0, 3, 6]
Matrix A (Ax = y):
[[  1.00000000e+00   3.70370370e-02   1.37174211e-03]
 [  1.00000000e+00   1.56250000e-02   2.44140625e-04]
 [  1.00000000e+00   8.00000000e-03   6.40000000e-05]]
Data for Fitting: [  0.00000000e+00  -1.30114586e-10  -7.25322025e-11]
Fitting Results: (array([  4.65506682e-11,  -1.86401471e-08,   4.69348535e-07]), array([], dtype=float64), 3, array([  1.73240519e+00,   2.13086278e-02,   1.28423698e-04]))

Fit with Size: [3 4 5]
Orders: [0, 3, 6]
Matrix A (Ax = y):
[[  1.00000000e+00   3.70370370e-02   1.37174211e-03]
 [  1.00000000e+00   1.56250000e-02   2.44140625e-04]
 [  1.00000000e+00   8.00000000e-03   6.40000000e-05]]
Data for Fitting: [  0.00000000e+00   1.39714306e-04   3.21085818e-05]
Fitting Results: (array([ -1.69629481e-04,   3.09030340e-02,  -7.10722027e-01]), array([], dtype=float64), 3, array([  1.73240519e+00,   2.13086278e-02,   1.28423698e-04]))

[Fitting Results Summary]
Sizes: [3, 4, 5]
Data Points Used: [2, 3, 3, 3, 3]
Orders Included:
[[0, 3] [0, 3] [0, 3, 4] [0, 3, 5] [0, 3, 6]]
Formation Energy Fits By Size:
[[-2.2506306728197105e-10, -1.2117898669933526e-11]
 [-1.3376928837534618e-10] [1.09721862752418e-10] [7.1002271990430496e-11]
 [4.6550668192557948e-11]]
Relaxation Volume Fits By Size:
[[0.00024166798873527623, -8.0789227259166904e-05] [0.00010342424281833609]
 [-0.00026528794362712182] [-0.00020665589518510419]
 [-0.00016962948064537807]]

[Final Results]
[
    {
        "property-id" "tag:staff@noreply.openkim.org,2015-07-28:property/monovacancy-neutral-relaxed-formation-potential-energy-crystal-npt" 
        "instance-id" 1 
        "relaxed-formation-potential-energy" {
            "source-value" -1.2117898669933526e-11 
            "source-unit" "eV" 
            "source-std-uncert-value" 1.218397830118551e-10
        } 
        "host-cauchy-stress" {
            "source-value" [
                0 
                0 
                0 
                0 
                0 
                0
            ] 
            "source-unit" "GPa"
        } 
        "host-removed-atom" {
            "source-value" 1
        } 
        "host-short-name" {
            "source-value" [
                "hcp"
            ]
        } 
        "host-a" {
            "source-value" 2.8311943283874088 
            "source-unit" "angstrom"
        } 
        "host-b" {
            "source-value" 2.8311943283874084 
            "source-unit" "angstrom"
        } 
        "host-c" {
            "source-value" 4.8932597942695892 
            "source-unit" "angstrom"
        } 
        "host-alpha" {
            "source-value" 90.0 
            "source-unit" "degree"
        } 
        "host-beta" {
            "source-value" 90.0 
            "source-unit" "degree"
        } 
        "host-gamma" {
            "source-value" 120.00000000000001 
            "source-unit" "degree"
        } 
        "host-space-group" {
            "source-value" "P63/mmc"
        } 
        "host-wyckoff-multiplicity-and-letter" {
            "source-value" [
                "2d"
            ]
        } 
        "host-wyckoff-coordinates" {
            "source-value" [
                [
                    0.6666666666666666 
                    0.3333333333333333 
                    0.25
                ]
            ]
        } 
        "host-wyckoff-species" {
            "source-value" [
                "Al"
            ]
        } 
        "reservoir-cohesive-potential-energy" {
            "source-value" -7.1576895826970297 
            "source-unit" "eV"
        } 
        "reservoir-short-name" {
            "source-value" [
                "hcp"
            ]
        } 
        "reservoir-cauchy-stress" {
            "source-value" [
                0.0 
                0.0 
                0.0 
                0.0 
                0.0 
                0.0
            ] 
            "source-unit" "GPa"
        } 
        "reservoir-a" {
            "source-value" 2.8311943283874088 
            "source-unit" "angstrom"
        } 
        "reservoir-b" {
            "source-value" 2.8311943283874084 
            "source-unit" "angstrom"
        } 
        "reservoir-c" {
            "source-value" 4.8932597942695892 
            "source-unit" "angstrom"
        } 
        "reservoir-alpha" {
            "source-value" 90.0 
            "source-unit" "degree"
        } 
        "reservoir-beta" {
            "source-value" 90.0 
            "source-unit" "degree"
        } 
        "reservoir-gamma" {
            "source-value" 120.00000000000001 
            "source-unit" "degree"
        } 
        "reservoir-space-group" {
            "source-value" "P63/mmc"
        } 
        "reservoir-wyckoff-multiplicity-and-letter" {
            "source-value" [
                "2d"
            ]
        } 
        "reservoir-wyckoff-coordinates" {
            "source-value" [
                [
                    0.6666666666666666 
                    0.3333333333333333 
                    0.25
                ]
            ]
        } 
        "reservoir-wyckoff-species" {
            "source-value" [
                "Al"
            ]
        }
    } 
    {
        "property-id" "tag:staff@noreply.openkim.org,2015-07-28:property/monovacancy-neutral-relaxation-volume-crystal-npt" 
        "instance-id" 2 
        "relaxation-volume" {
            "source-value" -8.0789227259166904e-05 
            "source-unit" "angstrom^3" 
            "source-std-uncert-value" 0.028367968577213458
        } 
        "host-cauchy-stress" {
            "source-value" [
                0 
                0 
                0 
                0 
                0 
                0
            ] 
            "source-unit" "GPa"
        } 
        "host-removed-atom" {
            "source-value" 1
        } 
        "host-short-name" {
            "source-value" [
                "hcp"
            ]
        } 
        "host-a" {
            "source-value" 2.8311943283874088 
            "source-unit" "angstrom"
        } 
        "host-b" {
            "source-value" 2.8311943283874084 
            "source-unit" "angstrom"
        } 
        "host-c" {
            "source-value" 4.8932597942695892 
            "source-unit" "angstrom"
        } 
        "host-alpha" {
            "source-value" 90.0 
            "source-unit" "degree"
        } 
        "host-beta" {
            "source-value" 90.0 
            "source-unit" "degree"
        } 
        "host-gamma" {
            "source-value" 120.00000000000001 
            "source-unit" "degree"
        } 
        "host-space-group" {
            "source-value" "P63/mmc"
        } 
        "host-wyckoff-multiplicity-and-letter" {
            "source-value" [
                "2d"
            ]
        } 
        "host-wyckoff-coordinates" {
            "source-value" [
                [
                    0.6666666666666666 
                    0.3333333333333333 
                    0.25
                ]
            ]
        } 
        "host-wyckoff-species" {
            "source-value" [
                "Al"
            ]
        }
    }
]
