Imported bulk from ase.lattice
Parameters Input: Si fcc Three_Body_Stillinger_Weber_Balamane_Si__MO_113686039439_001 [4.14658190704]

[Calculation]

Supercell Size: 3
Unrelaxed Cell:
[[ 12.43974572   0.           0.        ]
 [  0.          12.43974572   0.        ]
 [  0.           0.          12.43974572]]
Unrelaxed Cell Vector:
[12.43974572112, 0.0, 12.43974572112, 0.0, 0.0, 12.43974572112]
Vacancy Formation Energy (Cell Structure Relaxation): 0.883655286806 Size:  3
Vacancy Formation Energy (Cell Structure Relaxation): 12.8642661094 Size:  3
Vacancy Formation Energy (Cell Structure Relaxation): 0.885115935066 Size:  3
Vacancy Formation Energy (Cell Structure Relaxation): 12.8662359505 Size:  3
Vacancy Formation Energy (Cell Structure Relaxation): 0.885355999903 Size:  3
Vacancy Formation Energy (Cell Structure Relaxation): 0.88535601619 Size:  3
Vacancy Formation Energy (Cell Structure Relaxation): 12.8672036926 Size:  3
Vacancy Formation Energy (Cell Structure Relaxation): -2.11072339683 Size:  3
Vacancy Formation Energy (Cell Structure Relaxation): -0.356982313042 Size:  3
Vacancy Formation Energy (Cell Structure Relaxation): -7.88822591251 Size:  3
Vacancy Formation Energy (Cell Structure Relaxation): -8.14403755109 Size:  3
Vacancy Formation Energy (Cell Structure Relaxation): -7.01540081782 Size:  3
Vacancy Formation Energy (Cell Structure Relaxation): -11.5962379484 Size:  3
Vacancy Formation Energy (Cell Structure Relaxation): -7.33129213986 Size:  3
Vacancy Formation Energy (Cell Structure Relaxation): -9.18033011941 Size:  3
Vacancy Formation Energy (Cell Structure Relaxation): -3.12465684558 Size:  3
Vacancy Formation Energy (Cell Structure Relaxation): 11.7753199607 Size:  3
Vacancy Formation Energy (Cell Structure Relaxation): -12.8661611599 Size:  3
Vacancy Formation Energy (Cell Structure Relaxation): 7.30018530397 Size:  3
Vacancy Formation Energy (Cell Structure Relaxation): -13.8219945844 Size:  3
Vacancy Formation Energy (Cell Structure Relaxation): -13.6846452785 Size:  3
Vacancy Formation Energy (Cell Structure Relaxation): -14.6958466846 Size:  3
Vacancy Formation Energy (Cell Structure Relaxation): -13.950104207 Size:  3
Vacancy Formation Energy (Cell Structure Relaxation): -12.5140884426 Size:  3
Vacancy Formation Energy (Cell Structure Relaxation): -11.860194163 Size:  3
Vacancy Formation Energy (Cell Structure Relaxation): -11.4136259857 Size:  3
Vacancy Formation Energy (Cell Structure Relaxation): -13.7920668236 Size:  3
Vacancy Formation Energy (Cell Structure Relaxation): -11.3337775579 Size:  3
Vacancy Formation Energy (Cell Structure Relaxation): -13.4346356351 Size:  3
Vacancy Formation Energy (Cell Structure Relaxation): -13.3984976677 Size:  3
Vacancy Formation Energy (Cell Structure Relaxation): -14.6821073346 Size:  3
Vacancy Formation Energy (Cell Structure Relaxation): -12.4941833415 Size:  3
Vacancy Formation Energy (Cell Structure Relaxation): -14.3517478076 Size:  3
Vacancy Formation Energy (Cell Structure Relaxation): -12.9416521478 Size:  3
Vacancy Formation Energy (Cell Structure Relaxation): -14.1704922363 Size:  3
Vacancy Formation Energy (Cell Structure Relaxation): -14.0732727194 Size:  3
Vacancy Formation Energy (Cell Structure Relaxation): -14.7182551866 Size:  3
Vacancy Formation Energy (Cell Structure Relaxation): -14.7702794567 Size:  3
Vacancy Formation Energy (Cell Structure Relaxation): -14.6665328251 Size:  3
Vacancy Formation Energy (Cell Structure Relaxation): -14.02096754 Size:  3
Vacancy Formation Energy (Cell Structure Relaxation): -14.7319902393 Size:  3
Vacancy Formation Energy (Cell Structure Relaxation): -13.6204087891 Size:  3
Vacancy Formation Energy (Cell Structure Relaxation): -14.6490030068 Size:  3
Vacancy Formation Energy (Cell Structure Relaxation): -14.6066604356 Size:  3
Vacancy Formation Energy (Cell Structure Relaxation): -14.9308816682 Size:  3
Vacancy Formation Energy (Cell Structure Relaxation): -14.5447475944 Size:  3
Vacancy Formation Energy (Cell Structure Relaxation): -14.8496260542 Size:  3
Vacancy Formation Energy (Cell Structure Relaxation): -14.449260326 Size:  3
Vacancy Formation Energy (Cell Structure Relaxation): -14.8979796855 Size:  3
Vacancy Formation Energy (Cell Structure Relaxation): -14.5986990844 Size:  3
Vacancy Formation Energy (Cell Structure Relaxation): -14.9095555354 Size:  3
Vacancy Formation Energy (Cell Structure Relaxation): -14.927406624 Size:  3
Vacancy Formation Energy (Cell Structure Relaxation): -14.6476061343 Size:  3
Vacancy Formation Energy (Cell Structure Relaxation): -14.9180486565 Size:  3
Vacancy Formation Energy (Cell Structure Relaxation): -14.7228149214 Size:  3
Vacancy Formation Energy (Cell Structure Relaxation): -14.919959497 Size:  3
Vacancy Formation Energy (Cell Structure Relaxation): -14.7501750548 Size:  3
Vacancy Formation Energy (Cell Structure Relaxation): -14.9946677139 Size:  3
Vacancy Formation Energy (Cell Structure Relaxation): -14.9203235491 Size:  3
Vacancy Formation Energy (Cell Structure Relaxation): -14.7953174279 Size:  3
Vacancy Formation Energy (Cell Structure Relaxation): -14.9850862281 Size:  3
Vacancy Formation Energy (Cell Structure Relaxation): -14.9526930722 Size:  3
Vacancy Formation Energy (Cell Structure Relaxation): -14.9796534561 Size:  3
Vacancy Formation Energy (Cell Structure Relaxation): -14.9005073984 Size:  3
Vacancy Formation Energy (Cell Structure Relaxation): -14.9905782526 Size:  3
Vacancy Formation Energy (Cell Structure Relaxation): -14.9508710648 Size:  3
Vacancy Formation Energy (Cell Structure Relaxation): -14.874661809 Size:  3
Vacancy Formation Energy (Cell Structure Relaxation): -15.0021308819 Size:  3
Vacancy Formation Energy (Cell Structure Relaxation): -14.958500008 Size:  3
Vacancy Formation Energy (Cell Structure Relaxation): -14.9034355702 Size:  3
Vacancy Formation Energy (Cell Structure Relaxation): -15.0018322126 Size:  3
Vacancy Formation Energy (Cell Structure Relaxation): -14.938006177 Size:  3
Vacancy Formation Energy (Cell Structure Relaxation): -14.9936184044 Size:  3
Vacancy Formation Energy (Cell Structure Relaxation): -14.9658484251 Size:  3
Vacancy Formation Energy (Cell Structure Relaxation): -15.0055498557 Size:  3
Vacancy Formation Energy (Cell Structure Relaxation): -14.9895356102 Size:  3
Vacancy Formation Energy (Cell Structure Relaxation): -15.006081237 Size:  3
Vacancy Formation Energy (Cell Structure Relaxation): -14.9926233696 Size:  3
Vacancy Formation Energy (Cell Structure Relaxation): -15.0083239795 Size:  3
Vacancy Formation Energy (Cell Structure Relaxation): -14.9991525987 Size:  3
Vacancy Formation Energy (Cell Structure Relaxation): -14.9619185058 Size:  3
Vacancy Formation Energy (Cell Structure Relaxation): -15.0055836413 Size:  3
Vacancy Formation Energy (Cell Structure Relaxation): -14.9974440887 Size:  3
Vacancy Formation Energy (Cell Structure Relaxation): -15.0092827621 Size:  3
Vacancy Formation Energy (Cell Structure Relaxation): -15.004658051 Size:  3
Vacancy Formation Energy (Cell Structure Relaxation): -14.9979751 Size:  3
Vacancy Formation Energy (Cell Structure Relaxation): -15.0102066071 Size:  3
Vacancy Formation Energy (Cell Structure Relaxation): -15.0050522214 Size:  3
Vacancy Formation Energy (Cell Structure Relaxation): -15.0116419587 Size:  3
Vacancy Formation Energy (Cell Structure Relaxation): -14.9908867812 Size:  3
Vacancy Formation Energy (Cell Structure Relaxation): -15.0105523446 Size:  3
Vacancy Formation Energy (Cell Structure Relaxation): -14.9971320403 Size:  3
Vacancy Formation Energy (Cell Structure Relaxation): -15.0130712626 Size:  3
Vacancy Formation Energy (Cell Structure Relaxation): -15.007732123 Size:  3
Vacancy Formation Energy (Cell Structure Relaxation): -15.0126592149 Size:  3
Vacancy Formation Energy (Cell Structure Relaxation): -15.0070422247 Size:  3
Vacancy Formation Energy (Cell Structure Relaxation): -15.0120649589 Size:  3
Vacancy Formation Energy (Cell Structure Relaxation): -15.0125662085 Size:  3
Vacancy Formation Energy (Cell Structure Relaxation): -15.0129229443 Size:  3
Vacancy Formation Energy (Cell Structure Relaxation): -15.0086658905 Size:  3
Vacancy Formation Energy (Cell Structure Relaxation): -15.0137519047 Size:  3
Vacancy Formation Energy (Cell Structure Relaxation): -15.0099338404 Size:  3
Vacancy Formation Energy (Cell Structure Relaxation): -15.01419558 Size:  3
Vacancy Formation Energy (Cell Structure Relaxation): -15.0121995285 Size:  3
Vacancy Formation Energy (Cell Structure Relaxation): -15.0138707073 Size:  3
Vacancy Formation Energy (Cell Structure Relaxation): -15.0098508383 Size:  3
Vacancy Formation Energy (Cell Structure Relaxation): -15.0146050852 Size:  3
Vacancy Formation Energy (Cell Structure Relaxation): -15.0133639044 Size:  3
Vacancy Formation Energy (Cell Structure Relaxation): -15.0133282558 Size:  3
Vacancy Formation Energy (Cell Structure Relaxation): -15.0135211454 Size:  3
Vacancy Formation Energy (Cell Structure Relaxation): -15.0141529608 Size:  3
Vacancy Formation Energy (Cell Structure Relaxation): -15.0140615562 Size:  3
Vacancy Formation Energy (Cell Structure Relaxation): -15.0127242317 Size:  3
Vacancy Formation Energy (Cell Structure Relaxation): -15.0144897396 Size:  3
Vacancy Formation Energy (Cell Structure Relaxation): -15.014238382 Size:  3
Vacancy Formation Energy (Cell Structure Relaxation): -15.0136065108 Size:  3
Vacancy Formation Energy (Cell Structure Relaxation): -15.0146093837 Size:  3
Vacancy Formation Energy (Cell Structure Relaxation): -15.0134454038 Size:  3
Vacancy Formation Energy (Cell Structure Relaxation): -15.0146205751 Size:  3
Vacancy Formation Energy (Cell Structure Relaxation): -15.0136914049 Size:  3
Vacancy Formation Energy (Cell Structure Relaxation): -15.0146250789 Size:  3
Vacancy Formation Energy (Cell Structure Relaxation): -15.0139463492 Size:  3
Vacancy Formation Energy (Cell Structure Relaxation): -15.014603764 Size:  3
Vacancy Formation Energy (Cell Structure Relaxation): -15.0142785766 Size:  3
Vacancy Formation Energy (Cell Structure Relaxation): -15.0146239302 Size:  3
Vacancy Formation Energy (Cell Structure Relaxation): -15.0144450921 Size:  3
Vacancy Formation Energy (Cell Structure Relaxation): -15.0146783058 Size:  3
Vacancy Formation Energy (Cell Structure Relaxation): -15.0143890649 Size:  3
Vacancy Formation Energy (Cell Structure Relaxation): -15.0147200896 Size:  3
Vacancy Formation Energy (Cell Structure Relaxation): -15.0144944442 Size:  3
Vacancy Formation Energy (Cell Structure Relaxation): -15.0147091629 Size:  3
Vacancy Formation Energy (Cell Structure Relaxation): -15.0146602915 Size:  3
Vacancy Formation Energy (Cell Structure Relaxation): -15.014491368 Size:  3
Vacancy Formation Energy (Cell Structure Relaxation): -15.0147187649 Size:  3
Vacancy Formation Energy (Cell Structure Relaxation): -15.0145843365 Size:  3
Vacancy Formation Energy (Cell Structure Relaxation): -15.0147110934 Size:  3
Vacancy Formation Energy (Cell Structure Relaxation): -15.0144975625 Size:  3
Vacancy Formation Energy (Cell Structure Relaxation): -15.0147186992 Size:  3
Vacancy Formation Energy (Cell Structure Relaxation): -15.0146542305 Size:  3
Vacancy Formation Energy (Cell Structure Relaxation): -15.0147158832 Size:  3
Vacancy Formation Energy (Cell Structure Relaxation): -15.0146997872 Size:  3
Vacancy Formation Energy (Cell Structure Relaxation): -15.0147294275 Size:  3
Vacancy Formation Energy (Cell Structure Relaxation): -15.0147030019 Size:  3
Vacancy Formation Energy (Cell Structure Relaxation): -15.014730396 Size:  3
Vacancy Formation Energy (Cell Structure Relaxation): -15.0146865374 Size:  3
Vacancy Formation Energy (Cell Structure Relaxation): -15.0147324718 Size:  3
Vacancy Formation Energy (Cell Structure Relaxation): -15.0147154937 Size:  3
Vacancy Formation Energy (Cell Structure Relaxation): -15.0147314617 Size:  3
Vacancy Formation Energy (Cell Structure Relaxation): -15.0146955336 Size:  3
Vacancy Formation Energy (Cell Structure Relaxation): -15.0147341395 Size:  3
Vacancy Formation Energy (Cell Structure Relaxation): -15.0147077054 Size:  3
Vacancy Formation Energy (Cell Structure Relaxation): -15.0147329029 Size:  3
Vacancy Formation Energy (Cell Structure Relaxation): -15.0147220147 Size:  3
Vacancy Formation Energy (Cell Structure Relaxation): -15.0147331267 Size:  3
Vacancy Formation Energy (Cell Structure Relaxation): -15.0147281052 Size:  3
Vacancy Formation Energy (Cell Structure Relaxation): -15.0147349439 Size:  3
Vacancy Formation Energy (Cell Structure Relaxation): -15.014730202 Size:  3
Vacancy Formation Energy (Cell Structure Relaxation): -15.0147351386 Size:  3
Vacancy Formation Energy (Cell Structure Relaxation): -15.014725864 Size:  3
Vacancy Formation Energy (Cell Structure Relaxation): -15.0147358795 Size:  3
Vacancy Formation Energy (Cell Structure Relaxation): -15.0147266513 Size:  3
Vacancy Formation Energy (Cell Structure Relaxation): -15.014736072 Size:  3
Vacancy Formation Energy (Cell Structure Relaxation): -15.0147290254 Size:  3
Vacancy Formation Energy (Cell Structure Relaxation): -15.0147359408 Size:  3
Vacancy Formation Energy (Cell Structure Relaxation): -15.0147344588 Size:  3
Vacancy Formation Energy (Cell Structure Relaxation): -15.0147318096 Size:  3
Vacancy Formation Energy (Cell Structure Relaxation): -15.0147362122 Size:  3
Vacancy Formation Energy (Cell Structure Relaxation): -15.0147338853 Size:  3
Vacancy Formation Energy (Cell Structure Relaxation): -15.0147361275 Size:  3
Vacancy Formation Energy (Cell Structure Relaxation): -15.0147350878 Size:  3
Vacancy Formation Energy (Cell Structure Relaxation): -15.0147362698 Size:  3
Vacancy Formation Energy (Cell Structure Relaxation): -15.0147362087 Size:  3
Vacancy Formation Energy (Cell Structure Relaxation): -15.0147366069 Size:  3
Vacancy Formation Energy (Cell Structure Relaxation): -15.0147351384 Size:  3
Vacancy Formation Energy (Cell Structure Relaxation): -15.014736039 Size:  3
Vacancy Formation Energy (Cell Structure Relaxation): -15.0147367116 Size:  3
Vacancy Formation Energy (Cell Structure Relaxation): -15.0147365776 Size:  3
Vacancy Formation Energy (Cell Structure Relaxation): -15.0147366658 Size:  3
Vacancy Formation Energy (Cell Structure Relaxation): -15.0147345253 Size:  3
Vacancy Formation Energy (Cell Structure Relaxation): -15.0147369976 Size:  3
Vacancy Formation Energy (Cell Structure Relaxation): -15.0147364201 Size:  3
Vacancy Formation Energy (Cell Structure Relaxation): -15.0147369416 Size:  3
Vacancy Formation Energy (Cell Structure Relaxation): -15.0147362539 Size:  3
Vacancy Formation Energy (Cell Structure Relaxation): -15.0147369976 Size:  3
Vacancy Formation Energy (Cell Structure Relaxation): -15.0147347798 Size:  3
Vacancy Formation Energy (Cell Structure Relaxation): -15.0147371672 Size:  3
Vacancy Formation Energy (Cell Structure Relaxation): -15.0147372522 Size:  3
Vacancy Formation Energy (Cell Structure Relaxation): -15.0147368469 Size:  3
Vacancy Formation Energy (Cell Structure Relaxation): -15.0147366297 Size:  3
Vacancy Formation Energy (Cell Structure Relaxation): -15.0147370879 Size:  3
Vacancy Formation Energy (Cell Structure Relaxation): -15.0147367848 Size:  3
Vacancy Formation Energy (Cell Structure Relaxation): -15.0147371324 Size:  3
Vacancy Formation Energy (Cell Structure Relaxation): -15.0147366065 Size:  3
Vacancy Formation Energy (Cell Structure Relaxation): -15.0147371933 Size:  3
Vacancy Formation Energy (Cell Structure Relaxation): -15.0147374573 Size:  3
Vacancy Formation Energy (Cell Structure Relaxation): -15.0147375754 Size:  3
Vacancy Formation Energy (Cell Structure Relaxation): -15.0147374099 Size:  3
Vacancy Formation Energy (Cell Structure Relaxation): -15.0147374333 Size:  3
Vacancy Formation Energy (Cell Structure Relaxation): -15.0147374446 Size:  3
Vacancy Formation Energy (Cell Structure Relaxation): -15.0147378117 Size:  3
Vacancy Formation Energy (Cell Structure Relaxation): -15.0147380213 Size:  3
Vacancy Formation Energy (Cell Structure Relaxation): -15.014737802 Size:  3
Vacancy Formation Energy (Cell Structure Relaxation): -15.0147376707 Size:  3
Vacancy Formation Energy (Cell Structure Relaxation): -15.0147381228 Size:  3
Vacancy Formation Energy (Cell Structure Relaxation): -15.0147383344 Size:  3
Vacancy Formation Energy (Cell Structure Relaxation): -15.0147378605 Size:  3
Vacancy Formation Energy (Cell Structure Relaxation): -15.0147384195 Size:  3
Vacancy Formation Energy (Cell Structure Relaxation): -15.0147385664 Size:  3
Vacancy Formation Energy (Cell Structure Relaxation): -15.0147389616 Size:  3
Vacancy Formation Energy (Cell Structure Relaxation): -15.0147396362 Size:  3
Vacancy Formation Energy (Cell Structure Relaxation): -15.0147387315 Size:  3
Vacancy Formation Energy (Cell Structure Relaxation): -15.0147388671 Size:  3
Vacancy Formation Energy (Cell Structure Relaxation): -15.0147394998 Size:  3
Vacancy Formation Energy (Cell Structure Relaxation): -15.0147400496 Size:  3
Vacancy Formation Energy (Cell Structure Relaxation): -15.0147406977 Size:  3
Vacancy Formation Energy (Cell Structure Relaxation): -15.0147401817 Size:  3
Vacancy Formation Energy (Cell Structure Relaxation): -15.0147406151 Size:  3
Vacancy Formation Energy (Cell Structure Relaxation): -15.014741319 Size:  3
Vacancy Formation Energy (Cell Structure Relaxation): -15.0147421431 Size:  3
Vacancy Formation Energy (Cell Structure Relaxation): -15.0147425467 Size:  3
Vacancy Formation Energy (Cell Structure Relaxation): -15.0147440969 Size:  3
Vacancy Formation Energy (Cell Structure Relaxation): -15.0147427731 Size:  3
Vacancy Formation Energy (Cell Structure Relaxation): -15.0147436625 Size:  3
Vacancy Formation Energy (Cell Structure Relaxation): -15.0147444345 Size:  3
Vacancy Formation Energy (Cell Structure Relaxation): -15.0147454591 Size:  3
Vacancy Formation Energy (Cell Structure Relaxation): -15.0147462257 Size:  3
Vacancy Formation Energy (Cell Structure Relaxation): -15.0147483168 Size:  3
Vacancy Formation Energy (Cell Structure Relaxation): -15.0147491607 Size:  3
Vacancy Formation Energy (Cell Structure Relaxation): -15.0147530373 Size:  3
Vacancy Formation Energy (Cell Structure Relaxation): -15.0147490853 Size:  3
Vacancy Formation Energy (Cell Structure Relaxation): -15.0147530511 Size:  3
Vacancy Formation Energy (Cell Structure Relaxation): -15.0147580046 Size:  3
Vacancy Formation Energy (Cell Structure Relaxation): -15.0147541299 Size:  3
Vacancy Formation Energy (Cell Structure Relaxation): -15.014757851 Size:  3
Vacancy Formation Energy (Cell Structure Relaxation): -15.0147612084 Size:  3
Vacancy Formation Energy (Cell Structure Relaxation): -15.0147669738 Size:  3
Vacancy Formation Energy (Cell Structure Relaxation): -15.0147651846 Size:  3
Vacancy Formation Energy (Cell Structure Relaxation): -15.0147693358 Size:  3
Vacancy Formation Energy (Cell Structure Relaxation): -15.0147767818 Size:  3
Vacancy Formation Energy (Cell Structure Relaxation): -15.0147736449 Size:  3
Vacancy Formation Energy (Cell Structure Relaxation): -15.0147796481 Size:  3
Vacancy Formation Energy (Cell Structure Relaxation): -15.0147899526 Size:  3
Vacancy Formation Energy (Cell Structure Relaxation): -15.0147871495 Size:  3
Vacancy Formation Energy (Cell Structure Relaxation): -15.014790294 Size:  3
Vacancy Formation Energy (Cell Structure Relaxation): -15.0147953248 Size:  3
Vacancy Formation Energy (Cell Structure Relaxation): -15.0147921126 Size:  3
Vacancy Formation Energy (Cell Structure Relaxation): -15.0148081878 Size:  3
Vacancy Formation Energy (Cell Structure Relaxation): -15.014824587 Size:  3
Vacancy Formation Energy (Cell Structure Relaxation): -15.014804037 Size:  3
Vacancy Formation Energy (Cell Structure Relaxation): -15.0148188572 Size:  3
Vacancy Formation Energy (Cell Structure Relaxation): -15.0148061308 Size:  3
Vacancy Formation Energy (Cell Structure Relaxation): -15.0147996044 Size:  3
Vacancy Formation Energy (Cell Structure Relaxation): -15.0148210872 Size:  3
Vacancy Formation Energy (Cell Structure Relaxation): -15.0148281795 Size:  3
Vacancy Formation Energy (Cell Structure Relaxation): -15.0148325559 Size:  3
Vacancy Formation Energy (Cell Structure Relaxation): -15.0148369919 Size:  3
Vacancy Formation Energy (Cell Structure Relaxation): -15.0148418843 Size:  3
Vacancy Formation Energy (Cell Structure Relaxation): -15.0148537942 Size:  3
Vacancy Formation Energy (Cell Structure Relaxation): -15.0148710065 Size:  3
Vacancy Formation Energy (Cell Structure Relaxation): -15.0148793469 Size:  3
Vacancy Formation Energy (Cell Structure Relaxation): -15.0149133182 Size:  3
Vacancy Formation Energy (Cell Structure Relaxation): -15.0148972164 Size:  3
Vacancy Formation Energy (Cell Structure Relaxation): -15.0149175827 Size:  3
Vacancy Formation Energy (Cell Structure Relaxation): -15.0149573868 Size:  3
Vacancy Formation Energy (Cell Structure Relaxation): -15.0149551856 Size:  3
Vacancy Formation Energy (Cell Structure Relaxation): -15.0149444156 Size:  3
Vacancy Formation Energy (Cell Structure Relaxation): -15.0149960519 Size:  3
Vacancy Formation Energy (Cell Structure Relaxation): -15.01503519 Size:  3
Vacancy Formation Energy (Cell Structure Relaxation): -15.0150475228 Size:  3
Vacancy Formation Energy (Cell Structure Relaxation): -15.0151175705 Size:  3
Vacancy Formation Energy (Cell Structure Relaxation): -15.0150985281 Size:  3
Vacancy Formation Energy (Cell Structure Relaxation): -15.0151549544 Size:  3
Vacancy Formation Energy (Cell Structure Relaxation): -15.0152698316 Size:  3
Vacancy Formation Energy (Cell Structure Relaxation): -15.0152036008 Size:  3
Vacancy Formation Energy (Cell Structure Relaxation): -15.0152755489 Size:  3
Vacancy Formation Energy (Cell Structure Relaxation): -15.015389761 Size:  3
Vacancy Formation Energy (Cell Structure Relaxation): -15.0154376255 Size:  3
Vacancy Formation Energy (Cell Structure Relaxation): -15.0156409578 Size:  3
Vacancy Formation Energy (Cell Structure Relaxation): -15.0154711315 Size:  3
Vacancy Formation Energy (Cell Structure Relaxation): -15.0156481317 Size:  3
Vacancy Formation Energy (Cell Structure Relaxation): -15.0159058759 Size:  3
Vacancy Formation Energy (Cell Structure Relaxation): -15.0158533239 Size:  3
Vacancy Formation Energy (Cell Structure Relaxation): -15.0158883113 Size:  3
Vacancy Formation Energy (Cell Structure Relaxation): -15.0160777178 Size:  3
Vacancy Formation Energy (Cell Structure Relaxation): -15.016347225 Size:  3
Vacancy Formation Energy (Cell Structure Relaxation): -15.0163837142 Size:  3
Vacancy Formation Energy (Cell Structure Relaxation): -15.0168359054 Size:  3
Vacancy Formation Energy (Cell Structure Relaxation): -15.0165099456 Size:  3
Vacancy Formation Energy (Cell Structure Relaxation): -15.0167879879 Size:  3
Vacancy Formation Energy (Cell Structure Relaxation): -15.0168531922 Size:  3
Vacancy Formation Energy (Cell Structure Relaxation): -15.0171301157 Size:  3
Vacancy Formation Energy (Cell Structure Relaxation): -15.0172496205 Size:  3
Vacancy Formation Energy (Cell Structure Relaxation): -15.0176463102 Size:  3
Vacancy Formation Energy (Cell Structure Relaxation): -15.017501524 Size:  3
Vacancy Formation Energy (Cell Structure Relaxation): -15.0178438828 Size:  3
Vacancy Formation Energy (Cell Structure Relaxation): -15.018317351 Size:  3
Vacancy Formation Energy (Cell Structure Relaxation): -15.0182617497 Size:  3
Vacancy Formation Energy (Cell Structure Relaxation): -15.0182101977 Size:  3
Vacancy Formation Energy (Cell Structure Relaxation): -15.0178417658 Size:  3
Vacancy Formation Energy (Cell Structure Relaxation): -15.0183600834 Size:  3
Vacancy Formation Energy (Cell Structure Relaxation): -15.018650966 Size:  3
Vacancy Formation Energy (Cell Structure Relaxation): -15.0192568734 Size:  3
Vacancy Formation Energy (Cell Structure Relaxation): -15.0192981154 Size:  3
Vacancy Formation Energy (Cell Structure Relaxation): -15.0194900519 Size:  3
Vacancy Formation Energy (Cell Structure Relaxation): -15.020057012 Size:  3
Vacancy Formation Energy (Cell Structure Relaxation): -15.020838786 Size:  3
Vacancy Formation Energy (Cell Structure Relaxation): -15.0210869175 Size:  3
Vacancy Formation Energy (Cell Structure Relaxation): -15.0210205526 Size:  3
Vacancy Formation Energy (Cell Structure Relaxation): -15.0191825786 Size:  3
Vacancy Formation Energy (Cell Structure Relaxation): -15.0190584124 Size:  3
Vacancy Formation Energy (Cell Structure Relaxation): -15.0211836764 Size:  3
Vacancy Formation Energy (Cell Structure Relaxation): -15.0209309043 Size:  3
Vacancy Formation Energy (Cell Structure Relaxation): -15.0205169342 Size:  3
Vacancy Formation Energy (Cell Structure Relaxation): -15.0208950514 Size:  3
Vacancy Formation Energy (Cell Structure Relaxation): -15.0226736557 Size:  3
Vacancy Formation Energy (Cell Structure Relaxation): -15.0231560017 Size:  3
Vacancy Formation Energy (Cell Structure Relaxation): -15.0216452244 Size:  3
Vacancy Formation Energy (Cell Structure Relaxation): -15.0230921144 Size:  3
Vacancy Formation Energy (Cell Structure Relaxation): -15.0206187438 Size:  3
Vacancy Formation Energy (Cell Structure Relaxation): -15.0222416337 Size:  3
Vacancy Formation Energy (Cell Structure Relaxation): -15.0234182097 Size:  3
Vacancy Formation Energy (Cell Structure Relaxation): -15.0237683745 Size:  3
Vacancy Formation Energy (Cell Structure Relaxation): -15.0241986321 Size:  3
Vacancy Formation Energy (Cell Structure Relaxation): -15.0245264572 Size:  3
Vacancy Formation Energy (Cell Structure Relaxation): -15.023266371 Size:  3
Vacancy Formation Energy (Cell Structure Relaxation): -15.0242476501 Size:  3
Vacancy Formation Energy (Cell Structure Relaxation): -15.0241800177 Size:  3
Vacancy Formation Energy (Cell Structure Relaxation): -15.0249958963 Size:  3
Vacancy Formation Energy (Cell Structure Relaxation): -15.0253910556 Size:  3
Vacancy Formation Energy (Cell Structure Relaxation): -15.0272709738 Size:  3
Vacancy Formation Energy (Cell Structure Relaxation): -15.027785443 Size:  3
Vacancy Formation Energy (Cell Structure Relaxation): -15.0257129439 Size:  3
Vacancy Formation Energy (Cell Structure Relaxation): -15.0258241012 Size:  3
Vacancy Formation Energy (Cell Structure Relaxation): -15.0277853629 Size:  3
Vacancy Formation Energy (Cell Structure Relaxation): -15.0265372111 Size:  3
Vacancy Formation Energy (Cell Structure Relaxation): -15.0255777393 Size:  3
Vacancy Formation Energy (Cell Structure Relaxation): -15.0246792113 Size:  3
Vacancy Formation Energy (Cell Structure Relaxation): -15.027376175 Size:  3
Vacancy Formation Energy (Cell Structure Relaxation): -15.026075144 Size:  3
Vacancy Formation Energy (Cell Structure Relaxation): -15.0280905942 Size:  3
Vacancy Formation Energy (Cell Structure Relaxation): -15.0272473139 Size:  3
Vacancy Formation Energy (Cell Structure Relaxation): -15.0275109754 Size:  3
Vacancy Formation Energy (Cell Structure Relaxation): -15.0268488712 Size:  3
Vacancy Formation Energy (Cell Structure Relaxation): -15.0271186729 Size:  3
Vacancy Formation Energy (Cell Structure Relaxation): -15.0253941241 Size:  3
Vacancy Formation Energy (Cell Structure Relaxation): -15.0288350193 Size:  3
Vacancy Formation Energy (Cell Structure Relaxation): -15.0287496022 Size:  3
Vacancy Formation Energy (Cell Structure Relaxation): -15.0304264583 Size:  3
Vacancy Formation Energy (Cell Structure Relaxation): -15.0311319649 Size:  3
Vacancy Formation Energy (Cell Structure Relaxation): -15.0290869219 Size:  3
Vacancy Formation Energy (Cell Structure Relaxation): -15.0287077058 Size:  3
Vacancy Formation Energy (Cell Structure Relaxation): -15.0292954539 Size:  3
Vacancy Formation Energy (Cell Structure Relaxation): -15.0287164466 Size:  3
Vacancy Formation Energy (Cell Structure Relaxation): -15.0293382474 Size:  3
Vacancy Formation Energy (Cell Structure Relaxation): -15.0290509628 Size:  3
Vacancy Formation Energy (Cell Structure Relaxation): -15.030477202 Size:  3
Vacancy Formation Energy (Cell Structure Relaxation): -15.0303948726 Size:  3
Vacancy Formation Energy (Cell Structure Relaxation): -15.0301816062 Size:  3
Vacancy Formation Energy (Cell Structure Relaxation): -15.0317352556 Size:  3
Vacancy Formation Energy (Cell Structure Relaxation): -15.0320859107 Size:  3
Vacancy Formation Energy (Cell Structure Relaxation): -15.032807138 Size:  3
Vacancy Formation Energy (Cell Structure Relaxation): -15.0336848505 Size:  3
Vacancy Formation Energy (Cell Structure Relaxation): -15.0332986775 Size:  3
Vacancy Formation Energy (Cell Structure Relaxation): -15.0319219787 Size:  3
Vacancy Formation Energy (Cell Structure Relaxation): -15.0306646824 Size:  3
Vacancy Formation Energy (Cell Structure Relaxation): -15.0334293951 Size:  3
Vacancy Formation Energy (Cell Structure Relaxation): -15.032633142 Size:  3
Vacancy Formation Energy (Cell Structure Relaxation): -15.0356126186 Size:  3
Vacancy Formation Energy (Cell Structure Relaxation): -15.0367527303 Size:  3
Vacancy Formation Energy (Cell Structure Relaxation): -15.0353676769 Size:  3
Vacancy Formation Energy (Cell Structure Relaxation): -15.0357769168 Size:  3
Vacancy Formation Energy (Cell Structure Relaxation): -15.036273427 Size:  3
Vacancy Formation Energy (Cell Structure Relaxation): -15.0368865055 Size:  3
Vacancy Formation Energy (Cell Structure Relaxation): -15.0359547427 Size:  3
Vacancy Formation Energy (Cell Structure Relaxation): -15.037166691 Size:  3
Vacancy Formation Energy (Cell Structure Relaxation): -15.0353391644 Size:  3
Vacancy Formation Energy (Cell Structure Relaxation): -15.0400692446 Size:  3
Vacancy Formation Energy (Cell Structure Relaxation): -15.0415374135 Size:  3
Vacancy Formation Energy (Cell Structure Relaxation): -15.0378864972 Size:  3
Vacancy Formation Energy (Cell Structure Relaxation): -15.039497322 Size:  3
Vacancy Formation Energy (Cell Structure Relaxation): -15.038832221 Size:  3
Vacancy Formation Energy (Cell Structure Relaxation): -15.0405209377 Size:  3
Vacancy Formation Energy (Cell Structure Relaxation): -15.0417539652 Size:  3
Vacancy Formation Energy (Cell Structure Relaxation): -15.0418168147 Size:  3
Vacancy Formation Energy (Cell Structure Relaxation): -15.0397009006 Size:  3
Vacancy Formation Energy (Cell Structure Relaxation): -15.0448318867 Size:  3
Vacancy Formation Energy (Cell Structure Relaxation): -15.0459370294 Size:  3
Vacancy Formation Energy (Cell Structure Relaxation): -15.0447556258 Size:  3
Vacancy Formation Energy (Cell Structure Relaxation): -15.0457362496 Size:  3
Vacancy Formation Energy (Cell Structure Relaxation): -15.047231558 Size:  3
Vacancy Formation Energy (Cell Structure Relaxation): -15.04570135 Size:  3
Vacancy Formation Energy (Cell Structure Relaxation): -15.0461515826 Size:  3
Vacancy Formation Energy (Cell Structure Relaxation): -15.0438803489 Size:  3
Vacancy Formation Energy (Cell Structure Relaxation): -15.0490363934 Size:  3
Vacancy Formation Energy (Cell Structure Relaxation): -15.0508198537 Size:  3
Vacancy Formation Energy (Cell Structure Relaxation): -15.0492590468 Size:  3
Vacancy Formation Energy (Cell Structure Relaxation): -15.0527518366 Size:  3
Vacancy Formation Energy (Cell Structure Relaxation): -15.0506553301 Size:  3
Vacancy Formation Energy (Cell Structure Relaxation): -15.0527961669 Size:  3
Vacancy Formation Energy (Cell Structure Relaxation): -15.0517174008 Size:  3
Vacancy Formation Energy (Cell Structure Relaxation): -15.056865713 Size:  3
Vacancy Formation Energy (Cell Structure Relaxation): -15.0571243922 Size:  3
Vacancy Formation Energy (Cell Structure Relaxation): -15.0566286226 Size:  3
Vacancy Formation Energy (Cell Structure Relaxation): -15.060824076 Size:  3
Vacancy Formation Energy (Cell Structure Relaxation): -15.0675749021 Size:  3
Vacancy Formation Energy (Cell Structure Relaxation): -15.0719679336 Size:  3
Vacancy Formation Energy (Cell Structure Relaxation): -15.0668089809 Size:  3
Vacancy Formation Energy (Cell Structure Relaxation): -15.06583991 Size:  3
Vacancy Formation Energy (Cell Structure Relaxation): -15.0635990447 Size:  3
Vacancy Formation Energy (Cell Structure Relaxation): -15.061454448 Size:  3
Vacancy Formation Energy (Cell Structure Relaxation): -15.0617910404 Size:  3
Vacancy Formation Energy (Cell Structure Relaxation): -15.0553013804 Size:  3
Vacancy Formation Energy (Cell Structure Relaxation): -15.0714688776 Size:  3
Vacancy Formation Energy (Cell Structure Relaxation): -15.074698725 Size:  3
Vacancy Formation Energy (Cell Structure Relaxation): -15.0676238502 Size:  3
Vacancy Formation Energy (Cell Structure Relaxation): -15.0626135041 Size:  3
Vacancy Formation Energy (Cell Structure Relaxation): -15.0721282791 Size:  3
Vacancy Formation Energy (Cell Structure Relaxation): -15.0733097597 Size:  3
Vacancy Formation Energy (Cell Structure Relaxation): -15.0766410015 Size:  3
Vacancy Formation Energy (Cell Structure Relaxation): -15.069489302 Size:  3
Vacancy Formation Energy (Cell Structure Relaxation): -15.0712268095 Size:  3
Vacancy Formation Energy (Cell Structure Relaxation): -15.0761185266 Size:  3
Vacancy Formation Energy (Cell Structure Relaxation): -15.0750262209 Size:  3
Vacancy Formation Energy (Cell Structure Relaxation): -15.0693748128 Size:  3
Vacancy Formation Energy (Cell Structure Relaxation): -15.0776791616 Size:  3
Vacancy Formation Energy (Cell Structure Relaxation): -15.075418394 Size:  3
Vacancy Formation Energy (Cell Structure Relaxation): -15.076463823 Size:  3
Vacancy Formation Energy (Cell Structure Relaxation): -15.0756636441 Size:  3
Vacancy Formation Energy (Cell Structure Relaxation): -15.0762535759 Size:  3
Vacancy Formation Energy (Cell Structure Relaxation): -15.0762948175 Size:  3
Vacancy Formation Energy (Cell Structure Relaxation): -15.0716743295 Size:  3
Vacancy Formation Energy (Cell Structure Relaxation): -15.0786098166 Size:  3
Vacancy Formation Energy (Cell Structure Relaxation): -15.0727411782 Size:  3
Vacancy Formation Energy (Cell Structure Relaxation): -15.0781139439 Size:  3
Vacancy Formation Energy (Cell Structure Relaxation): -15.0774073762 Size:  3
Vacancy Formation Energy (Cell Structure Relaxation): -15.0754486507 Size:  3
Vacancy Formation Energy (Cell Structure Relaxation): -15.0789595928 Size:  3
Vacancy Formation Energy (Cell Structure Relaxation): -15.0758298783 Size:  3
Vacancy Formation Energy (Cell Structure Relaxation): -15.0790929983 Size:  3
Vacancy Formation Energy (Cell Structure Relaxation): -15.0768930541 Size:  3
Vacancy Formation Energy (Cell Structure Relaxation): -15.0786012401 Size:  3
Vacancy Formation Energy (Cell Structure Relaxation): -15.0792291429 Size:  3
Vacancy Formation Energy (Cell Structure Relaxation): -15.0774426477 Size:  3
Vacancy Formation Energy (Cell Structure Relaxation): -15.0790470218 Size:  3
Vacancy Formation Energy (Cell Structure Relaxation): -15.0786112522 Size:  3
Vacancy Formation Energy (Cell Structure Relaxation): -15.0765282512 Size:  3
Vacancy Formation Energy (Cell Structure Relaxation): -15.0794325614 Size:  3
Vacancy Formation Energy (Cell Structure Relaxation): -15.0784125155 Size:  3
Vacancy Formation Energy (Cell Structure Relaxation): -15.0792815632 Size:  3
Vacancy Formation Energy (Cell Structure Relaxation): -15.0791381727 Size:  3
Vacancy Formation Energy (Cell Structure Relaxation): -15.0783762839 Size:  3
Vacancy Formation Energy (Cell Structure Relaxation): -15.0794951304 Size:  3
Vacancy Formation Energy (Cell Structure Relaxation): -15.0792900554 Size:  3
Vacancy Formation Energy (Cell Structure Relaxation): -15.0792039388 Size:  3
Vacancy Formation Energy (Cell Structure Relaxation): -15.0792008861 Size:  3
Vacancy Formation Energy (Cell Structure Relaxation): -15.0794706601 Size:  3
Vacancy Formation Energy (Cell Structure Relaxation): -15.0789867206 Size:  3
Vacancy Formation Energy (Cell Structure Relaxation): -15.0794862903 Size:  3
Vacancy Formation Energy (Cell Structure Relaxation): -15.0791520511 Size:  3
Vacancy Formation Energy (Cell Structure Relaxation): -15.0794804946 Size:  3
Vacancy Formation Energy (Cell Structure Relaxation): -15.0788918941 Size:  3
Vacancy Formation Energy (Cell Structure Relaxation): -15.0795191911 Size:  3
Vacancy Formation Energy (Cell Structure Relaxation): -15.0793555847 Size:  3
Vacancy Formation Energy (Cell Structure Relaxation): -15.0795130478 Size:  3
Vacancy Formation Energy (Cell Structure Relaxation): -15.0793700862 Size:  3
Vacancy Formation Energy (Cell Structure Relaxation): -15.0795318412 Size:  3
Vacancy Formation Energy (Cell Structure Relaxation): -15.0795131516 Size:  3
Vacancy Formation Energy (Cell Structure Relaxation): -15.0794630456 Size:  3
Vacancy Formation Energy (Cell Structure Relaxation): -15.0795442804 Size:  3
Vacancy Formation Energy (Cell Structure Relaxation): -15.0793876356 Size:  3
Vacancy Formation Energy (Cell Structure Relaxation): -15.079552585 Size:  3
Vacancy Formation Energy (Cell Structure Relaxation): -15.0794116777 Size:  3
Vacancy Formation Energy (Cell Structure Relaxation): -15.0795521861 Size:  3
Vacancy Formation Energy (Cell Structure Relaxation): -15.0794848665 Size:  3
Vacancy Formation Energy (Cell Structure Relaxation): -15.0795509798 Size:  3
Vacancy Formation Energy (Cell Structure Relaxation): -15.0794942541 Size:  3
Vacancy Formation Energy (Cell Structure Relaxation): -15.0795502165 Size:  3
Vacancy Formation Energy (Cell Structure Relaxation): -15.079519143 Size:  3
Vacancy Formation Energy (Cell Structure Relaxation): -15.079550292 Size:  3
Vacancy Formation Energy (Cell Structure Relaxation): -15.0795540704 Size:  3
Vacancy Formation Energy (Cell Structure Relaxation): -15.0795067713 Size:  3
Vacancy Formation Energy (Cell Structure Relaxation): -15.0795523387 Size:  3
Vacancy Formation Energy (Cell Structure Relaxation): -15.0795623477 Size:  3
Vacancy Formation Energy (Cell Structure Relaxation): -15.0795397608 Size:  3
Vacancy Formation Energy (Cell Structure Relaxation): -15.0795598944 Size:  3
Vacancy Formation Energy (Cell Structure Relaxation): -15.0795422212 Size:  3
Vacancy Formation Energy (Cell Structure Relaxation): -15.0795646009 Size:  3
Vacancy Formation Energy (Cell Structure Relaxation): -15.0795618006 Size:  3
Vacancy Formation Energy (Cell Structure Relaxation): -15.0795400036 Size:  3
Vacancy Formation Energy (Cell Structure Relaxation): -15.0795662586 Size:  3
Vacancy Formation Energy (Cell Structure Relaxation): -15.0795272175 Size:  3
Vacancy Formation Energy (Cell Structure Relaxation): -15.0795672652 Size:  3
Vacancy Formation Energy (Cell Structure Relaxation): -15.0795589567 Size:  3
Vacancy Formation Energy (Cell Structure Relaxation): -15.0795673257 Size:  3
Vacancy Formation Energy (Cell Structure Relaxation): -15.07954652 Size:  3
Vacancy Formation Energy (Cell Structure Relaxation): -15.0795682254 Size:  3
Vacancy Formation Energy (Cell Structure Relaxation): -15.079560667 Size:  3
Vacancy Formation Energy (Cell Structure Relaxation): -15.0795675312 Size:  3
Vacancy Formation Energy (Cell Structure Relaxation): -15.0795606923 Size:  3
Vacancy Formation Energy (Cell Structure Relaxation): -15.0795677633 Size:  3
Vacancy Formation Energy (Cell Structure Relaxation): -15.0795648842 Size:  3
Vacancy Formation Energy (Cell Structure Relaxation): -15.0795683276 Size:  3
Vacancy Formation Energy (Cell Structure Relaxation): -15.0795630627 Size:  3
Vacancy Formation Energy (Cell Structure Relaxation): -15.0795689243 Size:  3
Vacancy Formation Energy (Cell Structure Relaxation): -15.0795675521 Size:  3
Vacancy Formation Energy (Cell Structure Relaxation): -15.0795665236 Size:  3
Vacancy Formation Energy (Cell Structure Relaxation): -15.0795689857 Size:  3
Vacancy Formation Energy (Cell Structure Relaxation): -15.0795679879 Size:  3
Vacancy Formation Energy (Cell Structure Relaxation): -15.0795669619 Size:  3
Vacancy Formation Energy (Cell Structure Relaxation): -15.0795690792 Size:  3
Vacancy Formation Energy (Cell Structure Relaxation): -15.0795648528 Size:  3
Vacancy Formation Energy (Cell Structure Relaxation): -15.07956932 Size:  3
Vacancy Formation Energy (Cell Structure Relaxation): -15.0795682424 Size:  3
Vacancy Formation Energy (Cell Structure Relaxation): -15.0795660984 Size:  3
Vacancy Formation Energy (Cell Structure Relaxation): -15.0795693512 Size:  3
Vacancy Formation Energy (Cell Structure Relaxation): -15.0795684573 Size:  3
Vacancy Formation Energy (Cell Structure Relaxation): -15.0795683072 Size:  3
Vacancy Formation Energy (Cell Structure Relaxation): -15.0795692017 Size:  3
Vacancy Formation Energy (Cell Structure Relaxation): -15.0795683315 Size:  3
Vacancy Formation Energy (Cell Structure Relaxation): -15.0795692535 Size:  3
Vacancy Formation Energy (Cell Structure Relaxation): -15.0795687251 Size:  3
Vacancy Formation Energy (Cell Structure Relaxation): -15.0795693782 Size:  3
Vacancy Formation Energy (Cell Structure Relaxation): -15.0795686838 Size:  3
Vacancy Formation Energy (Cell Structure Relaxation): -15.079569403 Size:  3
Vacancy Formation Energy (Cell Structure Relaxation): -15.0795690474 Size:  3
Vacancy Formation Energy (Cell Structure Relaxation): -15.0795694033 Size:  3
Vacancy Formation Energy (Cell Structure Relaxation): -15.0795692291 Size:  3
Vacancy Formation Energy (Cell Structure Relaxation): -15.0795694454 Size:  3
Vacancy Formation Energy (Cell Structure Relaxation): -15.0795692941 Size:  3
Vacancy Formation Energy (Cell Structure Relaxation): -15.0795694688 Size:  3
Vacancy Formation Energy (Cell Structure Relaxation): -15.0795691057 Size:  3
Vacancy Formation Energy (Cell Structure Relaxation): -15.0795694902 Size:  3
Vacancy Formation Energy (Cell Structure Relaxation): -15.0795691805 Size:  3
Vacancy Formation Energy (Cell Structure Relaxation): -15.0795694918 Size:  3
Vacancy Formation Energy (Cell Structure Relaxation): -15.0795692755 Size:  3
Vacancy Formation Energy (Cell Structure Relaxation): -15.079569491 Size:  3
Vacancy Formation Energy (Cell Structure Relaxation): -15.0795692268 Size:  3
Vacancy Formation Energy (Cell Structure Relaxation): -15.0795695019 Size:  3
Vacancy Formation Energy (Cell Structure Relaxation): -15.0795695205 Size:  3
Vacancy Formation Energy (Cell Structure Relaxation): -15.0795694036 Size:  3
Vacancy Formation Energy (Cell Structure Relaxation): -15.0795694923 Size:  3
Vacancy Formation Energy (Cell Structure Relaxation): -15.0795695059 Size:  3
Vacancy Formation Energy (Cell Structure Relaxation): -15.0795694188 Size:  3
Vacancy Formation Energy (Cell Structure Relaxation): -15.0795695336 Size:  3
Vacancy Formation Energy (Cell Structure Relaxation): -15.0795695056 Size:  3
Vacancy Formation Energy (Cell Structure Relaxation): -15.0795694566 Size:  3
Vacancy Formation Energy (Cell Structure Relaxation): -15.0795695317 Size:  3
Vacancy Formation Energy (Cell Structure Relaxation): -15.0795694858 Size:  3
Vacancy Formation Energy (Cell Structure Relaxation): -15.0795695294 Size:  3
Vacancy Formation Energy (Cell Structure Relaxation): -15.079569523 Size:  3
Vacancy Formation Energy (Cell Structure Relaxation): -15.0795695208 Size:  3
Vacancy Formation Energy (Cell Structure Relaxation): -15.0795695068 Size:  3
Vacancy Formation Energy (Cell Structure Relaxation): -15.0795695369 Size:  3
Vacancy Formation Energy (Cell Structure Relaxation): -15.079569526 Size:  3
Vacancy Formation Energy (Cell Structure Relaxation): -15.0795694912 Size:  3
Vacancy Formation Energy (Cell Structure Relaxation): -15.0795695434 Size:  3
Vacancy Formation Energy (Cell Structure Relaxation): -15.0795694707 Size:  3
Vacancy Formation Energy (Cell Structure Relaxation): -15.0795695454 Size:  3
Vacancy Formation Energy (Cell Structure Relaxation): -15.0795695253 Size:  3
Vacancy Formation Energy (Cell Structure Relaxation): -15.0795695412 Size:  3
Vacancy Formation Energy (Cell Structure Relaxation): -15.0795695127 Size:  3
Vacancy Formation Energy (Cell Structure Relaxation): -15.0795695435 Size:  3
Vacancy Formation Energy (Cell Structure Relaxation): -15.0795695407 Size:  3
Vacancy Formation Energy (Cell Structure Relaxation): -15.0795695547 Size:  3
Vacancy Formation Energy (Cell Structure Relaxation): -15.0795695515 Size:  3
Vacancy Formation Energy (Cell Structure Relaxation): -15.0795695446 Size:  3
Vacancy Formation Energy (Cell Structure Relaxation): -15.0795695203 Size:  3
Vacancy Formation Energy (Cell Structure Relaxation): -15.0795695504 Size:  3
Vacancy Formation Energy (Cell Structure Relaxation): -15.0795695468 Size:  3
Vacancy Formation Energy (Cell Structure Relaxation): -15.0795695465 Size:  3
Vacancy Formation Energy (Cell Structure Relaxation): -15.0795695477 Size:  3
Vacancy Formation Energy (Cell Structure Relaxation): -15.0795695315 Size:  3
Vacancy Formation Energy (Cell Structure Relaxation): -15.0795695518 Size:  3
Vacancy Formation Energy (Cell Structure Relaxation): -15.0795695531 Size:  3
Vacancy Formation Energy (Cell Structure Relaxation): -15.0795695452 Size:  3
Vacancy Formation Energy (Cell Structure Relaxation): -15.079569552 Size:  3
Vacancy Formation Energy (Cell Structure Relaxation): -15.0795695575 Size:  3
Vacancy Formation Energy (Cell Structure Relaxation): -15.0795695562 Size:  3
Vacancy Formation Energy (Cell Structure Relaxation): -15.0795695456 Size:  3
Vacancy Formation Energy (Cell Structure Relaxation): -15.0795695535 Size:  3
Vacancy Formation Energy (Cell Structure Relaxation): -15.0795695489 Size:  3
Vacancy Formation Energy (Cell Structure Relaxation): -15.0795695541 Size:  3
Vacancy Formation Energy (Cell Structure Relaxation): -15.0795695557 Size:  3
Vacancy Formation Energy (Cell Structure Relaxation): -15.0795695583 Size:  3
Vacancy Formation Energy (Cell Structure Relaxation): -15.0795695583 Size:  3
Vacancy Formation Energy (Cell Structure Relaxation): -15.079569553 Size:  3
Vacancy Formation Energy (Cell Structure Relaxation): -15.0795695558 Size:  3
Vacancy Formation Energy (Cell Structure Relaxation): -15.0795695571 Size:  3
Vacancy Formation Energy (Cell Structure Relaxation): -15.0795695604 Size:  3
Vacancy Formation Energy (Cell Structure Relaxation): -15.0795695624 Size:  3
Vacancy Formation Energy (Cell Structure Relaxation): -15.0795695626 Size:  3
Vacancy Formation Energy (Cell Structure Relaxation): -15.0795695651 Size:  3
Vacancy Formation Energy (Cell Structure Relaxation): -15.0795695611 Size:  3
Vacancy Formation Energy (Cell Structure Relaxation): -15.079569566 Size:  3
Vacancy Formation Energy (Cell Structure Relaxation): -15.0795695688 Size:  3
Vacancy Formation Energy (Cell Structure Relaxation): -15.079569569 Size:  3
Vacancy Formation Energy (Cell Structure Relaxation): -15.0795695722 Size:  3
Vacancy Formation Energy (Cell Structure Relaxation): -15.0795695721 Size:  3
Vacancy Formation Energy (Cell Structure Relaxation): -15.0795695761 Size:  3
Vacancy Formation Energy (Cell Structure Relaxation): -15.0795695796 Size:  3
Vacancy Formation Energy (Cell Structure Relaxation): -15.0795695834 Size:  3
Vacancy Formation Energy (Cell Structure Relaxation): -15.0795695922 Size:  3
Vacancy Formation Energy (Cell Structure Relaxation): -15.0795695907 Size:  3
Vacancy Formation Energy (Cell Structure Relaxation): -15.0795695918 Size:  3
Vacancy Formation Energy (Cell Structure Relaxation): -15.0795695937 Size:  3
Vacancy Formation Energy (Cell Structure Relaxation): -15.0795695924 Size:  3
Vacancy Formation Energy (Cell Structure Relaxation): -15.079569598 Size:  3
Vacancy Formation Energy (Cell Structure Relaxation): -15.0795695977 Size:  3
Vacancy Formation Energy (Cell Structure Relaxation): -15.0795696061 Size:  3
Vacancy Formation Energy (Cell Structure Relaxation): -15.0795696094 Size:  3
Vacancy Formation Energy (Cell Structure Relaxation): -15.0795696215 Size:  3
Vacancy Formation Energy (Cell Structure Relaxation): -15.0795696405 Size:  3
Vacancy Formation Energy (Cell Structure Relaxation): -15.0795696171 Size:  3
Vacancy Formation Energy (Cell Structure Relaxation): -15.0795696209 Size:  3
Vacancy Formation Energy (Cell Structure Relaxation): -15.0795696301 Size:  3
Vacancy Formation Energy (Cell Structure Relaxation): -15.0795696421 Size:  3
Vacancy Formation Energy (Cell Structure Relaxation): -15.0795696478 Size:  3
Vacancy Formation Energy (Cell Structure Relaxation): -15.0795696548 Size:  3
Vacancy Formation Energy (Cell Structure Relaxation): -15.0795696583 Size:  3
Vacancy Formation Energy (Cell Structure Relaxation): -15.0795696666 Size:  3
Vacancy Formation Energy (Cell Structure Relaxation): -15.07956967 Size:  3
Vacancy Formation Energy (Cell Structure Relaxation): -15.0795696872 Size:  3
Vacancy Formation Energy (Cell Structure Relaxation): -15.0795697016 Size:  3
Vacancy Formation Energy (Cell Structure Relaxation): -15.0795697174 Size:  3
Vacancy Formation Energy (Cell Structure Relaxation): -15.0795697464 Size:  3
Vacancy Formation Energy (Cell Structure Relaxation): -15.079569731 Size:  3
Vacancy Formation Energy (Cell Structure Relaxation): -15.0795696505 Size:  3
Vacancy Formation Energy (Cell Structure Relaxation): -15.079569718 Size:  3
Vacancy Formation Energy (Cell Structure Relaxation): -15.0795696964 Size:  3
Vacancy Formation Energy (Cell Structure Relaxation): -15.0795697758 Size:  3
Vacancy Formation Energy (Cell Structure Relaxation): -15.0795697963 Size:  3
Vacancy Formation Energy (Cell Structure Relaxation): -15.0795697962 Size:  3
Vacancy Formation Energy (Cell Structure Relaxation): -15.0795697022 Size:  3
Vacancy Formation Energy (Cell Structure Relaxation): -15.0795698036 Size:  3
Vacancy Formation Energy (Cell Structure Relaxation): -15.0795697961 Size:  3
Vacancy Formation Energy (Cell Structure Relaxation): -15.0795697612 Size:  3
Vacancy Formation Energy (Cell Structure Relaxation): -15.0795698305 Size:  3
Vacancy Formation Energy (Cell Structure Relaxation): -15.0795698218 Size:  3
Vacancy Formation Energy (Cell Structure Relaxation): -15.0795698768 Size:  3
Vacancy Formation Energy (Cell Structure Relaxation): -15.0795699189 Size:  3
Vacancy Formation Energy (Cell Structure Relaxation): -15.0795698895 Size:  3
Vacancy Formation Energy (Cell Structure Relaxation): -15.0795698714 Size:  3
Vacancy Formation Energy (Cell Structure Relaxation): -15.0795698093 Size:  3
Vacancy Formation Energy (Cell Structure Relaxation): -15.0795699507 Size:  3
Vacancy Formation Energy (Cell Structure Relaxation): -15.0795699981 Size:  3
Vacancy Formation Energy (Cell Structure Relaxation): -15.0795699582 Size:  3
Vacancy Formation Energy (Cell Structure Relaxation): -15.079569972 Size:  3
Vacancy Formation Energy (Cell Structure Relaxation): -15.0795700104 Size:  3
Vacancy Formation Energy (Cell Structure Relaxation): -15.0795699705 Size:  3
Vacancy Formation Energy (Cell Structure Relaxation): -15.0795700592 Size:  3
Vacancy Formation Energy (Cell Structure Relaxation): -15.0795700802 Size:  3
Vacancy Formation Energy (Cell Structure Relaxation): -15.0795700873 Size:  3
Vacancy Formation Energy (Cell Structure Relaxation): -15.0795700633 Size:  3
Vacancy Formation Energy (Cell Structure Relaxation): -15.0795701851 Size:  3
Vacancy Formation Energy (Cell Structure Relaxation): -15.0795702884 Size:  3
Vacancy Formation Energy (Cell Structure Relaxation): -15.0795701945 Size:  3
Vacancy Formation Energy (Cell Structure Relaxation): -15.079570172 Size:  3
Vacancy Formation Energy (Cell Structure Relaxation): -15.0795703355 Size:  3
Vacancy Formation Energy (Cell Structure Relaxation): -15.0795704467 Size:  3
Vacancy Formation Energy (Cell Structure Relaxation): -15.0795703892 Size:  3
Vacancy Formation Energy (Cell Structure Relaxation): -15.0795702907 Size:  3
Vacancy Formation Energy (Cell Structure Relaxation): -15.0795706024 Size:  3
Vacancy Formation Energy (Cell Structure Relaxation): -15.0795708332 Size:  3
Vacancy Formation Energy (Cell Structure Relaxation): -15.0795706781 Size:  3
Vacancy Formation Energy (Cell Structure Relaxation): -15.0795706756 Size:  3
Vacancy Formation Energy (Cell Structure Relaxation): -15.0795708028 Size:  3
Vacancy Formation Energy (Cell Structure Relaxation): -15.0795708114 Size:  3
Vacancy Formation Energy (Cell Structure Relaxation): -15.0795710876 Size:  3
Vacancy Formation Energy (Cell Structure Relaxation): -15.0795713541 Size:  3
Vacancy Formation Energy (Cell Structure Relaxation): -15.0795713242 Size:  3
Vacancy Formation Energy (Cell Structure Relaxation): -15.0795713605 Size:  3
Vacancy Formation Energy (Cell Structure Relaxation): -15.0795716425 Size:  3
Vacancy Formation Energy (Cell Structure Relaxation): -15.0795714264 Size:  3
Vacancy Formation Energy (Cell Structure Relaxation): -15.0795717749 Size:  3
Vacancy Formation Energy (Cell Structure Relaxation): -15.0795721939 Size:  3
Vacancy Formation Energy (Cell Structure Relaxation): -15.0795718117 Size:  3
Vacancy Formation Energy (Cell Structure Relaxation): -15.079572536 Size:  3
Vacancy Formation Energy (Cell Structure Relaxation): -15.0795733011 Size:  3
Vacancy Formation Energy (Cell Structure Relaxation): -15.0795725932 Size:  3
Vacancy Formation Energy (Cell Structure Relaxation): -15.0795731413 Size:  3
Vacancy Formation Energy (Cell Structure Relaxation): -15.0795734017 Size:  3
Vacancy Formation Energy (Cell Structure Relaxation): -15.0795740283 Size:  3
Vacancy Formation Energy (Cell Structure Relaxation): -15.0795738254 Size:  3
Vacancy Formation Energy (Cell Structure Relaxation): -15.0795746822 Size:  3
Vacancy Formation Energy (Cell Structure Relaxation): -15.0795758828 Size:  3
Vacancy Formation Energy (Cell Structure Relaxation): -15.0795755598 Size:  3
Vacancy Formation Energy (Cell Structure Relaxation): -15.0795763288 Size:  3
Vacancy Formation Energy (Cell Structure Relaxation): -15.0795781489 Size:  3
Vacancy Formation Energy (Cell Structure Relaxation): -15.0795773472 Size:  3
Vacancy Formation Energy (Cell Structure Relaxation): -15.0795779654 Size:  3
Vacancy Formation Energy (Cell Structure Relaxation): -15.0795792128 Size:  3
Vacancy Formation Energy (Cell Structure Relaxation): -15.0795814712 Size:  3
Vacancy Formation Energy (Cell Structure Relaxation): -15.0795813354 Size:  3
Vacancy Formation Energy (Cell Structure Relaxation): -15.0795820602 Size:  3
Vacancy Formation Energy (Cell Structure Relaxation): -15.0795849422 Size:  3
Vacancy Formation Energy (Cell Structure Relaxation): -15.0795842349 Size:  3
Vacancy Formation Energy (Cell Structure Relaxation): -15.0795854646 Size:  3
Vacancy Formation Energy (Cell Structure Relaxation): -15.0795888545 Size:  3
Vacancy Formation Energy (Cell Structure Relaxation): -15.0795888079 Size:  3
Vacancy Formation Energy (Cell Structure Relaxation): -15.0795911857 Size:  3
Vacancy Formation Energy (Cell Structure Relaxation): -15.0795959184 Size:  3
Vacancy Formation Energy (Cell Structure Relaxation): -15.0795915624 Size:  3
Vacancy Formation Energy (Cell Structure Relaxation): -15.0795971348 Size:  3
Vacancy Formation Energy (Cell Structure Relaxation): -15.0796038851 Size:  3
Vacancy Formation Energy (Cell Structure Relaxation): -15.0795985543 Size:  3
Vacancy Formation Energy (Cell Structure Relaxation): -15.0796029953 Size:  3
Vacancy Formation Energy (Cell Structure Relaxation): -15.0796012432 Size:  3
Vacancy Formation Energy (Cell Structure Relaxation): -15.0796066406 Size:  3
Vacancy Formation Energy (Cell Structure Relaxation): -15.0796100342 Size:  3
Vacancy Formation Energy (Cell Structure Relaxation): -15.0796117829 Size:  3
Vacancy Formation Energy (Cell Structure Relaxation): -15.0796165528 Size:  3
Vacancy Formation Energy (Cell Structure Relaxation): -15.0796141334 Size:  3
Vacancy Formation Energy (Cell Structure Relaxation): -15.0796162704 Size:  3
Vacancy Formation Energy (Cell Structure Relaxation): -15.0796230111 Size:  3
Vacancy Formation Energy (Cell Structure Relaxation): -15.0796315776 Size:  3
Vacancy Formation Energy (Cell Structure Relaxation): -15.0796208638 Size:  3
Vacancy Formation Energy (Cell Structure Relaxation): -15.0796083984 Size:  3
Vacancy Formation Energy (Cell Structure Relaxation): -15.0796169781 Size:  3
Vacancy Formation Energy (Cell Structure Relaxation): -15.0796278122 Size:  3
Vacancy Formation Energy (Cell Structure Relaxation): -15.0796265397 Size:  3
Vacancy Formation Energy (Cell Structure Relaxation): -15.0796262921 Size:  3
Vacancy Formation Energy (Cell Structure Relaxation): -15.0796282379 Size:  3
Vacancy Formation Energy (Cell Structure Relaxation): -15.0796377632 Size:  3
Vacancy Formation Energy (Cell Structure Relaxation): -15.0796459874 Size:  3
Vacancy Formation Energy (Cell Structure Relaxation): -15.0796425418 Size:  3
Vacancy Formation Energy (Cell Structure Relaxation): -15.0796427513 Size:  3
Vacancy Formation Energy (Cell Structure Relaxation): -15.0796491935 Size:  3
Vacancy Formation Energy (Cell Structure Relaxation): -15.0796598976 Size:  3
Vacancy Formation Energy (Cell Structure Relaxation): -15.0796582909 Size:  3
Vacancy Formation Energy (Cell Structure Relaxation): -15.0796598317 Size:  3
Vacancy Formation Energy (Cell Structure Relaxation): -15.0796665156 Size:  3
Vacancy Formation Energy (Cell Structure Relaxation): -15.0796729263 Size:  3
Vacancy Formation Energy (Cell Structure Relaxation): -15.079674061 Size:  3
Vacancy Formation Energy (Cell Structure Relaxation): -15.0796856176 Size:  3
Vacancy Formation Energy (Cell Structure Relaxation): -15.0796845482 Size:  3
Vacancy Formation Energy (Cell Structure Relaxation): -15.0797004819 Size:  3
Vacancy Formation Energy (Cell Structure Relaxation): -15.0797255252 Size:  3
Vacancy Formation Energy (Cell Structure Relaxation): -15.0797042643 Size:  3
Vacancy Formation Energy (Cell Structure Relaxation): -15.0797109221 Size:  3
Vacancy Formation Energy (Cell Structure Relaxation): -15.0797205889 Size:  3
Vacancy Formation Energy (Cell Structure Relaxation): -15.0797276267 Size:  3
Vacancy Formation Energy (Cell Structure Relaxation): -15.0797308998 Size:  3
Vacancy Formation Energy (Cell Structure Relaxation): -15.0797461244 Size:  3
Vacancy Formation Energy (Cell Structure Relaxation): -15.0797630571 Size:  3
Vacancy Formation Energy (Cell Structure Relaxation): -15.0797696189 Size:  3
Vacancy Formation Energy (Cell Structure Relaxation): -15.0797909233 Size:  3
Vacancy Formation Energy (Cell Structure Relaxation): -15.0797867125 Size:  3
Vacancy Formation Energy (Cell Structure Relaxation): -15.0797772709 Size:  3
Vacancy Formation Energy (Cell Structure Relaxation): -15.079785443 Size:  3
Vacancy Formation Energy (Cell Structure Relaxation): -15.0797560819 Size:  3
Vacancy Formation Energy (Cell Structure Relaxation): -15.0798130908 Size:  3
Vacancy Formation Energy (Cell Structure Relaxation): -15.0798090946 Size:  3
Vacancy Formation Energy (Cell Structure Relaxation): -15.0797755514 Size:  3
Vacancy Formation Energy (Cell Structure Relaxation): -15.0798250407 Size:  3
Vacancy Formation Energy (Cell Structure Relaxation): -15.0798384403 Size:  3
Vacancy Formation Energy (Cell Structure Relaxation): -15.0797675396 Size:  3
Vacancy Formation Energy (Cell Structure Relaxation): -15.0798012385 Size:  3
Vacancy Formation Energy (Cell Structure Relaxation): -15.0798344712 Size:  3
Vacancy Formation Energy (Cell Structure Relaxation): -15.0797846209 Size:  3
Vacancy Formation Energy (Cell Structure Relaxation): -15.0798094662 Size:  3
Vacancy Formation Energy (Cell Structure Relaxation): -15.079841285 Size:  3
Vacancy Formation Energy (Cell Structure Relaxation): -15.0798468041 Size:  3
Vacancy Formation Energy (Cell Structure Relaxation): -15.0798651886 Size:  3
Vacancy Formation Energy (Cell Structure Relaxation): -15.0798848484 Size:  3
Vacancy Formation Energy (Cell Structure Relaxation): -15.0798345555 Size:  3
Vacancy Formation Energy (Cell Structure Relaxation): -15.0798429322 Size:  3
Vacancy Formation Energy (Cell Structure Relaxation): -15.0798818432 Size:  3
Vacancy Formation Energy (Cell Structure Relaxation): -15.0798058246 Size:  3
Vacancy Formation Energy (Cell Structure Relaxation): -15.0798588383 Size:  3
Vacancy Formation Energy (Cell Structure Relaxation): -15.0798816513 Size:  3
Vacancy Formation Energy (Cell Structure Relaxation): -15.0798927099 Size:  3
Vacancy Formation Energy (Cell Structure Relaxation): -15.0798952436 Size:  3
Vacancy Formation Energy (Cell Structure Relaxation): -15.0799076859 Size:  3
Vacancy Formation Energy (Cell Structure Relaxation): -15.0799089179 Size:  3
Vacancy Formation Energy (Cell Structure Relaxation): -15.0799527713 Size:  3
Vacancy Formation Energy (Cell Structure Relaxation): -15.0800000043 Size:  3
Vacancy Formation Energy (Cell Structure Relaxation): -15.0799768384 Size:  3
Vacancy Formation Energy (Cell Structure Relaxation): -15.0799582605 Size:  3
Vacancy Formation Energy (Cell Structure Relaxation): -15.079987974 Size:  3
Vacancy Formation Energy (Cell Structure Relaxation): -15.0800543167 Size:  3
Vacancy Formation Energy (Cell Structure Relaxation): -15.080132402 Size:  3
Vacancy Formation Energy (Cell Structure Relaxation): -15.0800275935 Size:  3
Vacancy Formation Energy (Cell Structure Relaxation): -15.0800808362 Size:  3
Vacancy Formation Energy (Cell Structure Relaxation): -15.0801232249 Size:  3
Vacancy Formation Energy (Cell Structure Relaxation): -15.0801463994 Size:  3
Vacancy Formation Energy (Cell Structure Relaxation): -15.0801903124 Size:  3
Vacancy Formation Energy (Cell Structure Relaxation): -15.0802231029 Size:  3
Vacancy Formation Energy (Cell Structure Relaxation): -15.0803112407 Size:  3
Vacancy Formation Energy (Cell Structure Relaxation): -15.080303481 Size:  3
Vacancy Formation Energy (Cell Structure Relaxation): -15.0803353735 Size:  3
Vacancy Formation Energy (Cell Structure Relaxation): -15.0803912687 Size:  3
Vacancy Formation Energy (Cell Structure Relaxation): -15.0804093363 Size:  3
Vacancy Formation Energy (Cell Structure Relaxation): -15.0804700774 Size:  3
Vacancy Formation Energy (Cell Structure Relaxation): -15.0805321666 Size:  3
Vacancy Formation Energy (Cell Structure Relaxation): -15.080659396 Size:  3
Vacancy Formation Energy (Cell Structure Relaxation): -15.0806227229 Size:  3
Vacancy Formation Energy (Cell Structure Relaxation): -15.0807157532 Size:  3
Vacancy Formation Energy (Cell Structure Relaxation): -15.0807816679 Size:  3
Vacancy Formation Energy (Cell Structure Relaxation): -15.0807845972 Size:  3
Vacancy Formation Energy (Cell Structure Relaxation): -15.0807843262 Size:  3
Vacancy Formation Energy (Cell Structure Relaxation): -15.0809311681 Size:  3
Vacancy Formation Energy (Cell Structure Relaxation): -15.080995817 Size:  3
Vacancy Formation Energy (Cell Structure Relaxation): -15.0808184547 Size:  3
Vacancy Formation Energy (Cell Structure Relaxation): -15.0807323323 Size:  3
Vacancy Formation Energy (Cell Structure Relaxation): -15.0807737001 Size:  3
Vacancy Formation Energy (Cell Structure Relaxation): -15.0806860746 Size:  3
Vacancy Formation Energy (Cell Structure Relaxation): -15.0808585014 Size:  3
Vacancy Formation Energy (Cell Structure Relaxation): -15.0809284834 Size:  3
Vacancy Formation Energy (Cell Structure Relaxation): -15.0807539588 Size:  3
Vacancy Formation Energy (Cell Structure Relaxation): -15.0809020758 Size:  3
Vacancy Formation Energy (Cell Structure Relaxation): -15.08094575 Size:  3
Vacancy Formation Energy (Cell Structure Relaxation): -15.0808939531 Size:  3
Vacancy Formation Energy (Cell Structure Relaxation): -15.0808847632 Size:  3
Vacancy Formation Energy (Cell Structure Relaxation): -15.0811121352 Size:  3
Vacancy Formation Energy (Cell Structure Relaxation): -15.0811694069 Size:  3
Vacancy Formation Energy (Cell Structure Relaxation): -15.0808335745 Size:  3
Vacancy Formation Energy (Cell Structure Relaxation): -15.0810098055 Size:  3
Vacancy Formation Energy (Cell Structure Relaxation): -15.0809009389 Size:  3
Vacancy Formation Energy (Cell Structure Relaxation): -15.0810116803 Size:  3
Vacancy Formation Energy (Cell Structure Relaxation): -15.0811222238 Size:  3
Vacancy Formation Energy (Cell Structure Relaxation): -15.0809591425 Size:  3
Vacancy Formation Energy (Cell Structure Relaxation): -15.0811316285 Size:  3
Vacancy Formation Energy (Cell Structure Relaxation): -15.0809905292 Size:  3
Vacancy Formation Energy (Cell Structure Relaxation): -15.0810873409 Size:  3
Vacancy Formation Energy (Cell Structure Relaxation): -15.0811855611 Size:  3
Vacancy Formation Energy (Cell Structure Relaxation): -15.0811651833 Size:  3
Vacancy Formation Energy (Cell Structure Relaxation): -15.0810448029 Size:  3
Vacancy Formation Energy (Cell Structure Relaxation): -15.0812610444 Size:  3
Vacancy Formation Energy (Cell Structure Relaxation): -15.0812989883 Size:  3
Vacancy Formation Energy (Cell Structure Relaxation): -15.0811962682 Size:  3
Vacancy Formation Energy (Cell Structure Relaxation): -15.0812726941 Size:  3
Vacancy Formation Energy (Cell Structure Relaxation): -15.0813911689 Size:  3
Vacancy Formation Energy (Cell Structure Relaxation): -15.0814975733 Size:  3
Vacancy Formation Energy (Cell Structure Relaxation): -15.0812838258 Size:  3
Vacancy Formation Energy (Cell Structure Relaxation): -15.0815186885 Size:  3
Vacancy Formation Energy (Cell Structure Relaxation): -15.0816739425 Size:  3
Vacancy Formation Energy (Cell Structure Relaxation): -15.0814707398 Size:  3
Vacancy Formation Energy (Cell Structure Relaxation): -15.0814525294 Size:  3
Vacancy Formation Energy (Cell Structure Relaxation): -15.0817319864 Size:  3
Vacancy Formation Energy (Cell Structure Relaxation): -15.0819380898 Size:  3
Vacancy Formation Energy (Cell Structure Relaxation): -15.0817807318 Size:  3
Vacancy Formation Energy (Cell Structure Relaxation): -15.082000995 Size:  3
Vacancy Formation Energy (Cell Structure Relaxation): -15.0822102569 Size:  3
Vacancy Formation Energy (Cell Structure Relaxation): -15.0819164666 Size:  3
Vacancy Formation Energy (Cell Structure Relaxation): -15.0822628281 Size:  3
Vacancy Formation Energy (Cell Structure Relaxation): -15.0825063412 Size:  3
Vacancy Formation Energy (Cell Structure Relaxation): -15.0825981974 Size:  3
Vacancy Formation Energy (Cell Structure Relaxation): -15.0829729276 Size:  3
Vacancy Formation Energy (Cell Structure Relaxation): -15.0828672957 Size:  3
Vacancy Formation Energy (Cell Structure Relaxation): -15.0832201538 Size:  3
Vacancy Formation Energy (Cell Structure Relaxation): -15.0838427471 Size:  3
Vacancy Formation Energy (Cell Structure Relaxation): -15.0835247374 Size:  3
Vacancy Formation Energy (Cell Structure Relaxation): -15.0837749302 Size:  3
Vacancy Formation Energy (Cell Structure Relaxation): -15.0844345594 Size:  3
Vacancy Formation Energy (Cell Structure Relaxation): -15.0853491781 Size:  3
Vacancy Formation Energy (Cell Structure Relaxation): -15.0845972137 Size:  3
Vacancy Formation Energy (Cell Structure Relaxation): -15.0853535369 Size:  3
Vacancy Formation Energy (Cell Structure Relaxation): -15.0863932687 Size:  3
Vacancy Formation Energy (Cell Structure Relaxation): -15.086360943 Size:  3
Vacancy Formation Energy (Cell Structure Relaxation): -15.0865427372 Size:  3
Vacancy Formation Energy (Cell Structure Relaxation): -15.0874583566 Size:  3
Vacancy Formation Energy (Cell Structure Relaxation): -15.0878464504 Size:  3
Vacancy Formation Energy (Cell Structure Relaxation): -15.0894945882 Size:  3
Vacancy Formation Energy (Cell Structure Relaxation): -15.0892163863 Size:  3
Vacancy Formation Energy (Cell Structure Relaxation): -15.0900256366 Size:  3
Vacancy Formation Energy (Cell Structure Relaxation): -15.0916502644 Size:  3
Vacancy Formation Energy (Cell Structure Relaxation): -15.0917055629 Size:  3
Vacancy Formation Energy (Cell Structure Relaxation): -15.0946942638 Size:  3
Vacancy Formation Energy (Cell Structure Relaxation): -15.0945977256 Size:  3
Vacancy Formation Energy (Cell Structure Relaxation): -15.0962678028 Size:  3
Vacancy Formation Energy (Cell Structure Relaxation): -15.0994084732 Size:  3
Vacancy Formation Energy (Cell Structure Relaxation): -15.0987445261 Size:  3
Vacancy Formation Energy (Cell Structure Relaxation): -15.0994216503 Size:  3
Vacancy Formation Energy (Cell Structure Relaxation): -15.1022998593 Size:  3
Vacancy Formation Energy (Cell Structure Relaxation): -15.1023133473 Size:  3
Vacancy Formation Energy (Cell Structure Relaxation): -15.104118226 Size:  3
Vacancy Formation Energy (Cell Structure Relaxation): -15.1060586225 Size:  3
Vacancy Formation Energy (Cell Structure Relaxation): -15.1128880886 Size:  3
Vacancy Formation Energy (Cell Structure Relaxation): -15.1125589346 Size:  3
Vacancy Formation Energy (Cell Structure Relaxation): -15.1154219904 Size:  3
Vacancy Formation Energy (Cell Structure Relaxation): -15.112427359 Size:  3
Vacancy Formation Energy (Cell Structure Relaxation): -15.1132152111 Size:  3
Vacancy Formation Energy (Cell Structure Relaxation): -15.1128218612 Size:  3
Vacancy Formation Energy (Cell Structure Relaxation): -15.1102849746 Size:  3
Vacancy Formation Energy (Cell Structure Relaxation): -15.112665661 Size:  3
Vacancy Formation Energy (Cell Structure Relaxation): -15.1141423058 Size:  3
Vacancy Formation Energy (Cell Structure Relaxation): -15.1146982018 Size:  3
Vacancy Formation Energy (Cell Structure Relaxation): -15.1121379992 Size:  3
Vacancy Formation Energy (Cell Structure Relaxation): -15.1170569369 Size:  3
Vacancy Formation Energy (Cell Structure Relaxation): -15.1166032486 Size:  3
Vacancy Formation Energy (Cell Structure Relaxation): -15.1146001316 Size:  3
Vacancy Formation Energy (Cell Structure Relaxation): -15.1197322891 Size:  3
Vacancy Formation Energy (Cell Structure Relaxation): -15.1185096973 Size:  3
Vacancy Formation Energy (Cell Structure Relaxation): -15.1138599035 Size:  3
Vacancy Formation Energy (Cell Structure Relaxation): -15.1182781636 Size:  3
Vacancy Formation Energy (Cell Structure Relaxation): -15.118041813 Size:  3
Vacancy Formation Energy (Cell Structure Relaxation): -15.1124926333 Size:  3
Vacancy Formation Energy (Cell Structure Relaxation): -15.1192194281 Size:  3
Vacancy Formation Energy (Cell Structure Relaxation): -15.1188513113 Size:  3
Vacancy Formation Energy (Cell Structure Relaxation): -15.1184505755 Size:  3
Vacancy Formation Energy (Cell Structure Relaxation): -15.1177436412 Size:  3
Vacancy Formation Energy (Cell Structure Relaxation): -15.1202453912 Size:  3
Vacancy Formation Energy (Cell Structure Relaxation): -15.1183506649 Size:  3
Vacancy Formation Energy (Cell Structure Relaxation): -15.1194441043 Size:  3
Vacancy Formation Energy (Cell Structure Relaxation): -15.1197841829 Size:  3
Vacancy Formation Energy (Cell Structure Relaxation): -15.1190868039 Size:  3
Vacancy Formation Energy (Cell Structure Relaxation): -15.1219015492 Size:  3
Vacancy Formation Energy (Cell Structure Relaxation): -15.1205168099 Size:  3
Vacancy Formation Energy (Cell Structure Relaxation): -15.1193154509 Size:  3
Vacancy Formation Energy (Cell Structure Relaxation): -15.1201920568 Size:  3
Vacancy Formation Energy (Cell Structure Relaxation): -15.1181193459 Size:  3
Vacancy Formation Energy (Cell Structure Relaxation): -15.1212625784 Size:  3
Vacancy Formation Energy (Cell Structure Relaxation): -15.1179944051 Size:  3
Vacancy Formation Energy (Cell Structure Relaxation): -15.1212678381 Size:  3
Vacancy Formation Energy (Cell Structure Relaxation): -15.1203575533 Size:  3
Vacancy Formation Energy (Cell Structure Relaxation): -15.1210187555 Size:  3
Vacancy Formation Energy (Cell Structure Relaxation): -15.1206325302 Size:  3
Vacancy Formation Energy (Cell Structure Relaxation): -15.1197517516 Size:  3
Vacancy Formation Energy (Cell Structure Relaxation): -15.1220002973 Size:  3
Vacancy Formation Energy (Cell Structure Relaxation): -15.1196145745 Size:  3
Vacancy Formation Energy (Cell Structure Relaxation): -15.121927956 Size:  3
Vacancy Formation Energy (Cell Structure Relaxation): -15.1216286415 Size:  3
Vacancy Formation Energy (Cell Structure Relaxation): -15.1218459551 Size:  3
Vacancy Formation Energy (Cell Structure Relaxation): -15.1217938864 Size:  3
Vacancy Formation Energy (Cell Structure Relaxation): -15.1213779831 Size:  3
Vacancy Formation Energy (Cell Structure Relaxation): -15.1220320957 Size:  3
Vacancy Formation Energy (Cell Structure Relaxation): -15.1216981948 Size:  3
Vacancy Formation Energy (Cell Structure Relaxation): -15.1221874706 Size:  3
Vacancy Formation Energy (Cell Structure Relaxation): -15.1221048385 Size:  3
Vacancy Formation Energy (Cell Structure Relaxation): -15.121766655 Size:  3
Vacancy Formation Energy (Cell Structure Relaxation): -15.1222627372 Size:  3
Vacancy Formation Energy (Cell Structure Relaxation): -15.1208968109 Size:  3
Vacancy Formation Energy (Cell Structure Relaxation): -15.1225064801 Size:  3
Vacancy Formation Energy (Cell Structure Relaxation): -15.1218515048 Size:  3
Vacancy Formation Energy (Cell Structure Relaxation): -15.1222531274 Size:  3
Vacancy Formation Energy (Cell Structure Relaxation): -15.1225135824 Size:  3
Vacancy Formation Energy (Cell Structure Relaxation): -15.122374631 Size:  3
Vacancy Formation Energy (Cell Structure Relaxation): -15.1218601757 Size:  3
Vacancy Formation Energy (Cell Structure Relaxation): -15.1223445059 Size:  3
Vacancy Formation Energy (Cell Structure Relaxation): -15.1220738872 Size:  3
Vacancy Formation Energy (Cell Structure Relaxation): -15.1223515157 Size:  3
Vacancy Formation Energy (Cell Structure Relaxation): -15.1225019311 Size:  3
Vacancy Formation Energy (Cell Structure Relaxation): -15.1225790897 Size:  3
Vacancy Formation Energy (Cell Structure Relaxation): -15.122497048 Size:  3
Vacancy Formation Energy (Cell Structure Relaxation): -15.1225188363 Size:  3
Vacancy Formation Energy (Cell Structure Relaxation): -15.1225432102 Size:  3
Vacancy Formation Energy (Cell Structure Relaxation): -15.1226977085 Size:  3
Vacancy Formation Energy (Cell Structure Relaxation): -15.1226118858 Size:  3
Vacancy Formation Energy (Cell Structure Relaxation): -15.1224820304 Size:  3
Vacancy Formation Energy (Cell Structure Relaxation): -15.1226044368 Size:  3
Vacancy Formation Energy (Cell Structure Relaxation): -15.1225809521 Size:  3
Vacancy Formation Energy (Cell Structure Relaxation): -15.1224877631 Size:  3
Vacancy Formation Energy (Cell Structure Relaxation): -15.1226169313 Size:  3
Vacancy Formation Energy (Cell Structure Relaxation): -15.1226632875 Size:  3
Vacancy Formation Energy (Cell Structure Relaxation): -15.122507227 Size:  3
Vacancy Formation Energy (Cell Structure Relaxation): -15.1226415164 Size:  3
Vacancy Formation Energy (Cell Structure Relaxation): -15.1226043587 Size:  3
Vacancy Formation Energy (Cell Structure Relaxation): -15.1226880779 Size:  3
Vacancy Formation Energy (Cell Structure Relaxation): -15.122553397 Size:  3
Vacancy Formation Energy (Cell Structure Relaxation): -15.1226721724 Size:  3
Vacancy Formation Energy (Cell Structure Relaxation): -15.1227373522 Size:  3
Vacancy Formation Energy (Cell Structure Relaxation): -15.1227237047 Size:  3
Vacancy Formation Energy (Cell Structure Relaxation): -15.1227930773 Size:  3
Vacancy Formation Energy (Cell Structure Relaxation): -15.122837921 Size:  3
Vacancy Formation Energy (Cell Structure Relaxation): -15.1228184189 Size:  3
Vacancy Formation Energy (Cell Structure Relaxation): -15.1227191611 Size:  3
Vacancy Formation Energy (Cell Structure Relaxation): -15.1228248521 Size:  3
Vacancy Formation Energy (Cell Structure Relaxation): -15.1227527759 Size:  3
Vacancy Formation Energy (Cell Structure Relaxation): -15.1229313763 Size:  3
Vacancy Formation Energy (Cell Structure Relaxation): -15.1230179684 Size:  3
Vacancy Formation Energy (Cell Structure Relaxation): -15.1229046596 Size:  3
Vacancy Formation Energy (Cell Structure Relaxation): -15.1229417799 Size:  3
Vacancy Formation Energy (Cell Structure Relaxation): -15.1229904681 Size:  3
Vacancy Formation Energy (Cell Structure Relaxation): -15.1230542405 Size:  3
Vacancy Formation Energy (Cell Structure Relaxation): -15.1230883496 Size:  3
Vacancy Formation Energy (Cell Structure Relaxation): -15.1230466979 Size:  3
Vacancy Formation Energy (Cell Structure Relaxation): -15.1232444772 Size:  3
Vacancy Formation Energy (Cell Structure Relaxation): -15.1234012026 Size:  3
Vacancy Formation Energy (Cell Structure Relaxation): -15.1231918679 Size:  3
Vacancy Formation Energy (Cell Structure Relaxation): -15.1232644192 Size:  3
Vacancy Formation Energy (Cell Structure Relaxation): -15.1231710064 Size:  3
Vacancy Formation Energy (Cell Structure Relaxation): -15.1234284996 Size:  3
Vacancy Formation Energy (Cell Structure Relaxation): -15.1235340623 Size:  3
Vacancy Formation Energy (Cell Structure Relaxation): -15.1235645176 Size:  3
Vacancy Formation Energy (Cell Structure Relaxation): -15.1236893045 Size:  3
Vacancy Formation Energy (Cell Structure Relaxation): -15.1236897525 Size:  3
Vacancy Formation Energy (Cell Structure Relaxation): -15.1237622234 Size:  3
Vacancy Formation Energy (Cell Structure Relaxation): -15.1239472114 Size:  3
Vacancy Formation Energy (Cell Structure Relaxation): -15.1242093003 Size:  3
Vacancy Formation Energy (Cell Structure Relaxation): -15.1241524392 Size:  3
Vacancy Formation Energy (Cell Structure Relaxation): -15.124305288 Size:  3
Vacancy Formation Energy (Cell Structure Relaxation): -15.1248629278 Size:  3
Vacancy Formation Energy (Cell Structure Relaxation): -15.1247799214 Size:  3
Vacancy Formation Energy (Cell Structure Relaxation): -15.125332938 Size:  3
Vacancy Formation Energy (Cell Structure Relaxation): -15.1261523591 Size:  3
Vacancy Formation Energy (Cell Structure Relaxation): -15.1261382587 Size:  3
Vacancy Formation Energy (Cell Structure Relaxation): -15.1268128948 Size:  3
Vacancy Formation Energy (Cell Structure Relaxation): -15.1274875265 Size:  3
Vacancy Formation Energy (Cell Structure Relaxation): -15.1273655584 Size:  3
Vacancy Formation Energy (Cell Structure Relaxation): -15.1280025585 Size:  3
Vacancy Formation Energy (Cell Structure Relaxation): -15.1289863658 Size:  3
Vacancy Formation Energy (Cell Structure Relaxation): -15.1297605748 Size:  3
Vacancy Formation Energy (Cell Structure Relaxation): -15.1318934706 Size:  3
Vacancy Formation Energy (Cell Structure Relaxation): -15.1317569326 Size:  3
Vacancy Formation Energy (Cell Structure Relaxation): -15.1321116897 Size:  3
Vacancy Formation Energy (Cell Structure Relaxation): -15.1318737607 Size:  3
Vacancy Formation Energy (Cell Structure Relaxation): -15.1323789494 Size:  3
Vacancy Formation Energy (Cell Structure Relaxation): -15.134229311 Size:  3
Vacancy Formation Energy (Cell Structure Relaxation): -15.134872714 Size:  3
Vacancy Formation Energy (Cell Structure Relaxation): -15.1338550384 Size:  3
Vacancy Formation Energy (Cell Structure Relaxation): -15.133025943 Size:  3
Vacancy Formation Energy (Cell Structure Relaxation): -15.1355323925 Size:  3
Vacancy Formation Energy (Cell Structure Relaxation): -15.1362875456 Size:  3
Vacancy Formation Energy (Cell Structure Relaxation): -15.1346456602 Size:  3
Vacancy Formation Energy (Cell Structure Relaxation): -15.13281966 Size:  3
Vacancy Formation Energy (Cell Structure Relaxation): -15.1324668899 Size:  3
Vacancy Formation Energy (Cell Structure Relaxation): -15.1356490102 Size:  3
Vacancy Formation Energy (Cell Structure Relaxation): -15.1372372191 Size:  3
Vacancy Formation Energy (Cell Structure Relaxation): -15.134869129 Size:  3
Vacancy Formation Energy (Cell Structure Relaxation): -15.1384490571 Size:  3
Vacancy Formation Energy (Cell Structure Relaxation): -15.1377715114 Size:  3
Vacancy Formation Energy (Cell Structure Relaxation): -15.1381795535 Size:  3
Vacancy Formation Energy (Cell Structure Relaxation): -15.1393156726 Size:  3
Vacancy Formation Energy (Cell Structure Relaxation): -15.137321027 Size:  3
Vacancy Formation Energy (Cell Structure Relaxation): -15.1360418357 Size:  3
Vacancy Formation Energy (Cell Structure Relaxation): -15.1363878526 Size:  3
Vacancy Formation Energy (Cell Structure Relaxation): -15.1378983199 Size:  3
Vacancy Formation Energy (Cell Structure Relaxation): -15.1374995157 Size:  3
Vacancy Formation Energy (Cell Structure Relaxation): -15.1373485422 Size:  3
Vacancy Formation Energy (Cell Structure Relaxation): -15.1400915395 Size:  3
Vacancy Formation Energy (Cell Structure Relaxation): -15.1400815127 Size:  3
Vacancy Formation Energy (Cell Structure Relaxation): -15.1365522798 Size:  3
Vacancy Formation Energy (Cell Structure Relaxation): -15.1391774921 Size:  3
Vacancy Formation Energy (Cell Structure Relaxation): -15.1383322664 Size:  3
Vacancy Formation Energy (Cell Structure Relaxation): -15.136409952 Size:  3
Vacancy Formation Energy (Cell Structure Relaxation): -15.1394356179 Size:  3
Vacancy Formation Energy (Cell Structure Relaxation): -15.1391427393 Size:  3
Vacancy Formation Energy (Cell Structure Relaxation): -15.1369100131 Size:  3
Vacancy Formation Energy (Cell Structure Relaxation): -15.1399965237 Size:  3
Vacancy Formation Energy (Cell Structure Relaxation): -15.1395416121 Size:  3
Vacancy Formation Energy (Cell Structure Relaxation): -15.1396458624 Size:  3
Vacancy Formation Energy (Cell Structure Relaxation): -15.139909428 Size:  3
Vacancy Formation Energy (Cell Structure Relaxation): -15.1402810485 Size:  3
Vacancy Formation Energy (Cell Structure Relaxation): -15.1397962534 Size:  3
Vacancy Formation Energy (Cell Structure Relaxation): -15.1402219034 Size:  3
Vacancy Formation Energy (Cell Structure Relaxation): -15.1386236694 Size:  3
Vacancy Formation Energy (Cell Structure Relaxation): -15.1402296792 Size:  3
Vacancy Formation Energy (Cell Structure Relaxation): -15.140536585 Size:  3
Vacancy Formation Energy (Cell Structure Relaxation): -15.1400507173 Size:  3
Vacancy Formation Energy (Cell Structure Relaxation): -15.1396423541 Size:  3
Vacancy Formation Energy (Cell Structure Relaxation): -15.1403509695 Size:  3
Vacancy Formation Energy (Cell Structure Relaxation): -15.1405490493 Size:  3
Vacancy Formation Energy (Cell Structure Relaxation): -15.140131229 Size:  3
Vacancy Formation Energy (Cell Structure Relaxation): -15.1406654727 Size:  3
Vacancy Formation Energy (Cell Structure Relaxation): -15.140693039 Size:  3
Vacancy Formation Energy (Cell Structure Relaxation): -15.1400119632 Size:  3
Vacancy Formation Energy (Cell Structure Relaxation): -15.140526344 Size:  3
Vacancy Formation Energy (Cell Structure Relaxation): -15.140729352 Size:  3
Vacancy Formation Energy (Cell Structure Relaxation): -15.1405073363 Size:  3
Vacancy Formation Energy (Cell Structure Relaxation): -15.1404564333 Size:  3
Vacancy Formation Energy (Cell Structure Relaxation): -15.1409677444 Size:  3
Vacancy Formation Energy (Cell Structure Relaxation): -15.1410335532 Size:  3
Vacancy Formation Energy (Cell Structure Relaxation): -15.1404992043 Size:  3
Vacancy Formation Energy (Cell Structure Relaxation): -15.1407542349 Size:  3
Vacancy Formation Energy (Cell Structure Relaxation): -15.1409022165 Size:  3
Vacancy Formation Energy (Cell Structure Relaxation): -15.1409136863 Size:  3
Vacancy Formation Energy (Cell Structure Relaxation): -15.1408208213 Size:  3
Vacancy Formation Energy (Cell Structure Relaxation): -15.1409640951 Size:  3
Vacancy Formation Energy (Cell Structure Relaxation): -15.140805409 Size:  3
Vacancy Formation Energy (Cell Structure Relaxation): -15.1409258539 Size:  3
Vacancy Formation Energy (Cell Structure Relaxation): -15.1409465039 Size:  3
Vacancy Formation Energy (Cell Structure Relaxation): -15.1409712737 Size:  3
Vacancy Formation Energy (Cell Structure Relaxation): -15.1410602959 Size:  3
Vacancy Formation Energy (Cell Structure Relaxation): -15.1407598578 Size:  3
Vacancy Formation Energy (Cell Structure Relaxation): -15.1407133867 Size:  3
Vacancy Formation Energy (Cell Structure Relaxation): -15.1410846575 Size:  3
Vacancy Formation Energy (Cell Structure Relaxation): -15.1408076259 Size:  3
Vacancy Formation Energy (Cell Structure Relaxation): -15.1410790714 Size:  3
Vacancy Formation Energy (Cell Structure Relaxation): -15.14096748 Size:  3
Vacancy Formation Energy (Cell Structure Relaxation): -15.1408919533 Size:  3
Vacancy Formation Energy (Cell Structure Relaxation): -15.1410863476 Size:  3
Vacancy Formation Energy (Cell Structure Relaxation): -15.1409699957 Size:  3
Vacancy Formation Energy (Cell Structure Relaxation): -15.1410827193 Size:  3
Vacancy Formation Energy (Cell Structure Relaxation): -15.1408049849 Size:  3
Vacancy Formation Energy (Cell Structure Relaxation): -15.141097551 Size:  3
Vacancy Formation Energy (Cell Structure Relaxation): -15.1411052901 Size:  3
Vacancy Formation Energy (Cell Structure Relaxation): -15.1409807285 Size:  3
Vacancy Formation Energy (Cell Structure Relaxation): -15.1410142539 Size:  3
Vacancy Formation Energy (Cell Structure Relaxation): -15.1411149252 Size:  3
Vacancy Formation Energy (Cell Structure Relaxation): -15.1410543115 Size:  3
Vacancy Formation Energy (Cell Structure Relaxation): -15.1411174468 Size:  3
Vacancy Formation Energy (Cell Structure Relaxation): -15.1411053131 Size:  3
Vacancy Formation Energy (Cell Structure Relaxation): -15.1410764653 Size:  3
Vacancy Formation Energy (Cell Structure Relaxation): -15.141119949 Size:  3
Vacancy Formation Energy (Cell Structure Relaxation): -15.141075191 Size:  3
Vacancy Formation Energy (Cell Structure Relaxation): -15.1411209401 Size:  3
Vacancy Formation Energy (Cell Structure Relaxation): -15.1410734481 Size:  3
Vacancy Formation Energy (Cell Structure Relaxation): -15.1411248521 Size:  3
Vacancy Formation Energy (Cell Structure Relaxation): -15.1410700821 Size:  3
Vacancy Formation Energy (Cell Structure Relaxation): -15.1411273926 Size:  3
Vacancy Formation Energy (Cell Structure Relaxation): -15.1410916982 Size:  3
Vacancy Formation Energy (Cell Structure Relaxation): -15.1411252375 Size:  3
Vacancy Formation Energy (Cell Structure Relaxation): -15.1411074645 Size:  3
Vacancy Formation Energy (Cell Structure Relaxation): -15.1411269985 Size:  3
Vacancy Formation Energy (Cell Structure Relaxation): -15.1411194026 Size:  3
Vacancy Formation Energy (Cell Structure Relaxation): -15.141127847 Size:  3
Vacancy Formation Energy (Cell Structure Relaxation): -15.1411233675 Size:  3
Vacancy Formation Energy (Cell Structure Relaxation): -15.1411187806 Size:  3
Vacancy Formation Energy (Cell Structure Relaxation): -15.1411286835 Size:  3
Vacancy Formation Energy (Cell Structure Relaxation): -15.1411198573 Size:  3
Vacancy Formation Energy (Cell Structure Relaxation): -15.1411294281 Size:  3
Vacancy Formation Energy (Cell Structure Relaxation): -15.1411171396 Size:  3
Vacancy Formation Energy (Cell Structure Relaxation): -15.1411301165 Size:  3
Vacancy Formation Energy (Cell Structure Relaxation): -15.1411257251 Size:  3
Vacancy Formation Energy (Cell Structure Relaxation): -15.1411297114 Size:  3
Vacancy Formation Energy (Cell Structure Relaxation): -15.1411248629 Size:  3
Vacancy Formation Energy (Cell Structure Relaxation): -15.1411301896 Size:  3
Vacancy Formation Energy (Cell Structure Relaxation): -15.141126169 Size:  3
Vacancy Formation Energy (Cell Structure Relaxation): -15.1411302105 Size:  3
Vacancy Formation Energy (Cell Structure Relaxation): -15.1411271762 Size:  3
Vacancy Formation Energy (Cell Structure Relaxation): -15.1411302893 Size:  3
Vacancy Formation Energy (Cell Structure Relaxation): -15.1411282442 Size:  3
Vacancy Formation Energy (Cell Structure Relaxation): -15.1411304897 Size:  3
Vacancy Formation Energy (Cell Structure Relaxation): -15.1411284027 Size:  3
Vacancy Formation Energy (Cell Structure Relaxation): -15.1411307279 Size:  3
Vacancy Formation Energy (Cell Structure Relaxation): -15.1411298256 Size:  3
Vacancy Formation Energy (Cell Structure Relaxation): -15.1411307587 Size:  3
Vacancy Formation Energy (Cell Structure Relaxation): -15.1411281915 Size:  3
Vacancy Formation Energy (Cell Structure Relaxation): -15.1411309802 Size:  3
Vacancy Formation Energy (Cell Structure Relaxation): -15.141129514 Size:  3
Vacancy Formation Energy (Cell Structure Relaxation): -15.1411308681 Size:  3
Vacancy Formation Energy (Cell Structure Relaxation): -15.1411297165 Size:  3
Vacancy Formation Energy (Cell Structure Relaxation): -15.1411308535 Size:  3
Vacancy Formation Energy (Cell Structure Relaxation): -15.1411305354 Size:  3
Vacancy Formation Energy (Cell Structure Relaxation): -15.1411308342 Size:  3
Vacancy Formation Energy (Cell Structure Relaxation): -15.1411301395 Size:  3
Vacancy Formation Energy (Cell Structure Relaxation): -15.1411309851 Size:  3
Vacancy Formation Energy (Cell Structure Relaxation): -15.1411308452 Size:  3
Vacancy Formation Energy (Cell Structure Relaxation): -15.1411309286 Size:  3
Vacancy Formation Energy (Cell Structure Relaxation): -15.141130791 Size:  3
Vacancy Formation Energy (Cell Structure Relaxation): -15.1411310567 Size:  3
Vacancy Formation Energy (Cell Structure Relaxation): -15.1411307277 Size:  3
Vacancy Formation Energy (Cell Structure Relaxation): -15.1411310676 Size:  3
Vacancy Formation Energy (Cell Structure Relaxation): -15.1411310422 Size:  3
Vacancy Formation Energy (Cell Structure Relaxation): -15.1411310176 Size:  3
Vacancy Formation Energy (Cell Structure Relaxation): -15.1411306492 Size:  3
Vacancy Formation Energy (Cell Structure Relaxation): -15.1411311375 Size:  3
Vacancy Formation Energy (Cell Structure Relaxation): -15.1411308599 Size:  3
Vacancy Formation Energy (Cell Structure Relaxation): -15.1411311339 Size:  3
Vacancy Formation Energy (Cell Structure Relaxation): -15.1411308444 Size:  3
Vacancy Formation Energy (Cell Structure Relaxation): -15.1411311362 Size:  3
Vacancy Formation Energy (Cell Structure Relaxation): -15.141130891 Size:  3
Vacancy Formation Energy (Cell Structure Relaxation): -15.1411311418 Size:  3
Vacancy Formation Energy (Cell Structure Relaxation): -15.1411309681 Size:  3
Vacancy Formation Energy (Cell Structure Relaxation): -15.1411311424 Size:  3
Vacancy Formation Energy (Cell Structure Relaxation): -15.1411310821 Size:  3
Vacancy Formation Energy (Cell Structure Relaxation): -15.1411310631 Size:  3
Vacancy Formation Energy (Cell Structure Relaxation): -15.1411311455 Size:  3
Vacancy Formation Energy (Cell Structure Relaxation): -15.1411310798 Size:  3
Vacancy Formation Energy (Cell Structure Relaxation): -15.1411311499 Size:  3
Vacancy Formation Energy (Cell Structure Relaxation): -15.1411311214 Size:  3
Vacancy Formation Energy (Cell Structure Relaxation): -15.1411311638 Size:  3
Vacancy Formation Energy (Cell Structure Relaxation): -15.1411310971 Size:  3
Vacancy Formation Energy (Cell Structure Relaxation): -15.1411311666 Size:  3
Vacancy Formation Energy (Cell Structure Relaxation): -15.1411310385 Size:  3
Vacancy Formation Energy (Cell Structure Relaxation): -15.1411311712 Size:  3
Vacancy Formation Energy (Cell Structure Relaxation): -15.1411311171 Size:  3
Vacancy Formation Energy (Cell Structure Relaxation): -15.1411311646 Size:  3
Vacancy Formation Energy (Cell Structure Relaxation): -15.1411311693 Size:  3
Vacancy Formation Energy (Cell Structure Relaxation): -15.1411311613 Size:  3
Vacancy Formation Energy (Cell Structure Relaxation): -15.1411311599 Size:  3
Vacancy Formation Energy (Cell Structure Relaxation): -15.1411311732 Size:  3
Vacancy Formation Energy (Cell Structure Relaxation): -15.1411311441 Size:  3
Vacancy Formation Energy (Cell Structure Relaxation): -15.141131174 Size:  3
Vacancy Formation Energy (Cell Structure Relaxation): -15.1411311713 Size:  3
Vacancy Formation Energy (Cell Structure Relaxation): -15.1411311688 Size:  3
Vacancy Formation Energy (Cell Structure Relaxation): -15.1411311645 Size:  3
Vacancy Formation Energy (Cell Structure Relaxation): -15.1411311752 Size:  3
Vacancy Formation Energy (Cell Structure Relaxation): -15.1411311656 Size:  3
Vacancy Formation Energy (Cell Structure Relaxation): -15.1411311759 Size:  3
Vacancy Formation Energy (Cell Structure Relaxation): -15.1411311628 Size:  3
Vacancy Formation Energy (Cell Structure Relaxation): -15.1411311763 Size:  3
Vacancy Formation Energy (Cell Structure Relaxation): -15.1411311623 Size:  3
Vacancy Formation Energy (Cell Structure Relaxation): -15.1411311769 Size:  3
Vacancy Formation Energy (Cell Structure Relaxation): -15.1411311729 Size:  3
Vacancy Formation Energy (Cell Structure Relaxation): -15.1411311768 Size:  3
Vacancy Formation Energy (Cell Structure Relaxation): -15.1411311782 Size:  3
Vacancy Formation Energy (Cell Structure Relaxation): -15.1411311731 Size:  3
Vacancy Formation Energy (Cell Structure Relaxation): -15.1411311685 Size:  3
Vacancy Formation Energy (Cell Structure Relaxation): -15.1411311779 Size:  3
Vacancy Formation Energy (Cell Structure Relaxation): -15.141131178 Size:  3
Vacancy Formation Energy (Cell Structure Relaxation): -15.1411311753 Size:  3
Vacancy Formation Energy (Cell Structure Relaxation): -15.1411311782 Size:  3
Vacancy Formation Energy (Cell Structure Relaxation): -15.1411311786 Size:  3
Vacancy Formation Energy (Cell Structure Relaxation): -15.1411311749 Size:  3
Vacancy Formation Energy (Cell Structure Relaxation): -15.1411311781 Size:  3
Vacancy Formation Energy (Cell Structure Relaxation): -15.1411311775 Size:  3
Vacancy Formation Energy (Cell Structure Relaxation): -15.1411311791 Size:  3
Vacancy Formation Energy (Cell Structure Relaxation): -15.1411311768 Size:  3
Vacancy Formation Energy (Cell Structure Relaxation): -15.1411311792 Size:  3
Warning: Maximum number of function evaluations has been exceeded.
Summary:
Vacancy Formation Energy: -15.1411311792
Unrelaxed Cell Volume: 1925.0167347
Relaxed Cell Volume: 1875.83082557
Relaxation Volume: 49.1859091294
Relaxed Cell Vector:
[ 13.21375947  -0.03515806  11.84567335  -0.04283482   0.24493654
  11.98415779]
Unrelaxed Cell Vector:
[12.43974572112, 0.0, 12.43974572112, 0.0, 0.0, 12.43974572112]
Relaxed Cell:
[[ 13.21375947   0.           0.        ]
 [ -0.03515806  11.84567335   0.        ]
 [ -0.04283482   0.24493654  11.98415779]]
Unrelaxed Cell:
[[ 12.43974572   0.           0.        ]
 [  0.          12.43974572   0.        ]
 [  0.           0.          12.43974572]]
Vacancy Formation Energy < 0
Crystal Collapsed.
