Imported bulk from ase.lattice
Parameters Input: Al fcc EAM_Dynamo_Mendelev_Kramer_Al__MO_106969701023_001 [4.04525974393]

[Calculation]

Supercell Size: 3
Unrelaxed Cell:
[[ 12.13577923   0.           0.        ]
 [  0.          12.13577923   0.        ]
 [  0.           0.          12.13577923]]
Unrelaxed Cell Vector:
[12.13577923179, 0.0, 12.13577923179, 0.0, 0.0, 12.13577923179]
Vacancy Formation Energy (Cell Structure Relaxation): 0.670219934574 Size:  3
Vacancy Formation Energy (Cell Structure Relaxation): 1.95337234287 Size:  3
Vacancy Formation Energy (Cell Structure Relaxation): 0.67022000729 Size:  3
Vacancy Formation Energy (Cell Structure Relaxation): 1.95337234287 Size:  3
Vacancy Formation Energy (Cell Structure Relaxation): 0.67022000729 Size:  3
Vacancy Formation Energy (Cell Structure Relaxation): 0.670220007285 Size:  3
Vacancy Formation Energy (Cell Structure Relaxation): 1.95337234287 Size:  3
Vacancy Formation Energy (Cell Structure Relaxation): 1.95617065924 Size:  3
Vacancy Formation Energy (Cell Structure Relaxation): 1.24226514058 Size:  3
Vacancy Formation Energy (Cell Structure Relaxation): 1.94327408888 Size:  3
Vacancy Formation Energy (Cell Structure Relaxation): 2.31758844001 Size:  3
Vacancy Formation Energy (Cell Structure Relaxation): 1.08115954046 Size:  3
Vacancy Formation Energy (Cell Structure Relaxation): 1.68530714535 Size:  3
Vacancy Formation Energy (Cell Structure Relaxation): 1.06137088008 Size:  3
Vacancy Formation Energy (Cell Structure Relaxation): 0.917357610929 Size:  3
Vacancy Formation Energy (Cell Structure Relaxation): 1.11998640247 Size:  3
Vacancy Formation Energy (Cell Structure Relaxation): 0.801007920366 Size:  3
Vacancy Formation Energy (Cell Structure Relaxation): 1.10914849339 Size:  3
Vacancy Formation Energy (Cell Structure Relaxation): 0.783831279115 Size:  3
Vacancy Formation Energy (Cell Structure Relaxation): 1.02980057015 Size:  3
Vacancy Formation Energy (Cell Structure Relaxation): 0.704543541689 Size:  3
Vacancy Formation Energy (Cell Structure Relaxation): 0.735254503427 Size:  3
Vacancy Formation Energy (Cell Structure Relaxation): 0.774710911158 Size:  3
Vacancy Formation Energy (Cell Structure Relaxation): 0.683385555194 Size:  3
Vacancy Formation Energy (Cell Structure Relaxation): 0.730632390716 Size:  3
Vacancy Formation Energy (Cell Structure Relaxation): 0.678818109034 Size:  3
Vacancy Formation Energy (Cell Structure Relaxation): 0.701170991564 Size:  3
Vacancy Formation Energy (Cell Structure Relaxation): 0.670545426877 Size:  3
Vacancy Formation Energy (Cell Structure Relaxation): 0.747911795753 Size:  3
Vacancy Formation Energy (Cell Structure Relaxation): 0.659235654839 Size:  3
Vacancy Formation Energy (Cell Structure Relaxation): 0.672411671009 Size:  3
Vacancy Formation Energy (Cell Structure Relaxation): 0.661467520664 Size:  3
Vacancy Formation Energy (Cell Structure Relaxation): 0.662841837322 Size:  3
Vacancy Formation Energy (Cell Structure Relaxation): 0.657195575334 Size:  3
Vacancy Formation Energy (Cell Structure Relaxation): 0.659345234726 Size:  3
Vacancy Formation Energy (Cell Structure Relaxation): 0.658325340275 Size:  3
Vacancy Formation Energy (Cell Structure Relaxation): 0.661723882424 Size:  3
Vacancy Formation Energy (Cell Structure Relaxation): 0.669668923511 Size:  3
Vacancy Formation Energy (Cell Structure Relaxation): 0.661723895006 Size:  3
Vacancy Formation Energy (Cell Structure Relaxation): 0.666455587569 Size:  3
Vacancy Formation Energy (Cell Structure Relaxation): 0.658880819968 Size:  3
Vacancy Formation Energy (Cell Structure Relaxation): 0.657261905736 Size:  3
Vacancy Formation Energy (Cell Structure Relaxation): 0.658941886653 Size:  3
Vacancy Formation Energy (Cell Structure Relaxation): 0.661708705854 Size:  3
Vacancy Formation Energy (Cell Structure Relaxation): 0.658069302088 Size:  3
Vacancy Formation Energy (Cell Structure Relaxation): 0.6624672974 Size:  3
Vacancy Formation Energy (Cell Structure Relaxation): 0.657211246035 Size:  3
Vacancy Formation Energy (Cell Structure Relaxation): 0.661733097362 Size:  3
Vacancy Formation Energy (Cell Structure Relaxation): 0.657258584559 Size:  3
Vacancy Formation Energy (Cell Structure Relaxation): 0.658647656485 Size:  3
Vacancy Formation Energy (Cell Structure Relaxation): 0.657404321627 Size:  3
Vacancy Formation Energy (Cell Structure Relaxation): 0.658904012424 Size:  3
Vacancy Formation Energy (Cell Structure Relaxation): 0.657274181176 Size:  3
Vacancy Formation Energy (Cell Structure Relaxation): 0.657039967429 Size:  3
Vacancy Formation Energy (Cell Structure Relaxation): 0.658417694629 Size:  3
Vacancy Formation Energy (Cell Structure Relaxation): 0.657457375056 Size:  3
Vacancy Formation Energy (Cell Structure Relaxation): 0.656990811115 Size:  3
Vacancy Formation Energy (Cell Structure Relaxation): 0.657030086133 Size:  3
Vacancy Formation Energy (Cell Structure Relaxation): 0.657182247429 Size:  3
Vacancy Formation Energy (Cell Structure Relaxation): 0.657892237357 Size:  3
Vacancy Formation Energy (Cell Structure Relaxation): 0.656869515457 Size:  3
Vacancy Formation Energy (Cell Structure Relaxation): 0.657122778337 Size:  3
Vacancy Formation Energy (Cell Structure Relaxation): 0.657170209163 Size:  3
Vacancy Formation Energy (Cell Structure Relaxation): 0.657815797797 Size:  3
Vacancy Formation Energy (Cell Structure Relaxation): 0.656846254085 Size:  3
Vacancy Formation Energy (Cell Structure Relaxation): 0.6571529459 Size:  3
Vacancy Formation Energy (Cell Structure Relaxation): 0.65689603796 Size:  3
Vacancy Formation Energy (Cell Structure Relaxation): 0.657031423489 Size:  3
Vacancy Formation Energy (Cell Structure Relaxation): 0.657252976021 Size:  3
Vacancy Formation Energy (Cell Structure Relaxation): 0.656839991383 Size:  3
Vacancy Formation Energy (Cell Structure Relaxation): 0.657183979866 Size:  3
Vacancy Formation Energy (Cell Structure Relaxation): 0.656845040739 Size:  3
Vacancy Formation Energy (Cell Structure Relaxation): 0.657198363838 Size:  3
Vacancy Formation Energy (Cell Structure Relaxation): 0.656844989954 Size:  3
Vacancy Formation Energy (Cell Structure Relaxation): 0.656973921655 Size:  3
Vacancy Formation Energy (Cell Structure Relaxation): 0.656841995689 Size:  3
Vacancy Formation Energy (Cell Structure Relaxation): 0.656926788627 Size:  3
Vacancy Formation Energy (Cell Structure Relaxation): 0.656821353839 Size:  3
Vacancy Formation Energy (Cell Structure Relaxation): 0.656976522532 Size:  3
Vacancy Formation Energy (Cell Structure Relaxation): 0.656808730853 Size:  3
Vacancy Formation Energy (Cell Structure Relaxation): 0.656825854371 Size:  3
Vacancy Formation Energy (Cell Structure Relaxation): 0.656904315657 Size:  3
Vacancy Formation Energy (Cell Structure Relaxation): 0.656805846291 Size:  3
Vacancy Formation Energy (Cell Structure Relaxation): 0.656880135795 Size:  3
Vacancy Formation Energy (Cell Structure Relaxation): 0.65680856698 Size:  3
Vacancy Formation Energy (Cell Structure Relaxation): 0.656842707278 Size:  3
Vacancy Formation Energy (Cell Structure Relaxation): 0.656810709788 Size:  3
Vacancy Formation Energy (Cell Structure Relaxation): 0.656875071923 Size:  3
Vacancy Formation Energy (Cell Structure Relaxation): 0.656807068187 Size:  3
Vacancy Formation Energy (Cell Structure Relaxation): 0.656827271063 Size:  3
Vacancy Formation Energy (Cell Structure Relaxation): 0.656806802782 Size:  3
Vacancy Formation Energy (Cell Structure Relaxation): 0.656817396105 Size:  3
Vacancy Formation Energy (Cell Structure Relaxation): 0.65680389223 Size:  3
Vacancy Formation Energy (Cell Structure Relaxation): 0.656812593259 Size:  3
Vacancy Formation Energy (Cell Structure Relaxation): 0.656802368628 Size:  3
Vacancy Formation Energy (Cell Structure Relaxation): 0.656813502552 Size:  3
Vacancy Formation Energy (Cell Structure Relaxation): 0.656801608814 Size:  3
Vacancy Formation Energy (Cell Structure Relaxation): 0.656808933395 Size:  3
Vacancy Formation Energy (Cell Structure Relaxation): 0.656801904653 Size:  3
Vacancy Formation Energy (Cell Structure Relaxation): 0.656810675191 Size:  3
Vacancy Formation Energy (Cell Structure Relaxation): 0.656801198894 Size:  3
Vacancy Formation Energy (Cell Structure Relaxation): 0.65680900761 Size:  3
Vacancy Formation Energy (Cell Structure Relaxation): 0.656801249087 Size:  3
Vacancy Formation Energy (Cell Structure Relaxation): 0.656817947444 Size:  3
Vacancy Formation Energy (Cell Structure Relaxation): 0.65680020927 Size:  3
Vacancy Formation Energy (Cell Structure Relaxation): 0.656803462776 Size:  3
Vacancy Formation Energy (Cell Structure Relaxation): 0.656800713562 Size:  3
Vacancy Formation Energy (Cell Structure Relaxation): 0.656801603261 Size:  3
Vacancy Formation Energy (Cell Structure Relaxation): 0.656800869314 Size:  3
Vacancy Formation Energy (Cell Structure Relaxation): 0.656800633466 Size:  3
Vacancy Formation Energy (Cell Structure Relaxation): 0.656804863657 Size:  3
Vacancy Formation Energy (Cell Structure Relaxation): 0.656799718912 Size:  3
Vacancy Formation Energy (Cell Structure Relaxation): 0.656803878846 Size:  3
Vacancy Formation Energy (Cell Structure Relaxation): 0.656799731598 Size:  3
Vacancy Formation Energy (Cell Structure Relaxation): 0.656801143043 Size:  3
Vacancy Formation Energy (Cell Structure Relaxation): 0.656799939757 Size:  3
Vacancy Formation Energy (Cell Structure Relaxation): 0.656799784342 Size:  3
Vacancy Formation Energy (Cell Structure Relaxation): 0.656800810312 Size:  3
Vacancy Formation Energy (Cell Structure Relaxation): 0.656799699798 Size:  3
Vacancy Formation Energy (Cell Structure Relaxation): 0.656801227778 Size:  3
Vacancy Formation Energy (Cell Structure Relaxation): 0.656799627868 Size:  3
Vacancy Formation Energy (Cell Structure Relaxation): 0.656801266346 Size:  3
Vacancy Formation Energy (Cell Structure Relaxation): 0.656799490516 Size:  3
Vacancy Formation Energy (Cell Structure Relaxation): 0.656799953506 Size:  3
Vacancy Formation Energy (Cell Structure Relaxation): 0.656799522792 Size:  3
Vacancy Formation Energy (Cell Structure Relaxation): 0.656800375942 Size:  3
Vacancy Formation Energy (Cell Structure Relaxation): 0.656799435092 Size:  3
Vacancy Formation Energy (Cell Structure Relaxation): 0.656799683637 Size:  3
Vacancy Formation Energy (Cell Structure Relaxation): 0.656799975412 Size:  3
Vacancy Formation Energy (Cell Structure Relaxation): 0.656799449053 Size:  3
Vacancy Formation Energy (Cell Structure Relaxation): 0.656799858196 Size:  3
Vacancy Formation Energy (Cell Structure Relaxation): 0.656799454003 Size:  3
Vacancy Formation Energy (Cell Structure Relaxation): 0.65679957467 Size:  3
Vacancy Formation Energy (Cell Structure Relaxation): 0.656799805926 Size:  3
Vacancy Formation Energy (Cell Structure Relaxation): 0.656799423492 Size:  3
Vacancy Formation Energy (Cell Structure Relaxation): 0.656799623273 Size:  3
Vacancy Formation Energy (Cell Structure Relaxation): 0.656799422145 Size:  3
Vacancy Formation Energy (Cell Structure Relaxation): 0.656799460107 Size:  3
Vacancy Formation Energy (Cell Structure Relaxation): 0.656799615603 Size:  3
Vacancy Formation Energy (Cell Structure Relaxation): 0.656799388346 Size:  3
Vacancy Formation Energy (Cell Structure Relaxation): 0.656799543341 Size:  3
Vacancy Formation Energy (Cell Structure Relaxation): 0.65679938583 Size:  3
Vacancy Formation Energy (Cell Structure Relaxation): 0.65679940932 Size:  3
Vacancy Formation Energy (Cell Structure Relaxation): 0.656799544347 Size:  3
Vacancy Formation Energy (Cell Structure Relaxation): 0.656799378208 Size:  3
Vacancy Formation Energy (Cell Structure Relaxation): 0.656799452853 Size:  3
Vacancy Formation Energy (Cell Structure Relaxation): 0.656799382122 Size:  3
Vacancy Formation Energy (Cell Structure Relaxation): 0.656799453337 Size:  3
Vacancy Formation Energy (Cell Structure Relaxation): 0.65679937804 Size:  3
Vacancy Formation Energy (Cell Structure Relaxation): 0.656799443866 Size:  3
Vacancy Formation Energy (Cell Structure Relaxation): 0.656799378357 Size:  3
Vacancy Formation Energy (Cell Structure Relaxation): 0.656799428679 Size:  3
Vacancy Formation Energy (Cell Structure Relaxation): 0.656799375348 Size:  3
Vacancy Formation Energy (Cell Structure Relaxation): 0.656799411931 Size:  3
Vacancy Formation Energy (Cell Structure Relaxation): 0.656799370025 Size:  3
Vacancy Formation Energy (Cell Structure Relaxation): 0.656799372515 Size:  3
Vacancy Formation Energy (Cell Structure Relaxation): 0.656799381432 Size:  3
Vacancy Formation Energy (Cell Structure Relaxation): 0.656799368931 Size:  3
Vacancy Formation Energy (Cell Structure Relaxation): 0.65679937847 Size:  3
Vacancy Formation Energy (Cell Structure Relaxation): 0.656799368082 Size:  3
Vacancy Formation Energy (Cell Structure Relaxation): 0.656799383429 Size:  3
Vacancy Formation Energy (Cell Structure Relaxation): 0.656799367483 Size:  3
Vacancy Formation Energy (Cell Structure Relaxation): 0.656799378217 Size:  3
Vacancy Formation Energy (Cell Structure Relaxation): 0.656799367796 Size:  3
Vacancy Formation Energy (Cell Structure Relaxation): 0.656799393918 Size:  3
Vacancy Formation Energy (Cell Structure Relaxation): 0.656799365562 Size:  3
Vacancy Formation Energy (Cell Structure Relaxation): 0.65679937991 Size:  3
Vacancy Formation Energy (Cell Structure Relaxation): 0.656799366062 Size:  3
Vacancy Formation Energy (Cell Structure Relaxation): 0.656799372595 Size:  3
Vacancy Formation Energy (Cell Structure Relaxation): 0.65679936593 Size:  3
Vacancy Formation Energy (Cell Structure Relaxation): 0.656799367212 Size:  3
Vacancy Formation Energy (Cell Structure Relaxation): 0.656799365711 Size:  3
Vacancy Formation Energy (Cell Structure Relaxation): 0.656799368553 Size:  3
Vacancy Formation Energy (Cell Structure Relaxation): 0.656799365093 Size:  3
Vacancy Formation Energy (Cell Structure Relaxation): 0.656799368791 Size:  3
Vacancy Formation Energy (Cell Structure Relaxation): 0.656799364959 Size:  3
Vacancy Formation Energy (Cell Structure Relaxation): 0.656799368522 Size:  3
Vacancy Formation Energy (Cell Structure Relaxation): 0.656799364882 Size:  3
Vacancy Formation Energy (Cell Structure Relaxation): 0.656799368602 Size:  3
Vacancy Formation Energy (Cell Structure Relaxation): 0.656799364511 Size:  3
Vacancy Formation Energy (Cell Structure Relaxation): 0.656799365313 Size:  3
Vacancy Formation Energy (Cell Structure Relaxation): 0.656799366936 Size:  3
Vacancy Formation Energy (Cell Structure Relaxation): 0.656799364499 Size:  3
Vacancy Formation Energy (Cell Structure Relaxation): 0.656799366233 Size:  3
Vacancy Formation Energy (Cell Structure Relaxation): 0.656799364527 Size:  3
Vacancy Formation Energy (Cell Structure Relaxation): 0.656799365882 Size:  3
Vacancy Formation Energy (Cell Structure Relaxation): 0.656799364463 Size:  3
Vacancy Formation Energy (Cell Structure Relaxation): 0.656799365927 Size:  3
Vacancy Formation Energy (Cell Structure Relaxation): 0.656799364396 Size:  3
Vacancy Formation Energy (Cell Structure Relaxation): 0.656799364951 Size:  3
Vacancy Formation Energy (Cell Structure Relaxation): 0.656799364437 Size:  3
Vacancy Formation Energy (Cell Structure Relaxation): 0.656799364487 Size:  3
Vacancy Formation Energy (Cell Structure Relaxation): 0.656799364638 Size:  3
Vacancy Formation Energy (Cell Structure Relaxation): 0.656799364274 Size:  3
Vacancy Formation Energy (Cell Structure Relaxation): 0.656799364882 Size:  3
Vacancy Formation Energy (Cell Structure Relaxation): 0.656799364247 Size:  3
Vacancy Formation Energy (Cell Structure Relaxation): 0.656799364253 Size:  3
Vacancy Formation Energy (Cell Structure Relaxation): 0.656799365053 Size:  3
Vacancy Formation Energy (Cell Structure Relaxation): 0.65679936421 Size:  3
Vacancy Formation Energy (Cell Structure Relaxation): 0.656799364411 Size:  3
Vacancy Formation Energy (Cell Structure Relaxation): 0.656799364503 Size:  3
Vacancy Formation Energy (Cell Structure Relaxation): 0.656799364237 Size:  3
Vacancy Formation Energy (Cell Structure Relaxation): 0.656799364442 Size:  3
Vacancy Formation Energy (Cell Structure Relaxation): 0.65679936423 Size:  3
Vacancy Formation Energy (Cell Structure Relaxation): 0.656799364288 Size:  3
Vacancy Formation Energy (Cell Structure Relaxation): 0.656799364184 Size:  3
Optimization terminated successfully.
         Current function value: 0.656799
         Iterations: 115
         Function evaluations: 206
Summary:
Vacancy Formation Energy: 0.656799364184
Unrelaxed Cell Volume: 1787.32282735
Relaxed Cell Volume: 1781.8174518
Relaxation Volume: 5.50537555445
Relaxed Cell Vector:
[  1.21236491e+01   6.61625388e-05   1.21233119e+01  -6.86690287e-05
   1.34743805e-04   1.21229572e+01]
Unrelaxed Cell Vector:
[12.13577923179, 0.0, 12.13577923179, 0.0, 0.0, 12.13577923179]
Relaxed Cell:
[[  1.21236491e+01   0.00000000e+00   0.00000000e+00]
 [  6.61625388e-05   1.21233119e+01   0.00000000e+00]
 [ -6.86690287e-05   1.34743805e-04   1.21229572e+01]]
Unrelaxed Cell:
[[ 12.13577923   0.           0.        ]
 [  0.          12.13577923   0.        ]
 [  0.           0.          12.13577923]]

Supercell Size: 4
Unrelaxed Cell:
[[ 16.18103898   0.           0.        ]
 [  0.          16.18103898   0.        ]
 [  0.           0.          16.18103898]]
Unrelaxed Cell Vector:
[16.18103897572, 0.0, 16.18103897572, 0.0, 0.0, 16.18103897572]
Vacancy Formation Energy (Cell Structure Relaxation): 0.670137576354 Size:  4
Vacancy Formation Energy (Cell Structure Relaxation): 3.54425195772 Size:  4
Vacancy Formation Energy (Cell Structure Relaxation): 0.670137673882 Size:  4
Vacancy Formation Energy (Cell Structure Relaxation): 3.54425195772 Size:  4
Vacancy Formation Energy (Cell Structure Relaxation): 0.670137673882 Size:  4
Vacancy Formation Energy (Cell Structure Relaxation): 0.670137673885 Size:  4
Vacancy Formation Energy (Cell Structure Relaxation): 3.54425195772 Size:  4
Vacancy Formation Energy (Cell Structure Relaxation): 3.83253365046 Size:  4
Vacancy Formation Energy (Cell Structure Relaxation): 1.9118668698 Size:  4
Vacancy Formation Energy (Cell Structure Relaxation): 3.8191600556 Size:  4
Vacancy Formation Energy (Cell Structure Relaxation): 1.83369426441 Size:  4
Vacancy Formation Energy (Cell Structure Relaxation): 3.82951138326 Size:  4
Vacancy Formation Energy (Cell Structure Relaxation): 1.75344533258 Size:  4
Vacancy Formation Energy (Cell Structure Relaxation): 1.2893766443 Size:  4
Vacancy Formation Energy (Cell Structure Relaxation): 1.73525580767 Size:  4
Vacancy Formation Energy (Cell Structure Relaxation): 2.79140378181 Size:  4
Vacancy Formation Energy (Cell Structure Relaxation): 0.905194611397 Size:  4
Vacancy Formation Energy (Cell Structure Relaxation): 1.50566855352 Size:  4
Vacancy Formation Energy (Cell Structure Relaxation): 0.91180894155 Size:  4
Vacancy Formation Energy (Cell Structure Relaxation): 1.27685008231 Size:  4
Vacancy Formation Energy (Cell Structure Relaxation): 0.882321946395 Size:  4
Vacancy Formation Energy (Cell Structure Relaxation): 0.806301974001 Size:  4
Vacancy Formation Energy (Cell Structure Relaxation): 0.870025221467 Size:  4
Vacancy Formation Energy (Cell Structure Relaxation): 0.932518369066 Size:  4
Vacancy Formation Energy (Cell Structure Relaxation): 0.719192291689 Size:  4
Vacancy Formation Energy (Cell Structure Relaxation): 0.856268157129 Size:  4
Vacancy Formation Energy (Cell Structure Relaxation): 0.721040547292 Size:  4
Vacancy Formation Energy (Cell Structure Relaxation): 0.80909341129 Size:  4
Vacancy Formation Energy (Cell Structure Relaxation): 0.695573791596 Size:  4
Vacancy Formation Energy (Cell Structure Relaxation): 0.699065723186 Size:  4
Vacancy Formation Energy (Cell Structure Relaxation): 0.694345219243 Size:  4
Vacancy Formation Energy (Cell Structure Relaxation): 0.702687510882 Size:  4
Vacancy Formation Energy (Cell Structure Relaxation): 0.667963973875 Size:  4
Vacancy Formation Energy (Cell Structure Relaxation): 0.694649065361 Size:  4
Vacancy Formation Energy (Cell Structure Relaxation): 0.668068842436 Size:  4
Vacancy Formation Energy (Cell Structure Relaxation): 0.711292266799 Size:  4
Vacancy Formation Energy (Cell Structure Relaxation): 0.665604773379 Size:  4
Vacancy Formation Energy (Cell Structure Relaxation): 0.662147556357 Size:  4
Vacancy Formation Energy (Cell Structure Relaxation): 0.669799187136 Size:  4
Vacancy Formation Energy (Cell Structure Relaxation): 0.666736757746 Size:  4
Vacancy Formation Energy (Cell Structure Relaxation): 0.67605165665 Size:  4
Vacancy Formation Energy (Cell Structure Relaxation): 0.658970980731 Size:  4
Vacancy Formation Energy (Cell Structure Relaxation): 0.679978612382 Size:  4
Vacancy Formation Energy (Cell Structure Relaxation): 0.659010940355 Size:  4
Vacancy Formation Energy (Cell Structure Relaxation): 0.668219075661 Size:  4
Vacancy Formation Energy (Cell Structure Relaxation): 0.662781144564 Size:  4
Vacancy Formation Energy (Cell Structure Relaxation): 0.670019270572 Size:  4
Vacancy Formation Energy (Cell Structure Relaxation): 0.66250180161 Size:  4
Vacancy Formation Energy (Cell Structure Relaxation): 0.658790532819 Size:  4
Vacancy Formation Energy (Cell Structure Relaxation): 0.661991857323 Size:  4
Vacancy Formation Energy (Cell Structure Relaxation): 0.664867324126 Size:  4
Vacancy Formation Energy (Cell Structure Relaxation): 0.660893098494 Size:  4
Vacancy Formation Energy (Cell Structure Relaxation): 0.660056236039 Size:  4
Vacancy Formation Energy (Cell Structure Relaxation): 0.660454875957 Size:  4
Vacancy Formation Energy (Cell Structure Relaxation): 0.663734356341 Size:  4
Vacancy Formation Energy (Cell Structure Relaxation): 0.659595112653 Size:  4
Vacancy Formation Energy (Cell Structure Relaxation): 0.659024747358 Size:  4
Vacancy Formation Energy (Cell Structure Relaxation): 0.660603773313 Size:  4
Vacancy Formation Energy (Cell Structure Relaxation): 0.659119842208 Size:  4
Vacancy Formation Energy (Cell Structure Relaxation): 0.661138978395 Size:  4
Vacancy Formation Energy (Cell Structure Relaxation): 0.658934730061 Size:  4
Vacancy Formation Energy (Cell Structure Relaxation): 0.659710401892 Size:  4
Vacancy Formation Energy (Cell Structure Relaxation): 0.658903299802 Size:  4
Vacancy Formation Energy (Cell Structure Relaxation): 0.658904209487 Size:  4
Vacancy Formation Energy (Cell Structure Relaxation): 0.660599695035 Size:  4
Vacancy Formation Energy (Cell Structure Relaxation): 0.658627392406 Size:  4
Vacancy Formation Energy (Cell Structure Relaxation): 0.658649860668 Size:  4
Vacancy Formation Energy (Cell Structure Relaxation): 0.658771557353 Size:  4
Vacancy Formation Energy (Cell Structure Relaxation): 0.658841592612 Size:  4
Vacancy Formation Energy (Cell Structure Relaxation): 0.658919563692 Size:  4
Vacancy Formation Energy (Cell Structure Relaxation): 0.658677981706 Size:  4
Vacancy Formation Energy (Cell Structure Relaxation): 0.659002031321 Size:  4
Vacancy Formation Energy (Cell Structure Relaxation): 0.658668237397 Size:  4
Vacancy Formation Energy (Cell Structure Relaxation): 0.658906028436 Size:  4
Vacancy Formation Energy (Cell Structure Relaxation): 0.658654986744 Size:  4
Vacancy Formation Energy (Cell Structure Relaxation): 0.658977470817 Size:  4
Vacancy Formation Energy (Cell Structure Relaxation): 0.658632551543 Size:  4
Vacancy Formation Energy (Cell Structure Relaxation): 0.658831623312 Size:  4
Vacancy Formation Energy (Cell Structure Relaxation): 0.658639589988 Size:  4
Vacancy Formation Energy (Cell Structure Relaxation): 0.658681767932 Size:  4
Vacancy Formation Energy (Cell Structure Relaxation): 0.65862164301 Size:  4
Vacancy Formation Energy (Cell Structure Relaxation): 0.658709822497 Size:  4
Vacancy Formation Energy (Cell Structure Relaxation): 0.658615648752 Size:  4
Vacancy Formation Energy (Cell Structure Relaxation): 0.658669087609 Size:  4
Vacancy Formation Energy (Cell Structure Relaxation): 0.658614855342 Size:  4
Vacancy Formation Energy (Cell Structure Relaxation): 0.65867136538 Size:  4
Vacancy Formation Energy (Cell Structure Relaxation): 0.658612809451 Size:  4
Vacancy Formation Energy (Cell Structure Relaxation): 0.658658030334 Size:  4
Vacancy Formation Energy (Cell Structure Relaxation): 0.658610548376 Size:  4
Vacancy Formation Energy (Cell Structure Relaxation): 0.658665477708 Size:  4
Vacancy Formation Energy (Cell Structure Relaxation): 0.658607765067 Size:  4
Vacancy Formation Energy (Cell Structure Relaxation): 0.65863859287 Size:  4
Vacancy Formation Energy (Cell Structure Relaxation): 0.658608649377 Size:  4
Vacancy Formation Energy (Cell Structure Relaxation): 0.658620679267 Size:  4
Vacancy Formation Energy (Cell Structure Relaxation): 0.658607736663 Size:  4
Vacancy Formation Energy (Cell Structure Relaxation): 0.658634604068 Size:  4
Vacancy Formation Energy (Cell Structure Relaxation): 0.658604962743 Size:  4
Vacancy Formation Energy (Cell Structure Relaxation): 0.658614840646 Size:  4
Vacancy Formation Energy (Cell Structure Relaxation): 0.658606535946 Size:  4
Vacancy Formation Energy (Cell Structure Relaxation): 0.658614359774 Size:  4
Vacancy Formation Energy (Cell Structure Relaxation): 0.658605810663 Size:  4
Vacancy Formation Energy (Cell Structure Relaxation): 0.65861399137 Size:  4
Vacancy Formation Energy (Cell Structure Relaxation): 0.658605059959 Size:  4
Vacancy Formation Energy (Cell Structure Relaxation): 0.658607998418 Size:  4
Vacancy Formation Energy (Cell Structure Relaxation): 0.658604603801 Size:  4
Vacancy Formation Energy (Cell Structure Relaxation): 0.658611216777 Size:  4
Vacancy Formation Energy (Cell Structure Relaxation): 0.658604291897 Size:  4
Vacancy Formation Energy (Cell Structure Relaxation): 0.65860721079 Size:  4
Vacancy Formation Energy (Cell Structure Relaxation): 0.658604359231 Size:  4
Vacancy Formation Energy (Cell Structure Relaxation): 0.658603907038 Size:  4
Vacancy Formation Energy (Cell Structure Relaxation): 0.658608443294 Size:  4
Vacancy Formation Energy (Cell Structure Relaxation): 0.658604847878 Size:  4
Vacancy Formation Energy (Cell Structure Relaxation): 0.658607523084 Size:  4
Vacancy Formation Energy (Cell Structure Relaxation): 0.658603279478 Size:  4
Vacancy Formation Energy (Cell Structure Relaxation): 0.658605473272 Size:  4
Vacancy Formation Energy (Cell Structure Relaxation): 0.658603438971 Size:  4
Vacancy Formation Energy (Cell Structure Relaxation): 0.658605725175 Size:  4
Vacancy Formation Energy (Cell Structure Relaxation): 0.658603371468 Size:  4
Vacancy Formation Energy (Cell Structure Relaxation): 0.658604899347 Size:  4
Vacancy Formation Energy (Cell Structure Relaxation): 0.658603357257 Size:  4
Vacancy Formation Energy (Cell Structure Relaxation): 0.658604719205 Size:  4
Vacancy Formation Energy (Cell Structure Relaxation): 0.658603282385 Size:  4
Vacancy Formation Energy (Cell Structure Relaxation): 0.658605658892 Size:  4
Vacancy Formation Energy (Cell Structure Relaxation): 0.658603179612 Size:  4
Vacancy Formation Energy (Cell Structure Relaxation): 0.658604093005 Size:  4
Vacancy Formation Energy (Cell Structure Relaxation): 0.658603196216 Size:  4
Vacancy Formation Energy (Cell Structure Relaxation): 0.658603548841 Size:  4
Vacancy Formation Energy (Cell Structure Relaxation): 0.658603085685 Size:  4
Vacancy Formation Energy (Cell Structure Relaxation): 0.658603568302 Size:  4
Vacancy Formation Energy (Cell Structure Relaxation): 0.658603060147 Size:  4
Vacancy Formation Energy (Cell Structure Relaxation): 0.658603359346 Size:  4
Vacancy Formation Energy (Cell Structure Relaxation): 0.658603071775 Size:  4
Vacancy Formation Energy (Cell Structure Relaxation): 0.658603192669 Size:  4
Vacancy Formation Energy (Cell Structure Relaxation): 0.658603793393 Size:  4
Vacancy Formation Energy (Cell Structure Relaxation): 0.658602999348 Size:  4
Vacancy Formation Energy (Cell Structure Relaxation): 0.658603215295 Size:  4
Vacancy Formation Energy (Cell Structure Relaxation): 0.658603026134 Size:  4
Vacancy Formation Energy (Cell Structure Relaxation): 0.65860326 Size:  4
Vacancy Formation Energy (Cell Structure Relaxation): 0.658603019328 Size:  4
Vacancy Formation Energy (Cell Structure Relaxation): 0.658603345838 Size:  4
Vacancy Formation Energy (Cell Structure Relaxation): 0.658603007432 Size:  4
Vacancy Formation Energy (Cell Structure Relaxation): 0.658603012159 Size:  4
Vacancy Formation Energy (Cell Structure Relaxation): 0.658603130571 Size:  4
Vacancy Formation Energy (Cell Structure Relaxation): 0.658602983705 Size:  4
Vacancy Formation Energy (Cell Structure Relaxation): 0.658603051629 Size:  4
Vacancy Formation Energy (Cell Structure Relaxation): 0.658602981967 Size:  4
Vacancy Formation Energy (Cell Structure Relaxation): 0.658603119336 Size:  4
Vacancy Formation Energy (Cell Structure Relaxation): 0.658602968491 Size:  4
Vacancy Formation Energy (Cell Structure Relaxation): 0.658603075484 Size:  4
Vacancy Formation Energy (Cell Structure Relaxation): 0.658602971081 Size:  4
Vacancy Formation Energy (Cell Structure Relaxation): 0.658602984292 Size:  4
Vacancy Formation Energy (Cell Structure Relaxation): 0.658603028878 Size:  4
Vacancy Formation Energy (Cell Structure Relaxation): 0.658602968501 Size:  4
Vacancy Formation Energy (Cell Structure Relaxation): 0.658603031646 Size:  4
Vacancy Formation Energy (Cell Structure Relaxation): 0.658602965677 Size:  4
Vacancy Formation Energy (Cell Structure Relaxation): 0.658603002489 Size:  4
Vacancy Formation Energy (Cell Structure Relaxation): 0.65860296348 Size:  4
Vacancy Formation Energy (Cell Structure Relaxation): 0.658603003273 Size:  4
Vacancy Formation Energy (Cell Structure Relaxation): 0.658602963319 Size:  4
Vacancy Formation Energy (Cell Structure Relaxation): 0.6586029941 Size:  4
Vacancy Formation Energy (Cell Structure Relaxation): 0.658602963628 Size:  4
Vacancy Formation Energy (Cell Structure Relaxation): 0.658602966556 Size:  4
Vacancy Formation Energy (Cell Structure Relaxation): 0.658602978863 Size:  4
Vacancy Formation Energy (Cell Structure Relaxation): 0.658602960131 Size:  4
Vacancy Formation Energy (Cell Structure Relaxation): 0.658602972726 Size:  4
Vacancy Formation Energy (Cell Structure Relaxation): 0.658602960722 Size:  4
Vacancy Formation Energy (Cell Structure Relaxation): 0.658602966955 Size:  4
Vacancy Formation Energy (Cell Structure Relaxation): 0.658602960556 Size:  4
Vacancy Formation Energy (Cell Structure Relaxation): 0.65860296937 Size:  4
Vacancy Formation Energy (Cell Structure Relaxation): 0.658602960002 Size:  4
Vacancy Formation Energy (Cell Structure Relaxation): 0.658602968697 Size:  4
Vacancy Formation Energy (Cell Structure Relaxation): 0.658602959403 Size:  4
Vacancy Formation Energy (Cell Structure Relaxation): 0.658602967546 Size:  4
Vacancy Formation Energy (Cell Structure Relaxation): 0.658602959495 Size:  4
Vacancy Formation Energy (Cell Structure Relaxation): 0.658602962453 Size:  4
Vacancy Formation Energy (Cell Structure Relaxation): 0.65860295943 Size:  4
Vacancy Formation Energy (Cell Structure Relaxation): 0.658602959769 Size:  4
Vacancy Formation Energy (Cell Structure Relaxation): 0.658602960808 Size:  4
Vacancy Formation Energy (Cell Structure Relaxation): 0.658602958919 Size:  4
Vacancy Formation Energy (Cell Structure Relaxation): 0.658602962941 Size:  4
Vacancy Formation Energy (Cell Structure Relaxation): 0.65860295858 Size:  4
Vacancy Formation Energy (Cell Structure Relaxation): 0.658602959017 Size:  4
Vacancy Formation Energy (Cell Structure Relaxation): 0.658602961429 Size:  4
Vacancy Formation Energy (Cell Structure Relaxation): 0.658602958551 Size:  4
Vacancy Formation Energy (Cell Structure Relaxation): 0.658602960363 Size:  4
Vacancy Formation Energy (Cell Structure Relaxation): 0.65860295856 Size:  4
Vacancy Formation Energy (Cell Structure Relaxation): 0.658602960508 Size:  4
Vacancy Formation Energy (Cell Structure Relaxation): 0.658602958543 Size:  4
Vacancy Formation Energy (Cell Structure Relaxation): 0.658602958548 Size:  4
Vacancy Formation Energy (Cell Structure Relaxation): 0.658602959228 Size:  4
Vacancy Formation Energy (Cell Structure Relaxation): 0.658602958434 Size:  4
Vacancy Formation Energy (Cell Structure Relaxation): 0.658602959039 Size:  4
Vacancy Formation Energy (Cell Structure Relaxation): 0.658602958379 Size:  4
Vacancy Formation Energy (Cell Structure Relaxation): 0.65860295842 Size:  4
Vacancy Formation Energy (Cell Structure Relaxation): 0.658602958068 Size:  4
Vacancy Formation Energy (Cell Structure Relaxation): 0.658602958166 Size:  4
Vacancy Formation Energy (Cell Structure Relaxation): 0.658602959081 Size:  4
Vacancy Formation Energy (Cell Structure Relaxation): 0.658602958201 Size:  4
Vacancy Formation Energy (Cell Structure Relaxation): 0.658602959068 Size:  4
Vacancy Formation Energy (Cell Structure Relaxation): 0.658602958226 Size:  4
Vacancy Formation Energy (Cell Structure Relaxation): 0.658602958341 Size:  4
Vacancy Formation Energy (Cell Structure Relaxation): 0.658602958559 Size:  4
Vacancy Formation Energy (Cell Structure Relaxation): 0.658602958209 Size:  4
Optimization terminated successfully.
         Current function value: 0.658603
         Iterations: 111
         Function evaluations: 203
Summary:
Vacancy Formation Energy: 0.658602958068
Unrelaxed Cell Volume: 4236.61707224
Relaxed Cell Volume: 4231.06740425
Relaxation Volume: 5.54966799228
Relaxed Cell Vector:
[  1.61737190e+01   6.20753878e-05   1.61740899e+01   2.08320068e-04
  -5.55407998e-05   1.61741027e+01]
Unrelaxed Cell Vector:
[16.18103897572, 0.0, 16.18103897572, 0.0, 0.0, 16.18103897572]
Relaxed Cell:
[[  1.61737190e+01   0.00000000e+00   0.00000000e+00]
 [  6.20753878e-05   1.61740899e+01   0.00000000e+00]
 [  2.08320068e-04  -5.55407998e-05   1.61741027e+01]]
Unrelaxed Cell:
[[ 16.18103898   0.           0.        ]
 [  0.          16.18103898   0.        ]
 [  0.           0.          16.18103898]]

Supercell Size: 5
Unrelaxed Cell:
[[ 20.22629872   0.           0.        ]
 [  0.          20.22629872   0.        ]
 [  0.           0.          20.22629872]]
Unrelaxed Cell Vector:
[20.22629871965, 0.0, 20.22629871965, 0.0, 0.0, 20.22629871965]
Vacancy Formation Energy (Cell Structure Relaxation): 0.670134710571 Size:  5
Vacancy Formation Energy (Cell Structure Relaxation): 6.16721159916 Size:  5
Vacancy Formation Energy (Cell Structure Relaxation): 0.670134831882 Size:  5
Vacancy Formation Energy (Cell Structure Relaxation): 6.16721159914 Size:  5
Vacancy Formation Energy (Cell Structure Relaxation): 0.670134831867 Size:  5
Vacancy Formation Energy (Cell Structure Relaxation): 0.670134831857 Size:  5
Vacancy Formation Energy (Cell Structure Relaxation): 6.16721159915 Size:  5
Vacancy Formation Energy (Cell Structure Relaxation): 6.92669298342 Size:  5
Vacancy Formation Energy (Cell Structure Relaxation): 3.01639599124 Size:  5
Vacancy Formation Energy (Cell Structure Relaxation): 6.91300617872 Size:  5
Vacancy Formation Energy (Cell Structure Relaxation): 2.86929108542 Size:  5
Vacancy Formation Energy (Cell Structure Relaxation): 6.9467923571 Size:  5
Vacancy Formation Energy (Cell Structure Relaxation): 2.71633988154 Size:  5
Vacancy Formation Energy (Cell Structure Relaxation): 1.92534051865 Size:  5
Vacancy Formation Energy (Cell Structure Relaxation): 2.83058524819 Size:  5
Vacancy Formation Energy (Cell Structure Relaxation): 1.11819244476 Size:  5
Vacancy Formation Energy (Cell Structure Relaxation): 4.16082472455 Size:  5
Vacancy Formation Energy (Cell Structure Relaxation): 1.15673145846 Size:  5
Vacancy Formation Energy (Cell Structure Relaxation): 1.43864684287 Size:  5
Vacancy Formation Energy (Cell Structure Relaxation): 0.887656688519 Size:  5
Vacancy Formation Energy (Cell Structure Relaxation): 1.23260390946 Size:  5
Vacancy Formation Energy (Cell Structure Relaxation): 0.801059370138 Size:  5
Vacancy Formation Energy (Cell Structure Relaxation): 1.27395192589 Size:  5
Vacancy Formation Energy (Cell Structure Relaxation): 0.754593742074 Size:  5
Vacancy Formation Energy (Cell Structure Relaxation): 0.89120553459 Size:  5
Vacancy Formation Energy (Cell Structure Relaxation): 0.730474577903 Size:  5
Vacancy Formation Energy (Cell Structure Relaxation): 0.764859397859 Size:  5
Vacancy Formation Energy (Cell Structure Relaxation): 0.681863744621 Size:  5
Vacancy Formation Energy (Cell Structure Relaxation): 0.767268399827 Size:  5
Vacancy Formation Energy (Cell Structure Relaxation): 0.682105425241 Size:  5
Vacancy Formation Energy (Cell Structure Relaxation): 0.730313413222 Size:  5
Vacancy Formation Energy (Cell Structure Relaxation): 0.676495350663 Size:  5
Vacancy Formation Energy (Cell Structure Relaxation): 0.681577134352 Size:  5
Vacancy Formation Energy (Cell Structure Relaxation): 0.689209866591 Size:  5
Vacancy Formation Energy (Cell Structure Relaxation): 0.664579780916 Size:  5
Vacancy Formation Energy (Cell Structure Relaxation): 0.678625751018 Size:  5
Vacancy Formation Energy (Cell Structure Relaxation): 0.663767221211 Size:  5
Vacancy Formation Energy (Cell Structure Relaxation): 0.68043134506 Size:  5
Vacancy Formation Energy (Cell Structure Relaxation): 0.663023141256 Size:  5
Vacancy Formation Energy (Cell Structure Relaxation): 0.661567057565 Size:  5
Vacancy Formation Energy (Cell Structure Relaxation): 0.666806284739 Size:  5
Vacancy Formation Energy (Cell Structure Relaxation): 0.664720122919 Size:  5
Vacancy Formation Energy (Cell Structure Relaxation): 0.671039369696 Size:  5
Vacancy Formation Energy (Cell Structure Relaxation): 0.65930344416 Size:  5
Vacancy Formation Energy (Cell Structure Relaxation): 0.673681274214 Size:  5
Vacancy Formation Energy (Cell Structure Relaxation): 0.659337249707 Size:  5
Vacancy Formation Energy (Cell Structure Relaxation): 0.659322018907 Size:  5
Vacancy Formation Energy (Cell Structure Relaxation): 0.663547378336 Size:  5
Vacancy Formation Energy (Cell Structure Relaxation): 0.661402296125 Size:  5
Vacancy Formation Energy (Cell Structure Relaxation): 0.666158926683 Size:  5
Vacancy Formation Energy (Cell Structure Relaxation): 0.66035987185 Size:  5
Vacancy Formation Energy (Cell Structure Relaxation): 0.660759588686 Size:  5
Vacancy Formation Energy (Cell Structure Relaxation): 0.662587092192 Size:  5
Vacancy Formation Energy (Cell Structure Relaxation): 0.659745887526 Size:  5
Vacancy Formation Energy (Cell Structure Relaxation): 0.662690134535 Size:  5
Vacancy Formation Energy (Cell Structure Relaxation): 0.659694314807 Size:  5
Vacancy Formation Energy (Cell Structure Relaxation): 0.661938152591 Size:  5
Vacancy Formation Energy (Cell Structure Relaxation): 0.659557487218 Size:  5
Vacancy Formation Energy (Cell Structure Relaxation): 0.660224373726 Size:  5
Vacancy Formation Energy (Cell Structure Relaxation): 0.659500191883 Size:  5
Vacancy Formation Energy (Cell Structure Relaxation): 0.65993590738 Size:  5
Vacancy Formation Energy (Cell Structure Relaxation): 0.659373568117 Size:  5
Vacancy Formation Energy (Cell Structure Relaxation): 0.659914968123 Size:  5
Vacancy Formation Energy (Cell Structure Relaxation): 0.659358972021 Size:  5
Vacancy Formation Energy (Cell Structure Relaxation): 0.659780055745 Size:  5
Vacancy Formation Energy (Cell Structure Relaxation): 0.65932711515 Size:  5
Vacancy Formation Energy (Cell Structure Relaxation): 0.659527595387 Size:  5
Vacancy Formation Energy (Cell Structure Relaxation): 0.659329957851 Size:  5
Vacancy Formation Energy (Cell Structure Relaxation): 0.659381462149 Size:  5
Vacancy Formation Energy (Cell Structure Relaxation): 0.659299618253 Size:  5
Vacancy Formation Energy (Cell Structure Relaxation): 0.659445974678 Size:  5
Vacancy Formation Energy (Cell Structure Relaxation): 0.659289088728 Size:  5
Vacancy Formation Energy (Cell Structure Relaxation): 0.659350146708 Size:  5
Vacancy Formation Energy (Cell Structure Relaxation): 0.659290713187 Size:  5
Vacancy Formation Energy (Cell Structure Relaxation): 0.659341556801 Size:  5
Vacancy Formation Energy (Cell Structure Relaxation): 0.659288713111 Size:  5
Vacancy Formation Energy (Cell Structure Relaxation): 0.659353298321 Size:  5
Vacancy Formation Energy (Cell Structure Relaxation): 0.65928658243 Size:  5
Vacancy Formation Energy (Cell Structure Relaxation): 0.659381642182 Size:  5
Vacancy Formation Energy (Cell Structure Relaxation): 0.659282753191 Size:  5
Vacancy Formation Energy (Cell Structure Relaxation): 0.659295904164 Size:  5
Vacancy Formation Energy (Cell Structure Relaxation): 0.659317163394 Size:  5
Vacancy Formation Energy (Cell Structure Relaxation): 0.659280716036 Size:  5
Vacancy Formation Energy (Cell Structure Relaxation): 0.659295968651 Size:  5
Vacancy Formation Energy (Cell Structure Relaxation): 0.659281343961 Size:  5
Vacancy Formation Energy (Cell Structure Relaxation): 0.659305648123 Size:  5
Vacancy Formation Energy (Cell Structure Relaxation): 0.65927872227 Size:  5
Vacancy Formation Energy (Cell Structure Relaxation): 0.659302447164 Size:  5
Vacancy Formation Energy (Cell Structure Relaxation): 0.659278630686 Size:  5
Vacancy Formation Energy (Cell Structure Relaxation): 0.659281608818 Size:  5
Vacancy Formation Energy (Cell Structure Relaxation): 0.659283090703 Size:  5
Vacancy Formation Energy (Cell Structure Relaxation): 0.659276991553 Size:  5
Vacancy Formation Energy (Cell Structure Relaxation): 0.659288758636 Size:  5
Vacancy Formation Energy (Cell Structure Relaxation): 0.65927670819 Size:  5
Vacancy Formation Energy (Cell Structure Relaxation): 0.65929442409 Size:  5
Vacancy Formation Energy (Cell Structure Relaxation): 0.659275954253 Size:  5
Vacancy Formation Energy (Cell Structure Relaxation): 0.659282153105 Size:  5
Vacancy Formation Energy (Cell Structure Relaxation): 0.65927703951 Size:  5
Vacancy Formation Energy (Cell Structure Relaxation): 0.659279670908 Size:  5
Vacancy Formation Energy (Cell Structure Relaxation): 0.659276465625 Size:  5
Vacancy Formation Energy (Cell Structure Relaxation): 0.659282695201 Size:  5
Vacancy Formation Energy (Cell Structure Relaxation): 0.659275987984 Size:  5
Vacancy Formation Energy (Cell Structure Relaxation): 0.659277337136 Size:  5
Vacancy Formation Energy (Cell Structure Relaxation): 0.659275782329 Size:  5
Vacancy Formation Energy (Cell Structure Relaxation): 0.659276624305 Size:  5
Vacancy Formation Energy (Cell Structure Relaxation): 0.659280765123 Size:  5
Vacancy Formation Energy (Cell Structure Relaxation): 0.659275467586 Size:  5
Vacancy Formation Energy (Cell Structure Relaxation): 0.659275903505 Size:  5
Vacancy Formation Energy (Cell Structure Relaxation): 0.659276482582 Size:  5
Vacancy Formation Energy (Cell Structure Relaxation): 0.659275593743 Size:  5
Vacancy Formation Energy (Cell Structure Relaxation): 0.659276909017 Size:  5
Vacancy Formation Energy (Cell Structure Relaxation): 0.659275555645 Size:  5
Vacancy Formation Energy (Cell Structure Relaxation): 0.659276347882 Size:  5
Vacancy Formation Energy (Cell Structure Relaxation): 0.659275446182 Size:  5
Vacancy Formation Energy (Cell Structure Relaxation): 0.659276311748 Size:  5
Vacancy Formation Energy (Cell Structure Relaxation): 0.659275438561 Size:  5
Vacancy Formation Energy (Cell Structure Relaxation): 0.659276418199 Size:  5
Vacancy Formation Energy (Cell Structure Relaxation): 0.65927541466 Size:  5
Vacancy Formation Energy (Cell Structure Relaxation): 0.659276097829 Size:  5
Vacancy Formation Energy (Cell Structure Relaxation): 0.65927540633 Size:  5
Vacancy Formation Energy (Cell Structure Relaxation): 0.659275543255 Size:  5
Vacancy Formation Energy (Cell Structure Relaxation): 0.65927580747 Size:  5
Vacancy Formation Energy (Cell Structure Relaxation): 0.659275354144 Size:  5
Vacancy Formation Energy (Cell Structure Relaxation): 0.659275541677 Size:  5
Vacancy Formation Energy (Cell Structure Relaxation): 0.659275372973 Size:  5
Vacancy Formation Energy (Cell Structure Relaxation): 0.65927550109 Size:  5
Vacancy Formation Energy (Cell Structure Relaxation): 0.659275350451 Size:  5
Vacancy Formation Energy (Cell Structure Relaxation): 0.659275496464 Size:  5
Vacancy Formation Energy (Cell Structure Relaxation): 0.659275343132 Size:  5
Vacancy Formation Energy (Cell Structure Relaxation): 0.65927553287 Size:  5
Vacancy Formation Energy (Cell Structure Relaxation): 0.659275337461 Size:  5
Vacancy Formation Energy (Cell Structure Relaxation): 0.6592755094 Size:  5
Vacancy Formation Energy (Cell Structure Relaxation): 0.659275332485 Size:  5
Vacancy Formation Energy (Cell Structure Relaxation): 0.659275460122 Size:  5
Vacancy Formation Energy (Cell Structure Relaxation): 0.659275334659 Size:  5
Vacancy Formation Energy (Cell Structure Relaxation): 0.659275357729 Size:  5
Vacancy Formation Energy (Cell Structure Relaxation): 0.659275324722 Size:  5
Vacancy Formation Energy (Cell Structure Relaxation): 0.659275381311 Size:  5
Vacancy Formation Energy (Cell Structure Relaxation): 0.659275322825 Size:  5
Vacancy Formation Energy (Cell Structure Relaxation): 0.659275373182 Size:  5
Vacancy Formation Energy (Cell Structure Relaxation): 0.659275322459 Size:  5
Vacancy Formation Energy (Cell Structure Relaxation): 0.659275363328 Size:  5
Vacancy Formation Energy (Cell Structure Relaxation): 0.65927532104 Size:  5
Vacancy Formation Energy (Cell Structure Relaxation): 0.659275340013 Size:  5
Vacancy Formation Energy (Cell Structure Relaxation): 0.659275321156 Size:  5
Vacancy Formation Energy (Cell Structure Relaxation): 0.659275336404 Size:  5
Vacancy Formation Energy (Cell Structure Relaxation): 0.6592753204 Size:  5
Vacancy Formation Energy (Cell Structure Relaxation): 0.659275346085 Size:  5
Vacancy Formation Energy (Cell Structure Relaxation): 0.65927531876 Size:  5
Vacancy Formation Energy (Cell Structure Relaxation): 0.659275325509 Size:  5
Vacancy Formation Energy (Cell Structure Relaxation): 0.659275318083 Size:  5
Vacancy Formation Energy (Cell Structure Relaxation): 0.659275329671 Size:  5
Vacancy Formation Energy (Cell Structure Relaxation): 0.659275317073 Size:  5
Vacancy Formation Energy (Cell Structure Relaxation): 0.659275328758 Size:  5
Vacancy Formation Energy (Cell Structure Relaxation): 0.659275317173 Size:  5
Vacancy Formation Energy (Cell Structure Relaxation): 0.659275322862 Size:  5
Vacancy Formation Energy (Cell Structure Relaxation): 0.659275317232 Size:  5
Vacancy Formation Energy (Cell Structure Relaxation): 0.65927532299 Size:  5
Vacancy Formation Energy (Cell Structure Relaxation): 0.659275317122 Size:  5
Vacancy Formation Energy (Cell Structure Relaxation): 0.659275318706 Size:  5
Vacancy Formation Energy (Cell Structure Relaxation): 0.659275318711 Size:  5
Vacancy Formation Energy (Cell Structure Relaxation): 0.659275316494 Size:  5
Vacancy Formation Energy (Cell Structure Relaxation): 0.65927532401 Size:  5
Vacancy Formation Energy (Cell Structure Relaxation): 0.659275316047 Size:  5
Vacancy Formation Energy (Cell Structure Relaxation): 0.659275317427 Size:  5
Vacancy Formation Energy (Cell Structure Relaxation): 0.659275316127 Size:  5
Vacancy Formation Energy (Cell Structure Relaxation): 0.659275317898 Size:  5
Vacancy Formation Energy (Cell Structure Relaxation): 0.659275316139 Size:  5
Vacancy Formation Energy (Cell Structure Relaxation): 0.659275317036 Size:  5
Vacancy Formation Energy (Cell Structure Relaxation): 0.659275318309 Size:  5
Vacancy Formation Energy (Cell Structure Relaxation): 0.659275316062 Size:  5
Vacancy Formation Energy (Cell Structure Relaxation): 0.659275316418 Size:  5
Vacancy Formation Energy (Cell Structure Relaxation): 0.659275317874 Size:  5
Vacancy Formation Energy (Cell Structure Relaxation): 0.65927531597 Size:  5
Vacancy Formation Energy (Cell Structure Relaxation): 0.659275316177 Size:  5
Vacancy Formation Energy (Cell Structure Relaxation): 0.659275315945 Size:  5
Vacancy Formation Energy (Cell Structure Relaxation): 0.659275317322 Size:  5
Vacancy Formation Energy (Cell Structure Relaxation): 0.659275316988 Size:  5
Vacancy Formation Energy (Cell Structure Relaxation): 0.659275315685 Size:  5
Optimization terminated successfully.
         Current function value: 0.659275
         Iterations: 95
         Function evaluations: 179
Summary:
Vacancy Formation Energy: 0.659275315685
Unrelaxed Cell Volume: 8274.64271922
Relaxed Cell Volume: 8269.0640601
Relaxation Volume: 5.57865911538
Relaxed Cell Vector:
[  2.02218156e+01  -3.76568247e-05   2.02216712e+01   1.47568691e-04
   5.00140593e-05   2.02217700e+01]
Unrelaxed Cell Vector:
[20.22629871965, 0.0, 20.22629871965, 0.0, 0.0, 20.22629871965]
Relaxed Cell:
[[  2.02218156e+01   0.00000000e+00   0.00000000e+00]
 [ -3.76568247e-05   2.02216712e+01   0.00000000e+00]
 [  1.47568691e-04   5.00140593e-05   2.02217700e+01]]
Unrelaxed Cell:
[[ 20.22629872   0.           0.        ]
 [  0.          20.22629872   0.        ]
 [  0.           0.          20.22629872]]

[Calculation Results Summary]
Sizes: [3, 4, 5]
Formation Energy By Size:
[0.65679936418445095, 0.65860295806828617, 0.65927531568468112]
Relaxation Volume By Size:
[5.5053755544472551, 5.5496679922762269, 5.578659115377377]

[Extrapolation]
Fitting with 2 points, including orders [0, 3]
Fit with data beginning 0

Fit with Size: [3 4]
Orders: [0, 3]
Matrix A (Ax = y):
[[ 1.          0.03703704]
 [ 1.          0.015625  ]]
Data for Fitting: [ 0.65679936  0.65860296]
Fitting Results: (array([ 0.65991909, -0.08423271]), array([], dtype=float64), 2, array([ 1.41470379,  0.01513535]))

Fit with Size: [3 4]
Orders: [0, 3]
Matrix A (Ax = y):
[[ 1.          0.03703704]
 [ 1.          0.015625  ]]
Data for Fitting: [ 5.50537555  5.54966799]
Fitting Results: (array([ 5.5819895 , -2.06857656]), array([], dtype=float64), 2, array([ 1.41470379,  0.01513535]))
Fit with data beginning 1

Fit with Size: [4 5]
Orders: [0, 3]
Matrix A (Ax = y):
[[ 1.        0.015625]
 [ 1.        0.008   ]]
Data for Fitting: [ 0.65860296  0.65927532]
Fitting Results: (array([ 0.65998074, -0.08817805]), array([], dtype=float64), 2, array([ 1.41431223,  0.00539131]))

Fit with Size: [4 5]
Orders: [0, 3]
Matrix A (Ax = y):
[[ 1.        0.015625]
 [ 1.        0.008   ]]
Data for Fitting: [ 5.54966799  5.57865912]
Fitting Results: (array([ 5.60907603, -3.80211451]), array([], dtype=float64), 2, array([ 1.41431223,  0.00539131]))
Fitting with 3 points, including orders [0, 3]
Fit with data beginning 0

Fit with Size: [3 4 5]
Orders: [0, 3]
Matrix A (Ax = y):
[[ 1.          0.03703704]
 [ 1.          0.015625  ]
 [ 1.          0.008     ]]
Data for Fitting: [ 0.65679936  0.65860296  0.65927532]
Fitting Results: (array([ 0.65994552, -0.08504381]), array([  3.05140835e-10]), 2, array([ 1.73240492,  0.02128544]))

Fit with Size: [3 4 5]
Orders: [0, 3]
Matrix A (Ax = y):
[[ 1.          0.03703704]
 [ 1.          0.015625  ]
 [ 1.          0.008     ]]
Data for Fitting: [ 5.50537555  5.54966799  5.57865912]
Fitting Results: (array([ 5.59360203, -2.42496678]), array([  5.89112672e-05]), 2, array([ 1.73240492,  0.02128544]))
Fitting with 3 points, including orders [0, 3, 4]
Fit with data beginning 0

Fit with Size: [3 4 5]
Orders: [0, 3, 4]
Matrix A (Ax = y):
[[ 1.          0.03703704  0.01234568]
 [ 1.          0.015625    0.00390625]
 [ 1.          0.008       0.0016    ]]
Data for Fitting: [ 0.65679936  0.65860296  0.65927532]
Fitting Results: (array([ 0.66001601, -0.10119328,  0.0430314 ]), array([], dtype=float64), 3, array([  1.73243559e+00,   2.27351353e-02,   3.80051182e-04]))

Fit with Size: [3 4 5]
Orders: [0, 3, 4]
Matrix A (Ax = y):
[[ 1.          0.03703704  0.01234568]
 [ 1.          0.015625    0.00390625]
 [ 1.          0.008       0.0016    ]]
Data for Fitting: [ 5.50537555  5.54966799  5.57865912]
Fitting Results: (array([  5.62457399,  -9.52086296,  18.90751523]), array([], dtype=float64), 3, array([  1.73243559e+00,   2.27351353e-02,   3.80051182e-04]))
Fitting with 3 points, including orders [0, 3, 5]
Fit with data beginning 0

Fit with Size: [3 4 5]
Orders: [0, 3, 5]
Matrix A (Ax = y):
[[  1.00000000e+00   3.70370370e-02   4.11522634e-03]
 [  1.00000000e+00   1.56250000e-02   9.76562500e-04]
 [  1.00000000e+00   8.00000000e-03   3.20000000e-04]]
Data for Fitting: [ 0.65679936  0.65860296  0.65927532]
Fitting Results: (array([ 0.6600048 , -0.09379533,  0.06523645]), array([], dtype=float64), 3, array([  1.73240774e+00,   2.14761184e-02,   2.65390853e-04]))

Fit with Size: [3 4 5]
Orders: [0, 3, 5]
Matrix A (Ax = y):
[[  1.00000000e+00   3.70370370e-02   4.11522634e-03]
 [  1.00000000e+00   1.56250000e-02   9.76562500e-04]
 [  1.00000000e+00   8.00000000e-03   3.20000000e-04]]
Data for Fitting: [ 5.50537555  5.54966799  5.57865912]
Fitting Results: (array([  5.61964888,  -6.27028728,  28.66416739]), array([], dtype=float64), 3, array([  1.73240774e+00,   2.14761184e-02,   2.65390853e-04]))
Fitting with 3 points, including orders [0, 3, 6]
Fit with data beginning 0

Fit with Size: [3 4 5]
Orders: [0, 3, 6]
Matrix A (Ax = y):
[[  1.00000000e+00   3.70370370e-02   1.37174211e-03]
 [  1.00000000e+00   1.56250000e-02   2.44140625e-04]
 [  1.00000000e+00   8.00000000e-03   6.40000000e-05]]
Data for Fitting: [ 0.65679936  0.65860296  0.65927532]
Fitting Results: (array([ 0.65999772, -0.09138804,  0.13587265]), array([], dtype=float64), 3, array([  1.73240519e+00,   2.13086278e-02,   1.28423698e-04]))

Fit with Size: [3 4 5]
Orders: [0, 3, 6]
Matrix A (Ax = y):
[[  1.00000000e+00   3.70370370e-02   1.37174211e-03]
 [  1.00000000e+00   1.56250000e-02   2.44140625e-04]
 [  1.00000000e+00   8.00000000e-03   6.40000000e-05]]
Data for Fitting: [ 5.50537555  5.54966799  5.57865912]
Fitting Results: (array([  5.61653865,  -5.21254884,  59.70092427]), array([], dtype=float64), 3, array([  1.73240519e+00,   2.13086278e-02,   1.28423698e-04]))

[Fitting Results Summary]
Sizes: [3, 4, 5]
Data Points Used: [2, 3, 3, 3, 3]
Orders Included:
[[0, 3] [0, 3] [0, 3, 4] [0, 3, 5] [0, 3, 6]]
Formation Energy Fits By Size:
[[0.65991909414567895, 0.65998074006909513] [0.65994552296460784]
 [0.66001601170568924] [0.66000480269379935] [0.65999772415003666]]
Relaxation Volume Fits By Size:
[[5.58198950096223, 5.6090760314179251] [5.5936020289143267]
 [5.6245739947198974] [5.6196488800472206] [5.6165386469516401]]

[Final Results]
[
    {
        "property-id" "tag:staff@noreply.openkim.org,2015-07-28:property/monovacancy-neutral-relaxed-formation-potential-energy-crystal-npt" 
        "instance-id" 1 
        "relaxed-formation-potential-energy" {
            "source-value" 0.65998074006909513 
            "source-unit" "eV" 
            "source-std-uncert-value" 0.0006602181686527289
        } 
        "host-cauchy-stress" {
            "source-value" [
                0 
                0 
                0 
                0 
                0 
                0
            ] 
            "source-unit" "GPa"
        } 
        "host-removed-atom" {
            "source-value" 1
        } 
        "host-short-name" {
            "source-value" [
                "fcc"
            ]
        } 
        "host-a" {
            "source-value" 4.04525974393 
            "source-unit" "angstrom"
        } 
        "host-b" {
            "source-value" 4.04525974393 
            "source-unit" "angstrom"
        } 
        "host-c" {
            "source-value" 4.04525974393 
            "source-unit" "angstrom"
        } 
        "host-alpha" {
            "source-value" 90.0 
            "source-unit" "degree"
        } 
        "host-beta" {
            "source-value" 90.0 
            "source-unit" "degree"
        } 
        "host-gamma" {
            "source-value" 90.0 
            "source-unit" "degree"
        } 
        "host-space-group" {
            "source-value" "Fm-3m"
        } 
        "host-wyckoff-multiplicity-and-letter" {
            "source-value" [
                "4a"
            ]
        } 
        "host-wyckoff-coordinates" {
            "source-value" [
                [
                    0.0 
                    0.0 
                    0.0
                ]
            ]
        } 
        "host-wyckoff-species" {
            "source-value" [
                "Al"
            ]
        } 
        "reservoir-cohesive-potential-energy" {
            "source-value" -13.642627814874261 
            "source-unit" "eV"
        } 
        "reservoir-short-name" {
            "source-value" [
                "fcc"
            ]
        } 
        "reservoir-cauchy-stress" {
            "source-value" [
                0.0 
                0.0 
                0.0 
                0.0 
                0.0 
                0.0
            ] 
            "source-unit" "GPa"
        } 
        "reservoir-a" {
            "source-value" 4.04525974393 
            "source-unit" "angstrom"
        } 
        "reservoir-b" {
            "source-value" 4.04525974393 
            "source-unit" "angstrom"
        } 
        "reservoir-c" {
            "source-value" 4.04525974393 
            "source-unit" "angstrom"
        } 
        "reservoir-alpha" {
            "source-value" 90.0 
            "source-unit" "degree"
        } 
        "reservoir-beta" {
            "source-value" 90.0 
            "source-unit" "degree"
        } 
        "reservoir-gamma" {
            "source-value" 90.0 
            "source-unit" "degree"
        } 
        "reservoir-space-group" {
            "source-value" "Fm-3m"
        } 
        "reservoir-wyckoff-multiplicity-and-letter" {
            "source-value" [
                "4a"
            ]
        } 
        "reservoir-wyckoff-coordinates" {
            "source-value" [
                [
                    0.0 
                    0.0 
                    0.0
                ]
            ]
        } 
        "reservoir-wyckoff-species" {
            "source-value" [
                "Al"
            ]
        }
    } 
    {
        "property-id" "tag:staff@noreply.openkim.org,2015-07-28:property/monovacancy-neutral-relaxation-volume-crystal-npt" 
        "instance-id" 2 
        "relaxation-volume" {
            "source-value" 5.6090760314179251 
            "source-unit" "angstrom^3" 
            "source-std-uncert-value" 0.08418526046513586
        } 
        "host-cauchy-stress" {
            "source-value" [
                0 
                0 
                0 
                0 
                0 
                0
            ] 
            "source-unit" "GPa"
        } 
        "host-removed-atom" {
            "source-value" 1
        } 
        "host-short-name" {
            "source-value" [
                "fcc"
            ]
        } 
        "host-a" {
            "source-value" 4.04525974393 
            "source-unit" "angstrom"
        } 
        "host-b" {
            "source-value" 4.04525974393 
            "source-unit" "angstrom"
        } 
        "host-c" {
            "source-value" 4.04525974393 
            "source-unit" "angstrom"
        } 
        "host-alpha" {
            "source-value" 90.0 
            "source-unit" "degree"
        } 
        "host-beta" {
            "source-value" 90.0 
            "source-unit" "degree"
        } 
        "host-gamma" {
            "source-value" 90.0 
            "source-unit" "degree"
        } 
        "host-space-group" {
            "source-value" "Fm-3m"
        } 
        "host-wyckoff-multiplicity-and-letter" {
            "source-value" [
                "4a"
            ]
        } 
        "host-wyckoff-coordinates" {
            "source-value" [
                [
                    0.0 
                    0.0 
                    0.0
                ]
            ]
        } 
        "host-wyckoff-species" {
            "source-value" [
                "Al"
            ]
        }
    }
]
