Imported bulk from ase.lattice
Parameters Input: Ni EAM_Dynamo_Mishin_Farkas_Ni__MO_400591584784_001 fcc [3.51999947087]
Cell Size Min: 4
Cell Size Max: 6
Smallest System Size: 256
Largest System Size: 864
Model Cutoff: 5.80375

[Calculation]
Calculating Size 4 ...
MDMin:   0  10:22:18    -1130.657065       3.1473
MDMin:   1  10:22:19    -1131.313820       1.8368
MDMin:   2  10:22:20    -1131.595043       1.1212
MDMin:   3  10:22:24    -1131.737116       0.3979
MDMin:   4  10:22:24    -1131.772303       0.5752
MDMin:   5  10:22:25    -1131.800818       0.3018
MDMin:   6  10:22:28    -1131.817142       0.1921
MDMin:   7  10:22:29    -1131.828273       0.1137
MDMin:   8  10:22:29    -1131.835997       0.0790
MDMin:   9  10:22:30    -1131.841333       0.1689
MDMin:  10  10:22:33    -1131.844214       0.1748
MDMin:  11  10:22:34    -1131.848916       0.0358
MDMin:  12  10:22:35    -1131.851520       0.0451
MDMin:  13  10:22:38    -1131.854273       0.1254
MDMin:  14  10:22:39    -1131.855820       0.2325
MDMin:  15  10:22:39    -1131.856420       0.0610
MDMin:  16  10:22:44    -1131.857379       0.0678
MDMin:  17  10:22:45    -1131.858280       0.1171
MDMin:  18  10:22:46    -1131.858783       0.0781
MDMin:  19  10:22:47    -1131.859186       0.0323
MDMin:  20  10:22:47    -1131.859752       0.0449
MDMin:  21  10:22:48    -1131.860350       0.0960
MDMin:  22  10:22:49    -1131.860690       0.1057
MDMin:  23  10:22:50    -1131.860881       0.0418
MDMin:  24  10:22:52    -1131.861167       0.0473
MDMin:  25  10:22:53    -1131.861482       0.0799
MDMin:  26  10:22:53    -1131.861677       0.0677
MDMin:  27  10:22:54    -1131.861800       0.0204
MDMin:  28  10:22:55    -1131.861992       0.0240
MDMin:  29  10:22:57    -1131.862226       0.0492
MDMin:  30  10:22:58    -1131.862371       0.0628
MDMin:  31  10:22:58    -1131.862427       0.0076
MDMin:  32  10:22:59    -1131.862551       0.0074
MDMin:  33  10:23:00    -1131.862721       0.0065
MDMin:  34  10:23:01    -1131.862902       0.0326
MDMin:  35  10:23:03    -1131.862975       0.0846
MDMin:  36  10:23:04    -1131.862988       0.0213
MDMin:  37  10:23:05    -1131.863041       0.0496
MDMin:  38  10:23:06    -1131.863052       0.0115
MDMin:  39  10:23:10    -1131.863088       0.0218
MDMin:  40  10:23:11    -1131.863108       0.0187
MDMin:  41  10:23:11    -1131.863119       0.0056
MDMin:  42  10:23:12    -1131.863141       0.0070
MDMin:  43  10:23:13    -1131.863168       0.0160
MDMin:  44  10:23:14    -1131.863185       0.0233
MDMin:  45  10:23:15    -1131.863191       0.0025
Optimization terminated successfully.
         Current function value: 1131.857029
         Iterations: 15
         Function evaluations: 30
Formation Energy: 1.60032369019
Migration Energy: 1.29264640598
Calculating Size 5 ...
MDMin:   0  10:23:17    -2216.456486       3.1475
MDMin:   1  10:23:18    -2217.113274       1.8364
MDMin:   2  10:23:22    -2217.394764       1.1221
MDMin:   3  10:23:22    -2217.537080       0.3975
MDMin:   4  10:23:23    -2217.572493       0.5762
MDMin:   5  10:23:26    -2217.601079       0.3023
MDMin:   6  10:23:27    -2217.617559       0.1921
MDMin:   7  10:23:28    -2217.628759       0.1156
MDMin:   8  10:23:30    -2217.636439       0.0805
MDMin:   9  10:23:31    -2217.641540       0.1710
MDMin:  10  10:23:32    -2217.644542       0.1660
MDMin:  11  10:23:33    -2217.648883       0.0349
MDMin:  12  10:23:34    -2217.651380       0.0435
MDMin:  13  10:23:34    -2217.654067       0.1203
MDMin:  14  10:23:37    -2217.655630       0.2353
MDMin:  15  10:23:38    -2217.656244       0.0666
MDMin:  16  10:23:39    -2217.657192       0.0724
MDMin:  17  10:23:39    -2217.658110       0.1211
MDMin:  18  10:23:40    -2217.658660       0.0876
MDMin:  19  10:23:43    -2217.659110       0.0365
MDMin:  20  10:23:43    -2217.659743       0.0389
MDMin:  21  10:23:44    -2217.660441       0.0808
MDMin:  22  10:23:45    -2217.660895       0.1084
MDMin:  23  10:23:46    -2217.661163       0.0512
MDMin:  24  10:23:49    -2217.661521       0.0620
MDMin:  25  10:23:50    -2217.661900       0.0968
MDMin:  26  10:23:51    -2217.662155       0.0746
MDMin:  27  10:23:53    -2217.662354       0.0380
MDMin:  28  10:23:54    -2217.662627       0.0427
MDMin:  29  10:23:55    -2217.662932       0.0713
MDMin:  30  10:23:56    -2217.663135       0.0653
MDMin:  31  10:23:59    -2217.663266       0.0237
MDMin:  32  10:24:00    -2217.663461       0.0268
MDMin:  33  10:24:01    -2217.663702       0.0518
MDMin:  34  10:24:03    -2217.663868       0.0643
MDMin:  35  10:24:04    -2217.663945       0.0111
MDMin:  36  10:24:04    -2217.664084       0.0135
MDMin:  37  10:24:05    -2217.664275       0.0304
MDMin:  38  10:24:08    -2217.664432       0.0712
MDMin:  39  10:24:09    -2217.664480       0.0077
MDMin:  40  10:24:10    -2217.664564       0.0090
MDMin:  41  10:24:11    -2217.664685       0.0189
MDMin:  42  10:24:14    -2217.664801       0.0526
MDMin:  43  10:24:14    -2217.664839       0.0185
MDMin:  44  10:24:15    -2217.664871       0.0051
MDMin:  45  10:24:18    -2217.664931       0.0057
MDMin:  46  10:24:19    -2217.665009       0.0166
MDMin:  47  10:24:20    -2217.665068       0.0404
MDMin:  48  10:24:21    -2217.665083       0.0059
MDMin:  49  10:24:23    -2217.665120       0.0089
MDMin:  50  10:24:24    -2217.665165       0.0218
MDMin:  51  10:24:25    -2217.665192       0.0308
MDMin:  52  10:24:26    -2217.665202       0.0035
Optimization terminated successfully.
         Current function value: 2217.659023
         Iterations: 15
         Function evaluations: 30
Formation Energy: 1.60001134875
Migration Energy: 1.29096511385
Calculating Size 6 ...
MDMin:   0  10:24:34    -3836.256489       3.1476
MDMin:   1  10:24:35    -3836.913315       1.8365
MDMin:   2  10:24:39    -3837.194799       1.1222
MDMin:   3  10:24:40    -3837.337138       0.3975
MDMin:   4  10:24:41    -3837.372530       0.5762
MDMin:   5  10:24:43    -3837.401126       0.3023
MDMin:   6  10:24:45    -3837.417605       0.1922
MDMin:   7  10:24:46    -3837.428814       0.1155
MDMin:   8  10:24:48    -3837.436515       0.0805
MDMin:   9  10:24:49    -3837.441646       0.1710
MDMin:  10  10:24:51    -3837.444633       0.1669
MDMin:  11  10:24:53    -3837.448992       0.0350
MDMin:  12  10:24:54    -3837.451479       0.0435
MDMin:  13  10:24:56    -3837.454116       0.1205
MDMin:  14  10:24:58    -3837.455624       0.2297
MDMin:  15  10:24:59    -3837.456234       0.0639
MDMin:  16  10:25:01    -3837.457168       0.0702
MDMin:  17  10:25:03    -3837.458067       0.1194
MDMin:  18  10:25:04    -3837.458601       0.0853
MDMin:  19  10:25:05    -3837.459036       0.0355
MDMin:  20  10:25:08    -3837.459652       0.0379
MDMin:  21  10:25:10    -3837.460336       0.0841
MDMin:  22  10:25:11    -3837.460783       0.1116
MDMin:  23  10:25:13    -3837.461045       0.0527
MDMin:  24  10:25:14    -3837.461400       0.0612
MDMin:  25  10:25:16    -3837.461783       0.0945
MDMin:  26  10:25:19    -3837.462053       0.0772
MDMin:  27  10:25:20    -3837.462260       0.0394
MDMin:  28  10:25:21    -3837.462539       0.0428
MDMin:  29  10:25:24    -3837.462860       0.0700
MDMin:  30  10:25:25    -3837.463088       0.0684
MDMin:  31  10:25:26    -3837.463235       0.0271
MDMin:  32  10:25:28    -3837.463446       0.0289
MDMin:  33  10:25:30    -3837.463709       0.0523
MDMin:  34  10:25:31    -3837.463905       0.0660
MDMin:  35  10:25:33    -3837.464006       0.0183
MDMin:  36  10:25:34    -3837.464162       0.0199
MDMin:  37  10:25:35    -3837.464373       0.0372
MDMin:  38  10:25:38    -3837.464546       0.0681
MDMin:  39  10:25:39    -3837.464620       0.0160
MDMin:  40  10:25:40    -3837.464728       0.0157
MDMin:  41  10:25:41    -3837.464882       0.0280
MDMin:  42  10:25:43    -3837.465025       0.0576
MDMin:  43  10:25:45    -3837.465087       0.0219
MDMin:  44  10:25:46    -3837.465152       0.0119
MDMin:  45  10:25:47    -3837.465251       0.0152
MDMin:  46  10:25:48    -3837.465360       0.0308
MDMin:  47  10:25:50    -3837.465422       0.0315
MDMin:  48  10:25:51    -3837.465455       0.0091
MDMin:  49  10:25:53    -3837.465517       0.0134
MDMin:  50  10:25:54    -3837.465598       0.0328
MDMin:  51  10:25:55    -3837.465650       0.0460
MDMin:  52  10:25:57    -3837.465672       0.0032
Optimization terminated successfully.
         Current function value: 3837.459498
         Iterations: 15
         Function evaluations: 30
Formation Energy: 1.59990489004
Migration Energy: 1.29059553932

[Calculation Results Summary]
Size	MigrationEnergy	FormationEnergy
[4, 1.2926464059817135, 1.6003236901894979]
[5, 1.290965113853872, 1.6000113487507406]
[6, 1.2905955393152908, 1.599904890038033]

[Extrapolation]
Fitting w/ 2 points, including orders [0, 3]

Fit with Size: [4 5]
Orders: [0, 3]
Matrix A (Ax = y):
[[ 1.        0.015625]
 [ 1.        0.008   ]]
Data for Fitting: [1.2926464059817135, 1.290965113853872]
Fitting Results: (array([ 1.28920114,  0.22049733]), array([], dtype=float64), 2, array([ 1.41431223,  0.00539131]))

Fit with Size: [5 6]
Orders: [0, 3]
Matrix A (Ax = y):
[[ 1.          0.008     ]
 [ 1.          0.00462963]]
Data for Fitting: [1.290965113853872, 1.2905955393152908]
Fitting Results: (array([ 1.29008788,  0.10965398]), array([], dtype=float64), 2, array([ 1.41424176,  0.00238316]))
Fitting w/ 3 points, including orders [0, 3]

Fit with Size: [4 5 6]
Orders: [0, 3]
Matrix A (Ax = y):
[[ 1.          0.015625  ]
 [ 1.          0.008     ]
 [ 1.          0.00462963]]
Data for Fitting: [1.2926464059817135, 1.290965113853872, 1.2905955393152908]
Fitting Results: (array([ 1.28959114,  0.19231009]), array([  4.26178342e-08]), 2, array([ 1.73212763,  0.00796621]))
Fitting w/ 2 points, including orders [0, 3]

Fit with Size: [4 5]
Orders: [0, 3]
Matrix A (Ax = y):
[[ 1.        0.015625]
 [ 1.        0.008   ]]
Data for Fitting: [1.6003236901894979, 1.6000113487507406]
Fitting Results: (array([ 1.59968365,  0.04096281]), array([], dtype=float64), 2, array([ 1.41431223,  0.00539131]))

Fit with Size: [5 6]
Orders: [0, 3]
Matrix A (Ax = y):
[[ 1.          0.008     ]
 [ 1.          0.00462963]]
Data for Fitting: [1.6000113487507406, 1.599904890038033]
Fitting Results: (array([ 1.59975866,  0.03158665]), array([], dtype=float64), 2, array([ 1.41424176,  0.00238316]))
Fitting w/ 3 points, including orders [0, 3]

Fit with Size: [4 5 6]
Orders: [0, 3]
Matrix A (Ax = y):
[[ 1.          0.015625  ]
 [ 1.          0.008     ]
 [ 1.          0.00462963]]
Data for Fitting: [1.6003236901894979, 1.6000113487507406, 1.599904890038033]
Fitting Results: (array([ 1.59971664,  0.03857847]), array([  3.04945488e-10]), 2, array([ 1.73212763,  0.00796621]))
Vacancy Migration Energy: [1.2900878819820751, 0.0006377003494313473]
Vacancy Formation Energy: [1.5997586555425563, 0.0002858641611340837]
FIRE Uncertainty: 0.000282759068341

[Final Results]
[
    {
        "property-id" "tag:staff@noreply.openkim.org,2015-09-16:property/monovacancy-neutral-migration-energy-crystal-npt" 
        "instance-id" 1 
        "vacancy-migration-energy" {
            "source-value" 1.2900878819820751 
            "source-unit" "eV" 
            "source-std-uncert-value" 0.0006377003494313473
        } 
        "host-missing-atom-start" {
            "source-value" 1
        } 
        "host-missing-atom-end" {
            "source-value" 1
        } 
        "host-cauchy-stress" {
            "source-value" [
                0 
                0 
                0 
                0 
                0 
                0
            ] 
            "source-unit" "GPa"
        } 
        "host-short-name" {
            "source-value" [
                "fcc"
            ]
        } 
        "host-a" {
            "source-value" 3.5199994708700002 
            "source-unit" "angstrom"
        } 
        "host-b" {
            "source-value" 3.5199994708700002 
            "source-unit" "angstrom"
        } 
        "host-c" {
            "source-value" 3.5199994708700002 
            "source-unit" "angstrom"
        } 
        "host-alpha" {
            "source-value" 90.0 
            "source-unit" "degree"
        } 
        "host-beta" {
            "source-value" 90.0 
            "source-unit" "degree"
        } 
        "host-gamma" {
            "source-value" 90.0 
            "source-unit" "degree"
        } 
        "host-space-group" {
            "source-value" "Fm-3m"
        } 
        "host-wyckoff-multiplicity-and-letter" {
            "source-value" [
                "4a"
            ]
        } 
        "host-wyckoff-coordinates" {
            "source-value" [
                [
                    0.0 
                    0.0 
                    0.0
                ]
            ]
        } 
        "host-wyckoff-species" {
            "source-value" [
                "Ni"
            ]
        }
    } 
    {
        "property-id" "tag:staff@noreply.openkim.org,2015-07-28:property/monovacancy-neutral-relaxed-formation-potential-energy-crystal-npt" 
        "instance-id" 2 
        "relaxed-formation-potential-energy" {
            "source-value" 1.5997586555425563 
            "source-unit" "eV" 
            "source-std-uncert-value" 0.0002858641611340837
        } 
        "host-removed-atom" {
            "source-value" 1
        } 
        "host-cauchy-stress" {
            "source-value" [
                0 
                0 
                0 
                0 
                0 
                0
            ] 
            "source-unit" "GPa"
        } 
        "host-short-name" {
            "source-value" [
                "fcc"
            ]
        } 
        "host-a" {
            "source-value" 3.5199994708700002 
            "source-unit" "angstrom"
        } 
        "host-b" {
            "source-value" 3.5199994708700002 
            "source-unit" "angstrom"
        } 
        "host-c" {
            "source-value" 3.5199994708700002 
            "source-unit" "angstrom"
        } 
        "host-alpha" {
            "source-value" 90.0 
            "source-unit" "degree"
        } 
        "host-beta" {
            "source-value" 90.0 
            "source-unit" "degree"
        } 
        "host-gamma" {
            "source-value" 90.0 
            "source-unit" "degree"
        } 
        "host-space-group" {
            "source-value" "Fm-3m"
        } 
        "host-wyckoff-multiplicity-and-letter" {
            "source-value" [
                "4a"
            ]
        } 
        "host-wyckoff-coordinates" {
            "source-value" [
                [
                    0.0 
                    0.0 
                    0.0
                ]
            ]
        } 
        "host-wyckoff-species" {
            "source-value" [
                "Ni"
            ]
        } 
        "reservoir-cohesive-potential-energy" {
            "source-value" -17.79999999339552 
            "source-unit" "eV"
        } 
        "reservoir-short-name" {
            "source-value" [
                "fcc"
            ]
        } 
        "reservoir-cauchy-stress" {
            "source-value" [
                0.0 
                0.0 
                0.0 
                0.0 
                0.0 
                0.0
            ] 
            "source-unit" "GPa"
        } 
        "reservoir-a" {
            "source-value" 3.5199994708700002 
            "source-unit" "angstrom"
        } 
        "reservoir-b" {
            "source-value" 3.5199994708700002 
            "source-unit" "angstrom"
        } 
        "reservoir-c" {
            "source-value" 3.5199994708700002 
            "source-unit" "angstrom"
        } 
        "reservoir-alpha" {
            "source-value" 90.0 
            "source-unit" "degree"
        } 
        "reservoir-beta" {
            "source-value" 90.0 
            "source-unit" "degree"
        } 
        "reservoir-gamma" {
            "source-value" 90.0 
            "source-unit" "degree"
        } 
        "reservoir-space-group" {
            "source-value" "Fm-3m"
        } 
        "reservoir-wyckoff-multiplicity-and-letter" {
            "source-value" [
                "4a"
            ]
        } 
        "reservoir-wyckoff-coordinates" {
            "source-value" [
                [
                    0.0 
                    0.0 
                    0.0
                ]
            ]
        } 
        "reservoir-wyckoff-species" {
            "source-value" [
                "Ni"
            ]
        }
    }
]
