Imported bulk from ase.lattice
Element = Lattice = Model = Element: Ar
Lattice: hcp
Model: Pair_Lennard_Jones_Shifted_Bernardes_HighCutoff_Ar__MO_242741380554_001
Model Cutoff: 19.9
NBC Name: NEIGH_RVEC_F
Relaxation With c/a Ratio Fixed
Simplex Searching start from: cutoff * 0.1
Simplex Searching Start From: [1.99]
Optimization terminated successfully.
         Current function value: -0.177217
         Iterations: 37
         Function evaluations: 80
Tmp Lattice Constants: [ 3.7082211]
Tmp Energy: -0.177216596775
Simplex Searching start from: cutoff * 0.12
Simplex Searching Start From: [2.3879999999999999]
Optimization terminated successfully.
         Current function value: -0.177217
         Iterations: 39
         Function evaluations: 84
Tmp Lattice Constants: [ 3.70822111]
Tmp Energy: -0.177216596775
Simplex Searching start from: cutoff * 0.14
Simplex Searching Start From: [2.786]
Optimization terminated successfully.
         Current function value: -0.177217
         Iterations: 36
         Function evaluations: 77
Tmp Lattice Constants: [ 3.70822111]
Tmp Energy: -0.177216596775
Simplex Searching start from: cutoff * 0.16
Simplex Searching Start From: [3.1839999999999997]
Optimization terminated successfully.
         Current function value: -0.177217
         Iterations: 34
         Function evaluations: 73
Tmp Lattice Constants: [ 3.7082211]
Tmp Energy: -0.177216596775
Simplex Searching start from: cutoff * 0.18
Simplex Searching Start From: [3.5819999999999994]
Optimization terminated successfully.
         Current function value: -0.177217
         Iterations: 32
         Function evaluations: 68
Tmp Lattice Constants: [ 3.70822109]
Tmp Energy: -0.177216596775
Simplex Searching start from: cutoff * 0.2
Simplex Searching Start From: [3.98]
Optimization terminated successfully.
         Current function value: -0.177217
         Iterations: 33
         Function evaluations: 71
Tmp Lattice Constants: [ 3.7082211]
Tmp Energy: -0.177216596775
Simplex Searching start from: cutoff * 0.22
Simplex Searching Start From: [4.3780000000000001]
Optimization terminated successfully.
         Current function value: -0.177217
         Iterations: 36
         Function evaluations: 77
Tmp Lattice Constants: [ 3.70822107]
Tmp Energy: -0.177216596775
Simplex Searching start from: cutoff * 0.24
Simplex Searching Start From: [4.7759999999999998]
Optimization terminated successfully.
         Current function value: -0.177217
         Iterations: 39
         Function evaluations: 84
Tmp Lattice Constants: [ 3.70822111]
Tmp Energy: -0.177216596775
Simplex Searching start from: cutoff * 0.26
Simplex Searching Start From: [5.1739999999999995]
Optimization terminated successfully.
         Current function value: -0.177217
         Iterations: 38
         Function evaluations: 80
Tmp Lattice Constants: [ 3.7082211]
Tmp Energy: -0.177216596775
Simplex Searching start from: cutoff * 0.28
Simplex Searching Start From: [5.5720000000000001]
Optimization terminated successfully.
         Current function value: -0.177217
         Iterations: 38
         Function evaluations: 81
Tmp Lattice Constants: [ 3.70822111]
Tmp Energy: -0.177216596775
Simplex Searching start from: cutoff * 0.3
Simplex Searching Start From: [5.9699999999999998]
Optimization terminated successfully.
         Current function value: -0.177217
         Iterations: 39
         Function evaluations: 82
Tmp Lattice Constants: [ 3.70822112]
Tmp Energy: -0.177216596775
Simplex Searching start from: cutoff * 0.32
Simplex Searching Start From: [6.3679999999999994]
Optimization terminated successfully.
         Current function value: -0.177217
         Iterations: 38
         Function evaluations: 81
Tmp Lattice Constants: [ 3.7082211]
Tmp Energy: -0.177216596775
Simplex Searching start from: cutoff * 0.34
Simplex Searching Start From: [6.766]
Optimization terminated successfully.
         Current function value: -0.177217
         Iterations: 38
         Function evaluations: 82
Tmp Lattice Constants: [ 3.7082211]
Tmp Energy: -0.177216596775
Simplex Searching start from: cutoff * 0.36
Simplex Searching Start From: [7.1639999999999988]
Optimization terminated successfully.
         Current function value: -0.177217
         Iterations: 38
         Function evaluations: 82
Tmp Lattice Constants: [ 3.70822108]
Tmp Energy: -0.177216596775
Simplex Searching start from: cutoff * 0.38
Simplex Searching Start From: [7.5619999999999994]
Optimization terminated successfully.
         Current function value: -0.177217
         Iterations: 39
         Function evaluations: 83
Tmp Lattice Constants: [ 3.7082211]
Tmp Energy: -0.177216596775
Simplex Searching start from: cutoff * 0.4
Simplex Searching Start From: [7.96]
Optimization terminated successfully.
         Current function value: -0.177217
         Iterations: 39
         Function evaluations: 84
Tmp Lattice Constants: [ 3.7082211]
Tmp Energy: -0.177216596775
Simplex Searching start from: cutoff * 0.42
Simplex Searching Start From: [8.3579999999999988]
Optimization terminated successfully.
         Current function value: -0.177217
         Iterations: 41
         Function evaluations: 86
Tmp Lattice Constants: [ 3.70822108]
Tmp Energy: -0.177216596775
Simplex Searching start from: cutoff * 0.44
Simplex Searching Start From: [8.7560000000000002]
Optimization terminated successfully.
         Current function value: -0.177217
         Iterations: 41
         Function evaluations: 87
Tmp Lattice Constants: [ 3.70822107]
Tmp Energy: -0.177216596775
Simplex Searching start from: cutoff * 0.46
Simplex Searching Start From: [9.1539999999999999]
Optimization terminated successfully.
         Current function value: -0.177217
         Iterations: 40
         Function evaluations: 85
Tmp Lattice Constants: [ 3.70822111]
Tmp Energy: -0.177216596775
Simplex Searching start from: cutoff * 0.48
Simplex Searching Start From: [9.5519999999999996]
Optimization terminated successfully.
         Current function value: -0.177217
         Iterations: 40
         Function evaluations: 86
Tmp Lattice Constants: [ 3.70822113]
Tmp Energy: -0.177216596775
Relaxation With c/a Ratio Relaxed
Simplex Searching start from c/a ratio: 1.633 * 0.8
Simplex Searching Start From: [3.7082211109693164, 2.9665768887754531]
Optimization terminated successfully.
         Current function value: -0.121721
         Iterations: 88
         Function evaluations: 184
Tmp Lattice Constants: [ 5.40651992  3.83813512]
Tmp Energy: -0.12172147351
Simplex Searching start from c/a ratio: 1.633 * 0.82
Simplex Searching Start From: [3.7082211109693164, 3.0407413109948398]
Optimization terminated successfully.
         Current function value: -0.121721
         Iterations: 84
         Function evaluations: 175
Tmp Lattice Constants: [ 5.4065199   3.83813512]
Tmp Energy: -0.12172147351
Simplex Searching start from c/a ratio: 1.633 * 0.84
Simplex Searching Start From: [3.7082211109693164, 3.1149057332142256]
Optimization terminated successfully.
         Current function value: -0.121721
         Iterations: 79
         Function evaluations: 173
Tmp Lattice Constants: [ 5.40651989  3.8381351 ]
Tmp Energy: -0.12172147351
Simplex Searching start from c/a ratio: 1.633 * 0.86
Simplex Searching Start From: [3.7082211109693164, 3.1890701554336118]
Optimization terminated successfully.
         Current function value: -0.121721
         Iterations: 74
         Function evaluations: 160
Tmp Lattice Constants: [ 5.40651989  3.83813511]
Tmp Energy: -0.12172147351
Simplex Searching start from c/a ratio: 1.633 * 0.88
Simplex Searching Start From: [3.7082211109693164, 3.2632345776529985]
Optimization terminated successfully.
         Current function value: -0.121721
         Iterations: 80
         Function evaluations: 169
Tmp Lattice Constants: [ 5.40651989  3.83813511]
Tmp Energy: -0.12172147351
Simplex Searching start from c/a ratio: 1.633 * 0.9
Simplex Searching Start From: [3.7082211109693164, 3.3373989998723848]
Optimization terminated successfully.
         Current function value: -0.121721
         Iterations: 77
         Function evaluations: 160
Tmp Lattice Constants: [ 5.40651991  3.83813512]
Tmp Energy: -0.12172147351
Simplex Searching start from c/a ratio: 1.633 * 0.92
Simplex Searching Start From: [3.7082211109693164, 3.4115634220917714]
Optimization terminated successfully.
         Current function value: -0.121721
         Iterations: 79
         Function evaluations: 169
Tmp Lattice Constants: [ 5.40651986  3.83813514]
Tmp Energy: -0.12172147351
Simplex Searching start from c/a ratio: 1.633 * 0.94
Simplex Searching Start From: [3.7082211109693164, 3.4857278443111572]
Optimization terminated successfully.
         Current function value: -0.121721
         Iterations: 75
         Function evaluations: 157
Tmp Lattice Constants: [ 5.40651988  3.83813516]
Tmp Energy: -0.12172147351
Simplex Searching start from c/a ratio: 1.633 * 0.96
Simplex Searching Start From: [3.7082211109693164, 3.5598922665305435]
Optimization terminated successfully.
         Current function value: -0.121721
         Iterations: 78
         Function evaluations: 161
Tmp Lattice Constants: [ 5.40651989  3.83813505]
Tmp Energy: -0.12172147351
Simplex Searching start from c/a ratio: 1.633 * 0.98
Simplex Searching Start From: [3.7082211109693164, 3.6340566887499302]
Optimization terminated successfully.
         Current function value: -0.121721
         Iterations: 78
         Function evaluations: 168
Tmp Lattice Constants: [ 5.40651989  3.8381351 ]
Tmp Energy: -0.12172147351
Simplex Searching start from c/a ratio: 1.633 * 1.0
Simplex Searching Start From: [3.7082211109693164, 3.7082211109693164]
Optimization terminated successfully.
         Current function value: -0.121721
         Iterations: 80
         Function evaluations: 166
Tmp Lattice Constants: [ 5.40651981  3.83813514]
Tmp Energy: -0.12172147351
Simplex Searching start from c/a ratio: 1.633 * 1.02
Simplex Searching Start From: [3.7082211109693164, 3.7823855331887026]
Optimization terminated successfully.
         Current function value: -0.121721
         Iterations: 77
         Function evaluations: 162
Tmp Lattice Constants: [ 5.40651988  3.8381351 ]
Tmp Energy: -0.12172147351
Simplex Searching start from c/a ratio: 1.633 * 1.04
Simplex Searching Start From: [3.7082211109693164, 3.8565499554080893]
Optimization terminated successfully.
         Current function value: -0.121721
         Iterations: 83
         Function evaluations: 170
Tmp Lattice Constants: [ 5.40651991  3.83813509]
Tmp Energy: -0.12172147351
Simplex Searching start from c/a ratio: 1.633 * 1.06
Simplex Searching Start From: [3.7082211109693164, 3.9307143776274756]
Optimization terminated successfully.
         Current function value: -0.121721
         Iterations: 77
         Function evaluations: 162
Tmp Lattice Constants: [ 5.40651982  3.83813511]
Tmp Energy: -0.12172147351
Simplex Searching start from c/a ratio: 1.633 * 1.08
Simplex Searching Start From: [3.7082211109693164, 4.0048787998468622]
Optimization terminated successfully.
         Current function value: -0.177217
         Iterations: 87
         Function evaluations: 178
Tmp Lattice Constants: [ 3.70840632  6.05489506]
Tmp Energy: -0.177216613802
Simplex Searching start from c/a ratio: 1.633 * 1.1
Simplex Searching Start From: [3.7082211109693164, 4.0790432220662485]
Optimization terminated successfully.
         Current function value: -0.177217
         Iterations: 85
         Function evaluations: 176
Tmp Lattice Constants: [ 3.70840627  6.05489506]
Tmp Energy: -0.177216613802
Simplex Searching start from c/a ratio: 1.633 * 1.12
Simplex Searching Start From: [3.7082211109693164, 4.1532076442856347]
Optimization terminated successfully.
         Current function value: -0.177217
         Iterations: 75
         Function evaluations: 163
Tmp Lattice Constants: [ 3.70840629  6.05489508]
Tmp Energy: -0.177216613802
Simplex Searching start from c/a ratio: 1.633 * 1.14
Simplex Searching Start From: [3.7082211109693164, 4.227372066505021]
Optimization terminated successfully.
         Current function value: -0.177217
         Iterations: 77
         Function evaluations: 162
Tmp Lattice Constants: [ 3.70840629  6.0548951 ]
Tmp Energy: -0.177216613802
Simplex Searching start from c/a ratio: 1.633 * 1.16
Simplex Searching Start From: [3.7082211109693164, 4.3015364887244063]
Optimization terminated successfully.
         Current function value: -0.177217
         Iterations: 78
         Function evaluations: 164
Tmp Lattice Constants: [ 3.70840631  6.05489506]
Tmp Energy: -0.177216613802
Simplex Searching start from c/a ratio: 1.633 * 1.18
Simplex Searching Start From: [3.7082211109693164, 4.3757009109437934]
Optimization terminated successfully.
         Current function value: -0.177217
         Iterations: 86
         Function evaluations: 179
Tmp Lattice Constants: [ 3.7084063   6.05489499]
Tmp Energy: -0.177216613802
Lattice Constants: [ 3.70840631  6.05489506]
Energy: -0.177216613802
Lattice Constants: 3.7084063123 6.05489506113
[
    {
        "property-id" "tag:staff@noreply.openkim.org,2014-04-15:property/structure-hexagonal-crystal-npt" 
        "instance-id" 1 
        "cauchy-stress" {
            "source-value" [
                0 
                0 
                0 
                0 
                0
            ] 
            "source-unit" "GPa"
        } 
        "short-name" {
            "source-value" [
                "hcp"
            ]
        } 
        "species" {
            "source-value" [
                "Ar"
            ]
        } 
        "a" {
            "source-value" 3.7084063122964288 
            "source-unit" "angstrom"
        } 
        "c" {
            "source-value" 6.0548950611282226 
            "source-unit" "angstrom"
        } 
        "basis-atom-coordinates" {
            "source-value" [
                [
                    0.0 
                    0.0 
                    0.0
                ] 
                [
                    0.0 
                    0.5773502691896257 
                    0.5
                ]
            ]
        } 
        "space-group" {
            "source-value" "P63/mmc"
        } 
        "temperature" {
            "source-value" 0 
            "source-unit" "K"
        }
    } 
    {
        "property-id" "tag:staff@noreply.openkim.org,2014-04-15:property/cohesive-free-energy-hexagonal-crystal" 
        "instance-id" 2 
        "cohesive-free-energy" {
            "source-value" -0.17721661380181331 
            "source-unit" "eV"
        } 
        "short-name" {
            "source-value" [
                "hcp"
            ]
        } 
        "species" {
            "source-value" [
                "Ar"
            ]
        } 
        "a" {
            "source-value" 3.7084063122964288 
            "source-unit" "angstrom"
        } 
        "c" {
            "source-value" 6.0548950611282226 
            "source-unit" "angstrom"
        } 
        "basis-atom-coordinates" {
            "source-value" [
                [
                    0.0 
                    0.0 
                    0.0
                ] 
                [
                    0.0 
                    0.5773502691896257 
                    0.5
                ]
            ]
        } 
        "space-group" {
            "source-value" "P63/mmc"
        } 
        "temperature" {
            "source-value" 0 
            "source-unit" "K"
        }
    }
]
