Imported bulk from ase.lattice
Parameters Input: Al fcc EAM_Dynamo_Mishin_Farkas_Al__MO_651801486679_001 [4.05000466019]

[Calculation]

Supercell Size: 3
Unrelaxed Cell:
[[ 12.15001398   0.           0.        ]
 [  0.          12.15001398   0.        ]
 [  0.           0.          12.15001398]]
Unrelaxed Cell Vector:
[12.15001398057, 0.0, 12.15001398057, 0.0, 0.0, 12.15001398057]
Vacancy Formation Energy (Cell Structure Relaxation): -3.35999998818 Size:  3
Vacancy Formation Energy (Cell Structure Relaxation): -1.85066396092 Size:  3
Vacancy Formation Energy (Cell Structure Relaxation): -3.35999991335 Size:  3
Vacancy Formation Energy (Cell Structure Relaxation): -1.85066396092 Size:  3
Vacancy Formation Energy (Cell Structure Relaxation): -3.35999991335 Size:  3
Vacancy Formation Energy (Cell Structure Relaxation): -3.35999991335 Size:  3
Vacancy Formation Energy (Cell Structure Relaxation): -1.85066396092 Size:  3
Vacancy Formation Energy (Cell Structure Relaxation): -2.4084436843 Size:  3
Vacancy Formation Energy (Cell Structure Relaxation): -2.02676012047 Size:  3
Vacancy Formation Energy (Cell Structure Relaxation): -1.19732524551 Size:  3
Vacancy Formation Energy (Cell Structure Relaxation): -2.99037751773 Size:  3
Vacancy Formation Energy (Cell Structure Relaxation): -2.15889007378 Size:  3
Vacancy Formation Energy (Cell Structure Relaxation): -3.02661887258 Size:  3
Vacancy Formation Energy (Cell Structure Relaxation): -2.44658915759 Size:  3
Vacancy Formation Energy (Cell Structure Relaxation): -3.10423068147 Size:  3
Vacancy Formation Energy (Cell Structure Relaxation): -3.02828542472 Size:  3
Vacancy Formation Energy (Cell Structure Relaxation): -2.9873400474 Size:  3
Vacancy Formation Energy (Cell Structure Relaxation): -3.26425699753 Size:  3
Vacancy Formation Energy (Cell Structure Relaxation): -3.03714336019 Size:  3
Vacancy Formation Energy (Cell Structure Relaxation): -3.26560042474 Size:  3
Vacancy Formation Energy (Cell Structure Relaxation): -3.14811574042 Size:  3
Vacancy Formation Energy (Cell Structure Relaxation): -3.31006781581 Size:  3
Vacancy Formation Energy (Cell Structure Relaxation): -3.26083475161 Size:  3
Vacancy Formation Energy (Cell Structure Relaxation): -3.33291573951 Size:  3
Vacancy Formation Energy (Cell Structure Relaxation): -3.26355894273 Size:  3
Vacancy Formation Energy (Cell Structure Relaxation): -3.33426749169 Size:  3
Vacancy Formation Energy (Cell Structure Relaxation): -3.30735991763 Size:  3
Vacancy Formation Energy (Cell Structure Relaxation): -3.34660446823 Size:  3
Vacancy Formation Energy (Cell Structure Relaxation): -3.33876032958 Size:  3
Vacancy Formation Energy (Cell Structure Relaxation): -3.33140968278 Size:  3
Vacancy Formation Energy (Cell Structure Relaxation): -3.35310784769 Size:  3
Vacancy Formation Energy (Cell Structure Relaxation): -3.33722309945 Size:  3
Vacancy Formation Energy (Cell Structure Relaxation): -3.35440010264 Size:  3
Vacancy Formation Energy (Cell Structure Relaxation): -3.34860272997 Size:  3
Vacancy Formation Energy (Cell Structure Relaxation): -3.35705549764 Size:  3
Vacancy Formation Energy (Cell Structure Relaxation): -3.35294147187 Size:  3
Vacancy Formation Energy (Cell Structure Relaxation): -3.35807384866 Size:  3
Vacancy Formation Energy (Cell Structure Relaxation): -3.35506381545 Size:  3
Vacancy Formation Energy (Cell Structure Relaxation): -3.35872206484 Size:  3
Vacancy Formation Energy (Cell Structure Relaxation): -3.35731528043 Size:  3
Vacancy Formation Energy (Cell Structure Relaxation): -3.35929308827 Size:  3
Vacancy Formation Energy (Cell Structure Relaxation): -3.35800933622 Size:  3
Vacancy Formation Energy (Cell Structure Relaxation): -3.35947826339 Size:  3
Vacancy Formation Energy (Cell Structure Relaxation): -3.35869275022 Size:  3
Vacancy Formation Energy (Cell Structure Relaxation): -3.3596498157 Size:  3
Vacancy Formation Energy (Cell Structure Relaxation): -3.35937991459 Size:  3
Vacancy Formation Energy (Cell Structure Relaxation): -3.3598324148 Size:  3
Vacancy Formation Energy (Cell Structure Relaxation): -3.35953377193 Size:  3
Vacancy Formation Energy (Cell Structure Relaxation): -3.35987754911 Size:  3
Vacancy Formation Energy (Cell Structure Relaxation): -3.35967603758 Size:  3
Vacancy Formation Energy (Cell Structure Relaxation): -3.35991526385 Size:  3
Vacancy Formation Energy (Cell Structure Relaxation): -3.359834053 Size:  3
Vacancy Formation Energy (Cell Structure Relaxation): -3.35995369216 Size:  3
Vacancy Formation Energy (Cell Structure Relaxation): -3.35988633462 Size:  3
Vacancy Formation Energy (Cell Structure Relaxation): -3.35996926244 Size:  3
Vacancy Formation Energy (Cell Structure Relaxation): -3.35992746409 Size:  3
Vacancy Formation Energy (Cell Structure Relaxation): -3.35998159194 Size:  3
Vacancy Formation Energy (Cell Structure Relaxation): -3.35995393438 Size:  3
Vacancy Formation Energy (Cell Structure Relaxation): -3.35998745211 Size:  3
Vacancy Formation Energy (Cell Structure Relaxation): -3.35996942014 Size:  3
Vacancy Formation Energy (Cell Structure Relaxation): -3.35999161134 Size:  3
Vacancy Formation Energy (Cell Structure Relaxation): -3.35998398301 Size:  3
Vacancy Formation Energy (Cell Structure Relaxation): -3.35999580718 Size:  3
Vacancy Formation Energy (Cell Structure Relaxation): -3.35998808887 Size:  3
Vacancy Formation Energy (Cell Structure Relaxation): -3.35999683113 Size:  3
Vacancy Formation Energy (Cell Structure Relaxation): -3.35999176719 Size:  3
Vacancy Formation Energy (Cell Structure Relaxation): -3.35999779349 Size:  3
Vacancy Formation Energy (Cell Structure Relaxation): -3.35999591484 Size:  3
Vacancy Formation Energy (Cell Structure Relaxation): -3.35999886393 Size:  3
Vacancy Formation Energy (Cell Structure Relaxation): -3.35999698411 Size:  3
Vacancy Formation Energy (Cell Structure Relaxation): -3.35999917821 Size:  3
Vacancy Formation Energy (Cell Structure Relaxation): -3.35999796981 Size:  3
Vacancy Formation Energy (Cell Structure Relaxation): -3.35999946108 Size:  3
Vacancy Formation Energy (Cell Structure Relaxation): -3.35999882374 Size:  3
Vacancy Formation Energy (Cell Structure Relaxation): -3.35999967927 Size:  3
Vacancy Formation Energy (Cell Structure Relaxation): -3.35999896604 Size:  3
Vacancy Formation Energy (Cell Structure Relaxation): -3.35999977818 Size:  3
Vacancy Formation Energy (Cell Structure Relaxation): -3.35999950547 Size:  3
Vacancy Formation Energy (Cell Structure Relaxation): -3.359999851 Size:  3
Vacancy Formation Energy (Cell Structure Relaxation): -3.35999965267 Size:  3
Vacancy Formation Energy (Cell Structure Relaxation): -3.35999989472 Size:  3
Vacancy Formation Energy (Cell Structure Relaxation): -3.35999981566 Size:  3
Vacancy Formation Energy (Cell Structure Relaxation): -3.35999993439 Size:  3
Vacancy Formation Energy (Cell Structure Relaxation): -3.35999985077 Size:  3
Vacancy Formation Energy (Cell Structure Relaxation): -3.3599999407 Size:  3
Vacancy Formation Energy (Cell Structure Relaxation): -3.35999989854 Size:  3
Vacancy Formation Energy (Cell Structure Relaxation): -3.35999995395 Size:  3
Vacancy Formation Energy (Cell Structure Relaxation): -3.35999988072 Size:  3
Vacancy Formation Energy (Cell Structure Relaxation): -3.35999996047 Size:  3
Vacancy Formation Energy (Cell Structure Relaxation): -3.35999989023 Size:  3
Vacancy Formation Energy (Cell Structure Relaxation): -3.3599999597 Size:  3
Vacancy Formation Energy (Cell Structure Relaxation): -3.35999990202 Size:  3
Vacancy Formation Energy (Cell Structure Relaxation): -3.35999995892 Size:  3
Vacancy Formation Energy (Cell Structure Relaxation): -3.3599999479 Size:  3
Vacancy Formation Energy (Cell Structure Relaxation): -3.35999995517 Size:  3
Vacancy Formation Energy (Cell Structure Relaxation): -3.35999993461 Size:  3
Vacancy Formation Energy (Cell Structure Relaxation): -3.35999997071 Size:  3
Vacancy Formation Energy (Cell Structure Relaxation): -3.35999997222 Size:  3
Vacancy Formation Energy (Cell Structure Relaxation): -3.35999994695 Size:  3
Vacancy Formation Energy (Cell Structure Relaxation): -3.35999997404 Size:  3
Vacancy Formation Energy (Cell Structure Relaxation): -3.35999996569 Size:  3
Vacancy Formation Energy (Cell Structure Relaxation): -3.35999996659 Size:  3
Vacancy Formation Energy (Cell Structure Relaxation): -3.35999996684 Size:  3
Vacancy Formation Energy (Cell Structure Relaxation): -3.35999996461 Size:  3
Vacancy Formation Energy (Cell Structure Relaxation): -3.35999997824 Size:  3
Vacancy Formation Energy (Cell Structure Relaxation): -3.3599999643 Size:  3
Vacancy Formation Energy (Cell Structure Relaxation): -3.35999997876 Size:  3
Vacancy Formation Energy (Cell Structure Relaxation): -3.3599999629 Size:  3
Vacancy Formation Energy (Cell Structure Relaxation): -3.35999997906 Size:  3
Vacancy Formation Energy (Cell Structure Relaxation): -3.35999997351 Size:  3
Vacancy Formation Energy (Cell Structure Relaxation): -3.35999997704 Size:  3
Vacancy Formation Energy (Cell Structure Relaxation): -3.35999997003 Size:  3
Vacancy Formation Energy (Cell Structure Relaxation): -3.35999998154 Size:  3
Vacancy Formation Energy (Cell Structure Relaxation): -3.35999997519 Size:  3
Vacancy Formation Energy (Cell Structure Relaxation): -3.35999998187 Size:  3
Vacancy Formation Energy (Cell Structure Relaxation): -3.35999997438 Size:  3
Vacancy Formation Energy (Cell Structure Relaxation): -3.35999998251 Size:  3
Vacancy Formation Energy (Cell Structure Relaxation): -3.35999998235 Size:  3
Vacancy Formation Energy (Cell Structure Relaxation): -3.35999998283 Size:  3
Vacancy Formation Energy (Cell Structure Relaxation): -3.3599999831 Size:  3
Vacancy Formation Energy (Cell Structure Relaxation): -3.35999998353 Size:  3
Vacancy Formation Energy (Cell Structure Relaxation): -3.35999998342 Size:  3
Vacancy Formation Energy (Cell Structure Relaxation): -3.35999998283 Size:  3
Vacancy Formation Energy (Cell Structure Relaxation): -3.35999997857 Size:  3
Vacancy Formation Energy (Cell Structure Relaxation): -3.35999998569 Size:  3
Vacancy Formation Energy (Cell Structure Relaxation): -3.3599999829 Size:  3
Vacancy Formation Energy (Cell Structure Relaxation): -3.35999998326 Size:  3
Vacancy Formation Energy (Cell Structure Relaxation): -3.35999998249 Size:  3
Vacancy Formation Energy (Cell Structure Relaxation): -3.35999998554 Size:  3
Vacancy Formation Energy (Cell Structure Relaxation): -3.35999998525 Size:  3
Vacancy Formation Energy (Cell Structure Relaxation): -3.35999998405 Size:  3
Vacancy Formation Energy (Cell Structure Relaxation): -3.3599999853 Size:  3
Vacancy Formation Energy (Cell Structure Relaxation): -3.35999998651 Size:  3
Vacancy Formation Energy (Cell Structure Relaxation): -3.35999998499 Size:  3
Vacancy Formation Energy (Cell Structure Relaxation): -3.35999998706 Size:  3
Vacancy Formation Energy (Cell Structure Relaxation): -3.35999998469 Size:  3
Vacancy Formation Energy (Cell Structure Relaxation): -3.35999998712 Size:  3
Vacancy Formation Energy (Cell Structure Relaxation): -3.35999998552 Size:  3
Vacancy Formation Energy (Cell Structure Relaxation): -3.35999998719 Size:  3
Vacancy Formation Energy (Cell Structure Relaxation): -3.35999998583 Size:  3
Vacancy Formation Energy (Cell Structure Relaxation): -3.35999998602 Size:  3
Vacancy Formation Energy (Cell Structure Relaxation): -3.35999998619 Size:  3
Vacancy Formation Energy (Cell Structure Relaxation): -3.3599999853 Size:  3
Vacancy Formation Energy (Cell Structure Relaxation): -3.35999998744 Size:  3
Vacancy Formation Energy (Cell Structure Relaxation): -3.35999998607 Size:  3
Vacancy Formation Energy (Cell Structure Relaxation): -3.35999998745 Size:  3
Vacancy Formation Energy (Cell Structure Relaxation): -3.35999998592 Size:  3
Vacancy Formation Energy (Cell Structure Relaxation): -3.35999998757 Size:  3
Vacancy Formation Energy (Cell Structure Relaxation): -3.35999998716 Size:  3
Vacancy Formation Energy (Cell Structure Relaxation): -3.35999998713 Size:  3
Vacancy Formation Energy (Cell Structure Relaxation): -3.35999998767 Size:  3
Vacancy Formation Energy (Cell Structure Relaxation): -3.35999998735 Size:  3
Vacancy Formation Energy (Cell Structure Relaxation): -3.3599999873 Size:  3
Vacancy Formation Energy (Cell Structure Relaxation): -3.35999998777 Size:  3
Vacancy Formation Energy (Cell Structure Relaxation): -3.35999998719 Size:  3
Vacancy Formation Energy (Cell Structure Relaxation): -3.35999998776 Size:  3
Vacancy Formation Energy (Cell Structure Relaxation): -3.35999998788 Size:  3
Vacancy Formation Energy (Cell Structure Relaxation): -3.35999998767 Size:  3
Vacancy Formation Energy (Cell Structure Relaxation): -3.35999998801 Size:  3
Vacancy Formation Energy (Cell Structure Relaxation): -3.35999998786 Size:  3
Vacancy Formation Energy (Cell Structure Relaxation): -3.35999998759 Size:  3
Vacancy Formation Energy (Cell Structure Relaxation): -3.35999998805 Size:  3
Vacancy Formation Energy (Cell Structure Relaxation): -3.35999998803 Size:  3
Vacancy Formation Energy (Cell Structure Relaxation): -3.35999998772 Size:  3
Vacancy Formation Energy (Cell Structure Relaxation): -3.35999998808 Size:  3
Vacancy Formation Energy (Cell Structure Relaxation): -3.35999998789 Size:  3
Vacancy Formation Energy (Cell Structure Relaxation): -3.35999998784 Size:  3
Vacancy Formation Energy (Cell Structure Relaxation): -3.35999998811 Size:  3
Vacancy Formation Energy (Cell Structure Relaxation): -3.35999998786 Size:  3
Vacancy Formation Energy (Cell Structure Relaxation): -3.35999998812 Size:  3
Vacancy Formation Energy (Cell Structure Relaxation): -3.35999998802 Size:  3
Vacancy Formation Energy (Cell Structure Relaxation): -3.35999998813 Size:  3
Vacancy Formation Energy (Cell Structure Relaxation): -3.35999998794 Size:  3
Vacancy Formation Energy (Cell Structure Relaxation): -3.35999998813 Size:  3
Vacancy Formation Energy (Cell Structure Relaxation): -3.35999998812 Size:  3
Optimization terminated successfully.
         Current function value: -3.360000
         Iterations: 103
         Function evaluations: 175
Summary:
Vacancy Formation Energy: -3.35999998818
Unrelaxed Cell Volume: 1793.61956655
Relaxed Cell Volume: 1793.61956655
Relaxation Volume: 0.0
Relaxed Cell Vector:
[ 12.15001398   0.          12.15001398   0.           0.          12.15001398]
Unrelaxed Cell Vector:
[12.15001398057, 0.0, 12.15001398057, 0.0, 0.0, 12.15001398057]
Relaxed Cell:
[[ 12.15001398   0.           0.        ]
 [  0.          12.15001398   0.        ]
 [  0.           0.          12.15001398]]
Unrelaxed Cell:
[[ 12.15001398   0.           0.        ]
 [  0.          12.15001398   0.        ]
 [  0.           0.          12.15001398]]

Supercell Size: 4
Unrelaxed Cell:
[[ 16.20001864   0.           0.        ]
 [  0.          16.20001864   0.        ]
 [  0.           0.          16.20001864]]
Unrelaxed Cell Vector:
[16.20001864076, 0.0, 16.20001864076, 0.0, 0.0, 16.20001864076]
Vacancy Formation Energy (Cell Structure Relaxation): -3.35999998818 Size:  4
Vacancy Formation Energy (Cell Structure Relaxation): 0.217685409419 Size:  4
Vacancy Formation Energy (Cell Structure Relaxation): -3.35999988836 Size:  4
Vacancy Formation Energy (Cell Structure Relaxation): 0.217685409419 Size:  4
Vacancy Formation Energy (Cell Structure Relaxation): -3.35999988836 Size:  4
Vacancy Formation Energy (Cell Structure Relaxation): -3.35999988836 Size:  4
Vacancy Formation Energy (Cell Structure Relaxation): 0.217685409419 Size:  4
Vacancy Formation Energy (Cell Structure Relaxation): -1.10445914725 Size:  4
Vacancy Formation Energy (Cell Structure Relaxation): -0.199727768566 Size:  4
Vacancy Formation Energy (Cell Structure Relaxation): 1.76634002881 Size:  4
Vacancy Formation Energy (Cell Structure Relaxation): -2.48385784094 Size:  4
Vacancy Formation Energy (Cell Structure Relaxation): -0.512924635973 Size:  4
Vacancy Formation Energy (Cell Structure Relaxation): -2.56976327473 Size:  4
Vacancy Formation Energy (Cell Structure Relaxation): -1.19487802169 Size:  4
Vacancy Formation Energy (Cell Structure Relaxation): -2.75373200745 Size:  4
Vacancy Formation Energy (Cell Structure Relaxation): -2.57371363558 Size:  4
Vacancy Formation Energy (Cell Structure Relaxation): -2.47665793423 Size:  4
Vacancy Formation Energy (Cell Structure Relaxation): -3.1330536485 Size:  4
Vacancy Formation Energy (Cell Structure Relaxation): -2.59471020943 Size:  4
Vacancy Formation Energy (Cell Structure Relaxation): -3.13623806863 Size:  4
Vacancy Formation Energy (Cell Structure Relaxation): -2.85775586747 Size:  4
Vacancy Formation Energy (Cell Structure Relaxation): -3.24164226291 Size:  4
Vacancy Formation Energy (Cell Structure Relaxation): -3.1249416701 Size:  4
Vacancy Formation Energy (Cell Structure Relaxation): -3.29580029851 Size:  4
Vacancy Formation Energy (Cell Structure Relaxation): -3.13139901316 Size:  4
Vacancy Formation Energy (Cell Structure Relaxation): -3.29900445207 Size:  4
Vacancy Formation Energy (Cell Structure Relaxation): -3.23522353486 Size:  4
Vacancy Formation Energy (Cell Structure Relaxation): -3.32824765929 Size:  4
Vacancy Formation Energy (Cell Structure Relaxation): -3.30965414817 Size:  4
Vacancy Formation Energy (Cell Structure Relaxation): -3.29223039481 Size:  4
Vacancy Formation Energy (Cell Structure Relaxation): -3.34366307537 Size:  4
Vacancy Formation Energy (Cell Structure Relaxation): -3.30601033735 Size:  4
Vacancy Formation Energy (Cell Structure Relaxation): -3.34672620115 Size:  4
Vacancy Formation Energy (Cell Structure Relaxation): -3.33298427878 Size:  4
Vacancy Formation Energy (Cell Structure Relaxation): -3.35302046915 Size:  4
Vacancy Formation Energy (Cell Structure Relaxation): -3.34326870646 Size:  4
Vacancy Formation Energy (Cell Structure Relaxation): -3.35543433778 Size:  4
Vacancy Formation Energy (Cell Structure Relaxation): -3.34829944343 Size:  4
Vacancy Formation Energy (Cell Structure Relaxation): -3.35697084995 Size:  4
Vacancy Formation Energy (Cell Structure Relaxation): -3.35363625062 Size:  4
Vacancy Formation Energy (Cell Structure Relaxation): -3.35832438768 Size:  4
Vacancy Formation Energy (Cell Structure Relaxation): -3.35528142041 Size:  4
Vacancy Formation Energy (Cell Structure Relaxation): -3.35876332141 Size:  4
Vacancy Formation Energy (Cell Structure Relaxation): -3.35690136521 Size:  4
Vacancy Formation Energy (Cell Structure Relaxation): -3.35916996366 Size:  4
Vacancy Formation Energy (Cell Structure Relaxation): -3.3585301985 Size:  4
Vacancy Formation Energy (Cell Structure Relaxation): -3.35960279148 Size:  4
Vacancy Formation Energy (Cell Structure Relaxation): -3.35889489753 Size:  4
Vacancy Formation Energy (Cell Structure Relaxation): -3.35970977658 Size:  4
Vacancy Formation Energy (Cell Structure Relaxation): -3.35923212017 Size:  4
Vacancy Formation Energy (Cell Structure Relaxation): -3.35979917476 Size:  4
Vacancy Formation Energy (Cell Structure Relaxation): -3.35960667493 Size:  4
Vacancy Formation Energy (Cell Structure Relaxation): -3.35989026394 Size:  4
Vacancy Formation Energy (Cell Structure Relaxation): -3.3597306015 Size:  4
Vacancy Formation Energy (Cell Structure Relaxation): -3.35992717105 Size:  4
Vacancy Formation Energy (Cell Structure Relaxation): -3.35982809357 Size:  4
Vacancy Formation Energy (Cell Structure Relaxation): -3.35995639647 Size:  4
Vacancy Formation Energy (Cell Structure Relaxation): -3.35989083788 Size:  4
Vacancy Formation Energy (Cell Structure Relaxation): -3.35997028717 Size:  4
Vacancy Formation Energy (Cell Structure Relaxation): -3.35992754498 Size:  4
Vacancy Formation Energy (Cell Structure Relaxation): -3.35998014625 Size:  4
Vacancy Formation Energy (Cell Structure Relaxation): -3.35996206447 Size:  4
Vacancy Formation Energy (Cell Structure Relaxation): -3.35999009201 Size:  4
Vacancy Formation Energy (Cell Structure Relaxation): -3.3599717968 Size:  4
Vacancy Formation Energy (Cell Structure Relaxation): -3.35999251929 Size:  4
Vacancy Formation Energy (Cell Structure Relaxation): -3.35998051593 Size:  4
Vacancy Formation Energy (Cell Structure Relaxation): -3.35999480026 Size:  4
Vacancy Formation Energy (Cell Structure Relaxation): -3.3599903472 Size:  4
Vacancy Formation Energy (Cell Structure Relaxation): -3.35999733762 Size:  4
Vacancy Formation Energy (Cell Structure Relaxation): -3.35999288185 Size:  4
Vacancy Formation Energy (Cell Structure Relaxation): -3.35999808256 Size:  4
Vacancy Formation Energy (Cell Structure Relaxation): -3.35999521828 Size:  4
Vacancy Formation Energy (Cell Structure Relaxation): -3.35999875309 Size:  4
Vacancy Formation Energy (Cell Structure Relaxation): -3.35999724244 Size:  4
Vacancy Formation Energy (Cell Structure Relaxation): -3.35999927026 Size:  4
Vacancy Formation Energy (Cell Structure Relaxation): -3.35999757982 Size:  4
Vacancy Formation Energy (Cell Structure Relaxation): -3.35999950488 Size:  4
Vacancy Formation Energy (Cell Structure Relaxation): -3.35999885806 Size:  4
Vacancy Formation Energy (Cell Structure Relaxation): -3.35999967733 Size:  4
Vacancy Formation Energy (Cell Structure Relaxation): -3.35999920732 Size:  4
Vacancy Formation Energy (Cell Structure Relaxation): -3.35999978111 Size:  4
Vacancy Formation Energy (Cell Structure Relaxation): -3.3599995937 Size:  4
Vacancy Formation Energy (Cell Structure Relaxation): -3.35999987495 Size:  4
Vacancy Formation Energy (Cell Structure Relaxation): -3.35999967668 Size:  4
Vacancy Formation Energy (Cell Structure Relaxation): -3.3599998901 Size:  4
Vacancy Formation Energy (Cell Structure Relaxation): -3.35999979009 Size:  4
Vacancy Formation Energy (Cell Structure Relaxation): -3.35999992132 Size:  4
Vacancy Formation Energy (Cell Structure Relaxation): -3.35999988403 Size:  4
Vacancy Formation Energy (Cell Structure Relaxation): -3.35999994632 Size:  4
Vacancy Formation Energy (Cell Structure Relaxation): -3.35999984222 Size:  4
Vacancy Formation Energy (Cell Structure Relaxation): -3.35999995076 Size:  4
Vacancy Formation Energy (Cell Structure Relaxation): -3.35999985446 Size:  4
Vacancy Formation Energy (Cell Structure Relaxation): -3.35999994989 Size:  4
Vacancy Formation Energy (Cell Structure Relaxation): -3.35999986989 Size:  4
Vacancy Formation Energy (Cell Structure Relaxation): -3.35999994893 Size:  4
Vacancy Formation Energy (Cell Structure Relaxation): -3.35999991209 Size:  4
Vacancy Formation Energy (Cell Structure Relaxation): -3.35999995776 Size:  4
Vacancy Formation Energy (Cell Structure Relaxation): -3.35999994292 Size:  4
Vacancy Formation Energy (Cell Structure Relaxation): -3.35999996723 Size:  4
Vacancy Formation Energy (Cell Structure Relaxation): -3.35999996765 Size:  4
Vacancy Formation Energy (Cell Structure Relaxation): -3.35999995899 Size:  4
Vacancy Formation Energy (Cell Structure Relaxation): -3.35999996219 Size:  4
Vacancy Formation Energy (Cell Structure Relaxation): -3.35999996645 Size:  4
Vacancy Formation Energy (Cell Structure Relaxation): -3.35999996842 Size:  4
Vacancy Formation Energy (Cell Structure Relaxation): -3.35999996242 Size:  4
Vacancy Formation Energy (Cell Structure Relaxation): -3.35999996022 Size:  4
Vacancy Formation Energy (Cell Structure Relaxation): -3.35999997819 Size:  4
Vacancy Formation Energy (Cell Structure Relaxation): -3.3599999606 Size:  4
Vacancy Formation Energy (Cell Structure Relaxation): -3.35999997859 Size:  4
Vacancy Formation Energy (Cell Structure Relaxation): -3.35999996086 Size:  4
Vacancy Formation Energy (Cell Structure Relaxation): -3.35999998 Size:  4
Vacancy Formation Energy (Cell Structure Relaxation): -3.35999995698 Size:  4
Vacancy Formation Energy (Cell Structure Relaxation): -3.35999998051 Size:  4
Vacancy Formation Energy (Cell Structure Relaxation): -3.35999996895 Size:  4
Vacancy Formation Energy (Cell Structure Relaxation): -3.35999997178 Size:  4
Vacancy Formation Energy (Cell Structure Relaxation): -3.359999962 Size:  4
Vacancy Formation Energy (Cell Structure Relaxation): -3.35999998118 Size:  4
Vacancy Formation Energy (Cell Structure Relaxation): -3.35999997069 Size:  4
Vacancy Formation Energy (Cell Structure Relaxation): -3.35999998135 Size:  4
Vacancy Formation Energy (Cell Structure Relaxation): -3.35999998162 Size:  4
Vacancy Formation Energy (Cell Structure Relaxation): -3.35999998239 Size:  4
Vacancy Formation Energy (Cell Structure Relaxation): -3.35999998057 Size:  4
Vacancy Formation Energy (Cell Structure Relaxation): -3.35999998171 Size:  4
Vacancy Formation Energy (Cell Structure Relaxation): -3.35999998034 Size:  4
Vacancy Formation Energy (Cell Structure Relaxation): -3.35999998457 Size:  4
Vacancy Formation Energy (Cell Structure Relaxation): -3.35999998135 Size:  4
Vacancy Formation Energy (Cell Structure Relaxation): -3.35999998485 Size:  4
Vacancy Formation Energy (Cell Structure Relaxation): -3.35999998021 Size:  4
Vacancy Formation Energy (Cell Structure Relaxation): -3.35999998486 Size:  4
Vacancy Formation Energy (Cell Structure Relaxation): -3.35999998308 Size:  4
Vacancy Formation Energy (Cell Structure Relaxation): -3.35999998321 Size:  4
Vacancy Formation Energy (Cell Structure Relaxation): -3.35999998542 Size:  4
Vacancy Formation Energy (Cell Structure Relaxation): -3.35999998181 Size:  4
Vacancy Formation Energy (Cell Structure Relaxation): -3.3599999861 Size:  4
Vacancy Formation Energy (Cell Structure Relaxation): -3.35999998205 Size:  4
Vacancy Formation Energy (Cell Structure Relaxation): -3.35999998608 Size:  4
Vacancy Formation Energy (Cell Structure Relaxation): -3.35999998626 Size:  4
Vacancy Formation Energy (Cell Structure Relaxation): -3.35999998565 Size:  4
Vacancy Formation Energy (Cell Structure Relaxation): -3.35999998534 Size:  4
Vacancy Formation Energy (Cell Structure Relaxation): -3.35999998677 Size:  4
Vacancy Formation Energy (Cell Structure Relaxation): -3.35999998582 Size:  4
Vacancy Formation Energy (Cell Structure Relaxation): -3.35999998565 Size:  4
Vacancy Formation Energy (Cell Structure Relaxation): -3.35999998697 Size:  4
Vacancy Formation Energy (Cell Structure Relaxation): -3.35999998602 Size:  4
Vacancy Formation Energy (Cell Structure Relaxation): -3.35999998709 Size:  4
Vacancy Formation Energy (Cell Structure Relaxation): -3.35999998665 Size:  4
Vacancy Formation Energy (Cell Structure Relaxation): -3.35999998654 Size:  4
Vacancy Formation Energy (Cell Structure Relaxation): -3.35999998769 Size:  4
Vacancy Formation Energy (Cell Structure Relaxation): -3.35999998605 Size:  4
Vacancy Formation Energy (Cell Structure Relaxation): -3.35999998749 Size:  4
Vacancy Formation Energy (Cell Structure Relaxation): -3.35999998714 Size:  4
Vacancy Formation Energy (Cell Structure Relaxation): -3.35999998749 Size:  4
Vacancy Formation Energy (Cell Structure Relaxation): -3.35999998735 Size:  4
Vacancy Formation Energy (Cell Structure Relaxation): -3.35999998729 Size:  4
Vacancy Formation Energy (Cell Structure Relaxation): -3.35999998688 Size:  4
Vacancy Formation Energy (Cell Structure Relaxation): -3.35999998785 Size:  4
Vacancy Formation Energy (Cell Structure Relaxation): -3.35999998725 Size:  4
Vacancy Formation Energy (Cell Structure Relaxation): -3.35999998781 Size:  4
Vacancy Formation Energy (Cell Structure Relaxation): -3.35999998737 Size:  4
Vacancy Formation Energy (Cell Structure Relaxation): -3.35999998779 Size:  4
Vacancy Formation Energy (Cell Structure Relaxation): -3.35999998724 Size:  4
Vacancy Formation Energy (Cell Structure Relaxation): -3.35999998784 Size:  4
Vacancy Formation Energy (Cell Structure Relaxation): -3.35999998728 Size:  4
Vacancy Formation Energy (Cell Structure Relaxation): -3.35999998782 Size:  4
Vacancy Formation Energy (Cell Structure Relaxation): -3.35999998775 Size:  4
Vacancy Formation Energy (Cell Structure Relaxation): -3.35999998793 Size:  4
Vacancy Formation Energy (Cell Structure Relaxation): -3.35999998791 Size:  4
Vacancy Formation Energy (Cell Structure Relaxation): -3.35999998768 Size:  4
Vacancy Formation Energy (Cell Structure Relaxation): -3.35999998789 Size:  4
Vacancy Formation Energy (Cell Structure Relaxation): -3.35999998765 Size:  4
Vacancy Formation Energy (Cell Structure Relaxation): -3.35999998805 Size:  4
Vacancy Formation Energy (Cell Structure Relaxation): -3.35999998783 Size:  4
Vacancy Formation Energy (Cell Structure Relaxation): -3.35999998799 Size:  4
Vacancy Formation Energy (Cell Structure Relaxation): -3.35999998803 Size:  4
Vacancy Formation Energy (Cell Structure Relaxation): -3.35999998783 Size:  4
Vacancy Formation Energy (Cell Structure Relaxation): -3.35999998801 Size:  4
Vacancy Formation Energy (Cell Structure Relaxation): -3.359999988 Size:  4
Vacancy Formation Energy (Cell Structure Relaxation): -3.3599999879 Size:  4
Vacancy Formation Energy (Cell Structure Relaxation): -3.35999998792 Size:  4
Vacancy Formation Energy (Cell Structure Relaxation): -3.35999998803 Size:  4
Vacancy Formation Energy (Cell Structure Relaxation): -3.35999998817 Size:  4
Vacancy Formation Energy (Cell Structure Relaxation): -3.3599999881 Size:  4
Vacancy Formation Energy (Cell Structure Relaxation): -3.35999998794 Size:  4
Vacancy Formation Energy (Cell Structure Relaxation): -3.35999998806 Size:  4
Vacancy Formation Energy (Cell Structure Relaxation): -3.35999998812 Size:  4
Optimization terminated successfully.
         Current function value: -3.360000
         Iterations: 103
         Function evaluations: 185
Summary:
Vacancy Formation Energy: -3.35999998818
Unrelaxed Cell Volume: 4251.54267626
Relaxed Cell Volume: 4251.54267626
Relaxation Volume: 0.0
Relaxed Cell Vector:
[ 16.20001864   0.          16.20001864   0.           0.          16.20001864]
Unrelaxed Cell Vector:
[16.20001864076, 0.0, 16.20001864076, 0.0, 0.0, 16.20001864076]
Relaxed Cell:
[[ 16.20001864   0.           0.        ]
 [  0.          16.20001864   0.        ]
 [  0.           0.          16.20001864]]
Unrelaxed Cell:
[[ 16.20001864   0.           0.        ]
 [  0.          16.20001864   0.        ]
 [  0.           0.          16.20001864]]

Supercell Size: 5
Unrelaxed Cell:
[[ 20.2500233   0.          0.       ]
 [  0.         20.2500233   0.       ]
 [  0.          0.         20.2500233]]
Unrelaxed Cell Vector:
[20.250023300949998, 0.0, 20.250023300949998, 0.0, 0.0, 20.250023300949998]
Vacancy Formation Energy (Cell Structure Relaxation): -3.35999998818 Size:  5
Vacancy Formation Energy (Cell Structure Relaxation): 3.62766680446 Size:  5
Vacancy Formation Energy (Cell Structure Relaxation): -3.35999986358 Size:  5
Vacancy Formation Energy (Cell Structure Relaxation): 3.62766680446 Size:  5
Vacancy Formation Energy (Cell Structure Relaxation): -3.35999986358 Size:  5
Vacancy Formation Energy (Cell Structure Relaxation): -3.35999986358 Size:  5
Vacancy Formation Energy (Cell Structure Relaxation): 3.62766680446 Size:  5
Vacancy Formation Energy (Cell Structure Relaxation): 1.04535318871 Size:  5
Vacancy Formation Energy (Cell Structure Relaxation): 2.81240663817 Size:  5
Vacancy Formation Energy (Cell Structure Relaxation): 6.65238275469 Size:  5
Vacancy Formation Energy (Cell Structure Relaxation): -1.64878486215 Size:  5
Vacancy Formation Energy (Cell Structure Relaxation): 2.20069405895 Size:  5
Vacancy Formation Energy (Cell Structure Relaxation): -1.81656891274 Size:  5
Vacancy Formation Energy (Cell Structure Relaxation): 0.868753849916 Size:  5
Vacancy Formation Energy (Cell Structure Relaxation): -2.17588284382 Size:  5
Vacancy Formation Energy (Cell Structure Relaxation): -1.82428447382 Size:  5
Vacancy Formation Energy (Cell Structure Relaxation): -1.63472256396 Size:  5
Vacancy Formation Energy (Cell Structure Relaxation): -2.91674542656 Size:  5
Vacancy Formation Energy (Cell Structure Relaxation): -1.86529339492 Size:  5
Vacancy Formation Energy (Cell Structure Relaxation): -2.92296499751 Size:  5
Vacancy Formation Energy (Cell Structure Relaxation): -2.37905446056 Size:  5
Vacancy Formation Energy (Cell Structure Relaxation): -3.12883257126 Size:  5
Vacancy Formation Energy (Cell Structure Relaxation): -2.90090172883 Size:  5
Vacancy Formation Energy (Cell Structure Relaxation): -3.23460997941 Size:  5
Vacancy Formation Energy (Cell Structure Relaxation): -2.91351372907 Size:  5
Vacancy Formation Energy (Cell Structure Relaxation): -3.24086809262 Size:  5
Vacancy Formation Energy (Cell Structure Relaxation): -3.11629598794 Size:  5
Vacancy Formation Energy (Cell Structure Relaxation): -3.29798373548 Size:  5
Vacancy Formation Energy (Cell Structure Relaxation): -3.26166828587 Size:  5
Vacancy Formation Energy (Cell Structure Relaxation): -3.22763751942 Size:  5
Vacancy Formation Energy (Cell Structure Relaxation): -3.32809196735 Size:  5
Vacancy Formation Energy (Cell Structure Relaxation): -3.25455146288 Size:  5
Vacancy Formation Energy (Cell Structure Relaxation): -3.33407463795 Size:  5
Vacancy Formation Energy (Cell Structure Relaxation): -3.30723494408 Size:  5
Vacancy Formation Energy (Cell Structure Relaxation): -3.34636812872 Size:  5
Vacancy Formation Energy (Cell Structure Relaxation): -3.32732171861 Size:  5
Vacancy Formation Energy (Cell Structure Relaxation): -3.35108271536 Size:  5
Vacancy Formation Energy (Cell Structure Relaxation): -3.33714737414 Size:  5
Vacancy Formation Energy (Cell Structure Relaxation): -3.354083715 Size:  5
Vacancy Formation Energy (Cell Structure Relaxation): -3.34757082692 Size:  5
Vacancy Formation Energy (Cell Structure Relaxation): -3.35672734415 Size:  5
Vacancy Formation Energy (Cell Structure Relaxation): -3.3507840495 Size:  5
Vacancy Formation Energy (Cell Structure Relaxation): -3.35758463682 Size:  5
Vacancy Formation Energy (Cell Structure Relaxation): -3.35394800403 Size:  5
Vacancy Formation Energy (Cell Structure Relaxation): -3.35837885974 Size:  5
Vacancy Formation Energy (Cell Structure Relaxation): -3.35712931841 Size:  5
Vacancy Formation Energy (Cell Structure Relaxation): -3.35922422622 Size:  5
Vacancy Formation Energy (Cell Structure Relaxation): -3.35784162229 Size:  5
Vacancy Formation Energy (Cell Structure Relaxation): -3.35943318252 Size:  5
Vacancy Formation Energy (Cell Structure Relaxation): -3.35850025958 Size:  5
Vacancy Formation Energy (Cell Structure Relaxation): -3.35960778879 Size:  5
Vacancy Formation Energy (Cell Structure Relaxation): -3.35923181171 Size:  5
Vacancy Formation Energy (Cell Structure Relaxation): -3.35978569711 Size:  5
Vacancy Formation Energy (Cell Structure Relaxation): -3.35947385611 Size:  5
Vacancy Formation Energy (Cell Structure Relaxation): -3.35985778142 Size:  5
Vacancy Formation Energy (Cell Structure Relaxation): -3.35966427028 Size:  5
Vacancy Formation Energy (Cell Structure Relaxation): -3.35991486176 Size:  5
Vacancy Formation Energy (Cell Structure Relaxation): -3.3597868176 Size:  5
Vacancy Formation Energy (Cell Structure Relaxation): -3.35994199183 Size:  5
Vacancy Formation Energy (Cell Structure Relaxation): -3.35985851087 Size:  5
Vacancy Formation Energy (Cell Structure Relaxation): -3.35996124838 Size:  5
Vacancy Formation Energy (Cell Structure Relaxation): -3.35992593255 Size:  5
Vacancy Formation Energy (Cell Structure Relaxation): -3.35998067347 Size:  5
Vacancy Formation Energy (Cell Structure Relaxation): -3.35994494102 Size:  5
Vacancy Formation Energy (Cell Structure Relaxation): -3.35998541374 Size:  5
Vacancy Formation Energy (Cell Structure Relaxation): -3.35996197018 Size:  5
Vacancy Formation Energy (Cell Structure Relaxation): -3.35998986961 Size:  5
Vacancy Formation Energy (Cell Structure Relaxation): -3.35998117131 Size:  5
Vacancy Formation Energy (Cell Structure Relaxation): -3.35999482472 Size:  5
Vacancy Formation Energy (Cell Structure Relaxation): -3.35998612192 Size:  5
Vacancy Formation Energy (Cell Structure Relaxation): -3.35999627935 Size:  5
Vacancy Formation Energy (Cell Structure Relaxation): -3.35999068538 Size:  5
Vacancy Formation Energy (Cell Structure Relaxation): -3.35999758951 Size:  5
Vacancy Formation Energy (Cell Structure Relaxation): -3.35999463794 Size:  5
Vacancy Formation Energy (Cell Structure Relaxation): -3.35999859988 Size:  5
Vacancy Formation Energy (Cell Structure Relaxation): -3.35999529811 Size:  5
Vacancy Formation Energy (Cell Structure Relaxation): -3.35999905775 Size:  5
Vacancy Formation Energy (Cell Structure Relaxation): -3.35999779468 Size:  5
Vacancy Formation Energy (Cell Structure Relaxation): -3.35999939469 Size:  5
Vacancy Formation Energy (Cell Structure Relaxation): -3.3599984759 Size:  5
Vacancy Formation Energy (Cell Structure Relaxation): -3.35999959683 Size:  5
Vacancy Formation Energy (Cell Structure Relaxation): -3.35999923123 Size:  5
Vacancy Formation Energy (Cell Structure Relaxation): -3.35999978022 Size:  5
Vacancy Formation Energy (Cell Structure Relaxation): -3.35999939331 Size:  5
Vacancy Formation Energy (Cell Structure Relaxation): -3.35999981049 Size:  5
Vacancy Formation Energy (Cell Structure Relaxation): -3.35999961458 Size:  5
Vacancy Formation Energy (Cell Structure Relaxation): -3.35999987122 Size:  5
Vacancy Formation Energy (Cell Structure Relaxation): -3.3599997992 Size:  5
Vacancy Formation Energy (Cell Structure Relaxation): -3.35999992006 Size:  5
Vacancy Formation Energy (Cell Structure Relaxation): -3.35999981869 Size:  5
Vacancy Formation Energy (Cell Structure Relaxation): -3.35999992643 Size:  5
Vacancy Formation Energy (Cell Structure Relaxation): -3.35999980808 Size:  5
Vacancy Formation Energy (Cell Structure Relaxation): -3.35999994249 Size:  5
Vacancy Formation Energy (Cell Structure Relaxation): -3.35999982335 Size:  5
Vacancy Formation Energy (Cell Structure Relaxation): -3.3599999409 Size:  5
Vacancy Formation Energy (Cell Structure Relaxation): -3.35999984297 Size:  5
Vacancy Formation Energy (Cell Structure Relaxation): -3.35999993911 Size:  5
Vacancy Formation Energy (Cell Structure Relaxation): -3.35999990031 Size:  5
Vacancy Formation Energy (Cell Structure Relaxation): -3.35999995253 Size:  5
Vacancy Formation Energy (Cell Structure Relaxation): -3.35999993516 Size:  5
Vacancy Formation Energy (Cell Structure Relaxation): -3.35999996007 Size:  5
Vacancy Formation Energy (Cell Structure Relaxation): -3.35999991503 Size:  5
Vacancy Formation Energy (Cell Structure Relaxation): -3.35999996602 Size:  5
Vacancy Formation Energy (Cell Structure Relaxation): -3.35999995189 Size:  5
Vacancy Formation Energy (Cell Structure Relaxation): -3.35999995506 Size:  5
Vacancy Formation Energy (Cell Structure Relaxation): -3.35999995863 Size:  5
Vacancy Formation Energy (Cell Structure Relaxation): -3.35999995033 Size:  5
Vacancy Formation Energy (Cell Structure Relaxation): -3.3599999727 Size:  5
Vacancy Formation Energy (Cell Structure Relaxation): -3.35999995984 Size:  5
Vacancy Formation Energy (Cell Structure Relaxation): -3.35999995413 Size:  5
Vacancy Formation Energy (Cell Structure Relaxation): -3.35999997508 Size:  5
Vacancy Formation Energy (Cell Structure Relaxation): -3.35999995547 Size:  5
Vacancy Formation Energy (Cell Structure Relaxation): -3.35999997595 Size:  5
Vacancy Formation Energy (Cell Structure Relaxation): -3.35999995497 Size:  5
Vacancy Formation Energy (Cell Structure Relaxation): -3.35999997672 Size:  5
Vacancy Formation Energy (Cell Structure Relaxation): -3.35999997046 Size:  5
Vacancy Formation Energy (Cell Structure Relaxation): -3.35999996011 Size:  5
Vacancy Formation Energy (Cell Structure Relaxation): -3.35999997869 Size:  5
Vacancy Formation Energy (Cell Structure Relaxation): -3.35999996072 Size:  5
Vacancy Formation Energy (Cell Structure Relaxation): -3.35999998102 Size:  5
Vacancy Formation Energy (Cell Structure Relaxation): -3.35999997909 Size:  5
Vacancy Formation Energy (Cell Structure Relaxation): -3.35999998061 Size:  5
Vacancy Formation Energy (Cell Structure Relaxation): -3.35999997936 Size:  5
Vacancy Formation Energy (Cell Structure Relaxation): -3.35999997765 Size:  5
Vacancy Formation Energy (Cell Structure Relaxation): -3.35999998341 Size:  5
Vacancy Formation Energy (Cell Structure Relaxation): -3.35999998005 Size:  5
Vacancy Formation Energy (Cell Structure Relaxation): -3.35999997943 Size:  5
Vacancy Formation Energy (Cell Structure Relaxation): -3.35999998201 Size:  5
Vacancy Formation Energy (Cell Structure Relaxation): -3.35999997873 Size:  5
Vacancy Formation Energy (Cell Structure Relaxation): -3.35999998477 Size:  5
Vacancy Formation Energy (Cell Structure Relaxation): -3.35999997743 Size:  5
Vacancy Formation Energy (Cell Structure Relaxation): -3.35999998509 Size:  5
Vacancy Formation Energy (Cell Structure Relaxation): -3.35999998299 Size:  5
Vacancy Formation Energy (Cell Structure Relaxation): -3.35999998298 Size:  5
Vacancy Formation Energy (Cell Structure Relaxation): -3.35999998171 Size:  5
Vacancy Formation Energy (Cell Structure Relaxation): -3.35999998574 Size:  5
Vacancy Formation Energy (Cell Structure Relaxation): -3.35999998155 Size:  5
Vacancy Formation Energy (Cell Structure Relaxation): -3.35999998602 Size:  5
Vacancy Formation Energy (Cell Structure Relaxation): -3.35999998011 Size:  5
Vacancy Formation Energy (Cell Structure Relaxation): -3.3599999866 Size:  5
Vacancy Formation Energy (Cell Structure Relaxation): -3.35999998507 Size:  5
Vacancy Formation Energy (Cell Structure Relaxation): -3.35999998667 Size:  5
Vacancy Formation Energy (Cell Structure Relaxation): -3.35999998542 Size:  5
Vacancy Formation Energy (Cell Structure Relaxation): -3.35999998607 Size:  5
Vacancy Formation Energy (Cell Structure Relaxation): -3.35999998516 Size:  5
Vacancy Formation Energy (Cell Structure Relaxation): -3.35999998698 Size:  5
Vacancy Formation Energy (Cell Structure Relaxation): -3.35999998708 Size:  5
Vacancy Formation Energy (Cell Structure Relaxation): -3.35999998614 Size:  5
Vacancy Formation Energy (Cell Structure Relaxation): -3.35999998739 Size:  5
Vacancy Formation Energy (Cell Structure Relaxation): -3.35999998602 Size:  5
Vacancy Formation Energy (Cell Structure Relaxation): -3.35999998748 Size:  5
Vacancy Formation Energy (Cell Structure Relaxation): -3.35999998623 Size:  5
Vacancy Formation Energy (Cell Structure Relaxation): -3.35999998815 Size:  5
Vacancy Formation Energy (Cell Structure Relaxation): -3.35999998592 Size:  5
Vacancy Formation Energy (Cell Structure Relaxation): -3.35999998756 Size:  5
Vacancy Formation Energy (Cell Structure Relaxation): -3.35999998723 Size:  5
Vacancy Formation Energy (Cell Structure Relaxation): -3.35999998743 Size:  5
Vacancy Formation Energy (Cell Structure Relaxation): -3.35999998709 Size:  5
Vacancy Formation Energy (Cell Structure Relaxation): -3.35999998781 Size:  5
Vacancy Formation Energy (Cell Structure Relaxation): -3.35999998718 Size:  5
Vacancy Formation Energy (Cell Structure Relaxation): -3.35999998746 Size:  5
Vacancy Formation Energy (Cell Structure Relaxation): -3.35999998747 Size:  5
Vacancy Formation Energy (Cell Structure Relaxation): -3.35999998779 Size:  5
Vacancy Formation Energy (Cell Structure Relaxation): -3.35999998765 Size:  5
Vacancy Formation Energy (Cell Structure Relaxation): -3.35999998815 Size:  5
Vacancy Formation Energy (Cell Structure Relaxation): -3.35999998796 Size:  5
Vacancy Formation Energy (Cell Structure Relaxation): -3.35999998815 Size:  5
Vacancy Formation Energy (Cell Structure Relaxation): -3.35999998758 Size:  5
Vacancy Formation Energy (Cell Structure Relaxation): -3.35999998788 Size:  5
Vacancy Formation Energy (Cell Structure Relaxation): -3.35999998814 Size:  5
Vacancy Formation Energy (Cell Structure Relaxation): -3.35999998784 Size:  5
Vacancy Formation Energy (Cell Structure Relaxation): -3.3599999881 Size:  5
Vacancy Formation Energy (Cell Structure Relaxation): -3.35999998815 Size:  5
Vacancy Formation Energy (Cell Structure Relaxation): -3.35999998811 Size:  5
Vacancy Formation Energy (Cell Structure Relaxation): -3.35999998853 Size:  5
Vacancy Formation Energy (Cell Structure Relaxation): -3.35999998823 Size:  5
Vacancy Formation Energy (Cell Structure Relaxation): -3.35999998781 Size:  5
Vacancy Formation Energy (Cell Structure Relaxation): -3.3599999886 Size:  5
Vacancy Formation Energy (Cell Structure Relaxation): -3.35999998792 Size:  5
Vacancy Formation Energy (Cell Structure Relaxation): -3.35999998789 Size:  5
Vacancy Formation Energy (Cell Structure Relaxation): -3.35999998777 Size:  5
Vacancy Formation Energy (Cell Structure Relaxation): -3.3599999882 Size:  5
Vacancy Formation Energy (Cell Structure Relaxation): -3.35999998779 Size:  5
Vacancy Formation Energy (Cell Structure Relaxation): -3.35999998832 Size:  5
Vacancy Formation Energy (Cell Structure Relaxation): -3.35999998849 Size:  5
Vacancy Formation Energy (Cell Structure Relaxation): -3.35999998838 Size:  5
Optimization terminated successfully.
         Current function value: -3.360000
         Iterations: 106
         Function evaluations: 186
Summary:
Vacancy Formation Energy: -3.3599999886
Unrelaxed Cell Volume: 8303.79428957
Relaxed Cell Volume: 8303.79695694
Relaxation Volume: -0.0026673726079
Relaxed Cell Vector:
[  2.02500280e+01  -1.71359522e-08   2.02500218e+01  -6.47256183e-06
  -5.13051086e-06   2.02500265e+01]
Unrelaxed Cell Vector:
[20.250023300949998, 0.0, 20.250023300949998, 0.0, 0.0, 20.250023300949998]
Relaxed Cell:
[[  2.02500280e+01   0.00000000e+00   0.00000000e+00]
 [ -1.71359522e-08   2.02500218e+01   0.00000000e+00]
 [ -6.47256183e-06  -5.13051086e-06   2.02500265e+01]]
Unrelaxed Cell:
[[ 20.2500233   0.          0.       ]
 [  0.         20.2500233   0.       ]
 [  0.          0.         20.2500233]]

[Calculation Results Summary]
Sizes: [3, 4, 5]
Formation Energy By Size:
[-3.3599999881833469, -3.3599999881840859, -3.3599999886009755]
Relaxation Volume By Size:
[0.0, 0.0, -0.0026673726079025073]

[Extrapolation]
Fitting with 2 points, including orders [0, 3]
Fit with data beginning 0

Fit with Size: [3 4]
Orders: [0, 3]
Matrix A (Ax = y):
[[ 1.          0.03703704]
 [ 1.          0.015625  ]]
Data for Fitting: [-3.35999999 -3.35999999]
Fitting Results: (array([ -3.35999999e+00,   3.45318003e-11]), array([], dtype=float64), 2, array([ 1.41470379,  0.01513535]))

Fit with Size: [3 4]
Orders: [0, 3]
Matrix A (Ax = y):
[[ 1.          0.03703704]
 [ 1.          0.015625  ]]
Data for Fitting: [ 0.  0.]
Fitting Results: (array([ 0.,  0.]), array([], dtype=float64), 2, array([ 1.41470379,  0.01513535]))
Fit with data beginning 1

Fit with Size: [4 5]
Orders: [0, 3]
Matrix A (Ax = y):
[[ 1.        0.015625]
 [ 1.        0.008   ]]
Data for Fitting: [-3.35999999 -3.35999999]
Fitting Results: (array([ -3.35999999e+00,   5.46740958e-08]), array([], dtype=float64), 2, array([ 1.41431223,  0.00539131]))

Fit with Size: [4 5]
Orders: [0, 3]
Matrix A (Ax = y):
[[ 1.        0.015625]
 [ 1.        0.008   ]]
Data for Fitting: [ 0.         -0.00266737]
Fitting Results: (array([-0.00546593,  0.34981936]), array([], dtype=float64), 2, array([ 1.41431223,  0.00539131]))
Fitting with 3 points, including orders [0, 3]
Fit with data beginning 0

Fit with Size: [3 4 5]
Orders: [0, 3]
Matrix A (Ax = y):
[[ 1.          0.03703704]
 [ 1.          0.015625  ]
 [ 1.          0.008     ]]
Data for Fitting: [-3.35999999 -3.35999999 -3.35999999]
Fitting Results: (array([ -3.35999999e+00,   1.12676071e-08]), array([  5.85255774e-20]), 2, array([ 1.73240492,  0.02128544]))

Fit with Size: [3 4 5]
Orders: [0, 3]
Matrix A (Ax = y):
[[ 1.          0.03703704]
 [ 1.          0.015625  ]
 [ 1.          0.008     ]]
Data for Fitting: [ 0.          0.         -0.00266737]
Fitting Results: (array([-0.00234335,  0.07191778]), array([  2.39893972e-06]), 2, array([ 1.73240492,  0.02128544]))
Fitting with 3 points, including orders [0, 3, 4]
Fit with data beginning 0

Fit with Size: [3 4 5]
Orders: [0, 3, 4]
Matrix A (Ax = y):
[[ 1.          0.03703704  0.01234568]
 [ 1.          0.015625    0.00390625]
 [ 1.          0.008       0.0016    ]]
Data for Fitting: [-3.35999999 -3.35999999 -3.35999999]
Fitting Results: (array([ -3.35999999e+00,   2.34923798e-07,  -5.95947676e-07]), array([], dtype=float64), 3, array([  1.73243559e+00,   2.27351353e-02,   3.80051182e-04]))

Fit with Size: [3 4 5]
Orders: [0, 3, 4]
Matrix A (Ax = y):
[[ 1.          0.03703704  0.01234568]
 [ 1.          0.015625    0.00390625]
 [ 1.          0.008       0.0016    ]]
Data for Fitting: [ 0.          0.         -0.00266737]
Fitting Results: (array([-0.00859334,  1.50383443, -3.81544278]), array([], dtype=float64), 3, array([  1.73243559e+00,   2.27351353e-02,   3.80051182e-04]))
Fitting with 3 points, including orders [0, 3, 5]
Fit with data beginning 0

Fit with Size: [3 4 5]
Orders: [0, 3, 5]
Matrix A (Ax = y):
[[  1.00000000e+00   3.70370370e-02   4.11522634e-03]
 [  1.00000000e+00   1.56250000e-02   9.76562500e-04]
 [  1.00000000e+00   8.00000000e-03   3.20000000e-04]]
Data for Fitting: [-3.35999999 -3.35999999 -3.35999999]
Fitting Results: (array([ -3.35999999e+00,   1.32468610e-07,  -9.03468474e-07]), array([], dtype=float64), 3, array([  1.73240774e+00,   2.14761184e-02,   2.65390853e-04]))

Fit with Size: [3 4 5]
Orders: [0, 3, 5]
Matrix A (Ax = y):
[[  1.00000000e+00   3.70370370e-02   4.11522634e-03]
 [  1.00000000e+00   1.56250000e-02   9.76562500e-04]
 [  1.00000000e+00   8.00000000e-03   3.20000000e-04]]
Data for Fitting: [ 0.          0.         -0.00266737]
Fitting Results: (array([-0.00759948,  0.84788438, -5.78428678]), array([], dtype=float64), 3, array([  1.73240774e+00,   2.14761184e-02,   2.65390853e-04]))
Fitting with 3 points, including orders [0, 3, 6]
Fit with data beginning 0

Fit with Size: [3 4 5]
Orders: [0, 3, 6]
Matrix A (Ax = y):
[[  1.00000000e+00   3.70370370e-02   1.37174211e-03]
 [  1.00000000e+00   1.56250000e-02   2.44140625e-04]
 [  1.00000000e+00   8.00000000e-03   6.40000000e-05]]
Data for Fitting: [-3.35999999 -3.35999999 -3.35999999]
Fitting Results: (array([ -3.35999999e+00,   9.91296572e-08,  -1.88171881e-06]), array([], dtype=float64), 3, array([  1.73240519e+00,   2.13086278e-02,   1.28423698e-04]))

Fit with Size: [3 4 5]
Orders: [0, 3, 6]
Matrix A (Ax = y):
[[  1.00000000e+00   3.70370370e-02   1.37174211e-03]
 [  1.00000000e+00   1.56250000e-02   2.44140625e-04]
 [  1.00000000e+00   8.00000000e-03   6.40000000e-05]]
Data for Fitting: [ 0.          0.         -0.00266737]
Fitting Results: (array([ -6.97184627e-03,   6.34438011e-01,  -1.20473504e+01]), array([], dtype=float64), 3, array([  1.73240519e+00,   2.13086278e-02,   1.28423698e-04]))

[Fitting Results Summary]
Sizes: [3, 4, 5]
Data Points Used: [2, 3, 3, 3, 3]
Orders Included:
[[0, 3] [0, 3] [0, 3, 4] [0, 3, 5] [0, 3, 6]]
Formation Energy Fits By Size:
[[-3.3599999881846223, -3.3599999890383674] [-3.3599999885506433]
 [-3.3599999895268495] [-3.3599999893716133] [-3.3599999892735832]]
Relaxation Volume Fits By Size:
[[0.0, -0.0054659274752100534] [-0.0023433505333507053]
 [-0.0085933395873147838] [-0.0075994758788574309] [-0.0069718462694003608]]

[Final Results]
[
    {
        "property-id" "tag:staff@noreply.openkim.org,2015-07-28:property/monovacancy-neutral-relaxed-formation-potential-energy-crystal-npt" 
        "instance-id" 1 
        "relaxed-formation-potential-energy" {
            "source-value" -3.3599999890383674 
            "source-unit" "eV" 
            "source-std-uncert-value" 0.003359999988601011
        } 
        "host-cauchy-stress" {
            "source-value" [
                0 
                0 
                0 
                0 
                0 
                0
            ] 
            "source-unit" "GPa"
        } 
        "host-removed-atom" {
            "source-value" 1
        } 
        "host-short-name" {
            "source-value" [
                "fcc"
            ]
        } 
        "host-a" {
            "source-value" 4.0500046601899999 
            "source-unit" "angstrom"
        } 
        "host-b" {
            "source-value" 4.0500046601899999 
            "source-unit" "angstrom"
        } 
        "host-c" {
            "source-value" 4.0500046601899999 
            "source-unit" "angstrom"
        } 
        "host-alpha" {
            "source-value" 90.0 
            "source-unit" "degree"
        } 
        "host-beta" {
            "source-value" 90.0 
            "source-unit" "degree"
        } 
        "host-gamma" {
            "source-value" 90.0 
            "source-unit" "degree"
        } 
        "host-space-group" {
            "source-value" "Fm-3m"
        } 
        "host-wyckoff-multiplicity-and-letter" {
            "source-value" [
                "4a"
            ]
        } 
        "host-wyckoff-coordinates" {
            "source-value" [
                [
                    0.0 
                    0.0 
                    0.0
                ]
            ]
        } 
        "host-wyckoff-species" {
            "source-value" [
                "Al"
            ]
        } 
        "reservoir-cohesive-potential-energy" {
            "source-value" -13.439999952735137 
            "source-unit" "eV"
        } 
        "reservoir-short-name" {
            "source-value" [
                "fcc"
            ]
        } 
        "reservoir-cauchy-stress" {
            "source-value" [
                0.0 
                0.0 
                0.0 
                0.0 
                0.0 
                0.0
            ] 
            "source-unit" "GPa"
        } 
        "reservoir-a" {
            "source-value" 4.0500046601899999 
            "source-unit" "angstrom"
        } 
        "reservoir-b" {
            "source-value" 4.0500046601899999 
            "source-unit" "angstrom"
        } 
        "reservoir-c" {
            "source-value" 4.0500046601899999 
            "source-unit" "angstrom"
        } 
        "reservoir-alpha" {
            "source-value" 90.0 
            "source-unit" "degree"
        } 
        "reservoir-beta" {
            "source-value" 90.0 
            "source-unit" "degree"
        } 
        "reservoir-gamma" {
            "source-value" 90.0 
            "source-unit" "degree"
        } 
        "reservoir-space-group" {
            "source-value" "Fm-3m"
        } 
        "reservoir-wyckoff-multiplicity-and-letter" {
            "source-value" [
                "4a"
            ]
        } 
        "reservoir-wyckoff-coordinates" {
            "source-value" [
                [
                    0.0 
                    0.0 
                    0.0
                ]
            ]
        } 
        "reservoir-wyckoff-species" {
            "source-value" [
                "Al"
            ]
        }
    } 
    {
        "property-id" "tag:staff@noreply.openkim.org,2015-07-28:property/monovacancy-neutral-relaxation-volume-crystal-npt" 
        "instance-id" 2 
        "relaxation-volume" {
            "source-value" -0.0054659274752100534 
            "source-unit" "angstrom^3" 
            "source-std-uncert-value" 0.08309681502241319
        } 
        "host-cauchy-stress" {
            "source-value" [
                0 
                0 
                0 
                0 
                0 
                0
            ] 
            "source-unit" "GPa"
        } 
        "host-removed-atom" {
            "source-value" 1
        } 
        "host-short-name" {
            "source-value" [
                "fcc"
            ]
        } 
        "host-a" {
            "source-value" 4.0500046601899999 
            "source-unit" "angstrom"
        } 
        "host-b" {
            "source-value" 4.0500046601899999 
            "source-unit" "angstrom"
        } 
        "host-c" {
            "source-value" 4.0500046601899999 
            "source-unit" "angstrom"
        } 
        "host-alpha" {
            "source-value" 90.0 
            "source-unit" "degree"
        } 
        "host-beta" {
            "source-value" 90.0 
            "source-unit" "degree"
        } 
        "host-gamma" {
            "source-value" 90.0 
            "source-unit" "degree"
        } 
        "host-space-group" {
            "source-value" "Fm-3m"
        } 
        "host-wyckoff-multiplicity-and-letter" {
            "source-value" [
                "4a"
            ]
        } 
        "host-wyckoff-coordinates" {
            "source-value" [
                [
                    0.0 
                    0.0 
                    0.0
                ]
            ]
        } 
        "host-wyckoff-species" {
            "source-value" [
                "Al"
            ]
        }
    }
]
