Imported bulk from ase.lattice
Element = Lattice = Model = Element: Ni
Lattice: hcp
Model: EAM_Dynamo_Mishin_Farkas_Ni__MO_400591584784_001
Model Cutoff: 5.80375
NBC Name: NEIGH_RVEC_F
Relaxation With c/a Ratio Fixed
Simplex Searching start from: cutoff * 0.1
Simplex Searching Start From: [0.58037499999999997]
Optimization terminated successfully.
         Current function value: -19.267019
         Iterations: 56
         Function evaluations: 112
Tmp Lattice Constants: [ 1.81422108]
Tmp Energy: -19.267019216
Simplex Searching start from: cutoff * 0.12
Simplex Searching Start From: [0.69645000000000001]
Optimization terminated successfully.
         Current function value: -19.267019
         Iterations: 57
         Function evaluations: 115
Tmp Lattice Constants: [ 1.81422108]
Tmp Energy: -19.267019216
Simplex Searching start from: cutoff * 0.14
Simplex Searching Start From: [0.81252500000000005]
Optimization terminated successfully.
         Current function value: -19.267019
         Iterations: 53
         Function evaluations: 107
Tmp Lattice Constants: [ 1.81422108]
Tmp Energy: -19.267019216
Simplex Searching start from: cutoff * 0.16
Simplex Searching Start From: [0.92859999999999998]
Optimization terminated successfully.
         Current function value: -19.267019
         Iterations: 54
         Function evaluations: 108
Tmp Lattice Constants: [ 1.81422108]
Tmp Energy: -19.267019216
Simplex Searching start from: cutoff * 0.18
Simplex Searching Start From: [1.044675]
Optimization terminated successfully.
         Current function value: -19.267019
         Iterations: 57
         Function evaluations: 114
Tmp Lattice Constants: [ 1.81422108]
Tmp Energy: -19.267019216
Simplex Searching start from: cutoff * 0.2
Simplex Searching Start From: [1.1607499999999999]
Optimization terminated successfully.
         Current function value: -19.267019
         Iterations: 52
         Function evaluations: 104
Tmp Lattice Constants: [ 1.81422108]
Tmp Energy: -19.267019216
Simplex Searching start from: cutoff * 0.22
Simplex Searching Start From: [1.2768250000000001]
Optimization terminated successfully.
         Current function value: -19.267019
         Iterations: 57
         Function evaluations: 114
Tmp Lattice Constants: [ 1.81422108]
Tmp Energy: -19.2670192159
Simplex Searching start from: cutoff * 0.24
Simplex Searching Start From: [1.3929]
Optimization terminated successfully.
         Current function value: -19.267019
         Iterations: 53
         Function evaluations: 106
Tmp Lattice Constants: [ 1.81422108]
Tmp Energy: -19.267019216
Simplex Searching start from: cutoff * 0.26
Simplex Searching Start From: [1.508975]
Optimization terminated successfully.
         Current function value: -19.267019
         Iterations: 52
         Function evaluations: 104
Tmp Lattice Constants: [ 1.81422108]
Tmp Energy: -19.267019216
Simplex Searching start from: cutoff * 0.28
Simplex Searching Start From: [1.6250500000000001]
Optimization terminated successfully.
         Current function value: -19.267019
         Iterations: 47
         Function evaluations: 94
Tmp Lattice Constants: [ 1.81422108]
Tmp Energy: -19.267019216
Simplex Searching start from: cutoff * 0.3
Simplex Searching Start From: [1.741125]
Optimization terminated successfully.
         Current function value: -19.267019
         Iterations: 53
         Function evaluations: 106
Tmp Lattice Constants: [ 1.81422108]
Tmp Energy: -19.267019216
Simplex Searching start from: cutoff * 0.32
Simplex Searching Start From: [1.8572]
Optimization terminated successfully.
         Current function value: -19.267019
         Iterations: 51
         Function evaluations: 102
Tmp Lattice Constants: [ 1.81422108]
Tmp Energy: -19.267019216
Simplex Searching start from: cutoff * 0.34
Simplex Searching Start From: [1.9732750000000001]
Optimization terminated successfully.
         Current function value: -8.858543
         Iterations: 35
         Function evaluations: 76
Tmp Lattice Constants: [ 2.47798942]
Tmp Energy: -8.85854283706
Simplex Searching start from: cutoff * 0.36
Simplex Searching Start From: [2.08935]
Optimization terminated successfully.
         Current function value: -8.858543
         Iterations: 33
         Function evaluations: 71
Tmp Lattice Constants: [ 2.4779894]
Tmp Energy: -8.85854283706
Simplex Searching start from: cutoff * 0.38
Simplex Searching Start From: [2.205425]
Optimization terminated successfully.
         Current function value: -8.858543
         Iterations: 35
         Function evaluations: 73
Tmp Lattice Constants: [ 2.47798941]
Tmp Energy: -8.85854283706
Simplex Searching start from: cutoff * 0.4
Simplex Searching Start From: [2.3214999999999999]
Optimization terminated successfully.
         Current function value: -8.858543
         Iterations: 32
         Function evaluations: 70
Tmp Lattice Constants: [ 2.47798942]
Tmp Energy: -8.85854283706
Simplex Searching start from: cutoff * 0.42
Simplex Searching Start From: [2.4375749999999998]
Optimization terminated successfully.
         Current function value: -8.858543
         Iterations: 33
         Function evaluations: 70
Tmp Lattice Constants: [ 2.47798941]
Tmp Energy: -8.85854283706
Simplex Searching start from: cutoff * 0.44
Simplex Searching Start From: [2.5536500000000002]
Optimization terminated successfully.
         Current function value: -8.858543
         Iterations: 33
         Function evaluations: 73
Tmp Lattice Constants: [ 2.47798942]
Tmp Energy: -8.85854283706
Simplex Searching start from: cutoff * 0.46
Simplex Searching Start From: [2.6697250000000001]
Optimization terminated successfully.
         Current function value: -8.858543
         Iterations: 33
         Function evaluations: 72
Tmp Lattice Constants: [ 2.47798941]
Tmp Energy: -8.85854283706
Simplex Searching start from: cutoff * 0.48
Simplex Searching Start From: [2.7858000000000001]
Optimization terminated successfully.
         Current function value: -8.858543
         Iterations: 34
         Function evaluations: 71
Tmp Lattice Constants: [ 2.4779894]
Tmp Energy: -8.85854283706
Relaxation With c/a Ratio Relaxed
