Imported bulk from ase.lattice
Element = Lattice = Model = Element: Si
Lattice: hcp
Model: Three_Body_Stillinger_Weber_Si__MO_405512056662_001
Model Cutoff: 3.77118
NBC Name: NEIGH_RVEC_F
Relaxation With c/a Ratio Fixed
Simplex Searching start from: cutoff * 0.1
Simplex Searching Start From: [0.37711800000000006]
Optimization terminated successfully.
         Current function value: -7.880266
         Iterations: 41
         Function evaluations: 87
Tmp Lattice Constants: [ 2.93207619]
Tmp Energy: -7.88026571504
Simplex Searching start from: cutoff * 0.12
Simplex Searching Start From: [0.45254159999999999]
Optimization terminated successfully.
         Current function value: -7.880266
         Iterations: 43
         Function evaluations: 87
Tmp Lattice Constants: [ 2.93207619]
Tmp Energy: -7.88026571504
Simplex Searching start from: cutoff * 0.14
Simplex Searching Start From: [0.52796520000000002]
Optimization terminated successfully.
         Current function value: -7.880266
         Iterations: 40
         Function evaluations: 83
Tmp Lattice Constants: [ 2.93207619]
Tmp Energy: -7.88026571504
Simplex Searching start from: cutoff * 0.16
Simplex Searching Start From: [0.60338880000000006]
Optimization terminated successfully.
         Current function value: -7.880266
         Iterations: 42
         Function evaluations: 89
Tmp Lattice Constants: [ 2.93207619]
Tmp Energy: -7.88026571504
Simplex Searching start from: cutoff * 0.18
Simplex Searching Start From: [0.67881239999999998]
Optimization terminated successfully.
         Current function value: -7.880266
         Iterations: 40
         Function evaluations: 84
Tmp Lattice Constants: [ 2.93207619]
Tmp Energy: -7.88026571504
Simplex Searching start from: cutoff * 0.2
Simplex Searching Start From: [0.75423600000000013]
Optimization terminated successfully.
         Current function value: -7.880266
         Iterations: 41
         Function evaluations: 85
Tmp Lattice Constants: [ 2.93207619]
Tmp Energy: -7.88026571504
Simplex Searching start from: cutoff * 0.22
Simplex Searching Start From: [0.82965960000000005]
Optimization terminated successfully.
         Current function value: -7.880266
         Iterations: 39
         Function evaluations: 81
Tmp Lattice Constants: [ 2.93207619]
Tmp Energy: -7.88026571504
Simplex Searching start from: cutoff * 0.24
Simplex Searching Start From: [0.90508319999999998]
Optimization terminated successfully.
         Current function value: -7.880266
         Iterations: 40
         Function evaluations: 83
Tmp Lattice Constants: [ 2.93207619]
Tmp Energy: -7.88026571504
Simplex Searching start from: cutoff * 0.26
Simplex Searching Start From: [0.98050680000000012]
Optimization terminated successfully.
         Current function value: -7.880266
         Iterations: 40
         Function evaluations: 84
Tmp Lattice Constants: [ 2.93207619]
Tmp Energy: -7.88026571504
Simplex Searching start from: cutoff * 0.28
Simplex Searching Start From: [1.0559304]
Optimization terminated successfully.
         Current function value: -7.880266
         Iterations: 38
         Function evaluations: 79
Tmp Lattice Constants: [ 2.93207619]
Tmp Energy: -7.88026571504
Simplex Searching start from: cutoff * 0.3
Simplex Searching Start From: [1.131354]
Optimization terminated successfully.
         Current function value: -7.880266
         Iterations: 39
         Function evaluations: 82
Tmp Lattice Constants: [ 2.93207619]
Tmp Energy: -7.88026571504
Simplex Searching start from: cutoff * 0.32
Simplex Searching Start From: [1.2067776000000001]
Optimization terminated successfully.
         Current function value: -7.880266
         Iterations: 40
         Function evaluations: 84
Tmp Lattice Constants: [ 2.93207619]
Tmp Energy: -7.88026571504
Simplex Searching start from: cutoff * 0.34
Simplex Searching Start From: [1.2822012000000003]
Optimization terminated successfully.
         Current function value: -7.880266
         Iterations: 38
         Function evaluations: 82
Tmp Lattice Constants: [ 2.93207619]
Tmp Energy: -7.88026571504
Simplex Searching start from: cutoff * 0.36
Simplex Searching Start From: [1.3576248]
Optimization terminated successfully.
         Current function value: -7.880266
         Iterations: 38
         Function evaluations: 81
Tmp Lattice Constants: [ 2.93207619]
Tmp Energy: -7.88026571504
Simplex Searching start from: cutoff * 0.38
Simplex Searching Start From: [1.4330484000000001]
Optimization terminated successfully.
         Current function value: -7.880266
         Iterations: 38
         Function evaluations: 80
Tmp Lattice Constants: [ 2.93207619]
Tmp Energy: -7.88026571504
Simplex Searching start from: cutoff * 0.4
Simplex Searching Start From: [1.5084720000000003]
Optimization terminated successfully.
         Current function value: -7.880266
         Iterations: 39
         Function evaluations: 81
Tmp Lattice Constants: [ 2.93207619]
Tmp Energy: -7.88026571504
Simplex Searching start from: cutoff * 0.42
Simplex Searching Start From: [1.5838956]
Optimization terminated successfully.
         Current function value: -7.880266
         Iterations: 38
         Function evaluations: 81
Tmp Lattice Constants: [ 2.93207619]
Tmp Energy: -7.88026571504
Simplex Searching start from: cutoff * 0.44
Simplex Searching Start From: [1.6593192000000001]
Optimization terminated successfully.
         Current function value: -7.880266
         Iterations: 37
         Function evaluations: 74
Tmp Lattice Constants: [ 2.93207619]
Tmp Energy: -7.88026571504
Simplex Searching start from: cutoff * 0.46
Simplex Searching Start From: [1.7347428000000003]
Optimization terminated successfully.
         Current function value: -7.880266
         Iterations: 39
         Function evaluations: 83
Tmp Lattice Constants: [ 2.93207618]
Tmp Energy: -7.88026571504
Simplex Searching start from: cutoff * 0.48
Simplex Searching Start From: [1.8101664]
Optimization terminated successfully.
         Current function value: -7.880266
         Iterations: 36
         Function evaluations: 78
Tmp Lattice Constants: [ 2.93207618]
Tmp Energy: -7.88026571504
Relaxation With c/a Ratio Relaxed
Simplex Searching start from c/a ratio: 1.633 * 0.8
Simplex Searching Start From: [2.9320761929101611, 2.345660954328129]
Optimization terminated successfully.
         Current function value: -8.071726
         Iterations: 80
         Function evaluations: 165
Tmp Lattice Constants: [ 3.64701759  3.22400015]
Tmp Energy: -8.07172582583
Simplex Searching start from c/a ratio: 1.633 * 0.82
Simplex Searching Start From: [2.9320761929101611, 2.4043024781863322]
Optimization terminated successfully.
         Current function value: -8.071726
         Iterations: 78
         Function evaluations: 161
Tmp Lattice Constants: [ 3.64701755  3.22400016]
Tmp Energy: -8.07172582583
Simplex Searching start from c/a ratio: 1.633 * 0.84
Simplex Searching Start From: [2.9320761929101611, 2.462944002044535]
Optimization terminated successfully.
         Current function value: -8.071726
         Iterations: 81
         Function evaluations: 167
Tmp Lattice Constants: [ 3.64701756  3.22400017]
Tmp Energy: -8.07172582583
Simplex Searching start from c/a ratio: 1.633 * 0.86
Simplex Searching Start From: [2.9320761929101611, 2.5215855259027387]
Optimization terminated successfully.
         Current function value: -8.071726
         Iterations: 78
         Function evaluations: 161
Tmp Lattice Constants: [ 3.64701754  3.22400016]
Tmp Energy: -8.07172582583
Simplex Searching start from c/a ratio: 1.633 * 0.88
Simplex Searching Start From: [2.9320761929101611, 2.5802270497609419]
Optimization terminated successfully.
         Current function value: -8.071726
         Iterations: 74
         Function evaluations: 158
Tmp Lattice Constants: [ 3.64701754  3.22400018]
Tmp Energy: -8.07172582583
Simplex Searching start from c/a ratio: 1.633 * 0.9
Simplex Searching Start From: [2.9320761929101611, 2.6388685736191451]
Optimization terminated successfully.
         Current function value: -8.071726
         Iterations: 74
         Function evaluations: 155
Tmp Lattice Constants: [ 3.64701756  3.22400015]
Tmp Energy: -8.07172582583
Simplex Searching start from c/a ratio: 1.633 * 0.92
Simplex Searching Start From: [2.9320761929101611, 2.6975100974773483]
Optimization terminated successfully.
         Current function value: -8.071726
         Iterations: 77
         Function evaluations: 159
Tmp Lattice Constants: [ 3.64701758  3.22400015]
Tmp Energy: -8.07172582583
Simplex Searching start from c/a ratio: 1.633 * 0.94
Simplex Searching Start From: [2.9320761929101611, 2.7561516213355515]
Optimization terminated successfully.
         Current function value: -8.071726
         Iterations: 71
         Function evaluations: 150
Tmp Lattice Constants: [ 3.64701754  3.22400018]
Tmp Energy: -8.07172582583
Simplex Searching start from c/a ratio: 1.633 * 0.96
Simplex Searching Start From: [2.9320761929101611, 2.8147931451937547]
Optimization terminated successfully.
         Current function value: -8.071726
         Iterations: 76
         Function evaluations: 159
Tmp Lattice Constants: [ 3.64701758  3.22400016]
Tmp Energy: -8.07172582583
Simplex Searching start from c/a ratio: 1.633 * 0.98
Simplex Searching Start From: [2.9320761929101611, 2.8734346690519579]
Optimization terminated successfully.
         Current function value: -8.071726
         Iterations: 78
         Function evaluations: 165
Tmp Lattice Constants: [ 3.64701754  3.22400018]
Tmp Energy: -8.07172582583
Simplex Searching start from c/a ratio: 1.633 * 1.0
Simplex Searching Start From: [2.9320761929101611, 2.9320761929101611]
Optimization terminated successfully.
         Current function value: -8.071726
         Iterations: 70
         Function evaluations: 151
Tmp Lattice Constants: [ 3.64701753  3.22400018]
Tmp Energy: -8.07172582583
Simplex Searching start from c/a ratio: 1.633 * 1.02
Simplex Searching Start From: [2.9320761929101611, 2.9907177167683643]
Optimization terminated successfully.
         Current function value: -8.071726
         Iterations: 74
         Function evaluations: 153
Tmp Lattice Constants: [ 3.64701752  3.2240002 ]
Tmp Energy: -8.07172582583
Simplex Searching start from c/a ratio: 1.633 * 1.04
Simplex Searching Start From: [2.9320761929101611, 3.0493592406265675]
Optimization terminated successfully.
         Current function value: -8.071726
         Iterations: 72
         Function evaluations: 152
Tmp Lattice Constants: [ 3.64701751  3.22400018]
Tmp Energy: -8.07172582583
Simplex Searching start from c/a ratio: 1.633 * 1.06
Simplex Searching Start From: [2.9320761929101611, 3.1080007644847707]
Optimization terminated successfully.
         Current function value: -8.071726
         Iterations: 73
         Function evaluations: 159
Tmp Lattice Constants: [ 3.64701755  3.22400017]
Tmp Energy: -8.07172582583
Simplex Searching start from c/a ratio: 1.633 * 1.08
Simplex Searching Start From: [2.9320761929101611, 3.1666422883429743]
Optimization terminated successfully.
         Current function value: -8.071726
         Iterations: 66
         Function evaluations: 148
Tmp Lattice Constants: [ 3.64701758  3.22400017]
Tmp Energy: -8.07172582583
Simplex Searching start from c/a ratio: 1.633 * 1.1
Simplex Searching Start From: [2.9320761929101611, 3.2252838122011775]
Optimization terminated successfully.
         Current function value: -8.071726
         Iterations: 73
         Function evaluations: 157
Tmp Lattice Constants: [ 3.64701758  3.22400015]
Tmp Energy: -8.07172582583
Simplex Searching start from c/a ratio: 1.633 * 1.12
Simplex Searching Start From: [2.9320761929101611, 3.2839253360593808]
Optimization terminated successfully.
         Current function value: -8.071726
         Iterations: 74
         Function evaluations: 152
Tmp Lattice Constants: [ 3.64701759  3.22400014]
Tmp Energy: -8.07172582583
Simplex Searching start from c/a ratio: 1.633 * 1.14
Simplex Searching Start From: [2.9320761929101611, 3.342566859917584]
Optimization terminated successfully.
         Current function value: -8.071726
         Iterations: 70
         Function evaluations: 154
Tmp Lattice Constants: [ 3.64701753  3.22400019]
Tmp Energy: -8.07172582583
Simplex Searching start from c/a ratio: 1.633 * 1.16
Simplex Searching Start From: [2.9320761929101611, 3.4012083837757867]
Optimization terminated successfully.
         Current function value: -8.071726
         Iterations: 73
         Function evaluations: 154
Tmp Lattice Constants: [ 3.64701752  3.2240002 ]
Tmp Energy: -8.07172582583
Simplex Searching start from c/a ratio: 1.633 * 1.18
Simplex Searching Start From: [2.9320761929101611, 3.4598499076339899]
Optimization terminated successfully.
         Current function value: -8.071726
         Iterations: 74
         Function evaluations: 155
Tmp Lattice Constants: [ 3.64701754  3.22400017]
Tmp Energy: -8.07172582583
Lattice Constants: [ 3.64701758  3.22400015]
Energy: -8.07172582583
Lattice Constants: 3.64701758125 3.22400015205
[
    {
        "property-id" "tag:staff@noreply.openkim.org,2014-04-15:property/structure-hexagonal-crystal-npt" 
        "instance-id" 1 
        "cauchy-stress" {
            "source-value" [
                0 
                0 
                0 
                0 
                0
            ] 
            "source-unit" "GPa"
        } 
        "short-name" {
            "source-value" [
                "hcp"
            ]
        } 
        "species" {
            "source-value" [
                "Si"
            ]
        } 
        "a" {
            "source-value" 3.647017581248404 
            "source-unit" "angstrom"
        } 
        "c" {
            "source-value" 3.2240001520545989 
            "source-unit" "angstrom"
        } 
        "basis-atom-coordinates" {
            "source-value" [
                [
                    0.0 
                    0.0 
                    0.0
                ] 
                [
                    0.0 
                    0.5773502691896257 
                    0.5
                ]
            ]
        } 
        "space-group" {
            "source-value" "P63/mmc"
        } 
        "temperature" {
            "source-value" 0 
            "source-unit" "K"
        }
    } 
    {
        "property-id" "tag:staff@noreply.openkim.org,2014-04-15:property/cohesive-free-energy-hexagonal-crystal" 
        "instance-id" 2 
        "cohesive-free-energy" {
            "source-value" -8.0717258258286542 
            "source-unit" "eV"
        } 
        "short-name" {
            "source-value" [
                "hcp"
            ]
        } 
        "species" {
            "source-value" [
                "Si"
            ]
        } 
        "a" {
            "source-value" 3.647017581248404 
            "source-unit" "angstrom"
        } 
        "c" {
            "source-value" 3.2240001520545989 
            "source-unit" "angstrom"
        } 
        "basis-atom-coordinates" {
            "source-value" [
                [
                    0.0 
                    0.0 
                    0.0
                ] 
                [
                    0.0 
                    0.5773502691896257 
                    0.5
                ]
            ]
        } 
        "space-group" {
            "source-value" "P63/mmc"
        } 
        "temperature" {
            "source-value" 0 
            "source-unit" "K"
        }
    }
]
