Traceback (most recent call last):
  File "/home/openkim/openkim-repository/td/VacancyFormationEnergyRelaxationVolume__TD_000000111111_000/runner", line 520, in <module>
    print resStr
  File "/home/openkim/openkim-repository/td/VacancyFormationEnergyRelaxationVolume__TD_000000111111_000/runner", line 510, in main
    
  File "/home/openkim/openkim-repository/td/VacancyFormationEnergyRelaxationVolume__TD_000000111111_000/runner", line 347, in getResults
    sizes = []
  File "/home/openkim/openkim-repository/td/VacancyFormationEnergyRelaxationVolume__TD_000000111111_000/runner", line 232, in _getResultsForSize
    # Position Relaxation
  File "/home/openkim/bin/ase/ase/optimize/optimize.py", line 149, in run
    self.log(f)
  File "/home/openkim/bin/ase/ase/optimize/optimize.py", line 168, in log
    e = self.atoms.get_potential_energy()
  File "/home/openkim/bin/ase/ase/atoms.py", line 645, in get_potential_energy
    energy = self._calc.get_potential_energy(self)
  File "/usr/local/lib/python2.7/dist-packages/kimcalculator.py", line 278, in get_potential_energy
    self.update(atoms)
  File "/usr/local/lib/python2.7/dist-packages/kimcalculator.py", line 274, in update
    kimnl.nbl_build_neighborlist(self.pkim)
KeyboardInterrupt
{"usertime":0.01,"memmax":23280,"memavg":0}
