Imported bulk from ase.lattice
Parameters Input: Cr diamond Pair_Morse_Shifted_GirifalcoWeizer_HighCutoff_Cr__MO_859700307573_001 [5.67641863751]
CELL_SIZE_MIN: 3
CELL_SIZE_MAX: 5
Smallest System Size: 216
Largest System Size: 1000
Model Cutoff: 9.05351

[Calculation]

Supercell Size: 3
Unrelaxed Cell:
[[ 17.02925591   0.           0.        ]
 [  0.          17.02925591   0.        ]
 [  0.           0.          17.02925591]]
Unrelaxed Cell Vector:
[17.029255912530001, 0.0, 17.029255912530001, 0.0, 0.0, 17.029255912530001]
==========
Loop: 0
Position Relaxation...
FIRE:   0  16:10:56     -334.611395       1.3100
FIRE:   1  16:10:56     -334.683227       1.3037
FIRE:   2  16:10:56     -334.823129       1.2923
FIRE:   3  16:10:56     -335.026758       1.2788
FIRE:   4  16:10:56     -335.294364       1.2685
FIRE:   5  16:10:56     -335.635394       1.2663
FIRE:   6  16:10:56     -336.070084       1.2764
FIRE:   7  16:10:56     -336.627199       1.2935
FIRE:   8  16:10:56     -337.289872       1.2987
FIRE:   9  16:10:56     -338.002679       1.2578
FIRE:  10  16:10:56     -338.743378       1.1266
FIRE:  11  16:10:56     -339.478658       0.9533
FIRE:  12  16:10:56     -340.171527       0.9965
FIRE:  13  16:10:56     -340.800899       1.0176
FIRE:  14  16:10:56     -341.394585       1.0048
FIRE:  15  16:10:57     -342.032509       1.2913
FIRE:  16  16:10:57     -342.758123       1.1702
FIRE:  17  16:10:57     -343.499928       0.6534
FIRE:  18  16:10:57     -344.164961       0.6981
FIRE:  19  16:10:57     -344.768797       0.9639
FIRE:  20  16:10:57     -345.413969       1.2666
FIRE:  21  16:10:57     -346.152364       1.0282
FIRE:  22  16:10:57     -346.923525       0.8008
FIRE:  23  16:10:57     -347.666441       0.8153
FIRE:  24  16:10:57     -348.424650       1.0290
FIRE:  25  16:10:57     -349.262326       0.9591
FIRE:  26  16:10:57     -350.159261       0.8580
FIRE:  27  16:10:57     -351.072106       0.8685
FIRE:  28  16:10:57     -352.008772       0.8745
FIRE:  29  16:10:57     -352.994736       0.8745
FIRE:  30  16:10:57     -354.026516       0.8669
FIRE:  31  16:10:57     -355.082589       0.8815
FIRE:  32  16:10:57     -356.152964       0.8964
FIRE:  33  16:10:57     -357.241931       0.9084
FIRE:  34  16:10:57     -358.351980       0.9171
FIRE:  35  16:10:57     -359.477251       0.9217
FIRE:  36  16:10:57     -360.609587       0.9215
FIRE:  37  16:10:57     -361.746029       0.9158
FIRE:  38  16:10:58     -362.890462       0.9034
FIRE:  39  16:10:58     -364.050830       0.8832
FIRE:  40  16:10:58     -365.236281       0.8545
FIRE:  41  16:10:58     -366.455786       0.8162
FIRE:  42  16:10:58     -367.717518       0.7675
FIRE:  43  16:10:58     -369.027872       0.7894
FIRE:  44  16:10:58     -370.390038       0.8313
FIRE:  45  16:10:58     -371.803271       0.8732
FIRE:  46  16:10:58     -373.263372       0.9146
FIRE:  47  16:10:58     -374.764060       0.9549
FIRE:  48  16:10:58     -376.299129       0.9937
FIRE:  49  16:10:58     -377.863995       1.0305
Steps Limit Exceeded. Structure Maybe Unstable.
Relaxation Completed. Steps: 50
Cell Size Relaxation...
Optimization terminated successfully.
         Current function value: -262.355210
         Iterations: 284
         Function evaluations: 559
Current VFE: -262.355210477
Energy of Supercell: -337.738604743
Unrelaxed Cell Volume: 4938.40855253
Current Relaxed Cell Volume: 3146.00777074
Current Relaxation Volume: 1792.4007818
Current Cell:
[[  7.80270823e+00   0.00000000e+00   0.00000000e+00]
 [  6.99287237e-05   2.00796990e+01   0.00000000e+00]
 [  2.81411186e-04   2.73565664e-04   2.00797002e+01]]
System Collapsed. Volume significantly changed.
