Imported bulk from ase.lattice
Parameters Input: Al diamond EAM_Dynamo_Zhou_Johnson_Al__MO_131650261510_001 [5.66295612124]
CELL_SIZE_MIN: 3
CELL_SIZE_MAX: 5
Smallest System Size: 216
Largest System Size: 1000
Model Cutoff: 6.40392875671

[Calculation]

Supercell Size: 3
Unrelaxed Cell:
[[ 16.98886836   0.           0.        ]
 [  0.          16.98886836   0.        ]
 [  0.           0.          16.98886836]]
Unrelaxed Cell Vector:
[16.988868363719998, 0.0, 16.988868363719998, 0.0, 0.0, 16.988868363719998]
==========
Loop: 0
Position Relaxation...
Steps Limit Exceeded. Structure Maybe Unstable.
Relaxation Completed. Steps: 500
Cell Size Relaxation...
Warning: Maximum number of function evaluations has been exceeded.
Current VFE: -96.9136144204
Energy of Supercell: -653.424549344
Unrelaxed Cell Volume: 4903.35518955
Current Relaxed Cell Volume: 4046.88029895
Current Relaxation Volume: 856.474890599
Current Cell:
[[  1.59245104e+01   0.00000000e+00   0.00000000e+00]
 [  7.44183474e-03   1.59704921e+01   0.00000000e+00]
 [ -1.37431655e-02  -5.75996789e-02   1.59124104e+01]]
System Collapsed.
Volume significantly decreased
System energy significantly decreased
