Imported bulk from ase.lattice
Parameters Input: Al sc EAM_Dynamo_Mendelev_Kramer_Al__MO_106969701023_001 [2.71326322109]
CELL_SIZE_MIN: 6
CELL_SIZE_MAX: 8
Smallest System Size: 216
Largest System Size: 512

[Calculation]

Supercell Size: 6
Unrelaxed Cell:
[[ 16.27957933   0.           0.        ]
 [  0.          16.27957933   0.        ]
 [  0.           0.          16.27957933]]
Unrelaxed Cell Vector:
[16.279579326540002, 0.0, 16.279579326540002, 0.0, 0.0, 16.279579326540002]
Vacancy Formation Energy (Cell Structure Relaxation): -0.273171959108 Size:  6
Vacancy Formation Energy (Cell Structure Relaxation): 4.35305468477 Size:  6
Vacancy Formation Energy (Cell Structure Relaxation): -0.703192430373 Size:  6
Vacancy Formation Energy (Cell Structure Relaxation): 4.94401768365 Size:  6
Vacancy Formation Energy (Cell Structure Relaxation): -0.700575648966 Size:  6
Vacancy Formation Energy (Cell Structure Relaxation): -0.700575650304 Size:  6
Vacancy Formation Energy (Cell Structure Relaxation): 4.93261045476 Size:  6
Vacancy Formation Energy (Cell Structure Relaxation): 0.773079853897 Size:  6
Vacancy Formation Energy (Cell Structure Relaxation): 1.69556383732 Size:  6
Vacancy Formation Energy (Cell Structure Relaxation): -40.4137111454 Size:  6
Vacancy Formation Energy (Cell Structure Relaxation): -43.919841274 Size:  6
Vacancy Formation Energy (Cell Structure Relaxation): -32.8008821718 Size:  6
Vacancy Formation Energy (Cell Structure Relaxation): -36.7843224945 Size:  6
Vacancy Formation Energy (Cell Structure Relaxation): -39.8602357918 Size:  6
Vacancy Formation Energy (Cell Structure Relaxation): -41.7255617918 Size:  6
Vacancy Formation Energy (Cell Structure Relaxation): -43.4200357539 Size:  6
Vacancy Formation Energy (Cell Structure Relaxation): -45.8506919975 Size:  6
Vacancy Formation Energy (Cell Structure Relaxation): -39.9314473864 Size:  6
Vacancy Formation Energy (Cell Structure Relaxation): -46.1794339213 Size:  6
Vacancy Formation Energy (Cell Structure Relaxation): -34.4289315487 Size:  6
Vacancy Formation Energy (Cell Structure Relaxation): -43.9573384919 Size:  6
Vacancy Formation Energy (Cell Structure Relaxation): -41.476963306 Size:  6
Vacancy Formation Energy (Cell Structure Relaxation): -45.9039392335 Size:  6
Vacancy Formation Energy (Cell Structure Relaxation): -39.7577671564 Size:  6
Vacancy Formation Energy (Cell Structure Relaxation): -46.4687209524 Size:  6
Vacancy Formation Energy (Cell Structure Relaxation): -43.4994605798 Size:  6
Vacancy Formation Energy (Cell Structure Relaxation): -45.8308633932 Size:  6
Vacancy Formation Energy (Cell Structure Relaxation): -43.3506959755 Size:  6
Vacancy Formation Energy (Cell Structure Relaxation): -47.0888849277 Size:  6
Vacancy Formation Energy (Cell Structure Relaxation): -46.3551940991 Size:  6
Vacancy Formation Energy (Cell Structure Relaxation): -46.1951297808 Size:  6
Vacancy Formation Energy (Cell Structure Relaxation): -46.8246879608 Size:  6
Vacancy Formation Energy (Cell Structure Relaxation): -44.2737168182 Size:  6
Vacancy Formation Energy (Cell Structure Relaxation): -47.0773517107 Size:  6
Vacancy Formation Energy (Cell Structure Relaxation): -44.6740472527 Size:  6
Vacancy Formation Energy (Cell Structure Relaxation): -47.1097268845 Size:  6
Vacancy Formation Energy (Cell Structure Relaxation): -46.6789743159 Size:  6
Vacancy Formation Energy (Cell Structure Relaxation): -46.0039933938 Size:  6
Vacancy Formation Energy (Cell Structure Relaxation): -47.0739163038 Size:  6
Vacancy Formation Energy (Cell Structure Relaxation): -45.7424482762 Size:  6
Vacancy Formation Energy (Cell Structure Relaxation): -47.1980040307 Size:  6
Vacancy Formation Energy (Cell Structure Relaxation): -46.7533958544 Size:  6
Vacancy Formation Energy (Cell Structure Relaxation): -47.1576972417 Size:  6
Vacancy Formation Energy (Cell Structure Relaxation): -46.9992943686 Size:  6
Vacancy Formation Energy (Cell Structure Relaxation): -47.234656255 Size:  6
Vacancy Formation Energy (Cell Structure Relaxation): -47.0153766334 Size:  6
Vacancy Formation Energy (Cell Structure Relaxation): -47.2208169134 Size:  6
Vacancy Formation Energy (Cell Structure Relaxation): -47.026454362 Size:  6
Vacancy Formation Energy (Cell Structure Relaxation): -47.2858581084 Size:  6
Vacancy Formation Energy (Cell Structure Relaxation): -46.9892593846 Size:  6
Vacancy Formation Energy (Cell Structure Relaxation): -47.2953745672 Size:  6
Vacancy Formation Energy (Cell Structure Relaxation): -47.0278881109 Size:  6
Vacancy Formation Energy (Cell Structure Relaxation): -47.294685649 Size:  6
Vacancy Formation Energy (Cell Structure Relaxation): -47.2226511795 Size:  6
Vacancy Formation Energy (Cell Structure Relaxation): -47.0705702912 Size:  6
Vacancy Formation Energy (Cell Structure Relaxation): -47.3146966391 Size:  6
Vacancy Formation Energy (Cell Structure Relaxation): -47.1504842016 Size:  6
Vacancy Formation Energy (Cell Structure Relaxation): -47.3287281424 Size:  6
Vacancy Formation Energy (Cell Structure Relaxation): -47.249834342 Size:  6
Vacancy Formation Energy (Cell Structure Relaxation): -47.2300671074 Size:  6
Vacancy Formation Energy (Cell Structure Relaxation): -47.3140978135 Size:  6
Vacancy Formation Energy (Cell Structure Relaxation): -47.2412521493 Size:  6
Vacancy Formation Energy (Cell Structure Relaxation): -47.3209408205 Size:  6
Vacancy Formation Energy (Cell Structure Relaxation): -47.294173605 Size:  6
Vacancy Formation Energy (Cell Structure Relaxation): -47.3320049465 Size:  6
Vacancy Formation Energy (Cell Structure Relaxation): -47.2639967397 Size:  6
Vacancy Formation Energy (Cell Structure Relaxation): -47.3379616309 Size:  6
Vacancy Formation Energy (Cell Structure Relaxation): -47.2572467659 Size:  6
Vacancy Formation Energy (Cell Structure Relaxation): -47.344566011 Size:  6
Vacancy Formation Energy (Cell Structure Relaxation): -47.3037624337 Size:  6
Vacancy Formation Energy (Cell Structure Relaxation): -47.3367654832 Size:  6
Vacancy Formation Energy (Cell Structure Relaxation): -47.3314655069 Size:  6
Vacancy Formation Energy (Cell Structure Relaxation): -47.3448694787 Size:  6
Vacancy Formation Energy (Cell Structure Relaxation): -47.3214112021 Size:  6
Vacancy Formation Energy (Cell Structure Relaxation): -47.3459354167 Size:  6
Vacancy Formation Energy (Cell Structure Relaxation): -47.3383856284 Size:  6
Vacancy Formation Energy (Cell Structure Relaxation): -47.3316093941 Size:  6
Vacancy Formation Energy (Cell Structure Relaxation): -47.3445216534 Size:  6
Vacancy Formation Energy (Cell Structure Relaxation): -47.3232210305 Size:  6
Vacancy Formation Energy (Cell Structure Relaxation): -47.3472748364 Size:  6
Vacancy Formation Energy (Cell Structure Relaxation): -47.3447912247 Size:  6
Vacancy Formation Energy (Cell Structure Relaxation): -47.3260156164 Size:  6
Vacancy Formation Energy (Cell Structure Relaxation): -47.3509380853 Size:  6
Vacancy Formation Energy (Cell Structure Relaxation): -47.3490010462 Size:  6
Vacancy Formation Energy (Cell Structure Relaxation): -47.345335086 Size:  6
Vacancy Formation Energy (Cell Structure Relaxation): -47.3382433263 Size:  6
Vacancy Formation Energy (Cell Structure Relaxation): -47.3504641737 Size:  6
Vacancy Formation Energy (Cell Structure Relaxation): -47.348809659 Size:  6
Vacancy Formation Energy (Cell Structure Relaxation): -47.3486701516 Size:  6
Vacancy Formation Energy (Cell Structure Relaxation): -47.3479176386 Size:  6
Vacancy Formation Energy (Cell Structure Relaxation): -47.3472966478 Size:  6
Vacancy Formation Energy (Cell Structure Relaxation): -47.3504350081 Size:  6
Vacancy Formation Energy (Cell Structure Relaxation): -47.3474185649 Size:  6
Vacancy Formation Energy (Cell Structure Relaxation): -47.3508118955 Size:  6
Vacancy Formation Energy (Cell Structure Relaxation): -47.3400909653 Size:  6
Vacancy Formation Energy (Cell Structure Relaxation): -47.3516495209 Size:  6
Vacancy Formation Energy (Cell Structure Relaxation): -47.3476056193 Size:  6
Vacancy Formation Energy (Cell Structure Relaxation): -47.3509575724 Size:  6
Vacancy Formation Energy (Cell Structure Relaxation): -47.3503407961 Size:  6
Vacancy Formation Energy (Cell Structure Relaxation): -47.3514815531 Size:  6
Vacancy Formation Energy (Cell Structure Relaxation): -47.3512046647 Size:  6
Vacancy Formation Energy (Cell Structure Relaxation): -47.348344799 Size:  6
Vacancy Formation Energy (Cell Structure Relaxation): -47.3516433109 Size:  6
Vacancy Formation Energy (Cell Structure Relaxation): -47.3514553327 Size:  6
Vacancy Formation Energy (Cell Structure Relaxation): -47.3505909744 Size:  6
Vacancy Formation Energy (Cell Structure Relaxation): -47.3516545781 Size:  6
Vacancy Formation Energy (Cell Structure Relaxation): -47.3509512603 Size:  6
Vacancy Formation Energy (Cell Structure Relaxation): -47.3516346049 Size:  6
Vacancy Formation Energy (Cell Structure Relaxation): -47.3514050116 Size:  6
Vacancy Formation Energy (Cell Structure Relaxation): -47.351787079 Size:  6
Vacancy Formation Energy (Cell Structure Relaxation): -47.3509511208 Size:  6
Vacancy Formation Energy (Cell Structure Relaxation): -47.3518239553 Size:  6
Vacancy Formation Energy (Cell Structure Relaxation): -47.351461567 Size:  6
Vacancy Formation Energy (Cell Structure Relaxation): -47.3517861018 Size:  6
Vacancy Formation Energy (Cell Structure Relaxation): -47.3517366814 Size:  6
Vacancy Formation Energy (Cell Structure Relaxation): -47.3515582831 Size:  6
Vacancy Formation Energy (Cell Structure Relaxation): -47.3518446846 Size:  6
Vacancy Formation Energy (Cell Structure Relaxation): -47.3513721929 Size:  6
Vacancy Formation Energy (Cell Structure Relaxation): -47.3518622414 Size:  6
Vacancy Formation Energy (Cell Structure Relaxation): -47.3516044577 Size:  6
Vacancy Formation Energy (Cell Structure Relaxation): -47.3518426076 Size:  6
Vacancy Formation Energy (Cell Structure Relaxation): -47.351636384 Size:  6
Vacancy Formation Energy (Cell Structure Relaxation): -47.3518674946 Size:  6
Vacancy Formation Energy (Cell Structure Relaxation): -47.3516744591 Size:  6
Vacancy Formation Energy (Cell Structure Relaxation): -47.3518796643 Size:  6
Vacancy Formation Energy (Cell Structure Relaxation): -47.3518098902 Size:  6
Vacancy Formation Energy (Cell Structure Relaxation): -47.3518796068 Size:  6
Vacancy Formation Energy (Cell Structure Relaxation): -47.3518062317 Size:  6
Vacancy Formation Energy (Cell Structure Relaxation): -47.351883064 Size:  6
Vacancy Formation Energy (Cell Structure Relaxation): -47.3517940095 Size:  6
Vacancy Formation Energy (Cell Structure Relaxation): -47.3518903755 Size:  6
Vacancy Formation Energy (Cell Structure Relaxation): -47.3517989813 Size:  6
Vacancy Formation Energy (Cell Structure Relaxation): -47.351890274 Size:  6
Vacancy Formation Energy (Cell Structure Relaxation): -47.3518636302 Size:  6
Vacancy Formation Energy (Cell Structure Relaxation): -47.3518910223 Size:  6
Vacancy Formation Energy (Cell Structure Relaxation): -47.351850542 Size:  6
Vacancy Formation Energy (Cell Structure Relaxation): -47.3518935313 Size:  6
Vacancy Formation Energy (Cell Structure Relaxation): -47.3518540878 Size:  6
Vacancy Formation Energy (Cell Structure Relaxation): -47.3518970444 Size:  6
Vacancy Formation Energy (Cell Structure Relaxation): -47.3518591064 Size:  6
Vacancy Formation Energy (Cell Structure Relaxation): -47.3518963556 Size:  6
Vacancy Formation Energy (Cell Structure Relaxation): -47.35187865 Size:  6
Vacancy Formation Energy (Cell Structure Relaxation): -47.351895662 Size:  6
Vacancy Formation Energy (Cell Structure Relaxation): -47.3518820653 Size:  6
Vacancy Formation Energy (Cell Structure Relaxation): -47.3518977492 Size:  6
Vacancy Formation Energy (Cell Structure Relaxation): -47.3518952035 Size:  6
Vacancy Formation Energy (Cell Structure Relaxation): -47.3518899364 Size:  6
Vacancy Formation Energy (Cell Structure Relaxation): -47.3518978193 Size:  6
Vacancy Formation Energy (Cell Structure Relaxation): -47.3518955354 Size:  6
Vacancy Formation Energy (Cell Structure Relaxation): -47.3518869916 Size:  6
Vacancy Formation Energy (Cell Structure Relaxation): -47.3518996565 Size:  6
Vacancy Formation Energy (Cell Structure Relaxation): -47.3518950185 Size:  6
Vacancy Formation Energy (Cell Structure Relaxation): -47.3518990091 Size:  6
Vacancy Formation Energy (Cell Structure Relaxation): -47.3518948001 Size:  6
Vacancy Formation Energy (Cell Structure Relaxation): -47.3518991075 Size:  6
Vacancy Formation Energy (Cell Structure Relaxation): -47.351895587 Size:  6
Vacancy Formation Energy (Cell Structure Relaxation): -47.3518992975 Size:  6
Vacancy Formation Energy (Cell Structure Relaxation): -47.351892226 Size:  6
Vacancy Formation Energy (Cell Structure Relaxation): -47.3518998019 Size:  6
Vacancy Formation Energy (Cell Structure Relaxation): -47.3518972243 Size:  6
Vacancy Formation Energy (Cell Structure Relaxation): -47.351899563 Size:  6
Vacancy Formation Energy (Cell Structure Relaxation): -47.3518986349 Size:  6
Vacancy Formation Energy (Cell Structure Relaxation): -47.3518998985 Size:  6
Vacancy Formation Energy (Cell Structure Relaxation): -47.3518992739 Size:  6
Vacancy Formation Energy (Cell Structure Relaxation): -47.3518986969 Size:  6
Vacancy Formation Energy (Cell Structure Relaxation): -47.3519000071 Size:  6
Vacancy Formation Energy (Cell Structure Relaxation): -47.35189912 Size:  6
Vacancy Formation Energy (Cell Structure Relaxation): -47.3519000305 Size:  6
Vacancy Formation Energy (Cell Structure Relaxation): -47.3518985601 Size:  6
Vacancy Formation Energy (Cell Structure Relaxation): -47.35190009 Size:  6
Vacancy Formation Energy (Cell Structure Relaxation): -47.3518989606 Size:  6
Vacancy Formation Energy (Cell Structure Relaxation): -47.3519001367 Size:  6
Vacancy Formation Energy (Cell Structure Relaxation): -47.3518993516 Size:  6
Vacancy Formation Energy (Cell Structure Relaxation): -47.3519001302 Size:  6
Vacancy Formation Energy (Cell Structure Relaxation): -47.3518998559 Size:  6
Vacancy Formation Energy (Cell Structure Relaxation): -47.3519001635 Size:  6
Vacancy Formation Energy (Cell Structure Relaxation): -47.3518993168 Size:  6
Vacancy Formation Energy (Cell Structure Relaxation): -47.3519002182 Size:  6
Vacancy Formation Energy (Cell Structure Relaxation): -47.3518998239 Size:  6
Vacancy Formation Energy (Cell Structure Relaxation): -47.3519002039 Size:  6
Vacancy Formation Energy (Cell Structure Relaxation): -47.3519000632 Size:  6
Vacancy Formation Energy (Cell Structure Relaxation): -47.3519002077 Size:  6
Vacancy Formation Energy (Cell Structure Relaxation): -47.3519000947 Size:  6
Vacancy Formation Energy (Cell Structure Relaxation): -47.3519002149 Size:  6
Vacancy Formation Energy (Cell Structure Relaxation): -47.3519000752 Size:  6
Vacancy Formation Energy (Cell Structure Relaxation): -47.3519002289 Size:  6
Vacancy Formation Energy (Cell Structure Relaxation): -47.3519002278 Size:  6
Vacancy Formation Energy (Cell Structure Relaxation): -47.3519001491 Size:  6
Vacancy Formation Energy (Cell Structure Relaxation): -47.3519002437 Size:  6
Vacancy Formation Energy (Cell Structure Relaxation): -47.3519001855 Size:  6
Vacancy Formation Energy (Cell Structure Relaxation): -47.3519002544 Size:  6
Vacancy Formation Energy (Cell Structure Relaxation): -47.3519001287 Size:  6
Vacancy Formation Energy (Cell Structure Relaxation): -47.3519002604 Size:  6
Vacancy Formation Energy (Cell Structure Relaxation): -47.3519001968 Size:  6
Vacancy Formation Energy (Cell Structure Relaxation): -47.3519002563 Size:  6
Vacancy Formation Energy (Cell Structure Relaxation): -47.3519001879 Size:  6
Vacancy Formation Energy (Cell Structure Relaxation): -47.3519002583 Size:  6
Vacancy Formation Energy (Cell Structure Relaxation): -47.3519001758 Size:  6
Vacancy Formation Energy (Cell Structure Relaxation): -47.3519002621 Size:  6
Vacancy Formation Energy (Cell Structure Relaxation): -47.3519002449 Size:  6
Vacancy Formation Energy (Cell Structure Relaxation): -47.3519002345 Size:  6
Vacancy Formation Energy (Cell Structure Relaxation): -47.3519002636 Size:  6
Vacancy Formation Energy (Cell Structure Relaxation): -47.3519002346 Size:  6
Vacancy Formation Energy (Cell Structure Relaxation): -47.351900264 Size:  6
Vacancy Formation Energy (Cell Structure Relaxation): -47.3519002562 Size:  6
Vacancy Formation Energy (Cell Structure Relaxation): -47.3519002662 Size:  6
Vacancy Formation Energy (Cell Structure Relaxation): -47.3519002307 Size:  6
Vacancy Formation Energy (Cell Structure Relaxation): -47.3519002683 Size:  6
Vacancy Formation Energy (Cell Structure Relaxation): -47.351900263 Size:  6
Vacancy Formation Energy (Cell Structure Relaxation): -47.351900265 Size:  6
Vacancy Formation Energy (Cell Structure Relaxation): -47.3519002573 Size:  6
Vacancy Formation Energy (Cell Structure Relaxation): -47.3519002686 Size:  6
Vacancy Formation Energy (Cell Structure Relaxation): -47.351900256 Size:  6
Vacancy Formation Energy (Cell Structure Relaxation): -47.351900269 Size:  6
Vacancy Formation Energy (Cell Structure Relaxation): -47.3519002658 Size:  6
Vacancy Formation Energy (Cell Structure Relaxation): -47.3519002575 Size:  6
Vacancy Formation Energy (Cell Structure Relaxation): -47.3519002694 Size:  6
Vacancy Formation Energy (Cell Structure Relaxation): -47.3519002665 Size:  6
Vacancy Formation Energy (Cell Structure Relaxation): -47.3519002612 Size:  6
Vacancy Formation Energy (Cell Structure Relaxation): -47.3519002697 Size:  6
Vacancy Formation Energy (Cell Structure Relaxation): -47.3519002688 Size:  6
Vacancy Formation Energy (Cell Structure Relaxation): -47.3519002638 Size:  6
Vacancy Formation Energy (Cell Structure Relaxation): -47.35190027 Size:  6
Vacancy Formation Energy (Cell Structure Relaxation): -47.3519002663 Size:  6
Vacancy Formation Energy (Cell Structure Relaxation): -47.3519002703 Size:  6
Vacancy Formation Energy (Cell Structure Relaxation): -47.3519002701 Size:  6
Vacancy Formation Energy (Cell Structure Relaxation): -47.3519002687 Size:  6
Vacancy Formation Energy (Cell Structure Relaxation): -47.3519002704 Size:  6
Vacancy Formation Energy (Cell Structure Relaxation): -47.3519002683 Size:  6
Vacancy Formation Energy (Cell Structure Relaxation): -47.3519002706 Size:  6
Vacancy Formation Energy (Cell Structure Relaxation): -47.3519002715 Size:  6
Vacancy Formation Energy (Cell Structure Relaxation): -47.3519002703 Size:  6
Vacancy Formation Energy (Cell Structure Relaxation): -47.3519002655 Size:  6
Vacancy Formation Energy (Cell Structure Relaxation): -47.3519002712 Size:  6
Vacancy Formation Energy (Cell Structure Relaxation): -47.3519002699 Size:  6
Vacancy Formation Energy (Cell Structure Relaxation): -47.3519002709 Size:  6
Vacancy Formation Energy (Cell Structure Relaxation): -47.3519002695 Size:  6
Vacancy Formation Energy (Cell Structure Relaxation): -47.351900271 Size:  6
Vacancy Formation Energy (Cell Structure Relaxation): -47.3519002708 Size:  6
Vacancy Formation Energy (Cell Structure Relaxation): -47.3519002713 Size:  6
Vacancy Formation Energy (Cell Structure Relaxation): -47.3519002723 Size:  6
Vacancy Formation Energy (Cell Structure Relaxation): -47.3519002729 Size:  6
Vacancy Formation Energy (Cell Structure Relaxation): -47.3519002713 Size:  6
Vacancy Formation Energy (Cell Structure Relaxation): -47.3519002728 Size:  6
Vacancy Formation Energy (Cell Structure Relaxation): -47.3519002718 Size:  6
Vacancy Formation Energy (Cell Structure Relaxation): -47.3519002725 Size:  6
Vacancy Formation Energy (Cell Structure Relaxation): -47.3519002725 Size:  6
Vacancy Formation Energy (Cell Structure Relaxation): -47.351900274 Size:  6
Vacancy Formation Energy (Cell Structure Relaxation): -47.3519002751 Size:  6
Vacancy Formation Energy (Cell Structure Relaxation): -47.351900274 Size:  6
Vacancy Formation Energy (Cell Structure Relaxation): -47.3519002746 Size:  6
Vacancy Formation Energy (Cell Structure Relaxation): -47.3519002744 Size:  6
Vacancy Formation Energy (Cell Structure Relaxation): -47.3519002744 Size:  6
Vacancy Formation Energy (Cell Structure Relaxation): -47.351900276 Size:  6
Vacancy Formation Energy (Cell Structure Relaxation): -47.3519002766 Size:  6
Vacancy Formation Energy (Cell Structure Relaxation): -47.351900278 Size:  6
Vacancy Formation Energy (Cell Structure Relaxation): -47.3519002804 Size:  6
Vacancy Formation Energy (Cell Structure Relaxation): -47.3519002762 Size:  6
Vacancy Formation Energy (Cell Structure Relaxation): -47.3519002787 Size:  6
Vacancy Formation Energy (Cell Structure Relaxation): -47.3519002784 Size:  6
Vacancy Formation Energy (Cell Structure Relaxation): -47.3519002812 Size:  6
Vacancy Formation Energy (Cell Structure Relaxation): -47.3519002837 Size:  6
Vacancy Formation Energy (Cell Structure Relaxation): -47.3519002828 Size:  6
Vacancy Formation Energy (Cell Structure Relaxation): -47.3519002843 Size:  6
Vacancy Formation Energy (Cell Structure Relaxation): -47.3519002868 Size:  6
Vacancy Formation Energy (Cell Structure Relaxation): -47.3519002874 Size:  6
Vacancy Formation Energy (Cell Structure Relaxation): -47.3519002905 Size:  6
Vacancy Formation Energy (Cell Structure Relaxation): -47.35190029 Size:  6
Vacancy Formation Energy (Cell Structure Relaxation): -47.3519002934 Size:  6
Vacancy Formation Energy (Cell Structure Relaxation): -47.3519002982 Size:  6
Vacancy Formation Energy (Cell Structure Relaxation): -47.3519002985 Size:  6
Vacancy Formation Energy (Cell Structure Relaxation): -47.3519003052 Size:  6
Vacancy Formation Energy (Cell Structure Relaxation): -47.3519003042 Size:  6
Vacancy Formation Energy (Cell Structure Relaxation): -47.3519003105 Size:  6
Vacancy Formation Energy (Cell Structure Relaxation): -47.3519003221 Size:  6
Vacancy Formation Energy (Cell Structure Relaxation): -47.3519003186 Size:  6
Vacancy Formation Energy (Cell Structure Relaxation): -47.3519003212 Size:  6
Vacancy Formation Energy (Cell Structure Relaxation): -47.3519003225 Size:  6
Vacancy Formation Energy (Cell Structure Relaxation): -47.3519003194 Size:  6
Vacancy Formation Energy (Cell Structure Relaxation): -47.351900337 Size:  6
Vacancy Formation Energy (Cell Structure Relaxation): -47.3519003555 Size:  6
Vacancy Formation Energy (Cell Structure Relaxation): -47.3519003461 Size:  6
Vacancy Formation Energy (Cell Structure Relaxation): -47.3519003554 Size:  6
Vacancy Formation Energy (Cell Structure Relaxation): -47.3519003532 Size:  6
Vacancy Formation Energy (Cell Structure Relaxation): -47.3519003626 Size:  6
Vacancy Formation Energy (Cell Structure Relaxation): -47.3519003755 Size:  6
Vacancy Formation Energy (Cell Structure Relaxation): -47.3519003791 Size:  6
Vacancy Formation Energy (Cell Structure Relaxation): -47.3519003961 Size:  6
Vacancy Formation Energy (Cell Structure Relaxation): -47.351900409 Size:  6
Vacancy Formation Energy (Cell Structure Relaxation): -47.3519004442 Size:  6
Vacancy Formation Energy (Cell Structure Relaxation): -47.3519004131 Size:  6
Vacancy Formation Energy (Cell Structure Relaxation): -47.3519004382 Size:  6
Vacancy Formation Energy (Cell Structure Relaxation): -47.3519004541 Size:  6
Vacancy Formation Energy (Cell Structure Relaxation): -47.3519004896 Size:  6
Vacancy Formation Energy (Cell Structure Relaxation): -47.351900482 Size:  6
Vacancy Formation Energy (Cell Structure Relaxation): -47.3519005136 Size:  6
Vacancy Formation Energy (Cell Structure Relaxation): -47.3519005627 Size:  6
Vacancy Formation Energy (Cell Structure Relaxation): -47.3519005296 Size:  6
Vacancy Formation Energy (Cell Structure Relaxation): -47.3519005843 Size:  6
Vacancy Formation Energy (Cell Structure Relaxation): -47.3519006606 Size:  6
Vacancy Formation Energy (Cell Structure Relaxation): -47.3519006066 Size:  6
Vacancy Formation Energy (Cell Structure Relaxation): -47.3519006249 Size:  6
Vacancy Formation Energy (Cell Structure Relaxation): -47.351900687 Size:  6
Vacancy Formation Energy (Cell Structure Relaxation): -47.3519007711 Size:  6
Vacancy Formation Energy (Cell Structure Relaxation): -47.3519007248 Size:  6
Vacancy Formation Energy (Cell Structure Relaxation): -47.3519007381 Size:  6
Vacancy Formation Energy (Cell Structure Relaxation): -47.351900792 Size:  6
Vacancy Formation Energy (Cell Structure Relaxation): -47.35190084 Size:  6
Vacancy Formation Energy (Cell Structure Relaxation): -47.3519008633 Size:  6
Vacancy Formation Energy (Cell Structure Relaxation): -47.351900949 Size:  6
Vacancy Formation Energy (Cell Structure Relaxation): -47.3519009403 Size:  6
Vacancy Formation Energy (Cell Structure Relaxation): -47.3519008874 Size:  6
Vacancy Formation Energy (Cell Structure Relaxation): -47.3519009839 Size:  6
Vacancy Formation Energy (Cell Structure Relaxation): -47.3519010329 Size:  6
Vacancy Formation Energy (Cell Structure Relaxation): -47.3519010377 Size:  6
Vacancy Formation Energy (Cell Structure Relaxation): -47.3519010359 Size:  6
Vacancy Formation Energy (Cell Structure Relaxation): -47.351900926 Size:  6
Vacancy Formation Energy (Cell Structure Relaxation): -47.35190105 Size:  6
Vacancy Formation Energy (Cell Structure Relaxation): -47.351900999 Size:  6
Vacancy Formation Energy (Cell Structure Relaxation): -47.3519011679 Size:  6
Vacancy Formation Energy (Cell Structure Relaxation): -47.3519012978 Size:  6
Vacancy Formation Energy (Cell Structure Relaxation): -47.3519010868 Size:  6
Vacancy Formation Energy (Cell Structure Relaxation): -47.3519011574 Size:  6
Vacancy Formation Energy (Cell Structure Relaxation): -47.3519012583 Size:  6
Vacancy Formation Energy (Cell Structure Relaxation): -47.3519013122 Size:  6
Vacancy Formation Energy (Cell Structure Relaxation): -47.3519014018 Size:  6
Vacancy Formation Energy (Cell Structure Relaxation): -47.3519014252 Size:  6
Vacancy Formation Energy (Cell Structure Relaxation): -47.3519015451 Size:  6
Vacancy Formation Energy (Cell Structure Relaxation): -47.3519016275 Size:  6
Vacancy Formation Energy (Cell Structure Relaxation): -47.35190188 Size:  6
Vacancy Formation Energy (Cell Structure Relaxation): -47.3519014602 Size:  6
Vacancy Formation Energy (Cell Structure Relaxation): -47.3519018991 Size:  6
Vacancy Formation Energy (Cell Structure Relaxation): -47.3519022379 Size:  6
Vacancy Formation Energy (Cell Structure Relaxation): -47.3519021389 Size:  6
Vacancy Formation Energy (Cell Structure Relaxation): -47.351902324 Size:  6
Vacancy Formation Energy (Cell Structure Relaxation): -47.3519027387 Size:  6
Vacancy Formation Energy (Cell Structure Relaxation): -47.3519025864 Size:  6
Vacancy Formation Energy (Cell Structure Relaxation): -47.3519027434 Size:  6
Vacancy Formation Energy (Cell Structure Relaxation): -47.3519029354 Size:  6
Vacancy Formation Energy (Cell Structure Relaxation): -47.3519034907 Size:  6
Vacancy Formation Energy (Cell Structure Relaxation): -47.3519043295 Size:  6
Vacancy Formation Energy (Cell Structure Relaxation): -47.3519037434 Size:  6
Vacancy Formation Energy (Cell Structure Relaxation): -47.3519042964 Size:  6
Vacancy Formation Energy (Cell Structure Relaxation): -47.351904883 Size:  6
Vacancy Formation Energy (Cell Structure Relaxation): -47.3519060837 Size:  6
Vacancy Formation Energy (Cell Structure Relaxation): -47.3519048406 Size:  6
Vacancy Formation Energy (Cell Structure Relaxation): -47.3519056417 Size:  6
Vacancy Formation Energy (Cell Structure Relaxation): -47.3519066997 Size:  6
Vacancy Formation Energy (Cell Structure Relaxation): -47.3519080807 Size:  6
Vacancy Formation Energy (Cell Structure Relaxation): -47.3519075095 Size:  6
Vacancy Formation Energy (Cell Structure Relaxation): -47.3519079784 Size:  6
Vacancy Formation Energy (Cell Structure Relaxation): -47.351908593 Size:  6
Vacancy Formation Energy (Cell Structure Relaxation): -47.3519094505 Size:  6
Vacancy Formation Energy (Cell Structure Relaxation): -47.3519109078 Size:  6
Vacancy Formation Energy (Cell Structure Relaxation): -47.3519138817 Size:  6
Vacancy Formation Energy (Cell Structure Relaxation): -47.3519121823 Size:  6
Vacancy Formation Energy (Cell Structure Relaxation): -47.3519133188 Size:  6
Vacancy Formation Energy (Cell Structure Relaxation): -47.3519138731 Size:  6
Vacancy Formation Energy (Cell Structure Relaxation): -47.3519150663 Size:  6
Vacancy Formation Energy (Cell Structure Relaxation): -47.3519167107 Size:  6
Vacancy Formation Energy (Cell Structure Relaxation): -47.3519173355 Size:  6
Vacancy Formation Energy (Cell Structure Relaxation): -47.3519186885 Size:  6
Vacancy Formation Energy (Cell Structure Relaxation): -47.3519212545 Size:  6
Vacancy Formation Energy (Cell Structure Relaxation): -47.3519255534 Size:  6
Vacancy Formation Energy (Cell Structure Relaxation): -47.3519227237 Size:  6
Vacancy Formation Energy (Cell Structure Relaxation): -47.3519241241 Size:  6
Vacancy Formation Energy (Cell Structure Relaxation): -47.3519279311 Size:  6
Vacancy Formation Energy (Cell Structure Relaxation): -47.3519328748 Size:  6
Vacancy Formation Energy (Cell Structure Relaxation): -47.351924828 Size:  6
Vacancy Formation Energy (Cell Structure Relaxation): -47.3519340024 Size:  6
Vacancy Formation Energy (Cell Structure Relaxation): -47.3519396139 Size:  6
Vacancy Formation Energy (Cell Structure Relaxation): -47.3519363574 Size:  6
Vacancy Formation Energy (Cell Structure Relaxation): -47.3519384236 Size:  6
Vacancy Formation Energy (Cell Structure Relaxation): -47.3519414149 Size:  6
Vacancy Formation Energy (Cell Structure Relaxation): -47.351943973 Size:  6
Vacancy Formation Energy (Cell Structure Relaxation): -47.3519520483 Size:  6
Vacancy Formation Energy (Cell Structure Relaxation): -47.3519637911 Size:  6
Vacancy Formation Energy (Cell Structure Relaxation): -47.3519490427 Size:  6
Vacancy Formation Energy (Cell Structure Relaxation): -47.3519573756 Size:  6
Vacancy Formation Energy (Cell Structure Relaxation): -47.3519601678 Size:  6
Vacancy Formation Energy (Cell Structure Relaxation): -47.351967784 Size:  6
Vacancy Formation Energy (Cell Structure Relaxation): -47.3519758823 Size:  6
Vacancy Formation Energy (Cell Structure Relaxation): -47.3519719454 Size:  6
Vacancy Formation Energy (Cell Structure Relaxation): -47.3519893428 Size:  6
Vacancy Formation Energy (Cell Structure Relaxation): -47.3520104534 Size:  6
Vacancy Formation Energy (Cell Structure Relaxation): -47.3520008173 Size:  6
Vacancy Formation Energy (Cell Structure Relaxation): -47.3520092552 Size:  6
Vacancy Formation Energy (Cell Structure Relaxation): -47.3520199732 Size:  6
Vacancy Formation Energy (Cell Structure Relaxation): -47.35204182 Size:  6
Vacancy Formation Energy (Cell Structure Relaxation): -47.3520119689 Size:  6
Vacancy Formation Energy (Cell Structure Relaxation): -47.3520444805 Size:  6
Vacancy Formation Energy (Cell Structure Relaxation): -47.3520656354 Size:  6
Vacancy Formation Energy (Cell Structure Relaxation): -47.3520752916 Size:  6
Vacancy Formation Energy (Cell Structure Relaxation): -47.3521105542 Size:  6
Vacancy Formation Energy (Cell Structure Relaxation): -47.3520924747 Size:  6
Vacancy Formation Energy (Cell Structure Relaxation): -47.3521081072 Size:  6
Vacancy Formation Energy (Cell Structure Relaxation): -47.3521179377 Size:  6
Vacancy Formation Energy (Cell Structure Relaxation): -47.3521260099 Size:  6
Vacancy Formation Energy (Cell Structure Relaxation): -47.3521313169 Size:  6
Vacancy Formation Energy (Cell Structure Relaxation): -47.3520978804 Size:  6
Vacancy Formation Energy (Cell Structure Relaxation): -47.3521558438 Size:  6
Vacancy Formation Energy (Cell Structure Relaxation): -47.3521519054 Size:  6
Vacancy Formation Energy (Cell Structure Relaxation): -47.3521622727 Size:  6
Vacancy Formation Energy (Cell Structure Relaxation): -47.3521499008 Size:  6
Vacancy Formation Energy (Cell Structure Relaxation): -47.352143427 Size:  6
Vacancy Formation Energy (Cell Structure Relaxation): -47.3521369234 Size:  6
Vacancy Formation Energy (Cell Structure Relaxation): -47.352106097 Size:  6
Vacancy Formation Energy (Cell Structure Relaxation): -47.3521427009 Size:  6
Vacancy Formation Energy (Cell Structure Relaxation): -47.3521606282 Size:  6
Vacancy Formation Energy (Cell Structure Relaxation): -47.3521686732 Size:  6
Vacancy Formation Energy (Cell Structure Relaxation): -47.3521561473 Size:  6
Vacancy Formation Energy (Cell Structure Relaxation): -47.3521615352 Size:  6
Vacancy Formation Energy (Cell Structure Relaxation): -47.3521783571 Size:  6
Vacancy Formation Energy (Cell Structure Relaxation): -47.3521705107 Size:  6
Vacancy Formation Energy (Cell Structure Relaxation): -47.3521907626 Size:  6
Vacancy Formation Energy (Cell Structure Relaxation): -47.3521906396 Size:  6
Vacancy Formation Energy (Cell Structure Relaxation): -47.3521787911 Size:  6
Vacancy Formation Energy (Cell Structure Relaxation): -47.3521618528 Size:  6
Vacancy Formation Energy (Cell Structure Relaxation): -47.3521635513 Size:  6
Vacancy Formation Energy (Cell Structure Relaxation): -47.3521599177 Size:  6
Vacancy Formation Energy (Cell Structure Relaxation): -47.3521774106 Size:  6
Vacancy Formation Energy (Cell Structure Relaxation): -47.3521965643 Size:  6
Vacancy Formation Energy (Cell Structure Relaxation): -47.3521976233 Size:  6
Vacancy Formation Energy (Cell Structure Relaxation): -47.3521935527 Size:  6
Vacancy Formation Energy (Cell Structure Relaxation): -47.3522177564 Size:  6
Vacancy Formation Energy (Cell Structure Relaxation): -47.352230561 Size:  6
Vacancy Formation Energy (Cell Structure Relaxation): -47.352216823 Size:  6
Vacancy Formation Energy (Cell Structure Relaxation): -47.3522305412 Size:  6
Vacancy Formation Energy (Cell Structure Relaxation): -47.3522152509 Size:  6
Vacancy Formation Energy (Cell Structure Relaxation): -47.3522469269 Size:  6
Vacancy Formation Energy (Cell Structure Relaxation): -47.3522527868 Size:  6
Vacancy Formation Energy (Cell Structure Relaxation): -47.3522608237 Size:  6
Vacancy Formation Energy (Cell Structure Relaxation): -47.3522599623 Size:  6
Vacancy Formation Energy (Cell Structure Relaxation): -47.3522152759 Size:  6
Vacancy Formation Energy (Cell Structure Relaxation): -47.3522412415 Size:  6
Vacancy Formation Energy (Cell Structure Relaxation): -47.3521962771 Size:  6
Vacancy Formation Energy (Cell Structure Relaxation): -47.3522429985 Size:  6
Vacancy Formation Energy (Cell Structure Relaxation): -47.3522808391 Size:  6
Vacancy Formation Energy (Cell Structure Relaxation): -47.3522967425 Size:  6
Vacancy Formation Energy (Cell Structure Relaxation): -47.3522710806 Size:  6
Vacancy Formation Energy (Cell Structure Relaxation): -47.3522602502 Size:  6
Vacancy Formation Energy (Cell Structure Relaxation): -47.3522682842 Size:  6
Vacancy Formation Energy (Cell Structure Relaxation): -47.3522457093 Size:  6
Vacancy Formation Energy (Cell Structure Relaxation): -47.3522699844 Size:  6
Vacancy Formation Energy (Cell Structure Relaxation): -47.352290743 Size:  6
Vacancy Formation Energy (Cell Structure Relaxation): -47.3522855602 Size:  6
Vacancy Formation Energy (Cell Structure Relaxation): -47.3522935832 Size:  6
Vacancy Formation Energy (Cell Structure Relaxation): -47.3522952917 Size:  6
Vacancy Formation Energy (Cell Structure Relaxation): -47.3522930912 Size:  6
Vacancy Formation Energy (Cell Structure Relaxation): -47.3522964982 Size:  6
Vacancy Formation Energy (Cell Structure Relaxation): -47.3522799446 Size:  6
Vacancy Formation Energy (Cell Structure Relaxation): -47.3522986612 Size:  6
Vacancy Formation Energy (Cell Structure Relaxation): -47.3522913198 Size:  6
Vacancy Formation Energy (Cell Structure Relaxation): -47.3522997637 Size:  6
Vacancy Formation Energy (Cell Structure Relaxation): -47.3523028932 Size:  6
Vacancy Formation Energy (Cell Structure Relaxation): -47.3522920746 Size:  6
Vacancy Formation Energy (Cell Structure Relaxation): -47.3522866695 Size:  6
Vacancy Formation Energy (Cell Structure Relaxation): -47.3523019678 Size:  6
Vacancy Formation Energy (Cell Structure Relaxation): -47.3522915356 Size:  6
Vacancy Formation Energy (Cell Structure Relaxation): -47.3523020953 Size:  6
Vacancy Formation Energy (Cell Structure Relaxation): -47.352283724 Size:  6
Vacancy Formation Energy (Cell Structure Relaxation): -47.3523031071 Size:  6
Vacancy Formation Energy (Cell Structure Relaxation): -47.3523033384 Size:  6
Vacancy Formation Energy (Cell Structure Relaxation): -47.3522944179 Size:  6
Vacancy Formation Energy (Cell Structure Relaxation): -47.3523021989 Size:  6
Vacancy Formation Energy (Cell Structure Relaxation): -47.3522960756 Size:  6
Vacancy Formation Energy (Cell Structure Relaxation): -47.3523040702 Size:  6
Vacancy Formation Energy (Cell Structure Relaxation): -47.3523053806 Size:  6
Vacancy Formation Energy (Cell Structure Relaxation): -47.3523023264 Size:  6
Vacancy Formation Energy (Cell Structure Relaxation): -47.3523023569 Size:  6
Vacancy Formation Energy (Cell Structure Relaxation): -47.3523024419 Size:  6
Vacancy Formation Energy (Cell Structure Relaxation): -47.3523013757 Size:  6
Vacancy Formation Energy (Cell Structure Relaxation): -47.3523048741 Size:  6
Vacancy Formation Energy (Cell Structure Relaxation): -47.352302598 Size:  6
Vacancy Formation Energy (Cell Structure Relaxation): -47.3523048988 Size:  6
Vacancy Formation Energy (Cell Structure Relaxation): -47.352298324 Size:  6
Vacancy Formation Energy (Cell Structure Relaxation): -47.3523053438 Size:  6
Vacancy Formation Energy (Cell Structure Relaxation): -47.3523044575 Size:  6
Vacancy Formation Energy (Cell Structure Relaxation): -47.3523042011 Size:  6
Vacancy Formation Energy (Cell Structure Relaxation): -47.3523042816 Size:  6
Vacancy Formation Energy (Cell Structure Relaxation): -47.3523017084 Size:  6
Vacancy Formation Energy (Cell Structure Relaxation): -47.3523056863 Size:  6
Vacancy Formation Energy (Cell Structure Relaxation): -47.3523044537 Size:  6
Vacancy Formation Energy (Cell Structure Relaxation): -47.3523055476 Size:  6
Vacancy Formation Energy (Cell Structure Relaxation): -47.3523034145 Size:  6
Vacancy Formation Energy (Cell Structure Relaxation): -47.352305629 Size:  6
Vacancy Formation Energy (Cell Structure Relaxation): -47.3523040987 Size:  6
Vacancy Formation Energy (Cell Structure Relaxation): -47.3523057001 Size:  6
Vacancy Formation Energy (Cell Structure Relaxation): -47.3523061541 Size:  6
Vacancy Formation Energy (Cell Structure Relaxation): -47.3523054649 Size:  6
Vacancy Formation Energy (Cell Structure Relaxation): -47.3523049317 Size:  6
Vacancy Formation Energy (Cell Structure Relaxation): -47.3523059137 Size:  6
Vacancy Formation Energy (Cell Structure Relaxation): -47.3523049722 Size:  6
Vacancy Formation Energy (Cell Structure Relaxation): -47.3523059214 Size:  6
Vacancy Formation Energy (Cell Structure Relaxation): -47.3523060182 Size:  6
Vacancy Formation Energy (Cell Structure Relaxation): -47.3523058815 Size:  6
Vacancy Formation Energy (Cell Structure Relaxation): -47.3523059553 Size:  6
Vacancy Formation Energy (Cell Structure Relaxation): -47.3523059504 Size:  6
Vacancy Formation Energy (Cell Structure Relaxation): -47.3523057417 Size:  6
Vacancy Formation Energy (Cell Structure Relaxation): -47.3523061526 Size:  6
Vacancy Formation Energy (Cell Structure Relaxation): -47.352305975 Size:  6
Vacancy Formation Energy (Cell Structure Relaxation): -47.3523057563 Size:  6
Vacancy Formation Energy (Cell Structure Relaxation): -47.3523061715 Size:  6
Vacancy Formation Energy (Cell Structure Relaxation): -47.3523059834 Size:  6
Vacancy Formation Energy (Cell Structure Relaxation): -47.3523058241 Size:  6
Vacancy Formation Energy (Cell Structure Relaxation): -47.3523061804 Size:  6
Vacancy Formation Energy (Cell Structure Relaxation): -47.3523058164 Size:  6
Vacancy Formation Energy (Cell Structure Relaxation): -47.3523061876 Size:  6
Vacancy Formation Energy (Cell Structure Relaxation): -47.3523059529 Size:  6
Vacancy Formation Energy (Cell Structure Relaxation): -47.3523061792 Size:  6
Vacancy Formation Energy (Cell Structure Relaxation): -47.3523057657 Size:  6
Vacancy Formation Energy (Cell Structure Relaxation): -47.352306207 Size:  6
Vacancy Formation Energy (Cell Structure Relaxation): -47.3523061837 Size:  6
Vacancy Formation Energy (Cell Structure Relaxation): -47.3523060509 Size:  6
Vacancy Formation Energy (Cell Structure Relaxation): -47.3523062277 Size:  6
Vacancy Formation Energy (Cell Structure Relaxation): -47.3523060861 Size:  6
Vacancy Formation Energy (Cell Structure Relaxation): -47.3523062291 Size:  6
Vacancy Formation Energy (Cell Structure Relaxation): -47.3523061961 Size:  6
Vacancy Formation Energy (Cell Structure Relaxation): -47.3523061462 Size:  6
Vacancy Formation Energy (Cell Structure Relaxation): -47.3523062279 Size:  6
Vacancy Formation Energy (Cell Structure Relaxation): -47.3523061784 Size:  6
Vacancy Formation Energy (Cell Structure Relaxation): -47.3523062264 Size:  6
Vacancy Formation Energy (Cell Structure Relaxation): -47.3523061725 Size:  6
Vacancy Formation Energy (Cell Structure Relaxation): -47.3523062286 Size:  6
Vacancy Formation Energy (Cell Structure Relaxation): -47.3523061953 Size:  6
Vacancy Formation Energy (Cell Structure Relaxation): -47.3523062298 Size:  6
Vacancy Formation Energy (Cell Structure Relaxation): -47.3523061902 Size:  6
Vacancy Formation Energy (Cell Structure Relaxation): -47.3523062341 Size:  6
Vacancy Formation Energy (Cell Structure Relaxation): -47.3523062281 Size:  6
Vacancy Formation Energy (Cell Structure Relaxation): -47.3523062229 Size:  6
Vacancy Formation Energy (Cell Structure Relaxation): -47.3523062382 Size:  6
Vacancy Formation Energy (Cell Structure Relaxation): -47.3523062091 Size:  6
Vacancy Formation Energy (Cell Structure Relaxation): -47.3523062394 Size:  6
Vacancy Formation Energy (Cell Structure Relaxation): -47.3523062272 Size:  6
Vacancy Formation Energy (Cell Structure Relaxation): -47.3523062378 Size:  6
Vacancy Formation Energy (Cell Structure Relaxation): -47.3523062334 Size:  6
Vacancy Formation Energy (Cell Structure Relaxation): -47.3523062188 Size:  6
Vacancy Formation Energy (Cell Structure Relaxation): -47.3523062394 Size:  6
Vacancy Formation Energy (Cell Structure Relaxation): -47.3523062279 Size:  6
Vacancy Formation Energy (Cell Structure Relaxation): -47.3523062388 Size:  6
Vacancy Formation Energy (Cell Structure Relaxation): -47.3523062309 Size:  6
Vacancy Formation Energy (Cell Structure Relaxation): -47.3523062398 Size:  6
Vacancy Formation Energy (Cell Structure Relaxation): -47.3523062262 Size:  6
Vacancy Formation Energy (Cell Structure Relaxation): -47.3523062405 Size:  6
Vacancy Formation Energy (Cell Structure Relaxation): -47.3523062374 Size:  6
Vacancy Formation Energy (Cell Structure Relaxation): -47.3523062407 Size:  6
Vacancy Formation Energy (Cell Structure Relaxation): -47.3523062381 Size:  6
Vacancy Formation Energy (Cell Structure Relaxation): -47.3523062408 Size:  6
Vacancy Formation Energy (Cell Structure Relaxation): -47.3523062384 Size:  6
Vacancy Formation Energy (Cell Structure Relaxation): -47.352306241 Size:  6
Vacancy Formation Energy (Cell Structure Relaxation): -47.3523062373 Size:  6
Vacancy Formation Energy (Cell Structure Relaxation): -47.3523062413 Size:  6
Vacancy Formation Energy (Cell Structure Relaxation): -47.3523062379 Size:  6
Vacancy Formation Energy (Cell Structure Relaxation): -47.3523062412 Size:  6
Vacancy Formation Energy (Cell Structure Relaxation): -47.3523062395 Size:  6
Vacancy Formation Energy (Cell Structure Relaxation): -47.3523062412 Size:  6
Vacancy Formation Energy (Cell Structure Relaxation): -47.3523062384 Size:  6
Vacancy Formation Energy (Cell Structure Relaxation): -47.3523062415 Size:  6
Vacancy Formation Energy (Cell Structure Relaxation): -47.3523062407 Size:  6
Vacancy Formation Energy (Cell Structure Relaxation): -47.3523062414 Size:  6
Vacancy Formation Energy (Cell Structure Relaxation): -47.3523062407 Size:  6
Vacancy Formation Energy (Cell Structure Relaxation): -47.3523062414 Size:  6
Vacancy Formation Energy (Cell Structure Relaxation): -47.3523062411 Size:  6
Vacancy Formation Energy (Cell Structure Relaxation): -47.3523062415 Size:  6
Vacancy Formation Energy (Cell Structure Relaxation): -47.3523062415 Size:  6
Vacancy Formation Energy (Cell Structure Relaxation): -47.3523062414 Size:  6
Vacancy Formation Energy (Cell Structure Relaxation): -47.3523062411 Size:  6
Vacancy Formation Energy (Cell Structure Relaxation): -47.3523062416 Size:  6
Vacancy Formation Energy (Cell Structure Relaxation): -47.3523062411 Size:  6
Vacancy Formation Energy (Cell Structure Relaxation): -47.3523062416 Size:  6
Optimization terminated successfully.
         Current function value: -47.352306
         Iterations: 351
         Function evaluations: 570
Summary:
Vacancy Formation Energy: -47.3523062416
Unrelaxed Cell Volume: 4314.49067678
Relaxed Cell Volume: 3743.02816182
Relaxation Volume: 571.462514962
Relaxed Cell Vector:
[  1.44137773e+01  -6.62121885e-03   1.61349404e+01  -4.12492850e-03
   1.76547264e-02   1.60945160e+01]
Unrelaxed Cell Vector:
[16.279579326540002, 0.0, 16.279579326540002, 0.0, 0.0, 16.279579326540002]
Relaxed Cell:
[[  1.44137773e+01   0.00000000e+00   0.00000000e+00]
 [ -6.62121885e-03   1.61349404e+01   0.00000000e+00]
 [ -4.12492850e-03   1.76547264e-02   1.60945160e+01]]
Unrelaxed Cell:
[[ 16.27957933   0.           0.        ]
 [  0.          16.27957933   0.        ]
 [  0.           0.          16.27957933]]
