Imported bulk from ase.lattice
element=lattice type=modelname=Element: Ni
Lattice: hcp
Model: EAM_Dynamo_Mishin_Farkas_Ni__MO_400591584784_001
Model Cutoff: 5.80375
Relaxation With c/a Ratio Fixed
Simplex Searching start from: cutoff * 0.1
Optimization terminated successfully.
         Current function value: -19.267019
         Iterations: 56
         Function evaluations: 112
Lattice Constants: [ 1.81422108]
Energy: -19.267019216
Simplex Searching start from: cutoff * 0.12
Optimization terminated successfully.
         Current function value: -19.267019
         Iterations: 57
         Function evaluations: 115
Lattice Constants: [ 1.81422108]
Energy: -19.267019216
Simplex Searching start from: cutoff * 0.14
Optimization terminated successfully.
         Current function value: -19.267019
         Iterations: 53
         Function evaluations: 107
Lattice Constants: [ 1.81422108]
Energy: -19.267019216
Simplex Searching start from: cutoff * 0.16
Optimization terminated successfully.
         Current function value: -19.267019
         Iterations: 54
         Function evaluations: 108
Lattice Constants: [ 1.81422108]
Energy: -19.267019216
Simplex Searching start from: cutoff * 0.18
Optimization terminated successfully.
         Current function value: -19.267019
         Iterations: 57
         Function evaluations: 114
Lattice Constants: [ 1.81422108]
Energy: -19.267019216
Simplex Searching start from: cutoff * 0.2
Optimization terminated successfully.
         Current function value: -19.267019
         Iterations: 52
         Function evaluations: 104
Lattice Constants: [ 1.81422108]
Energy: -19.267019216
Simplex Searching start from: cutoff * 0.22
Optimization terminated successfully.
         Current function value: -19.267019
         Iterations: 57
         Function evaluations: 114
Lattice Constants: [ 1.81422108]
Energy: -19.2670192159
Simplex Searching start from: cutoff * 0.24
Optimization terminated successfully.
         Current function value: -19.267019
         Iterations: 53
         Function evaluations: 106
Lattice Constants: [ 1.81422108]
Energy: -19.267019216
Simplex Searching start from: cutoff * 0.26
Optimization terminated successfully.
         Current function value: -19.267019
         Iterations: 52
         Function evaluations: 104
Lattice Constants: [ 1.81422108]
Energy: -19.267019216
Simplex Searching start from: cutoff * 0.28
Optimization terminated successfully.
         Current function value: -19.267019
         Iterations: 47
         Function evaluations: 94
Lattice Constants: [ 1.81422108]
Energy: -19.267019216
Simplex Searching start from: cutoff * 0.3
Optimization terminated successfully.
         Current function value: -19.267019
         Iterations: 53
         Function evaluations: 106
Lattice Constants: [ 1.81422108]
Energy: -19.267019216
Simplex Searching start from: cutoff * 0.32
Optimization terminated successfully.
         Current function value: -19.267019
         Iterations: 51
         Function evaluations: 102
Lattice Constants: [ 1.81422108]
Energy: -19.267019216
Simplex Searching start from: cutoff * 0.34
Optimization terminated successfully.
         Current function value: -8.858543
         Iterations: 35
         Function evaluations: 76
Lattice Constants: [ 2.47798942]
Energy: -8.85854283706
Simplex Searching start from: cutoff * 0.36
Optimization terminated successfully.
         Current function value: -8.858543
         Iterations: 33
         Function evaluations: 71
Lattice Constants: [ 2.4779894]
Energy: -8.85854283706
Simplex Searching start from: cutoff * 0.38
Optimization terminated successfully.
         Current function value: -8.858543
         Iterations: 35
         Function evaluations: 73
Lattice Constants: [ 2.47798941]
Energy: -8.85854283706
Simplex Searching start from: cutoff * 0.4
Optimization terminated successfully.
         Current function value: -8.858543
         Iterations: 32
         Function evaluations: 70
Lattice Constants: [ 2.47798942]
Energy: -8.85854283706
Simplex Searching start from: cutoff * 0.42
Optimization terminated successfully.
         Current function value: -8.858543
         Iterations: 33
         Function evaluations: 70
Lattice Constants: [ 2.47798941]
Energy: -8.85854283706
Simplex Searching start from: cutoff * 0.44
Optimization terminated successfully.
         Current function value: -8.858543
         Iterations: 33
         Function evaluations: 73
Lattice Constants: [ 2.47798942]
Energy: -8.85854283706
Simplex Searching start from: cutoff * 0.46
Optimization terminated successfully.
         Current function value: -8.858543
         Iterations: 33
         Function evaluations: 72
Lattice Constants: [ 2.47798941]
Energy: -8.85854283706
Simplex Searching start from: cutoff * 0.48
Optimization terminated successfully.
         Current function value: -8.858543
         Iterations: 34
         Function evaluations: 71
Lattice Constants: [ 2.4779894]
Energy: -8.85854283706
[ 1.81422108]
Relaxation With c/a Ratio Relaxed
Simplex Searching start from c/a ratio: 1.633 * 0.8
Optimization terminated successfully.
         Current function value: -24.457355
         Iterations: 152
         Function evaluations: 296
Lattice Constants: [ 2.23509217  2.06566219]
Energy: -24.4573551388
Simplex Searching start from c/a ratio: 1.633 * 0.82
Optimization terminated successfully.
         Current function value: -24.457355
         Iterations: 142
         Function evaluations: 279
Lattice Constants: [ 2.23509211  2.06566229]
Energy: -24.4573551388
Simplex Searching start from c/a ratio: 1.633 * 0.84
Optimization terminated successfully.
         Current function value: -24.457355
         Iterations: 142
         Function evaluations: 273
Lattice Constants: [ 2.23509206  2.06566235]
Energy: -24.4573551388
Simplex Searching start from c/a ratio: 1.633 * 0.86
Optimization terminated successfully.
         Current function value: -24.457355
         Iterations: 154
         Function evaluations: 299
Lattice Constants: [ 2.23509215  2.06566222]
Energy: -24.4573551388
Simplex Searching start from c/a ratio: 1.633 * 0.88
Optimization terminated successfully.
         Current function value: -24.457355
         Iterations: 146
         Function evaluations: 278
Lattice Constants: [ 2.23509209  2.06566232]
Energy: -24.4573551388
Simplex Searching start from c/a ratio: 1.633 * 0.9
Optimization terminated successfully.
         Current function value: -24.457355
         Iterations: 179
         Function evaluations: 350
Lattice Constants: [ 2.23509203  2.0656624 ]
Energy: -24.4573551388
Simplex Searching start from c/a ratio: 1.633 * 0.92
Optimization terminated successfully.
         Current function value: -24.457355
         Iterations: 141
         Function evaluations: 278
Lattice Constants: [ 2.23509212  2.06566227]
Energy: -24.4573551388
Simplex Searching start from c/a ratio: 1.633 * 0.94
Optimization terminated successfully.
         Current function value: -24.457355
         Iterations: 203
         Function evaluations: 391
Lattice Constants: [ 2.23509208  2.06566233]
Energy: -24.4573551388
Simplex Searching start from c/a ratio: 1.633 * 0.96
Optimization terminated successfully.
         Current function value: -24.457355
         Iterations: 143
         Function evaluations: 270
Lattice Constants: [ 2.2350877  2.0656688]
Energy: -24.4573551381
Simplex Searching start from c/a ratio: 1.633 * 0.98
Optimization terminated successfully.
         Current function value: -25.960090
         Iterations: 167
         Function evaluations: 315
Lattice Constants: [ 1.60431412  4.21563176]
Energy: -25.9600901434
Simplex Searching start from c/a ratio: 1.633 * 1.0
Optimization terminated successfully.
         Current function value: -24.457355
         Iterations: 193
         Function evaluations: 372
Lattice Constants: [ 2.23509207  2.06566234]
Energy: -24.4573551388
Simplex Searching start from c/a ratio: 1.633 * 1.02
Optimization terminated successfully.
         Current function value: -25.960090
         Iterations: 172
         Function evaluations: 340
Lattice Constants: [ 1.60431416  4.21563149]
Energy: -25.9600901434
Simplex Searching start from c/a ratio: 1.633 * 1.04
Optimization terminated successfully.
         Current function value: -25.960090
         Iterations: 143
         Function evaluations: 280
Lattice Constants: [ 1.60431416  4.2156315 ]
Energy: -25.9600901434
Simplex Searching start from c/a ratio: 1.633 * 1.06
Optimization terminated successfully.
         Current function value: -25.960090
         Iterations: 144
         Function evaluations: 282
Lattice Constants: [ 1.60431416  4.21563147]
Energy: -25.9600901434
Simplex Searching start from c/a ratio: 1.633 * 1.08
Optimization terminated successfully.
         Current function value: -25.960090
         Iterations: 165
         Function evaluations: 320
Lattice Constants: [ 1.60431416  4.2156315 ]
Energy: -25.9600901434
Simplex Searching start from c/a ratio: 1.633 * 1.1
Warning: Maximum number of function evaluations has been exceeded.
Lattice Constants: [ 1.60431425  4.21563085]
Energy: -25.9600901434
Simplex Searching start from c/a ratio: 1.633 * 1.12
Optimization terminated successfully.
         Current function value: -25.960090
         Iterations: 143
         Function evaluations: 282
Lattice Constants: [ 1.60431414  4.21563159]
Energy: -25.9600901434
Simplex Searching start from c/a ratio: 1.633 * 1.14
Optimization terminated successfully.
         Current function value: -25.960090
         Iterations: 151
         Function evaluations: 294
Lattice Constants: [ 1.60431414  4.21563159]
Energy: -25.9600901434
Simplex Searching start from c/a ratio: 1.633 * 1.16
Optimization terminated successfully.
         Current function value: -25.960090
         Iterations: 129
         Function evaluations: 245
Lattice Constants: [ 1.6043165   4.21561516]
Energy: -25.9600901412
Simplex Searching start from c/a ratio: 1.633 * 1.18
Warning: Maximum number of function evaluations has been exceeded.
Lattice Constants: [ 1.60431416  4.2156315 ]
Energy: -25.9600901434
[ 1.60431416  4.21563149]
Lattice Constants: 1.60431415791 4.2156314949
[
    {
        "property-id" "tag:staff@noreply.openkim.org,2014-04-15:property/structure-hexagonal-crystal-npt" 
        "instant-id" 1 
        "short-name" {
            "source-value" "hcp"
        } 
        "species" {
            "source-value" "Ni"
        } 
        "a" {
            "source-value" 1.6043141579108502 
            "source-unit" "angstrom"
        } 
        "c" {
            "source-value" 4.2156314948983233 
            "source-unit" "angstrom"
        } 
        "basis-atom-coordinates" {
            "source-value" [
                [
                    0.0 
                    0.0 
                    0.0
                ] 
                [
                    0.0 
                    0.5773502691896257 
                    0.5
                ]
            ]
        } 
        "space-group" {
            "source-value" "P63/mmc"
        } 
        "temperature" {
            "source-value" 0 
            "source-unit" "K"
        } 
        "cauchy-stress" {
            "source-value" [
                0 
                0 
                0 
                0 
                0
            ] 
            "source-unit" "GPa"
        }
    } 
    {
        "property-id" "tag:staff@noreply.openkim.org,2014-04-15:property/cohesive-free-energy-hexagonal-crystal" 
        "instant-id" 2 
        "short-name" {
            "source-value" "hcp"
        } 
        "species" {
            "source-value" "Ni"
        } 
        "a" {
            "source-value" 1.6043141579108502 
            "source-unit" "angstrom"
        } 
        "c" {
            "source-value" 4.2156314948983233 
            "source-unit" "angstrom"
        } 
        "basis-atom-coordinates" {
            "source-value" [
                [
                    0.0 
                    0.0 
                    0.0
                ] 
                [
                    0.0 
                    0.5773502691896257 
                    0.5
                ]
            ]
        } 
        "space-group" {
            "source-value" "P63/mmc"
        } 
        "temperature" {
            "source-value" 0 
            "source-unit" "K"
        } 
        "cauchy-stress" {
            "source-value" [
                0 
                0 
                0 
                0 
                0
            ] 
            "source-unit" "GPa"
        } 
        "cohesive-free-energy" {
            "source-value" -25.960090143421748 
            "source-unit" "eV"
        }
    }
]
