Imported bulk from ase.lattice
Element = Lattice = Model = Element: Cr
Lattice: hcp
Model: Pair_Morse_Shifted_GirifalcoWeizer_HighCutoff_Cr__MO_859700307573_001
Model Cutoff: 9.05351
NBC Name: NEIGH_RVEC_F
Relaxation With c/a Ratio Fixed
Simplex Searching start from: cutoff * 0.1
Simplex Searching Start From: [0.90535100000000002]
Optimization terminated successfully.
         Current function value: -7.834917
         Iterations: 39
         Function evaluations: 84
Tmp Lattice Constants: [ 2.55891899]
Tmp Energy: -7.8349171848
Simplex Searching start from: cutoff * 0.12
Simplex Searching Start From: [1.0864212]
Optimization terminated successfully.
         Current function value: -7.834917
         Iterations: 39
         Function evaluations: 83
Tmp Lattice Constants: [ 2.55891899]
Tmp Energy: -7.8349171848
Simplex Searching start from: cutoff * 0.14
Simplex Searching Start From: [1.2674913999999999]
Optimization terminated successfully.
         Current function value: -7.834917
         Iterations: 40
         Function evaluations: 86
Tmp Lattice Constants: [ 2.55891897]
Tmp Energy: -7.8349171848
Simplex Searching start from: cutoff * 0.16
Simplex Searching Start From: [1.4485615999999999]
Optimization terminated successfully.
         Current function value: -7.834917
         Iterations: 39
         Function evaluations: 83
Tmp Lattice Constants: [ 2.55891896]
Tmp Energy: -7.8349171848
Simplex Searching start from: cutoff * 0.18
Simplex Searching Start From: [1.6296317999999999]
Optimization terminated successfully.
         Current function value: -7.834917
         Iterations: 36
         Function evaluations: 78
Tmp Lattice Constants: [ 2.55891899]
Tmp Energy: -7.8349171848
Simplex Searching start from: cutoff * 0.2
Simplex Searching Start From: [1.810702]
Optimization terminated successfully.
         Current function value: -7.834917
         Iterations: 35
         Function evaluations: 73
Tmp Lattice Constants: [ 2.55891899]
Tmp Energy: -7.8349171848
Simplex Searching start from: cutoff * 0.22
Simplex Searching Start From: [1.9917721999999998]
Optimization terminated successfully.
         Current function value: -7.834917
         Iterations: 34
         Function evaluations: 71
Tmp Lattice Constants: [ 2.55891898]
Tmp Energy: -7.8349171848
Simplex Searching start from: cutoff * 0.24
Simplex Searching Start From: [2.1728424]
Optimization terminated successfully.
         Current function value: -7.834917
         Iterations: 35
         Function evaluations: 74
Tmp Lattice Constants: [ 2.55891899]
Tmp Energy: -7.8349171848
Simplex Searching start from: cutoff * 0.26
Simplex Searching Start From: [2.3539125999999997]
Optimization terminated successfully.
         Current function value: -7.834917
         Iterations: 34
         Function evaluations: 73
Tmp Lattice Constants: [ 2.55891901]
Tmp Energy: -7.8349171848
Simplex Searching start from: cutoff * 0.28
Simplex Searching Start From: [2.5349827999999999]
Optimization terminated successfully.
         Current function value: -7.834917
         Iterations: 33
         Function evaluations: 71
Tmp Lattice Constants: [ 2.55891897]
Tmp Energy: -7.8349171848
Simplex Searching start from: cutoff * 0.3
Simplex Searching Start From: [2.7160529999999996]
Optimization terminated successfully.
         Current function value: -7.834917
         Iterations: 33
         Function evaluations: 70
Tmp Lattice Constants: [ 2.55891899]
Tmp Energy: -7.8349171848
Simplex Searching start from: cutoff * 0.32
Simplex Searching Start From: [2.8971231999999998]
Optimization terminated successfully.
         Current function value: -7.834917
         Iterations: 35
         Function evaluations: 75
Tmp Lattice Constants: [ 2.55891897]
Tmp Energy: -7.8349171848
Simplex Searching start from: cutoff * 0.34
Simplex Searching Start From: [3.0781934]
Optimization terminated successfully.
         Current function value: -7.834917
         Iterations: 35
         Function evaluations: 74
Tmp Lattice Constants: [ 2.55891899]
Tmp Energy: -7.8349171848
Simplex Searching start from: cutoff * 0.36
Simplex Searching Start From: [3.2592635999999997]
Optimization terminated successfully.
         Current function value: -7.834917
         Iterations: 35
         Function evaluations: 74
Tmp Lattice Constants: [ 2.55891899]
Tmp Energy: -7.8349171848
Simplex Searching start from: cutoff * 0.38
Simplex Searching Start From: [3.4403337999999999]
Optimization terminated successfully.
         Current function value: -7.834917
         Iterations: 35
         Function evaluations: 76
Tmp Lattice Constants: [ 2.55891898]
Tmp Energy: -7.8349171848
Simplex Searching start from: cutoff * 0.4
Simplex Searching Start From: [3.6214040000000001]
Optimization terminated successfully.
         Current function value: -7.834917
         Iterations: 36
         Function evaluations: 76
Tmp Lattice Constants: [ 2.55891899]
Tmp Energy: -7.8349171848
Simplex Searching start from: cutoff * 0.42
Simplex Searching Start From: [3.8024741999999994]
Optimization terminated successfully.
         Current function value: -7.834917
         Iterations: 38
         Function evaluations: 80
Tmp Lattice Constants: [ 2.55891899]
Tmp Energy: -7.8349171848
Simplex Searching start from: cutoff * 0.44
Simplex Searching Start From: [3.9835443999999995]
Optimization terminated successfully.
         Current function value: -7.834917
         Iterations: 37
         Function evaluations: 78
Tmp Lattice Constants: [ 2.55891898]
Tmp Energy: -7.8349171848
Simplex Searching start from: cutoff * 0.46
Simplex Searching Start From: [4.1646146000000002]
Optimization terminated successfully.
         Current function value: -7.834917
         Iterations: 38
         Function evaluations: 81
Tmp Lattice Constants: [ 2.55891898]
Tmp Energy: -7.8349171848
Simplex Searching start from: cutoff * 0.48
Simplex Searching Start From: [4.3456847999999999]
Optimization terminated successfully.
         Current function value: -7.834917
         Iterations: 38
         Function evaluations: 82
Tmp Lattice Constants: [ 2.55891899]
Tmp Energy: -7.8349171848
Relaxation With c/a Ratio Relaxed
Simplex Searching start from c/a ratio: 1.633 * 0.8
Simplex Searching Start From: [2.5589189876634992, 2.0471351901307995]
Optimization terminated successfully.
         Current function value: -7.834918
         Iterations: 91
         Function evaluations: 189
Tmp Lattice Constants: [ 2.55903798  4.17830901]
Tmp Energy: -7.83491751681
Simplex Searching start from c/a ratio: 1.633 * 0.82
Simplex Searching Start From: [2.5589189876634992, 2.0983135698840694]
Optimization terminated successfully.
         Current function value: -7.834918
         Iterations: 88
         Function evaluations: 182
Tmp Lattice Constants: [ 2.55903797  4.17830902]
Tmp Energy: -7.83491751681
Simplex Searching start from c/a ratio: 1.633 * 0.84
Simplex Searching Start From: [2.5589189876634992, 2.1494919496373392]
Optimization terminated successfully.
         Current function value: -7.834918
         Iterations: 88
         Function evaluations: 188
Tmp Lattice Constants: [ 2.55903797  4.17830896]
Tmp Energy: -7.83491751681
Simplex Searching start from c/a ratio: 1.633 * 0.86
Simplex Searching Start From: [2.5589189876634992, 2.2006703293906091]
Optimization terminated successfully.
         Current function value: -7.834918
         Iterations: 85
         Function evaluations: 175
Tmp Lattice Constants: [ 2.55903797  4.17830899]
Tmp Energy: -7.83491751681
Simplex Searching start from c/a ratio: 1.633 * 0.88
Simplex Searching Start From: [2.5589189876634992, 2.2518487091438795]
Optimization terminated successfully.
         Current function value: -7.834918
         Iterations: 88
         Function evaluations: 183
Tmp Lattice Constants: [ 2.559038    4.17830893]
Tmp Energy: -7.83491751681
Simplex Searching start from c/a ratio: 1.633 * 0.9
Simplex Searching Start From: [2.5589189876634992, 2.3030270888971494]
Optimization terminated successfully.
         Current function value: -7.834918
         Iterations: 89
         Function evaluations: 179
Tmp Lattice Constants: [ 2.559038   4.1783089]
Tmp Energy: -7.83491751681
Simplex Searching start from c/a ratio: 1.633 * 0.92
Simplex Searching Start From: [2.5589189876634992, 2.3542054686504192]
Optimization terminated successfully.
         Current function value: -7.834918
         Iterations: 84
         Function evaluations: 178
Tmp Lattice Constants: [ 2.55903799  4.17830893]
Tmp Energy: -7.83491751681
Simplex Searching start from c/a ratio: 1.633 * 0.94
Simplex Searching Start From: [2.5589189876634992, 2.4053838484036891]
Optimization terminated successfully.
         Current function value: -7.834918
         Iterations: 85
         Function evaluations: 179
Tmp Lattice Constants: [ 2.55903799  4.17830892]
Tmp Energy: -7.83491751681
Simplex Searching start from c/a ratio: 1.633 * 0.96
Simplex Searching Start From: [2.5589189876634992, 2.456562228156959]
Optimization terminated successfully.
         Current function value: -7.834918
         Iterations: 77
         Function evaluations: 160
Tmp Lattice Constants: [ 2.55903797  4.17830891]
Tmp Energy: -7.83491751681
Simplex Searching start from c/a ratio: 1.633 * 0.98
Simplex Searching Start From: [2.5589189876634992, 2.5077406079102293]
Optimization terminated successfully.
         Current function value: -7.834918
         Iterations: 84
         Function evaluations: 171
Tmp Lattice Constants: [ 2.55903797  4.17830892]
Tmp Energy: -7.83491751681
Simplex Searching start from c/a ratio: 1.633 * 1.0
Simplex Searching Start From: [2.5589189876634992, 2.5589189876634992]
Optimization terminated successfully.
         Current function value: -7.834918
         Iterations: 87
         Function evaluations: 175
Tmp Lattice Constants: [ 2.55903797  4.17830892]
Tmp Energy: -7.83491751681
Simplex Searching start from c/a ratio: 1.633 * 1.02
Simplex Searching Start From: [2.5589189876634992, 2.6100973674167691]
Optimization terminated successfully.
         Current function value: -7.834918
         Iterations: 87
         Function evaluations: 180
Tmp Lattice Constants: [ 2.55903798  4.17830891]
Tmp Energy: -7.83491751681
Simplex Searching start from c/a ratio: 1.633 * 1.04
Simplex Searching Start From: [2.5589189876634992, 2.6612757471700395]
Optimization terminated successfully.
         Current function value: -7.834918
         Iterations: 87
         Function evaluations: 174
Tmp Lattice Constants: [ 2.55903796  4.17830902]
Tmp Energy: -7.83491751681
Simplex Searching start from c/a ratio: 1.633 * 1.06
Simplex Searching Start From: [2.5589189876634992, 2.7124541269233093]
Optimization terminated successfully.
         Current function value: -7.834918
         Iterations: 76
         Function evaluations: 160
Tmp Lattice Constants: [ 2.55903799  4.17830894]
Tmp Energy: -7.83491751681
Simplex Searching start from c/a ratio: 1.633 * 1.08
Simplex Searching Start From: [2.5589189876634992, 2.7636325066765792]
Optimization terminated successfully.
         Current function value: -7.834918
         Iterations: 84
         Function evaluations: 175
Tmp Lattice Constants: [ 2.55903799  4.17830899]
Tmp Energy: -7.83491751681
Simplex Searching start from c/a ratio: 1.633 * 1.1
Simplex Searching Start From: [2.5589189876634992, 2.8148108864298496]
Optimization terminated successfully.
         Current function value: -7.834918
         Iterations: 77
         Function evaluations: 159
Tmp Lattice Constants: [ 2.55903798  4.17830892]
Tmp Energy: -7.83491751681
Simplex Searching start from c/a ratio: 1.633 * 1.12
Simplex Searching Start From: [2.5589189876634992, 2.8659892661831194]
Optimization terminated successfully.
         Current function value: -7.834918
         Iterations: 77
         Function evaluations: 162
Tmp Lattice Constants: [ 2.559038    4.17830902]
Tmp Energy: -7.83491751681
Simplex Searching start from c/a ratio: 1.633 * 1.14
Simplex Searching Start From: [2.5589189876634992, 2.9171676459363893]
Optimization terminated successfully.
         Current function value: -7.834918
         Iterations: 68
         Function evaluations: 155
Tmp Lattice Constants: [ 2.55903797  4.17830893]
Tmp Energy: -7.83491751681
Simplex Searching start from c/a ratio: 1.633 * 1.16
Simplex Searching Start From: [2.5589189876634992, 2.9683460256896588]
Optimization terminated successfully.
         Current function value: -7.834918
         Iterations: 79
         Function evaluations: 164
Tmp Lattice Constants: [ 2.55903798  4.17830894]
Tmp Energy: -7.83491751681
Simplex Searching start from c/a ratio: 1.633 * 1.18
Simplex Searching Start From: [2.5589189876634992, 3.0195244054429291]
Optimization terminated successfully.
         Current function value: -7.834918
         Iterations: 79
         Function evaluations: 165
Tmp Lattice Constants: [ 2.55903799  4.17830895]
Tmp Energy: -7.83491751681
Lattice Constants: [ 2.55903796  4.17830902]
Energy: -7.83491751681
Lattice Constants: 2.55903796055 4.17830901856
[
    {
        "property-id" "tag:staff@noreply.openkim.org,2014-04-15:property/structure-hexagonal-crystal-npt" 
        "instance-id" 1 
        "cauchy-stress" {
            "source-value" [
                0 
                0 
                0 
                0 
                0
            ] 
            "source-unit" "GPa"
        } 
        "short-name" {
            "source-value" [
                "hcp"
            ]
        } 
        "species" {
            "source-value" [
                "Cr"
            ]
        } 
        "a" {
            "source-value" 2.5590379605545208 
            "source-unit" "angstrom"
        } 
        "c" {
            "source-value" 4.1783090185620821 
            "source-unit" "angstrom"
        } 
        "basis-atom-coordinates" {
            "source-value" [
                [
                    0.0 
                    0.0 
                    0.0
                ] 
                [
                    0.0 
                    0.5773502691896257 
                    0.5
                ]
            ]
        } 
        "space-group" {
            "source-value" "P63/mmc"
        } 
        "temperature" {
            "source-value" 0 
            "source-unit" "K"
        }
    } 
    {
        "property-id" "tag:staff@noreply.openkim.org,2014-04-15:property/cohesive-free-energy-hexagonal-crystal" 
        "instance-id" 2 
        "cohesive-free-energy" {
            "source-value" -7.8349175168124141 
            "source-unit" "eV"
        } 
        "short-name" {
            "source-value" [
                "hcp"
            ]
        } 
        "species" {
            "source-value" [
                "Cr"
            ]
        } 
        "a" {
            "source-value" 2.5590379605545208 
            "source-unit" "angstrom"
        } 
        "c" {
            "source-value" 4.1783090185620821 
            "source-unit" "angstrom"
        } 
        "basis-atom-coordinates" {
            "source-value" [
                [
                    0.0 
                    0.0 
                    0.0
                ] 
                [
                    0.0 
                    0.5773502691896257 
                    0.5
                ]
            ]
        } 
        "space-group" {
            "source-value" "P63/mmc"
        } 
        "temperature" {
            "source-value" 0 
            "source-unit" "K"
        }
    }
]
