Imported bulk from ase.lattice
Element = Lattice = Model = Element: Al
Lattice: hcp
Model: EAM_Dynamo_Mishin_Farkas_Al__MO_651801486679_001
Model Cutoff: 6.28721
NBC Name: NEIGH_RVEC_F
Relaxation With c/a Ratio Fixed
Simplex Searching start from: cutoff * 0.1
Simplex Searching Start From: [0.62872100000000009]
Optimization terminated successfully.
         Current function value: -6.651158
         Iterations: 41
         Function evaluations: 85
Tmp Lattice Constants: [ 2.87282323]
Tmp Energy: -6.65115755791
Simplex Searching start from: cutoff * 0.12
Simplex Searching Start From: [0.75446519999999995]
Optimization terminated successfully.
         Current function value: -6.651158
         Iterations: 40
         Function evaluations: 85
Tmp Lattice Constants: [ 2.87282319]
Tmp Energy: -6.65115755791
Simplex Searching start from: cutoff * 0.14
Simplex Searching Start From: [0.88020940000000003]
Optimization terminated successfully.
         Current function value: -6.651158
         Iterations: 39
         Function evaluations: 83
Tmp Lattice Constants: [ 2.87282322]
Tmp Energy: -6.65115755791
Simplex Searching start from: cutoff * 0.16
Simplex Searching Start From: [1.0059536]
Optimization terminated successfully.
         Current function value: -6.651158
         Iterations: 40
         Function evaluations: 87
Tmp Lattice Constants: [ 2.87282321]
Tmp Energy: -6.65115755791
Simplex Searching start from: cutoff * 0.18
Simplex Searching Start From: [1.1316978]
Optimization terminated successfully.
         Current function value: -6.651158
         Iterations: 40
         Function evaluations: 86
Tmp Lattice Constants: [ 2.8728232]
Tmp Energy: -6.65115755791
Simplex Searching start from: cutoff * 0.2
Simplex Searching Start From: [1.2574420000000002]
Optimization terminated successfully.
         Current function value: -6.651158
         Iterations: 38
         Function evaluations: 80
Tmp Lattice Constants: [ 2.87282319]
Tmp Energy: -6.65115755791
Simplex Searching start from: cutoff * 0.22
Simplex Searching Start From: [1.3831861999999999]
Optimization terminated successfully.
         Current function value: -6.651158
         Iterations: 39
         Function evaluations: 86
Tmp Lattice Constants: [ 2.87282319]
Tmp Energy: -6.65115755791
Simplex Searching start from: cutoff * 0.24
Simplex Searching Start From: [1.5089303999999999]
Optimization terminated successfully.
         Current function value: -6.651158
         Iterations: 37
         Function evaluations: 79
Tmp Lattice Constants: [ 2.87282324]
Tmp Energy: -6.65115755791
Simplex Searching start from: cutoff * 0.26
Simplex Searching Start From: [1.6346746000000001]
Optimization terminated successfully.
         Current function value: -6.651158
         Iterations: 38
         Function evaluations: 83
Tmp Lattice Constants: [ 2.87282319]
Tmp Energy: -6.65115755791
Simplex Searching start from: cutoff * 0.28
Simplex Searching Start From: [1.7604188000000001]
Optimization terminated successfully.
         Current function value: -6.651158
         Iterations: 36
         Function evaluations: 76
Tmp Lattice Constants: [ 2.87282321]
Tmp Energy: -6.65115755791
Simplex Searching start from: cutoff * 0.3
Simplex Searching Start From: [1.8861629999999998]
Optimization terminated successfully.
         Current function value: -6.651158
         Iterations: 36
         Function evaluations: 78
Tmp Lattice Constants: [ 2.87282323]
Tmp Energy: -6.65115755791
Simplex Searching start from: cutoff * 0.32
Simplex Searching Start From: [2.0119072]
Optimization terminated successfully.
         Current function value: -6.651158
         Iterations: 36
         Function evaluations: 78
Tmp Lattice Constants: [ 2.87282321]
Tmp Energy: -6.65115755791
Simplex Searching start from: cutoff * 0.34
Simplex Searching Start From: [2.1376514000000002]
Optimization terminated successfully.
         Current function value: -6.651158
         Iterations: 36
         Function evaluations: 76
Tmp Lattice Constants: [ 2.87282321]
Tmp Energy: -6.65115755791
Simplex Searching start from: cutoff * 0.36
Simplex Searching Start From: [2.2633956]
Optimization terminated successfully.
         Current function value: -6.651158
         Iterations: 35
         Function evaluations: 76
Tmp Lattice Constants: [ 2.8728232]
Tmp Energy: -6.65115755791
Simplex Searching start from: cutoff * 0.38
Simplex Searching Start From: [2.3891398000000001]
Optimization terminated successfully.
         Current function value: -6.651158
         Iterations: 35
         Function evaluations: 76
Tmp Lattice Constants: [ 2.87282318]
Tmp Energy: -6.65115755791
Simplex Searching start from: cutoff * 0.4
Simplex Searching Start From: [2.5148840000000003]
Optimization terminated successfully.
         Current function value: -6.651158
         Iterations: 34
         Function evaluations: 75
Tmp Lattice Constants: [ 2.87282321]
Tmp Energy: -6.65115755791
Simplex Searching start from: cutoff * 0.42
Simplex Searching Start From: [2.6406282000000001]
Optimization terminated successfully.
         Current function value: -6.651158
         Iterations: 33
         Function evaluations: 70
Tmp Lattice Constants: [ 2.87282321]
Tmp Energy: -6.65115755791
Simplex Searching start from: cutoff * 0.44
Simplex Searching Start From: [2.7663723999999998]
Optimization terminated successfully.
         Current function value: -6.651158
         Iterations: 32
         Function evaluations: 70
Tmp Lattice Constants: [ 2.87282319]
Tmp Energy: -6.65115755791
Simplex Searching start from: cutoff * 0.46
Simplex Searching Start From: [2.8921166]
Optimization terminated successfully.
         Current function value: -6.651158
         Iterations: 32
         Function evaluations: 68
Tmp Lattice Constants: [ 2.87282322]
Tmp Energy: -6.65115755791
Simplex Searching start from: cutoff * 0.48
Simplex Searching Start From: [3.0178607999999998]
Optimization terminated successfully.
         Current function value: -6.651158
         Iterations: 33
         Function evaluations: 71
Tmp Lattice Constants: [ 2.8728232]
Tmp Energy: -6.65115755791
Relaxation With c/a Ratio Relaxed
