Imported bulk from ase.lattice
Parameters Input: Ag fcc LennardJones612_UniversalShifted__MO_959249795837_001 [5.39102153689]
CELL_SIZE_MIN: 4
CELL_SIZE_MAX: 6
Smallest System Size: 256
Largest System Size: 864
Model Cutoff: 10.3344

[Calculation]
.

Supercell Size: 4
Unrelaxed Cell:
[[ 21.56408615   0.           0.        ]
 [  0.          21.56408615   0.        ]
 [  0.           0.          21.56408615]]
Unrelaxed Cell Vector:
[21.564086147560001, 0.0, 21.564086147560001, 0.0, 0.0, 21.564086147560001]
==========
Loop: 0
Position Relaxation...
.
.
FIRE:   0  11:41:01    -1030.148652       0.8116
.
.
FIRE:   1  11:41:01    -1030.229914       0.8454
.
.
FIRE:   2  11:41:01    -1030.406099       0.9143
.
.
FIRE:   3  11:41:01    -1030.706868       1.0202
.
.
FIRE:   4  11:41:01    -1031.182965       1.1664
.
.
FIRE:   5  11:41:01    -1031.914800       1.3565
.
.
FIRE:   6  11:41:01    -1032.951583       1.5802
.
.
FIRE:   7  11:41:01    -1034.155606       1.7964
.
.
FIRE:   8  11:41:01    -1035.527765       2.0067
.
.
FIRE:   9  11:41:01    -1037.064109       2.2032
.
.
FIRE:  10  11:41:01    -1038.757820       2.3772
.
.
FIRE:  11  11:41:01    -1040.593525       2.5231
.
.
FIRE:  12  11:41:01    -1042.544420       2.6200
.
.
FIRE:  13  11:41:01    -1044.565995       2.6447
.
.
FIRE:  14  11:41:01    -1046.588546       2.5612
.
.
FIRE:  15  11:41:01    -1048.506728       2.3135
.
.
FIRE:  16  11:41:01    -1050.171135       1.8294
.
.
FIRE:  17  11:41:01    -1051.404599       1.2063
.
.
FIRE:  18  11:41:01    -1052.106268       1.7706
.
.
FIRE:  19  11:41:01    -1052.514140       2.9200
.
.
FIRE:  20  11:41:01    -1053.401774       3.5304
.
.
FIRE:  21  11:41:01    -1055.241142       3.1947
.
.
FIRE:  22  11:41:01    -1057.413955       2.3727
.
.
FIRE:  23  11:41:01    -1059.397222       1.8210
.
.
FIRE:  24  11:41:01    -1061.169657       1.9092
.
.
FIRE:  25  11:41:01    -1062.901563       1.9982
.
.
FIRE:  26  11:41:01    -1064.737419       2.0834
.
.
FIRE:  27  11:41:01    -1066.740240       2.1564
.
.
FIRE:  28  11:41:01    -1068.910472       2.2070
.
.
FIRE:  29  11:41:01    -1071.217123       2.2227
.
.
FIRE:  30  11:41:01    -1073.618345       2.1892
.
.
FIRE:  31  11:41:01    -1076.073380       2.0951
.
.
FIRE:  32  11:41:01    -1078.540547       1.9090
.
.
FIRE:  33  11:41:01    -1080.976728       1.6076
.
.
FIRE:  34  11:41:01    -1083.336992       1.5079
.
.
FIRE:  35  11:41:01    -1085.571232       1.3636
.
.
FIRE:  36  11:41:01    -1087.635409       1.1721
.
.
FIRE:  37  11:41:01    -1089.506916       1.2419
.
.
FIRE:  38  11:41:01    -1091.215572       2.3149
.
.
FIRE:  39  11:41:01    -1092.867874       3.4675
.
.
FIRE:  40  11:41:01    -1094.647354       4.5088
.
.
FIRE:  41  11:41:01    -1096.761566       5.2753
.
.
FIRE:  42  11:41:01    -1099.345679       5.6357
.
.
FIRE:  43  11:41:01    -1102.397319       5.5792
.
.
FIRE:  44  11:41:01    -1105.798346       5.1708
.
.
FIRE:  45  11:41:01    -1109.398281       4.5449
.
.
FIRE:  46  11:41:01    -1113.085307       3.8278
.
.
FIRE:  47  11:41:01    -1116.809934       3.1145
.
.
FIRE:  48  11:41:01    -1120.575125       2.4630
.
.
FIRE:  49  11:41:01    -1124.413477       2.3680
Steps Limit Exceeded. Structure Maybe Unstable.
Relaxation Completed. Steps: 50
Cell Size Relaxation...
.
.
.
.
.
.
.
.
.
.
.
.
.
.
.
.
.
.
.
.
.
.
.
.
.
.
.
.
.
.
.
.
.
.
.
.
.
.
.
.
.
.
.
.
.
.
.
.
.
.
.
.
.
.
.
.
.
.
.
.
.
.
.
.
.
.
.
.
.
.
.
.
.
.
.
.
.
.
.
.
.
.
.
.
.
.
.
.
.
.
.
.
.
.
.
.
.
.
.
.
.
.
.
.
.
.
.
.
.
.
.
.
.
.
.
.
.
.
.
.
.
.
.
.
.
.
.
.
.
.
.
.
.
.
.
.
.
.
.
.
.
.
.
.
.
.
.
.
.
.
.
.
.
.
.
.
.
.
.
.
.
.
.
.
.
.
.
.
.
.
.
.
.
.
.
.
.
.
.
.
.
.
.
.
.
.
.
.
.
.
.
.
.
.
.
.
.
.
.
.
.
.
.
.
.
.
.
.
.
.
.
.
.
.
.
.
.
.
.
.
.
.
.
.
.
.
.
.
.
.
.
.
.
.
.
.
.
.
.
.
.
.
.
.
.
.
.
.
.
.
.
.
.
.
.
.
.
.
.
.
.
.
.
.
.
.
.
.
.
.
.
.
.
.
.
.
.
.
.
.
.
.
.
.
.
.
.
.
.
.
.
.
.
.
.
.
.
.
.
.
.
.
.
.
.
.
.
.
.
.
.
.
.
.
.
.
.
.
.
.
.
.
.
.
.
.
.
.
.
.
.
.
.
.
.
.
.
.
.
.
.
.
.
.
.
.
.
.
.
.
.
.
.
.
.
.
.
.
.
.
.
.
.
.
.
.
.
.
.
.
.
.
.
.
.
.
.
.
.
.
.
.
.
.
.
.
.
.
.
.
.
.
.
.
.
.
.
.
.
.
.
.
.
.
.
.
.
.
.
.
.
.
.
.
.
.
.
.
.
.
.
.
.
.
.
.
.
.
.
.
.
.
.
.
.
.
.
.
.
.
.
.
.
.
.
.
.
.
.
.
.
.
.
.
.
.
.
.
.
.
.
.
.
.
.
.
.
.
.
.
.
.
.
.
.
.
.
.
.
.
.
.
.
.
.
.
.
.
.
.
.
.
.
.
.
.
.
.
.
.
.
.
.
.
.
.
.
.
.
.
.
.
.
.
.
.
.
.
.
.
.
.
.
.
.
.
.
.
.
.
.
.
.
.
.
.
.
.
.
.
.
.
.
.
.
.
.
.
.
.
.
.
.
.
.
.
.
.
.
.
.
.
.
.
.
.
.
.
.
.
.
.
.
.
.
.
.
.
.
.
.
.
.
.
.
.
.
.
.
.
.
.
.
.
.
.
.
.
.
.
.
.
.
.
.
.
.
.
.
.
.
.
.
.
.
.
.
.
.
.
.
.
.
.
.
.
.
.
.
.
.
.
.
.
.
.
.
.
.
.
.
.
.
.
.
.
.
.
.
.
.
.
.
.
.
.
.
.
.
.
.
.
.
.
.
.
.
.
.
.
.
.
.
.
.
.
.
.
.
.
.
.
.
.
.
.
.
.
.
.
.
.
.
.
.
.
.
.
.
.
.
.
.
.
.
.
.
.
.
.
.
.
.
.
.
.
.
.
.
.
.
.
.
.
.
.
.
.
.
.
.
.
.
.
.
.
.
.
.
.
.
.
.
.
.
.
.
.
.
.
.
.
.
.
.
.
.
.
.
.
.
.
.
.
.
.
.
.
.
.
.
.
.
.
.
.
.
.
.
.
.
.
.
.
.
.
.
.
.
.
.
.
.
.
Optimization terminated successfully.
         Current function value: -1064.784316
         Iterations: 441
         Function evaluations: 794
Current VFE: -1064.78431607
Energy of Supercell: -1038.26005831
Unrelaxed Cell Volume: 10027.511632
Current Relaxed Cell Volume: 5709.20266081
Current Relaxation Volume: 4318.30897123
Current Cell:
[[  1.78727686e+01   0.00000000e+00   0.00000000e+00]
 [  1.04108838e-04   1.78727679e+01   0.00000000e+00]
 [  1.96569547e-04   6.55405843e-04   1.78727677e+01]]
System Collapsed. Volume significantly changed.
