Imported bulk from ase.lattice
Parameters Input: Al fcc EAM_Dynamo_Zhou_Johnson_Al__MO_131650261510_001 [4.05018068435]

[Calculation]

Supercell Size: 3
Unrelaxed Cell:
[[ 12.15054205   0.           0.        ]
 [  0.          12.15054205   0.        ]
 [  0.           0.          12.15054205]]
Unrelaxed Cell Vector:
[12.15054205305, 0.0, 12.15054205305, 0.0, 0.0, 12.15054205305]
Vacancy Formation Energy (Cell Structure Relaxation): 0.665033712294 Size:  3
Vacancy Formation Energy (Cell Structure Relaxation): 1.88518018491 Size:  3
Vacancy Formation Energy (Cell Structure Relaxation): 0.659848436381 Size:  3
Vacancy Formation Energy (Cell Structure Relaxation): 1.87545008751 Size:  3
Vacancy Formation Energy (Cell Structure Relaxation): 0.661440942259 Size:  3
Vacancy Formation Energy (Cell Structure Relaxation): 0.661433214156 Size:  3
Vacancy Formation Energy (Cell Structure Relaxation): 1.87783900822 Size:  3
Vacancy Formation Energy (Cell Structure Relaxation): 1.61070268625 Size:  3
Vacancy Formation Energy (Cell Structure Relaxation): 1.98482290652 Size:  3
Vacancy Formation Energy (Cell Structure Relaxation): 1.12036321128 Size:  3
Vacancy Formation Energy (Cell Structure Relaxation): 2.07248537102 Size:  3
Vacancy Formation Energy (Cell Structure Relaxation): 1.08373638274 Size:  3
Vacancy Formation Energy (Cell Structure Relaxation): 1.43415607868 Size:  3
Vacancy Formation Energy (Cell Structure Relaxation): 0.969973361393 Size:  3
Vacancy Formation Energy (Cell Structure Relaxation): 0.898382117607 Size:  3
Vacancy Formation Energy (Cell Structure Relaxation): 1.09714627394 Size:  3
Vacancy Formation Energy (Cell Structure Relaxation): 0.797946018822 Size:  3
Vacancy Formation Energy (Cell Structure Relaxation): 0.897369447627 Size:  3
Vacancy Formation Energy (Cell Structure Relaxation): 0.886154617768 Size:  3
Vacancy Formation Energy (Cell Structure Relaxation): 1.10085051682 Size:  3
Vacancy Formation Energy (Cell Structure Relaxation): 0.699932365119 Size:  3
Vacancy Formation Energy (Cell Structure Relaxation): 0.859905237236 Size:  3
Vacancy Formation Energy (Cell Structure Relaxation): 0.700526929893 Size:  3
Vacancy Formation Energy (Cell Structure Relaxation): 0.761736936671 Size:  3
Vacancy Formation Energy (Cell Structure Relaxation): 0.674441237951 Size:  3
Vacancy Formation Energy (Cell Structure Relaxation): 0.706102772533 Size:  3
Vacancy Formation Energy (Cell Structure Relaxation): 0.664288873075 Size:  3
Vacancy Formation Energy (Cell Structure Relaxation): 0.708780319474 Size:  3
Vacancy Formation Energy (Cell Structure Relaxation): 0.662638029315 Size:  3
Vacancy Formation Energy (Cell Structure Relaxation): 0.701701199712 Size:  3
Vacancy Formation Energy (Cell Structure Relaxation): 0.655547041456 Size:  3
Vacancy Formation Energy (Cell Structure Relaxation): 0.65578395416 Size:  3
Vacancy Formation Energy (Cell Structure Relaxation): 0.66251396918 Size:  3
Vacancy Formation Energy (Cell Structure Relaxation): 0.665539677596 Size:  3
Vacancy Formation Energy (Cell Structure Relaxation): 0.655012183812 Size:  3
Vacancy Formation Energy (Cell Structure Relaxation): 0.664111222344 Size:  3
Vacancy Formation Energy (Cell Structure Relaxation): 0.655396985415 Size:  3
Vacancy Formation Energy (Cell Structure Relaxation): 0.655689576225 Size:  3
Vacancy Formation Energy (Cell Structure Relaxation): 0.661494532931 Size:  3
Vacancy Formation Energy (Cell Structure Relaxation): 0.653212483715 Size:  3
Vacancy Formation Energy (Cell Structure Relaxation): 0.664126070083 Size:  3
Vacancy Formation Energy (Cell Structure Relaxation): 0.653051316149 Size:  3
Vacancy Formation Energy (Cell Structure Relaxation): 0.655694857491 Size:  3
Vacancy Formation Energy (Cell Structure Relaxation): 0.653644845759 Size:  3
Vacancy Formation Energy (Cell Structure Relaxation): 0.655924340311 Size:  3
Vacancy Formation Energy (Cell Structure Relaxation): 0.653496648617 Size:  3
Vacancy Formation Energy (Cell Structure Relaxation): 0.66138569735 Size:  3
Vacancy Formation Energy (Cell Structure Relaxation): 0.65292815878 Size:  3
Vacancy Formation Energy (Cell Structure Relaxation): 0.653881420259 Size:  3
Vacancy Formation Energy (Cell Structure Relaxation): 0.653042860259 Size:  3
Vacancy Formation Energy (Cell Structure Relaxation): 0.654919006978 Size:  3
Vacancy Formation Energy (Cell Structure Relaxation): 0.652687680316 Size:  3
Vacancy Formation Energy (Cell Structure Relaxation): 0.653445372085 Size:  3
Vacancy Formation Energy (Cell Structure Relaxation): 0.654187371652 Size:  3
Vacancy Formation Energy (Cell Structure Relaxation): 0.652584857761 Size:  3
Vacancy Formation Energy (Cell Structure Relaxation): 0.65345970639 Size:  3
Vacancy Formation Energy (Cell Structure Relaxation): 0.652700914337 Size:  3
Vacancy Formation Energy (Cell Structure Relaxation): 0.653376670592 Size:  3
Vacancy Formation Energy (Cell Structure Relaxation): 0.652536614951 Size:  3
Vacancy Formation Energy (Cell Structure Relaxation): 0.653466902752 Size:  3
Vacancy Formation Energy (Cell Structure Relaxation): 0.652461734044 Size:  3
Vacancy Formation Energy (Cell Structure Relaxation): 0.654165310863 Size:  3
Vacancy Formation Energy (Cell Structure Relaxation): 0.652425908416 Size:  3
Vacancy Formation Energy (Cell Structure Relaxation): 0.653292312368 Size:  3
Vacancy Formation Energy (Cell Structure Relaxation): 0.652432675449 Size:  3
Vacancy Formation Energy (Cell Structure Relaxation): 0.652534693454 Size:  3
Vacancy Formation Energy (Cell Structure Relaxation): 0.652525685437 Size:  3
Vacancy Formation Energy (Cell Structure Relaxation): 0.652734091364 Size:  3
Vacancy Formation Energy (Cell Structure Relaxation): 0.65237128931 Size:  3
Vacancy Formation Energy (Cell Structure Relaxation): 0.652414135206 Size:  3
Vacancy Formation Energy (Cell Structure Relaxation): 0.652397423857 Size:  3
Vacancy Formation Energy (Cell Structure Relaxation): 0.652673863488 Size:  3
Vacancy Formation Energy (Cell Structure Relaxation): 0.652337322742 Size:  3
Vacancy Formation Energy (Cell Structure Relaxation): 0.652596898729 Size:  3
Vacancy Formation Energy (Cell Structure Relaxation): 0.65230245827 Size:  3
Vacancy Formation Energy (Cell Structure Relaxation): 0.652522420694 Size:  3
Vacancy Formation Energy (Cell Structure Relaxation): 0.652287940701 Size:  3
Vacancy Formation Energy (Cell Structure Relaxation): 0.652491757605 Size:  3
Vacancy Formation Energy (Cell Structure Relaxation): 0.652296303777 Size:  3
Vacancy Formation Energy (Cell Structure Relaxation): 0.652548958732 Size:  3
Vacancy Formation Energy (Cell Structure Relaxation): 0.652281308277 Size:  3
Vacancy Formation Energy (Cell Structure Relaxation): 0.652498338001 Size:  3
Vacancy Formation Energy (Cell Structure Relaxation): 0.652281876104 Size:  3
Vacancy Formation Energy (Cell Structure Relaxation): 0.652376108204 Size:  3
Vacancy Formation Energy (Cell Structure Relaxation): 0.6522555105 Size:  3
Vacancy Formation Energy (Cell Structure Relaxation): 0.652352962495 Size:  3
Vacancy Formation Energy (Cell Structure Relaxation): 0.652230535588 Size:  3
Vacancy Formation Energy (Cell Structure Relaxation): 0.652318858604 Size:  3
Vacancy Formation Energy (Cell Structure Relaxation): 0.652242328786 Size:  3
Vacancy Formation Energy (Cell Structure Relaxation): 0.652304177399 Size:  3
Vacancy Formation Energy (Cell Structure Relaxation): 0.652246671414 Size:  3
Vacancy Formation Energy (Cell Structure Relaxation): 0.652254912279 Size:  3
Vacancy Formation Energy (Cell Structure Relaxation): 0.652276627026 Size:  3
Vacancy Formation Energy (Cell Structure Relaxation): 0.652309146109 Size:  3
Vacancy Formation Energy (Cell Structure Relaxation): 0.652242912355 Size:  3
Vacancy Formation Energy (Cell Structure Relaxation): 0.652277958979 Size:  3
Vacancy Formation Energy (Cell Structure Relaxation): 0.65223429015 Size:  3
Vacancy Formation Energy (Cell Structure Relaxation): 0.652291479774 Size:  3
Vacancy Formation Energy (Cell Structure Relaxation): 0.652237730233 Size:  3
Vacancy Formation Energy (Cell Structure Relaxation): 0.652272538757 Size:  3
Vacancy Formation Energy (Cell Structure Relaxation): 0.652232395146 Size:  3
Vacancy Formation Energy (Cell Structure Relaxation): 0.652268058113 Size:  3
Vacancy Formation Energy (Cell Structure Relaxation): 0.652236774813 Size:  3
Vacancy Formation Energy (Cell Structure Relaxation): 0.652240006114 Size:  3
Vacancy Formation Energy (Cell Structure Relaxation): 0.652243728223 Size:  3
Vacancy Formation Energy (Cell Structure Relaxation): 0.652242049898 Size:  3
Vacancy Formation Energy (Cell Structure Relaxation): 0.652223459092 Size:  3
Vacancy Formation Energy (Cell Structure Relaxation): 0.652243728223 Size:  3
Vacancy Formation Energy (Cell Structure Relaxation): 0.652247210643 Size:  3
Vacancy Formation Energy (Cell Structure Relaxation): 0.65224055573 Size:  3
Vacancy Formation Energy (Cell Structure Relaxation): 0.652223108003 Size:  3
Vacancy Formation Energy (Cell Structure Relaxation): 0.652235151325 Size:  3
Vacancy Formation Energy (Cell Structure Relaxation): 0.652228111248 Size:  3
Vacancy Formation Energy (Cell Structure Relaxation): 0.6522366306 Size:  3
Vacancy Formation Energy (Cell Structure Relaxation): 0.652225170578 Size:  3
Vacancy Formation Energy (Cell Structure Relaxation): 0.652241011397 Size:  3
Vacancy Formation Energy (Cell Structure Relaxation): 0.652232669281 Size:  3
Vacancy Formation Energy (Cell Structure Relaxation): 0.652245271767 Size:  3
Vacancy Formation Energy (Cell Structure Relaxation): 0.652230404571 Size:  3
Vacancy Formation Energy (Cell Structure Relaxation): 0.652233578236 Size:  3
Vacancy Formation Energy (Cell Structure Relaxation): 0.652229085898 Size:  3
Vacancy Formation Energy (Cell Structure Relaxation): 0.652228213003 Size:  3
Vacancy Formation Energy (Cell Structure Relaxation): 0.652226791841 Size:  3
Vacancy Formation Energy (Cell Structure Relaxation): 0.652232473299 Size:  3
Vacancy Formation Energy (Cell Structure Relaxation): 0.652226313739 Size:  3
Vacancy Formation Energy (Cell Structure Relaxation): 0.652232517213 Size:  3
Vacancy Formation Energy (Cell Structure Relaxation): 0.65222248812 Size:  3
Vacancy Formation Energy (Cell Structure Relaxation): 0.652228631883 Size:  3
Vacancy Formation Energy (Cell Structure Relaxation): 0.652226085181 Size:  3
Vacancy Formation Energy (Cell Structure Relaxation): 0.652230099531 Size:  3
Vacancy Formation Energy (Cell Structure Relaxation): 0.65222535774 Size:  3
Vacancy Formation Energy (Cell Structure Relaxation): 0.652222039519 Size:  3
Vacancy Formation Energy (Cell Structure Relaxation): 0.652228169738 Size:  3
Vacancy Formation Energy (Cell Structure Relaxation): 0.652228629313 Size:  3
Vacancy Formation Energy (Cell Structure Relaxation): 0.652224658416 Size:  3
Vacancy Formation Energy (Cell Structure Relaxation): 0.652229095976 Size:  3
Vacancy Formation Energy (Cell Structure Relaxation): 0.652224250959 Size:  3
Vacancy Formation Energy (Cell Structure Relaxation): 0.652246827881 Size:  3
Vacancy Formation Energy (Cell Structure Relaxation): 0.652223901637 Size:  3
Vacancy Formation Energy (Cell Structure Relaxation): 0.65222937111 Size:  3
Vacancy Formation Energy (Cell Structure Relaxation): 0.652223845594 Size:  3
Vacancy Formation Energy (Cell Structure Relaxation): 0.652225751475 Size:  3
Vacancy Formation Energy (Cell Structure Relaxation): 0.652223616078 Size:  3
Vacancy Formation Energy (Cell Structure Relaxation): 0.652226629595 Size:  3
Vacancy Formation Energy (Cell Structure Relaxation): 0.652223372757 Size:  3
Vacancy Formation Energy (Cell Structure Relaxation): 0.65222207699 Size:  3
Vacancy Formation Energy (Cell Structure Relaxation): 0.652229538135 Size:  3
Vacancy Formation Energy (Cell Structure Relaxation): 0.652223130073 Size:  3
Vacancy Formation Energy (Cell Structure Relaxation): 0.652222052465 Size:  3
Vacancy Formation Energy (Cell Structure Relaxation): 0.652221681847 Size:  3
Vacancy Formation Energy (Cell Structure Relaxation): 0.652228915539 Size:  3
Vacancy Formation Energy (Cell Structure Relaxation): 0.652229018112 Size:  3
Vacancy Formation Energy (Cell Structure Relaxation): 0.652222630243 Size:  3
Vacancy Formation Energy (Cell Structure Relaxation): 0.652229411838 Size:  3
Vacancy Formation Energy (Cell Structure Relaxation): 0.652222540726 Size:  3
Vacancy Formation Energy (Cell Structure Relaxation): 0.652221597198 Size:  3
Vacancy Formation Energy (Cell Structure Relaxation): 0.652221137725 Size:  3
Vacancy Formation Energy (Cell Structure Relaxation): 0.652225240895 Size:  3
Vacancy Formation Energy (Cell Structure Relaxation): 0.652222177742 Size:  3
Vacancy Formation Energy (Cell Structure Relaxation): 0.652229042448 Size:  3
Vacancy Formation Energy (Cell Structure Relaxation): 0.652222133604 Size:  3
Vacancy Formation Energy (Cell Structure Relaxation): 0.65222149072 Size:  3
Vacancy Formation Energy (Cell Structure Relaxation): 0.65222903451 Size:  3
Vacancy Formation Energy (Cell Structure Relaxation): 0.652221915478 Size:  3
Vacancy Formation Energy (Cell Structure Relaxation): 0.652225347045 Size:  3
Vacancy Formation Energy (Cell Structure Relaxation): 0.65222186101 Size:  3
Vacancy Formation Energy (Cell Structure Relaxation): 0.652229156619 Size:  3
Vacancy Formation Energy (Cell Structure Relaxation): 0.652221840738 Size:  3
Vacancy Formation Energy (Cell Structure Relaxation): 0.652221272527 Size:  3
Vacancy Formation Energy (Cell Structure Relaxation): 0.652228890091 Size:  3
Vacancy Formation Energy (Cell Structure Relaxation): 0.652221717113 Size:  3
Vacancy Formation Energy (Cell Structure Relaxation): 0.652225081425 Size:  3
Vacancy Formation Energy (Cell Structure Relaxation): 0.652221674873 Size:  3
Vacancy Formation Energy (Cell Structure Relaxation): 0.652228906354 Size:  3
Vacancy Formation Energy (Cell Structure Relaxation): 0.652221653978 Size:  3
Vacancy Formation Energy (Cell Structure Relaxation): 0.652221240011 Size:  3
Vacancy Formation Energy (Cell Structure Relaxation): 0.652225083007 Size:  3
Vacancy Formation Energy (Cell Structure Relaxation): 0.65222153041 Size:  3
Vacancy Formation Energy (Cell Structure Relaxation): 0.652221118097 Size:  3
Vacancy Formation Energy (Cell Structure Relaxation): 0.652224744012 Size:  3
Vacancy Formation Energy (Cell Structure Relaxation): 0.652228686671 Size:  3
Vacancy Formation Energy (Cell Structure Relaxation): 0.652221468348 Size:  3
Vacancy Formation Energy (Cell Structure Relaxation): 0.652224926081 Size:  3
Vacancy Formation Energy (Cell Structure Relaxation): 0.65222140233 Size:  3
Vacancy Formation Energy (Cell Structure Relaxation): 0.652228807303 Size:  3
Vacancy Formation Energy (Cell Structure Relaxation): 0.652221375999 Size:  3
Vacancy Formation Energy (Cell Structure Relaxation): 0.652228776675 Size:  3
Vacancy Formation Energy (Cell Structure Relaxation): 0.652221360103 Size:  3
Vacancy Formation Energy (Cell Structure Relaxation): 0.652221102211 Size:  3
Vacancy Formation Energy (Cell Structure Relaxation): 0.652224821077 Size:  3
Vacancy Formation Energy (Cell Structure Relaxation): 0.652228763519 Size:  3
Vacancy Formation Energy (Cell Structure Relaxation): 0.652221288022 Size:  3
Vacancy Formation Energy (Cell Structure Relaxation): 0.652221027955 Size:  3
Vacancy Formation Energy (Cell Structure Relaxation): 0.65222859477 Size:  3
Vacancy Formation Energy (Cell Structure Relaxation): 0.652228736364 Size:  3
Vacancy Formation Energy (Cell Structure Relaxation): 0.652221217067 Size:  3
Vacancy Formation Energy (Cell Structure Relaxation): 0.652221006584 Size:  3
Vacancy Formation Energy (Cell Structure Relaxation): 0.652228600914 Size:  3
Vacancy Formation Energy (Cell Structure Relaxation): 0.652224833286 Size:  3
Vacancy Formation Energy (Cell Structure Relaxation): 0.652221168215 Size:  3
Vacancy Formation Energy (Cell Structure Relaxation): 0.652228693828 Size:  3
Vacancy Formation Energy (Cell Structure Relaxation): 0.652221154287 Size:  3
Vacancy Formation Energy (Cell Structure Relaxation): 0.652221016366 Size:  3
Vacancy Formation Energy (Cell Structure Relaxation): 0.652220981551 Size:  3
Vacancy Formation Energy (Cell Structure Relaxation): 0.652224754681 Size:  3
Vacancy Formation Energy (Cell Structure Relaxation): 0.652224812291 Size:  3
Vacancy Formation Energy (Cell Structure Relaxation): 0.65222108833 Size:  3
Vacancy Formation Energy (Cell Structure Relaxation): 0.652220956792 Size:  3
Vacancy Formation Energy (Cell Structure Relaxation): 0.652228602553 Size:  3
Vacancy Formation Energy (Cell Structure Relaxation): 0.652228647078 Size:  3
Vacancy Formation Energy (Cell Structure Relaxation): 0.652221057082 Size:  3
Vacancy Formation Energy (Cell Structure Relaxation): 0.652220928214 Size:  3
Vacancy Formation Energy (Cell Structure Relaxation): 0.652232431782 Size:  3
Vacancy Formation Energy (Cell Structure Relaxation): 0.652228638562 Size:  3
Vacancy Formation Energy (Cell Structure Relaxation): 0.65222102124 Size:  3
Vacancy Formation Energy (Cell Structure Relaxation): 0.652220945048 Size:  3
Vacancy Formation Energy (Cell Structure Relaxation): 0.652220922834 Size:  3
Vacancy Formation Energy (Cell Structure Relaxation): 0.652224731028 Size:  3
Vacancy Formation Energy (Cell Structure Relaxation): 0.652228620219 Size:  3
Vacancy Formation Energy (Cell Structure Relaxation): 0.652220986227 Size:  3
Vacancy Formation Energy (Cell Structure Relaxation): 0.652224758176 Size:  3
Vacancy Formation Energy (Cell Structure Relaxation): 0.652220979488 Size:  3
Vacancy Formation Energy (Cell Structure Relaxation): 0.652224779383 Size:  3
Vacancy Formation Energy (Cell Structure Relaxation): 0.652220969003 Size:  3
Vacancy Formation Energy (Cell Structure Relaxation): 0.652220919062 Size:  3
Vacancy Formation Energy (Cell Structure Relaxation): 0.652220889372 Size:  3
Vacancy Formation Energy (Cell Structure Relaxation): 0.652224747426 Size:  3
Vacancy Formation Energy (Cell Structure Relaxation): 0.65222095688 Size:  3
Vacancy Formation Energy (Cell Structure Relaxation): 0.652220896542 Size:  3
Vacancy Formation Energy (Cell Structure Relaxation): 0.652220888632 Size:  3
Vacancy Formation Energy (Cell Structure Relaxation): 0.652224711941 Size:  3
Vacancy Formation Energy (Cell Structure Relaxation): 0.652224724667 Size:  3
Vacancy Formation Energy (Cell Structure Relaxation): 0.652220933727 Size:  3
Vacancy Formation Energy (Cell Structure Relaxation): 0.652228597928 Size:  3
Vacancy Formation Energy (Cell Structure Relaxation): 0.652220927147 Size:  3
Vacancy Formation Energy (Cell Structure Relaxation): 0.652224740068 Size:  3
Vacancy Formation Energy (Cell Structure Relaxation): 0.652220920949 Size:  3
Vacancy Formation Energy (Cell Structure Relaxation): 0.652220890555 Size:  3
Vacancy Formation Energy (Cell Structure Relaxation): 0.652224737111 Size:  3
Vacancy Formation Energy (Cell Structure Relaxation): 0.652220914033 Size:  3
Vacancy Formation Energy (Cell Structure Relaxation): 0.652220878778 Size:  3
Vacancy Formation Energy (Cell Structure Relaxation): 0.652220860079 Size:  3
Vacancy Formation Energy (Cell Structure Relaxation): 0.652220859378 Size:  3
Vacancy Formation Energy (Cell Structure Relaxation): 0.652220831874 Size:  3
Vacancy Formation Energy (Cell Structure Relaxation): 0.652224700786 Size:  3
Vacancy Formation Energy (Cell Structure Relaxation): 0.65222089413 Size:  3
Vacancy Formation Energy (Cell Structure Relaxation): 0.65222085647 Size:  3
Vacancy Formation Energy (Cell Structure Relaxation): 0.652220844856 Size:  3
Vacancy Formation Energy (Cell Structure Relaxation): 0.652220831441 Size:  3
Vacancy Formation Energy (Cell Structure Relaxation): 0.652224664743 Size:  3
Vacancy Formation Energy (Cell Structure Relaxation): 0.652220817793 Size:  3
Vacancy Formation Energy (Cell Structure Relaxation): 0.652220788873 Size:  3
Vacancy Formation Energy (Cell Structure Relaxation): 0.65222079793 Size:  3
Vacancy Formation Energy (Cell Structure Relaxation): 0.652224646418 Size:  3
Vacancy Formation Energy (Cell Structure Relaxation): 0.652220841241 Size:  3
Vacancy Formation Energy (Cell Structure Relaxation): 0.652224649258 Size:  3
Vacancy Formation Energy (Cell Structure Relaxation): 0.652220838358 Size:  3
Vacancy Formation Energy (Cell Structure Relaxation): 0.65222079711 Size:  3
Vacancy Formation Energy (Cell Structure Relaxation): 0.65222078611 Size:  3
Vacancy Formation Energy (Cell Structure Relaxation): 0.652224618694 Size:  3
Vacancy Formation Energy (Cell Structure Relaxation): 0.652220772414 Size:  3
Vacancy Formation Energy (Cell Structure Relaxation): 0.652224605932 Size:  3
Vacancy Formation Energy (Cell Structure Relaxation): 0.652220765096 Size:  3
Vacancy Formation Energy (Cell Structure Relaxation): 0.652220744236 Size:  3
Vacancy Formation Energy (Cell Structure Relaxation): 0.652220751627 Size:  3
Vacancy Formation Energy (Cell Structure Relaxation): 0.652224599029 Size:  3
Vacancy Formation Energy (Cell Structure Relaxation): 0.652220783718 Size:  3
Vacancy Formation Energy (Cell Structure Relaxation): 0.652220746498 Size:  3
Vacancy Formation Energy (Cell Structure Relaxation): 0.652220742655 Size:  3
Vacancy Formation Energy (Cell Structure Relaxation): 0.65222073357 Size:  3
Vacancy Formation Energy (Cell Structure Relaxation): 0.652224600326 Size:  3
Vacancy Formation Energy (Cell Structure Relaxation): 0.652220765912 Size:  3
Vacancy Formation Energy (Cell Structure Relaxation): 0.652220724063 Size:  3
Vacancy Formation Energy (Cell Structure Relaxation): 0.652228428459 Size:  3
Vacancy Formation Energy (Cell Structure Relaxation): 0.652220739799 Size:  3
Vacancy Formation Energy (Cell Structure Relaxation): 0.652220736002 Size:  3
Vacancy Formation Energy (Cell Structure Relaxation): 0.652224583215 Size:  3
Vacancy Formation Energy (Cell Structure Relaxation): 0.652220741677 Size:  3
Vacancy Formation Energy (Cell Structure Relaxation): 0.652220736356 Size:  3
Vacancy Formation Energy (Cell Structure Relaxation): 0.652220745494 Size:  3
Vacancy Formation Energy (Cell Structure Relaxation): 0.652220735513 Size:  3
Vacancy Formation Energy (Cell Structure Relaxation): 0.652224593115 Size:  3
Vacancy Formation Energy (Cell Structure Relaxation): 0.652220735716 Size:  3
Vacancy Formation Energy (Cell Structure Relaxation): 0.652224586626 Size:  3
Vacancy Formation Energy (Cell Structure Relaxation): 0.652220735296 Size:  3
Vacancy Formation Energy (Cell Structure Relaxation): 0.652220739281 Size:  3
Vacancy Formation Energy (Cell Structure Relaxation): 0.652220732665 Size:  3
Vacancy Formation Energy (Cell Structure Relaxation): 0.652220739651 Size:  3
Vacancy Formation Energy (Cell Structure Relaxation): 0.652220732538 Size:  3
Vacancy Formation Energy (Cell Structure Relaxation): 0.652224589386 Size:  3
Vacancy Formation Energy (Cell Structure Relaxation): 0.652220733424 Size:  3
Vacancy Formation Energy (Cell Structure Relaxation): 0.652220731345 Size:  3
Vacancy Formation Energy (Cell Structure Relaxation): 0.652224587417 Size:  3
Vacancy Formation Energy (Cell Structure Relaxation): 0.652220732768 Size:  3
Vacancy Formation Energy (Cell Structure Relaxation): 0.652220728131 Size:  3
Vacancy Formation Energy (Cell Structure Relaxation): 0.652220727446 Size:  3
Vacancy Formation Energy (Cell Structure Relaxation): 0.652220724415 Size:  3
Vacancy Formation Energy (Cell Structure Relaxation): 0.65222457809 Size:  3
Vacancy Formation Energy (Cell Structure Relaxation): 0.652220729833 Size:  3
Vacancy Formation Energy (Cell Structure Relaxation): 0.652224577256 Size:  3
Vacancy Formation Energy (Cell Structure Relaxation): 0.652220729548 Size:  3
Vacancy Formation Energy (Cell Structure Relaxation): 0.65222072263 Size:  3
Vacancy Formation Energy (Cell Structure Relaxation): 0.652220720151 Size:  3
Vacancy Formation Energy (Cell Structure Relaxation): 0.652224576128 Size:  3
Vacancy Formation Energy (Cell Structure Relaxation): 0.652220727071 Size:  3
Vacancy Formation Energy (Cell Structure Relaxation): 0.652224575517 Size:  3
Vacancy Formation Energy (Cell Structure Relaxation): 0.652220726747 Size:  3
Vacancy Formation Energy (Cell Structure Relaxation): 0.65222458271 Size:  3
Vacancy Formation Energy (Cell Structure Relaxation): 0.652220725857 Size:  3
Vacancy Formation Energy (Cell Structure Relaxation): 0.652220724325 Size:  3
Vacancy Formation Energy (Cell Structure Relaxation): 0.652220720722 Size:  3
Vacancy Formation Energy (Cell Structure Relaxation): 0.652224576546 Size:  3
Vacancy Formation Energy (Cell Structure Relaxation): 0.65222072426 Size:  3
Vacancy Formation Energy (Cell Structure Relaxation): 0.652220721509 Size:  3
Vacancy Formation Energy (Cell Structure Relaxation): 0.652224586218 Size:  3
Vacancy Formation Energy (Cell Structure Relaxation): 0.652220722098 Size:  3
Vacancy Formation Energy (Cell Structure Relaxation): 0.652220719458 Size:  3
Vacancy Formation Energy (Cell Structure Relaxation): 0.652220717692 Size:  3
Vacancy Formation Energy (Cell Structure Relaxation): 0.652224574991 Size:  3
Vacancy Formation Energy (Cell Structure Relaxation): 0.652220722214 Size:  3
Vacancy Formation Energy (Cell Structure Relaxation): 0.652220717503 Size:  3
Vacancy Formation Energy (Cell Structure Relaxation): 0.652224572307 Size:  3
Vacancy Formation Energy (Cell Structure Relaxation): 0.652224573374 Size:  3
Vacancy Formation Energy (Cell Structure Relaxation): 0.65222072082 Size:  3
Vacancy Formation Energy (Cell Structure Relaxation): 0.652224574168 Size:  3
Vacancy Formation Energy (Cell Structure Relaxation): 0.652220720572 Size:  3
Vacancy Formation Energy (Cell Structure Relaxation): 0.652220720953 Size:  3
Vacancy Formation Energy (Cell Structure Relaxation): 0.652220719709 Size:  3
Vacancy Formation Energy (Cell Structure Relaxation): 0.652224574165 Size:  3
Vacancy Formation Energy (Cell Structure Relaxation): 0.652220719974 Size:  3
Vacancy Formation Energy (Cell Structure Relaxation): 0.652220718821 Size:  3
Vacancy Formation Energy (Cell Structure Relaxation): 0.652220717047 Size:  3
Vacancy Formation Energy (Cell Structure Relaxation): 0.65222457212 Size:  3
Vacancy Formation Energy (Cell Structure Relaxation): 0.652224580625 Size:  3
Vacancy Formation Energy (Cell Structure Relaxation): 0.652220718984 Size:  3
Optimization terminated successfully.
         Current function value: 0.652221
         Iterations: 185
         Function evaluations: 335
Summary:
Vacancy Formation Energy: 0.652220717047
Unrelaxed Cell Volume: 1793.85344339
Relaxed Cell Volume: 1788.38933147
Relaxation Volume: 5.46411191765
Relaxed Cell Vector:
[  1.21379288e+01   1.51394126e-04   1.21377175e+01  -1.15261312e-05
   1.26463846e-04   1.21389315e+01]
Unrelaxed Cell Vector:
[12.15054205305, 0.0, 12.15054205305, 0.0, 0.0, 12.15054205305]
Relaxed Cell:
[[  1.21379288e+01   0.00000000e+00   0.00000000e+00]
 [  1.51394126e-04   1.21377175e+01   0.00000000e+00]
 [ -1.15261312e-05   1.26463846e-04   1.21389315e+01]]
Unrelaxed Cell:
[[ 12.15054205   0.           0.        ]
 [  0.          12.15054205   0.        ]
 [  0.           0.          12.15054205]]
