Imported bulk from ase.lattice
Parameters Input: Al sc EAM_Dynamo_Mishin_Farkas_Al__MO_651801486679_001 [2.74067516435]
CELL_SIZE_MIN: 6
CELL_SIZE_MAX: 8
Smallest System Size: 216
Largest System Size: 512

[Calculation]

Supercell Size: 6
Unrelaxed Cell:
[[ 16.44405099   0.           0.        ]
 [  0.          16.44405099   0.        ]
 [  0.           0.          16.44405099]]
Unrelaxed Cell Vector:
[16.444050986099999, 0.0, 16.444050986099999, 0.0, 0.0, 16.444050986099999]
Vacancy Formation Energy (Cell Structure Relaxation): -11.3985214406 Size:  6
Vacancy Formation Energy (Cell Structure Relaxation): -32.2780367502 Size:  6
Vacancy Formation Energy (Cell Structure Relaxation): -41.9522748571 Size:  6
Vacancy Formation Energy (Cell Structure Relaxation): -33.9159862247 Size:  6
Vacancy Formation Energy (Cell Structure Relaxation): -43.4097368913 Size:  6
Vacancy Formation Energy (Cell Structure Relaxation): -43.4097533038 Size:  6
Vacancy Formation Energy (Cell Structure Relaxation): -34.0393016155 Size:  6
Vacancy Formation Energy (Cell Structure Relaxation): -34.108000358 Size:  6
Vacancy Formation Energy (Cell Structure Relaxation): -44.128812101 Size:  6
Vacancy Formation Energy (Cell Structure Relaxation): -50.032269924 Size:  6
Vacancy Formation Energy (Cell Structure Relaxation): -49.9263451287 Size:  6
Vacancy Formation Energy (Cell Structure Relaxation): -53.2456729683 Size:  6
Vacancy Formation Energy (Cell Structure Relaxation): -61.5724530495 Size:  6
Vacancy Formation Energy (Cell Structure Relaxation): -61.5436834807 Size:  6
Vacancy Formation Energy (Cell Structure Relaxation): -60.1218281752 Size:  6
Vacancy Formation Energy (Cell Structure Relaxation): -63.396427209 Size:  6
Vacancy Formation Energy (Cell Structure Relaxation): -68.9073563105 Size:  6
Vacancy Formation Energy (Cell Structure Relaxation): -68.9075547173 Size:  6
Vacancy Formation Energy (Cell Structure Relaxation): -58.6443010285 Size:  6
Vacancy Formation Energy (Cell Structure Relaxation): -68.130379511 Size:  6
Vacancy Formation Energy (Cell Structure Relaxation): -64.5784852753 Size:  6
Vacancy Formation Energy (Cell Structure Relaxation): -64.5935077008 Size:  6
Vacancy Formation Energy (Cell Structure Relaxation): -56.9339907768 Size:  6
Vacancy Formation Energy (Cell Structure Relaxation): -68.6948726685 Size:  6
Vacancy Formation Energy (Cell Structure Relaxation): -49.9398203189 Size:  6
Vacancy Formation Energy (Cell Structure Relaxation): -67.4537381195 Size:  6
Vacancy Formation Energy (Cell Structure Relaxation): -66.4256991012 Size:  6
Vacancy Formation Energy (Cell Structure Relaxation): -60.636224791 Size:  6
Vacancy Formation Energy (Cell Structure Relaxation): -69.0893708243 Size:  6
Vacancy Formation Energy (Cell Structure Relaxation): -65.5294725301 Size:  6
Vacancy Formation Energy (Cell Structure Relaxation): -69.1485005645 Size:  6
Vacancy Formation Energy (Cell Structure Relaxation): -68.5627019577 Size:  6
Vacancy Formation Energy (Cell Structure Relaxation): -67.8697331471 Size:  6
Vacancy Formation Energy (Cell Structure Relaxation): -69.8064199012 Size:  6
Vacancy Formation Energy (Cell Structure Relaxation): -68.0098713471 Size:  6
Vacancy Formation Energy (Cell Structure Relaxation): -69.3470938739 Size:  6
Vacancy Formation Energy (Cell Structure Relaxation): -67.4455364945 Size:  6
Vacancy Formation Energy (Cell Structure Relaxation): -69.5134378945 Size:  6
Vacancy Formation Energy (Cell Structure Relaxation): -69.9530738486 Size:  6
Vacancy Formation Energy (Cell Structure Relaxation): -69.6117145528 Size:  6
Vacancy Formation Energy (Cell Structure Relaxation): -69.7899704922 Size:  6
Vacancy Formation Energy (Cell Structure Relaxation): -69.0599500051 Size:  6
Vacancy Formation Energy (Cell Structure Relaxation): -69.8058309264 Size:  6
Vacancy Formation Energy (Cell Structure Relaxation): -68.2625928317 Size:  6
Vacancy Formation Energy (Cell Structure Relaxation): -69.8634346332 Size:  6
Vacancy Formation Energy (Cell Structure Relaxation): -69.293594356 Size:  6
Vacancy Formation Energy (Cell Structure Relaxation): -69.8997240456 Size:  6
Vacancy Formation Energy (Cell Structure Relaxation): -69.1175275416 Size:  6
Vacancy Formation Energy (Cell Structure Relaxation): -69.8623728482 Size:  6
Vacancy Formation Energy (Cell Structure Relaxation): -69.7361088293 Size:  6
Vacancy Formation Energy (Cell Structure Relaxation): -69.9585538542 Size:  6
Vacancy Formation Energy (Cell Structure Relaxation): -69.9452279045 Size:  6
Vacancy Formation Energy (Cell Structure Relaxation): -69.6531920295 Size:  6
Vacancy Formation Energy (Cell Structure Relaxation): -70.0064616933 Size:  6
Vacancy Formation Energy (Cell Structure Relaxation): -69.9665403038 Size:  6
Vacancy Formation Energy (Cell Structure Relaxation): -69.691536784 Size:  6
Vacancy Formation Energy (Cell Structure Relaxation): -70.0215901032 Size:  6
Vacancy Formation Energy (Cell Structure Relaxation): -69.8875226026 Size:  6
Vacancy Formation Energy (Cell Structure Relaxation): -70.0283082948 Size:  6
Vacancy Formation Energy (Cell Structure Relaxation): -69.797772933 Size:  6
Vacancy Formation Energy (Cell Structure Relaxation): -70.0495682685 Size:  6
Vacancy Formation Energy (Cell Structure Relaxation): -70.0086952113 Size:  6
Vacancy Formation Energy (Cell Structure Relaxation): -69.9332490528 Size:  6
Vacancy Formation Energy (Cell Structure Relaxation): -70.0350800817 Size:  6
Vacancy Formation Energy (Cell Structure Relaxation): -69.9757963806 Size:  6
Vacancy Formation Energy (Cell Structure Relaxation): -70.0392984141 Size:  6
Vacancy Formation Energy (Cell Structure Relaxation): -69.9966921863 Size:  6
Vacancy Formation Energy (Cell Structure Relaxation): -70.0421503017 Size:  6
Vacancy Formation Energy (Cell Structure Relaxation): -70.0033800974 Size:  6
Vacancy Formation Energy (Cell Structure Relaxation): -70.0319566347 Size:  6
Vacancy Formation Energy (Cell Structure Relaxation): -70.012266911 Size:  6
Vacancy Formation Energy (Cell Structure Relaxation): -70.0595139717 Size:  6
Vacancy Formation Energy (Cell Structure Relaxation): -70.036923755 Size:  6
Vacancy Formation Energy (Cell Structure Relaxation): -70.0311732246 Size:  6
Vacancy Formation Energy (Cell Structure Relaxation): -70.065521021 Size:  6
Vacancy Formation Energy (Cell Structure Relaxation): -70.0169640241 Size:  6
Vacancy Formation Energy (Cell Structure Relaxation): -70.0657482006 Size:  6
Vacancy Formation Energy (Cell Structure Relaxation): -70.0482621105 Size:  6
Vacancy Formation Energy (Cell Structure Relaxation): -70.0412872608 Size:  6
Vacancy Formation Energy (Cell Structure Relaxation): -70.0616843742 Size:  6
Vacancy Formation Energy (Cell Structure Relaxation): -70.0579278733 Size:  6
Vacancy Formation Energy (Cell Structure Relaxation): -70.0203630523 Size:  6
Vacancy Formation Energy (Cell Structure Relaxation): -70.0661238851 Size:  6
Vacancy Formation Energy (Cell Structure Relaxation): -70.0626683273 Size:  6
Vacancy Formation Energy (Cell Structure Relaxation): -70.0544052857 Size:  6
Vacancy Formation Energy (Cell Structure Relaxation): -70.0667665282 Size:  6
Vacancy Formation Energy (Cell Structure Relaxation): -70.0544468221 Size:  6
Vacancy Formation Energy (Cell Structure Relaxation): -70.0688866073 Size:  6
Vacancy Formation Energy (Cell Structure Relaxation): -70.065814427 Size:  6
Vacancy Formation Energy (Cell Structure Relaxation): -70.0617286596 Size:  6
Vacancy Formation Energy (Cell Structure Relaxation): -70.0680388197 Size:  6
Vacancy Formation Energy (Cell Structure Relaxation): -70.0688225592 Size:  6
Vacancy Formation Energy (Cell Structure Relaxation): -70.0547430344 Size:  6
Vacancy Formation Energy (Cell Structure Relaxation): -70.0698532336 Size:  6
Vacancy Formation Energy (Cell Structure Relaxation): -70.066331989 Size:  6
Vacancy Formation Energy (Cell Structure Relaxation): -70.0678047269 Size:  6
Vacancy Formation Energy (Cell Structure Relaxation): -70.0663198633 Size:  6
Vacancy Formation Energy (Cell Structure Relaxation): -70.0691635763 Size:  6
Vacancy Formation Energy (Cell Structure Relaxation): -70.0673644141 Size:  6
Vacancy Formation Energy (Cell Structure Relaxation): -70.0695622472 Size:  6
Vacancy Formation Energy (Cell Structure Relaxation): -70.0657240089 Size:  6
Vacancy Formation Energy (Cell Structure Relaxation): -70.069796797 Size:  6
Vacancy Formation Energy (Cell Structure Relaxation): -70.0677459464 Size:  6
Vacancy Formation Energy (Cell Structure Relaxation): -70.0696981057 Size:  6
Vacancy Formation Energy (Cell Structure Relaxation): -70.0675418938 Size:  6
Vacancy Formation Energy (Cell Structure Relaxation): -70.069977556 Size:  6
Vacancy Formation Energy (Cell Structure Relaxation): -70.0673483183 Size:  6
Vacancy Formation Energy (Cell Structure Relaxation): -70.0699982052 Size:  6
Vacancy Formation Energy (Cell Structure Relaxation): -70.0691262942 Size:  6
Vacancy Formation Energy (Cell Structure Relaxation): -70.0699290016 Size:  6
Vacancy Formation Energy (Cell Structure Relaxation): -70.0696198764 Size:  6
Vacancy Formation Energy (Cell Structure Relaxation): -70.0700546665 Size:  6
Vacancy Formation Energy (Cell Structure Relaxation): -70.0692917439 Size:  6
Vacancy Formation Energy (Cell Structure Relaxation): -70.0701060789 Size:  6
Vacancy Formation Energy (Cell Structure Relaxation): -70.0697834709 Size:  6
Vacancy Formation Energy (Cell Structure Relaxation): -70.0700950585 Size:  6
Vacancy Formation Energy (Cell Structure Relaxation): -70.0697340876 Size:  6
Vacancy Formation Energy (Cell Structure Relaxation): -70.0701211535 Size:  6
Vacancy Formation Energy (Cell Structure Relaxation): -70.0700675247 Size:  6
Vacancy Formation Energy (Cell Structure Relaxation): -70.0696346247 Size:  6
Vacancy Formation Energy (Cell Structure Relaxation): -70.0701842164 Size:  6
Vacancy Formation Energy (Cell Structure Relaxation): -70.0700041877 Size:  6
Vacancy Formation Energy (Cell Structure Relaxation): -70.0701599566 Size:  6
Vacancy Formation Energy (Cell Structure Relaxation): -70.0699742327 Size:  6
Vacancy Formation Energy (Cell Structure Relaxation): -70.070179798 Size:  6
Vacancy Formation Energy (Cell Structure Relaxation): -70.0698525161 Size:  6
Vacancy Formation Energy (Cell Structure Relaxation): -70.0701934083 Size:  6
Vacancy Formation Energy (Cell Structure Relaxation): -70.070118772 Size:  6
Vacancy Formation Energy (Cell Structure Relaxation): -70.0700608929 Size:  6
Vacancy Formation Energy (Cell Structure Relaxation): -70.0701887604 Size:  6
Vacancy Formation Energy (Cell Structure Relaxation): -70.0700728538 Size:  6
Vacancy Formation Energy (Cell Structure Relaxation): -70.07019202 Size:  6
Vacancy Formation Energy (Cell Structure Relaxation): -70.070143987 Size:  6
Vacancy Formation Energy (Cell Structure Relaxation): -70.070198668 Size:  6
Vacancy Formation Energy (Cell Structure Relaxation): -70.0701434951 Size:  6
Vacancy Formation Energy (Cell Structure Relaxation): -70.0702022416 Size:  6
Vacancy Formation Energy (Cell Structure Relaxation): -70.0700831185 Size:  6
Vacancy Formation Energy (Cell Structure Relaxation): -70.0702134132 Size:  6
Vacancy Formation Energy (Cell Structure Relaxation): -70.0702080658 Size:  6
Vacancy Formation Energy (Cell Structure Relaxation): -70.0701871952 Size:  6
Vacancy Formation Energy (Cell Structure Relaxation): -70.0702089665 Size:  6
Vacancy Formation Energy (Cell Structure Relaxation): -70.0702013179 Size:  6
Vacancy Formation Energy (Cell Structure Relaxation): -70.070186824 Size:  6
Vacancy Formation Energy (Cell Structure Relaxation): -70.0702117377 Size:  6
Vacancy Formation Energy (Cell Structure Relaxation): -70.0701855579 Size:  6
Vacancy Formation Energy (Cell Structure Relaxation): -70.0702136169 Size:  6
Vacancy Formation Energy (Cell Structure Relaxation): -70.0701924513 Size:  6
Vacancy Formation Energy (Cell Structure Relaxation): -70.0702138299 Size:  6
Vacancy Formation Energy (Cell Structure Relaxation): -70.0701967259 Size:  6
Vacancy Formation Energy (Cell Structure Relaxation): -70.0702137745 Size:  6
Vacancy Formation Energy (Cell Structure Relaxation): -70.0702024661 Size:  6
Vacancy Formation Energy (Cell Structure Relaxation): -70.0702151959 Size:  6
Vacancy Formation Energy (Cell Structure Relaxation): -70.0702035378 Size:  6
Vacancy Formation Energy (Cell Structure Relaxation): -70.0702153737 Size:  6
Vacancy Formation Energy (Cell Structure Relaxation): -70.0702088068 Size:  6
Vacancy Formation Energy (Cell Structure Relaxation): -70.0702158002 Size:  6
Vacancy Formation Energy (Cell Structure Relaxation): -70.070214993 Size:  6
Vacancy Formation Energy (Cell Structure Relaxation): -70.0702132831 Size:  6
Vacancy Formation Energy (Cell Structure Relaxation): -70.0702162058 Size:  6
Vacancy Formation Energy (Cell Structure Relaxation): -70.0702144359 Size:  6
Vacancy Formation Energy (Cell Structure Relaxation): -70.0702110194 Size:  6
Vacancy Formation Energy (Cell Structure Relaxation): -70.0702165539 Size:  6
Vacancy Formation Energy (Cell Structure Relaxation): -70.070213519 Size:  6
Vacancy Formation Energy (Cell Structure Relaxation): -70.0702165247 Size:  6
Vacancy Formation Energy (Cell Structure Relaxation): -70.0702127055 Size:  6
Vacancy Formation Energy (Cell Structure Relaxation): -70.0702167737 Size:  6
Vacancy Formation Energy (Cell Structure Relaxation): -70.0702125025 Size:  6
Vacancy Formation Energy (Cell Structure Relaxation): -70.0702168271 Size:  6
Vacancy Formation Energy (Cell Structure Relaxation): -70.0702149361 Size:  6
Vacancy Formation Energy (Cell Structure Relaxation): -70.0702166549 Size:  6
Vacancy Formation Energy (Cell Structure Relaxation): -70.0702160328 Size:  6
Vacancy Formation Energy (Cell Structure Relaxation): -70.0702168286 Size:  6
Vacancy Formation Energy (Cell Structure Relaxation): -70.070216917 Size:  6
Vacancy Formation Energy (Cell Structure Relaxation): -70.0702155976 Size:  6
Vacancy Formation Energy (Cell Structure Relaxation): -70.0702166413 Size:  6
Vacancy Formation Energy (Cell Structure Relaxation): -70.0702152636 Size:  6
Vacancy Formation Energy (Cell Structure Relaxation): -70.0702171308 Size:  6
Vacancy Formation Energy (Cell Structure Relaxation): -70.0702165642 Size:  6
Vacancy Formation Energy (Cell Structure Relaxation): -70.0702170353 Size:  6
Vacancy Formation Energy (Cell Structure Relaxation): -70.0702175373 Size:  6
Vacancy Formation Energy (Cell Structure Relaxation): -70.0702176089 Size:  6
Vacancy Formation Energy (Cell Structure Relaxation): -70.0702148313 Size:  6
Vacancy Formation Energy (Cell Structure Relaxation): -70.0702173554 Size:  6
Vacancy Formation Energy (Cell Structure Relaxation): -70.0702177299 Size:  6
Vacancy Formation Energy (Cell Structure Relaxation): -70.0702179556 Size:  6
Vacancy Formation Energy (Cell Structure Relaxation): -70.0702174644 Size:  6
Vacancy Formation Energy (Cell Structure Relaxation): -70.0702174629 Size:  6
Vacancy Formation Energy (Cell Structure Relaxation): -70.0702176883 Size:  6
Vacancy Formation Energy (Cell Structure Relaxation): -70.0702184252 Size:  6
Vacancy Formation Energy (Cell Structure Relaxation): -70.0702189099 Size:  6
Vacancy Formation Energy (Cell Structure Relaxation): -70.0702177459 Size:  6
Vacancy Formation Energy (Cell Structure Relaxation): -70.0702180926 Size:  6
Vacancy Formation Energy (Cell Structure Relaxation): -70.0702188352 Size:  6
Vacancy Formation Energy (Cell Structure Relaxation): -70.0702181641 Size:  6
Vacancy Formation Energy (Cell Structure Relaxation): -70.0702193367 Size:  6
Vacancy Formation Energy (Cell Structure Relaxation): -70.0702200421 Size:  6
Vacancy Formation Energy (Cell Structure Relaxation): -70.070219554 Size:  6
Vacancy Formation Energy (Cell Structure Relaxation): -70.0702198943 Size:  6
Vacancy Formation Energy (Cell Structure Relaxation): -70.0702193809 Size:  6
Vacancy Formation Energy (Cell Structure Relaxation): -70.0702207409 Size:  6
Vacancy Formation Energy (Cell Structure Relaxation): -70.070221309 Size:  6
Vacancy Formation Energy (Cell Structure Relaxation): -70.0702209928 Size:  6
Vacancy Formation Energy (Cell Structure Relaxation): -70.0702222546 Size:  6
Vacancy Formation Energy (Cell Structure Relaxation): -70.0702239085 Size:  6
Vacancy Formation Energy (Cell Structure Relaxation): -70.0702212662 Size:  6
Vacancy Formation Energy (Cell Structure Relaxation): -70.0702227653 Size:  6
Vacancy Formation Energy (Cell Structure Relaxation): -70.070222677 Size:  6
Vacancy Formation Energy (Cell Structure Relaxation): -70.0702243485 Size:  6
Vacancy Formation Energy (Cell Structure Relaxation): -70.0702255718 Size:  6
Vacancy Formation Energy (Cell Structure Relaxation): -70.0702238446 Size:  6
Vacancy Formation Energy (Cell Structure Relaxation): -70.0702259231 Size:  6
Vacancy Formation Energy (Cell Structure Relaxation): -70.0702275149 Size:  6
Vacancy Formation Energy (Cell Structure Relaxation): -70.070228263 Size:  6
Vacancy Formation Energy (Cell Structure Relaxation): -70.0702311393 Size:  6
Vacancy Formation Energy (Cell Structure Relaxation): -70.0702302109 Size:  6
Vacancy Formation Energy (Cell Structure Relaxation): -70.0702304866 Size:  6
Vacancy Formation Energy (Cell Structure Relaxation): -70.0702315014 Size:  6
Vacancy Formation Energy (Cell Structure Relaxation): -70.0702322163 Size:  6
Vacancy Formation Energy (Cell Structure Relaxation): -70.0702335136 Size:  6
Vacancy Formation Energy (Cell Structure Relaxation): -70.0702331248 Size:  6
Vacancy Formation Energy (Cell Structure Relaxation): -70.0702370597 Size:  6
Vacancy Formation Energy (Cell Structure Relaxation): -70.0702409755 Size:  6
Vacancy Formation Energy (Cell Structure Relaxation): -70.0702407999 Size:  6
Vacancy Formation Energy (Cell Structure Relaxation): -70.0702373023 Size:  6
Vacancy Formation Energy (Cell Structure Relaxation): -70.0702388933 Size:  6
Vacancy Formation Energy (Cell Structure Relaxation): -70.0702391967 Size:  6
Vacancy Formation Energy (Cell Structure Relaxation): -70.0702442371 Size:  6
Vacancy Formation Energy (Cell Structure Relaxation): -70.0702459248 Size:  6
Vacancy Formation Energy (Cell Structure Relaxation): -70.0702455452 Size:  6
Vacancy Formation Energy (Cell Structure Relaxation): -70.0702491702 Size:  6
Vacancy Formation Energy (Cell Structure Relaxation): -70.0702532745 Size:  6
Vacancy Formation Energy (Cell Structure Relaxation): -70.0702535727 Size:  6
Vacancy Formation Energy (Cell Structure Relaxation): -70.0702599712 Size:  6
Vacancy Formation Energy (Cell Structure Relaxation): -70.0702555608 Size:  6
Vacancy Formation Energy (Cell Structure Relaxation): -70.0702579418 Size:  6
Vacancy Formation Energy (Cell Structure Relaxation): -70.0702616571 Size:  6
Vacancy Formation Energy (Cell Structure Relaxation): -70.0702610755 Size:  6
Vacancy Formation Energy (Cell Structure Relaxation): -70.0702630475 Size:  6
Vacancy Formation Energy (Cell Structure Relaxation): -70.0702616516 Size:  6
Vacancy Formation Energy (Cell Structure Relaxation): -70.0702722732 Size:  6
Vacancy Formation Energy (Cell Structure Relaxation): -70.0702804172 Size:  6
Vacancy Formation Energy (Cell Structure Relaxation): -70.0702733718 Size:  6
Vacancy Formation Energy (Cell Structure Relaxation): -70.0702758167 Size:  6
Vacancy Formation Energy (Cell Structure Relaxation): -70.0702834972 Size:  6
Vacancy Formation Energy (Cell Structure Relaxation): -70.0702923738 Size:  6
Vacancy Formation Energy (Cell Structure Relaxation): -70.0702855351 Size:  6
Vacancy Formation Energy (Cell Structure Relaxation): -70.0703006406 Size:  6
Vacancy Formation Energy (Cell Structure Relaxation): -70.0703175227 Size:  6
Vacancy Formation Energy (Cell Structure Relaxation): -70.0703158482 Size:  6
Vacancy Formation Energy (Cell Structure Relaxation): -70.0703172233 Size:  6
Vacancy Formation Energy (Cell Structure Relaxation): -70.0703199271 Size:  6
Vacancy Formation Energy (Cell Structure Relaxation): -70.070321766 Size:  6
Vacancy Formation Energy (Cell Structure Relaxation): -70.0703290953 Size:  6
Vacancy Formation Energy (Cell Structure Relaxation): -70.0703256134 Size:  6
Vacancy Formation Energy (Cell Structure Relaxation): -70.0703498291 Size:  6
Vacancy Formation Energy (Cell Structure Relaxation): -70.070369031 Size:  6
Vacancy Formation Energy (Cell Structure Relaxation): -70.0703645025 Size:  6
Vacancy Formation Energy (Cell Structure Relaxation): -70.0703437155 Size:  6
Vacancy Formation Energy (Cell Structure Relaxation): -70.0703420822 Size:  6
Vacancy Formation Energy (Cell Structure Relaxation): -70.0703516608 Size:  6
Vacancy Formation Energy (Cell Structure Relaxation): -70.0703905649 Size:  6
Vacancy Formation Energy (Cell Structure Relaxation): -70.0704179524 Size:  6
Vacancy Formation Energy (Cell Structure Relaxation): -70.0703633274 Size:  6
Vacancy Formation Energy (Cell Structure Relaxation): -70.0704068049 Size:  6
Vacancy Formation Energy (Cell Structure Relaxation): -70.070431299 Size:  6
Vacancy Formation Energy (Cell Structure Relaxation): -70.0704719544 Size:  6
Vacancy Formation Energy (Cell Structure Relaxation): -70.0704491976 Size:  6
Vacancy Formation Energy (Cell Structure Relaxation): -70.0704216983 Size:  6
Vacancy Formation Energy (Cell Structure Relaxation): -70.0704813198 Size:  6
Vacancy Formation Energy (Cell Structure Relaxation): -70.0705131332 Size:  6
Vacancy Formation Energy (Cell Structure Relaxation): -70.0705494372 Size:  6
Vacancy Formation Energy (Cell Structure Relaxation): -70.0706353695 Size:  6
Vacancy Formation Energy (Cell Structure Relaxation): -70.0705738475 Size:  6
Vacancy Formation Energy (Cell Structure Relaxation): -70.0706107281 Size:  6
Vacancy Formation Energy (Cell Structure Relaxation): -70.070599299 Size:  6
Vacancy Formation Energy (Cell Structure Relaxation): -70.0706814802 Size:  6
Vacancy Formation Energy (Cell Structure Relaxation): -70.0707537252 Size:  6
Vacancy Formation Energy (Cell Structure Relaxation): -70.0707488383 Size:  6
Vacancy Formation Energy (Cell Structure Relaxation): -70.0708285986 Size:  6
Vacancy Formation Energy (Cell Structure Relaxation): -70.0709765777 Size:  6
Vacancy Formation Energy (Cell Structure Relaxation): -70.0708676846 Size:  6
Vacancy Formation Energy (Cell Structure Relaxation): -70.0709549937 Size:  6
Vacancy Formation Energy (Cell Structure Relaxation): -70.0709582727 Size:  6
Vacancy Formation Energy (Cell Structure Relaxation): -70.0710754892 Size:  6
Vacancy Formation Energy (Cell Structure Relaxation): -70.0711812048 Size:  6
Vacancy Formation Energy (Cell Structure Relaxation): -70.0711610374 Size:  6
Vacancy Formation Energy (Cell Structure Relaxation): -70.071343871 Size:  6
Vacancy Formation Energy (Cell Structure Relaxation): -70.0716219057 Size:  6
Vacancy Formation Energy (Cell Structure Relaxation): -70.0714616315 Size:  6
Vacancy Formation Energy (Cell Structure Relaxation): -70.0713830509 Size:  6
Vacancy Formation Energy (Cell Structure Relaxation): -70.0716830829 Size:  6
Vacancy Formation Energy (Cell Structure Relaxation): -70.0719983222 Size:  6
Vacancy Formation Energy (Cell Structure Relaxation): -70.0717815026 Size:  6
Vacancy Formation Energy (Cell Structure Relaxation): -70.0719839133 Size:  6
Vacancy Formation Energy (Cell Structure Relaxation): -70.0722304022 Size:  6
Vacancy Formation Energy (Cell Structure Relaxation): -70.0726314919 Size:  6
Vacancy Formation Energy (Cell Structure Relaxation): -70.0725051507 Size:  6
Vacancy Formation Energy (Cell Structure Relaxation): -70.0726508245 Size:  6
Vacancy Formation Energy (Cell Structure Relaxation): -70.0729929067 Size:  6
Vacancy Formation Energy (Cell Structure Relaxation): -70.0729024953 Size:  6
Vacancy Formation Energy (Cell Structure Relaxation): -70.073212865 Size:  6
Vacancy Formation Energy (Cell Structure Relaxation): -70.0736485791 Size:  6
Vacancy Formation Energy (Cell Structure Relaxation): -70.0734129627 Size:  6
Vacancy Formation Energy (Cell Structure Relaxation): -70.0739343291 Size:  6
Vacancy Formation Energy (Cell Structure Relaxation): -70.0744019124 Size:  6
Vacancy Formation Energy (Cell Structure Relaxation): -70.0737963806 Size:  6
Vacancy Formation Energy (Cell Structure Relaxation): -70.074089133 Size:  6
Vacancy Formation Energy (Cell Structure Relaxation): -70.0739753874 Size:  6
Vacancy Formation Energy (Cell Structure Relaxation): -70.0742293663 Size:  6
Vacancy Formation Energy (Cell Structure Relaxation): -70.0743399285 Size:  6
Vacancy Formation Energy (Cell Structure Relaxation): -70.0734632145 Size:  6
Vacancy Formation Energy (Cell Structure Relaxation): -70.0741244108 Size:  6
Vacancy Formation Energy (Cell Structure Relaxation): -70.0745576412 Size:  6
Vacancy Formation Energy (Cell Structure Relaxation): -70.0745328612 Size:  6
Vacancy Formation Energy (Cell Structure Relaxation): -70.0747598882 Size:  6
Vacancy Formation Energy (Cell Structure Relaxation): -70.0749925225 Size:  6
Vacancy Formation Energy (Cell Structure Relaxation): -70.0747527015 Size:  6
Vacancy Formation Energy (Cell Structure Relaxation): -70.0746548985 Size:  6
Vacancy Formation Energy (Cell Structure Relaxation): -70.0750951755 Size:  6
Vacancy Formation Energy (Cell Structure Relaxation): -70.0752257402 Size:  6
Vacancy Formation Energy (Cell Structure Relaxation): -70.0753783579 Size:  6
Vacancy Formation Energy (Cell Structure Relaxation): -70.0756107108 Size:  6
Vacancy Formation Energy (Cell Structure Relaxation): -70.0756213698 Size:  6
Vacancy Formation Energy (Cell Structure Relaxation): -70.0757082016 Size:  6
Vacancy Formation Energy (Cell Structure Relaxation): -70.0757859277 Size:  6
Vacancy Formation Energy (Cell Structure Relaxation): -70.0755976816 Size:  6
Vacancy Formation Energy (Cell Structure Relaxation): -70.0759024041 Size:  6
Vacancy Formation Energy (Cell Structure Relaxation): -70.0755079128 Size:  6
Vacancy Formation Energy (Cell Structure Relaxation): -70.0757209515 Size:  6
Vacancy Formation Energy (Cell Structure Relaxation): -70.0764312809 Size:  6
Vacancy Formation Energy (Cell Structure Relaxation): -70.0764490563 Size:  6
Vacancy Formation Energy (Cell Structure Relaxation): -70.0767234035 Size:  6
Vacancy Formation Energy (Cell Structure Relaxation): -70.076661219 Size:  6
Vacancy Formation Energy (Cell Structure Relaxation): -70.0760682593 Size:  6
Vacancy Formation Energy (Cell Structure Relaxation): -70.0751940781 Size:  6
Vacancy Formation Energy (Cell Structure Relaxation): -70.0762862964 Size:  6
Vacancy Formation Energy (Cell Structure Relaxation): -70.0763922756 Size:  6
Vacancy Formation Energy (Cell Structure Relaxation): -70.0767588185 Size:  6
Vacancy Formation Energy (Cell Structure Relaxation): -70.0763232147 Size:  6
Vacancy Formation Energy (Cell Structure Relaxation): -70.0752486983 Size:  6
Vacancy Formation Energy (Cell Structure Relaxation): -70.0765199542 Size:  6
Vacancy Formation Energy (Cell Structure Relaxation): -70.0764848893 Size:  6
Vacancy Formation Energy (Cell Structure Relaxation): -70.0765610084 Size:  6
Vacancy Formation Energy (Cell Structure Relaxation): -70.0766117752 Size:  6
Vacancy Formation Energy (Cell Structure Relaxation): -70.0767012925 Size:  6
Vacancy Formation Energy (Cell Structure Relaxation): -70.0765769539 Size:  6
Vacancy Formation Energy (Cell Structure Relaxation): -70.0764704792 Size:  6
Vacancy Formation Energy (Cell Structure Relaxation): -70.0767494492 Size:  6
Vacancy Formation Energy (Cell Structure Relaxation): -70.0767056164 Size:  6
Vacancy Formation Energy (Cell Structure Relaxation): -70.0766066343 Size:  6
Vacancy Formation Energy (Cell Structure Relaxation): -70.0767897648 Size:  6
Vacancy Formation Energy (Cell Structure Relaxation): -70.076667631 Size:  6
Vacancy Formation Energy (Cell Structure Relaxation): -70.0768142847 Size:  6
Vacancy Formation Energy (Cell Structure Relaxation): -70.0764064391 Size:  6
Vacancy Formation Energy (Cell Structure Relaxation): -70.0768419426 Size:  6
Vacancy Formation Energy (Cell Structure Relaxation): -70.0765700964 Size:  6
Vacancy Formation Energy (Cell Structure Relaxation): -70.076825672 Size:  6
Vacancy Formation Energy (Cell Structure Relaxation): -70.0769590547 Size:  6
Vacancy Formation Energy (Cell Structure Relaxation): -70.0770076398 Size:  6
Vacancy Formation Energy (Cell Structure Relaxation): -70.0769572471 Size:  6
Vacancy Formation Energy (Cell Structure Relaxation): -70.0765164415 Size:  6
Vacancy Formation Energy (Cell Structure Relaxation): -70.0769055833 Size:  6
Vacancy Formation Energy (Cell Structure Relaxation): -70.0769739736 Size:  6
Vacancy Formation Energy (Cell Structure Relaxation): -70.0770221184 Size:  6
Vacancy Formation Energy (Cell Structure Relaxation): -70.0769903049 Size:  6
Vacancy Formation Energy (Cell Structure Relaxation): -70.076937119 Size:  6
Vacancy Formation Energy (Cell Structure Relaxation): -70.0768711463 Size:  6
Vacancy Formation Energy (Cell Structure Relaxation): -70.0769701407 Size:  6
Vacancy Formation Energy (Cell Structure Relaxation): -70.0769920631 Size:  6
Vacancy Formation Energy (Cell Structure Relaxation): -70.0769649264 Size:  6
Vacancy Formation Energy (Cell Structure Relaxation): -70.0770062891 Size:  6
Vacancy Formation Energy (Cell Structure Relaxation): -70.0769812412 Size:  6
Vacancy Formation Energy (Cell Structure Relaxation): -70.0770318264 Size:  6
Vacancy Formation Energy (Cell Structure Relaxation): -70.0769779159 Size:  6
Vacancy Formation Energy (Cell Structure Relaxation): -70.0770093883 Size:  6
Vacancy Formation Energy (Cell Structure Relaxation): -70.0769736175 Size:  6
Vacancy Formation Energy (Cell Structure Relaxation): -70.0770253958 Size:  6
Vacancy Formation Energy (Cell Structure Relaxation): -70.0769934295 Size:  6
Vacancy Formation Energy (Cell Structure Relaxation): -70.0770284152 Size:  6
Vacancy Formation Energy (Cell Structure Relaxation): -70.0769839776 Size:  6
Vacancy Formation Energy (Cell Structure Relaxation): -70.0770335771 Size:  6
Vacancy Formation Energy (Cell Structure Relaxation): -70.077008623 Size:  6
Vacancy Formation Energy (Cell Structure Relaxation): -70.0770324772 Size:  6
Vacancy Formation Energy (Cell Structure Relaxation): -70.0769825152 Size:  6
Vacancy Formation Energy (Cell Structure Relaxation): -70.0770350314 Size:  6
Vacancy Formation Energy (Cell Structure Relaxation): -70.077024327 Size:  6
Vacancy Formation Energy (Cell Structure Relaxation): -70.0770366149 Size:  6
Vacancy Formation Energy (Cell Structure Relaxation): -70.0770051401 Size:  6
Vacancy Formation Energy (Cell Structure Relaxation): -70.0770384149 Size:  6
Vacancy Formation Energy (Cell Structure Relaxation): -70.0770228645 Size:  6
Vacancy Formation Energy (Cell Structure Relaxation): -70.0770377003 Size:  6
Vacancy Formation Energy (Cell Structure Relaxation): -70.0770249905 Size:  6
Vacancy Formation Energy (Cell Structure Relaxation): -70.0770386161 Size:  6
Vacancy Formation Energy (Cell Structure Relaxation): -70.077033753 Size:  6
Vacancy Formation Energy (Cell Structure Relaxation): -70.077028196 Size:  6
Vacancy Formation Energy (Cell Structure Relaxation): -70.0770389979 Size:  6
Vacancy Formation Energy (Cell Structure Relaxation): -70.077032208 Size:  6
Vacancy Formation Energy (Cell Structure Relaxation): -70.0770386982 Size:  6
Vacancy Formation Energy (Cell Structure Relaxation): -70.077035628 Size:  6
Vacancy Formation Energy (Cell Structure Relaxation): -70.0770391699 Size:  6
Vacancy Formation Energy (Cell Structure Relaxation): -70.0770350437 Size:  6
Vacancy Formation Energy (Cell Structure Relaxation): -70.077039519 Size:  6
Vacancy Formation Energy (Cell Structure Relaxation): -70.0770361171 Size:  6
Vacancy Formation Energy (Cell Structure Relaxation): -70.0770397827 Size:  6
Vacancy Formation Energy (Cell Structure Relaxation): -70.0770319871 Size:  6
Vacancy Formation Energy (Cell Structure Relaxation): -70.0770403242 Size:  6
Vacancy Formation Energy (Cell Structure Relaxation): -70.0770384142 Size:  6
Vacancy Formation Energy (Cell Structure Relaxation): -70.077039764 Size:  6
Vacancy Formation Energy (Cell Structure Relaxation): -70.0770394884 Size:  6
Vacancy Formation Energy (Cell Structure Relaxation): -70.0770402199 Size:  6
Vacancy Formation Energy (Cell Structure Relaxation): -70.0770392205 Size:  6
Vacancy Formation Energy (Cell Structure Relaxation): -70.0770401327 Size:  6
Vacancy Formation Energy (Cell Structure Relaxation): -70.0770385146 Size:  6
Vacancy Formation Energy (Cell Structure Relaxation): -70.0770402806 Size:  6
Vacancy Formation Energy (Cell Structure Relaxation): -70.0770397798 Size:  6
Vacancy Formation Energy (Cell Structure Relaxation): -70.0770401138 Size:  6
Vacancy Formation Energy (Cell Structure Relaxation): -70.0770399321 Size:  6
Vacancy Formation Energy (Cell Structure Relaxation): -70.0770394406 Size:  6
Vacancy Formation Energy (Cell Structure Relaxation): -70.0770403733 Size:  6
Vacancy Formation Energy (Cell Structure Relaxation): -70.0770399601 Size:  6
Vacancy Formation Energy (Cell Structure Relaxation): -70.0770403946 Size:  6
Vacancy Formation Energy (Cell Structure Relaxation): -70.0770398999 Size:  6
Vacancy Formation Energy (Cell Structure Relaxation): -70.0770404513 Size:  6
Vacancy Formation Energy (Cell Structure Relaxation): -70.0770403161 Size:  6
Vacancy Formation Energy (Cell Structure Relaxation): -70.0770399086 Size:  6
Vacancy Formation Energy (Cell Structure Relaxation): -70.0770405041 Size:  6
Vacancy Formation Energy (Cell Structure Relaxation): -70.0770402875 Size:  6
Vacancy Formation Energy (Cell Structure Relaxation): -70.077040494 Size:  6
Vacancy Formation Energy (Cell Structure Relaxation): -70.0770403009 Size:  6
Vacancy Formation Energy (Cell Structure Relaxation): -70.0770405044 Size:  6
Vacancy Formation Energy (Cell Structure Relaxation): -70.0770396269 Size:  6
Vacancy Formation Energy (Cell Structure Relaxation): -70.0770405622 Size:  6
Vacancy Formation Energy (Cell Structure Relaxation): -70.0770403243 Size:  6
Vacancy Formation Energy (Cell Structure Relaxation): -70.0770405104 Size:  6
Vacancy Formation Energy (Cell Structure Relaxation): -70.0770405745 Size:  6
Vacancy Formation Energy (Cell Structure Relaxation): -70.0770404284 Size:  6
Vacancy Formation Energy (Cell Structure Relaxation): -70.077040452 Size:  6
Vacancy Formation Energy (Cell Structure Relaxation): -70.0770405459 Size:  6
Vacancy Formation Energy (Cell Structure Relaxation): -70.0770405622 Size:  6
Vacancy Formation Energy (Cell Structure Relaxation): -70.0770404754 Size:  6
Vacancy Formation Energy (Cell Structure Relaxation): -70.0770405691 Size:  6
Vacancy Formation Energy (Cell Structure Relaxation): -70.0770405063 Size:  6
Vacancy Formation Energy (Cell Structure Relaxation): -70.0770405681 Size:  6
Vacancy Formation Energy (Cell Structure Relaxation): -70.0770404961 Size:  6
Vacancy Formation Energy (Cell Structure Relaxation): -70.077040571 Size:  6
Vacancy Formation Energy (Cell Structure Relaxation): -70.0770405552 Size:  6
Vacancy Formation Energy (Cell Structure Relaxation): -70.0770405827 Size:  6
Vacancy Formation Energy (Cell Structure Relaxation): -70.0770405281 Size:  6
Vacancy Formation Energy (Cell Structure Relaxation): -70.0770405865 Size:  6
Vacancy Formation Energy (Cell Structure Relaxation): -70.0770405516 Size:  6
Vacancy Formation Energy (Cell Structure Relaxation): -70.0770405843 Size:  6
Vacancy Formation Energy (Cell Structure Relaxation): -70.077040588 Size:  6
Vacancy Formation Energy (Cell Structure Relaxation): -70.0770405568 Size:  6
Vacancy Formation Energy (Cell Structure Relaxation): -70.077040562 Size:  6
Vacancy Formation Energy (Cell Structure Relaxation): -70.0770405879 Size:  6
Vacancy Formation Energy (Cell Structure Relaxation): -70.0770405814 Size:  6
Vacancy Formation Energy (Cell Structure Relaxation): -70.0770405699 Size:  6
Vacancy Formation Energy (Cell Structure Relaxation): -70.0770405902 Size:  6
Vacancy Formation Energy (Cell Structure Relaxation): -70.0770405642 Size:  6
Vacancy Formation Energy (Cell Structure Relaxation): -70.0770405929 Size:  6
Vacancy Formation Energy (Cell Structure Relaxation): -70.0770405881 Size:  6
Vacancy Formation Energy (Cell Structure Relaxation): -70.0770405723 Size:  6
Vacancy Formation Energy (Cell Structure Relaxation): -70.0770405936 Size:  6
Vacancy Formation Energy (Cell Structure Relaxation): -70.0770405996 Size:  6
Vacancy Formation Energy (Cell Structure Relaxation): -70.0770405972 Size:  6
Vacancy Formation Energy (Cell Structure Relaxation): -70.0770405896 Size:  6
Vacancy Formation Energy (Cell Structure Relaxation): -70.0770405833 Size:  6
Vacancy Formation Energy (Cell Structure Relaxation): -70.0770405954 Size:  6
Vacancy Formation Energy (Cell Structure Relaxation): -70.0770405912 Size:  6
Vacancy Formation Energy (Cell Structure Relaxation): -70.0770405887 Size:  6
Vacancy Formation Energy (Cell Structure Relaxation): -70.0770405958 Size:  6
Vacancy Formation Energy (Cell Structure Relaxation): -70.0770405965 Size:  6
Vacancy Formation Energy (Cell Structure Relaxation): -70.0770405906 Size:  6
Vacancy Formation Energy (Cell Structure Relaxation): -70.0770405969 Size:  6
Vacancy Formation Energy (Cell Structure Relaxation): -70.0770405903 Size:  6
Vacancy Formation Energy (Cell Structure Relaxation): -70.0770405976 Size:  6
Vacancy Formation Energy (Cell Structure Relaxation): -70.0770405994 Size:  6
Vacancy Formation Energy (Cell Structure Relaxation): -70.0770406021 Size:  6
Vacancy Formation Energy (Cell Structure Relaxation): -70.0770406017 Size:  6
Vacancy Formation Energy (Cell Structure Relaxation): -70.0770405988 Size:  6
Vacancy Formation Energy (Cell Structure Relaxation): -70.0770406012 Size:  6
Vacancy Formation Energy (Cell Structure Relaxation): -70.0770406044 Size:  6
Vacancy Formation Energy (Cell Structure Relaxation): -70.0770406035 Size:  6
Vacancy Formation Energy (Cell Structure Relaxation): -70.0770406044 Size:  6
Vacancy Formation Energy (Cell Structure Relaxation): -70.0770406013 Size:  6
Vacancy Formation Energy (Cell Structure Relaxation): -70.0770406015 Size:  6
Vacancy Formation Energy (Cell Structure Relaxation): -70.0770406055 Size:  6
Vacancy Formation Energy (Cell Structure Relaxation): -70.0770406025 Size:  6
Vacancy Formation Energy (Cell Structure Relaxation): -70.0770406058 Size:  6
Vacancy Formation Energy (Cell Structure Relaxation): -70.0770406007 Size:  6
Vacancy Formation Energy (Cell Structure Relaxation): -70.0770406078 Size:  6
Vacancy Formation Energy (Cell Structure Relaxation): -70.0770406058 Size:  6
Vacancy Formation Energy (Cell Structure Relaxation): -70.0770406035 Size:  6
Vacancy Formation Energy (Cell Structure Relaxation): -70.0770406063 Size:  6
Vacancy Formation Energy (Cell Structure Relaxation): -70.0770406026 Size:  6
Vacancy Formation Energy (Cell Structure Relaxation): -70.0770406067 Size:  6
Vacancy Formation Energy (Cell Structure Relaxation): -70.0770406113 Size:  6
Vacancy Formation Energy (Cell Structure Relaxation): -70.0770406136 Size:  6
Vacancy Formation Energy (Cell Structure Relaxation): -70.0770406121 Size:  6
Vacancy Formation Energy (Cell Structure Relaxation): -70.0770406131 Size:  6
Vacancy Formation Energy (Cell Structure Relaxation): -70.077040603 Size:  6
Vacancy Formation Energy (Cell Structure Relaxation): -70.0770406102 Size:  6
Vacancy Formation Energy (Cell Structure Relaxation): -70.077040609 Size:  6
Vacancy Formation Energy (Cell Structure Relaxation): -70.0770406161 Size:  6
Vacancy Formation Energy (Cell Structure Relaxation): -70.0770406179 Size:  6
Vacancy Formation Energy (Cell Structure Relaxation): -70.0770406151 Size:  6
Vacancy Formation Energy (Cell Structure Relaxation): -70.0770406186 Size:  6
Vacancy Formation Energy (Cell Structure Relaxation): -70.0770406186 Size:  6
Vacancy Formation Energy (Cell Structure Relaxation): -70.077040625 Size:  6
Vacancy Formation Energy (Cell Structure Relaxation): -70.0770406321 Size:  6
Vacancy Formation Energy (Cell Structure Relaxation): -70.0770406263 Size:  6
Vacancy Formation Energy (Cell Structure Relaxation): -70.0770406303 Size:  6
Vacancy Formation Energy (Cell Structure Relaxation): -70.0770406313 Size:  6
Vacancy Formation Energy (Cell Structure Relaxation): -70.0770406352 Size:  6
Vacancy Formation Energy (Cell Structure Relaxation): -70.0770406357 Size:  6
Vacancy Formation Energy (Cell Structure Relaxation): -70.0770406401 Size:  6
Vacancy Formation Energy (Cell Structure Relaxation): -70.0770406405 Size:  6
Vacancy Formation Energy (Cell Structure Relaxation): -70.0770406545 Size:  6
Vacancy Formation Energy (Cell Structure Relaxation): -70.0770406681 Size:  6
Vacancy Formation Energy (Cell Structure Relaxation): -70.0770406611 Size:  6
Vacancy Formation Energy (Cell Structure Relaxation): -70.0770406611 Size:  6
Vacancy Formation Energy (Cell Structure Relaxation): -70.0770406611 Size:  6
Vacancy Formation Energy (Cell Structure Relaxation): -70.0770406716 Size:  6
Vacancy Formation Energy (Cell Structure Relaxation): -70.0770406679 Size:  6
Vacancy Formation Energy (Cell Structure Relaxation): -70.0770406916 Size:  6
Vacancy Formation Energy (Cell Structure Relaxation): -70.0770407112 Size:  6
Vacancy Formation Energy (Cell Structure Relaxation): -70.0770407112 Size:  6
Vacancy Formation Energy (Cell Structure Relaxation): -70.0770407097 Size:  6
Vacancy Formation Energy (Cell Structure Relaxation): -70.077040709 Size:  6
Vacancy Formation Energy (Cell Structure Relaxation): -70.077040738 Size:  6
Vacancy Formation Energy (Cell Structure Relaxation): -70.0770407645 Size:  6
Vacancy Formation Energy (Cell Structure Relaxation): -70.0770407583 Size:  6
Vacancy Formation Energy (Cell Structure Relaxation): -70.0770407521 Size:  6
Vacancy Formation Energy (Cell Structure Relaxation): -70.0770407541 Size:  6
Vacancy Formation Energy (Cell Structure Relaxation): -70.0770407826 Size:  6
Vacancy Formation Energy (Cell Structure Relaxation): -70.0770408065 Size:  6
Vacancy Formation Energy (Cell Structure Relaxation): -70.0770407875 Size:  6
Vacancy Formation Energy (Cell Structure Relaxation): -70.0770408342 Size:  6
Vacancy Formation Energy (Cell Structure Relaxation): -70.0770408729 Size:  6
Vacancy Formation Energy (Cell Structure Relaxation): -70.0770407954 Size:  6
Vacancy Formation Energy (Cell Structure Relaxation): -70.0770408473 Size:  6
Vacancy Formation Energy (Cell Structure Relaxation): -70.0770408136 Size:  6
Vacancy Formation Energy (Cell Structure Relaxation): -70.0770408519 Size:  6
Vacancy Formation Energy (Cell Structure Relaxation): -70.0770408678 Size:  6
Vacancy Formation Energy (Cell Structure Relaxation): -70.0770408478 Size:  6
Vacancy Formation Energy (Cell Structure Relaxation): -70.0770408582 Size:  6
Vacancy Formation Energy (Cell Structure Relaxation): -70.077040926 Size:  6
Vacancy Formation Energy (Cell Structure Relaxation): -70.0770409771 Size:  6
Vacancy Formation Energy (Cell Structure Relaxation): -70.0770408985 Size:  6
Vacancy Formation Energy (Cell Structure Relaxation): -70.0770409105 Size:  6
Vacancy Formation Energy (Cell Structure Relaxation): -70.0770409458 Size:  6
Vacancy Formation Energy (Cell Structure Relaxation): -70.077040952 Size:  6
Vacancy Formation Energy (Cell Structure Relaxation): -70.0770410107 Size:  6
Vacancy Formation Energy (Cell Structure Relaxation): -70.0770410774 Size:  6
Vacancy Formation Energy (Cell Structure Relaxation): -70.0770410429 Size:  6
Vacancy Formation Energy (Cell Structure Relaxation): -70.0770410327 Size:  6
Vacancy Formation Energy (Cell Structure Relaxation): -70.0770410882 Size:  6
Vacancy Formation Energy (Cell Structure Relaxation): -70.0770411224 Size:  6
Vacancy Formation Energy (Cell Structure Relaxation): -70.0770411286 Size:  6
Vacancy Formation Energy (Cell Structure Relaxation): -70.0770411668 Size:  6
Vacancy Formation Energy (Cell Structure Relaxation): -70.0770412312 Size:  6
Vacancy Formation Energy (Cell Structure Relaxation): -70.0770413466 Size:  6
Vacancy Formation Energy (Cell Structure Relaxation): -70.0770413464 Size:  6
Vacancy Formation Energy (Cell Structure Relaxation): -70.0770413381 Size:  6
Vacancy Formation Energy (Cell Structure Relaxation): -70.0770413336 Size:  6
Vacancy Formation Energy (Cell Structure Relaxation): -70.0770414527 Size:  6
Vacancy Formation Energy (Cell Structure Relaxation): -70.0770415221 Size:  6
Vacancy Formation Energy (Cell Structure Relaxation): -70.0770415765 Size:  6
Vacancy Formation Energy (Cell Structure Relaxation): -70.0770416876 Size:  6
Vacancy Formation Energy (Cell Structure Relaxation): -70.0770416847 Size:  6
Vacancy Formation Energy (Cell Structure Relaxation): -70.0770416954 Size:  6
Vacancy Formation Energy (Cell Structure Relaxation): -70.0770417688 Size:  6
Vacancy Formation Energy (Cell Structure Relaxation): -70.0770418135 Size:  6
Vacancy Formation Energy (Cell Structure Relaxation): -70.0770418759 Size:  6
Vacancy Formation Energy (Cell Structure Relaxation): -70.0770419264 Size:  6
Vacancy Formation Energy (Cell Structure Relaxation): -70.0770419028 Size:  6
Vacancy Formation Energy (Cell Structure Relaxation): -70.077042034 Size:  6
Vacancy Formation Energy (Cell Structure Relaxation): -70.0770419518 Size:  6
Vacancy Formation Energy (Cell Structure Relaxation): -70.0770420921 Size:  6
Vacancy Formation Energy (Cell Structure Relaxation): -70.077042034 Size:  6
Vacancy Formation Energy (Cell Structure Relaxation): -70.0770418197 Size:  6
Vacancy Formation Energy (Cell Structure Relaxation): -70.0770420766 Size:  6
Vacancy Formation Energy (Cell Structure Relaxation): -70.077041713 Size:  6
Vacancy Formation Energy (Cell Structure Relaxation): -70.0770419767 Size:  6
Vacancy Formation Energy (Cell Structure Relaxation): -70.0770419452 Size:  6
Vacancy Formation Energy (Cell Structure Relaxation): -70.0770421406 Size:  6
Vacancy Formation Energy (Cell Structure Relaxation): -70.0770420712 Size:  6
Vacancy Formation Energy (Cell Structure Relaxation): -70.077042259 Size:  6
Vacancy Formation Energy (Cell Structure Relaxation): -70.0770423516 Size:  6
Vacancy Formation Energy (Cell Structure Relaxation): -70.0770420377 Size:  6
Vacancy Formation Energy (Cell Structure Relaxation): -70.0770422731 Size:  6
Vacancy Formation Energy (Cell Structure Relaxation): -70.0770420316 Size:  6
Vacancy Formation Energy (Cell Structure Relaxation): -70.0770421753 Size:  6
Vacancy Formation Energy (Cell Structure Relaxation): -70.0770421661 Size:  6
Vacancy Formation Energy (Cell Structure Relaxation): -70.0770423304 Size:  6
Vacancy Formation Energy (Cell Structure Relaxation): -70.0770423492 Size:  6
Vacancy Formation Energy (Cell Structure Relaxation): -70.0770424824 Size:  6
Vacancy Formation Energy (Cell Structure Relaxation): -70.0770425755 Size:  6
Vacancy Formation Energy (Cell Structure Relaxation): -70.0770424226 Size:  6
Vacancy Formation Energy (Cell Structure Relaxation): -70.0770426313 Size:  6
Vacancy Formation Energy (Cell Structure Relaxation): -70.0770427063 Size:  6
Vacancy Formation Energy (Cell Structure Relaxation): -70.0770427388 Size:  6
Vacancy Formation Energy (Cell Structure Relaxation): -70.077042841 Size:  6
Vacancy Formation Energy (Cell Structure Relaxation): -70.0770426018 Size:  6
Vacancy Formation Energy (Cell Structure Relaxation): -70.0770427467 Size:  6
Vacancy Formation Energy (Cell Structure Relaxation): -70.0770430499 Size:  6
Vacancy Formation Energy (Cell Structure Relaxation): -70.0770432241 Size:  6
Vacancy Formation Energy (Cell Structure Relaxation): -70.07704317 Size:  6
Vacancy Formation Energy (Cell Structure Relaxation): -70.0770429689 Size:  6
Vacancy Formation Energy (Cell Structure Relaxation): -70.0770434227 Size:  6
Vacancy Formation Energy (Cell Structure Relaxation): -70.0770436388 Size:  6
Vacancy Formation Energy (Cell Structure Relaxation): -70.0770437154 Size:  6
Vacancy Formation Energy (Cell Structure Relaxation): -70.0770440659 Size:  6
Vacancy Formation Energy (Cell Structure Relaxation): -70.0770439175 Size:  6
Vacancy Formation Energy (Cell Structure Relaxation): -70.0770437283 Size:  6
Vacancy Formation Energy (Cell Structure Relaxation): -70.0770446109 Size:  6
Vacancy Formation Energy (Cell Structure Relaxation): -70.0770453599 Size:  6
Vacancy Formation Energy (Cell Structure Relaxation): -70.0770450662 Size:  6
Vacancy Formation Energy (Cell Structure Relaxation): -70.0770449574 Size:  6
Vacancy Formation Energy (Cell Structure Relaxation): -70.0770452515 Size:  6
Vacancy Formation Energy (Cell Structure Relaxation): -70.077045483 Size:  6
Vacancy Formation Energy (Cell Structure Relaxation): -70.0770453953 Size:  6
Vacancy Formation Energy (Cell Structure Relaxation): -70.077046184 Size:  6
Vacancy Formation Energy (Cell Structure Relaxation): -70.0770468359 Size:  6
Vacancy Formation Energy (Cell Structure Relaxation): -70.0770474464 Size:  6
Vacancy Formation Energy (Cell Structure Relaxation): -70.0770491146 Size:  6
Vacancy Formation Energy (Cell Structure Relaxation): -70.0770470811 Size:  6
Vacancy Formation Energy (Cell Structure Relaxation): -70.0770480263 Size:  6
Vacancy Formation Energy (Cell Structure Relaxation): -70.0770485811 Size:  6
Vacancy Formation Energy (Cell Structure Relaxation): -70.0770497522 Size:  6
Vacancy Formation Energy (Cell Structure Relaxation): -70.0770513192 Size:  6
Vacancy Formation Energy (Cell Structure Relaxation): -70.0770512135 Size:  6
Vacancy Formation Energy (Cell Structure Relaxation): -70.077051984 Size:  6
Vacancy Formation Energy (Cell Structure Relaxation): -70.0770540906 Size:  6
Vacancy Formation Energy (Cell Structure Relaxation): -70.0770538951 Size:  6
Vacancy Formation Energy (Cell Structure Relaxation): -70.0770553063 Size:  6
Vacancy Formation Energy (Cell Structure Relaxation): -70.0770585925 Size:  6
Vacancy Formation Energy (Cell Structure Relaxation): -70.077057901 Size:  6
Vacancy Formation Energy (Cell Structure Relaxation): -70.0770592517 Size:  6
Vacancy Formation Energy (Cell Structure Relaxation): -70.0770622166 Size:  6
Vacancy Formation Energy (Cell Structure Relaxation): -70.0770617327 Size:  6
Vacancy Formation Energy (Cell Structure Relaxation): -70.0770661056 Size:  6
Vacancy Formation Energy (Cell Structure Relaxation): -70.0770731254 Size:  6
Vacancy Formation Energy (Cell Structure Relaxation): -70.0770700303 Size:  6
Vacancy Formation Energy (Cell Structure Relaxation): -70.0770723126 Size:  6
Vacancy Formation Energy (Cell Structure Relaxation): -70.077074176 Size:  6
Vacancy Formation Energy (Cell Structure Relaxation): -70.0770793395 Size:  6
Vacancy Formation Energy (Cell Structure Relaxation): -70.0770803017 Size:  6
Vacancy Formation Energy (Cell Structure Relaxation): -70.077086938 Size:  6
Vacancy Formation Energy (Cell Structure Relaxation): -70.0770866898 Size:  6
Vacancy Formation Energy (Cell Structure Relaxation): -70.0770963408 Size:  6
Vacancy Formation Energy (Cell Structure Relaxation): -70.0771116764 Size:  6
Vacancy Formation Energy (Cell Structure Relaxation): -70.0770993126 Size:  6
Vacancy Formation Energy (Cell Structure Relaxation): -70.0771031506 Size:  6
Vacancy Formation Energy (Cell Structure Relaxation): -70.0771045913 Size:  6
Vacancy Formation Energy (Cell Structure Relaxation): -70.0771191253 Size:  6
Vacancy Formation Energy (Cell Structure Relaxation): -70.0771348076 Size:  6
Vacancy Formation Energy (Cell Structure Relaxation): -70.0771241296 Size:  6
Vacancy Formation Energy (Cell Structure Relaxation): -70.077138811 Size:  6
Vacancy Formation Energy (Cell Structure Relaxation): -70.0771574463 Size:  6
Vacancy Formation Energy (Cell Structure Relaxation): -70.0771455991 Size:  6
Vacancy Formation Energy (Cell Structure Relaxation): -70.0771589422 Size:  6
Vacancy Formation Energy (Cell Structure Relaxation): -70.0771804958 Size:  6
Vacancy Formation Energy (Cell Structure Relaxation): -70.0771824767 Size:  6
Vacancy Formation Energy (Cell Structure Relaxation): -70.0772122687 Size:  6
Vacancy Formation Energy (Cell Structure Relaxation): -70.0771805313 Size:  6
Vacancy Formation Energy (Cell Structure Relaxation): -70.0772161589 Size:  6
Vacancy Formation Energy (Cell Structure Relaxation): -70.0772507638 Size:  6
Vacancy Formation Energy (Cell Structure Relaxation): -70.0772230711 Size:  6
Vacancy Formation Energy (Cell Structure Relaxation): -70.0772539581 Size:  6
Vacancy Formation Energy (Cell Structure Relaxation): -70.0772856217 Size:  6
Vacancy Formation Energy (Cell Structure Relaxation): -70.0772757665 Size:  6
Vacancy Formation Energy (Cell Structure Relaxation): -70.077269137 Size:  6
Vacancy Formation Energy (Cell Structure Relaxation): -70.0773218896 Size:  6
Vacancy Formation Energy (Cell Structure Relaxation): -70.0773600907 Size:  6
Vacancy Formation Energy (Cell Structure Relaxation): -70.0772771617 Size:  6
Vacancy Formation Energy (Cell Structure Relaxation): -70.0773490594 Size:  6
Vacancy Formation Energy (Cell Structure Relaxation): -70.077300995 Size:  6
Vacancy Formation Energy (Cell Structure Relaxation): -70.0773613703 Size:  6
Vacancy Formation Energy (Cell Structure Relaxation): -70.0773856973 Size:  6
Vacancy Formation Energy (Cell Structure Relaxation): -70.0773304317 Size:  6
Vacancy Formation Energy (Cell Structure Relaxation): -70.0774155444 Size:  6
Vacancy Formation Energy (Cell Structure Relaxation): -70.0774650031 Size:  6
Vacancy Formation Energy (Cell Structure Relaxation): -70.0773662506 Size:  6
Vacancy Formation Energy (Cell Structure Relaxation): -70.0774858003 Size:  6
Vacancy Formation Energy (Cell Structure Relaxation): -70.0775675405 Size:  6
Vacancy Formation Energy (Cell Structure Relaxation): -70.0775077538 Size:  6
Vacancy Formation Energy (Cell Structure Relaxation): -70.0775199371 Size:  6
Vacancy Formation Energy (Cell Structure Relaxation): -70.0775684246 Size:  6
Vacancy Formation Energy (Cell Structure Relaxation): -70.0776008677 Size:  6
Vacancy Formation Energy (Cell Structure Relaxation): -70.0776403034 Size:  6
Vacancy Formation Energy (Cell Structure Relaxation): -70.0776784066 Size:  6
Vacancy Formation Energy (Cell Structure Relaxation): -70.0777164365 Size:  6
Vacancy Formation Energy (Cell Structure Relaxation): -70.07774311 Size:  6
Vacancy Formation Energy (Cell Structure Relaxation): -70.0778516248 Size:  6
Vacancy Formation Energy (Cell Structure Relaxation): -70.0780141575 Size:  6
Vacancy Formation Energy (Cell Structure Relaxation): -70.0778859456 Size:  6
Vacancy Formation Energy (Cell Structure Relaxation): -70.0780807997 Size:  6
Vacancy Formation Energy (Cell Structure Relaxation): -70.0783100992 Size:  6
Vacancy Formation Energy (Cell Structure Relaxation): -70.0781699596 Size:  6
Vacancy Formation Energy (Cell Structure Relaxation): -70.0779421894 Size:  6
Vacancy Formation Energy (Cell Structure Relaxation): -70.0781101472 Size:  6
Vacancy Formation Energy (Cell Structure Relaxation): -70.0784391234 Size:  6
Vacancy Formation Energy (Cell Structure Relaxation): -70.0786299827 Size:  6
Vacancy Formation Energy (Cell Structure Relaxation): -70.0785154424 Size:  6
Vacancy Formation Energy (Cell Structure Relaxation): -70.0784507946 Size:  6
Vacancy Formation Energy (Cell Structure Relaxation): -70.0786543543 Size:  6
Vacancy Formation Energy (Cell Structure Relaxation): -70.0786291208 Size:  6
Vacancy Formation Energy (Cell Structure Relaxation): -70.0787145715 Size:  6
Vacancy Formation Energy (Cell Structure Relaxation): -70.0786390339 Size:  6
Vacancy Formation Energy (Cell Structure Relaxation): -70.078998548 Size:  6
Vacancy Formation Energy (Cell Structure Relaxation): -70.0792475828 Size:  6
Vacancy Formation Energy (Cell Structure Relaxation): -70.078947694 Size:  6
Vacancy Formation Energy (Cell Structure Relaxation): -70.0786975385 Size:  6
Vacancy Formation Energy (Cell Structure Relaxation): -70.0789318773 Size:  6
Vacancy Formation Energy (Cell Structure Relaxation): -70.0791899408 Size:  6
Vacancy Formation Energy (Cell Structure Relaxation): -70.0789903893 Size:  6
Vacancy Formation Energy (Cell Structure Relaxation): -70.0790616396 Size:  6
Vacancy Formation Energy (Cell Structure Relaxation): -70.0789732017 Size:  6
Vacancy Formation Energy (Cell Structure Relaxation): -70.0794360793 Size:  6
Vacancy Formation Energy (Cell Structure Relaxation): -70.0796636556 Size:  6
Vacancy Formation Energy (Cell Structure Relaxation): -70.0794884289 Size:  6
Vacancy Formation Energy (Cell Structure Relaxation): -70.0792158575 Size:  6
Vacancy Formation Energy (Cell Structure Relaxation): -70.0795945158 Size:  6
Vacancy Formation Energy (Cell Structure Relaxation): -70.0794140933 Size:  6
Vacancy Formation Energy (Cell Structure Relaxation): -70.0798334706 Size:  6
Vacancy Formation Energy (Cell Structure Relaxation): -70.0800131817 Size:  6
Vacancy Formation Energy (Cell Structure Relaxation): -70.0798566507 Size:  6
Vacancy Formation Energy (Cell Structure Relaxation): -70.0803280566 Size:  6
Vacancy Formation Energy (Cell Structure Relaxation): -70.0807823701 Size:  6
Vacancy Formation Energy (Cell Structure Relaxation): -70.0801437083 Size:  6
Vacancy Formation Energy (Cell Structure Relaxation): -70.0805540871 Size:  6
Vacancy Formation Energy (Cell Structure Relaxation): -70.0807008485 Size:  6
Vacancy Formation Energy (Cell Structure Relaxation): -70.0812425914 Size:  6
Vacancy Formation Energy (Cell Structure Relaxation): -70.081901656 Size:  6
Vacancy Formation Energy (Cell Structure Relaxation): -70.0814467153 Size:  6
Vacancy Formation Energy (Cell Structure Relaxation): -70.0817894728 Size:  6
Vacancy Formation Energy (Cell Structure Relaxation): -70.0821689959 Size:  6
Vacancy Formation Energy (Cell Structure Relaxation): -70.0826055513 Size:  6
Vacancy Formation Energy (Cell Structure Relaxation): -70.0821971405 Size:  6
Vacancy Formation Energy (Cell Structure Relaxation): -70.0832862111 Size:  6
Vacancy Formation Energy (Cell Structure Relaxation): -70.0844329875 Size:  6
Vacancy Formation Energy (Cell Structure Relaxation): -70.0840987027 Size:  6
Vacancy Formation Energy (Cell Structure Relaxation): -70.0841961695 Size:  6
Vacancy Formation Energy (Cell Structure Relaxation): -70.0841325753 Size:  6
Vacancy Formation Energy (Cell Structure Relaxation): -70.0849064918 Size:  6
Vacancy Formation Energy (Cell Structure Relaxation): -70.085121441 Size:  6
Vacancy Formation Energy (Cell Structure Relaxation): -70.0859505147 Size:  6
Vacancy Formation Energy (Cell Structure Relaxation): -70.0865341227 Size:  6
Vacancy Formation Energy (Cell Structure Relaxation): -70.0875718126 Size:  6
Vacancy Formation Energy (Cell Structure Relaxation): -70.0892261133 Size:  6
Vacancy Formation Energy (Cell Structure Relaxation): -70.0870477395 Size:  6
Vacancy Formation Energy (Cell Structure Relaxation): -70.0892362657 Size:  6
Vacancy Formation Energy (Cell Structure Relaxation): -70.0913162828 Size:  6
Vacancy Formation Energy (Cell Structure Relaxation): -70.0890729136 Size:  6
Vacancy Formation Energy (Cell Structure Relaxation): -70.088245051 Size:  6
Vacancy Formation Energy (Cell Structure Relaxation): -70.0917833475 Size:  6
Vacancy Formation Energy (Cell Structure Relaxation): -70.0925869336 Size:  6
Vacancy Formation Energy (Cell Structure Relaxation): -70.0932262407 Size:  6
Vacancy Formation Energy (Cell Structure Relaxation): -70.094201502 Size:  6
Vacancy Formation Energy (Cell Structure Relaxation): -70.0951299341 Size:  6
Vacancy Formation Energy (Cell Structure Relaxation): -70.0959467376 Size:  6
Vacancy Formation Energy (Cell Structure Relaxation): -70.0970072173 Size:  6
Vacancy Formation Energy (Cell Structure Relaxation): -70.0976353589 Size:  6
Vacancy Formation Energy (Cell Structure Relaxation): -70.1003690804 Size:  6
Vacancy Formation Energy (Cell Structure Relaxation): -70.1026074866 Size:  6
Vacancy Formation Energy (Cell Structure Relaxation): -70.1017114385 Size:  6
Vacancy Formation Energy (Cell Structure Relaxation): -70.0941369468 Size:  6
Vacancy Formation Energy (Cell Structure Relaxation): -70.1003624994 Size:  6
Vacancy Formation Energy (Cell Structure Relaxation): -70.0979843963 Size:  6
Vacancy Formation Energy (Cell Structure Relaxation): -70.1028881673 Size:  6
Vacancy Formation Energy (Cell Structure Relaxation): -70.0971853846 Size:  6
Vacancy Formation Energy (Cell Structure Relaxation): -70.1046779592 Size:  6
Vacancy Formation Energy (Cell Structure Relaxation): -70.1005991593 Size:  6
Vacancy Formation Energy (Cell Structure Relaxation): -70.1054580416 Size:  6
Vacancy Formation Energy (Cell Structure Relaxation): -70.1033602003 Size:  6
Vacancy Formation Energy (Cell Structure Relaxation): -70.0968325702 Size:  6
Vacancy Formation Energy (Cell Structure Relaxation): -70.1051033107 Size:  6
Vacancy Formation Energy (Cell Structure Relaxation): -70.1063086532 Size:  6
Vacancy Formation Energy (Cell Structure Relaxation): -70.100477859 Size:  6
Vacancy Formation Energy (Cell Structure Relaxation): -70.1039518882 Size:  6
Vacancy Formation Energy (Cell Structure Relaxation): -70.1104818318 Size:  6
Vacancy Formation Energy (Cell Structure Relaxation): -70.1125941115 Size:  6
Vacancy Formation Energy (Cell Structure Relaxation): -70.1087494606 Size:  6
Vacancy Formation Energy (Cell Structure Relaxation): -70.109850921 Size:  6
Vacancy Formation Energy (Cell Structure Relaxation): -70.1085170391 Size:  6
Vacancy Formation Energy (Cell Structure Relaxation): -70.1150944778 Size:  6
Vacancy Formation Energy (Cell Structure Relaxation): -70.1171966578 Size:  6
Vacancy Formation Energy (Cell Structure Relaxation): -70.1093734469 Size:  6
Vacancy Formation Energy (Cell Structure Relaxation): -70.1164337396 Size:  6
Vacancy Formation Energy (Cell Structure Relaxation): -70.1146009364 Size:  6
Vacancy Formation Energy (Cell Structure Relaxation): -70.1185547199 Size:  6
Vacancy Formation Energy (Cell Structure Relaxation): -70.1173407007 Size:  6
Vacancy Formation Energy (Cell Structure Relaxation): -70.1160718819 Size:  6
Vacancy Formation Energy (Cell Structure Relaxation): -70.1166758064 Size:  6
Vacancy Formation Energy (Cell Structure Relaxation): -70.1198834986 Size:  6
Vacancy Formation Energy (Cell Structure Relaxation): -70.1186405064 Size:  6
Vacancy Formation Energy (Cell Structure Relaxation): -70.1189750749 Size:  6
Vacancy Formation Energy (Cell Structure Relaxation): -70.1192037023 Size:  6
Vacancy Formation Energy (Cell Structure Relaxation): -70.1191852455 Size:  6
Vacancy Formation Energy (Cell Structure Relaxation): -70.1147256851 Size:  6
Vacancy Formation Energy (Cell Structure Relaxation): -70.1224679076 Size:  6
Vacancy Formation Energy (Cell Structure Relaxation): -70.1236005517 Size:  6
Vacancy Formation Energy (Cell Structure Relaxation): -70.1234077928 Size:  6
Vacancy Formation Energy (Cell Structure Relaxation): -70.1198120246 Size:  6
Vacancy Formation Energy (Cell Structure Relaxation): -70.118105383 Size:  6
Vacancy Formation Energy (Cell Structure Relaxation): -70.1236975555 Size:  6
Vacancy Formation Energy (Cell Structure Relaxation): -70.1228365181 Size:  6
Vacancy Formation Energy (Cell Structure Relaxation): -70.1223078176 Size:  6
Vacancy Formation Energy (Cell Structure Relaxation): -70.1249459012 Size:  6
Vacancy Formation Energy (Cell Structure Relaxation): -70.119903907 Size:  6
Vacancy Formation Energy (Cell Structure Relaxation): -70.1259306326 Size:  6
Vacancy Formation Energy (Cell Structure Relaxation): -70.1264116971 Size:  6
Vacancy Formation Energy (Cell Structure Relaxation): -70.1213327891 Size:  6
Vacancy Formation Energy (Cell Structure Relaxation): -70.1248379015 Size:  6
Vacancy Formation Energy (Cell Structure Relaxation): -70.1249651994 Size:  6
Vacancy Formation Energy (Cell Structure Relaxation): -70.1243422222 Size:  6
Vacancy Formation Energy (Cell Structure Relaxation): -70.1239435996 Size:  6
Vacancy Formation Energy (Cell Structure Relaxation): -70.1274781148 Size:  6
Vacancy Formation Energy (Cell Structure Relaxation): -70.1278369007 Size:  6
Vacancy Formation Energy (Cell Structure Relaxation): -70.1273678415 Size:  6
Vacancy Formation Energy (Cell Structure Relaxation): -70.1249879123 Size:  6
Vacancy Formation Energy (Cell Structure Relaxation): -70.1279483091 Size:  6
Vacancy Formation Energy (Cell Structure Relaxation): -70.126419621 Size:  6
Vacancy Formation Energy (Cell Structure Relaxation): -70.1278971808 Size:  6
Vacancy Formation Energy (Cell Structure Relaxation): -70.1270482106 Size:  6
Vacancy Formation Energy (Cell Structure Relaxation): -70.1275077178 Size:  6
Vacancy Formation Energy (Cell Structure Relaxation): -70.1299486952 Size:  6
Vacancy Formation Energy (Cell Structure Relaxation): -70.1293579093 Size:  6
Vacancy Formation Energy (Cell Structure Relaxation): -70.1282584721 Size:  6
Vacancy Formation Energy (Cell Structure Relaxation): -70.1294446986 Size:  6
Vacancy Formation Energy (Cell Structure Relaxation): -70.1261963301 Size:  6
Vacancy Formation Energy (Cell Structure Relaxation): -70.1292673619 Size:  6
Vacancy Formation Energy (Cell Structure Relaxation): -70.1295718478 Size:  6
Vacancy Formation Energy (Cell Structure Relaxation): -70.1286362463 Size:  6
Vacancy Formation Energy (Cell Structure Relaxation): -70.1294797517 Size:  6
Vacancy Formation Energy (Cell Structure Relaxation): -70.1288605316 Size:  6
Vacancy Formation Energy (Cell Structure Relaxation): -70.130713348 Size:  6
Vacancy Formation Energy (Cell Structure Relaxation): -70.1310279876 Size:  6
Vacancy Formation Energy (Cell Structure Relaxation): -70.1322636752 Size:  6
Vacancy Formation Energy (Cell Structure Relaxation): -70.124289572 Size:  6
Vacancy Formation Energy (Cell Structure Relaxation): -70.1346051417 Size:  6
Vacancy Formation Energy (Cell Structure Relaxation): -70.1346599351 Size:  6
Vacancy Formation Energy (Cell Structure Relaxation): -70.132805469 Size:  6
Vacancy Formation Energy (Cell Structure Relaxation): -70.130993538 Size:  6
Vacancy Formation Energy (Cell Structure Relaxation): -70.1300914884 Size:  6
Vacancy Formation Energy (Cell Structure Relaxation): -70.1208902299 Size:  6
Vacancy Formation Energy (Cell Structure Relaxation): -70.1381319745 Size:  6
Vacancy Formation Energy (Cell Structure Relaxation): -70.1371299474 Size:  6
Vacancy Formation Energy (Cell Structure Relaxation): -70.1384064704 Size:  6
Vacancy Formation Energy (Cell Structure Relaxation): -70.1351953471 Size:  6
Vacancy Formation Energy (Cell Structure Relaxation): -70.1369447417 Size:  6
Vacancy Formation Energy (Cell Structure Relaxation): -70.1388339894 Size:  6
Vacancy Formation Energy (Cell Structure Relaxation): -70.1371240575 Size:  6
Vacancy Formation Energy (Cell Structure Relaxation): -70.1375222308 Size:  6
Vacancy Formation Energy (Cell Structure Relaxation): -70.1344131853 Size:  6
Vacancy Formation Energy (Cell Structure Relaxation): -70.1387636821 Size:  6
Vacancy Formation Energy (Cell Structure Relaxation): -70.1382072385 Size:  6
Vacancy Formation Energy (Cell Structure Relaxation): -70.1384300099 Size:  6
Vacancy Formation Energy (Cell Structure Relaxation): -70.1357673466 Size:  6
Vacancy Formation Energy (Cell Structure Relaxation): -70.1390237705 Size:  6
Vacancy Formation Energy (Cell Structure Relaxation): -70.1391715106 Size:  6
Vacancy Formation Energy (Cell Structure Relaxation): -70.137538032 Size:  6
Vacancy Formation Energy (Cell Structure Relaxation): -70.1387008522 Size:  6
Vacancy Formation Energy (Cell Structure Relaxation): -70.1377147161 Size:  6
Vacancy Formation Energy (Cell Structure Relaxation): -70.1392973647 Size:  6
Vacancy Formation Energy (Cell Structure Relaxation): -70.1375244963 Size:  6
Vacancy Formation Energy (Cell Structure Relaxation): -70.1393165419 Size:  6
Vacancy Formation Energy (Cell Structure Relaxation): -70.1383753818 Size:  6
Vacancy Formation Energy (Cell Structure Relaxation): -70.1393287408 Size:  6
Vacancy Formation Energy (Cell Structure Relaxation): -70.1388446836 Size:  6
Vacancy Formation Energy (Cell Structure Relaxation): -70.1380386309 Size:  6
Vacancy Formation Energy (Cell Structure Relaxation): -70.1394072526 Size:  6
Vacancy Formation Energy (Cell Structure Relaxation): -70.13887992 Size:  6
Vacancy Formation Energy (Cell Structure Relaxation): -70.1393527163 Size:  6
Vacancy Formation Energy (Cell Structure Relaxation): -70.1387870571 Size:  6
Vacancy Formation Energy (Cell Structure Relaxation): -70.139408689 Size:  6
Vacancy Formation Energy (Cell Structure Relaxation): -70.1390074688 Size:  6
Vacancy Formation Energy (Cell Structure Relaxation): -70.1394379378 Size:  6
Vacancy Formation Energy (Cell Structure Relaxation): -70.1391404521 Size:  6
Vacancy Formation Energy (Cell Structure Relaxation): -70.1394672329 Size:  6
Vacancy Formation Energy (Cell Structure Relaxation): -70.1391630968 Size:  6
Vacancy Formation Energy (Cell Structure Relaxation): -70.1394703735 Size:  6
Vacancy Formation Energy (Cell Structure Relaxation): -70.1393114486 Size:  6
Vacancy Formation Energy (Cell Structure Relaxation): -70.1394615078 Size:  6
Vacancy Formation Energy (Cell Structure Relaxation): -70.139403782 Size:  6
Vacancy Formation Energy (Cell Structure Relaxation): -70.1394889217 Size:  6
Vacancy Formation Energy (Cell Structure Relaxation): -70.1392695862 Size:  6
Vacancy Formation Energy (Cell Structure Relaxation): -70.1394966633 Size:  6
Vacancy Formation Energy (Cell Structure Relaxation): -70.1393610193 Size:  6
Vacancy Formation Energy (Cell Structure Relaxation): -70.1394881355 Size:  6
Vacancy Formation Energy (Cell Structure Relaxation): -70.1394513823 Size:  6
Vacancy Formation Energy (Cell Structure Relaxation): -70.1394970466 Size:  6
Vacancy Formation Energy (Cell Structure Relaxation): -70.1394618147 Size:  6
Vacancy Formation Energy (Cell Structure Relaxation): -70.139498889 Size:  6
Vacancy Formation Energy (Cell Structure Relaxation): -70.1394380971 Size:  6
Vacancy Formation Energy (Cell Structure Relaxation): -70.1395029939 Size:  6
Vacancy Formation Energy (Cell Structure Relaxation): -70.1394600558 Size:  6
Vacancy Formation Energy (Cell Structure Relaxation): -70.1395021244 Size:  6
Vacancy Formation Energy (Cell Structure Relaxation): -70.1394980468 Size:  6
Vacancy Formation Energy (Cell Structure Relaxation): -70.1394747271 Size:  6
Vacancy Formation Energy (Cell Structure Relaxation): -70.1395081174 Size:  6
Vacancy Formation Energy (Cell Structure Relaxation): -70.1394742336 Size:  6
Vacancy Formation Energy (Cell Structure Relaxation): -70.1395105437 Size:  6
Vacancy Formation Energy (Cell Structure Relaxation): -70.1394847943 Size:  6
Vacancy Formation Energy (Cell Structure Relaxation): -70.1395095295 Size:  6
Vacancy Formation Energy (Cell Structure Relaxation): -70.1394872282 Size:  6
Vacancy Formation Energy (Cell Structure Relaxation): -70.1395095581 Size:  6
Vacancy Formation Energy (Cell Structure Relaxation): -70.1395063566 Size:  6
Vacancy Formation Energy (Cell Structure Relaxation): -70.1394959167 Size:  6
Vacancy Formation Energy (Cell Structure Relaxation): -70.1395108968 Size:  6
Vacancy Formation Energy (Cell Structure Relaxation): -70.1395020742 Size:  6
Vacancy Formation Energy (Cell Structure Relaxation): -70.1395106803 Size:  6
Vacancy Formation Energy (Cell Structure Relaxation): -70.1395012549 Size:  6
Vacancy Formation Energy (Cell Structure Relaxation): -70.1395118935 Size:  6
Vacancy Formation Energy (Cell Structure Relaxation): -70.1395053838 Size:  6
Vacancy Formation Energy (Cell Structure Relaxation): -70.1395120877 Size:  6
Vacancy Formation Energy (Cell Structure Relaxation): -70.1395083352 Size:  6
Vacancy Formation Energy (Cell Structure Relaxation): -70.1395122965 Size:  6
Vacancy Formation Energy (Cell Structure Relaxation): -70.1395094477 Size:  6
Vacancy Formation Energy (Cell Structure Relaxation): -70.1395122336 Size:  6
Vacancy Formation Energy (Cell Structure Relaxation): -70.1395066903 Size:  6
Vacancy Formation Energy (Cell Structure Relaxation): -70.1395127964 Size:  6
Vacancy Formation Energy (Cell Structure Relaxation): -70.1395111199 Size:  6
Vacancy Formation Energy (Cell Structure Relaxation): -70.1395095445 Size:  6
Vacancy Formation Energy (Cell Structure Relaxation): -70.1395126766 Size:  6
Vacancy Formation Energy (Cell Structure Relaxation): -70.1395108046 Size:  6
Vacancy Formation Energy (Cell Structure Relaxation): -70.139512644 Size:  6
Vacancy Formation Energy (Cell Structure Relaxation): -70.139510184 Size:  6
Vacancy Formation Energy (Cell Structure Relaxation): -70.1395129508 Size:  6
Vacancy Formation Energy (Cell Structure Relaxation): -70.1395120849 Size:  6
Vacancy Formation Energy (Cell Structure Relaxation): -70.1395128394 Size:  6
Vacancy Formation Energy (Cell Structure Relaxation): -70.1395126303 Size:  6
Vacancy Formation Energy (Cell Structure Relaxation): -70.1395115547 Size:  6
Vacancy Formation Energy (Cell Structure Relaxation): -70.1395130011 Size:  6
Vacancy Formation Energy (Cell Structure Relaxation): -70.1395121861 Size:  6
Vacancy Formation Energy (Cell Structure Relaxation): -70.1395130497 Size:  6
Vacancy Formation Energy (Cell Structure Relaxation): -70.1395128123 Size:  6
Vacancy Formation Energy (Cell Structure Relaxation): -70.1395124537 Size:  6
Vacancy Formation Energy (Cell Structure Relaxation): -70.1395130578 Size:  6
Vacancy Formation Energy (Cell Structure Relaxation): -70.1395124405 Size:  6
Vacancy Formation Energy (Cell Structure Relaxation): -70.139513097 Size:  6
Vacancy Formation Energy (Cell Structure Relaxation): -70.1395127604 Size:  6
Vacancy Formation Energy (Cell Structure Relaxation): -70.1395130734 Size:  6
Vacancy Formation Energy (Cell Structure Relaxation): -70.139512767 Size:  6
Vacancy Formation Energy (Cell Structure Relaxation): -70.1395130842 Size:  6
Vacancy Formation Energy (Cell Structure Relaxation): -70.1395126544 Size:  6
Vacancy Formation Energy (Cell Structure Relaxation): -70.1395131299 Size:  6
Vacancy Formation Energy (Cell Structure Relaxation): -70.1395130474 Size:  6
Vacancy Formation Energy (Cell Structure Relaxation): -70.1395131339 Size:  6
Vacancy Formation Energy (Cell Structure Relaxation): -70.1395130125 Size:  6
Vacancy Formation Energy (Cell Structure Relaxation): -70.139513134 Size:  6
Vacancy Formation Energy (Cell Structure Relaxation): -70.139513041 Size:  6
Vacancy Formation Energy (Cell Structure Relaxation): -70.1395131348 Size:  6
Vacancy Formation Energy (Cell Structure Relaxation): -70.1395130121 Size:  6
Vacancy Formation Energy (Cell Structure Relaxation): -70.1395131427 Size:  6
Vacancy Formation Energy (Cell Structure Relaxation): -70.1395131072 Size:  6
Vacancy Formation Energy (Cell Structure Relaxation): -70.1395130501 Size:  6
Vacancy Formation Energy (Cell Structure Relaxation): -70.1395131493 Size:  6
Vacancy Formation Energy (Cell Structure Relaxation): -70.1395130815 Size:  6
Vacancy Formation Energy (Cell Structure Relaxation): -70.1395131498 Size:  6
Vacancy Formation Energy (Cell Structure Relaxation): -70.1395130833 Size:  6
Vacancy Formation Energy (Cell Structure Relaxation): -70.1395131568 Size:  6
Vacancy Formation Energy (Cell Structure Relaxation): -70.139513125 Size:  6
Vacancy Formation Energy (Cell Structure Relaxation): -70.1395131541 Size:  6
Vacancy Formation Energy (Cell Structure Relaxation): -70.1395131456 Size:  6
Vacancy Formation Energy (Cell Structure Relaxation): -70.1395131293 Size:  6
Vacancy Formation Energy (Cell Structure Relaxation): -70.1395131554 Size:  6
Vacancy Formation Energy (Cell Structure Relaxation): -70.139513139 Size:  6
Vacancy Formation Energy (Cell Structure Relaxation): -70.1395131573 Size:  6
Vacancy Formation Energy (Cell Structure Relaxation): -70.1395131359 Size:  6
Vacancy Formation Energy (Cell Structure Relaxation): -70.1395131586 Size:  6
Vacancy Formation Energy (Cell Structure Relaxation): -70.1395131364 Size:  6
Vacancy Formation Energy (Cell Structure Relaxation): -70.1395131597 Size:  6
Vacancy Formation Energy (Cell Structure Relaxation): -70.1395131446 Size:  6
Vacancy Formation Energy (Cell Structure Relaxation): -70.1395131591 Size:  6
Vacancy Formation Energy (Cell Structure Relaxation): -70.1395131505 Size:  6
Vacancy Formation Energy (Cell Structure Relaxation): -70.13951316 Size:  6
Vacancy Formation Energy (Cell Structure Relaxation): -70.1395131538 Size:  6
Vacancy Formation Energy (Cell Structure Relaxation): -70.1395131601 Size:  6
Vacancy Formation Energy (Cell Structure Relaxation): -70.1395131549 Size:  6
Vacancy Formation Energy (Cell Structure Relaxation): -70.1395131605 Size:  6
Vacancy Formation Energy (Cell Structure Relaxation): -70.1395131578 Size:  6
Vacancy Formation Energy (Cell Structure Relaxation): -70.1395131607 Size:  6
Vacancy Formation Energy (Cell Structure Relaxation): -70.1395131562 Size:  6
Vacancy Formation Energy (Cell Structure Relaxation): -70.1395131611 Size:  6
Vacancy Formation Energy (Cell Structure Relaxation): -70.1395131591 Size:  6
Vacancy Formation Energy (Cell Structure Relaxation): -70.139513161 Size:  6
Vacancy Formation Energy (Cell Structure Relaxation): -70.1395131564 Size:  6
Vacancy Formation Energy (Cell Structure Relaxation): -70.1395131614 Size:  6
Vacancy Formation Energy (Cell Structure Relaxation): -70.1395131604 Size:  6
Vacancy Formation Energy (Cell Structure Relaxation): -70.1395131591 Size:  6
Vacancy Formation Energy (Cell Structure Relaxation): -70.1395131613 Size:  6
Vacancy Formation Energy (Cell Structure Relaxation): -70.1395131602 Size:  6
Vacancy Formation Energy (Cell Structure Relaxation): -70.1395131613 Size:  6
Vacancy Formation Energy (Cell Structure Relaxation): -70.1395131597 Size:  6
Vacancy Formation Energy (Cell Structure Relaxation): -70.1395131614 Size:  6
Vacancy Formation Energy (Cell Structure Relaxation): -70.1395131603 Size:  6
Vacancy Formation Energy (Cell Structure Relaxation): -70.1395131614 Size:  6
Vacancy Formation Energy (Cell Structure Relaxation): -70.1395131609 Size:  6
Vacancy Formation Energy (Cell Structure Relaxation): -70.1395131615 Size:  6
Vacancy Formation Energy (Cell Structure Relaxation): -70.1395131615 Size:  6
Vacancy Formation Energy (Cell Structure Relaxation): -70.1395131611 Size:  6
Vacancy Formation Energy (Cell Structure Relaxation): -70.1395131616 Size:  6
Vacancy Formation Energy (Cell Structure Relaxation): -70.1395131611 Size:  6
Vacancy Formation Energy (Cell Structure Relaxation): -70.1395131616 Size:  6
Vacancy Formation Energy (Cell Structure Relaxation): -70.1395131615 Size:  6
Vacancy Formation Energy (Cell Structure Relaxation): -70.1395131611 Size:  6
Vacancy Formation Energy (Cell Structure Relaxation): -70.1395131617 Size:  6
Vacancy Formation Energy (Cell Structure Relaxation): -70.1395131611 Size:  6
Vacancy Formation Energy (Cell Structure Relaxation): -70.1395131616 Size:  6
Vacancy Formation Energy (Cell Structure Relaxation): -70.1395131613 Size:  6
Vacancy Formation Energy (Cell Structure Relaxation): -70.1395131616 Size:  6
Optimization terminated successfully.
         Current function value: -70.139513
         Iterations: 646
         Function evaluations: 1013
Summary:
Vacancy Formation Energy: -70.1395131617
Unrelaxed Cell Volume: 4446.58341722
Relaxed Cell Volume: 3714.47835332
Relaxation Volume: 732.105063906
Relaxed Cell Vector:
[ 13.82366862   0.06169559  16.80745581  -0.19931745  -0.09802384
  15.98720483]
Unrelaxed Cell Vector:
[16.444050986099999, 0.0, 16.444050986099999, 0.0, 0.0, 16.444050986099999]
Relaxed Cell:
[[ 13.82366862   0.           0.        ]
 [  0.06169559  16.80745581   0.        ]
 [ -0.19931745  -0.09802384  15.98720483]]
Unrelaxed Cell:
[[ 16.44405099   0.           0.        ]
 [  0.          16.44405099   0.        ]
 [  0.           0.          16.44405099]]
