Imported bulk from ase.lattice
element=lattice type=modelname=Element: Mo
Lattice: hcp
Model: EAM_Dynamo_Zhou_Johnson_Mo__MO_271256517527_001
Model Cutoff: 6.10021734238
Relaxation With c/a Ratio Fixed
Simplex Searching start from: cutoff * 0.1
Optimization terminated successfully.
         Current function value: -13.312194
         Iterations: 41
         Function evaluations: 86
Lattice Constants: [ 2.91274104]
Energy: -13.3121937856
Simplex Searching start from: cutoff * 0.12
Optimization terminated successfully.
         Current function value: -13.312194
         Iterations: 42
         Function evaluations: 90
Lattice Constants: [ 2.912741]
Energy: -13.3121937856
Simplex Searching start from: cutoff * 0.14
Optimization terminated successfully.
         Current function value: -13.312194
         Iterations: 39
         Function evaluations: 86
Lattice Constants: [ 2.91274103]
Energy: -13.3121937856
Simplex Searching start from: cutoff * 0.16
Optimization terminated successfully.
         Current function value: -13.312194
         Iterations: 40
         Function evaluations: 84
Lattice Constants: [ 2.91274104]
Energy: -13.3121937856
Simplex Searching start from: cutoff * 0.18
Optimization terminated successfully.
         Current function value: -13.312194
         Iterations: 40
         Function evaluations: 86
Lattice Constants: [ 2.91274103]
Energy: -13.3121937856
Simplex Searching start from: cutoff * 0.2
Optimization terminated successfully.
         Current function value: -13.312194
         Iterations: 40
         Function evaluations: 84
Lattice Constants: [ 2.91274104]
Energy: -13.3121937856
Simplex Searching start from: cutoff * 0.22
Optimization terminated successfully.
         Current function value: -13.312194
         Iterations: 38
         Function evaluations: 81
Lattice Constants: [ 2.912741]
Energy: -13.3121937856
Simplex Searching start from: cutoff * 0.24
Optimization terminated successfully.
         Current function value: -13.312194
         Iterations: 40
         Function evaluations: 85
Lattice Constants: [ 2.912741]
Energy: -13.3121937856
Simplex Searching start from: cutoff * 0.26
Optimization terminated successfully.
         Current function value: -13.312194
         Iterations: 38
         Function evaluations: 80
Lattice Constants: [ 2.912741]
Energy: -13.3121937856
Simplex Searching start from: cutoff * 0.28
Optimization terminated successfully.
         Current function value: -13.312194
         Iterations: 37
         Function evaluations: 82
Lattice Constants: [ 2.91274103]
Energy: -13.3121937856
Simplex Searching start from: cutoff * 0.3
Optimization terminated successfully.
         Current function value: -13.312194
         Iterations: 36
         Function evaluations: 78
Lattice Constants: [ 2.91274103]
Energy: -13.3121937856
Simplex Searching start from: cutoff * 0.32
Optimization terminated successfully.
         Current function value: -13.312194
         Iterations: 37
         Function evaluations: 80
Lattice Constants: [ 2.91274104]
Energy: -13.3121937856
Simplex Searching start from: cutoff * 0.34
Optimization terminated successfully.
         Current function value: -13.312194
         Iterations: 36
         Function evaluations: 76
Lattice Constants: [ 2.912741]
Energy: -13.3121937856
Simplex Searching start from: cutoff * 0.36
Optimization terminated successfully.
         Current function value: -13.312194
         Iterations: 37
         Function evaluations: 80
Lattice Constants: [ 2.91274103]
Energy: -13.3121937856
Simplex Searching start from: cutoff * 0.38
Optimization terminated successfully.
         Current function value: -13.312194
         Iterations: 35
         Function evaluations: 76
Lattice Constants: [ 2.91274101]
Energy: -13.3121937856
Simplex Searching start from: cutoff * 0.4
Optimization terminated successfully.
         Current function value: -13.312194
         Iterations: 35
         Function evaluations: 74
Lattice Constants: [ 2.91274104]
Energy: -13.3121937856
Simplex Searching start from: cutoff * 0.42
Optimization terminated successfully.
         Current function value: -13.312194
         Iterations: 35
         Function evaluations: 74
Lattice Constants: [ 2.91274101]
Energy: -13.3121937856
Simplex Searching start from: cutoff * 0.44
Optimization terminated successfully.
         Current function value: -13.312194
         Iterations: 33
         Function evaluations: 74
Lattice Constants: [ 2.912741]
Energy: -13.3121937856
Simplex Searching start from: cutoff * 0.46
Optimization terminated successfully.
         Current function value: -13.312194
         Iterations: 33
         Function evaluations: 71
Lattice Constants: [ 2.91274104]
Energy: -13.3121937856
Simplex Searching start from: cutoff * 0.48
Optimization terminated successfully.
         Current function value: -13.312194
         Iterations: 33
         Function evaluations: 73
Lattice Constants: [ 2.91274106]
Energy: -13.3121937856
[ 2.91274104]
Relaxation With c/a Ratio Relaxed
Simplex Searching start from c/a ratio: 1.633 * 0.8
Optimization terminated successfully.
         Current function value: -13.312194
         Iterations: 70
         Function evaluations: 151
Lattice Constants: [ 2.91276293  4.75641467]
Energy: -13.3121937913
Simplex Searching start from c/a ratio: 1.633 * 0.82
Optimization terminated successfully.
         Current function value: -13.312194
         Iterations: 73
         Function evaluations: 154
Lattice Constants: [ 2.91276289  4.75641474]
Energy: -13.3121937913
Simplex Searching start from c/a ratio: 1.633 * 0.84
Optimization terminated successfully.
         Current function value: -13.312194
         Iterations: 66
         Function evaluations: 149
Lattice Constants: [ 2.91276288  4.75641464]
Energy: -13.3121937913
Simplex Searching start from c/a ratio: 1.633 * 0.86
Optimization terminated successfully.
         Current function value: -13.312194
         Iterations: 73
         Function evaluations: 153
Lattice Constants: [ 2.91276286  4.75641476]
Energy: -13.3121937913
Simplex Searching start from c/a ratio: 1.633 * 0.88
Optimization terminated successfully.
         Current function value: -13.312194
         Iterations: 72
         Function evaluations: 155
Lattice Constants: [ 2.91276288  4.75641478]
Energy: -13.3121937913
Simplex Searching start from c/a ratio: 1.633 * 0.9
Optimization terminated successfully.
         Current function value: -13.312194
         Iterations: 70
         Function evaluations: 153
Lattice Constants: [ 2.91276288  4.75641473]
Energy: -13.3121937913
Simplex Searching start from c/a ratio: 1.633 * 0.92
Optimization terminated successfully.
         Current function value: -13.312194
         Iterations: 66
         Function evaluations: 143
Lattice Constants: [ 2.91276287  4.7564148 ]
Energy: -13.3121937913
Simplex Searching start from c/a ratio: 1.633 * 0.94
Optimization terminated successfully.
         Current function value: -13.312194
         Iterations: 68
         Function evaluations: 147
Lattice Constants: [ 2.91276291  4.75641467]
Energy: -13.3121937913
Simplex Searching start from c/a ratio: 1.633 * 0.96
Optimization terminated successfully.
         Current function value: -13.312194
         Iterations: 72
         Function evaluations: 147
Lattice Constants: [ 2.91276286  4.75641471]
Energy: -13.3121937913
Simplex Searching start from c/a ratio: 1.633 * 0.98
Optimization terminated successfully.
         Current function value: -13.312194
         Iterations: 69
         Function evaluations: 146
Lattice Constants: [ 2.91276292  4.75641473]
Energy: -13.3121937913
Simplex Searching start from c/a ratio: 1.633 * 1.0
Optimization terminated successfully.
         Current function value: -13.312194
         Iterations: 68
         Function evaluations: 146
Lattice Constants: [ 2.91276289  4.75641473]
Energy: -13.3121937913
Simplex Searching start from c/a ratio: 1.633 * 1.02
Optimization terminated successfully.
         Current function value: -13.312194
         Iterations: 68
         Function evaluations: 144
Lattice Constants: [ 2.91276293  4.75641467]
Energy: -13.3121937913
Simplex Searching start from c/a ratio: 1.633 * 1.04
Optimization terminated successfully.
         Current function value: -13.312194
         Iterations: 69
         Function evaluations: 149
Lattice Constants: [ 2.91276295  4.75641467]
Energy: -13.3121937913
Simplex Searching start from c/a ratio: 1.633 * 1.06
Optimization terminated successfully.
         Current function value: -13.312194
         Iterations: 67
         Function evaluations: 144
Lattice Constants: [ 2.9127629   4.75641486]
Energy: -13.3121937913
Simplex Searching start from c/a ratio: 1.633 * 1.08
Optimization terminated successfully.
         Current function value: -13.312194
         Iterations: 69
         Function evaluations: 145
Lattice Constants: [ 2.91276291  4.75641469]
Energy: -13.3121937913
Simplex Searching start from c/a ratio: 1.633 * 1.1
Optimization terminated successfully.
         Current function value: -13.312194
         Iterations: 70
         Function evaluations: 151
Lattice Constants: [ 2.91276292  4.7564148 ]
Energy: -13.3121937913
Simplex Searching start from c/a ratio: 1.633 * 1.12
Optimization terminated successfully.
         Current function value: -13.312194
         Iterations: 71
         Function evaluations: 151
Lattice Constants: [ 2.91276291  4.75641471]
Energy: -13.3121937913
Simplex Searching start from c/a ratio: 1.633 * 1.14
Optimization terminated successfully.
         Current function value: -13.312194
         Iterations: 67
         Function evaluations: 146
Lattice Constants: [ 2.91276289  4.75641484]
Energy: -13.3121937913
Simplex Searching start from c/a ratio: 1.633 * 1.16
Optimization terminated successfully.
         Current function value: -13.312194
         Iterations: 76
         Function evaluations: 165
Lattice Constants: [ 2.91276287  4.75641485]
Energy: -13.3121937913
Simplex Searching start from c/a ratio: 1.633 * 1.18
Optimization terminated successfully.
         Current function value: -13.312194
         Iterations: 75
         Function evaluations: 157
Lattice Constants: [ 2.9127629   4.75641469]
Energy: -13.3121937913
[ 2.91276292  4.75641473]
Lattice Constants: 2.91276292055 4.756414726
[
    {
        "property-id" "tag:staff@noreply.openkim.org,2014-04-15:property/structure-hexagonal-crystal-npt" 
        "instant-id" 1 
        "short-name" {
            "source-value" "hcp"
        } 
        "species" {
            "source-value" "Mo"
        } 
        "a" {
            "source-value" 2.9127629205484658 
            "source-unit" "angstrom"
        } 
        "c" {
            "source-value" 4.7564147259951826 
            "source-unit" "angstrom"
        } 
        "basis-atom-coordinates" {
            "source-value" [
                [
                    0.0 
                    0.0 
                    0.0
                ] 
                [
                    0.0 
                    0.5773502691896257 
                    0.5
                ]
            ]
        } 
        "space-group" {
            "source-value" "P63/mmc"
        } 
        "temperature" {
            "source-value" 0 
            "source-unit" "K"
        } 
        "cauchy-stress" {
            "source-value" [
                0 
                0 
                0 
                0 
                0
            ] 
            "source-unit" "GPa"
        }
    } 
    {
        "property-id" "tag:staff@noreply.openkim.org,2014-04-15:property/cohesive-free-energy-hexagonal-crystal" 
        "instant-id" 2 
        "short-name" {
            "source-value" "hcp"
        } 
        "species" {
            "source-value" "Mo"
        } 
        "a" {
            "source-value" 2.9127629205484658 
            "source-unit" "angstrom"
        } 
        "c" {
            "source-value" 4.7564147259951826 
            "source-unit" "angstrom"
        } 
        "basis-atom-coordinates" {
            "source-value" [
                [
                    0.0 
                    0.0 
                    0.0
                ] 
                [
                    0.0 
                    0.5773502691896257 
                    0.5
                ]
            ]
        } 
        "space-group" {
            "source-value" "P63/mmc"
        } 
        "temperature" {
            "source-value" 0 
            "source-unit" "K"
        } 
        "cauchy-stress" {
            "source-value" [
                0 
                0 
                0 
                0 
                0
            ] 
            "source-unit" "GPa"
        } 
        "cohesive-free-energy" {
            "source-value" -13.312193791317913 
            "source-unit" "eV"
        }
    }
]
