Imported bulk from ase.lattice
Parameters Input: Al EAM_Dynamo_Ercolessi_Adams_Al__MO_123629422045_001 diamond [5.99829988184]
Cell Size Min: 3
Cell Size Max: 5
Smallest System Size: 216
Largest System Size: 1000
Model Cutoff: 5.55805441822

[Calculation]
Calculating Size 3 ...
[ERR1047]FIRE Failed: Steps Exceeds Maximum.
Vacancy Formation Energy May Not Be Accurate.
MDMin:   0  13:43:27     -467.808897      10.0011
MDMin:   1  13:43:27     -507.599890       7.9028
MDMin:   2  13:43:27     -559.055565       7.9022
MDMin:   3  13:43:27     -579.792127       7.9638
MDMin:   4  13:43:27     -589.825432       3.7798
MDMin:   5  13:43:28     -595.134847       5.3300
MDMin:   6  13:43:28     -598.694508       7.1579
MDMin:   7  13:43:28     -601.383060       7.7449
MDMin:   8  13:43:28     -606.252022       2.3201
MDMin:   9  13:43:28     -609.031439       1.2945
MDMin:  10  13:43:28     -612.256408       2.1842
MDMin:  11  13:43:29     -614.613264       4.2812
MDMin:  12  13:43:29     -615.002391       7.3174
MDMin:  13  13:43:29     -618.497580       0.9158
MDMin:  14  13:43:30     -619.698072       0.8143
MDMin:  15  13:43:30     -621.250334       0.7940
MDMin:  16  13:43:30     -623.015245       0.8148
MDMin:  17  13:43:30     -624.590332       2.7459
MDMin:  18  13:43:30     -623.324070       8.4947
MDMin:  19  13:43:32     -626.719921       1.1758
MDMin:  20  13:43:32     -627.491918       0.8628
MDMin:  21  13:43:32     -628.426446       0.8291
MDMin:  22  13:43:32     -629.559312       0.8140
MDMin:  23  13:43:33     -630.750208       1.4015
MDMin:  24  13:43:33     -630.397596       3.5148
MDMin:  25  13:43:33     -632.277240       1.2342
MDMin:  26  13:43:33     -632.795326       0.5971
MDMin:  27  13:43:33     -633.394929       0.5900
MDMin:  28  13:43:34     -634.053666       0.8419
MDMin:  29  13:43:34     -634.718808       1.7859
MDMin:  30  13:43:34     -634.410458       4.0206
MDMin:  31  13:43:34     -635.589791       1.9844
MDMin:  32  13:43:34     -635.837574       0.6934
MDMin:  33  13:43:34     -636.177797       0.6679
MDMin:  34  13:43:35     -636.642427       0.6372
MDMin:  35  13:43:35     -637.233723       0.6995
MDMin:  36  13:43:35     -637.936123       1.7468
MDMin:  37  13:43:35     -637.217740       6.3991
MDMin:  38  13:43:35     -638.742002       0.9820
MDMin:  39  13:43:38     -638.997409       0.9001
MDMin:  40  13:43:38     -639.378440       0.9796
MDMin:  41  13:43:38     -639.814849       0.9294
MDMin:  42  13:43:38     -640.337400       0.7797
MDMin:  43  13:43:39     -640.779564       0.7686
MDMin:  44  13:43:39     -641.261958       1.3585
MDMin:  45  13:43:39     -640.696351       5.3875
MDMin:  46  13:43:39     -641.756385       0.7146
MDMin:  47  13:43:39     -641.909816       0.7534
MDMin:  48  13:43:39     -642.127154       0.7528
MDMin:  49  13:43:40     -642.406731       0.7064
MDMin:  50  13:43:40     -642.743323       0.6883
MDMin:  51  13:43:40     -643.117304       1.4193
MDMin:  52  13:43:40     -643.377392       2.4159
MDMin:  53  13:43:42     -643.464985       0.6983
MDMin:  54  13:43:42     -643.637703       0.7389
MDMin:  55  13:43:42     -643.884991       0.7647
MDMin:  56  13:43:42     -644.185335       0.7513
MDMin:  57  13:43:43     -644.504117       1.0040
MDMin:  58  13:43:43     -644.601026       2.0815
MDMin:  59  13:43:43     -644.680520       1.7902
MDMin:  60  13:43:43     -644.733353       0.5579
MDMin:  61  13:43:43     -644.807095       0.5220
MDMin:  62  13:43:44     -644.904200       0.4751
MDMin:  63  13:43:44     -645.020799       0.9218
MDMin:  64  13:43:44     -645.143280       2.1126
MDMin:  65  13:43:44     -645.221201       2.9969
MDMin:  66  13:43:44     -645.249716       0.5839
MDMin:  67  13:43:44     -645.303020       0.6255
MDMin:  68  13:43:45     -645.377090       0.6828
MDMin:  69  13:43:47     -645.470206       0.7450
MDMin:  70  13:43:48     -645.579235       1.1006
MDMin:  71  13:43:48     -645.688383       3.0786
MDMin:  72  13:43:48     -645.736393       2.0670
MDMin:  73  13:43:48     -645.762858       0.5492
MDMin:  74  13:43:48     -645.811637       0.6120
MDMin:  75  13:43:48     -645.880960       0.6945
MDMin:  76  13:43:49     -645.970218       0.7389
MDMin:  77  13:43:49     -646.076992       1.1163
MDMin:  78  13:43:49     -646.185081       3.2598
MDMin:  79  13:43:49     -646.230891       2.1077
MDMin:  80  13:43:49     -646.255490       0.6629
MDMin:  81  13:43:50     -646.302112       0.6377
MDMin:  82  13:43:50     -646.368496       0.5985
MDMin:  83  13:43:50     -646.454225       0.5502
MDMin:  84  13:43:50     -646.556642       1.3925
MDMin:  85  13:43:50     -646.653891       3.7125
MDMin:  86  13:43:50     -646.686911       0.8663
MDMin:  87  13:43:51     -646.728380       0.3978
MDMin:  88  13:43:53     -646.792193       0.3869
MDMin:  89  13:43:53     -646.881237       0.4051
MDMin:  90  13:43:54     -646.966435       1.0084
MDMin:  91  13:43:54     -647.099926       2.7322
MDMin:  92  13:43:54     -647.144302       2.3416
MDMin:  93  13:43:54     -647.174695       0.5531
MDMin:  94  13:43:54     -647.231872       0.4679
MDMin:  95  13:43:55     -647.301825       0.5042
MDMin:  96  13:43:55     -647.378494       0.5358
MDMin:  97  13:43:55     -647.495086       1.4261
MDMin:  98  13:43:55     -647.578670       3.4560
MDMin:  99  13:43:55     -647.616625       0.7835
MDMin: 100  13:43:56     -647.652478       0.5092
MDMin: 101  13:43:56     -647.716856       0.4880
MDMin: 102  13:43:56     -647.778758       0.4588
MDMin: 103  13:43:56     -647.880245       1.1583
MDMin: 104  13:43:56     -647.974651       2.8679
MDMin: 105  13:43:57     -648.015105       1.6109
MDMin: 106  13:43:57     -648.040101       0.5031
MDMin: 107  13:43:57     -648.087621       0.5678
MDMin: 108  13:43:57     -648.152812       0.6430
MDMin: 109  13:43:57     -648.234507       0.7288
MDMin: 110  13:43:57     -648.330961       0.8422
MDMin: 111  13:43:58     -648.434600       2.5757
MDMin: 112  13:44:00     -648.481864       3.8498
MDMin: 113  13:44:00     -648.500133       1.8634
MDMin: 114  13:44:00     -648.528495       0.8079
MDMin: 115  13:44:01     -648.561003       0.7381
MDMin: 116  13:44:01     -648.621060       0.5975
MDMin: 117  13:44:01     -648.696267       0.9506
MDMin: 118  13:44:01     -648.776073       2.3383
MDMin: 119  13:44:01     -648.823979       2.0856
MDMin: 120  13:44:01     -648.849404       0.4268
MDMin: 121  13:44:02     -648.891432       0.4404
MDMin: 122  13:44:02     -648.934100       0.4550
MDMin: 123  13:44:02     -649.015613       0.4602
MDMin: 124  13:44:02     -649.104475       0.4796
MDMin: 125  13:44:02     -649.234376       0.9202
MDMin: 126  13:44:03     -649.345815       3.1299
MDMin: 127  13:44:03     -649.381614       1.9059
MDMin: 128  13:44:05     -649.397783       0.6258
MDMin: 129  13:44:05     -649.430717       0.4427
MDMin: 130  13:44:06     -649.475834       0.4185
MDMin: 131  13:44:06     -649.530933       0.5820
MDMin: 132  13:44:06     -649.590938       1.5741
MDMin: 133  13:44:06     -649.639087       3.1832
MDMin: 134  13:44:06     -649.655504       0.5448
MDMin: 135  13:44:06     -649.680553       0.5047
MDMin: 136  13:44:07     -649.716153       0.4464
MDMin: 137  13:44:07     -649.761628       0.4381
MDMin: 138  13:44:07     -649.812767       1.1774
MDMin: 139  13:44:07     -649.841686       2.8566
MDMin: 140  13:44:07     -649.862492       1.2429
MDMin: 141  13:44:08     -649.880878       0.6786
MDMin: 142  13:44:08     -649.908662       0.7011
MDMin: 143  13:44:10     -649.946640       0.6949
MDMin: 144  13:44:10     -649.994186       0.9470
MDMin: 145  13:44:10     -650.045146       2.4444
MDMin: 146  13:44:11     -650.072516       2.3620
MDMin: 147  13:44:11     -650.084527       0.5265
MDMin: 148  13:44:11     -650.108699       0.4823
MDMin: 149  13:44:11     -650.143368       0.4349
MDMin: 150  13:44:11     -650.188670       0.6466
MDMin: 151  13:44:12     -650.240769       1.8127
MDMin: 152  13:44:12     -650.280585       3.1482
MDMin: 153  13:44:12     -650.293586       0.5715
MDMin: 154  13:44:12     -650.319437       0.4692
MDMin: 155  13:44:12     -650.356596       0.4859
MDMin: 156  13:44:12     -650.404875       0.5293
MDMin: 157  13:44:13     -650.462305       1.4552
MDMin: 158  13:44:15     -650.511373       3.7101
MDMin: 159  13:44:16     -650.525734       0.5068
MDMin: 160  13:44:16     -650.550502       0.5326
MDMin: 161  13:44:16     -650.587051       0.5516
MDMin: 162  13:44:16     -650.635551       0.5308
MDMin: 163  13:44:16     -650.696323       0.4677
MDMin: 164  13:44:17     -650.769410       0.8150
MDMin: 165  13:44:17     -650.848961       2.7271
MDMin: 166  13:44:17     -650.882259       3.1752
MDMin: 167  13:44:17     -650.888803       1.5702
MDMin: 168  13:44:17     -650.909087       0.4959
MDMin: 169  13:44:17     -650.937863       0.3936
MDMin: 170  13:44:18     -650.976670       0.4701
MDMin: 171  13:44:18     -651.023474       0.9797
MDMin: 172  13:44:19     -651.071091       2.2955
MDMin: 173  13:44:20     -651.097046       1.8154
MDMin: 174  13:44:20     -651.112342       0.4194
MDMin: 175  13:44:20     -651.137966       0.4120
MDMin: 176  13:44:20     -651.174751       0.4361
MDMin: 177  13:44:20     -651.223444       0.4798
MDMin: 178  13:44:20     -651.285499       0.5864
MDMin: 179  13:44:21     -651.359069       2.0494
MDMin: 180  13:44:21     -651.393616       3.4256
MDMin: 181  13:44:21     -651.418193       1.7712
MDMin: 182  13:44:21     -651.438236       0.6411
MDMin: 183  13:44:21     -651.462944       0.6144
MDMin: 184  13:44:22     -651.502581       0.5785
MDMin: 185  13:44:22     -651.522075       0.5202
MDMin: 186  13:44:22     -651.592331       0.4961
MDMin: 187  13:44:22     -651.593715       0.8259
MDMin: 188  13:44:22     -651.679448       0.9565
MDMin: 189  13:44:22     -651.733596       1.3598
MDMin: 190  13:44:23     -651.748023       0.8749
MDMin: 191  13:44:23     -651.801641       0.4969
MDMin: 192  13:44:25     -651.853441       0.4933
MDMin: 193  13:44:26     -651.856208       0.5932
MDMin: 194  13:44:26     -651.933110       0.6532
MDMin: 195  13:44:26     -652.009157       1.0624
MDMin: 196  13:44:26     -652.007970       1.0903
MDMin: 197  13:44:26     -652.064961       0.5997
MDMin: 198  13:44:27     -652.128503       0.6023
MDMin: 199  13:44:27     -652.190497       0.7210
[ERR1048]NEB Failed: Steps Exceeds Maximum.
Vacancy Migration Energy May Not Be Accurate.
Optimization terminated successfully.
         Current function value: 654.150755
         Iterations: 17
         Function evaluations: 34
Formation Energy: -109.710239217
Migration Energy: -9.35924933676
Calculating Size 4 ...
[ERR1047]FIRE Failed: Steps Exceeds Maximum.
Vacancy Formation Energy May Not Be Accurate.
MDMin:   0  13:44:34    -1240.886626      10.4538
MDMin:   1  13:44:34    -1299.810924       8.0288
MDMin:   2  13:44:34    -1368.361261       4.6910
MDMin:   3  13:44:34    -1381.274362       4.6303
MDMin:   4  13:44:35    -1389.511994       2.4869
MDMin:   5  13:44:35    -1396.155168       2.7438
MDMin:   6  13:44:35    -1401.748316       3.2575
MDMin:   7  13:44:35    -1405.872083       3.3525
MDMin:   8  13:44:36    -1409.283096       1.9291
MDMin:   9  13:44:36    -1412.538091       1.9449
MDMin:  10  13:44:36    -1415.331849       3.4144
MDMin:  11  13:44:36    -1417.234670       4.6666
MDMin:  12  13:44:37    -1420.429219       2.1835
MDMin:  13  13:44:37    -1422.674448       1.6803
MDMin:  14  13:44:37    -1425.165994       2.4635
MDMin:  15  13:44:38    -1427.002038       4.0159
MDMin:  16  13:44:38    -1429.059857       4.2176
MDMin:  17  13:44:41    -1431.241871       1.7212
MDMin:  18  13:44:41    -1432.858738       1.3874
MDMin:  19  13:44:41    -1435.084965       2.3111
MDMin:  20  13:44:41    -1436.844181       5.4003
MDMin:  21  13:44:42    -1438.368172       4.9034
MDMin:  22  13:44:42    -1440.139780       0.9170
MDMin:  23  13:44:42    -1441.874751       0.6905
MDMin:  24  13:44:42    -1444.385103       1.2873
MDMin:  25  13:44:43    -1447.458309       3.5885
MDMin:  26  13:44:43    -1442.920573      11.9108
MDMin:  27  13:44:44    -1450.739371       1.8912
MDMin:  28  13:44:44    -1451.953025       0.6942
MDMin:  29  13:44:45    -1453.845576       0.7113
MDMin:  30  13:44:45    -1456.323339       0.9137
MDMin:  31  13:44:45    -1459.073189       2.6558
MDMin:  32  13:44:45    -1454.559836      13.2086
MDMin:  33  13:44:46    -1462.071058       2.3525
MDMin:  34  13:44:46    -1462.734042       0.7680
MDMin:  35  13:44:46    -1463.831682       0.7593
MDMin:  36  13:44:46    -1465.324729       0.7021
MDMin:  37  13:44:47    -1467.180115       0.8197
MDMin:  38  13:44:47    -1469.164283       2.3942
MDMin:  39  13:44:47    -1467.364119       7.8379
MDMin:  40  13:44:47    -1471.701567       1.5912
MDMin:  41  13:44:48    -1472.547180       1.1665
MDMin:  42  13:44:50    -1473.690261       1.7540
MDMin:  43  13:44:50    -1475.012147       3.5736
MDMin:  44  13:44:50    -1474.801663       8.5972
MDMin:  45  13:44:51    -1476.703448       2.5658
MDMin:  46  13:44:51    -1477.234759       0.7481
MDMin:  47  13:44:51    -1477.965816       0.7018
MDMin:  48  13:44:51    -1478.871722       1.0703
MDMin:  49  13:44:52    -1479.433634       2.8677
MDMin:  50  13:44:52    -1477.111318       7.3058
MDMin:  51  13:44:52    -1481.066351       0.6610
MDMin:  52  13:44:52    -1481.567392       0.6096
MDMin:  53  13:44:53    -1482.052795       0.7358
MDMin:  54  13:44:54    -1482.303497       0.8593
MDMin:  55  13:44:55    -1482.579066       2.3528
MDMin:  56  13:44:55    -1481.147848       7.3499
MDMin:  57  13:44:55    -1482.931401       0.9501
MDMin:  58  13:44:55    -1483.027052       0.8469
MDMin:  59  13:44:56    -1483.170207       0.8623
MDMin:  60  13:44:56    -1483.354729       0.9153
MDMin:  61  13:44:56    -1483.567957       2.1147
MDMin:  62  13:44:56    -1483.754755       7.2233
MDMin:  63  13:44:57    -1483.808814       1.7861
MDMin:  64  13:44:57    -1483.872786       0.7160
MDMin:  65  13:44:59    -1483.972081       0.7707
MDMin:  66  13:45:00    -1484.101823       0.8448
MDMin:  67  13:45:00    -1484.250933       2.2100
MDMin:  68  13:45:00    -1484.374133       7.2018
MDMin:  69  13:45:00    -1484.402822       1.0628
MDMin:  70  13:45:01    -1484.452523       1.0850
MDMin:  71  13:45:01    -1484.528659       1.0613
MDMin:  72  13:45:01    -1484.628570       1.3065
MDMin:  73  13:45:01    -1484.742566       4.0413
MDMin:  74  13:45:02    -1484.813420       7.0425
MDMin:  75  13:45:02    -1484.831052       1.7176
MDMin:  76  13:45:02    -1484.884877       1.2654
MDMin:  77  13:45:02    -1484.958946       1.7056
MDMin:  78  13:45:03    -1485.047392       2.9030
MDMin:  79  13:45:03    -1485.120280       3.8707
MDMin:  80  13:45:05    -1485.165751       1.6450
MDMin:  81  13:45:05    -1485.227515       1.0282
MDMin:  82  13:45:05    -1485.317206       1.5811
MDMin:  83  13:45:06    -1485.428435       3.6307
MDMin:  84  13:45:06    -1485.519452       4.9169
MDMin:  85  13:45:06    -1485.564437       1.0214
MDMin:  86  13:45:06    -1485.638077       0.7781
MDMin:  87  13:45:07    -1485.750374       1.0220
MDMin:  88  13:45:07    -1485.901575       2.6408
MDMin:  89  13:45:07    -1486.054361       7.2675
MDMin:  90  13:45:07    -1486.112861       2.1728
MDMin:  91  13:45:08    -1486.181028       0.6531
MDMin:  92  13:45:08    -1486.293352       0.6392
MDMin:  93  13:45:08    -1486.450597       1.1139
MDMin:  94  13:45:10    -1486.638285       3.3841
MDMin:  95  13:45:10    -1486.788283       7.5225
MDMin:  96  13:45:10    -1486.833041       0.7721
MDMin:  97  13:45:11    -1486.918604       0.7834
MDMin:  98  13:45:11    -1487.043615       0.7463
MDMin:  99  13:45:11    -1487.203847       0.8140
MDMin: 100  13:45:11    -1487.393370       0.9338
MDMin: 101  13:45:12    -1487.594544       4.2914
MDMin: 102  13:45:12    -1487.709303       7.7117
MDMin: 103  13:45:12    -1487.727803       3.7604
MDMin: 104  13:45:12    -1487.784163       1.8979
MDMin: 105  13:45:13    -1487.849607       1.2147
MDMin: 106  13:45:13    -1487.931201       1.7459
MDMin: 107  13:45:21    -1488.019345       3.6505
MDMin: 108  13:45:22    -1488.086759       4.6637
MDMin: 109  13:45:22    -1488.123184       1.6349
MDMin: 110  13:45:22    -1488.170362       0.9557
MDMin: 111  13:45:22    -1488.234793       0.9968
MDMin: 112  13:45:23    -1488.313332       2.1718
MDMin: 113  13:45:23    -1488.390374       5.3558
MDMin: 114  13:45:23    -1488.428979       3.0299
MDMin: 115  13:45:23    -1488.455927       0.8478
MDMin: 116  13:45:24    -1488.500600       0.8973
MDMin: 117  13:45:24    -1488.562938       0.8841
MDMin: 118  13:45:24    -1488.641107       0.8144
MDMin: 119  13:45:24    -1488.729190       1.1357
MDMin: 120  13:45:27    -1488.812607       4.8165
MDMin: 121  13:45:27    -1488.845936       5.4747
MDMin: 122  13:45:28    -1488.853477       2.3173
MDMin: 123  13:45:28    -1488.873981       0.8888
MDMin: 124  13:45:28    -1488.903012       0.8538
MDMin: 125  13:45:28    -1488.939438       0.8719
MDMin: 126  13:45:29    -1488.981173       1.0257
MDMin: 127  13:45:29    -1489.023454       2.8994
MDMin: 128  13:45:29    -1489.050083       5.1381
MDMin: 129  13:45:29    -1489.057356       1.2653
MDMin: 130  13:45:31    -1489.073520       0.8823
MDMin: 131  13:45:31    -1489.097468       0.9085
MDMin: 132  13:45:31    -1489.130739       1.0442
MDMin: 133  13:45:31    -1489.175309       1.5052
MDMin: 134  13:45:32    -1489.227461       4.2917
MDMin: 135  13:45:32    -1489.255564       3.2088
MDMin: 136  13:45:32    -1489.271386       0.9079
MDMin: 137  13:45:33    -1489.302256       0.9384
MDMin: 138  13:45:33    -1489.350639       1.0263
MDMin: 139  13:45:33    -1489.421289       0.9653
MDMin: 140  13:45:33    -1489.515420       1.2486
MDMin: 141  13:45:34    -1489.619286       3.9405
MDMin: 142  13:45:36    -1489.672359       5.5021
MDMin: 143  13:45:36    -1489.684750       1.9530
MDMin: 144  13:45:36    -1489.717198       0.8388
MDMin: 145  13:45:37    -1489.764065       0.8397
MDMin: 146  13:45:37    -1489.824509       1.0393
MDMin: 147  13:45:37    -1489.893187       2.7363
MDMin: 148  13:45:37    -1489.948539       7.2820
MDMin: 149  13:45:38    -1489.965305       0.7901
MDMin: 150  13:45:38    -1489.995041       0.7696
MDMin: 151  13:45:38    -1490.039749       0.7319
MDMin: 152  13:45:38    -1490.099742       0.6397
MDMin: 153  13:45:39    -1490.173855       1.3936
MDMin: 154  13:45:39    -1490.250934       6.4433
MDMin: 155  13:45:39    -1490.280227       4.8270
MDMin: 156  13:45:39    -1490.289495       2.2680
MDMin: 157  13:45:41    -1490.314205       0.7619
MDMin: 158  13:45:42    -1490.350669       0.7038
MDMin: 159  13:45:42    -1490.397869       0.8315
MDMin: 160  13:45:42    -1490.451767       2.2797
MDMin: 161  13:45:42    -1490.497652       7.3180
MDMin: 162  13:45:43    -1490.511551       2.1148
MDMin: 163  13:45:43    -1490.526858       0.9254
MDMin: 164  13:45:43    -1490.550599       0.9002
MDMin: 165  13:45:43    -1490.581981       0.8494
MDMin: 166  13:45:44    -1490.619780       0.7417
MDMin: 167  13:45:44    -1490.662910       2.5385
MDMin: 168  13:45:44    -1490.703860       7.8066
MDMin: 169  13:45:44    -1490.713297       1.4117
MDMin: 170  13:45:47    -1490.728109       0.6421
MDMin: 171  13:45:47    -1490.751605       0.6074
MDMin: 172  13:45:47    -1490.782882       0.6973
MDMin: 173  13:45:47    -1490.818755       0.9581
MDMin: 174  13:45:48    -1490.851460       3.0963
MDMin: 175  13:45:48    -1490.868376       7.4962
MDMin: 176  13:45:48    -1490.870593       1.4721
MDMin: 177  13:45:48    -1490.874137       0.7427
MDMin: 178  13:45:49    -1490.875286       0.8171
MDMin: 179  13:45:49    -1490.870821       0.9916
MDMin: 180  13:45:49    -1490.859180       2.8239
MDMin: 181  13:45:49    -1490.846048       4.7403
MDMin: 182  13:45:52    -1490.840537       0.9053
MDMin: 183  13:45:52    -1490.831553       0.8032
MDMin: 184  13:45:52    -1490.818179       0.7877
MDMin: 185  13:45:52    -1490.800750       0.8037
MDMin: 186  13:45:53    -1490.780668       0.8304
MDMin: 187  13:45:53    -1490.760683       3.0564
MDMin: 188  13:45:53    -1490.749830       4.9886
MDMin: 189  13:45:53    -1490.747619       1.4744
MDMin: 190  13:45:54    -1490.743020       0.7891
MDMin: 191  13:45:54    -1490.737833       0.8184
MDMin: 192  13:45:54    -1490.731873       0.8694
MDMin: 193  13:45:56    -1490.723704       1.7666
MDMin: 194  13:45:56    -1490.713707       4.4399
MDMin: 195  13:45:56    -1490.708495       1.7637
MDMin: 196  13:45:57    -1490.703238       0.7338
MDMin: 197  13:45:57    -1490.694954       0.6621
MDMin: 198  13:45:57    -1490.683446       0.6641
MDMin: 199  13:45:57    -1490.668465       0.7335
[ERR1048]NEB Failed: Steps Exceeds Maximum.
Vacancy Migration Energy May Not Be Accurate.
Optimization terminated successfully.
         Current function value: 1539.131390
         Iterations: 17
         Function evaluations: 34
Formation Energy: -199.709765356
Migration Energy: -67.6703358221
Calculating Size 5 ...
[ERR1047]FIRE Failed: Steps Exceeds Maximum.
Vacancy Formation Energy May Not Be Accurate.
MDMin:   0  13:46:12    -2436.688128       8.4105
MDMin:   1  13:46:13    -2548.091987       7.0030
MDMin:   2  13:46:13    -2637.769344       4.4167
MDMin:   3  13:46:14    -2668.319523       3.1170
MDMin:   4  13:46:14    -2686.281347       3.0642
MDMin:   5  13:46:14    -2698.391673       3.0093
MDMin:   6  13:46:16    -2706.979445       2.6403
MDMin:   7  13:46:17    -2715.209189       3.2265
MDMin:   8  13:46:17    -2722.862601       4.0843
MDMin:   9  13:46:17    -2730.002908       6.0475
MDMin:  10  13:46:18    -2735.753211       4.6069
MDMin:  11  13:46:18    -2740.558216       2.2463
MDMin:  12  13:46:19    -2745.856116       2.6402
MDMin:  13  13:46:19    -2751.197982       4.9395
MDMin:  14  13:46:21    -2755.420431       5.3856
MDMin:  15  13:46:21    -2758.560561       1.4494
MDMin:  16  13:46:22    -2762.117214       1.5671
MDMin:  17  13:46:22    -2766.480874       2.9265
MDMin:  18  13:46:22    -2770.326210       4.9681
MDMin:  19  13:46:23    -2772.983620       4.3308
MDMin:  20  13:46:23    -2775.658483       1.5452
MDMin:  21  13:46:24    -2778.394152       1.0908
MDMin:  22  13:46:24    -2781.988744       1.9013
MDMin:  23  13:46:24    -2785.348462       5.6662
MDMin:  24  13:46:27    -2787.565104       5.9628
MDMin:  25  13:46:27    -2789.595038       1.3568
MDMin:  26  13:46:28    -2791.826528       0.5475
MDMin:  27  13:46:28    -2795.035567       0.8343
MDMin:  28  13:46:28    -2799.114302       2.2836
MDMin:  29  13:46:29    -2801.164920       4.9357
MDMin:  30  13:46:29    -2804.140649       3.0437
MDMin:  31  13:46:30    -2805.541439       0.8382
MDMin:  32  13:46:32    -2807.310180       0.7559
MDMin:  33  13:46:32    -2809.190548       1.2540
MDMin:  34  13:46:32    -2811.361659       3.5715
MDMin:  35  13:46:33    -2809.592224       6.6213
MDMin:  36  13:46:33    -2814.039315       1.1135
MDMin:  37  13:46:34    -2815.301377       0.7885
MDMin:  38  13:46:34    -2817.184479       0.7973
MDMin:  39  13:46:34    -2819.581387       1.6458
MDMin:  40  13:46:36    -2820.960324       5.2867
MDMin:  41  13:46:37    -2817.268057       7.7047
MDMin:  42  13:46:37    -2823.695616       1.9277
MDMin:  43  13:46:37    -2824.683347       1.3419
MDMin:  44  13:46:38    -2826.151051       1.6273
MDMin:  45  13:46:38    -2828.118652       3.8777
MDMin:  46  13:46:39    -2829.246735       6.5061
MDMin:  47  13:46:39    -2830.637972       2.4536
MDMin:  48  13:46:39    -2831.655259       1.2430
MDMin:  49  13:46:41    -2833.162852       0.9672
MDMin:  50  13:46:41    -2834.932974       1.7143
MDMin:  51  13:46:42    -2836.726298       3.7400
MDMin:  52  13:46:42    -2838.014423       4.4749
MDMin:  53  13:46:42    -2838.822163       1.6315
MDMin:  54  13:46:43    -2839.978022       0.8821
MDMin:  55  13:46:43    -2841.652681       1.3985
MDMin:  56  13:46:44    -2843.622794       3.1620
MDMin:  57  13:46:44    -2844.594675       6.4791
MDMin:  58  13:46:44    -2845.050042       2.9795
MDMin:  59  13:46:47    -2845.441120       1.3687
MDMin:  60  13:46:47    -2845.997206       0.9321
MDMin:  61  13:46:48    -2846.708632       1.5814
MDMin:  62  13:46:48    -2847.506944       3.7284
MDMin:  63  13:46:49    -2848.169116       8.0388
MDMin:  64  13:46:49    -2848.403024       1.7527
MDMin:  65  13:46:49    -2848.731695       0.8286
MDMin:  66  13:46:50    -2849.207194       0.8468
MDMin:  67  13:46:51    -2849.817317       1.0625
MDMin:  68  13:46:51    -2850.570163       3.2270
MDMin:  69  13:46:52    -2851.278533       8.6694
MDMin:  70  13:46:52    -2851.466924       1.3470
MDMin:  71  13:46:53    -2851.823825       0.7884
MDMin:  72  13:46:53    -2852.336164       0.8470
MDMin:  73  13:46:53    -2852.957754       0.8831
MDMin:  74  13:46:54    -2853.628001       2.4417
MDMin:  75  13:46:54    -2854.282663      13.8374
MDMin:  76  13:46:55    -2854.452801       3.9737
MDMin:  77  13:46:56    -2854.569018       2.2364
MDMin:  78  13:46:57    -2854.834326       0.8489
MDMin:  79  13:46:57    -2855.241728       0.8413
MDMin:  80  13:46:57    -2855.764465       0.8732
MDMin:  81  13:46:58    -2856.336994       1.7174
MDMin:  82  13:46:58    -2856.827766       6.8970
MDMin:  83  13:46:59    -2856.955902       2.7345
MDMin:  84  13:46:59    -2857.064568       0.8433
MDMin:  85  13:46:59    -2857.268249       0.8300
MDMin:  86  13:47:02    -2857.557049       0.8629
MDMin:  87  13:47:02    -2857.910282       1.0051
MDMin:  88  13:47:03    -2858.273897       2.6755
MDMin:  89  13:47:03    -2858.551001      14.8697
MDMin:  90  13:47:03    -2858.599787       2.6339
MDMin:  91  13:47:04    -2858.680547       1.0654
MDMin:  92  13:47:04    -2858.811264       1.1368
MDMin:  93  13:47:05    -2858.988961       0.9933
MDMin:  94  13:47:07    -2859.210190       0.8619
MDMin:  95  13:47:07    -2859.464187       1.6745
MDMin:  96  13:47:08    -2859.690877       9.0428
MDMin:  97  13:47:08    -2859.745044       3.5898
MDMin:  98  13:47:08    -2859.776309       1.8841
MDMin:  99  13:47:09    -2859.848935       0.9997
MDMin: 100  13:47:10    -2859.963707       0.9714
MDMin: 101  13:47:11    -2860.129242       1.1495
MDMin: 102  13:47:11    -2860.337694       2.8594
MDMin: 103  13:47:12    -2860.528072       7.3829
MDMin: 104  13:47:12    -2860.585963       1.1979
MDMin: 105  13:47:12    -2860.686142       0.8588
MDMin: 106  13:47:13    -2860.840000       0.9125
MDMin: 107  13:47:13    -2861.041081       0.9252
MDMin: 108  13:47:14    -2861.268773       0.7840
MDMin: 109  13:47:14    -2861.500703       2.5943
MDMin: 110  13:47:14    -2861.735018       5.8495
MDMin: 111  13:47:17    -2861.808529       0.9198
MDMin: 112  13:47:17    -2861.948870       0.7993
MDMin: 113  13:47:18    -2862.160769       0.8267
MDMin: 114  13:47:18    -2862.430167       0.8101
MDMin: 115  13:47:18    -2862.722788       0.8480
MDMin: 116  13:47:19    -2862.926941       1.1531
MDMin: 117  13:47:19    -2862.976136       3.3511
MDMin: 118  13:47:20    -2862.952218       9.4237
MDMin: 119  13:47:22    -2862.948441       2.5073
MDMin: 120  13:47:22    -2862.935952       1.0248
MDMin: 121  13:47:23    -2862.919502       1.1135
MDMin: 122  13:47:23    -2862.898023       1.8480
MDMin: 123  13:47:23    -2862.875063       4.5155
MDMin: 124  13:47:24    -2862.859248       4.3123
MDMin: 125  13:47:24    -2862.850451       0.9031
MDMin: 126  13:47:26    -2862.836663       0.8414
MDMin: 127  13:47:26    -2862.818698       0.7938
MDMin: 128  13:47:26    -2862.800250       0.7667
MDMin: 129  13:47:27    -2862.787776       2.8273
MDMin: 130  13:47:27    -2862.790449       7.0236
MDMin: 131  13:47:28    -2862.793472       1.1673
MDMin: 132  13:47:28    -2862.801439       0.6991
MDMin: 133  13:47:28    -2862.816360       0.7950
MDMin: 134  13:47:29    -2862.839287       1.3409
MDMin: 135  13:47:29    -2862.866527       3.5749
MDMin: 136  13:47:30    -2862.885000      10.9173
MDMin: 137  13:47:31    -2862.888321       0.9427
MDMin: 138  13:47:32    -2862.895769       0.7711
MDMin: 139  13:47:32    -2862.904462       0.8279
MDMin: 140  13:47:32    -2862.908490       0.8715
MDMin: 141  13:47:33    -2862.902197       2.6075
MDMin: 142  13:47:33    -2862.887069       5.3971
MDMin: 143  13:47:34    -2862.882566       0.8736
MDMin: 144  13:47:34    -2862.870024       0.7243
MDMin: 145  13:47:34    -2862.848531       0.6429
MDMin: 146  13:47:35    -2862.814762       1.1570
MDMin: 147  13:47:36    -2862.767113       3.1075
MDMin: 148  13:47:37    -2862.721312       9.5737
MDMin: 149  13:47:37    -2862.711342       1.2488
MDMin: 150  13:47:37    -2862.684289       0.8050
MDMin: 151  13:47:38    -2862.639862       0.8156
MDMin: 152  13:47:38    -2862.575263       1.0783
MDMin: 153  13:47:39    -2862.491128       3.6214
MDMin: 154  13:47:39    -2862.423883       5.5776
MDMin: 155  13:47:40    -2862.411372       1.4894
MDMin: 156  13:47:42    -2862.365690       0.6601
MDMin: 157  13:47:42    -2862.299839       0.8798
MDMin: 158  13:47:43    -2862.214676       2.0915
MDMin: 159  13:47:43    -2862.127994       3.9100
MDMin: 160  13:47:44    -2862.098102       1.8332
MDMin: 161  13:47:44    -2862.065073       0.9750
MDMin: 162  13:47:45    -2862.018599       0.9566
MDMin: 163  13:47:47    -2861.961966       1.6308
MDMin: 164  13:47:47    -2861.901909       3.6617
MDMin: 165  13:47:47    -2861.873480       2.9101
MDMin: 166  13:47:48    -2861.859874       0.7787
MDMin: 167  13:47:48    -2861.829954       0.7663
MDMin: 168  13:47:49    -2861.793267       0.7976
MDMin: 169  13:47:49    -2861.758169       1.5867
MDMin: 170  13:47:50    -2861.718158       6.4281
MDMin: 171  13:47:50    -2861.705176       5.8386
MDMin: 172  13:47:50    -2861.706660       1.9945
MDMin: 173  13:47:51    -2861.691579       0.8373
MDMin: 174  13:47:53    -2861.665441       0.7999
MDMin: 175  13:47:53    -2861.625793       1.7225
MDMin: 176  13:47:54    -2861.581162       3.3896
MDMin: 177  13:47:54    -2861.567696       2.2503
MDMin: 178  13:47:55    -2861.556981       0.6846
MDMin: 179  13:47:55    -2861.541519       0.7149
MDMin: 180  13:47:56    -2861.524914       1.2125
MDMin: 181  13:47:58    -2861.508453       3.0446
MDMin: 182  13:47:58    -2861.495948       3.5436
MDMin: 183  13:47:58    -2861.491940       0.7920
MDMin: 184  13:47:59    -2861.483884       0.7957
MDMin: 185  13:47:59    -2861.471486       1.2028
MDMin: 186  13:48:00    -2861.448047       3.4713
MDMin: 187  13:48:00    -2861.414729       5.2583
MDMin: 188  13:48:00    -2861.397659       0.9542
MDMin: 189  13:48:02    -2861.359555       0.7654
MDMin: 190  13:48:03    -2861.296158       0.9391
MDMin: 191  13:48:03    -2861.206313       2.7984
MDMin: 192  13:48:03    -2861.116110       5.2163
MDMin: 193  13:48:04    -2861.075811       1.2532
MDMin: 194  13:48:04    -2861.028266       0.8660
MDMin: 195  13:48:05    -2860.963764       1.1302
MDMin: 196  13:48:05    -2860.888896       1.9527
MDMin: 197  13:48:06    -2860.822111       4.1674
MDMin: 198  13:48:06    -2860.788178       2.1936
MDMin: 199  13:48:07    -2860.758955       0.8982
[ERR1048]NEB Failed: Steps Exceeds Maximum.
Vacancy Migration Energy May Not Be Accurate.
