Imported bulk from ase.lattice
Parameters Input: Ni diamond EAM_Dynamo_Mishin_Farkas_Ni__MO_400591584784_001 [3.43868995254]
CELL_SIZE_MIN: 3
CELL_SIZE_MAX: 5
Smallest System Size: 216
Largest System Size: 1000
Model Cutoff: 5.80375

[Calculation]

Supercell Size: 3
Unrelaxed Cell:
[[ 10.31606986   0.           0.        ]
 [  0.          10.31606986   0.        ]
 [  0.           0.          10.31606986]]
Unrelaxed Cell Vector:
[10.316069857620001, 0.0, 10.316069857620001, 0.0, 0.0, 10.316069857620001]
==========
Loop: 0
Position Relaxation...
Steps Limit Exceeded. Structure Maybe Unstable.
Relaxation Completed. Steps: 500
Cell Size Relaxation...
Optimization terminated successfully.
         Current function value: 2097.420951
         Iterations: 552
         Function evaluations: 968
Current VFE: 2097.42095081
Energy of Supercell: -2944.44209663
Unrelaxed Cell Volume: 1097.84953736
Current Relaxed Cell Volume: 7585.06489757
Current Relaxation Volume: -6487.21536021
Current Cell:
[[  1.95395072e+01   0.00000000e+00   0.00000000e+00]
 [  2.85450428e-03   1.97649947e+01   0.00000000e+00]
 [ -1.84755413e-03  -4.92359026e-03   1.96403396e+01]]
==========
Loop: 1
Position Relaxation...
Steps Limit Exceeded. Structure Maybe Unstable.
Relaxation Completed. Steps: 500
Cell Size Relaxation...
Optimization terminated successfully.
         Current function value: 1928.884478
         Iterations: 495
         Function evaluations: 871
Current VFE: 1928.88447757
Energy of Supercell: -2944.44209663
Unrelaxed Cell Volume: 1097.84953736
Current Relaxed Cell Volume: 48800.2944108
Current Relaxation Volume: -47702.4448734
Current Cell:
[[  3.57070298e+01   0.00000000e+00   0.00000000e+00]
 [ -1.68395344e-03   3.70256944e+01   0.00000000e+00]
 [ -8.35697256e-04  -6.16911218e-03   3.69118239e+01]]
==========
Loop: 2
Position Relaxation...
Steps Limit Exceeded. Structure Maybe Unstable.
Relaxation Completed. Steps: 500
Cell Size Relaxation...
Optimization terminated successfully.
         Current function value: 1927.576314
         Iterations: 405
         Function evaluations: 763
Current VFE: 1927.57631399
Energy of Supercell: -2944.44209663
Unrelaxed Cell Volume: 1097.84953736
Current Relaxed Cell Volume: 312764.385977
Current Relaxation Volume: -311666.53644
Current Cell:
[[  6.73900098e+01   0.00000000e+00   0.00000000e+00]
 [  1.00114762e-03   6.73498717e+01   0.00000000e+00]
 [ -1.62052288e-04  -8.67116311e-03   6.89104367e+01]]
==========
Loop: 3
Position Relaxation...
Steps Limit Exceeded. Structure Maybe Unstable.
Relaxation Completed. Steps: 500
Cell Size Relaxation...
Warning: Maximum number of function evaluations has been exceeded.
Current VFE: 1913.19469484
Energy of Supercell: -2944.44209663
Unrelaxed Cell Volume: 1097.84953736
Current Relaxed Cell Volume: 2001306.55907
Current Relaxation Volume: -2000208.70953
Current Cell:
[[  1.24612804e+02   0.00000000e+00   0.00000000e+00]
 [  6.60930804e-02   1.24741972e+02   0.00000000e+00]
 [  8.36401734e-03   8.09091931e-01   1.28747363e+02]]
==========
Loop: 4
Position Relaxation...
Steps Limit Exceeded. Structure Maybe Unstable.
Relaxation Completed. Steps: 500
Cell Size Relaxation...
Warning: Maximum number of function evaluations has been exceeded.
Current VFE: 1910.25853787
Energy of Supercell: -2944.44209663
Unrelaxed Cell Volume: 1097.84953736
Current Relaxed Cell Volume: 12739238.4059
Current Relaxation Volume: -12738140.5563
Current Cell:
[[  2.30576476e+02   0.00000000e+00   0.00000000e+00]
 [ -2.83454500e-02   2.29856821e+02   0.00000000e+00]
 [ -5.71991795e-03   1.52705616e+00   2.40364912e+02]]
==========
Loop: 5
Position Relaxation...
Steps Limit Exceeded. Structure Maybe Unstable.
Relaxation Completed. Steps: 500
Cell Size Relaxation...
Warning: Maximum number of function evaluations has been exceeded.
Current VFE: 1908.35262992
Energy of Supercell: -2944.44209663
Unrelaxed Cell Volume: 1097.84953736
Current Relaxed Cell Volume: 80949263.3825
Current Relaxation Volume: -80948165.533
Current Cell:
[[  4.26375152e+02   0.00000000e+00   0.00000000e+00]
 [  7.36957395