Imported bulk from ase.lattice
Parameters Input: Ni sc EAM_Dynamo_Mishin_Farkas_Ni__MO_400591584784_001 [2.34778145245]
CELL_SIZE_MIN: 6
CELL_SIZE_MAX: 8
Smallest System Size: 216
Largest System Size: 512

[Calculation]

Supercell Size: 6
Unrelaxed Cell:
[[ 14.08668871   0.           0.        ]
 [  0.          14.08668871   0.        ]
 [  0.           0.          14.08668871]]
Unrelaxed Cell Vector:
[14.086688714699999, 0.0, 14.086688714699999, 0.0, 0.0, 14.086688714699999]
Vacancy Formation Energy (Cell Structure Relaxation): -3.90150837089 Size:  6
Vacancy Formation Energy (Cell Structure Relaxation): -103.074168159 Size:  6
Vacancy Formation Energy (Cell Structure Relaxation): -118.161707033 Size:  6
Vacancy Formation Energy (Cell Structure Relaxation): -106.047686706 Size:  6
Vacancy Formation Energy (Cell Structure Relaxation): -118.250913318 Size:  6
Vacancy Formation Energy (Cell Structure Relaxation): -118.251061028 Size:  6
Vacancy Formation Energy (Cell Structure Relaxation): -107.774993005 Size:  6
Vacancy Formation Energy (Cell Structure Relaxation): -108.469379123 Size:  6
Vacancy Formation Energy (Cell Structure Relaxation): -120.982270983 Size:  6
Vacancy Formation Energy (Cell Structure Relaxation): -124.632992182 Size:  6
Vacancy Formation Energy (Cell Structure Relaxation): -125.80818127 Size:  6
Vacancy Formation Energy (Cell Structure Relaxation): -131.123719726 Size:  6
Vacancy Formation Energy (Cell Structure Relaxation): -131.454928031 Size:  6
Vacancy Formation Energy (Cell Structure Relaxation): -141.18648171 Size:  6
Vacancy Formation Energy (Cell Structure Relaxation): -141.261759673 Size:  6
Vacancy Formation Energy (Cell Structure Relaxation): -133.046448854 Size:  6
Vacancy Formation Energy (Cell Structure Relaxation): -141.688668223 Size:  6
Vacancy Formation Energy (Cell Structure Relaxation): -141.813933612 Size:  6
Vacancy Formation Energy (Cell Structure Relaxation): -141.814507088 Size:  6
Vacancy Formation Energy (Cell Structure Relaxation): -114.479615926 Size:  6
Vacancy Formation Energy (Cell Structure Relaxation): -128.524874085 Size:  6
Vacancy Formation Energy (Cell Structure Relaxation): -114.617201347 Size:  6
Vacancy Formation Energy (Cell Structure Relaxation): -140.239301559 Size:  6
Vacancy Formation Energy (Cell Structure Relaxation): -125.229243569 Size:  6
Vacancy Formation Energy (Cell Structure Relaxation): -143.115726639 Size:  6
Vacancy Formation Energy (Cell Structure Relaxation): -132.785195292 Size:  6
Vacancy Formation Energy (Cell Structure Relaxation): -141.911705634 Size:  6
Vacancy Formation Energy (Cell Structure Relaxation): -135.185762818 Size:  6
Vacancy Formation Energy (Cell Structure Relaxation): -146.064338819 Size:  6
Vacancy Formation Energy (Cell Structure Relaxation): -157.577447695 Size:  6
Vacancy Formation Energy (Cell Structure Relaxation): -121.634716174 Size:  6
Vacancy Formation Energy (Cell Structure Relaxation): -152.751061214 Size:  6
Vacancy Formation Energy (Cell Structure Relaxation): -160.164520614 Size:  6
Vacancy Formation Energy (Cell Structure Relaxation): -158.092124598 Size:  6
Vacancy Formation Energy (Cell Structure Relaxation): -158.942180476 Size:  6
Vacancy Formation Energy (Cell Structure Relaxation): -159.938565169 Size:  6
Vacancy Formation Energy (Cell Structure Relaxation): -154.699234633 Size:  6
Vacancy Formation Energy (Cell Structure Relaxation): -136.756831569 Size:  6
Vacancy Formation Energy (Cell Structure Relaxation): -156.942382742 Size:  6
Vacancy Formation Energy (Cell Structure Relaxation): -160.207704474 Size:  6
Vacancy Formation Energy (Cell Structure Relaxation): -155.278607108 Size:  6
Vacancy Formation Energy (Cell Structure Relaxation): -154.601806655 Size:  6
Vacancy Formation Energy (Cell Structure Relaxation): -162.102436464 Size:  6
Vacancy Formation Energy (Cell Structure Relaxation): -159.938735408 Size:  6
Vacancy Formation Energy (Cell Structure Relaxation): -160.759244016 Size:  6
Vacancy Formation Energy (Cell Structure Relaxation): -161.610193344 Size:  6
Vacancy Formation Energy (Cell Structure Relaxation): -159.412688826 Size:  6
Vacancy Formation Energy (Cell Structure Relaxation): -161.812064293 Size:  6
Vacancy Formation Energy (Cell Structure Relaxation): -156.359224295 Size:  6
Vacancy Formation Energy (Cell Structure Relaxation): -161.892521533 Size:  6
Vacancy Formation Energy (Cell Structure Relaxation): -161.723587114 Size:  6
Vacancy Formation Energy (Cell Structure Relaxation): -160.252593069 Size:  6
Vacancy Formation Energy (Cell Structure Relaxation): -161.915972458 Size:  6
Vacancy Formation Energy (Cell Structure Relaxation): -156.65666537 Size:  6
Vacancy Formation Energy (Cell Structure Relaxation): -162.296697494 Size:  6
Vacancy Formation Energy (Cell Structure Relaxation): -161.948522251 Size:  6
Vacancy Formation Energy (Cell Structure Relaxation): -157.96339736 Size:  6
Vacancy Formation Energy (Cell Structure Relaxation): -162.476374791 Size:  6
Vacancy Formation Energy (Cell Structure Relaxation): -162.441270501 Size:  6
Vacancy Formation Energy (Cell Structure Relaxation): -162.80719785 Size:  6
Vacancy Formation Energy (Cell Structure Relaxation): -162.874304009 Size:  6
Vacancy Formation Energy (Cell Structure Relaxation): -161.944045437 Size:  6
Vacancy Formation Energy (Cell Structure Relaxation): -162.438702761 Size:  6
Vacancy Formation Energy (Cell Structure Relaxation): -162.795061147 Size:  6
Vacancy Formation Energy (Cell Structure Relaxation): -162.996836133 Size:  6
Vacancy Formation Energy (Cell Structure Relaxation): -162.760343054 Size:  6
Vacancy Formation Energy (Cell Structure Relaxation): -163.194949418 Size:  6
Vacancy Formation Energy (Cell Structure Relaxation): -163.192462558 Size:  6
Vacancy Formation Energy (Cell Structure Relaxation): -163.043921902 Size:  6
Vacancy Formation Energy (Cell Structure Relaxation): -162.475624356 Size:  6
Vacancy Formation Energy (Cell Structure Relaxation): -162.921218632 Size:  6
Vacancy Formation Energy (Cell Structure Relaxation): -162.730341095 Size:  6
Vacancy Formation Energy (Cell Structure Relaxation): -163.015690919 Size:  6
Vacancy Formation Energy (Cell Structure Relaxation): -163.235145095 Size:  6
Vacancy Formation Energy (Cell Structure Relaxation): -163.331827709 Size:  6
Vacancy Formation Energy (Cell Structure Relaxation): -162.991481742 Size:  6
Vacancy Formation Energy (Cell Structure Relaxation): -163.355150647 Size:  6
Vacancy Formation Energy (Cell Structure Relaxation): -163.191740507 Size:  6
Vacancy Formation Energy (Cell Structure Relaxation): -163.168996695 Size:  6
Vacancy Formation Energy (Cell Structure Relaxation): -163.312150776 Size:  6
Vacancy Formation Energy (Cell Structure Relaxation): -163.028472522 Size:  6
Vacancy Formation Energy (Cell Structure Relaxation): -163.293735419 Size:  6
Vacancy Formation Energy (Cell Structure Relaxation): -162.976534377 Size:  6
Vacancy Formation Energy (Cell Structure Relaxation): -163.438252125 Size:  6
Vacancy Formation Energy (Cell Structure Relaxation): -162.945171267 Size:  6
Vacancy Formation Energy (Cell Structure Relaxation): -163.396167443 Size:  6
Vacancy Formation Energy (Cell Structure Relaxation): -163.290650115 Size:  6
Vacancy Formation Energy (Cell Structure Relaxation): -163.367576178 Size:  6
Vacancy Formation Energy (Cell Structure Relaxation): -163.434628722 Size:  6
Vacancy Formation Energy (Cell Structure Relaxation): -163.476056928 Size:  6
Vacancy Formation Energy (Cell Structure Relaxation): -163.36584893 Size:  6
Vacancy Formation Energy (Cell Structure Relaxation): -163.428249643 Size:  6
Vacancy Formation Energy (Cell Structure Relaxation): -163.471064369 Size:  6
Vacancy Formation Energy (Cell Structure Relaxation): -163.317484384 Size:  6
Vacancy Formation Energy (Cell Structure Relaxation): -163.425194059 Size:  6
Vacancy Formation Energy (Cell Structure Relaxation): -163.426718218 Size:  6
Vacancy Formation Energy (Cell Structure Relaxation): -163.440439669 Size:  6
Vacancy Formation Energy (Cell Structure Relaxation): -163.417973113 Size:  6
Vacancy Formation Energy (Cell Structure Relaxation): -163.469073266 Size:  6
Vacancy Formation Energy (Cell Structure Relaxation): -163.392490419 Size:  6
Vacancy Formation Energy (Cell Structure Relaxation): -163.470079469 Size:  6
Vacancy Formation Energy (Cell Structure Relaxation): -163.360080829 Size:  6
Vacancy Formation Energy (Cell Structure Relaxation): -163.476107159 Size:  6
Vacancy Formation Energy (Cell Structure Relaxation): -163.429788196 Size:  6
Vacancy Formation Energy (Cell Structure Relaxation): -163.466252118 Size:  6
Vacancy Formation Energy (Cell Structure Relaxation): -163.445080709 Size:  6
Vacancy Formation Energy (Cell Structure Relaxation): -163.470194619 Size:  6
Vacancy Formation Energy (Cell Structure Relaxation): -163.465133942 Size:  6
Vacancy Formation Energy (Cell Structure Relaxation): -163.463682449 Size:  6
Vacancy Formation Energy (Cell Structure Relaxation): -163.475685983 Size:  6
Vacancy Formation Energy (Cell Structure Relaxation): -163.47221424 Size:  6
Vacancy Formation Energy (Cell Structure Relaxation): -163.478837705 Size:  6
Vacancy Formation Energy (Cell Structure Relaxation): -163.472128661 Size:  6
Vacancy Formation Energy (Cell Structure Relaxation): -163.475643468 Size:  6
Vacancy Formation Energy (Cell Structure Relaxation): -163.474174378 Size:  6
Vacancy Formation Energy (Cell Structure Relaxation): -163.474863346 Size:  6
Vacancy Formation Energy (Cell Structure Relaxation): -163.465166023 Size:  6
Vacancy Formation Energy (Cell Structure Relaxation): -163.478061558 Size:  6
Vacancy Formation Energy (Cell Structure Relaxation): -163.475401199 Size:  6
Vacancy Formation Energy (Cell Structure Relaxation): -163.477579544 Size:  6
Vacancy Formation Energy (Cell Structure Relaxation): -163.472777474 Size:  6
Vacancy Formation Energy (Cell Structure Relaxation): -163.478791479 Size:  6
Vacancy Formation Energy (Cell Structure Relaxation): -163.476139141 Size:  6
Vacancy Formation Energy (Cell Structure Relaxation): -163.47335958 Size:  6
Vacancy Formation Energy (Cell Structure Relaxation): -163.478879371 Size:  6
Vacancy Formation Energy (Cell Structure Relaxation): -163.478021871 Size:  6
Vacancy Formation Energy (Cell Structure Relaxation): -163.475830262 Size:  6
Vacancy Formation Energy (Cell Structure Relaxation): -163.478722527 Size:  6
Vacancy Formation Energy (Cell Structure Relaxation): -163.479253565 Size:  6
Vacancy Formation Energy (Cell Structure Relaxation): -163.476335332 Size:  6
Vacancy Formation Energy (Cell Structure Relaxation): -163.478002004 Size:  6
Vacancy Formation Energy (Cell Structure Relaxation): -163.4793599 Size:  6
Vacancy Formation Energy (Cell Structure Relaxation): -163.477024409 Size:  6
Vacancy Formation Energy (Cell Structure Relaxation): -163.479468215 Size:  6
Vacancy Formation Energy (Cell Structure Relaxation): -163.478424175 Size:  6
Vacancy Formation Energy (Cell Structure Relaxation): -163.479563113 Size:  6
Vacancy Formation Energy (Cell Structure Relaxation): -163.479105663 Size:  6
Vacancy Formation Energy (Cell Structure Relaxation): -163.476918291 Size:  6
Vacancy Formation Energy (Cell Structure Relaxation): -163.47976006 Size:  6
Vacancy Formation Energy (Cell Structure Relaxation): -163.479018837 Size:  6
Vacancy Formation Energy (Cell Structure Relaxation): -163.479645986 Size:  6
Vacancy Formation Energy (Cell Structure Relaxation): -163.479229926 Size:  6
Vacancy Formation Energy (Cell Structure Relaxation): -163.479713302 Size:  6
Vacancy Formation Energy (Cell Structure Relaxation): -163.478248444 Size:  6
Vacancy Formation Energy (Cell Structure Relaxation): -163.47979189 Size:  6
Vacancy Formation Energy (Cell Structure Relaxation): -163.479526133 Size:  6
Vacancy Formation Energy (Cell Structure Relaxation): -163.478836864 Size:  6
Vacancy Formation Energy (Cell Structure Relaxation): -163.479816676 Size:  6
Vacancy Formation Energy (Cell Structure Relaxation): -163.479508781 Size:  6
Vacancy Formation Energy (Cell Structure Relaxation): -163.479773409 Size:  6
Vacancy Formation Energy (Cell Structure Relaxation): -163.479624752 Size:  6
Vacancy Formation Energy (Cell Structure Relaxation): -163.479810216 Size:  6
Vacancy Formation Energy (Cell Structure Relaxation): -163.4794879 Size:  6
Vacancy Formation Energy (Cell Structure Relaxation): -163.479824198 Size:  6
Vacancy Formation Energy (Cell Structure Relaxation): -163.479642824 Size:  6
Vacancy Formation Energy (Cell Structure Relaxation): -163.479832067 Size:  6
Vacancy Formation Energy (Cell Structure Relaxation): -163.479816516 Size:  6
Vacancy Formation Energy (Cell Structure Relaxation): -163.479820999 Size:  6
Vacancy Formation Energy (Cell Structure Relaxation): -163.479804361 Size:  6
Vacancy Formation Energy (Cell Structure Relaxation): -163.479861868 Size:  6
Vacancy Formation Energy (Cell Structure Relaxation): -163.479667712 Size:  6
Vacancy Formation Energy (Cell Structure Relaxation): -163.479874011 Size:  6
Vacancy Formation Energy (Cell Structure Relaxation): -163.479797465 Size:  6
Vacancy Formation Energy (Cell Structure Relaxation): -163.479863461 Size:  6
Vacancy Formation Energy (Cell Structure Relaxation): -163.479846252 Size:  6
Vacancy Formation Energy (Cell Structure Relaxation): -163.479751606 Size:  6
Vacancy Formation Energy (Cell Structure Relaxation): -163.479871955 Size:  6
Vacancy Formation Energy (Cell Structure Relaxation): -163.479798225 Size:  6
Vacancy Formation Energy (Cell Structure Relaxation): -163.47986852 Size:  6
Vacancy Formation Energy (Cell Structure Relaxation): -163.479851422 Size:  6
Vacancy Formation Energy (Cell Structure Relaxation): -163.479804483 Size:  6
Vacancy Formation Energy (Cell Structure Relaxation): -163.47987712 Size:  6
Vacancy Formation Energy (Cell Structure Relaxation): -163.479840421 Size:  6
Vacancy Formation Energy (Cell Structure Relaxation): -163.47987543 Size:  6
Vacancy Formation Energy (Cell Structure Relaxation): -163.479862561 Size:  6
Vacancy Formation Energy (Cell Structure Relaxation): -163.479877422 Size:  6
Vacancy Formation Energy (Cell Structure Relaxation): -163.479846155 Size:  6
Vacancy Formation Energy (Cell Structure Relaxation): -163.479879146 Size:  6
Vacancy Formation Energy (Cell Structure Relaxation): -163.479865753 Size:  6
Vacancy Formation Energy (Cell Structure Relaxation): -163.479879039 Size:  6
Vacancy Formation Energy (Cell Structure Relaxation): -163.479859016 Size:  6
Vacancy Formation Energy (Cell Structure Relaxation): -163.479880735 Size:  6
Vacancy Formation Energy (Cell Structure Relaxation): -163.479880305 Size:  6
Vacancy Formation Energy (Cell Structure Relaxation): -163.479864973 Size:  6
Vacancy Formation Energy (Cell Structure Relaxation): -163.479881881 Size:  6
Vacancy Formation Energy (Cell Structure Relaxation): -163.479873881 Size:  6
Vacancy Formation Energy (Cell Structure Relaxation): -163.479881569 Size:  6
Vacancy Formation Energy (Cell Structure Relaxation): -163.479875496 Size:  6
Vacancy Formation Energy (Cell Structure Relaxation): -163.47988153 Size:  6
Vacancy Formation Energy (Cell Structure Relaxation): -163.479877411 Size:  6
Vacancy Formation Energy (Cell Structure Relaxation): -163.479881905 Size:  6
Vacancy Formation Energy (Cell Structure Relaxation): -163.479880852 Size:  6
Vacancy Formation Energy (Cell Structure Relaxation): -163.479875151 Size:  6
Vacancy Formation Energy (Cell Structure Relaxation): -163.47988267 Size:  6
Vacancy Formation Energy (Cell Structure Relaxation): -163.479880344 Size:  6
Vacancy Formation Energy (Cell Structure Relaxation): -163.479882315 Size:  6
Vacancy Formation Energy (Cell Structure Relaxation): -163.479880368 Size:  6
Vacancy Formation Energy (Cell Structure Relaxation): -163.479882365 Size:  6
Vacancy Formation Energy (Cell Structure Relaxation): -163.479881304 Size:  6
Vacancy Formation Energy (Cell Structure Relaxation): -163.479882516 Size:  6
Vacancy Formation Energy (Cell Structure Relaxation): -163.479880342 Size:  6
Vacancy Formation Energy (Cell Structure Relaxation): -163.479882614 Size:  6
Vacancy Formation Energy (Cell Structure Relaxation): -163.47988113 Size:  6
Vacancy Formation Energy (Cell Structure Relaxation): -163.479882637 Size:  6
Vacancy Formation Energy (Cell Structure Relaxation): -163.479883196 Size:  6
Vacancy Formation Energy (Cell Structure Relaxation): -163.479882841 Size:  6
Vacancy Formation Energy (Cell Structure Relaxation): -163.479883366 Size:  6
Vacancy Formation Energy (Cell Structure Relaxation): -163.479883269 Size:  6
Vacancy Formation Energy (Cell Structure Relaxation): -163.479883011 Size:  6
Vacancy Formation Energy (Cell Structure Relaxation): -163.479883441 Size:  6
Vacancy Formation Energy (Cell Structure Relaxation): -163.479882988 Size:  6
Vacancy Formation Energy (Cell Structure Relaxation): -163.479882761 Size:  6
Vacancy Formation Energy (Cell Structure Relaxation): -163.479883523 Size:  6
Vacancy Formation Energy (Cell Structure Relaxation): -163.479882903 Size:  6
Vacancy Formation Energy (Cell Structure Relaxation): -163.479883997 Size:  6
Vacancy Formation Energy (Cell Structure Relaxation): -163.479883886 Size:  6
Vacancy Formation Energy (Cell Structure Relaxation): -163.479883265 Size:  6
Vacancy Formation Energy (Cell Structure Relaxation): -163.479884024 Size:  6
Vacancy Formation Energy (Cell Structure Relaxation): -163.479883589 Size:  6
Vacancy Formation Energy (Cell Structure Relaxation): -163.479884336 Size:  6
Vacancy Formation Energy (Cell Structure Relaxation): -163.479884253 Size:  6
Vacancy Formation Energy (Cell Structure Relaxation): -163.47988354 Size:  6
Vacancy Formation Energy (Cell Structure Relaxation): -163.47988376 Size:  6
Vacancy Formation Energy (Cell Structure Relaxation): -163.479884995 Size:  6
Vacancy Formation Energy (Cell Structure Relaxation): -163.479885623 Size:  6
Vacancy Formation Energy (Cell Structure Relaxation): -163.479884236 Size:  6
Vacancy Formation Energy (Cell Structure Relaxation): -163.479884633 Size:  6
Vacancy Formation Energy (Cell Structure Relaxation): -163.479883015 Size:  6
Vacancy Formation Energy (Cell Structure Relaxation): -163.479884571 Size:  6
Vacancy Formation Energy (Cell Structure Relaxation): -163.479885458 Size:  6
Vacancy Formation Energy (Cell Structure Relaxation): -163.479885991 Size:  6
Vacancy Formation Energy (Cell Structure Relaxation): -163.479886734 Size:  6
Vacancy Formation Energy (Cell Structure Relaxation): -163.479884982 Size:  6
Vacancy Formation Energy (Cell Structure Relaxation): -163.47988625 Size:  6
Vacancy Formation Energy (Cell Structure Relaxation): -163.479886384 Size:  6
Vacancy Formation Energy (Cell Structure Relaxation): -163.47988715 Size:  6
Vacancy Formation Energy (Cell Structure Relaxation): -163.479887521 Size:  6
Vacancy Formation Energy (Cell Structure Relaxation): -163.479887727 Size:  6
Vacancy Formation Energy (Cell Structure Relaxation): -163.479887981 Size:  6
Vacancy Formation Energy (Cell Structure Relaxation): -163.479887987 Size:  6
Vacancy Formation Energy (Cell Structure Relaxation): -163.479887577 Size:  6
Vacancy Formation Energy (Cell Structure Relaxation): -163.479889741 Size:  6
Vacancy Formation Energy (Cell Structure Relaxation): -163.47989161 Size:  6
Vacancy Formation Energy (Cell Structure Relaxation): -163.479890677 Size:  6
Vacancy Formation Energy (Cell Structure Relaxation): -163.479890761 Size:  6
Vacancy Formation Energy (Cell Structure Relaxation): -163.479892981 Size:  6
Vacancy Formation Energy (Cell Structure Relaxation): -163.47989557 Size:  6
Vacancy Formation Energy (Cell Structure Relaxation): -163.479894036 Size:  6
Vacancy Formation Energy (Cell Structure Relaxation): -163.479892584 Size:  6
Vacancy Formation Energy (Cell Structure Relaxation): -163.479897839 Size:  6
Vacancy Formation Energy (Cell Structure Relaxation): -163.479901869 Size:  6
Vacancy Formation Energy (Cell Structure Relaxation): -163.479898423 Size:  6
Vacancy Formation Energy (Cell Structure Relaxation): -163.479901788 Size:  6
Vacancy Formation Energy (Cell Structure Relaxation): -163.47990317 Size:  6
Vacancy Formation Energy (Cell Structure Relaxation): -163.479906769 Size:  6
Vacancy Formation Energy (Cell Structure Relaxation): -163.47990465 Size:  6
Vacancy Formation Energy (Cell Structure Relaxation): -163.479906637 Size:  6
Vacancy Formation Energy (Cell Structure Relaxation): -163.479912798 Size:  6
Vacancy Formation Energy (Cell Structure Relaxation): -163.479920553 Size:  6
Vacancy Formation Energy (Cell Structure Relaxation): -163.479916792 Size:  6
Vacancy Formation Energy (Cell Structure Relaxation): -163.479911587 Size:  6
Vacancy Formation Energy (Cell Structure Relaxation): -163.47991783 Size:  6
Vacancy Formation Energy (Cell Structure Relaxation): -163.479917543 Size:  6
Vacancy Formation Energy (Cell Structure Relaxation): -163.479923801 Size:  6
Vacancy Formation Energy (Cell Structure Relaxation): -163.479929134 Size:  6
Vacancy Formation Energy (Cell Structure Relaxation): -163.479929826 Size:  6
Vacancy Formation Energy (Cell Structure Relaxation): -163.479935183 Size:  6
Vacancy Formation Energy (Cell Structure Relaxation): -163.479938924 Size:  6
Vacancy Formation Energy (Cell Structure Relaxation): -163.47995205 Size:  6
Vacancy Formation Energy (Cell Structure Relaxation): -163.479937364 Size:  6
Vacancy Formation Energy (Cell Structure Relaxation): -163.479945464 Size:  6
Vacancy Formation Energy (Cell Structure Relaxation): -163.479957579 Size:  6
Vacancy Formation Energy (Cell Structure Relaxation): -163.479973197 Size:  6
Vacancy Formation Energy (Cell Structure Relaxation): -163.479955382 Size:  6
Vacancy Formation Energy (Cell Structure Relaxation): -163.479972144 Size:  6
Vacancy Formation Energy (Cell Structure Relaxation): -163.479981468 Size:  6
Vacancy Formation Energy (Cell Structure Relaxation): -163.480002202 Size:  6
Vacancy Formation Energy (Cell Structure Relaxation): -163.480000876 Size:  6
Vacancy Formation Energy (Cell Structure Relaxation): -163.480005513 Size:  6
Vacancy Formation Energy (Cell Structure Relaxation): -163.480024669 Size:  6
Vacancy Formation Energy (Cell Structure Relaxation): -163.480001415 Size:  6
Vacancy Formation Energy (Cell Structure Relaxation): -163.480044626 Size:  6
Vacancy Formation Energy (Cell Structure Relaxation): -163.480086745 Size:  6
Vacancy Formation Energy (Cell Structure Relaxation): -163.480067575 Size:  6
Vacancy Formation Energy (Cell Structure Relaxation): -163.480089886 Size:  6
Vacancy Formation Energy (Cell Structure Relaxation): -163.480136153 Size:  6
Vacancy Formation Energy (Cell Structure Relaxation): -163.48009876 Size:  6
Vacancy Formation Energy (Cell Structure Relaxation): -163.480126535 Size:  6
Vacancy Formation Energy (Cell Structure Relaxation): -163.480163864 Size:  6
Vacancy Formation Energy (Cell Structure Relaxation): -163.480207087 Size:  6
Vacancy Formation Energy (Cell Structure Relaxation): -163.480237919 Size:  6
Vacancy Formation Energy (Cell Structure Relaxation): -163.480339712 Size:  6
Vacancy Formation Energy (Cell Structure Relaxation): -163.480259943 Size:  6
Vacancy Formation Energy (Cell Structure Relaxation): -163.480270458 Size:  6
Vacancy Formation Energy (Cell Structure Relaxation): -163.480363515 Size:  6
Vacancy Formation Energy (Cell Structure Relaxation): -163.480481402 Size:  6
Vacancy Formation Energy (Cell Structure Relaxation): -163.480381324 Size:  6
Vacancy Formation Energy (Cell Structure Relaxation): -163.480476517 Size:  6
Vacancy Formation Energy (Cell Structure Relaxation): -163.480524325 Size:  6
Vacancy Formation Energy (Cell Structure Relaxation): -163.480635914 Size:  6
Vacancy Formation Energy (Cell Structure Relaxation): -163.480616876 Size:  6
Vacancy Formation Energy (Cell Structure Relaxation): -163.480738908 Size:  6
Vacancy Formation Energy (Cell Structure Relaxation): -163.480957217 Size:  6
Vacancy Formation Energy (Cell Structure Relaxation): -163.480745092 Size:  6
Vacancy Formation Energy (Cell Structure Relaxation): -163.480895024 Size:  6
Vacancy Formation Energy (Cell Structure Relaxation): -163.480950739 Size:  6
Vacancy Formation Energy (Cell Structure Relaxation): -163.481056512 Size:  6
Vacancy Formation Energy (Cell Structure Relaxation): -163.481198581 Size:  6
Vacancy Formation Energy (Cell Structure Relaxation): -163.481163339 Size:  6
Vacancy Formation Energy (Cell Structure Relaxation): -163.481321041 Size:  6
Vacancy Formation Energy (Cell Structure Relaxation): -163.481528231 Size:  6
Vacancy Formation Energy (Cell Structure Relaxation): -163.48149732 Size:  6
Vacancy Formation Energy (Cell Structure Relaxation): -163.481551805 Size:  6
Vacancy Formation Energy (Cell Structure Relaxation): -163.481731179 Size:  6
Vacancy Formation Energy (Cell Structure Relaxation): -163.48168237 Size:  6
Vacancy Formation Energy (Cell Structure Relaxation): -163.4814766 Size:  6
Vacancy Formation Energy (Cell Structure Relaxation): -163.48177469 Size:  6
Vacancy Formation Energy (Cell Structure Relaxation): -163.48172609 Size:  6
Vacancy Formation Energy (Cell Structure Relaxation): -163.481999431 Size:  6
Vacancy Formation Energy (Cell Structure Relaxation): -163.482134278 Size:  6
Vacancy Formation Energy (Cell Structure Relaxation): -163.481988546 Size:  6
Vacancy Formation Energy (Cell Structure Relaxation): -163.48181608 Size:  6
Vacancy Formation Energy (Cell Structure Relaxation): -163.482140183 Size:  6
Vacancy Formation Energy (Cell Structure Relaxation): -163.482071137 Size:  6
Vacancy Formation Energy (Cell Structure Relaxation): -163.482242542 Size:  6
Vacancy Formation Energy (Cell Structure Relaxation): -163.48228325 Size:  6
Vacancy Formation Energy (Cell Structure Relaxation): -163.482167178 Size:  6
Vacancy Formation Energy (Cell Structure Relaxation): -163.48250121 Size:  6
Vacancy Formation Energy (Cell Structure Relaxation): -163.482582957 Size:  6
Vacancy Formation Energy (Cell Structure Relaxation): -163.482859437 Size:  6
Vacancy Formation Energy (Cell Structure Relaxation): -163.483182793 Size:  6
Vacancy Formation Energy (Cell Structure Relaxation): -163.481141055 Size:  6
Vacancy Formation Energy (Cell Structure Relaxation): -163.482483874 Size:  6
Vacancy Formation Energy (Cell Structure Relaxation): -163.482987457 Size:  6
Vacancy Formation Energy (Cell Structure Relaxation): -163.483012795 Size:  6
Vacancy Formation Energy (Cell Structure Relaxation): -163.48349374 Size:  6
Vacancy Formation Energy (Cell Structure Relaxation): -163.48402768 Size:  6
Vacancy Formation Energy (Cell Structure Relaxation): -163.483762652 Size:  6
Vacancy Formation Energy (Cell Structure Relaxation): -163.483355642 Size:  6
Vacancy Formation Energy (Cell Structure Relaxation): -163.484162549 Size:  6
Vacancy Formation Energy (Cell Structure Relaxation): -163.484537777 Size:  6
Vacancy Formation Energy (Cell Structure Relaxation): -163.484094208 Size:  6
Vacancy Formation Energy (Cell Structure Relaxation): -163.48440248 Size:  6
Vacancy Formation Energy (Cell Structure Relaxation): -163.484833251 Size:  6
Vacancy Formation Energy (Cell Structure Relaxation): -163.485070778 Size:  6
Vacancy Formation Energy (Cell Structure Relaxation): -163.484587951 Size:  6
Vacancy Formation Energy (Cell Structure Relaxation): -163.48478414 Size:  6
Vacancy Formation Energy (Cell Structure Relaxation): -163.484178268 Size:  6
Vacancy Formation Energy (Cell Structure Relaxation): -163.484938246 Size:  6
Vacancy Formation Energy (Cell Structure Relaxation): -163.484781781 Size:  6
Vacancy Formation Energy (Cell Structure Relaxation): -163.485495254 Size:  6
Vacancy Formation Energy (Cell Structure Relaxation): -163.485723646 Size:  6
Vacancy Formation Energy (Cell Structure Relaxation): -163.48532516 Size:  6
Vacancy Formation Energy (Cell Structure Relaxation): -163.485603588 Size:  6
Vacancy Formation Energy (Cell Structure Relaxation): -163.483657348 Size:  6
Vacancy Formation Energy (Cell Structure Relaxation): -163.48538834 Size:  6
Vacancy Formation Energy (Cell Structure Relaxation): -163.486003462 Size:  6
Vacancy Formation Energy (Cell Structure Relaxation): -163.486211221 Size:  6
Vacancy Formation Energy (Cell Structure Relaxation): -163.486083082 Size:  6
Vacancy Formation Energy (Cell Structure Relaxation): -163.486129944 Size:  6
Vacancy Formation Energy (Cell Structure Relaxation): -163.486595129 Size:  6
Vacancy Formation Energy (Cell Structure Relaxation): -163.486811551 Size:  6
Vacancy Formation Energy (Cell Structure Relaxation): -163.486212687 Size:  6
Vacancy Formation Energy (Cell Structure Relaxation): -163.486558292 Size:  6
Vacancy Formation Energy (Cell Structure Relaxation): -163.4866128 Size:  6
Vacancy Formation Energy (Cell Structure Relaxation): -163.486737949 Size:  6
Vacancy Formation Energy (Cell Structure Relaxation): -163.486211563 Size:  6
Vacancy Formation Energy (Cell Structure Relaxation): -163.486915586 Size:  6
Vacancy Formation Energy (Cell Structure Relaxation): -163.486520309 Size:  6
Vacancy Formation Energy (Cell Structure Relaxation): -163.486774455 Size:  6
Vacancy Formation Energy (Cell Structure Relaxation): -163.487140658 Size:  6
Vacancy Formation Energy (Cell Structure Relaxation): -163.48660104 Size:  6
Vacancy Formation Energy (Cell Structure Relaxation): -163.487342097 Size:  6
Vacancy Formation Energy (Cell Structure Relaxation): -163.487197048 Size:  6
Vacancy Formation Energy (Cell Structure Relaxation): -163.487386973 Size:  6
Vacancy Formation Energy (Cell Structure Relaxation): -163.487044708 Size:  6
Vacancy Formation Energy (Cell Structure Relaxation): -163.486992181 Size:  6
Vacancy Formation Energy (Cell Structure Relaxation): -163.486497524 Size:  6
Vacancy Formation Energy (Cell Structure Relaxation): -163.487220451 Size:  6
Vacancy Formation Energy (Cell Structure Relaxation): -163.487374952 Size:  6
Vacancy Formation Energy (Cell Structure Relaxation): -163.487117387 Size:  6
Vacancy Formation Energy (Cell Structure Relaxation): -163.486947626 Size:  6
Vacancy Formation Energy (Cell Structure Relaxation): -163.487337486 Size:  6
Vacancy Formation Energy (Cell Structure Relaxation): -163.4868996 Size:  6
Vacancy Formation Energy (Cell Structure Relaxation): -163.487385085 Size:  6
Vacancy Formation Energy (Cell Structure Relaxation): -163.487446456 Size:  6
Vacancy Formation Energy (Cell Structure Relaxation): -163.487074 Size:  6
Vacancy Formation Energy (Cell Structure Relaxation): -163.487607695 Size:  6
Vacancy Formation Energy (Cell Structure Relaxation): -163.487492459 Size:  6
Vacancy Formation Energy (Cell Structure Relaxation): -163.487514589 Size:  6
Vacancy Formation Energy (Cell Structure Relaxation): -163.487315109 Size:  6
Vacancy Formation Energy (Cell Structure Relaxation): -163.487516957 Size:  6
Vacancy Formation Energy (Cell Structure Relaxation): -163.487173242 Size:  6
Vacancy Formation Energy (Cell Structure Relaxation): -163.487540568 Size:  6
Vacancy Formation Energy (Cell Structure Relaxation): -163.487510813 Size:  6
Vacancy Formation Energy (Cell Structure Relaxation): -163.487444241 Size:  6
Vacancy Formation Energy (Cell Structure Relaxation): -163.487563331 Size:  6
Vacancy Formation Energy (Cell Structure Relaxation): -163.487448893 Size:  6
Vacancy Formation Energy (Cell Structure Relaxation): -163.48756098 Size:  6
Vacancy Formation Energy (Cell Structure Relaxation): -163.487544324 Size:  6
Vacancy Formation Energy (Cell Structure Relaxation): -163.487429582 Size:  6
Vacancy Formation Energy (Cell Structure Relaxation): -163.487588159 Size:  6
Vacancy Formation Energy (Cell Structure Relaxation): -163.487594876 Size:  6
Vacancy Formation Energy (Cell Structure Relaxation): -163.487637206 Size:  6
Vacancy Formation Energy (Cell Structure Relaxation): -163.487593682 Size:  6
Vacancy Formation Energy (Cell Structure Relaxation): -163.487555302 Size:  6
Vacancy Formation Energy (Cell Structure Relaxation): -163.487611363 Size:  6
Vacancy Formation Energy (Cell Structure Relaxation): -163.48765213 Size:  6
Vacancy Formation Energy (Cell Structure Relaxation): -163.487611546 Size:  6
Vacancy Formation Energy (Cell Structure Relaxation): -163.48761206 Size:  6
Vacancy Formation Energy (Cell Structure Relaxation): -163.487573244 Size:  6
Vacancy Formation Energy (Cell Structure Relaxation): -163.487635279 Size:  6
Vacancy Formation Energy (Cell Structure Relaxation): -163.487610683 Size:  6
Vacancy Formation Energy (Cell Structure Relaxation): -163.487627475 Size:  6
Vacancy Formation Energy (Cell Structure Relaxation): -163.487571622 Size:  6
Vacancy Formation Energy (Cell Structure Relaxation): -163.48764671 Size:  6
Vacancy Formation Energy (Cell Structure Relaxation): -163.487635111 Size:  6
Vacancy Formation Energy (Cell Structure Relaxation): -163.487577669 Size:  6
Vacancy Formation Energy (Cell Structure Relaxation): -163.487648932 Size:  6
Vacancy Formation Energy (Cell Structure Relaxation): -163.487590585 Size:  6
Vacancy Formation Energy (Cell Structure Relaxation): -163.487652509 Size:  6
Vacancy Formation Energy (Cell Structure Relaxation): -163.487610852 Size:  6
Vacancy Formation Energy (Cell Structure Relaxation): -163.487652828 Size:  6
Vacancy Formation Energy (Cell Structure Relaxation): -163.487630655 Size:  6
Vacancy Formation Energy (Cell Structure Relaxation): -163.487651047 Size:  6
Vacancy Formation Energy (Cell Structure Relaxation): -163.487649552 Size:  6
Vacancy Formation Energy (Cell Structure Relaxation): -163.487650861 Size:  6
Vacancy Formation Energy (Cell Structure Relaxation): -163.487644336 Size:  6
Vacancy Formation Energy (Cell Structure Relaxation): -163.487656184 Size:  6
Vacancy Formation Energy (Cell Structure Relaxation): -163.487646893 Size:  6
Vacancy Formation Energy (Cell Structure Relaxation): -163.487656183 Size:  6
Vacancy Formation Energy (Cell Structure Relaxation): -163.487644133 Size:  6
Vacancy Formation Energy (Cell Structure Relaxation): -163.487656849 Size:  6
Vacancy Formation Energy (Cell Structure Relaxation): -163.487655257 Size:  6
Vacancy Formation Energy (Cell Structure Relaxation): -163.487650667 Size:  6
Vacancy Formation Energy (Cell Structure Relaxation): -163.48765713 Size:  6
Vacancy Formation Energy (Cell Structure Relaxation): -163.487639625 Size:  6
Vacancy Formation Energy (Cell Structure Relaxation): -163.487658156 Size:  6
Vacancy Formation Energy (Cell Structure Relaxation): -163.487655151 Size:  6
Vacancy Formation Energy (Cell Structure Relaxation): -163.487657991 Size:  6
Vacancy Formation Energy (Cell Structure Relaxation): -163.487651396 Size:  6
Vacancy Formation Energy (Cell Structure Relaxation): -163.487658125 Size:  6
Vacancy Formation Energy (Cell Structure Relaxation): -163.487658232 Size:  6
Vacancy Formation Energy (Cell Structure Relaxation): -163.487654697 Size:  6
Vacancy Formation Energy (Cell Structure Relaxation): -163.487655733 Size:  6
Vacancy Formation Energy (Cell Structure Relaxation): -163.487658255 Size:  6
Vacancy Formation Energy (Cell Structure Relaxation): -163.48765686 Size:  6
Vacancy Formation Energy (Cell Structure Relaxation): -163.487658402 Size:  6
Vacancy Formation Energy (Cell Structure Relaxation): -163.487657971 Size:  6
Vacancy Formation Energy (Cell Structure Relaxation): -163.487658843 Size:  6
Vacancy Formation Energy (Cell Structure Relaxation): -163.48765787 Size:  6
Vacancy Formation Energy (Cell Structure Relaxation): -163.487658785 Size:  6
Vacancy Formation Energy (Cell Structure Relaxation): -163.487656503 Size:  6
Vacancy Formation Energy (Cell Structure Relaxation): -163.487658943 Size:  6
Vacancy Formation Energy (Cell Structure Relaxation): -163.487658255 Size:  6
Vacancy Formation Energy (Cell Structure Relaxation): -163.487657963 Size:  6
Vacancy Formation Energy (Cell Structure Relaxation): -163.487658848 Size:  6
Vacancy Formation Energy (Cell Structure Relaxation): -163.487658377 Size:  6
Vacancy Formation Energy (Cell Structure Relaxation): -163.487657886 Size:  6
Vacancy Formation Energy (Cell Structure Relaxation): -163.487658878 Size:  6
Vacancy Formation Energy (Cell Structure Relaxation): -163.487658388 Size:  6
Vacancy Formation Energy (Cell Structure Relaxation): -163.487658884 Size:  6
Vacancy Formation Energy (Cell Structure Relaxation): -163.487657899 Size:  6
Vacancy Formation Energy (Cell Structure Relaxation): -163.487658933 Size:  6
Vacancy Formation Energy (Cell Structure Relaxation): -163.487658708 Size:  6
Vacancy Formation Energy (Cell Structure Relaxation): -163.487658986 Size:  6
Vacancy Formation Energy (Cell Structure Relaxation): -163.487658559 Size:  6
Vacancy Formation Energy (Cell Structure Relaxation): -163.487659017 Size:  6
Vacancy Formation Energy (Cell Structure Relaxation): -163.487658803 Size:  6
Vacancy Formation Energy (Cell Structure Relaxation): -163.487658996 Size:  6
Vacancy Formation Energy (Cell Structure Relaxation): -163.487658897 Size:  6
Vacancy Formation Energy (Cell Structure Relaxation): -163.487658964 Size:  6
Vacancy Formation Energy (Cell Structure Relaxation): -163.487658881 Size:  6
Vacancy Formation Energy (Cell Structure Relaxation): -163.487659017 Size:  6
Vacancy Formation Energy (Cell Structure Relaxation): -163.487658949 Size:  6
Vacancy Formation Energy (Cell Structure Relaxation): -163.487658762 Size:  6
Vacancy Formation Energy (Cell Structure Relaxation): -163.487659044 Size:  6
Vacancy Formation Energy (Cell Structure Relaxation): -163.487658937 Size:  6
Vacancy Formation Energy (Cell Structure Relaxation): -163.487659029 Size:  6
Vacancy Formation Energy (Cell Structure Relaxation): -163.487658814 Size:  6
Vacancy Formation Energy (Cell Structure Relaxation): -163.487659045 Size:  6
Vacancy Formation Energy (Cell Structure Relaxation): -163.487659093 Size:  6
Vacancy Formation Energy (Cell Structure Relaxation): -163.487659088 Size:  6
Vacancy Formation Energy (Cell Structure Relaxation): -163.487659036 Size:  6
Vacancy Formation Energy (Cell Structure Relaxation): -163.487659039 Size:  6
Vacancy Formation Energy (Cell Structure Relaxation): -163.487659029 Size:  6
Vacancy Formation Energy (Cell Structure Relaxation): -163.487659067 Size:  6
Vacancy Formation Energy (Cell Structure Relaxation): -163.487659079 Size:  6
Vacancy Formation Energy (Cell Structure Relaxation): -163.48765902 Size:  6
Vacancy Formation Energy (Cell Structure Relaxation): -163.487659074 Size:  6
Vacancy Formation Energy (Cell Structure Relaxation): -163.487659001 Size:  6
Vacancy Formation Energy (Cell Structure Relaxation): -163.487659077 Size:  6
Vacancy Formation Energy (Cell Structure Relaxation): -163.487659101 Size:  6
Vacancy Formation Energy (Cell Structure Relaxation): -163.48765908 Size:  6
Vacancy Formation Energy (Cell Structure Relaxation): -163.487659124 Size:  6
Vacancy Formation Energy (Cell Structure Relaxation): -163.48765912 Size:  6
Vacancy Formation Energy (Cell Structure Relaxation): -163.487659129 Size:  6
Vacancy Formation Energy (Cell Structure Relaxation): -163.487659129 Size:  6
Vacancy Formation Energy (Cell Structure Relaxation): -163.487659106 Size:  6
Vacancy Formation Energy (Cell Structure Relaxation): -163.487659137 Size:  6
Vacancy Formation Energy (Cell Structure Relaxation): -163.487659123 Size:  6
Vacancy Formation Energy (Cell Structure Relaxation): -163.4876591 Size:  6
Vacancy Formation Energy (Cell Structure Relaxation): -163.487659153 Size:  6
Vacancy Formation Energy (Cell Structure Relaxation): -163.487659152 Size:  6
Vacancy Formation Energy (Cell Structure Relaxation): -163.487659082 Size:  6
Vacancy Formation Energy (Cell Structure Relaxation): -163.48765913 Size:  6
Vacancy Formation Energy (Cell Structure Relaxation): -163.487659128 Size:  6
Vacancy Formation Energy (Cell Structure Relaxation): -163.487659173 Size:  6
Vacancy Formation Energy (Cell Structure Relaxation): -163.487659186 Size:  6
Vacancy Formation Energy (Cell Structure Relaxation): -163.48765915 Size:  6
Vacancy Formation Energy (Cell Structure Relaxation): -163.487659123 Size:  6
Vacancy Formation Energy (Cell Structure Relaxation): -163.487659152 Size:  6
Vacancy Formation Energy (Cell Structure Relaxation): -163.487659196 Size:  6
Vacancy Formation Energy (Cell Structure Relaxation): -163.487659224 Size:  6
Vacancy Formation Energy (Cell Structure Relaxation): -163.487659218 Size:  6
Vacancy Formation Energy (Cell Structure Relaxation): -163.487659227 Size:  6
Vacancy Formation Energy (Cell Structure Relaxation): -163.48765924 Size:  6
Vacancy Formation Energy (Cell Structure Relaxation): -163.487659216 Size:  6
Vacancy Formation Energy (Cell Structure Relaxation): -163.487659266 Size:  6
Vacancy Formation Energy (Cell Structure Relaxation): -163.487659281 Size:  6
Vacancy Formation Energy (Cell Structure Relaxation): -163.48765933 Size:  6
Vacancy Formation Energy (Cell Structure Relaxation): -163.487659392 Size:  6
Vacancy Formation Energy (Cell Structure Relaxation): -163.487659376 Size:  6
Vacancy Formation Energy (Cell Structure Relaxation): -163.487659389 Size:  6
Vacancy Formation Energy (Cell Structure Relaxation): -163.487659419 Size:  6
Vacancy Formation Energy (Cell Structure Relaxation): -163.487659452 Size:  6
Vacancy Formation Energy (Cell Structure Relaxation): -163.487659384 Size:  6
Vacancy Formation Energy (Cell Structure Relaxation): -163.487659542 Size:  6
Vacancy Formation Energy (Cell Structure Relaxation): -163.487659626 Size:  6
Vacancy Formation Energy (Cell Structure Relaxation): -163.487659657 Size:  6
Vacancy Formation Energy (Cell Structure Relaxation): -163.487659807 Size:  6
Vacancy Formation Energy (Cell Structure Relaxation): -163.487659594 Size:  6
Vacancy Formation Energy (Cell Structure Relaxation): -163.487659726 Size:  6
Vacancy Formation Energy (Cell Structure Relaxation): -163.487659675 Size:  6
Vacancy Formation Energy (Cell Structure Relaxation): -163.487659915 Size:  6
Vacancy Formation Energy (Cell Structure Relaxation): -163.487660058 Size:  6
Vacancy Formation Energy (Cell Structure Relaxation): -163.487660076 Size:  6
Vacancy Formation Energy (Cell Structure Relaxation): -163.487660247 Size:  6
Vacancy Formation Energy (Cell Structure Relaxation): -163.487660281 Size:  6
Vacancy Formation Energy (Cell Structure Relaxation): -163.487660603 Size:  6
Vacancy Formation Energy (Cell Structure Relaxation): -163.487660417 Size:  6
Vacancy Formation Energy (Cell Structure Relaxation): -163.487660713 Size:  6
Vacancy Formation Energy (Cell Structure Relaxation): -163.487661122 Size:  6
Vacancy Formation Energy (Cell Structure Relaxation): -163.487661016 Size:  6
Vacancy Formation Energy (Cell Structure Relaxation): -163.487661245 Size:  6
Vacancy Formation Energy (Cell Structure Relaxation): -163.487661544 Size:  6
Vacancy Formation Energy (Cell Structure Relaxation): -163.48766152 Size:  6
Vacancy Formation Energy (Cell Structure Relaxation): -163.487662104 Size:  6
Vacancy Formation Energy (Cell Structure Relaxation): -163.487662956 Size:  6
Vacancy Formation Energy (Cell Structure Relaxation): -163.487662595 Size:  6
Vacancy Formation Energy (Cell Structure Relaxation): -163.487663021 Size:  6
Vacancy Formation Energy (Cell Structure Relaxation): -163.487663812 Size:  6
Vacancy Formation Energy (Cell Structure Relaxation): -163.487663501 Size:  6
Vacancy Formation Energy (Cell Structure Relaxation): -163.487663699 Size:  6
Vacancy Formation Energy (Cell Structure Relaxation): -163.487664528 Size:  6
Vacancy Formation Energy (Cell Structure Relaxation): -163.48766542 Size:  6
Vacancy Formation Energy (Cell Structure Relaxation): -163.487665969 Size:  6
Vacancy Formation Energy (Cell Structure Relaxation): -163.487667567 Size:  6
Vacancy Formation Energy (Cell Structure Relaxation): -163.487666397 Size:  6
Vacancy Formation Energy (Cell Structure Relaxation): -163.48766591 Size:  6
Vacancy Formation Energy (Cell Structure Relaxation): -163.487667053 Size:  6
Vacancy Formation Energy (Cell Structure Relaxation): -163.487668063 Size:  6
Vacancy Formation Energy (Cell Structure Relaxation): -163.487668776 Size:  6
Vacancy Formation Energy (Cell Structure Relaxation): -163.487669662 Size:  6
Vacancy Formation Energy (Cell Structure Relaxation): -163.487670641 Size:  6
Vacancy Formation Energy (Cell Structure Relaxation): -163.487669615 Size:  6
Vacancy Formation Energy (Cell Structure Relaxation): -163.487670909 Size:  6
Vacancy Formation Energy (Cell Structure Relaxation): -163.487671218 Size:  6
Vacancy Formation Energy (Cell Structure Relaxation): -163.487671343 Size:  6
Vacancy Formation Energy (Cell Structure Relaxation): -163.487669905 Size:  6
Vacancy Formation Energy (Cell Structure Relaxation): -163.487669874 Size:  6
Vacancy Formation Energy (Cell Structure Relaxation): -163.48766665 Size:  6
Vacancy Formation Energy (Cell Structure Relaxation): -163.487670193 Size:  6
Vacancy Formation Energy (Cell Structure Relaxation): -163.487672742 Size:  6
Vacancy Formation Energy (Cell Structure Relaxation): -163.487673336 Size:  6
Vacancy Formation Energy (Cell Structure Relaxation): -163.487672452 Size:  6
Vacancy Formation Energy (Cell Structure Relaxation): -163.487673667 Size:  6
Vacancy Formation Energy (Cell Structure Relaxation): -163.487673555 Size:  6
Vacancy Formation Energy (Cell Structure Relaxation): -163.487672386 Size:  6
Vacancy Formation Energy (Cell Structure Relaxation): -163.487671846 Size:  6
Vacancy Formation Energy (Cell Structure Relaxation): -163.487673924 Size:  6
Vacancy Formation Energy (Cell Structure Relaxation): -163.48767281 Size:  6
Vacancy Formation Energy (Cell Structure Relaxation): -163.487674804 Size:  6
Vacancy Formation Energy (Cell Structure Relaxation): -163.487674256 Size:  6
Vacancy Formation Energy (Cell Structure Relaxation): -163.487673999 Size:  6
Vacancy Formation Energy (Cell Structure Relaxation): -163.487675652 Size:  6
Vacancy Formation Energy (Cell Structure Relaxation): -163.48767549 Size:  6
Vacancy Formation Energy (Cell Structure Relaxation): -163.487676676 Size:  6
Vacancy Formation Energy (Cell Structure Relaxation): -163.487677024 Size:  6
Vacancy Formation Energy (Cell Structure Relaxation): -163.487677405 Size:  6
Vacancy Formation Energy (Cell Structure Relaxation): -163.487677518 Size:  6
Vacancy Formation Energy (Cell Structure Relaxation): -163.487676114 Size:  6
Vacancy Formation Energy (Cell Structure Relaxation): -163.487679653 Size:  6
Vacancy Formation Energy (Cell Structure Relaxation): -163.487680955 Size:  6
Vacancy Formation Energy (Cell Structure Relaxation): -163.487682944 Size:  6
Vacancy Formation Energy (Cell Structure Relaxation): -163.487686642 Size:  6
Vacancy Formation Energy (Cell Structure Relaxation): -163.487677909 Size:  6
Vacancy Formation Energy (Cell Structure Relaxation): -163.487682718 Size:  6
Vacancy Formation Energy (Cell Structure Relaxation): -163.48767847 Size:  6
Vacancy Formation Energy (Cell Structure Relaxation): -163.487685628 Size:  6
Vacancy Formation Energy (Cell Structure Relaxation): -163.487685978 Size:  6
Vacancy Formation Energy (Cell Structure Relaxation): -163.487691463 Size:  6
Vacancy Formation Energy (Cell Structure Relaxation): -163.487696724 Size:  6
Vacancy Formation Energy (Cell Structure Relaxation): -163.487691133 Size:  6
Vacancy Formation Energy (Cell Structure Relaxation): -163.487698484 Size:  6
Vacancy Formation Energy (Cell Structure Relaxation): -163.487705937 Size:  6
Vacancy Formation Energy (Cell Structure Relaxation): -163.487700358 Size:  6
Vacancy Formation Energy (Cell Structure Relaxation): -163.487695335 Size:  6
Vacancy Formation Energy (Cell Structure Relaxation): -163.487697169 Size:  6
Vacancy Formation Energy (Cell Structure Relaxation): -163.487712772 Size:  6
Vacancy Formation Energy (Cell Structure Relaxation): -163.487724947 Size:  6
Vacancy Formation Energy (Cell Structure Relaxation): -163.487716854 Size:  6
Vacancy Formation Energy (Cell Structure Relaxation): -163.487718692 Size:  6
Vacancy Formation Energy (Cell Structure Relaxation): -163.487723771 Size:  6
Vacancy Formation Energy (Cell Structure Relaxation): -163.487726471 Size:  6
Vacancy Formation Energy (Cell Structure Relaxation): -163.487726242 Size:  6
Vacancy Formation Energy (Cell Structure Relaxation): -163.487740087 Size:  6
Vacancy Formation Energy (Cell Structure Relaxation): -163.487755698 Size:  6
Vacancy Formation Energy (Cell Structure Relaxation): -163.48774983 Size:  6
Vacancy Formation Energy (Cell Structure Relaxation): -163.487753873 Size:  6
Vacancy Formation Energy (Cell Structure Relaxation): -163.487753091 Size:  6
Vacancy Formation Energy (Cell Structure Relaxation): -163.487764416 Size:  6
Vacancy Formation Energy (Cell Structure Relaxation): -163.487777137 Size:  6
Vacancy Formation Energy (Cell Structure Relaxation): -163.487782644 Size:  6
Vacancy Formation Energy (Cell Structure Relaxation): -163.487803673 Size:  6
Vacancy Formation Energy (Cell Structure Relaxation): -163.487801571 Size:  6
Vacancy Formation Energy (Cell Structure Relaxation): -163.487789282 Size:  6
Vacancy Formation Energy (Cell Structure Relaxation): -163.487803233 Size:  6
Vacancy Formation Energy (Cell Structure Relaxation): -163.487812382 Size:  6
Vacancy Formation Energy (Cell Structure Relaxation): -163.487814039 Size:  6
Vacancy Formation Energy (Cell Structure Relaxation): -163.48783018 Size:  6
Vacancy Formation Energy (Cell Structure Relaxation): -163.487829718 Size:  6
Vacancy Formation Energy (Cell Structure Relaxation): -163.487838231 Size:  6
Vacancy Formation Energy (Cell Structure Relaxation): -163.487846565 Size:  6
Vacancy Formation Energy (Cell Structure Relaxation): -163.487856762 Size:  6
Vacancy Formation Energy (Cell Structure Relaxation): -163.487875158 Size:  6
Vacancy Formation Energy (Cell Structure Relaxation): -163.487815352 Size:  6
Vacancy Formation Energy (Cell Structure Relaxation): -163.487823184 Size:  6
Vacancy Formation Energy (Cell Structure Relaxation): -163.48779161 Size:  6
Vacancy Formation Energy (Cell Structure Relaxation): -163.487834089 Size:  6
Vacancy Formation Energy (Cell Structure Relaxation): -163.487876547 Size:  6
Vacancy Formation Energy (Cell Structure Relaxation): -163.487902908 Size:  6
Vacancy Formation Energy (Cell Structure Relaxation): -163.487880257 Size:  6
Vacancy Formation Energy (Cell Structure Relaxation): -163.48786782 Size:  6
Vacancy Formation Energy (Cell Structure Relaxation): -163.487914832 Size:  6
Vacancy Formation Energy (Cell Structure Relaxation): -163.487942113 Size:  6
Vacancy Formation Energy (Cell Structure Relaxation): -163.487944079 Size:  6
Vacancy Formation Energy (Cell Structure Relaxation): -163.487974634 Size:  6
Vacancy Formation Energy (Cell Structure Relaxation): -163.487975757 Size:  6
Vacancy Formation Energy (Cell Structure Relaxation): -163.48800867 Size:  6
Vacancy Formation Energy (Cell Structure Relaxation): -163.48793011 Size:  6
Vacancy Formation Energy (Cell Structure Relaxation): -163.488020424 Size:  6
Vacancy Formation Energy (Cell Structure Relaxation): -163.488059989 Size:  6
Vacancy Formation Energy (Cell Structure Relaxation): -163.48803698 Size:  6
Vacancy Formation Energy (Cell Structure Relaxation): -163.48801933 Size:  6
Vacancy Formation Energy (Cell Structure Relaxation): -163.488104839 Size:  6
Vacancy Formation Energy (Cell Structure Relaxation): -163.488153289 Size:  6
Vacancy Formation Energy (Cell Structure Relaxation): -163.488139871 Size:  6
Vacancy Formation Energy (Cell Structure Relaxation): -163.488151465 Size:  6
Vacancy Formation Energy (Cell Structure Relaxation): -163.48808892 Size:  6
Vacancy Formation Energy (Cell Structure Relaxation): -163.488244979 Size:  6
Vacancy Formation Energy (Cell Structure Relaxation): -163.488347734 Size:  6
Vacancy Formation Energy (Cell Structure Relaxation): -163.48825401 Size:  6
Vacancy Formation Energy (Cell Structure Relaxation): -163.488312124 Size:  6
Vacancy Formation Energy (Cell Structure Relaxation): -163.488244204 Size:  6
Vacancy Formation Energy (Cell Structure Relaxation): -163.488342454 Size:  6
Vacancy Formation Energy (Cell Structure Relaxation): -163.488391986 Size:  6
Vacancy Formation Energy (Cell Structure Relaxation): -163.488417001 Size:  6
Vacancy Formation Energy (Cell Structure Relaxation): -163.488539594 Size:  6
Vacancy Formation Energy (Cell Structure Relaxation): -163.488682557 Size:  6
Vacancy Formation Energy (Cell Structure Relaxation): -163.488558956 Size:  6
Vacancy Formation Energy (Cell Structure Relaxation): -163.488685623 Size:  6
Vacancy Formation Energy (Cell Structure Relaxation): -163.488831063 Size:  6
Vacancy Formation Energy (Cell Structure Relaxation): -163.488765496 Size:  6
Vacancy Formation Energy (Cell Structure Relaxation): -163.488974981 Size:  6
Vacancy Formation Energy (Cell Structure Relaxation): -163.489278283 Size:  6
Vacancy Formation Energy (Cell Structure Relaxation): -163.489043141 Size:  6
Vacancy Formation Energy (Cell Structure Relaxation): -163.48927933 Size:  6
Vacancy Formation Energy (Cell Structure Relaxation): -163.489508822 Size:  6
Vacancy Formation Energy (Cell Structure Relaxation): -163.489339314 Size:  6
Vacancy Formation Energy (Cell Structure Relaxation): -163.489616494 Size:  6
Vacancy Formation Energy (Cell Structure Relaxation): -163.489894186 Size:  6
Vacancy Formation Energy (Cell Structure Relaxation): -163.489968093 Size:  6
Vacancy Formation Energy (Cell Structure Relaxation): -163.490385472 Size:  6
Vacancy Formation Energy (Cell Structure Relaxation): -163.49053407 Size:  6
Vacancy Formation Energy (Cell Structure Relaxation): -163.491281679 Size:  6
Vacancy Formation Energy (Cell Structure Relaxation): -163.490743621 Size:  6
Vacancy Formation Energy (Cell Structure Relaxation): -163.490871933 Size:  6
Vacancy Formation Energy (Cell Structure Relaxation): -163.491687225 Size:  6
Vacancy Formation Energy (Cell Structure Relaxation): -163.492607125 Size:  6
Vacancy Formation Energy (Cell Structure Relaxation): -163.492027139 Size:  6
Vacancy Formation Energy (Cell Structure Relaxation): -163.491847959 Size:  6
Vacancy Formation Energy (Cell Structure Relaxation): -163.492880387 Size:  6
Vacancy Formation Energy (Cell Structure Relaxation): -163.493788561 Size:  6
Vacancy Formation Energy (Cell Structure Relaxation): -163.493325104 Size:  6
Vacancy Formation Energy (Cell Structure Relaxation): -163.494274386 Size:  6
Vacancy Formation Energy (Cell Structure Relaxation): -163.495570292 Size:  6
Vacancy Formation Energy (Cell Structure Relaxation): -163.494226749 Size:  6
Vacancy Formation Energy (Cell Structure Relaxation): -163.49545613 Size:  6
Vacancy Formation Energy (Cell Structure Relaxation): -163.495382422 Size:  6
Vacancy Formation Energy (Cell Structure Relaxation): -163.495783606 Size:  6
Vacancy Formation Energy (Cell Structure Relaxation): -163.495436749 Size:  6
Vacancy Formation Energy (Cell Structure Relaxation): -163.496383592 Size:  6
Vacancy Formation Energy (Cell Structure Relaxation): -163.496635398 Size:  6
Vacancy Formation Energy (Cell Structure Relaxation): -163.496893384 Size:  6
Vacancy Formation Energy (Cell Structure Relaxation): -163.496709672 Size:  6
Vacancy Formation Energy (Cell Structure Relaxation): -163.498286247 Size:  6
Vacancy Formation Energy (Cell Structure Relaxation): -163.499825726 Size:  6
Vacancy Formation Energy (Cell Structure Relaxation): -163.498246852 Size:  6
Vacancy Formation Energy (Cell Structure Relaxation): -163.497078091 Size:  6
Vacancy Formation Energy (Cell Structure Relaxation): -163.497020977 Size:  6
Vacancy Formation Energy (Cell Structure Relaxation): -163.498189117 Size:  6
Vacancy Formation Energy (Cell Structure Relaxation): -163.499527037 Size:  6
Vacancy Formation Energy (Cell Structure Relaxation): -163.499468315 Size:  6
Vacancy Formation Energy (Cell Structure Relaxation): -163.500302469 Size:  6
Vacancy Formation Energy (Cell Structure Relaxation): -163.5003124 Size:  6
Vacancy Formation Energy (Cell Structure Relaxation): -163.501521088 Size:  6
Vacancy Formation Energy (Cell Structure Relaxation): -163.501759902 Size:  6
Vacancy Formation Energy (Cell Structure Relaxation): -163.500490918 Size:  6
Vacancy Formation Energy (Cell Structure Relaxation): -163.502941797 Size:  6
Vacancy Formation Energy (Cell Structure Relaxation): -163.503418972 Size:  6
Vacancy Formation Energy (Cell Structure Relaxation): -163.499766496 Size:  6
Vacancy Formation Energy (Cell Structure Relaxation): -163.499335114 Size:  6
Vacancy Formation Energy (Cell Structure Relaxation): -163.501345967 Size:  6
Vacancy Formation Energy (Cell Structure Relaxation): -163.50032843 Size:  6
Vacancy Formation Energy (Cell Structure Relaxation): -163.502908957 Size:  6
Vacancy Formation Energy (Cell Structure Relaxation): -163.503104986 Size:  6
Vacancy Formation Energy (Cell Structure Relaxation): -163.501381956 Size:  6
Vacancy Formation Energy (Cell Structure Relaxation): -163.5025211 Size:  6
Vacancy Formation Energy (Cell Structure Relaxation): -163.501509671 Size:  6
Vacancy Formation Energy (Cell Structure Relaxation): -163.501297235 Size:  6
Vacancy Formation Energy (Cell Structure Relaxation): -163.502853163 Size:  6
Vacancy Formation Energy (Cell Structure Relaxation): -163.501271223 Size:  6
Vacancy Formation Energy (Cell Structure Relaxation): -163.502915702 Size:  6
Vacancy Formation Energy (Cell Structure Relaxation): -163.502761251 Size:  6
Vacancy Formation Energy (Cell Structure Relaxation): -163.503656441 Size:  6
Vacancy Formation Energy (Cell Structure Relaxation): -163.502757881 Size:  6
Vacancy Formation Energy (Cell Structure Relaxation): -163.501119409 Size:  6
Vacancy Formation Energy (Cell Structure Relaxation): -163.50357115 Size:  6
Vacancy Formation Energy (Cell Structure Relaxation): -163.503518187 Size:  6
Vacancy Formation Energy (Cell Structure Relaxation): -163.504080659 Size:  6
Vacancy Formation Energy (Cell Structure Relaxation): -163.503748569 Size:  6
Vacancy Formation Energy (Cell Structure Relaxation): -163.503441396 Size:  6
Vacancy Formation Energy (Cell Structure Relaxation): -163.503348764 Size:  6
Vacancy Formation Energy (Cell Structure Relaxation): -163.503856902 Size:  6
Vacancy Formation Energy (Cell Structure Relaxation): -163.504089786 Size:  6
Vacancy Formation Energy (Cell Structure Relaxation): -163.503553917 Size:  6
Vacancy Formation Energy (Cell Structure Relaxation): -163.503108534 Size:  6
Vacancy Formation Energy (Cell Structure Relaxation): -163.503961472 Size:  6
Vacancy Formation Energy (Cell Structure Relaxation): -163.504335072 Size:  6
Vacancy Formation Energy (Cell Structure Relaxation): -163.504072855 Size:  6
Vacancy Formation Energy (Cell Structure Relaxation): -163.504533263 Size:  6
Vacancy Formation Energy (Cell Structure Relaxation): -163.504340211 Size:  6
Vacancy Formation Energy (Cell Structure Relaxation): -163.503478497 Size:  6
Vacancy Formation Energy (Cell Structure Relaxation): -163.504194074 Size:  6
Vacancy Formation Energy (Cell Structure Relaxation): -163.504126188 Size:  6
Vacancy Formation Energy (Cell Structure Relaxation): -163.504385339 Size:  6
Vacancy Formation Energy (Cell Structure Relaxation): -163.503801719 Size:  6
Vacancy Formation Energy (Cell Structure Relaxation): -163.504382167 Size:  6
Vacancy Formation Energy (Cell Structure Relaxation): -163.504514917 Size:  6
Vacancy Formation Energy (Cell Structure Relaxation): -163.504175327 Size:  6
Vacancy Formation Energy (Cell Structure Relaxation): -163.50443614 Size:  6
Vacancy Formation Energy (Cell Structure Relaxation): -163.504839449 Size:  6
Vacancy Formation Energy (Cell Structure Relaxation): -163.505026743 Size:  6
Vacancy Formation Energy (Cell Structure Relaxation): -163.504879165 Size:  6
Vacancy Formation Energy (Cell Structure Relaxation): -163.504746295 Size:  6
Vacancy Formation Energy (Cell Structure Relaxation): -163.504755344 Size:  6
Vacancy Formation Energy (Cell Structure Relaxation): -163.505022744 Size:  6
Vacancy Formation Energy (Cell Structure Relaxation): -163.50511924 Size:  6
Vacancy Formation Energy (Cell Structure Relaxation): -163.504984016 Size:  6
Vacancy Formation Energy (Cell Structure Relaxation): -163.505352763 Size:  6
Vacancy Formation Energy (Cell Structure Relaxation): -163.505399334 Size:  6
Vacancy Formation Energy (Cell Structure Relaxation): -163.505243956 Size:  6
Vacancy Formation Energy (Cell Structure Relaxation): -163.505066988 Size:  6
Vacancy Formation Energy (Cell Structure Relaxation): -163.505420293 Size:  6
Vacancy Formation Energy (Cell Structure Relaxation): -163.505152291 Size:  6
Vacancy Formation Energy (Cell Structure Relaxation): -163.505239266 Size:  6
Vacancy Formation Energy (Cell Structure Relaxation): -163.505511228 Size:  6
Vacancy Formation Energy (Cell Structure Relaxation): -163.505262019 Size:  6
Vacancy Formation Energy (Cell Structure Relaxation): -163.50544609 Size:  6
Vacancy Formation Energy (Cell Structure Relaxation): -163.505340986 Size:  6
Vacancy Formation Energy (Cell Structure Relaxation): -163.50552962 Size:  6
Vacancy Formation Energy (Cell Structure Relaxation): -163.505104056 Size:  6
Vacancy Formation Energy (Cell Structure Relaxation): -163.505144152 Size:  6
Vacancy Formation Energy (Cell Structure Relaxation): -163.50551794 Size:  6
Vacancy Formation Energy (Cell Structure Relaxation): -163.505095196 Size:  6
Vacancy Formation Energy (Cell Structure Relaxation): -163.505554067 Size:  6
Vacancy Formation Energy (Cell Structure Relaxation): -163.505203859 Size:  6
Vacancy Formation Energy (Cell Structure Relaxation): -163.505561309 Size:  6
Vacancy Formation Energy (Cell Structure Relaxation): -163.505727311 Size:  6
Vacancy Formation Energy (Cell Structure Relaxation): -163.505769235 Size:  6
Vacancy Formation Energy (Cell Structure Relaxation): -163.505620881 Size:  6
Vacancy Formation Energy (Cell Structure Relaxation): -163.505578264 Size:  6
Vacancy Formation Energy (Cell Structure Relaxation): -163.505661064 Size:  6
Vacancy Formation Energy (Cell Structure Relaxation): -163.505733679 Size:  6
Vacancy Formation Energy (Cell Structure Relaxation): -163.505739123 Size:  6
Vacancy Formation Energy (Cell Structure Relaxation): -163.505913097 Size:  6
Vacancy Formation Energy (Cell Structure Relaxation): -163.505935092 Size:  6
Vacancy Formation Energy (Cell Structure Relaxation): -163.505959564 Size:  6
Vacancy Formation Energy (Cell Structure Relaxation): -163.505866109 Size:  6
Vacancy Formation Energy (Cell Structure Relaxation): -163.50569529 Size:  6
Vacancy Formation Energy (Cell Structure Relaxation): -163.506020581 Size:  6
Vacancy Formation Energy (Cell Structure Relaxation): -163.505941784 Size:  6
Vacancy Formation Energy (Cell Structure Relaxation): -163.505778922 Size:  6
Vacancy Formation Energy (Cell Structure Relaxation): -163.505627197 Size:  6
Vacancy Formation Energy (Cell Structure Relaxation): -163.505917594 Size:  6
Vacancy Formation Energy (Cell Structure Relaxation): -163.506056483 Size:  6
Vacancy Formation Energy (Cell Structure Relaxation): -163.505944931 Size:  6
Vacancy Formation Energy (Cell Structure Relaxation): -163.50608974 Size:  6
Vacancy Formation Energy (Cell Structure Relaxation): -163.505937609 Size:  6
Vacancy Formation Energy (Cell Structure Relaxation): -163.506035483 Size:  6
Vacancy Formation Energy (Cell Structure Relaxation): -163.506071606 Size:  6
Vacancy Formation Energy (Cell Structure Relaxation): -163.506152114 Size:  6
Vacancy Formation Energy (Cell Structure Relaxation): -163.506000517 Size:  6
Vacancy Formation Energy (Cell Structure Relaxation): -163.506184212 Size:  6
Vacancy Formation Energy (Cell Structure Relaxation): -163.506026404 Size:  6
Vacancy Formation Energy (Cell Structure Relaxation): -163.506114432 Size:  6
Vacancy Formation Energy (Cell Structure Relaxation): -163.505950317 Size:  6
Vacancy Formation Energy (Cell Structure Relaxation): -163.506160156 Size:  6
Vacancy Formation Energy (Cell Structure Relaxation): -163.506199415 Size:  6
Vacancy Formation Energy (Cell Structure Relaxation): -163.506051667 Size:  6
Vacancy Formation Energy (Cell Structure Relaxation): -163.506189744 Size:  6
Vacancy Formation Energy (Cell Structure Relaxation): -163.506170054 Size:  6
Vacancy Formation Energy (Cell Structure Relaxation): -163.506204809 Size:  6
Vacancy Formation Energy (Cell Structure Relaxation): -163.505989149 Size:  6
Vacancy Formation Energy (Cell Structure Relaxation): -163.50612041 Size:  6
Vacancy Formation Energy (Cell Structure Relaxation): -163.506230447 Size:  6
Vacancy Formation Energy (Cell Structure Relaxation): -163.506296727 Size:  6
Vacancy Formation Energy (Cell Structure Relaxation): -163.506263774 Size:  6
Vacancy Formation Energy (Cell Structure Relaxation): -163.506209638 Size:  6
Vacancy Formation Energy (Cell Structure Relaxation): -163.506179478 Size:  6
Vacancy Formation Energy (Cell Structure Relaxation): -163.506255592 Size:  6
Vacancy Formation Energy (Cell Structure Relaxation): -163.506135908 Size:  6
Vacancy Formation Energy (Cell Structure Relaxation): -163.506261764 Size:  6
Vacancy Formation Energy (Cell Structure Relaxation): -163.506131261 Size:  6
Vacancy Formation Energy (Cell Structure Relaxation): -163.506264932 Size:  6
Vacancy Formation Energy (Cell Structure Relaxation): -163.506187685 Size:  6
Vacancy Formation Energy (Cell Structure Relaxation): -163.506261698 Size:  6
Vacancy Formation Energy (Cell Structure Relaxation): -163.506196758 Size:  6
Vacancy Formation Energy (Cell Structure Relaxation): -163.506262993 Size:  6
Vacancy Formation Energy (Cell Structure Relaxation): -163.506302423 Size:  6
Vacancy Formation Energy (Cell Structure Relaxation): -163.506285151 Size:  6
Vacancy Formation Energy (Cell Structure Relaxation): -163.506294021 Size:  6
Vacancy Formation Energy (Cell Structure Relaxation): -163.50628049 Size:  6
Vacancy Formation Energy (Cell Structure Relaxation): -163.506300827 Size:  6
Vacancy Formation Energy (Cell Structure Relaxation): -163.506297916 Size:  6
Vacancy Formation Energy (Cell Structure Relaxation): -163.506304791 Size:  6
Vacancy Formation Energy (Cell Structure Relaxation): -163.506246112 Size:  6
Vacancy Formation Energy (Cell Structure Relaxation): -163.506286797 Size:  6
Vacancy Formation Energy (Cell Structure Relaxation): -163.506308344 Size:  6
Vacancy Formation Energy (Cell Structure Relaxation): -163.506269538 Size:  6
Vacancy Formation Energy (Cell Structure Relaxation): -163.506311651 Size:  6
Vacancy Formation Energy (Cell Structure Relaxation): -163.506296557 Size:  6
Vacancy Formation Energy (Cell Structure Relaxation): -163.506310086 Size:  6
Vacancy Formation Energy (Cell Structure Relaxation): -163.506291056 Size:  6
Vacancy Formation Energy (Cell Structure Relaxation): -163.506311087 Size:  6
Vacancy Formation Energy (Cell Structure Relaxation): -163.506312006 Size:  6
Vacancy Formation Energy (Cell Structure Relaxation): -163.506290441 Size:  6
Vacancy Formation Energy (Cell Structure Relaxation): -163.506295416 Size:  6
Vacancy Formation Energy (Cell Structure Relaxation): -163.506313427 Size:  6
Vacancy Formation Energy (Cell Structure Relaxation): -163.50629022 Size:  6
Vacancy Formation Energy (Cell Structure Relaxation): -163.506314577 Size:  6
Vacancy Formation Energy (Cell Structure Relaxation): -163.506310251 Size:  6
Vacancy Formation Energy (Cell Structure Relaxation): -163.506315824 Size:  6
Vacancy Formation Energy (Cell Structure Relaxation): -163.506307758 Size:  6
Vacancy Formation Energy (Cell Structure Relaxation): -163.506313026 Size:  6
Vacancy Formation Energy (Cell Structure Relaxation): -163.506308725 Size:  6
Vacancy Formation Energy (Cell Structure Relaxation): -163.506316052 Size:  6
Vacancy Formation Energy (Cell Structure Relaxation): -163.506310568 Size:  6
Vacancy Formation Energy (Cell Structure Relaxation): -163.506316108 Size:  6
Vacancy Formation Energy (Cell Structure Relaxation): -163.506307431 Size:  6
Vacancy Formation Energy (Cell Structure Relaxation): -163.506316508 Size:  6
Vacancy Formation Energy (Cell Structure Relaxation): -163.506311936 Size:  6
Vacancy Formation Energy (Cell Structure Relaxation): -163.506316437 Size:  6
Vacancy Formation Energy (Cell Structure Relaxation): -163.506313301 Size:  6
Vacancy Formation Energy (Cell Structure Relaxation): -163.506316484 Size:  6
Vacancy Formation Energy (Cell Structure Relaxation): -163.506315046 Size:  6
Vacancy Formation Energy (Cell Structure Relaxation): -163.506316986 Size:  6
Vacancy Formation Energy (Cell Structure Relaxation): -163.506310299 Size:  6
Vacancy Formation Energy (Cell Structure Relaxation): -163.506317583 Size:  6
Vacancy Formation Energy (Cell Structure Relaxation): -163.506315842 Size:  6
Vacancy Formation Energy (Cell Structure Relaxation): -163.506317119 Size:  6
Vacancy Formation Energy (Cell Structure Relaxation): -163.506317127 Size:  6
Vacancy Formation Energy (Cell Structure Relaxation): -163.506317276 Size:  6
Vacancy Formation Energy (Cell Structure Relaxation): -163.506317732 Size:  6
Vacancy Formation Energy (Cell Structure Relaxation): -163.506316253 Size:  6
Vacancy Formation Energy (Cell Structure Relaxation): -163.506316755 Size:  6
Vacancy Formation Energy (Cell Structure Relaxation): -163.506317665 Size:  6
Vacancy Formation Energy (Cell Structure Relaxation): -163.506317491 Size:  6
Vacancy Formation Energy (Cell Structure Relaxation): -163.506317413 Size:  6
Vacancy Formation Energy (Cell Structure Relaxation): -163.506315032 Size:  6
Vacancy Formation Energy (Cell Structure Relaxation): -163.506317992 Size:  6
Vacancy Formation Energy (Cell Structure Relaxation): -163.506317781 Size:  6
Vacancy Formation Energy (Cell Structure Relaxation): -163.506317378 Size:  6
Vacancy Formation Energy (Cell Structure Relaxation): -163.506317918 Size:  6
Vacancy Formation Energy (Cell Structure Relaxation): -163.506317797 Size:  6
Vacancy Formation Energy (Cell Structure Relaxation): -163.506317946 Size:  6
Vacancy Formation Energy (Cell Structure Relaxation): -163.506317183 Size:  6
Vacancy Formation Energy (Cell Structure Relaxation): -163.506318092 Size:  6
Vacancy Formation Energy (Cell Structure Relaxation): -163.506317729 Size:  6
Vacancy Formation Energy (Cell Structure Relaxation): -163.506318066 Size:  6
Vacancy Formation Energy (Cell Structure Relaxation): -163.506317605 Size:  6
Vacancy Formation Energy (Cell Structure Relaxation): -163.506318096 Size:  6
Vacancy Formation Energy (Cell Structure Relaxation): -163.506317359 Size:  6
Vacancy Formation Energy (Cell Structure Relaxation): -163.506318121 Size:  6
Vacancy Formation Energy (Cell Structure Relaxation): -163.506317937 Size:  6
Vacancy Formation Energy (Cell Structure Relaxation): -163.506318118 Size:  6
Vacancy Formation Energy (Cell Structure Relaxation): -163.506317867 Size:  6
Vacancy Formation Energy (Cell Structure Relaxation): -163.506318127 Size:  6
Vacancy Formation Energy (Cell Structure Relaxation): -163.506318031 Size:  6
Vacancy Formation Energy (Cell Structure Relaxation): -163.506318149 Size:  6
Vacancy Formation Energy (Cell Structure Relaxation): -163.506317998 Size:  6
Vacancy Formation Energy (Cell Structure Relaxation): -163.506318161 Size:  6
Vacancy Formation Energy (Cell Structure Relaxation): -163.506318082 Size:  6
Vacancy Formation Energy (Cell Structure Relaxation): -163.506318162 Size:  6
Vacancy Formation Energy (Cell Structure Relaxation): -163.506318039 Size:  6
Vacancy Formation Energy (Cell Structure Relaxation): -163.506318168 Size:  6
Vacancy Formation Energy (Cell Structure Relaxation): -163.506318086 Size:  6
Vacancy Formation Energy (Cell Structure Relaxation): -163.506318171 Size:  6
Vacancy Formation Energy (Cell Structure Relaxation): -163.506318076 Size:  6
Vacancy Formation Energy (Cell Structure Relaxation): -163.506318173 Size:  6
Vacancy Formation Energy (Cell Structure Relaxation): -163.506318082 Size:  6
Vacancy Formation Energy (Cell Structure Relaxation): -163.506318174 Size:  6
Vacancy Formation Energy (Cell Structure Relaxation): -163.506318146 Size:  6
Vacancy Formation Energy (Cell Structure Relaxation): -163.506318175 Size:  6
Vacancy Formation Energy (Cell Structure Relaxation): -163.506318146 Size:  6
Vacancy Formation Energy (Cell Structure Relaxation): -163.506318179 Size:  6
Vacancy Formation Energy (Cell Structure Relaxation): -163.506318169 Size:  6
Vacancy Formation Energy (Cell Structure Relaxation): -163.506318167 Size:  6
Vacancy Formation Energy (Cell Structure Relaxation): -163.50631818 Size:  6
Vacancy Formation Energy (Cell Structure Relaxation): -163.506318159 Size:  6
Vacancy Formation Energy (Cell Structure Relaxation): -163.506318181 Size:  6
Vacancy Formation Energy (Cell Structure Relaxation): -163.506318163 Size:  6
Vacancy Formation Energy (Cell Structure Relaxation): -163.506318182 Size:  6
Vacancy Formation Energy (Cell Structure Relaxation): -163.506318152 Size:  6
Vacancy Formation Energy (Cell Structure Relaxation): -163.506318183 Size:  6
Vacancy Formation Energy (Cell Structure Relaxation): -163.506318174 Size:  6
Vacancy Formation Energy (Cell Structure Relaxation): -163.506318182 Size:  6
Vacancy Formation Energy (Cell Structure Relaxation): -163.506318179 Size:  6
Vacancy Formation Energy (Cell Structure Relaxation): -163.506318183 Size:  6
Vacancy Formation Energy (Cell Structure Relaxation): -163.50631818 Size:  6
Vacancy Formation Energy (Cell Structure Relaxation): -163.506318184 Size:  6
Vacancy Formation Energy (Cell Structure Relaxation): -163.506318184 Size:  6
Vacancy Formation Energy (Cell Structure Relaxation): -163.506318177 Size:  6
Vacancy Formation Energy (Cell Structure Relaxation): -163.506318178 Size:  6
Vacancy Formation Energy (Cell Structure Relaxation): -163.506318185 Size:  6
Vacancy Formation Energy (Cell Structure Relaxation): -163.506318178 Size:  6
Vacancy Formation Energy (Cell Structure Relaxation): -163.506318185 Size:  6
Vacancy Formation Energy (Cell Structure Relaxation): -163.506318184 Size:  6
Vacancy Formation Energy (Cell Structure Relaxation): -163.506318184 Size:  6
Vacancy Formation Energy (Cell Structure Relaxation): -163.506318184 Size:  6
Vacancy Formation Energy (Cell Structure Relaxation): -163.506318181 Size:  6
Vacancy Formation Energy (Cell Structure Relaxation): -163.506318185 Size:  6
Vacancy Formation Energy (Cell Structure Relaxation): -163.506318182 Size:  6
Vacancy Formation Energy (Cell Structure Relaxation): -163.506318185 Size:  6
Vacancy Formation Energy (Cell Structure Relaxation): -163.506318185 Size:  6
Vacancy Formation Energy (Cell Structure Relaxation): -163.506318182 Size:  6
Vacancy Formation Energy (Cell Structure Relaxation): -163.506318186 Size:  6
Vacancy Formation Energy (Cell Structure Relaxation): -163.506318184 Size:  6
Vacancy Formation Energy (Cell Structure Relaxation): -163.506318185 Size:  6
Vacancy Formation Energy (Cell Structure Relaxation): -163.506318185 Size:  6
Vacancy Formation Energy (Cell Structure Relaxation): -163.506318183 Size:  6
Vacancy Formation Energy (Cell Structure Relaxation): -163.506318186 Size:  6
Optimization terminated successfully.
         Current function value: -163.506318
         Iterations: 605
         Function evaluations: 963
Summary:
Vacancy Formation Energy: -163.506318186
Unrelaxed Cell Volume: 2795.2892429
Relaxed Cell Volume: 2364.82782744
Relaxation Volume: 430.461415461
Relaxed Cell Vector:
[  1.13108337e+01  -4.09929712e-02   1.38301570e+01   1.26626164e-02
   7.37692633e-02   1.51174243e+01]
Unrelaxed Cell Vector:
[14.086688714699999, 0.0, 14.086688714699999, 0.0, 0.0, 14.086688714699999]
Relaxed Cell:
[[  1.13108337e+01   0.00000000e+00   0.00000000e+00]
 [ -4.09929712e-02   1.38301570e+01   0.00000000e+00]
 [  1.26626164e-02   7.37692633e-02   1.51174243e+01]]
Unrelaxed Cell:
[[ 14.08668871   0.           0.        ]
 [  0.          14.08668871   0.        ]
 [  0.           0.          14.08668871]]
