Imported bulk from ase.lattice
Parameters Input: Si Three_Body_Stillinger_Weber_Si__MO_405512056662_001 diamond [5.43094978468]
Cell Size Min: 3
Cell Size Max: 5
Smallest System Size: 216
Largest System Size: 1000
Model Cutoff: 3.77118

[Calculation]
Calculating Size 3 ...
MDMin:   0  10:21:14     -926.710415       2.4074
MDMin:   1  10:21:14     -927.221528       1.9237
MDMin:   2  10:21:15     -927.601211       0.8972
MDMin:   3  10:21:15     -927.708500       0.6551
MDMin:   4  10:21:15     -927.740357       0.5662
MDMin:   5  10:21:15     -927.756723       0.6141
MDMin:   6  10:21:16     -927.765328       0.9028
MDMin:   7  10:21:16     -927.766955       1.5657
MDMin:   8  10:21:16     -927.764084       1.5120
MDMin:   9  10:21:17     -927.777190       1.2125
MDMin:  10  10:21:17     -927.783148       1.2829
MDMin:  11  10:21:17     -927.784681       1.6130
MDMin:  12  10:21:17     -927.785747       1.2879
MDMin:  13  10:21:17     -927.786710       0.4421
MDMin:  14  10:21:17     -927.787291       0.6683
MDMin:  15  10:21:17     -927.787636       0.8349
MDMin:  16  10:21:18     -927.788009       1.0628
MDMin:  17  10:21:18     -927.788593       0.9101
MDMin:  18  10:21:18     -927.784190       0.8925
MDMin:  19  10:21:18     -927.789491       0.9111
MDMin:  20  10:21:18     -927.789371       1.3339
MDMin:  21  10:21:18     -927.789157       1.7597
MDMin:  22  10:21:19     -927.788820       1.5670
MDMin:  23  10:21:19     -927.788929       0.8428
MDMin:  24  10:21:19     -927.788673       1.2155
MDMin:  25  10:21:19     -927.788353       1.5145
MDMin:  26  10:21:19     -927.788006       1.7114
MDMin:  27  10:21:19     -927.787787       1.4433
MDMin:  28  10:21:19     -927.787820       1.1474
MDMin:  29  10:21:20     -927.787951       0.8417
MDMin:  30  10:21:20     -927.787883       0.5950
MDMin:  31  10:21:20     -927.787817       0.5249
MDMin:  32  10:21:20     -927.786866       1.2077
MDMin:  33  10:21:22     -927.785328       1.3730
MDMin:  34  10:21:22     -927.782385       1.6320
MDMin:  35  10:21:22     -927.778793       1.4184
MDMin:  36  10:21:22     -927.757788       0.6155
MDMin:  37  10:21:22     -927.775767       0.7991
MDMin:  38  10:21:22     -927.774130       0.4903
MDMin:  39  10:21:22     -927.773575       0.3980
MDMin:  40  10:21:23     -927.772511       0.3194
MDMin:  41  10:21:23     -927.771144       0.3966
MDMin:  42  10:21:23     -927.770184       0.4724
MDMin:  43  10:21:23     -927.769899       0.5144
MDMin:  44  10:21:23     -927.769413       0.5655
MDMin:  45  10:21:23     -927.768790       0.6171
MDMin:  46  10:21:24     -927.768296       0.6309
MDMin:  47  10:21:24     -927.768139       0.6220
MDMin:  48  10:21:24     -927.767890       0.5920
MDMin:  49  10:21:24     -927.767548       0.5159
MDMin:  50  10:21:24     -927.767270       0.4234
MDMin:  51  10:21:24     -927.767156       0.3655
MDMin:  52  10:21:24     -927.767011       0.2945
MDMin:  53  10:21:25     -927.766887       0.2170
MDMin:  54  10:21:25     -927.766747       0.2982
MDMin:  55  10:21:25     -927.766741       0.2525
MDMin:  56  10:21:25     -927.766841       0.2356
MDMin:  57  10:21:27     -927.767428       0.3522
MDMin:  58  10:21:27     -927.768539       0.3423
MDMin:  59  10:21:27     -927.769401       0.3827
MDMin:  60  10:21:27     -927.769995       0.4086
MDMin:  61  10:21:27     -927.771128       0.4682
MDMin:  62  10:21:27     -927.772983       0.7421
MDMin:  63  10:21:28     -927.774976       1.1165
MDMin:  64  10:21:28     -927.776576       1.4329
MDMin:  65  10:21:28     -927.778531       1.7147
MDMin:  66  10:21:28     -927.781446       1.7451
MDMin:  67  10:21:28     -927.785306       1.3176
MDMin:  68  10:21:29     -927.789053       0.9662
MDMin:  69  10:21:29     -927.792896       0.7310
MDMin:  70  10:21:30     -927.799266       0.4569
MDMin:  71  10:21:30     -927.807638       0.4297
MDMin:  72  10:21:30     -927.815103       0.2941
MDMin:  73  10:21:32     -927.823790       0.3012
MDMin:  74  10:21:32     -927.837743       0.3256
MDMin:  75  10:21:32     -927.854264       0.3537
MDMin:  76  10:21:32     -927.867019       0.3548
MDMin:  77  10:21:32     -927.879165       0.9940
MDMin:  78  10:21:33     -927.876581       1.2658
MDMin:  79  10:21:33     -927.872096       1.6106
MDMin:  80  10:21:33     -927.864925       1.5183
MDMin:  81  10:21:33     -927.853773       0.4553
MDMin:  82  10:21:33     -927.862611       1.0251
MDMin:  83  10:21:33     -927.859742       0.6616
MDMin:  84  10:21:34     -927.855868       0.5381
MDMin:  85  10:21:34     -927.854859       0.5607
MDMin:  86  10:21:34     -927.853660       0.5759
MDMin:  87  10:21:34     -927.851263       0.5868
MDMin:  88  10:21:34     -927.848356       0.5734
MDMin:  89  10:21:34     -927.846876       0.5474
MDMin:  90  10:21:34     -927.846104       0.5225
MDMin:  91  10:21:35     -927.844408       0.4635
MDMin:  92  10:21:35     -927.842056       0.3605
MDMin:  93  10:21:35     -927.840466       0.3038
MDMin:  94  10:21:35     -927.839849       0.3154
MDMin:  95  10:21:35     -927.838204       0.3415
MDMin:  96  10:21:35     -927.835322       0.3734
MDMin:  97  10:21:36     -927.830714       0.3788
MDMin:  98  10:21:36     -927.822175       0.3397
MDMin:  99  10:21:36     -927.826801       0.3299
MDMin: 100  10:21:36     -927.823402       0.2822
MDMin: 101  10:21:37     -927.822250       0.2541
MDMin: 102  10:21:37     -927.821753       0.2373
MDMin: 103  10:21:38     -927.819480       0.1986
MDMin: 104  10:21:39     -927.815645       0.1396
MDMin: 105  10:21:39     -927.810392       0.1094
MDMin: 106  10:21:39     -927.810719       0.1115
MDMin: 107  10:21:39     -927.809260       0.1148
MDMin: 108  10:21:39     -927.806525       0.1213
MDMin: 109  10:21:39     -927.802848       0.1299
MDMin: 110  10:21:40     -927.801207       0.1343
MDMin: 111  10:21:40     -927.800738       0.1367
MDMin: 112  10:21:40     -927.798457       0.1436
MDMin: 113  10:21:40     -927.794844       0.1559
MDMin: 114  10:21:40     -927.790192       0.1734
MDMin: 115  10:21:40     -927.787060       0.1857
MDMin: 116  10:21:40     -927.786831       0.1892
MDMin: 117  10:21:41     -927.784407       0.2026
MDMin: 118  10:21:41     -927.782279       0.2152
MDMin: 119  10:21:41     -927.781144       0.2238
MDMin: 120  10:21:41     -927.779681       0.2346
MDMin: 121  10:21:41     -927.777642       0.2504
MDMin: 122  10:21:41     -927.775569       0.2671
MDMin: 123  10:21:41     -927.774246       0.2790
MDMin: 124  10:21:42     -927.773053       0.2899
MDMin: 125  10:21:44     -927.771385       0.3041
MDMin: 126  10:21:44     -927.769470       0.3184
MDMin: 127  10:21:44     -927.768006       0.3274
MDMin: 128  10:21:44     -927.766958       0.3322
MDMin: 129  10:21:45     -927.765577       0.3352
MDMin: 130  10:21:45     -927.763885       0.3326
MDMin: 131  10:21:45     -927.762456       0.3244
MDMin: 132  10:21:45     -927.761492       0.3154
MDMin: 133  10:21:45     -927.760322       0.3009
MDMin: 134  10:21:45     -927.758846       0.2772
MDMin: 135  10:21:46     -927.757561       0.2529
MDMin: 136  10:21:47     -927.756716       0.2361
MDMin: 137  10:21:47     -927.755706       0.2152
MDMin: 138  10:21:47     -927.754409       0.1876
MDMin: 139  10:21:47     -927.753312       0.1650
MDMin: 140  10:21:47     -927.752634       0.1516
MDMin: 141  10:21:47     -927.751751       0.1353
MDMin: 142  10:21:48     -927.750597       0.1153
MDMin: 143  10:21:48     -927.749670       0.1007
MDMin: 144  10:21:48     -927.749127       0.0925
MDMin: 145  10:21:48     -927.748351       0.0822
MDMin: 146  10:21:48     -927.747337       0.0697
MDMin: 147  10:21:50     -927.746569       0.0612
MDMin: 148  10:21:50     -927.746147       0.0567
MDMin: 149  10:21:50     -927.745506       0.0513
MDMin: 150  10:21:50     -927.744685       0.0545
MDMin: 151  10:21:50     -927.744117       0.0588
MDMin: 152  10:21:50     -927.743841       0.0605
MDMin: 153  10:21:50     -927.743406       0.0645
MDMin: 154  10:21:51     -927.742898       0.0694
MDMin: 155  10:21:51     -927.742627       0.0748
MDMin: 156  10:21:51     -927.742553       0.0771
MDMin: 157  10:21:51     -927.742459       0.0821
MDMin: 158  10:21:51     -927.742501       0.0888
MDMin: 159  10:21:51     -927.742733       0.0954
MDMin: 160  10:21:52     -927.742960       0.0983
MDMin: 161  10:21:52     -927.743407       0.1039
MDMin: 162  10:21:52     -927.744326       0.1115
MDMin: 163  10:21:52     -927.745389       0.1185
MDMin: 164  10:21:52     -927.746090       0.1215
MDMin: 165  10:21:52     -927.747195       0.1263
MDMin: 166  10:21:52     -927.749119       0.1323
MDMin: 167  10:21:53     -927.751213       0.1375
MDMin: 168  10:21:53     -927.752582       0.1396
MDMin: 169  10:21:53     -927.754240       0.1420
MDMin: 170  10:21:53     -927.756937       0.1442
MDMin: 171  10:21:53     -927.759957       0.1453
MDMin: 172  10:21:58     -927.761986       0.1450
MDMin: 173  10:21:58     -927.763901       0.1443
MDMin: 174  10:21:58     -927.766916       0.1422
MDMin: 175  10:21:58     -927.765864       1.5123
MDMin: 176  10:21:59     -927.765850       1.0994
MDMin: 177  10:21:59     -927.765643       0.3751
MDMin: 178  10:21:59     -927.765519       0.2384
MDMin: 179  10:21:59     -927.765184       0.2781
MDMin: 180  10:21:59     -927.764622       0.3648
MDMin: 181  10:22:00     -927.763993       0.5504
MDMin: 182  10:22:00     -927.763644       0.7019
MDMin: 183  10:22:00     -927.763428       0.8749
MDMin: 184  10:22:00     -927.763162       1.1082
MDMin: 185  10:22:00     -927.762868       1.3952
MDMin: 186  10:22:00     -927.762628       1.4716
MDMin: 187  10:22:01     -927.762492       1.3184
MDMin: 188  10:22:01     -927.762430       1.0929
MDMin: 189  10:22:01     -927.762392       0.8013
MDMin: 190  10:22:01     -927.762406       0.4839
MDMin: 191  10:22:06     -927.762479       0.3363
MDMin: 192  10:22:06     -927.762576       0.2523
MDMin: 193  10:22:06     -927.762791       0.1515
MDMin: 194  10:22:06     -927.763197       0.1450
MDMin: 195  10:22:06     -927.763559       0.1205
MDMin: 196  10:22:06     -927.763827       0.1205
MDMin: 197  10:22:06     -927.764469       0.1033
MDMin: 198  10:22:07     -927.765729       0.0961
MDMin: 199  10:22:07     -927.767496       0.0990
Optimization terminated successfully.
         Current function value: 929.131296
         Iterations: 17
         Function evaluations: 34
Formation Energy: 4.33639999992
Migration Energy: -1.14169614267
Calculating Size 4 ...
MDMin:   0  10:22:07    -2210.284815       2.4074
MDMin:   1  10:22:08    -2210.795928       1.9237
MDMin:   2  10:22:08    -2211.175611       0.8972
MDMin:   3  10:22:08    -2211.282900       0.6551
MDMin:   4  10:22:08    -2211.314764       0.5662
MDMin:   5  10:22:08    -2211.331208       0.6142
MDMin:   6  10:22:09    -2211.340103       0.9021
MDMin:   7  10:22:09    -2211.342224       1.5663
MDMin:   8  10:22:09    -2211.339360       1.5116
MDMin:   9  10:22:09    -2211.353168       1.2107
MDMin:  10  10:22:10    -2211.359573       1.2900
MDMin:  11  10:22:10    -2211.361383       1.6146
MDMin:  12  10:22:10    -2211.362700       1.2657
MDMin:  13  10:22:12    -2211.363878       0.4531
MDMin:  14  10:22:13    -2211.364415       0.6720
MDMin:  15  10:22:13    -2211.364924       0.8400
MDMin:  16  10:22:13    -2211.365561       1.0648
MDMin:  17  10:22:13    -2211.366453       0.8896
MDMin:  18  10:22:13    -2211.361581       0.8873
MDMin:  19  10:22:14    -2211.367656       0.9542
MDMin:  20  10:22:14    -2211.367587       1.3940
MDMin:  21  10:22:14    -2211.367453       1.7152
MDMin:  22  10:22:14    -2211.367209       1.9649
MDMin:  23  10:22:15    -2211.367337       0.8802
MDMin:  24  10:22:17    -2211.367139       1.2872
MDMin:  25  10:22:17    -2211.366921       1.5507
MDMin:  26  10:22:17    -2211.366660       1.7208
MDMin:  27  10:22:17    -2211.366378       1.3958
MDMin:  28  10:22:18    -2211.366326       1.0487
MDMin:  29  10:22:18    -2211.366667       0.7846
MDMin:  30  10:22:18    -2211.366509       0.5375
MDMin:  31  10:22:18    -2211.366217       0.5583
MDMin:  32  10:22:19    -2211.364615       1.2037
MDMin:  33  10:22:19    -2211.363160       1.3685
MDMin:  34  10:22:19    -2211.360374       1.6408
MDMin:  35  10:22:19    -2211.357039       1.4467
MDMin:  36  10:22:19    -2211.353350       0.6823
MDMin:  37  10:22:20    -2211.354411       0.8707
MDMin:  38  10:22:20    -2211.352979       0.5489
MDMin:  39  10:22:20    -2211.352419       0.4384
MDMin:  40  10:22:24    -2211.351499       0.3289
MDMin:  41  10:22:24    -2211.350299       0.3999
MDMin:  42  10:22:24    -2211.349426       0.4687
MDMin:  43  10:22:24    -2211.349207       0.5126
MDMin:  44  10:22:25    -2211.348727       0.5643
MDMin:  45  10:22:25    -2211.348079       0.6162
MDMin:  46  10:22:25    -2211.347527       0.6344
MDMin:  47  10:22:27    -2211.347469       0.6295
MDMin:  48  10:22:28    -2211.347224       0.6039
MDMin:  49  10:22:28    -2211.346827       0.5363
MDMin:  50  10:22:28    -2211.346458       0.4465
MDMin:  51  10:22:28    -2211.346386       0.3867
MDMin:  52  10:22:29    -2211.346115       0.2618
MDMin:  53  10:22:29    -2211.345899       0.2947
MDMin:  54  10:22:29    -2211.345755       0.3182
MDMin:  55  10:22:29    -2211.345553       0.3752
MDMin:  56  10:22:30    -2211.345644       0.2610
MDMin:  57  10:22:30    -2211.345840       0.2057
MDMin:  58  10:22:30    -2211.346702       0.2356
MDMin:  59  10:22:33    -2211.347939       0.2622
MDMin:  60  10:22:33    -2211.348765       0.2752
MDMin:  61  10:22:33    -2211.351082       0.3028
MDMin:  62  10:22:33    -2211.354248       0.4568
MDMin:  63  10:22:33    -2211.356039       0.3527
MDMin:  64  10:22:34    -2211.359042       0.5318
MDMin:  65  10:22:34    -2211.363045       0.8411
MDMin:  66  10:22:34    -2211.366507       1.2134
MDMin:  67  10:22:34    -2211.369311       1.4909
MDMin:  68  10:22:35    -2211.373179       1.7424
MDMin:  69  10:22:35    -2211.378926       1.6467
MDMin:  70  10:22:35    -2211.386085       1.1702
MDMin:  71  10:22:38    -2211.392206       0.8767
MDMin:  72  10:22:38    -2211.399263       0.6427
MDMin:  73  10:22:38    -2211.412088       0.4512
MDMin:  74  10:22:39    -2211.429209       0.3633
MDMin:  75  10:22:39    -2211.442219       0.4215
MDMin:  76  10:22:39    -2211.461320       0.4200
MDMin:  77  10:22:39    -2211.484138       0.4683
MDMin:  78  10:22:39    -2211.486626       0.3162
MDMin:  79  10:22:40    -2211.485442       0.1441
MDMin:  80  10:22:40    -2211.477798       1.3486
MDMin:  81  10:22:40    -2211.483128       1.4967
MDMin:  82  10:22:44    -2211.480089       1.6990
MDMin:  83  10:22:44    -2211.475591       1.3895
MDMin:  84  10:22:45    -2211.469206       0.4600
MDMin:  85  10:22:45    -2211.410021       0.8196
MDMin:  86  10:22:45    -2211.463102       0.4000
MDMin:  87  10:22:46    -2211.443507       0.4419
MDMin:  88  10:22:46    -2211.459483       0.5211
MDMin:  89  10:22:46    -2211.457221       0.2380
MDMin:  90  10:22:47    -2211.455899       0.5429
MDMin:  91  10:22:47    -2211.454208       0.5586
MDMin:  92  10:22:47    -2211.450694       0.2680
MDMin:  93  10:22:47    -2211.447297       0.2911
MDMin:  94  10:22:47    -2211.441289       0.3430
MDMin:  95  10:22:48    -2211.433882       0.4047
MDMin:  96  10:22:48    -2211.436899       0.4352
MDMin:  97  10:22:48    -2211.434995       0.4800
MDMin:  98  10:22:48    -2211.431425       0.5391
MDMin:  99  10:22:49    -2211.426691       0.5860
MDMin: 100  10:22:49    -2211.426645       0.6031
MDMin: 101  10:22:49    -2211.426325       0.6112
MDMin: 102  10:22:49    -2211.424607       0.6043
MDMin: 103  10:22:50    -2211.422334       0.5625
MDMin: 104  10:22:50    -2211.421394       0.5142
MDMin: 105  10:22:50    -2211.420828       0.1978
MDMin: 106  10:22:52    -2211.419767       0.1771
MDMin: 107  10:22:52    -2211.417319       0.1686
MDMin: 108  10:22:52    -2211.413365       0.2150
MDMin: 109  10:22:52    -2211.408821       0.2796
MDMin: 110  10:22:52    -2211.407776       0.2900
MDMin: 111  10:22:53    -2211.406675       0.3019
MDMin: 112  10:22:53    -2211.404202       0.3230
MDMin: 113  10:22:54    -2211.400388       0.3350
MDMin: 114  10:22:54    -2211.396331       0.3146
MDMin: 115  10:22:55    -2211.395073       0.3024
MDMin: 116  10:22:55    -2211.393933       0.2895
MDMin: 117  10:22:55    -2211.391474       0.2551
MDMin: 118  10:22:57    -2211.387654       0.1923
MDMin: 119  10:22:57    -2211.384151       0.1422
MDMin: 120  10:22:57    -2211.383405       0.1332
MDMin: 121  10:22:58    -2211.380806       0.1050
MDMin: 122  10:22:58    -2211.377780       0.0782
MDMin: 123  10:22:58    -2211.376381       0.0694
MDMin: 124  10:22:58    -2211.375447       0.0641
MDMin: 125  10:22:58    -2211.373338       0.0531
MDMin: 126  10:22:59    -2211.370013       0.0388
MDMin: 127  10:22:59    -2211.365192       0.7191
MDMin: 128  10:22:59    -2211.364129       0.1933
MDMin: 129  10:22:59    -2211.361490       0.1748
MDMin: 130  10:23:00    -2211.359588       0.1313
MDMin: 131  10:23:00    -2211.358407       0.0818
MDMin: 132  10:23:00    -2211.356503       0.0822
MDMin: 133  10:23:00    -2211.353921       0.0883
MDMin: 134  10:23:01    -2211.351912       0.1064
MDMin: 135  10:23:01    -2211.351052       0.1189
MDMin: 136  10:23:03    -2211.349296       0.1387
MDMin: 137  10:23:03    -2211.346714       0.1679
MDMin: 138  10:23:04    -2211.344198       0.1963
MDMin: 139  10:23:04    -2211.343678       0.2147
MDMin: 140  10:23:04    -2211.342395       0.2366
MDMin: 141  10:23:04    -2211.340204       0.2668
MDMin: 142  10:23:05    -2211.337494       0.2964
MDMin: 143  10:23:05    -2211.336477       0.4774
MDMin: 144  10:23:05    -2211.335979       0.2697
MDMin: 145  10:23:05    -2211.334196       0.2038
MDMin: 146  10:23:06    -2211.331913       0.2880
MDMin: 147  10:23:06    -2211.330650       0.1696
MDMin: 148  10:23:06    -2211.329718       0.0916
MDMin: 149  10:23:10    -2211.327986       0.0682
MDMin: 150  10:23:10    -2211.325500       0.1129
MDMin: 151  10:23:10    -2211.322617       0.3470
MDMin: 152  10:23:11    -2211.323279       0.0897
MDMin: 153  10:23:11    -2211.322563       0.2766
MDMin: 154  10:23:11    -2211.321721       0.2983
MDMin: 155  10:23:11    -2211.319949       0.3356
MDMin: 156  10:23:11    -2211.317246       0.1787
MDMin: 157  10:23:12    -2211.316853       0.1233
MDMin: 158  10:23:12    -2211.315413       0.3640
MDMin: 159  10:23:12    -2211.314871       0.3674
MDMin: 160  10:23:12    -2211.313493       0.3604
MDMin: 161  10:23:13    -2211.311246       0.1708
MDMin: 162  10:23:13    -2211.310980       0.1565
MDMin: 163  10:23:14    -2211.309966       0.3328
MDMin: 164  10:23:14    -2211.309566       0.3182
MDMin: 165  10:23:15    -2211.308652       0.2708
MDMin: 166  10:23:15    -2211.307638       0.1843
MDMin: 167  10:23:15    -2211.307711       0.2548
MDMin: 168  10:23:15    -2211.308088       0.1506
MDMin: 169  10:23:16    -2211.309036       0.1723
MDMin: 170  10:23:16    -2211.311655       0.2229
MDMin: 171  10:23:16    -2211.317799       0.3231
MDMin: 172  10:23:16    -2211.328932       0.4951
MDMin: 173  10:23:17    -2211.342216       0.7250
MDMin: 174  10:23:17    -2211.356540       0.9788
MDMin: 175  10:23:17    -2211.377464       1.3734
MDMin: 176  10:23:17    -2211.408996       1.7400
MDMin: 177  10:23:17    -2211.452825       1.6792
MDMin: 178  10:23:18    -2211.502369       1.0744
MDMin: 179  10:23:18    -2211.535179       0.7860
MDMin: 180  10:23:18    -2211.537148       1.3429
MDMin: 181  10:23:21    -2211.535898       1.6042
MDMin: 182  10:23:21    -2211.533697       1.6804
MDMin: 183  10:23:22    -2211.530588       0.9512
MDMin: 184  10:23:22    -2211.527437       0.8151
MDMin: 185  10:23:22    -2211.526890       0.6885
MDMin: 186  10:23:22    -2211.524611       0.6613
MDMin: 187  10:23:23    -2211.522978       0.5893
MDMin: 188  10:23:23    -2211.522252       0.5457
MDMin: 189  10:23:23    -2211.520567       0.4282
MDMin: 190  10:23:26    -2211.517650       0.2220
MDMin: 191  10:23:26    -2211.514783       0.1252
MDMin: 192  10:23:26    -2211.514403       0.1158
MDMin: 193  10:23:26    -2211.511577       0.7610
MDMin: 194  10:23:26    -2211.510399       0.3417
MDMin: 195  10:23:27    -2211.506962       0.3534
MDMin: 196  10:23:27    -2211.504410       0.3314
MDMin: 197  10:23:27    -2211.501872       0.3710
MDMin: 198  10:23:27    -2211.498896       0.4228
MDMin: 199  10:23:28    -2211.495875       0.4752
Optimization terminated successfully.
         Current function value: 2213.221077
         Iterations: 16
         Function evaluations: 32
Formation Energy: 4.33639999992
Migration Energy: -1.6570770432
Calculating Size 5 ...
MDMin:   0  10:23:30    -4326.448015       2.4074
MDMin:   1  10:23:30    -4326.959128       1.9237
MDMin:   2  10:23:31    -4327.338811       0.8972
MDMin:   3  10:23:31    -4327.446100       0.6551
MDMin:   4  10:23:31    -4327.477964       0.5662
MDMin:   5  10:23:32    -4327.494408       0.6142
MDMin:   6  10:23:32    -4327.503304       0.9021
MDMin:   7  10:23:32    -4327.505439       1.5663
MDMin:   8  10:23:33    -4327.502595       1.5116
MDMin:   9  10:23:33    -4327.516425       1.2104
MDMin:  10  10:23:34    -4327.522884       1.2905
MDMin:  11  10:23:34    -4327.524741       1.6147
MDMin:  12  10:23:37    -4327.526113       1.2637
MDMin:  13  10:23:37    -4327.527343       0.4541
MDMin:  14  10:23:37    -4327.527954       0.6727
MDMin:  15  10:23:38    -4327.528527       0.8409
MDMin:  16  10:23:38    -4327.529268       1.0649
MDMin:  17  10:23:38    -4327.530282       0.8861
MDMin:  18  10:23:39    -4327.525427       0.8864
MDMin:  19  10:23:39    -4327.531608       0.9588
MDMin:  20  10:23:39    -4327.531572       1.4009
MDMin:  21  10:23:40    -4327.531492       1.7068
MDMin:  22  10:23:40    -4327.531319       2.0246
MDMin:  23  10:23:40    -4327.531456       0.8863
MDMin:  24  10:23:41    -4327.531307       1.2980
MDMin:  25  10:23:43    -4327.531136       1.5573
MDMin:  26  10:23:43    -4327.530920       1.7214
MDMin:  27  10:23:43    -4327.530670       1.3856
MDMin:  28  10:23:44    -4327.530636       1.0331
MDMin:  29  10:23:44    -4327.531001       0.7729
MDMin:  30  10:23:44    -4327.530857       0.5611
MDMin:  31  10:23:45    -4327.530444       1.1698
MDMin:  32  10:23:45    -4327.529077       1.3369
MDMin:  33  10:23:46    -4327.526357       1.6196
MDMin:  34  10:23:46    -4327.523079       1.5200
MDMin:  35  10:23:48    -4327.520371       1.0046
MDMin:  36  10:23:49    -4327.520599       0.8372
MDMin:  37  10:23:49    -4327.519119       0.5161
MDMin:  38  10:23:50    -4327.517135       0.3541
MDMin:  39  10:23:50    -4327.516772       0.4031
MDMin:  40  10:23:50    -4327.516576       0.4454
MDMin:  41  10:23:51    -4327.515750       0.5239
MDMin:  42  10:23:52    -4327.514596       0.6131
MDMin:  43  10:23:53    -4327.513425       0.6375
MDMin:  44  10:23:53    -4327.514011       0.6350
MDMin:  45  10:23:54    -4327.513633       0.6013
MDMin:  46  10:23:54    -4327.512634       0.3708
MDMin:  47  10:23:54    -4327.512209       0.2526
MDMin:  48  10:23:55    -4327.511347       0.2761
MDMin:  49  10:23:55    -4327.510582       0.2413
MDMin:  50  10:23:55    -4327.510304       0.4798
MDMin:  51  10:23:56    -4327.510328       0.3275
MDMin:  52  10:23:59    -4327.510196       0.3733
MDMin:  53  10:23:59    -4327.509906       0.2910
MDMin:  54  10:24:00    -4327.509481       0.2032
MDMin:  55  10:24:00    -4327.509322       0.2092
MDMin:  56  10:24:00    -4327.509592       0.2167
MDMin:  57  10:24:01    -4327.509883       0.2230
MDMin:  58  10:24:01    -4327.510831       0.2344
MDMin:  59  10:24:03    -4327.513449       0.2662
MDMin:  60  10:24:03    -4327.517841       0.2992
MDMin:  61  10:24:03    -4327.520515       0.3121
MDMin:  62  10:24:04    -4327.523407       0.5030
MDMin:  63  10:24:04    -4327.525132       0.4266
MDMin:  64  10:24:04    -4327.528597       0.5742
MDMin:  65  10:24:05    -4327.533897       0.9531
MDMin:  66  10:24:05    -4327.539515       1.4258
MDMin:  67  10:24:06    -4327.543866       1.6765
MDMin:  68  10:24:06    -4327.548997       1.7645
MDMin:  69  10:24:09    -4327.556967       1.4940
MDMin:  70  10:24:09    -4327.567684       0.9805
MDMin:  71  10:24:09    -4327.577486       0.7348
MDMin:  72  10:24:10    -4327.588255       0.5391
MDMin:  73  10:24:10    -4327.607093       0.3783
MDMin:  74  10:24:11    -4327.630879       0.4132
MDMin:  75  10:24:11    -4327.648252       0.4226
MDMin:  76  10:24:13    -4327.649181       1.1386
MDMin:  77  10:24:13    -4327.646826       1.4163
MDMin:  78  10:24:14    -4327.641762       1.6333
MDMin:  79  10:24:14    -4327.628365       1.2797
MDMin:  80  10:24:14    -4327.607923       0.3314
MDMin:  81  10:24:15    -4327.633674       0.8415
MDMin:  82  10:24:15    -4327.630466       0.5411
MDMin:  83  10:24:16    -4327.626065       0.5055
MDMin:  84  10:24:16    -4327.626298       0.5454
MDMin:  85  10:24:18    -4327.625447       0.5797
MDMin:  86  10:24:19    -4327.622869       0.6115
MDMin:  87  10:24:19    -4327.619517       0.6224
MDMin:  88  10:24:19    -4327.618941       0.6125
MDMin:  89  10:24:20    -4327.618724       0.5928
MDMin:  90  10:24:20    -4327.617149       0.5431
MDMin:  91  10:24:20    -4327.614919       0.4624
MDMin:  92  10:24:21    -4327.614206       0.4007
MDMin:  93  10:24:23    -4327.614017       0.3574
MDMin:  94  10:24:24    -4327.612753       0.3076
MDMin:  95  10:24:24    -4327.610790       0.3313
MDMin:  96  10:24:24    -4327.609457       0.3434
MDMin:  97  10:24:25    -4327.609088       0.3476
MDMin:  98  10:24:25    -4327.607632       0.3489
MDMin:  99  10:24:25    -4327.605248       0.3335
MDMin: 100  10:24:26    -4327.602988       0.3064
MDMin: 101  10:24:28    -4327.602416       0.2938
MDMin: 102  10:24:29    -4327.600633       0.2634
MDMin: 103  10:24:29    -4327.597610       0.2068
MDMin: 104  10:24:29    -4327.592362       0.5729
MDMin: 105  10:24:30    -4327.593722       0.1635
MDMin: 106  10:24:30    -4327.593013       0.1565
MDMin: 107  10:24:30    -4327.590717       0.1302
MDMin: 108  10:24:31    -4327.587141       0.1157
MDMin: 109  10:24:33    -4327.580598       0.5599
MDMin: 110  10:24:34    -4327.581613       0.3691
MDMin: 111  10:24:34    -4327.577890       0.4158
MDMin: 112  10:24:34    -4327.571986       0.4628
MDMin: 113  10:24:35    -4327.570430       0.4923
MDMin: 114  10:24:35    -4327.571584       0.5135
MDMin: 115  10:24:35    -4327.569357       0.5391
MDMin: 116  10:24:36    -4327.564950       0.5586
MDMin: 117  10:24:39    -4327.562112       0.5604
MDMin: 118  10:24:39    -4327.562970       0.3725
MDMin: 119  10:24:39    -4327.561772       0.2777
MDMin: 120  10:24:40    -4327.559127       0.2551
MDMin: 121  10:24:40    -4327.555071       0.2722
MDMin: 122  10:24:40    -4327.551753       0.2335
MDMin: 123  10:24:41    -4327.551308       0.2388
MDMin: 124  10:24:42    -4327.548586       0.2313
MDMin: 125  10:24:43    -4327.545347       0.1862
MDMin: 126  10:24:43    -4327.543847       0.1824
MDMin: 127  10:24:43    -4327.542880       0.1707
MDMin: 128  10:24:44    -4327.540545       0.1465
MDMin: 129  10:24:45    -4327.536752       0.1101
MDMin: 130  10:24:45    -4327.531928       0.0726
MDMin: 131  10:24:46    -4327.531236       0.0684
MDMin: 132  10:24:48    -4327.530657       0.0651
MDMin: 133  10:24:48    -4327.528607       0.0553
MDMin: 134  10:24:48    -4327.525446       0.0429
MDMin: 135  10:24:49    -4327.522462       0.0343
MDMin: 136  10:24:49    -4327.521978       0.0325
MDMin: 137  10:24:49    -4327.520209       0.0287
MDMin: 138  10:24:50    -4327.517389       0.0289
MDMin: 139  10:24:50    -4327.514466       0.0291
MDMin: 140  10:24:50    -4327.513790       0.0291
MDMin: 141  10:24:51    -4327.512835       0.0292
MDMin: 142  10:24:53    -4327.510966       0.0294
MDMin: 143  10:24:53    -4327.508491       0.0296
MDMin: 144  10:24:53    -4327.507046       0.0297
MDMin: 145  10:24:54    -4327.506525       0.0298
MDMin: 146  10:24:54    -4327.504872       0.0299
MDMin: 147  10:24:54    -4327.501859       0.7463
MDMin: 148  10:24:55    -4327.500949       0.4114
MDMin: 149  10:24:55    -4327.498584       0.4239
MDMin: 150  10:24:55    -4327.497944       0.1476
MDMin: 151  10:24:56    -4327.495930       0.1660
MDMin: 152  10:24:58    -4327.493656       0.1935
MDMin: 153  10:24:58    -4327.491838       0.1848
MDMin: 154  10:24:59    -4327.490412       0.0883
MDMin: 155  10:24:59    -4327.488587       0.1004
MDMin: 156  10:24:59    -4327.486414       0.1399
MDMin: 157  10:25:00    -4327.484722       0.1536
MDMin: 158  10:25:00    -4327.483660       0.0586
MDMin: 159  10:25:00    -4327.482209       0.0583
MDMin: 160  10:25:01    -4327.480390       0.0844
MDMin: 161  10:25:01    -4327.479010       0.1031
MDMin: 162  10:25:03    -4327.478359       0.0575
MDMin: 163  10:25:03    -4327.477397       0.0619
MDMin: 164  10:25:04    -4327.476213       0.0695
MDMin: 165  10:25:04    -4327.475422       0.0763
MDMin: 166  10:25:04    -4327.475148       0.0806
MDMin: 167  10:25:05    -4327.474817       0.0873
MDMin: 168  10:25:05    -4327.474633       0.0989
MDMin: 169  10:25:05    -4327.474635       0.5868
MDMin: 170  10:25:06    -4327.475195       0.2592
MDMin: 171  10:25:06    -4327.474226       0.1806
MDMin: 172  10:25:08    -4327.472393       0.1644
MDMin: 173  10:25:08    -4327.473939       0.1538
MDMin: 174  10:25:09    -4327.473986       0.1815
MDMin: 175  10:25:09    -4327.474154       0.2353
MDMin: 176  10:25:10    -4327.474567       0.3119
MDMin: 177  10:25:10    -4327.476051       0.3839
MDMin: 178  10:25:10    -4327.477768       0.4849
MDMin: 179  10:25:11    -4327.480506       0.6691
MDMin: 180  10:25:12    -4327.484784       0.9767
MDMin: 181  10:25:13    -4327.490532       1.3800
MDMin: 182  10:25:13    -4327.498085       1.7288
MDMin: 183  10:25:13    -4327.508270       1.7742
MDMin: 184  10:25:14    -4327.521959       1.4689
MDMin: 185  10:25:14    -4327.539532       1.1051
MDMin: 186  10:25:15    -4327.558392       0.8178
MDMin: 187  10:25:15    -4327.581153       0.5569
MDMin: 188  10:25:15    -4327.608169       0.4793
MDMin: 189  10:25:16    -4327.633626       0.4885
MDMin: 190  10:25:16    -4327.660262       0.4860
MDMin: 191  10:25:18    -4327.693256       0.4784
MDMin: 192  10:25:18    -4327.691503       1.3179
MDMin: 193  10:25:19    -4327.690204       1.5729
MDMin: 194  10:25:19    -4327.686577       1.6855
MDMin: 195  10:25:20    -4327.674008       0.3779
MDMin: 196  10:25:20    -4327.683612       1.1751
MDMin: 197  10:25:20    -4327.681927       0.8437
MDMin: 198  10:25:21    -4327.677432       0.5649
MDMin: 199  10:25:23    -4327.660805       0.2354
Optimization terminated successfully.
         Current function value: 4328.911603
         Iterations: 16
         Function evaluations: 32
Formation Energy: 4.33639999992
Migration Energy: -1.18440332167

[Calculation Results Summary]
Size	MigrationEnergy	FormationEnergy
[3, -1.141696142670412, 4.3363999999174894]
[4, -1.6570770431981146, 4.3363999999155567]
[5, -1.1844033216684693, 4.3363999999164662]

[Extrapolation]
Fitting w/ 2 points, including orders [0, 3]

Fit with Size: [3 4]
Orders: [0, 3]
Matrix A (Ax = y):
[[ 1.          0.03703704]
 [ 1.          0.015625  ]]
Data for Fitting: [-1.141696142670412, -1.6570770431981146]
Fitting Results: (array([ -2.03316581,  24.06968098]), array([], dtype=float64), 2, array([ 1.41470379,  0.01513535]))

Fit with Size: [4 5]
Orders: [0, 3]
Matrix A (Ax = y):
[[ 1.        0.015625]
 [ 1.        0.008   ]]
Data for Fitting: [-1.6570770431981146, -1.1844033216684693]
Fitting Results: (array([ -0.68848335, -61.98999627]), array([], dtype=float64), 2, array([ 1.41431223,  0.00539131]))
Fitting w/ 3 points, including orders [0, 3]

Fit with Size: [3 4 5]
Orders: [0, 3]
Matrix A (Ax = y):
[[ 1.          0.03703704]
 [ 1.          0.015625  ]
 [ 1.          0.008     ]]
Data for Fitting: [-1.141696142670412, -1.6570770431981146, -1.1844033216684693]
Fitting Results: (array([-1.45667401,  6.37706127]), array([ 0.14518812]), 2, array([ 1.73240492,  0.02128544]))
Fitting w/ 2 points, including orders [0, 3]

Fit with Size: [3 4]
Orders: [0, 3]
Matrix A (Ax = y):
[[ 1.          0.03703704]
 [ 1.          0.015625  ]]
Data for Fitting: [4.3363999999174894, 4.3363999999155567]
Fitting Results: (array([  4.33640000e+00,   9.02320837e-11]), array([], dtype=float64), 2, array([ 1.41470379,  0.01513535]))

Fit with Size: [4 5]
Orders: [0, 3]
Matrix A (Ax = y):
[[ 1.        0.015625]
 [ 1.        0.008   ]]
Data for Fitting: [4.3363999999155567, 4.3363999999164662]
Fitting Results: (array([  4.33640000e+00,  -1.19377553e-10]), array([], dtype=float64), 2, array([ 1.41431223,  0.00539131]))
Fitting w/ 3 points, including orders [0, 3]

Fit with Size: [3 4 5]
Orders: [0, 3]
Matrix A (Ax = y):
[[ 1.          0.03703704]
 [ 1.          0.015625  ]
 [ 1.          0.008     ]]
Data for Fitting: [4.3363999999174894, 4.3363999999155567, 4.3363999999164662]
Fitting Results: (array([  4.33640000e+00,   4.71580154e-11]), array([  8.60461892e-25]), 2, array([ 1.73240492,  0.02128544]))
Vacancy Migration Energy: [-0.68848335153900508, 0.7681906598853357]
Vacancy Formation Energy: [4.3363999999174183, 1.866062859789963e-12]
FIRE Uncertainty: 0.0

[Final Results]
[
    {
        "property-id" "tag:staff@noreply.openkim.org,2015-09-16:property/monovacancy-neutral-migration-energy-crystal-npt" 
        "instance-id" 1 
        "vacancy-migration-energy" {
            "source-value" -0.68848335153900508 
            "source-unit" "eV" 
            "source-std-uncert-value" 0.7681906598853357
        } 
        "host-missing-atom-start" {
            "source-value" 1
        } 
        "host-missing-atom-end" {
            "source-value" 1
        } 
        "host-cauchy-stress" {
            "source-value" [
                0 
                0 
                0 
                0 
                0 
                0
            ] 
            "source-unit" "GPa"
        } 
        "host-short-name" {
            "source-value" [
                "diamond"
            ]
        } 
        "host-a" {
            "source-value" 5.4309497846800001 
            "source-unit" "angstrom"
        } 
        "host-b" {
            "source-value" 5.4309497846800001 
            "source-unit" "angstrom"
        } 
        "host-c" {
            "source-value" 5.4309497846800001 
            "source-unit" "angstrom"
        } 
        "host-alpha" {
            "source-value" 90.0 
            "source-unit" "degree"
        } 
        "host-beta" {
            "source-value" 90.0 
            "source-unit" "degree"
        } 
        "host-gamma" {
            "source-value" 90.0 
            "source-unit" "degree"
        } 
        "host-space-group" {
            "source-value" "Fd-3m"
        } 
        "host-wyckoff-multiplicity-and-letter" {
            "source-value" [
                "8a"
            ]
        } 
        "host-wyckoff-coordinates" {
            "source-value" [
                [
                    0.0 
                    0.0 
                    0.0
                ]
            ]
        } 
        "host-wyckoff-species" {
            "source-value" [
                "Si"
            ]
        }
    } 
    {
        "property-id" "tag:staff@noreply.openkim.org,2015-07-28:property/monovacancy-neutral-relaxed-formation-potential-energy-crystal-npt" 
        "instance-id" 2 
        "relaxed-formation-potential-energy" {
            "source-value" 4.3363999999174183 
            "source-unit" "eV" 
            "source-std-uncert-value" 1.866062859789963e-12
        } 
        "host-removed-atom" {
            "source-value" 1
        } 
        "host-cauchy-stress" {
            "source-value" [
                0 
                0 
                0 
                0 
                0 
                0
            ] 
            "source-unit" "GPa"
        } 
        "host-short-name" {
            "source-value" [
                "diamond"
            ]
        } 
        "host-a" {
            "source-value" 5.4309497846800001 
            "source-unit" "angstrom"
        } 
        "host-b" {
            "source-value" 5.4309497846800001 
            "source-unit" "angstrom"
        } 
        "host-c" {
            "source-value" 5.4309497846800001 
            "source-unit" "angstrom"
        } 
        "host-alpha" {
            "source-value" 90.0 
            "source-unit" "degree"
        } 
        "host-beta" {
            "source-value" 90.0 
            "source-unit" "degree"
        } 
        "host-gamma" {
            "source-value" 90.0 
            "source-unit" "degree"
        } 
        "host-space-group" {
            "source-value" "Fd-3m"
        } 
        "host-wyckoff-multiplicity-and-letter" {
            "source-value" [
                "8a"
            ]
        } 
        "host-wyckoff-coordinates" {
            "source-value" [
                [
                    0.0 
                    0.0 
                    0.0
                ]
            ]
        } 
        "host-wyckoff-species" {
            "source-value" [
                "Si"
            ]
        } 
        "reservoir-cohesive-potential-energy" {
            "source-value" -34.691199999338082 
            "source-unit" "eV"
        } 
        "reservoir-short-name" {
            "source-value" [
                "diamond"
            ]
        } 
        "reservoir-cauchy-stress" {
            "source-value" [
                0.0 
                0.0 
                0.0 
                0.0 
                0.0 
                0.0
            ] 
            "source-unit" "GPa"
        } 
        "reservoir-a" {
            "source-value" 5.4309497846800001 
            "source-unit" "angstrom"
        } 
        "reservoir-b" {
            "source-value" 5.4309497846800001 
            "source-unit" "angstrom"
        } 
        "reservoir-c" {
            "source-value" 5.4309497846800001 
            "source-unit" "angstrom"
        } 
        "reservoir-alpha" {
            "source-value" 90.0 
            "source-unit" "degree"
        } 
        "reservoir-beta" {
            "source-value" 90.0 
            "source-unit" "degree"
        } 
        "reservoir-gamma" {
            "source-value" 90.0 
            "source-unit" "degree"
        } 
        "reservoir-space-group" {
            "source-value" "Fd-3m"
        } 
        "reservoir-wyckoff-multiplicity-and-letter" {
            "source-value" [
                "8a"
            ]
        } 
        "reservoir-wyckoff-coordinates" {
            "source-value" [
                [
                    0.0 
                    0.0 
                    0.0
                ]
            ]
        } 
        "reservoir-wyckoff-species" {
            "source-value" [
                "Si"
            ]
        }
    }
]
