Imported bulk from ase.lattice
Element = Lattice = Model = Element: Al
Lattice: hcp
Model: EAM_Dynamo_Mendelev_Kramer_Al__MO_106969701023_001
Model Cutoff: 6.5
NBC Name: NEIGH_RVEC_F
Relaxation With c/a Ratio Fixed
Simplex Searching start from: cutoff * 0.1
Simplex Searching Start From: [0.65000000000000002]
Optimization terminated successfully.
         Current function value: -6.764235
         Iterations: 40
         Function evaluations: 88
Tmp Lattice Constants: [ 2.86317432]
Tmp Energy: -6.76423470368
Simplex Searching start from: cutoff * 0.12
Simplex Searching Start From: [0.78000000000000003]
Optimization terminated successfully.
         Current function value: -6.764235
         Iterations: 40
         Function evaluations: 87
Tmp Lattice Constants: [ 2.86317432]
Tmp Energy: -6.76423470368
Simplex Searching start from: cutoff * 0.14
Simplex Searching Start From: [0.91000000000000014]
Optimization terminated successfully.
         Current function value: -6.764235
         Iterations: 39
         Function evaluations: 82
Tmp Lattice Constants: [ 2.86317435]
Tmp Energy: -6.76423470368
Simplex Searching start from: cutoff * 0.16
Simplex Searching Start From: [1.04]
Optimization terminated successfully.
         Current function value: -6.764235
         Iterations: 38
         Function evaluations: 82
Tmp Lattice Constants: [ 2.86317431]
Tmp Energy: -6.76423470368
Simplex Searching start from: cutoff * 0.18
Simplex Searching Start From: [1.1699999999999999]
Optimization terminated successfully.
         Current function value: -6.764235
         Iterations: 39
         Function evaluations: 84
Tmp Lattice Constants: [ 2.86317435]
Tmp Energy: -6.76423470368
Simplex Searching start from: cutoff * 0.2
Simplex Searching Start From: [1.3]
Optimization terminated successfully.
         Current function value: -6.764235
         Iterations: 38
         Function evaluations: 85
Tmp Lattice Constants: [ 2.86317436]
Tmp Energy: -6.76423470368
Simplex Searching start from: cutoff * 0.22
Simplex Searching Start From: [1.4299999999999999]
Optimization terminated successfully.
         Current function value: -6.764235
         Iterations: 39
         Function evaluations: 83
Tmp Lattice Constants: [ 2.86317434]
Tmp Energy: -6.76423470368
Simplex Searching start from: cutoff * 0.24
Simplex Searching Start From: [1.5600000000000001]
Optimization terminated successfully.
         Current function value: -6.764235
         Iterations: 38
         Function evaluations: 82
Tmp Lattice Constants: [ 2.86317429]
Tmp Energy: -6.76423470368
Simplex Searching start from: cutoff * 0.26
Simplex Searching Start From: [1.6899999999999999]
Optimization terminated successfully.
         Current function value: -6.764235
         Iterations: 38
         Function evaluations: 81
Tmp Lattice Constants: [ 2.86317428]
Tmp Energy: -6.76423470368
Simplex Searching start from: cutoff * 0.28
Simplex Searching Start From: [1.8200000000000003]
Optimization terminated successfully.
         Current function value: -6.764235
         Iterations: 37
         Function evaluations: 78
Tmp Lattice Constants: [ 2.8631743]
Tmp Energy: -6.76423470368
Simplex Searching start from: cutoff * 0.3
Simplex Searching Start From: [1.95]
Optimization terminated successfully.
         Current function value: -6.764235
         Iterations: 36
         Function evaluations: 75
Tmp Lattice Constants: [ 2.86317434]
Tmp Energy: -6.76423470368
Simplex Searching start from: cutoff * 0.32
Simplex Searching Start From: [2.0800000000000001]
Optimization terminated successfully.
         Current function value: -6.764235
         Iterations: 35
         Function evaluations: 75
Tmp Lattice Constants: [ 2.86317431]
Tmp Energy: -6.76423470368
Simplex Searching start from: cutoff * 0.34
Simplex Searching Start From: [2.21]
Optimization terminated successfully.
         Current function value: -6.764235
         Iterations: 35
         Function evaluations: 76
Tmp Lattice Constants: [ 2.8631743]
Tmp Energy: -6.76423470368
Simplex Searching start from: cutoff * 0.36
Simplex Searching Start From: [2.3399999999999999]
Optimization terminated successfully.
         Current function value: -6.764235
         Iterations: 36
         Function evaluations: 78
Tmp Lattice Constants: [ 2.86317435]
Tmp Energy: -6.76423470368
Simplex Searching start from: cutoff * 0.38
Simplex Searching Start From: [2.4700000000000002]
Optimization terminated successfully.
         Current function value: -6.764235
         Iterations: 34
         Function evaluations: 72
Tmp Lattice Constants: [ 2.86317434]
Tmp Energy: -6.76423470368
Simplex Searching start from: cutoff * 0.4
Simplex Searching Start From: [2.6000000000000001]
Optimization terminated successfully.
         Current function value: -6.764235
         Iterations: 34
         Function evaluations: 75
Tmp Lattice Constants: [ 2.86317436]
Tmp Energy: -6.76423470368
Simplex Searching start from: cutoff * 0.42
Simplex Searching Start From: [2.73]
Optimization terminated successfully.
         Current function value: -6.764235
         Iterations: 32
         Function evaluations: 72
Tmp Lattice Constants: [ 2.86317431]
Tmp Energy: -6.76423470368
Simplex Searching start from: cutoff * 0.44
Simplex Searching Start From: [2.8599999999999999]
Optimization terminated successfully.
         Current function value: -6.764235
         Iterations: 33
         Function evaluations: 72
Tmp Lattice Constants: [ 2.86317435]
Tmp Energy: -6.76423470368
Simplex Searching start from: cutoff * 0.46
Simplex Searching Start From: [2.9900000000000002]
Optimization terminated successfully.
         Current function value: -6.764235
         Iterations: 34
         Function evaluations: 74
Tmp Lattice Constants: [ 2.86317435]
Tmp Energy: -6.76423470368
Simplex Searching start from: cutoff * 0.48
Simplex Searching Start From: [3.1200000000000001]
Optimization terminated successfully.
         Current function value: -6.764235
         Iterations: 35
         Function evaluations: 76
Tmp Lattice Constants: [ 2.86317429]
Tmp Energy: -6.76423470368
Relaxation With c/a Ratio Relaxed
Simplex Searching start from c/a ratio: 1.633 * 0.8
Simplex Searching Start From: [2.8631743450295177, 2.2905394760236142]
Optimization terminated successfully.
         Current function value: -6.238478
         Iterations: 75
         Function evaluations: 162
Tmp Lattice Constants: [ 3.91950409  2.92519135]
Tmp Energy: -6.23847756851
Simplex Searching start from c/a ratio: 1.633 * 0.82
Simplex Searching Start From: [2.8631743450295177, 2.3478029629242045]
Optimization terminated successfully.
         Current function value: -6.238478
         Iterations: 72
         Function evaluations: 161
Tmp Lattice Constants: [ 3.91950405  2.9251914 ]
Tmp Energy: -6.23847756851
Simplex Searching start from c/a ratio: 1.633 * 0.84
Simplex Searching Start From: [2.8631743450295177, 2.4050664498247949]
Optimization terminated successfully.
         Current function value: -6.238478
         Iterations: 86
         Function evaluations: 172
Tmp Lattice Constants: [ 3.91950411  2.92519135]
Tmp Energy: -6.23847756851
Simplex Searching start from c/a ratio: 1.633 * 0.86
Simplex Searching Start From: [2.8631743450295177, 2.4623299367253852]
Optimization terminated successfully.
         Current function value: -6.238478
         Iterations: 73
         Function evaluations: 162
Tmp Lattice Constants: [ 3.91950408  2.92519144]
Tmp Energy: -6.23847756851
Simplex Searching start from c/a ratio: 1.633 * 0.88
Simplex Searching Start From: [2.8631743450295177, 2.5195934236259756]
Optimization terminated successfully.
         Current function value: -6.238478
         Iterations: 70
         Function evaluations: 152
Tmp Lattice Constants: [ 3.91950404  2.92519136]
Tmp Energy: -6.23847756851
Simplex Searching start from c/a ratio: 1.633 * 0.9
Simplex Searching Start From: [2.8631743450295177, 2.576856910526566]
Optimization terminated successfully.
         Current function value: -6.238478
         Iterations: 77
         Function evaluations: 165
Tmp Lattice Constants: [ 3.91950401  2.92519148]
Tmp Energy: -6.23847756851
Simplex Searching start from c/a ratio: 1.633 * 0.92
Simplex Searching Start From: [2.8631743450295177, 2.6341203974271563]
Optimization terminated successfully.
         Current function value: -6.238478
         Iterations: 79
         Function evaluations: 163
Tmp Lattice Constants: [ 3.91950406  2.9251914 ]
Tmp Energy: -6.23847756851
Simplex Searching start from c/a ratio: 1.633 * 0.94
Simplex Searching Start From: [2.8631743450295177, 2.6913838843277467]
Optimization terminated successfully.
         Current function value: -6.238478
         Iterations: 82
         Function evaluations: 171
Tmp Lattice Constants: [ 3.91950408  2.92519136]
Tmp Energy: -6.23847756851
Simplex Searching start from c/a ratio: 1.633 * 0.96
Simplex Searching Start From: [2.8631743450295177, 2.748647371228337]
Optimization terminated successfully.
         Current function value: -6.238478
         Iterations: 75
         Function evaluations: 161
Tmp Lattice Constants: [ 3.9195041   2.92519139]
Tmp Energy: -6.23847756851
Simplex Searching start from c/a ratio: 1.633 * 0.98
Simplex Searching Start From: [2.8631743450295177, 2.8059108581289274]
Optimization terminated successfully.
         Current function value: -6.238478
         Iterations: 68
         Function evaluations: 149
Tmp Lattice Constants: [ 3.91950404  2.9251914 ]
Tmp Energy: -6.23847756851
Simplex Searching start from c/a ratio: 1.633 * 1.0
Simplex Searching Start From: [2.8631743450295177, 2.8631743450295177]
Optimization terminated successfully.
         Current function value: -6.766285
         Iterations: 83
         Function evaluations: 173
Tmp Lattice Constants: [ 2.84507979  4.74620879]
Tmp Energy: -6.76628475344
Simplex Searching start from c/a ratio: 1.633 * 1.02
Simplex Searching Start From: [2.8631743450295177, 2.9204378319301081]
Optimization terminated successfully.
         Current function value: -6.766285
         Iterations: 83
         Function evaluations: 170
Tmp Lattice Constants: [ 2.8450798   4.74620869]
Tmp Energy: -6.76628475344
Simplex Searching start from c/a ratio: 1.633 * 1.04
Simplex Searching Start From: [2.8631743450295177, 2.9777013188306984]
Optimization terminated successfully.
         Current function value: -6.766285
         Iterations: 84
         Function evaluations: 170
Tmp Lattice Constants: [ 2.84507975  4.74620874]
Tmp Energy: -6.76628475344
Simplex Searching start from c/a ratio: 1.633 * 1.06
Simplex Searching Start From: [2.8631743450295177, 3.0349648057312888]
Optimization terminated successfully.
         Current function value: -6.766285
         Iterations: 77
         Function evaluations: 164
Tmp Lattice Constants: [ 2.84507981  4.74620879]
Tmp Energy: -6.76628475344
Simplex Searching start from c/a ratio: 1.633 * 1.08
Simplex Searching Start From: [2.8631743450295177, 3.0922282926318791]
Optimization terminated successfully.
         Current function value: -6.766285
         Iterations: 81
         Function evaluations: 176
Tmp Lattice Constants: [ 2.84507978  4.74620873]
Tmp Energy: -6.76628475344
Simplex Searching start from c/a ratio: 1.633 * 1.1
Simplex Searching Start From: [2.8631743450295177, 3.1494917795324699]
Optimization terminated successfully.
         Current function value: -6.766285
         Iterations: 78
         Function evaluations: 170
Tmp Lattice Constants: [ 2.8450798   4.74620865]
Tmp Energy: -6.76628475344
Simplex Searching start from c/a ratio: 1.633 * 1.12
Simplex Searching Start From: [2.8631743450295177, 3.2067552664330603]
Optimization terminated successfully.
         Current function value: -6.766285
         Iterations: 79
         Function evaluations: 169
Tmp Lattice Constants: [ 2.84507977  4.74620858]
Tmp Energy: -6.76628475344
Simplex Searching start from c/a ratio: 1.633 * 1.14
Simplex Searching Start From: [2.8631743450295177, 3.2640187533336507]
Optimization terminated successfully.
         Current function value: -6.766285
         Iterations: 86
         Function evaluations: 179
Tmp Lattice Constants: [ 2.84507975  4.74620874]
Tmp Energy: -6.76628475344
Simplex Searching start from c/a ratio: 1.633 * 1.16
Simplex Searching Start From: [2.8631743450295177, 3.3212822402342401]
Optimization terminated successfully.
         Current function value: -6.766285
         Iterations: 74
         Function evaluations: 158
Tmp Lattice Constants: [ 2.84507978  4.74620864]
Tmp Energy: -6.76628475344
Simplex Searching start from c/a ratio: 1.633 * 1.18
Simplex Searching Start From: [2.8631743450295177, 3.3785457271348309]
Optimization terminated successfully.
         Current function value: -6.766285
         Iterations: 73
         Function evaluations: 161
Tmp Lattice Constants: [ 2.84507976  4.74620867]
Tmp Energy: -6.76628475344
Lattice Constants: [ 2.8450798   4.74620865]
Energy: -6.76628475344
Lattice Constants: 2.84507979858 4.74620865136
[
    {
        "property-id" "tag:staff@noreply.openkim.org,2014-04-15:property/structure-hexagonal-crystal-npt" 
        "instance-id" 1 
        "cauchy-stress" {
            "source-value" [
                0 
                0 
                0 
                0 
                0
            ] 
            "source-unit" "GPa"
        } 
        "short-name" {
            "source-value" [
                "hcp"
            ]
        } 
        "species" {
            "source-value" [
                "Al"
            ]
        } 
        "a" {
            "source-value" 2.8450797985780767 
            "source-unit" "angstrom"
        } 
        "c" {
            "source-value" 4.7462086513615658 
            "source-unit" "angstrom"
        } 
        "basis-atom-coordinates" {
            "source-value" [
                [
                    0.0 
                    0.0 
                    0.0
                ] 
                [
                    0.0 
                    0.5773502691896257 
                    0.5
                ]
            ]
        } 
        "space-group" {
            "source-value" "P63/mmc"
        } 
        "temperature" {
            "source-value" 0 
            "source-unit" "K"
        }
    } 
    {
        "property-id" "tag:staff@noreply.openkim.org,2014-04-15:property/cohesive-free-energy-hexagonal-crystal" 
        "instance-id" 2 
        "cohesive-free-energy" {
            "source-value" -6.7662847534379305 
            "source-unit" "eV"
        } 
        "short-name" {
            "source-value" [
                "hcp"
            ]
        } 
        "species" {
            "source-value" [
                "Al"
            ]
        } 
        "a" {
            "source-value" 2.8450797985780767 
            "source-unit" "angstrom"
        } 
        "c" {
            "source-value" 4.7462086513615658 
            "source-unit" "angstrom"
        } 
        "basis-atom-coordinates" {
            "source-value" [
                [
                    0.0 
                    0.0 
                    0.0
                ] 
                [
                    0.0 
                    0.5773502691896257 
                    0.5
                ]
            ]
        } 
        "space-group" {
            "source-value" "P63/mmc"
        } 
        "temperature" {
            "source-value" 0 
            "source-unit" "K"
        }
    }
]
