Imported bulk from ase.lattice
Element = Lattice = Model = Element: Ni
Lattice: hcp
Model: EAM_Dynamo_Ackland_Tichy_Ni__MO_977363131043_001
Model Cutoff: 4.3171695
NBC Name: NEIGH_RVEC_F
Relaxation With c/a Ratio Fixed
Simplex Searching start from: cutoff * 0.1
Simplex Searching Start From: [0.43171695000000004]
Optimization terminated successfully.
         Current function value: -8.909331
         Iterations: 41
         Function evaluations: 86
Tmp Lattice Constants: [ 2.49396006]
Tmp Energy: -8.90933063169
Simplex Searching start from: cutoff * 0.12
Simplex Searching Start From: [0.51806034000000001]
Optimization terminated successfully.
         Current function value: -8.909331
         Iterations: 40
         Function evaluations: 84
Tmp Lattice Constants: [ 2.49396004]
Tmp Energy: -8.90933063169
Simplex Searching start from: cutoff * 0.14
Simplex Searching Start From: [0.60440373000000014]
Optimization terminated successfully.
         Current function value: -8.909331
         Iterations: 41
         Function evaluations: 88
Tmp Lattice Constants: [ 2.49396004]
Tmp Energy: -8.90933063169
Simplex Searching start from: cutoff * 0.16
Simplex Searching Start From: [0.69074712000000005]
Optimization terminated successfully.
         Current function value: -8.909331
         Iterations: 39
         Function evaluations: 82
Tmp Lattice Constants: [ 2.49396005]
Tmp Energy: -8.90933063169
Simplex Searching start from: cutoff * 0.18
Simplex Searching Start From: [0.77709051000000007]
Optimization terminated successfully.
         Current function value: -8.909331
         Iterations: 39
         Function evaluations: 83
Tmp Lattice Constants: [ 2.49396007]
Tmp Energy: -8.90933063169
Simplex Searching start from: cutoff * 0.2
Simplex Searching Start From: [0.86343390000000009]
Optimization terminated successfully.
         Current function value: -8.909331
         Iterations: 40
         Function evaluations: 88
Tmp Lattice Constants: [ 2.49396007]
Tmp Energy: -8.90933063169
Simplex Searching start from: cutoff * 0.22
Simplex Searching Start From: [0.94977729000000011]
Optimization terminated successfully.
         Current function value: -8.909331
         Iterations: 39
         Function evaluations: 84
Tmp Lattice Constants: [ 2.49396008]
Tmp Energy: -8.90933063169
Simplex Searching start from: cutoff * 0.24
Simplex Searching Start From: [1.03612068]
Optimization terminated successfully.
         Current function value: -8.909331
         Iterations: 38
         Function evaluations: 79
Tmp Lattice Constants: [ 2.49396004]
Tmp Energy: -8.90933063169
Simplex Searching start from: cutoff * 0.26
Simplex Searching Start From: [1.1224640700000001]
Optimization terminated successfully.
         Current function value: -8.909331
         Iterations: 39
         Function evaluations: 85
Tmp Lattice Constants: [ 2.49396007]
Tmp Energy: -8.90933063169
Simplex Searching start from: cutoff * 0.28
Simplex Searching Start From: [1.2088074600000003]
Optimization terminated successfully.
         Current function value: -8.909331
         Iterations: 38
         Function evaluations: 79
Tmp Lattice Constants: [ 2.49396005]
Tmp Energy: -8.90933063169
Simplex Searching start from: cutoff * 0.3
Simplex Searching Start From: [1.29515085]
Optimization terminated successfully.
         Current function value: -8.909331
         Iterations: 38
         Function evaluations: 78
Tmp Lattice Constants: [ 2.49396007]
Tmp Energy: -8.90933063169
Simplex Searching start from: cutoff * 0.32
Simplex Searching Start From: [1.3814942400000001]
Optimization terminated successfully.
         Current function value: -8.909331
         Iterations: 39
         Function evaluations: 84
Tmp Lattice Constants: [ 2.49396005]
Tmp Energy: -8.90933063169
Simplex Searching start from: cutoff * 0.34
Simplex Searching Start From: [1.4678376300000002]
Optimization terminated successfully.
         Current function value: -8.909331
         Iterations: 38
         Function evaluations: 79
Tmp Lattice Constants: [ 2.49396006]
Tmp Energy: -8.90933063169
Simplex Searching start from: cutoff * 0.36
Simplex Searching Start From: [1.5541810200000001]
Optimization terminated successfully.
         Current function value: -8.909331
         Iterations: 37
         Function evaluations: 79
Tmp Lattice Constants: [ 2.49396005]
Tmp Energy: -8.90933063169
Simplex Searching start from: cutoff * 0.38
Simplex Searching Start From: [1.64052441]
Optimization terminated successfully.
         Current function value: -8.909331
         Iterations: 37
         Function evaluations: 80
Tmp Lattice Constants: [ 2.49396007]
Tmp Energy: -8.90933063169
Simplex Searching start from: cutoff * 0.4
Simplex Searching Start From: [1.7268678000000002]
Optimization terminated successfully.
         Current function value: -8.909331
         Iterations: 37
         Function evaluations: 79
Tmp Lattice Constants: [ 2.49396007]
Tmp Energy: -8.90933063169
Simplex Searching start from: cutoff * 0.42
Simplex Searching Start From: [1.8132111900000001]
Optimization terminated successfully.
         Current function value: -8.909331
         Iterations: 35
         Function evaluations: 76
Tmp Lattice Constants: [ 2.49396007]
Tmp Energy: -8.90933063169
Simplex Searching start from: cutoff * 0.44
Simplex Searching Start From: [1.8995545800000002]
Optimization terminated successfully.
         Current function value: -8.909331
         Iterations: 36
         Function evaluations: 77
Tmp Lattice Constants: [ 2.49396005]
Tmp Energy: -8.90933063169
Simplex Searching start from: cutoff * 0.46
Simplex Searching Start From: [1.9858979700000003]
Optimization terminated successfully.
         Current function value: -8.909331
         Iterations: 35
         Function evaluations: 73
Tmp Lattice Constants: [ 2.49396006]
Tmp Energy: -8.90933063169
Simplex Searching start from: cutoff * 0.48
Simplex Searching Start From: [2.07224136]
Optimization terminated successfully.
         Current function value: -8.909331
         Iterations: 34
         Function evaluations: 71
Tmp Lattice Constants: [ 2.49396004]
Tmp Energy: -8.90933063169
Relaxation With c/a Ratio Relaxed
