Imported bulk from ase.lattice
Element = Lattice = Model = Element: Ar
Lattice: hcp
Model: Pair_Lennard_Jones_Shifted_Bernardes_HighCutoff_Ar__MO_242741380554_001
Model Cutoff: 19.9
Relaxation With c/a Ratio Fixed
Simplex Searching start from: cutoff * 0.1
Simplex Searching Start From: [1.99]
Optimization terminated successfully.
         Current function value: -0.177217
         Iterations: 37
         Function evaluations: 80
Tmp Lattice Constants: [ 3.7082211]
Tmp Energy: -0.177216596775
Simplex Searching start from: cutoff * 0.12
Simplex Searching Start From: [2.3879999999999999]
Optimization terminated successfully.
         Current function value: -0.177217
         Iterations: 39
         Function evaluations: 84
Tmp Lattice Constants: [ 3.70822111]
Tmp Energy: -0.177216596775
Simplex Searching start from: cutoff * 0.14
Simplex Searching Start From: [2.786]
Optimization terminated successfully.
         Current function value: -0.177217
         Iterations: 36
         Function evaluations: 77
Tmp Lattice Constants: [ 3.70822111]
Tmp Energy: -0.177216596775
Simplex Searching start from: cutoff * 0.16
Simplex Searching Start From: [3.1839999999999997]
Optimization terminated successfully.
         Current function value: -0.177217
         Iterations: 34
         Function evaluations: 73
Tmp Lattice Constants: [ 3.7082211]
Tmp Energy: -0.177216596775
Simplex Searching start from: cutoff * 0.18
Simplex Searching Start From: [3.5819999999999994]
Optimization terminated successfully.
         Current function value: -0.177217
         Iterations: 32
         Function evaluations: 68
Tmp Lattice Constants: [ 3.70822109]
Tmp Energy: -0.177216596775
Simplex Searching start from: cutoff * 0.2
Simplex Searching Start From: [3.98]
Optimization terminated successfully.
         Current function value: -0.177217
         Iterations: 33
         Function evaluations: 71
Tmp Lattice Constants: [ 3.7082211]
Tmp Energy: -0.177216596775
Simplex Searching start from: cutoff * 0.22
Simplex Searching Start From: [4.3780000000000001]
Optimization terminated successfully.
         Current function value: -0.177217
         Iterations: 36
         Function evaluations: 77
Tmp Lattice Constants: [ 3.70822107]
Tmp Energy: -0.177216596775
Simplex Searching start from: cutoff * 0.24
Simplex Searching Start From: [4.7759999999999998]
Optimization terminated successfully.
         Current function value: -0.177217
         Iterations: 39
         Function evaluations: 84
Tmp Lattice Constants: [ 3.70822111]
Tmp Energy: -0.177216596775
Simplex Searching start from: cutoff * 0.26
Simplex Searching Start From: [5.1739999999999995]
Optimization terminated successfully.
         Current function value: -0.177217
         Iterations: 38
         Function evaluations: 80
Tmp Lattice Constants: [ 3.7082211]
Tmp Energy: -0.177216596775
Simplex Searching start from: cutoff * 0.28
Simplex Searching Start From: [5.5720000000000001]
Optimization terminated successfully.
         Current function value: -0.177217
         Iterations: 38
         Function evaluations: 81
Tmp Lattice Constants: [ 3.70822111]
Tmp Energy: -0.177216596775
Simplex Searching start from: cutoff * 0.3
Simplex Searching Start From: [5.9699999999999998]
Optimization terminated successfully.
         Current function value: -0.177217
         Iterations: 39
         Function evaluations: 82
Tmp Lattice Constants: [ 3.70822112]
Tmp Energy: -0.177216596775
Simplex Searching start from: cutoff * 0.32
Simplex Searching Start From: [6.3679999999999994]
Optimization terminated successfully.
         Current function value: -0.177217
         Iterations: 38
         Function evaluations: 81
Tmp Lattice Constants: [ 3.7082211]
Tmp Energy: -0.177216596775
Simplex Searching start from: cutoff * 0.34
Simplex Searching Start From: [6.766]
Optimization terminated successfully.
         Current function value: -0.177217
         Iterations: 38
         Function evaluations: 82
Tmp Lattice Constants: [ 3.7082211]
Tmp Energy: -0.177216596775
Simplex Searching start from: cutoff * 0.36
Simplex Searching Start From: [7.1639999999999988]
Optimization terminated successfully.
         Current function value: -0.177217
         Iterations: 38
         Function evaluations: 82
Tmp Lattice Constants: [ 3.70822108]
Tmp Energy: -0.177216596775
Simplex Searching start from: cutoff * 0.38
Simplex Searching Start From: [7.5619999999999994]
Optimization terminated successfully.
         Current function value: -0.177217
         Iterations: 39
         Function evaluations: 83
Tmp Lattice Constants: [ 3.7082211]
Tmp Energy: -0.177216596775
Simplex Searching start from: cutoff * 0.4
Simplex Searching Start From: [7.96]
Optimization terminated successfully.
         Current function value: -0.177217
         Iterations: 39
         Function evaluations: 84
Tmp Lattice Constants: [ 3.7082211]
Tmp Energy: -0.177216596775
Simplex Searching start from: cutoff * 0.42
Simplex Searching Start From: [8.3579999999999988]
Optimization terminated successfully.
         Current function value: -0.177217
         Iterations: 41
         Function evaluations: 86
Tmp Lattice Constants: [ 3.70822108]
Tmp Energy: -0.177216596775
Simplex Searching start from: cutoff * 0.44
Simplex Searching Start From: [8.7560000000000002]
Optimization terminated successfully.
         Current function value: -0.177217
         Iterations: 41
         Function evaluations: 87
Tmp Lattice Constants: [ 3.70822107]
Tmp Energy: -0.177216596775
Simplex Searching start from: cutoff * 0.46
Simplex Searching Start From: [9.1539999999999999]
Optimization terminated successfully.
         Current function value: -0.177217
         Iterations: 40
         Function evaluations: 85
Tmp Lattice Constants: [ 3.70822111]
Tmp Energy: -0.177216596775
Simplex Searching start from: cutoff * 0.48
Simplex Searching Start From: [9.5519999999999996]
Optimization terminated successfully.
         Current function value: -0.177217
         Iterations: 40
         Function evaluations: 86
Tmp Lattice Constants: [ 3.70822113]
Tmp Energy: -0.177216596775
Relaxation With c/a Ratio Relaxed
Simplex Searching start from c/a ratio: 1.633 * 0.8
Simplex Searching Start From: [3.7082211109693164, 4.8444200593703153]
Optimization terminated successfully.
         Current function value: -0.177217
         Iterations: 74
         Function evaluations: 155
Tmp Lattice Constants: [ 3.70840626  6.05489511]
Tmp Energy: -0.177216613802
Simplex Searching start from c/a ratio: 1.633 * 0.82
Simplex Searching Start From: [3.7082211109693164, 4.9655305608545737]
Optimization terminated successfully.
         Current function value: -0.177217
         Iterations: 76
         Function evaluations: 158
Tmp Lattice Constants: [ 3.70840629  6.05489506]
Tmp Energy: -0.177216613802
Simplex Searching start from c/a ratio: 1.633 * 0.84
Simplex Searching Start From: [3.7082211109693164, 5.0866410623388303]
Optimization terminated successfully.
         Current function value: -0.177217
         Iterations: 71
         Function evaluations: 153
Tmp Lattice Constants: [ 3.70840631  6.05489512]
Tmp Energy: -0.177216613802
Simplex Searching start from c/a ratio: 1.633 * 0.86
Simplex Searching Start From: [3.7082211109693164, 5.2077515638230887]
Optimization terminated successfully.
         Current function value: -0.177217
         Iterations: 68
         Function evaluations: 150
Tmp Lattice Constants: [ 3.70840629  6.05489509]
Tmp Energy: -0.177216613802
Simplex Searching start from c/a ratio: 1.633 * 0.88
Simplex Searching Start From: [3.7082211109693164, 5.3288620653073471]
Optimization terminated successfully.
         Current function value: -0.177217
         Iterations: 68
         Function evaluations: 150
Tmp Lattice Constants: [ 3.70840629  6.05489506]
Tmp Energy: -0.177216613802
Simplex Searching start from c/a ratio: 1.633 * 0.9
Simplex Searching Start From: [3.7082211109693164, 5.4499725667916046]
Optimization terminated successfully.
         Current function value: -0.177217
         Iterations: 75
         Function evaluations: 158
Tmp Lattice Constants: [ 3.70840628  6.05489507]
Tmp Energy: -0.177216613802
Simplex Searching start from c/a ratio: 1.633 * 0.92
Simplex Searching Start From: [3.7082211109693164, 5.571083068275863]
Optimization terminated successfully.
         Current function value: -0.177217
         Iterations: 64
         Function evaluations: 141
Tmp Lattice Constants: [ 3.70840632  6.054895  ]
Tmp Energy: -0.177216613802
Simplex Searching start from c/a ratio: 1.633 * 0.94
Simplex Searching Start From: [3.7082211109693164, 5.6921935697601196]
Optimization terminated successfully.
         Current function value: -0.177217
         Iterations: 73
         Function evaluations: 148
Tmp Lattice Constants: [ 3.70840632  6.05489503]
Tmp Energy: -0.177216613802
Simplex Searching start from c/a ratio: 1.633 * 0.96
Simplex Searching Start From: [3.7082211109693164, 5.813304071244378]
Optimization terminated successfully.
         Current function value: -0.177217
         Iterations: 69
         Function evaluations: 147
Tmp Lattice Constants: [ 3.70840631  6.05489512]
Tmp Energy: -0.177216613802
Simplex Searching start from c/a ratio: 1.633 * 0.98
Simplex Searching Start From: [3.7082211109693164, 5.9344145727286355]
Optimization terminated successfully.
         Current function value: -0.177217
         Iterations: 72
         Function evaluations: 151
Tmp Lattice Constants: [ 3.70840629  6.05489505]
Tmp Energy: -0.177216613802
Simplex Searching start from c/a ratio: 1.633 * 1.0
Simplex Searching Start From: [3.7082211109693164, 6.0555250742128939]
Optimization terminated successfully.
         Current function value: -0.177217
         Iterations: 66
         Function evaluations: 142
Tmp Lattice Constants: [ 3.70840634  6.05489511]
Tmp Energy: -0.177216613802
Simplex Searching start from c/a ratio: 1.633 * 1.02
Simplex Searching Start From: [3.7082211109693164, 6.1766355756971523]
Optimization terminated successfully.
         Current function value: -0.177217
         Iterations: 67
         Function evaluations: 141
Tmp Lattice Constants: [ 3.70840628  6.05489512]
Tmp Energy: -0.177216613802
Simplex Searching start from c/a ratio: 1.633 * 1.04
Simplex Searching Start From: [3.7082211109693164, 6.2977460771814098]
Optimization terminated successfully.
         Current function value: -0.177217
         Iterations: 69
         Function evaluations: 147
Tmp Lattice Constants: [ 3.70840629  6.05489503]
Tmp Energy: -0.177216613802
Simplex Searching start from c/a ratio: 1.633 * 1.06
Simplex Searching Start From: [3.7082211109693164, 6.4188565786656682]
Optimization terminated successfully.
         Current function value: -0.177217
         Iterations: 70
         Function evaluations: 147
Tmp Lattice Constants: [ 3.70840629  6.05489513]
Tmp Energy: -0.177216613802
Simplex Searching start from c/a ratio: 1.633 * 1.08
Simplex Searching Start From: [3.7082211109693164, 6.5399670801499257]
Optimization terminated successfully.
         Current function value: -0.177217
         Iterations: 74
         Function evaluations: 157
Tmp Lattice Constants: [ 3.70840629  6.05489516]
Tmp Energy: -0.177216613802
Simplex Searching start from c/a ratio: 1.633 * 1.1
Simplex Searching Start From: [3.7082211109693164, 6.6610775816341841]
Optimization terminated successfully.
         Current function value: -0.177217
         Iterations: 67
         Function evaluations: 148
Tmp Lattice Constants: [ 3.7084063  6.0548951]
Tmp Energy: -0.177216613802
Simplex Searching start from c/a ratio: 1.633 * 1.12
Simplex Searching Start From: [3.7082211109693164, 6.7821880831184416]
Optimization terminated successfully.
         Current function value: -0.177217
         Iterations: 77
         Function evaluations: 162
Tmp Lattice Constants: [ 3.70840632  6.05489502]
Tmp Energy: -0.177216613802
Simplex Searching start from c/a ratio: 1.633 * 1.14
Simplex Searching Start From: [3.7082211109693164, 6.9032985846027]
Optimization terminated successfully.
         Current function value: -0.177217
         Iterations: 71
         Function evaluations: 152
Tmp Lattice Constants: [ 3.70840631  6.05489507]
Tmp Energy: -0.177216613802
Simplex Searching start from c/a ratio: 1.633 * 1.16
Simplex Searching Start From: [3.7082211109693164, 7.0244090860869566]
Optimization terminated successfully.
         Current function value: -0.177217
         Iterations: 74
         Function evaluations: 161
Tmp Lattice Constants: [ 3.70840632  6.05489514]
Tmp Energy: -0.177216613802
Simplex Searching start from c/a ratio: 1.633 * 1.18
Simplex Searching Start From: [3.7082211109693164, 7.1455195875712141]
Optimization terminated successfully.
         Current function value: -0.177217
         Iterations: 74
         Function evaluations: 161
Tmp Lattice Constants: [ 3.70840625  6.05489505]
Tmp Energy: -0.177216613802
Lattice Constants: [ 3.70840631  6.05489507]
Energy: -0.177216613802
Lattice Constants: 3.70840630888 6.05489506945
OrderedDict([('property-id', 'tag:staff@noreply.openkim.org,2014-04-15:property/structure-hexagonal-crystal-npt'), ('instance-id', 1), ('cauchy-stress', OrderedDict([('source-value', [0, 0, 0, 0, 0]), ('source-unit', 'GPa')])), ('short-name', OrderedDict([('source-value', ['hcp'])])), ('species', OrderedDict([('source-value', ['Ar'])])), ('a', OrderedDict([('source-value', 3.7084063088792192), ('source-unit', 'angstrom')])), ('c', OrderedDict([('source-value', 6.0548950694526376), ('source-unit', 'angstrom')])), ('basis-atom-coordinates', OrderedDict([('source-value', [[0.0, 0.0, 0.0], [0.0, 0.5773502691896257, 0.5]])])), ('space-group', OrderedDict([('source-value', 'P63/mmc')])), ('temperature', OrderedDict([('source-value', 0), ('source-unit', 'K')]))])
OrderedDict([('property-id', 'tag:staff@noreply.openkim.org,2014-04-15:property/cohesive-free-energy-hexagonal-crystal'), ('instance-id', 2), ('cohesive-free-energy', OrderedDict([('source-value', -0.1772166138018135), ('source-unit', 'eV')])), ('short-name', OrderedDict([('source-value', ['hcp'])])), ('species', OrderedDict([('source-value', ['Ar'])])), ('a', OrderedDict([('source-value', 3.7084063088792192), ('source-unit', 'angstrom')])), ('c', OrderedDict([('source-value', 6.0548950694526376), ('source-unit', 'angstrom')])), ('basis-atom-coordinates', OrderedDict([('source-value', [[0.0, 0.0, 0.0], [0.0, 0.5773502691896257, 0.5]])])), ('space-group', OrderedDict([('source-value', 'P63/mmc')])), ('temperature', OrderedDict([('source-value', 0), ('source-unit', 'K')]))])
[
    {
        "property-id" "tag:staff@noreply.openkim.org,2014-04-15:property/structure-hexagonal-crystal-npt" 
        "instance-id" 1 
        "cauchy-stress" {
            "source-value" [
                0 
                0 
                0 
                0 
                0
            ] 
            "source-unit" "GPa"
        } 
        "short-name" {
            "source-value" [
                "hcp"
            ]
        } 
        "species" {
            "source-value" [
                "Ar"
            ]
        } 
        "a" {
            "source-value" 3.7084063088792192 
            "source-unit" "angstrom"
        } 
        "c" {
            "source-value" 6.0548950694526376 
            "source-unit" "angstrom"
        } 
        "basis-atom-coordinates" {
            "source-value" [
                [
                    0.0 
                    0.0 
                    0.0
                ] 
                [
                    0.0 
                    0.5773502691896257 
                    0.5
                ]
            ]
        } 
        "space-group" {
            "source-value" "P63/mmc"
        } 
        "temperature" {
            "source-value" 0 
            "source-unit" "K"
        }
    } 
    {
        "property-id" "tag:staff@noreply.openkim.org,2014-04-15:property/cohesive-free-energy-hexagonal-crystal" 
        "instance-id" 2 
        "cohesive-free-energy" {
            "source-value" -0.1772166138018135 
            "source-unit" "eV"
        } 
        "short-name" {
            "source-value" [
                "hcp"
            ]
        } 
        "species" {
            "source-value" [
                "Ar"
            ]
        } 
        "a" {
            "source-value" 3.7084063088792192 
            "source-unit" "angstrom"
        } 
        "c" {
            "source-value" 6.0548950694526376 
            "source-unit" "angstrom"
        } 
        "basis-atom-coordinates" {
            "source-value" [
                [
                    0.0 
                    0.0 
                    0.0
                ] 
                [
                    0.0 
                    0.5773502691896257 
                    0.5
                ]
            ]
        } 
        "space-group" {
            "source-value" "P63/mmc"
        } 
        "temperature" {
            "source-value" 0 
            "source-unit" "K"
        }
    }
]
