Imported bulk from ase.lattice
Parameters Input: Al fcc EAM_Dynamo_Mendelev_Kramer_Al__MO_106969701023_001 [4.04525974393]

[Calculation]

Supercell Size: 3
Unrelaxed Cell:
[[ 12.13577923   0.           0.        ]
 [  0.          12.13577923   0.        ]
 [  0.           0.          12.13577923]]
Unrelaxed Cell Vector:
[12.13577923179, 0.0, 12.13577923179, 0.0, 0.0, 12.13577923179]
Vacancy Formation Energy (Cell Structure Relaxation): -3.41065695372 Size:  3
Vacancy Formation Energy (Cell Structure Relaxation): -2.24967362379 Size:  3
Vacancy Formation Energy (Cell Structure Relaxation): -3.41065688111 Size:  3
Vacancy Formation Energy (Cell Structure Relaxation): -2.24967362379 Size:  3
Vacancy Formation Energy (Cell Structure Relaxation): -3.41065688111 Size:  3
Vacancy Formation Energy (Cell Structure Relaxation): -3.41065688111 Size:  3
Vacancy Formation Energy (Cell Structure Relaxation): -2.24967362379 Size:  3
Vacancy Formation Energy (Cell Structure Relaxation): -2.04108378017 Size:  3
Vacancy Formation Energy (Cell Structure Relaxation): -2.92174215273 Size:  3
Vacancy Formation Energy (Cell Structure Relaxation): -2.04118577429 Size:  3
Vacancy Formation Energy (Cell Structure Relaxation): -2.95229254745 Size:  3
Vacancy Formation Energy (Cell Structure Relaxation): -2.03104023102 Size:  3
Vacancy Formation Energy (Cell Structure Relaxation): -2.98429535746 Size:  3
Vacancy Formation Energy (Cell Structure Relaxation): -3.12903394609 Size:  3
Vacancy Formation Energy (Cell Structure Relaxation): -2.92559951216 Size:  3
Vacancy Formation Energy (Cell Structure Relaxation): -3.26483940798 Size:  3
Vacancy Formation Energy (Cell Structure Relaxation): -2.88124099318 Size:  3
Vacancy Formation Energy (Cell Structure Relaxation): -3.28665116879 Size:  3
Vacancy Formation Energy (Cell Structure Relaxation): -3.12994921053 Size:  3
Vacancy Formation Energy (Cell Structure Relaxation): -3.30967087564 Size:  3
Vacancy Formation Energy (Cell Structure Relaxation): -3.34030676706 Size:  3
Vacancy Formation Energy (Cell Structure Relaxation): -3.26814942303 Size:  3
Vacancy Formation Energy (Cell Structure Relaxation): -3.37462237452 Size:  3
Vacancy Formation Energy (Cell Structure Relaxation): -3.30121466358 Size:  3
Vacancy Formation Energy (Cell Structure Relaxation): -3.38271833991 Size:  3
Vacancy Formation Energy (Cell Structure Relaxation): -3.32285394162 Size:  3
Vacancy Formation Energy (Cell Structure Relaxation): -3.39609670493 Size:  3
Vacancy Formation Energy (Cell Structure Relaxation): -3.37973694154 Size:  3
Vacancy Formation Energy (Cell Structure Relaxation): -3.40335997063 Size:  3
Vacancy Formation Energy (Cell Structure Relaxation): -3.37249070456 Size:  3
Vacancy Formation Energy (Cell Structure Relaxation): -3.40388754425 Size:  3
Vacancy Formation Energy (Cell Structure Relaxation): -3.40115590215 Size:  3
Vacancy Formation Energy (Cell Structure Relaxation): -3.40842510401 Size:  3
Vacancy Formation Energy (Cell Structure Relaxation): -3.40039941113 Size:  3
Vacancy Formation Energy (Cell Structure Relaxation): -3.40906193495 Size:  3
Vacancy Formation Energy (Cell Structure Relaxation): -3.40348525882 Size:  3
Vacancy Formation Energy (Cell Structure Relaxation): -3.40888583943 Size:  3
Vacancy Formation Energy (Cell Structure Relaxation): -3.40786441141 Size:  3
Vacancy Formation Energy (Cell Structure Relaxation): -3.41007627923 Size:  3
Vacancy Formation Energy (Cell Structure Relaxation): -3.40886486798 Size:  3
Vacancy Formation Energy (Cell Structure Relaxation): -3.41017261055 Size:  3
Vacancy Formation Energy (Cell Structure Relaxation): -3.40891765177 Size:  3
Vacancy Formation Energy (Cell Structure Relaxation): -3.4102542359 Size:  3
Vacancy Formation Energy (Cell Structure Relaxation): -3.41008707002 Size:  3
Vacancy Formation Energy (Cell Structure Relaxation): -3.4104979373 Size:  3
Vacancy Formation Energy (Cell Structure Relaxation): -3.41016379868 Size:  3
Vacancy Formation Energy (Cell Structure Relaxation): -3.41052110064 Size:  3
Vacancy Formation Energy (Cell Structure Relaxation): -3.41037869434 Size:  3
Vacancy Formation Energy (Cell Structure Relaxation): -3.41059461214 Size:  3
Vacancy Formation Energy (Cell Structure Relaxation): -3.41049900553 Size:  3
Vacancy Formation Energy (Cell Structure Relaxation): -3.41061322855 Size:  3
Vacancy Formation Energy (Cell Structure Relaxation): -3.41050530537 Size:  3
Vacancy Formation Energy (Cell Structure Relaxation): -3.41062135103 Size:  3
Vacancy Formation Energy (Cell Structure Relaxation): -3.41059948609 Size:  3
Vacancy Formation Energy (Cell Structure Relaxation): -3.41064144922 Size:  3
Vacancy Formation Energy (Cell Structure Relaxation): -3.41061369742 Size:  3
Vacancy Formation Energy (Cell Structure Relaxation): -3.41064515199 Size:  3
Vacancy Formation Energy (Cell Structure Relaxation): -3.41062620812 Size:  3
Vacancy Formation Energy (Cell Structure Relaxation): -3.4106493503 Size:  3
Vacancy Formation Energy (Cell Structure Relaxation): -3.41064201529 Size:  3
Vacancy Formation Energy (Cell Structure Relaxation): -3.41065292876 Size:  3
Vacancy Formation Energy (Cell Structure Relaxation): -3.41064523961 Size:  3
Vacancy Formation Energy (Cell Structure Relaxation): -3.41065368892 Size:  3
Vacancy Formation Energy (Cell Structure Relaxation): -3.41065090211 Size:  3
Vacancy Formation Energy (Cell Structure Relaxation): -3.41065541967 Size:  3
Vacancy Formation Energy (Cell Structure Relaxation): -3.4106532238 Size:  3
Vacancy Formation Energy (Cell Structure Relaxation): -3.41065593376 Size:  3
Vacancy Formation Energy (Cell Structure Relaxation): -3.41065368575 Size:  3
Vacancy Formation Energy (Cell Structure Relaxation): -3.41065606055 Size:  3
Vacancy Formation Energy (Cell Structure Relaxation): -3.41065555983 Size:  3
Vacancy Formation Energy (Cell Structure Relaxation): -3.41065656208 Size:  3
Vacancy Formation Energy (Cell Structure Relaxation): -3.41065604758 Size:  3
Vacancy Formation Energy (Cell Structure Relaxation): -3.41065669849 Size:  3
Vacancy Formation Energy (Cell Structure Relaxation): -3.41065615103 Size:  3
Vacancy Formation Energy (Cell Structure Relaxation): -3.41065674015 Size:  3
Vacancy Formation Energy (Cell Structure Relaxation): -3.41065657228 Size:  3
Vacancy Formation Energy (Cell Structure Relaxation): -3.4106568391 Size:  3
Vacancy Formation Energy (Cell Structure Relaxation): -3.41065669189 Size:  3
Vacancy Formation Energy (Cell Structure Relaxation): -3.41065687258 Size:  3
Vacancy Formation Energy (Cell Structure Relaxation): -3.41065675921 Size:  3
Vacancy Formation Energy (Cell Structure Relaxation): -3.41065689243 Size:  3
Vacancy Formation Energy (Cell Structure Relaxation): -3.41065685244 Size:  3
Vacancy Formation Energy (Cell Structure Relaxation): -3.41065691704 Size:  3
Vacancy Formation Energy (Cell Structure Relaxation): -3.41065687375 Size:  3
Vacancy Formation Energy (Cell Structure Relaxation): -3.41065692187 Size:  3
Vacancy Formation Energy (Cell Structure Relaxation): -3.41065684885 Size:  3
Vacancy Formation Energy (Cell Structure Relaxation): -3.41065692672 Size:  3
Vacancy Formation Energy (Cell Structure Relaxation): -3.41065685798 Size:  3
Vacancy Formation Energy (Cell Structure Relaxation): -3.41065692598 Size:  3
Vacancy Formation Energy (Cell Structure Relaxation): -3.41065686931 Size:  3
Vacancy Formation Energy (Cell Structure Relaxation): -3.41065692526 Size:  3
Vacancy Formation Energy (Cell Structure Relaxation): -3.41065690893 Size:  3
Vacancy Formation Energy (Cell Structure Relaxation): -3.41065693435 Size:  3
Vacancy Formation Energy (Cell Structure Relaxation): -3.41065693056 Size:  3
Vacancy Formation Energy (Cell Structure Relaxation): -3.41065693881 Size:  3
Vacancy Formation Energy (Cell Structure Relaxation): -3.41065693178 Size:  3
Vacancy Formation Energy (Cell Structure Relaxation): -3.41065693272 Size:  3
Vacancy Formation Energy (Cell Structure Relaxation): -3.41065693305 Size:  3
Vacancy Formation Energy (Cell Structure Relaxation): -3.41065692996 Size:  3
Vacancy Formation Energy (Cell Structure Relaxation): -3.41065694368 Size:  3
Vacancy Formation Energy (Cell Structure Relaxation): -3.41065693222 Size:  3
Vacancy Formation Energy (Cell Structure Relaxation): -3.41065694426 Size:  3
Vacancy Formation Energy (Cell Structure Relaxation): -3.41065693233 Size:  3
Vacancy Formation Energy (Cell Structure Relaxation): -3.41065694458 Size:  3
Vacancy Formation Energy (Cell Structure Relaxation): -3.41065693128 Size:  3
Vacancy Formation Energy (Cell Structure Relaxation): -3.41065694495 Size:  3
Vacancy Formation Energy (Cell Structure Relaxation): -3.41065693442 Size:  3
Vacancy Formation Energy (Cell Structure Relaxation): -3.41065694528 Size:  3
Vacancy Formation Energy (Cell Structure Relaxation): -3.41065694054 Size:  3
Vacancy Formation Energy (Cell Structure Relaxation): -3.41065694719 Size:  3
Vacancy Formation Energy (Cell Structure Relaxation): -3.41065694544 Size:  3
Vacancy Formation Energy (Cell Structure Relaxation): -3.41065694766 Size:  3
Vacancy Formation Energy (Cell Structure Relaxation): -3.41065694801 Size:  3
Vacancy Formation Energy (Cell Structure Relaxation): -3.41065694889 Size:  3
Vacancy Formation Energy (Cell Structure Relaxation): -3.41065694886 Size:  3
Vacancy Formation Energy (Cell Structure Relaxation): -3.41065694748 Size:  3
Vacancy Formation Energy (Cell Structure Relaxation): -3.41065694547 Size:  3
Vacancy Formation Energy (Cell Structure Relaxation): -3.41065695081 Size:  3
Vacancy Formation Energy (Cell Structure Relaxation): -3.41065694598 Size:  3
Vacancy Formation Energy (Cell Structure Relaxation): -3.41065695086 Size:  3
Vacancy Formation Energy (Cell Structure Relaxation): -3.41065694971 Size:  3
Vacancy Formation Energy (Cell Structure Relaxation): -3.41065694935 Size:  3
Vacancy Formation Energy (Cell Structure Relaxation): -3.41065695102 Size:  3
Vacancy Formation Energy (Cell Structure Relaxation): -3.4106569509 Size:  3
Vacancy Formation Energy (Cell Structure Relaxation): -3.41065694916 Size:  3
Vacancy Formation Energy (Cell Structure Relaxation): -3.41065695207 Size:  3
Vacancy Formation Energy (Cell Structure Relaxation): -3.41065694853 Size:  3
Vacancy Formation Energy (Cell Structure Relaxation): -3.41065695225 Size:  3
Vacancy Formation Energy (Cell Structure Relaxation): -3.4106569511 Size:  3
Vacancy Formation Energy (Cell Structure Relaxation): -3.41065695047 Size:  3
Vacancy Formation Energy (Cell Structure Relaxation): -3.41065695251 Size:  3
Vacancy Formation Energy (Cell Structure Relaxation): -3.41065695028 Size:  3
Vacancy Formation Energy (Cell Structure Relaxation): -3.41065695254 Size:  3
Vacancy Formation Energy (Cell Structure Relaxation): -3.41065695029 Size:  3
Vacancy Formation Energy (Cell Structure Relaxation): -3.41065695258 Size:  3
Vacancy Formation Energy (Cell Structure Relaxation): -3.41065695144 Size:  3
Vacancy Formation Energy (Cell Structure Relaxation): -3.41065695274 Size:  3
Vacancy Formation Energy (Cell Structure Relaxation): -3.41065695281 Size:  3
Vacancy Formation Energy (Cell Structure Relaxation): -3.41065695274 Size:  3
Vacancy Formation Energy (Cell Structure Relaxation): -3.41065695313 Size:  3
Vacancy Formation Energy (Cell Structure Relaxation): -3.41065695263 Size:  3
Vacancy Formation Energy (Cell Structure Relaxation): -3.41065695278 Size:  3
Vacancy Formation Energy (Cell Structure Relaxation): -3.41065695279 Size:  3
Vacancy Formation Energy (Cell Structure Relaxation): -3.41065695232 Size:  3
Vacancy Formation Energy (Cell Structure Relaxation): -3.41065695331 Size:  3
Vacancy Formation Energy (Cell Structure Relaxation): -3.41065695283 Size:  3
Vacancy Formation Energy (Cell Structure Relaxation): -3.41065695269 Size:  3
Vacancy Formation Energy (Cell Structure Relaxation): -3.41065695329 Size:  3
Vacancy Formation Energy (Cell Structure Relaxation): -3.41065695283 Size:  3
Vacancy Formation Energy (Cell Structure Relaxation): -3.41065695323 Size:  3
Vacancy Formation Energy (Cell Structure Relaxation): -3.4106569528 Size:  3
Vacancy Formation Energy (Cell Structure Relaxation): -3.41065695338 Size:  3
Vacancy Formation Energy (Cell Structure Relaxation): -3.41065695296 Size:  3
Vacancy Formation Energy (Cell Structure Relaxation): -3.41065695343 Size:  3
Vacancy Formation Energy (Cell Structure Relaxation): -3.41065695328 Size:  3
Vacancy Formation Energy (Cell Structure Relaxation): -3.41065695303 Size:  3
Vacancy Formation Energy (Cell Structure Relaxation): -3.4106569535 Size:  3
Vacancy Formation Energy (Cell Structure Relaxation): -3.41065695316 Size:  3
Vacancy Formation Energy (Cell Structure Relaxation): -3.41065695348 Size:  3
Vacancy Formation Energy (Cell Structure Relaxation): -3.41065695346 Size:  3
Vacancy Formation Energy (Cell Structure Relaxation): -3.41065695327 Size:  3
Vacancy Formation Energy (Cell Structure Relaxation): -3.41065695349 Size:  3
Vacancy Formation Energy (Cell Structure Relaxation): -3.41065695341 Size:  3
Vacancy Formation Energy (Cell Structure Relaxation): -3.41065695355 Size:  3
Vacancy Formation Energy (Cell Structure Relaxation): -3.41065695347 Size:  3
Vacancy Formation Energy (Cell Structure Relaxation): -3.41065695345 Size:  3
Vacancy Formation Energy (Cell Structure Relaxation): -3.41065695358 Size:  3
Optimization terminated successfully.
         Current function value: -3.410657
         Iterations: 96
         Function evaluations: 167
Summary:
Vacancy Formation Energy: -3.41065695372
Unrelaxed Cell Volume: 1787.32282735
Relaxed Cell Volume: 1787.32282735
Relaxation Volume: 0.0
Relaxed Cell Vector:
[ 12.13577923   0.          12.13577923   0.           0.          12.13577923]
Unrelaxed Cell Vector:
[12.13577923179, 0.0, 12.13577923179, 0.0, 0.0, 12.13577923179]
Relaxed Cell:
[[ 12.13577923   0.           0.        ]
 [  0.          12.13577923   0.        ]
 [  0.           0.          12.13577923]]
Unrelaxed Cell:
[[ 12.13577923   0.           0.        ]
 [  0.          12.13577923   0.        ]
 [  0.           0.          12.13577923]]

Supercell Size: 4
Unrelaxed Cell:
[[ 16.18103898   0.           0.        ]
 [  0.          16.18103898   0.        ]
 [  0.           0.          16.18103898]]
Unrelaxed Cell Vector:
[16.18103897572, 0.0, 16.18103897572, 0.0, 0.0, 16.18103897572]
Vacancy Formation Energy (Cell Structure Relaxation): -3.41065695372 Size:  4
Vacancy Formation Energy (Cell Structure Relaxation): -0.658696468003 Size:  4
Vacancy Formation Energy (Cell Structure Relaxation): -3.41065685711 Size:  4
Vacancy Formation Energy (Cell Structure Relaxation): -0.658696468003 Size:  4
Vacancy Formation Energy (Cell Structure Relaxation): -3.41065685711 Size:  4
Vacancy Formation Energy (Cell Structure Relaxation): -3.41065685711 Size:  4
Vacancy Formation Energy (Cell Structure Relaxation): -0.658696468003 Size:  4
Vacancy Formation Energy (Cell Structure Relaxation): -0.164261318269 Size:  4
Vacancy Formation Energy (Cell Structure Relaxation): -2.25174779787 Size:  4
Vacancy Formation Energy (Cell Structure Relaxation): -0.164503089375 Size:  4
Vacancy Formation Energy (Cell Structure Relaxation): -2.32416354845 Size:  4
Vacancy Formation Energy (Cell Structure Relaxation): -0.140454401745 Size:  4
Vacancy Formation Energy (Cell Structure Relaxation): -2.40002206102 Size:  4
Vacancy Formation Energy (Cell Structure Relaxation): -2.74310614818 Size:  4
Vacancy Formation Energy (Cell Structure Relaxation): -2.26089121064 Size:  4
Vacancy Formation Energy (Cell Structure Relaxation): -3.06501536988 Size:  4
Vacancy Formation Energy (Cell Structure Relaxation): -2.15574509611 Size:  4
Vacancy Formation Energy (Cell Structure Relaxation): -3.11671732256 Size:  4
Vacancy Formation Energy (Cell Structure Relaxation): -2.7452756408 Size:  4
Vacancy Formation Energy (Cell Structure Relaxation): -3.17128255419 Size:  4
Vacancy Formation Energy (Cell Structure Relaxation): -3.24390097767 Size:  4
Vacancy Formation Energy (Cell Structure Relaxation): -3.07286135177 Size:  4
Vacancy Formation Energy (Cell Structure Relaxation): -3.32524166541 Size:  4
Vacancy Formation Energy (Cell Structure Relaxation): -3.15123822038 Size:  4
Vacancy Formation Energy (Cell Structure Relaxation): -3.34443210259 Size:  4
Vacancy Formation Energy (Cell Structure Relaxation): -3.20253130361 Size:  4
Vacancy Formation Energy (Cell Structure Relaxation): -3.37614378894 Size:  4
Vacancy Formation Energy (Cell Structure Relaxation): -3.33736509406 Size:  4
Vacancy Formation Energy (Cell Structure Relaxation): -3.39336041849 Size:  4
Vacancy Formation Energy (Cell Structure Relaxation): -3.32018883027 Size:  4
Vacancy Formation Energy (Cell Structure Relaxation): -3.39461095929 Size:  4
Vacancy Formation Energy (Cell Structure Relaxation): -3.38813595672 Size:  4
Vacancy Formation Energy (Cell Structure Relaxation): -3.40536665772 Size:  4
Vacancy Formation Energy (Cell Structure Relaxation): -3.38634279117 Size:  4
Vacancy Formation Energy (Cell Structure Relaxation): -3.40687618446 Size:  4
Vacancy Formation Energy (Cell Structure Relaxation): -3.39365739794 Size:  4
Vacancy Formation Energy (Cell Structure Relaxation): -3.4064587708 Size:  4
Vacancy Formation Energy (Cell Structure Relaxation): -3.40403760998 Size:  4
Vacancy Formation Energy (Cell Structure Relaxation): -3.40928055516 Size:  4
Vacancy Formation Energy (Cell Structure Relaxation): -3.40640906319 Size:  4
Vacancy Formation Energy (Cell Structure Relaxation): -3.40950889613 Size:  4
Vacancy Formation Energy (Cell Structure Relaxation): -3.4065341788 Size:  4
Vacancy Formation Energy (Cell Structure Relaxation): -3.40970237878 Size:  4
Vacancy Formation Energy (Cell Structure Relaxation): -3.40930613487 Size:  4
Vacancy Formation Energy (Cell Structure Relaxation): -3.41028004185 Size:  4
Vacancy Formation Energy (Cell Structure Relaxation): -3.40948801002 Size:  4
Vacancy Formation Energy (Cell Structure Relaxation): -3.41033494737 Size:  4
Vacancy Formation Energy (Cell Structure Relaxation): -3.40999739149 Size:  4
Vacancy Formation Energy (Cell Structure Relaxation): -3.41050919602 Size:  4
Vacancy Formation Energy (Cell Structure Relaxation): -3.41028257375 Size:  4
Vacancy Formation Energy (Cell Structure Relaxation): -3.4105533232 Size:  4
Vacancy Formation Energy (Cell Structure Relaxation): -3.41029750687 Size:  4
Vacancy Formation Energy (Cell Structure Relaxation): -3.41057257635 Size:  4
Vacancy Formation Energy (Cell Structure Relaxation): -3.41052074975 Size:  4
Vacancy Formation Energy (Cell Structure Relaxation): -3.41062021693 Size:  4
Vacancy Formation Energy (Cell Structure Relaxation): -3.41055443541 Size:  4
Vacancy Formation Energy (Cell Structure Relaxation): -3.41062899442 Size:  4
Vacancy Formation Energy (Cell Structure Relaxation): -3.41058409106 Size:  4
Vacancy Formation Energy (Cell Structure Relaxation): -3.41063894601 Size:  4
Vacancy Formation Energy (Cell Structure Relaxation): -3.41062155888 Size:  4
Vacancy Formation Energy (Cell Structure Relaxation): -3.41064742773 Size:  4
Vacancy Formation Energy (Cell Structure Relaxation): -3.41062920166 Size:  4
Vacancy Formation Energy (Cell Structure Relaxation): -3.41064922964 Size:  4
Vacancy Formation Energy (Cell Structure Relaxation): -3.41064262348 Size:  4
Vacancy Formation Energy (Cell Structure Relaxation): -3.41065333146 Size:  4
Vacancy Formation Energy (Cell Structure Relaxation): -3.41064812675 Size:  4
Vacancy Formation Energy (Cell Structure Relaxation): -3.41065455018 Size:  4
Vacancy Formation Energy (Cell Structure Relaxation): -3.41064922132 Size:  4
Vacancy Formation Energy (Cell Structure Relaxation): -3.41065485113 Size:  4
Vacancy Formation Energy (Cell Structure Relaxation): -3.41065366416 Size:  4
Vacancy Formation Energy (Cell Structure Relaxation): -3.41065603988 Size:  4
Vacancy Formation Energy (Cell Structure Relaxation): -3.41065482064 Size:  4
Vacancy Formation Energy (Cell Structure Relaxation): -3.41065636328 Size:  4
Vacancy Formation Energy (Cell Structure Relaxation): -3.41065506568 Size:  4
Vacancy Formation Energy (Cell Structure Relaxation): -3.41065646226 Size:  4
Vacancy Formation Energy (Cell Structure Relaxation): -3.41065606433 Size:  4
Vacancy Formation Energy (Cell Structure Relaxation): -3.4106566965 Size:  4
Vacancy Formation Energy (Cell Structure Relaxation): -3.41065634761 Size:  4
Vacancy Formation Energy (Cell Structure Relaxation): -3.41065677597 Size:  4
Vacancy Formation Energy (Cell Structure Relaxation): -3.41065650697 Size:  4
Vacancy Formation Energy (Cell Structure Relaxation): -3.41065682303 Size:  4
Vacancy Formation Energy (Cell Structure Relaxation): -3.41065672811 Size:  4
Vacancy Formation Energy (Cell Structure Relaxation): -3.41065688134 Size:  4
Vacancy Formation Energy (Cell Structure Relaxation): -3.41065677884 Size:  4
Vacancy Formation Energy (Cell Structure Relaxation): -3.41065689261 Size:  4
Vacancy Formation Energy (Cell Structure Relaxation): -3.41065683493 Size:  4
Vacancy Formation Energy (Cell Structure Relaxation): -3.41065690967 Size:  4
Vacancy Formation Energy (Cell Structure Relaxation): -3.41065681508 Size:  4
Vacancy Formation Energy (Cell Structure Relaxation): -3.41065691809 Size:  4
Vacancy Formation Energy (Cell Structure Relaxation): -3.41065682704 Size:  4
Vacancy Formation Energy (Cell Structure Relaxation): -3.41065691726 Size:  4
Vacancy Formation Energy (Cell Structure Relaxation): -3.41065684181 Size:  4
Vacancy Formation Energy (Cell Structure Relaxation): -3.41065691644 Size:  4
Vacancy Formation Energy (Cell Structure Relaxation): -3.41065689976 Size:  4
Vacancy Formation Energy (Cell Structure Relaxation): -3.4106569086 Size:  4
Vacancy Formation Energy (Cell Structure Relaxation): -3.41065688739 Size:  4
Vacancy Formation Energy (Cell Structure Relaxation): -3.41065693022 Size:  4
Vacancy Formation Energy (Cell Structure Relaxation): -3.41065689476 Size:  4
Vacancy Formation Energy (Cell Structure Relaxation): -3.41065693272 Size:  4
Vacancy Formation Energy (Cell Structure Relaxation): -3.41065693337 Size:  4
Vacancy Formation Energy (Cell Structure Relaxation): -3.41065692538 Size:  4
Vacancy Formation Energy (Cell Structure Relaxation): -3.41065692784 Size:  4
Vacancy Formation Energy (Cell Structure Relaxation): -3.4106569302 Size:  4
Vacancy Formation Energy (Cell Structure Relaxation): -3.41065692433 Size:  4
Vacancy Formation Energy (Cell Structure Relaxation): -3.4106569418 Size:  4
Vacancy Formation Energy (Cell Structure Relaxation): -3.41065692276 Size:  4
Vacancy Formation Energy (Cell Structure Relaxation): -3.41065694285 Size:  4
Vacancy Formation Energy (Cell Structure Relaxation): -3.41065692165 Size:  4
Vacancy Formation Energy (Cell Structure Relaxation): -3.4106569438 Size:  4
Vacancy Formation Energy (Cell Structure Relaxation): -3.41065694119 Size:  4
Vacancy Formation Energy (Cell Structure Relaxation): -3.41065693013 Size:  4
Vacancy Formation Energy (Cell Structure Relaxation): -3.41065694511 Size:  4
Vacancy Formation Energy (Cell Structure Relaxation): -3.41065693591 Size:  4
Vacancy Formation Energy (Cell Structure Relaxation): -3.41065694606 Size:  4
Vacancy Formation Energy (Cell Structure Relaxation): -3.41065693246 Size:  4
Vacancy Formation Energy (Cell Structure Relaxation): -3.41065694816 Size:  4
Vacancy Formation Energy (Cell Structure Relaxation): -3.41065694762 Size:  4
Vacancy Formation Energy (Cell Structure Relaxation): -3.4106569484 Size:  4
Vacancy Formation Energy (Cell Structure Relaxation): -3.4106569486 Size:  4
Vacancy Formation Energy (Cell Structure Relaxation): -3.41065694693 Size:  4
Vacancy Formation Energy (Cell Structure Relaxation): -3.41065694703 Size:  4
Vacancy Formation Energy (Cell Structure Relaxation): -3.41065694773 Size:  4
Vacancy Formation Energy (Cell Structure Relaxation): -3.41065694384 Size:  4
Vacancy Formation Energy (Cell Structure Relaxation): -3.41065695085 Size:  4
Vacancy Formation Energy (Cell Structure Relaxation): -3.41065694835 Size:  4
Vacancy Formation Energy (Cell Structure Relaxation): -3.41065694796 Size:  4
Vacancy Formation Energy (Cell Structure Relaxation): -3.41065695125 Size:  4
Vacancy Formation Energy (Cell Structure Relaxation): -3.41065694689 Size:  4
Vacancy Formation Energy (Cell Structure Relaxation): -3.41065695127 Size:  4
Vacancy Formation Energy (Cell Structure Relaxation): -3.41065694841 Size:  4
Vacancy Formation Energy (Cell Structure Relaxation): -3.41065694944 Size:  4
Vacancy Formation Energy (Cell Structure Relaxation): -3.41065694905 Size:  4
Vacancy Formation Energy (Cell Structure Relaxation): -3.41065695166 Size:  4
Vacancy Formation Energy (Cell Structure Relaxation): -3.41065694963 Size:  4
Vacancy Formation Energy (Cell Structure Relaxation): -3.41065694805 Size:  4
Vacancy Formation Energy (Cell Structure Relaxation): -3.41065695204 Size:  4
Vacancy Formation Energy (Cell Structure Relaxation): -3.41065694897 Size:  4
Vacancy Formation Energy (Cell Structure Relaxation): -3.41065695207 Size:  4
Vacancy Formation Energy (Cell Structure Relaxation): -3.41065695194 Size:  4
Vacancy Formation Energy (Cell Structure Relaxation): -3.41065695172 Size:  4
Vacancy Formation Energy (Cell Structure Relaxation): -3.41065695156 Size:  4
Vacancy Formation Energy (Cell Structure Relaxation): -3.410656953 Size:  4
Vacancy Formation Energy (Cell Structure Relaxation): -3.41065695202 Size:  4
Vacancy Formation Energy (Cell Structure Relaxation): -3.41065695178 Size:  4
Vacancy Formation Energy (Cell Structure Relaxation): -3.41065695304 Size:  4
Vacancy Formation Energy (Cell Structure Relaxation): -3.41065695142 Size:  4
Vacancy Formation Energy (Cell Structure Relaxation): -3.41065695312 Size:  4
Vacancy Formation Energy (Cell Structure Relaxation): -3.4106569523 Size:  4
Vacancy Formation Energy (Cell Structure Relaxation): -3.41065695293 Size:  4
Vacancy Formation Energy (Cell Structure Relaxation): -3.41065695312 Size:  4
Vacancy Formation Energy (Cell Structure Relaxation): -3.41065695271 Size:  4
Vacancy Formation Energy (Cell Structure Relaxation): -3.41065695363 Size:  4
Vacancy Formation Energy (Cell Structure Relaxation): -3.41065695266 Size:  4
Vacancy Formation Energy (Cell Structure Relaxation): -3.4106569532 Size:  4
Vacancy Formation Energy (Cell Structure Relaxation): -3.41065695325 Size:  4
Vacancy Formation Energy (Cell Structure Relaxation): -3.41065695296 Size:  4
Vacancy Formation Energy (Cell Structure Relaxation): -3.41065695332 Size:  4
Vacancy Formation Energy (Cell Structure Relaxation): -3.41065695346 Size:  4
Vacancy Formation Energy (Cell Structure Relaxation): -3.41065695304 Size:  4
Vacancy Formation Energy (Cell Structure Relaxation): -3.41065695381 Size:  4
Vacancy Formation Energy (Cell Structure Relaxation): -3.41065695311 Size:  4
Vacancy Formation Energy (Cell Structure Relaxation): -3.41065695374 Size:  4
Vacancy Formation Energy (Cell Structure Relaxation): -3.41065695362 Size:  4
Vacancy Formation Energy (Cell Structure Relaxation): -3.4106569534 Size:  4
Vacancy Formation Energy (Cell Structure Relaxation): -3.41065695382 Size:  4
Vacancy Formation Energy (Cell Structure Relaxation): -3.41065695336 Size:  4
Vacancy Formation Energy (Cell Structure Relaxation): -3.41065695374 Size:  4
Vacancy Formation Energy (Cell Structure Relaxation): -3.41065695334 Size:  4
Vacancy Formation Energy (Cell Structure Relaxation): -3.41065695368 Size:  4
Vacancy Formation Energy (Cell Structure Relaxation): -3.4106569537 Size:  4
Vacancy Formation Energy (Cell Structure Relaxation): -3.4106569538 Size:  4
Vacancy Formation Energy (Cell Structure Relaxation): -3.41065695366 Size:  4
Vacancy Formation Energy (Cell Structure Relaxation): -3.41065695387 Size:  4
Optimization terminated successfully.
         Current function value: -3.410657
         Iterations: 100
         Function evaluations: 173
Summary:
Vacancy Formation Energy: -3.41065695387
Unrelaxed Cell Volume: 4236.61707224
Relaxed Cell Volume: 4236.61830563
Relaxation Volume: -0.00123339025322
Relaxed Cell Vector:
[  1.61810374e+01  -2.56112019e-06   1.61810425e+01  -5.93702719e-06
   5.23394190e-06   1.61810418e+01]
Unrelaxed Cell Vector:
[16.18103897572, 0.0, 16.18103897572, 0.0, 0.0, 16.18103897572]
Relaxed Cell:
[[  1.61810374e+01   0.00000000e+00   0.00000000e+00]
 [ -2.56112019e-06   1.61810425e+01   0.00000000e+00]
 [ -5.93702719e-06   5.23394190e-06   1.61810418e+01]]
Unrelaxed Cell:
[[ 16.18103898   0.           0.        ]
 [  0.          16.18103898   0.        ]
 [  0.           0.          16.18103898]]

Supercell Size: 5
Unrelaxed Cell:
[[ 20.22629872   0.           0.        ]
 [  0.          20.22629872   0.        ]
 [  0.           0.          20.22629872]]
Unrelaxed Cell Vector:
[20.22629871965, 0.0, 20.22629871965, 0.0, 0.0, 20.22629871965]
Vacancy Formation Energy (Cell Structure Relaxation): -3.41065695372 Size:  5
Vacancy Formation Energy (Cell Structure Relaxation): 1.96426587026 Size:  5
Vacancy Formation Energy (Cell Structure Relaxation): -3.41065683073 Size:  5
Vacancy Formation Energy (Cell Structure Relaxation): 1.96426587026 Size:  5
Vacancy Formation Energy (Cell Structure Relaxation): -3.41065683073 Size:  5
Vacancy Formation Energy (Cell Structure Relaxation): -3.41065683073 Size:  5
Vacancy Formation Energy (Cell Structure Relaxation): 1.96426587026 Size:  5
Vacancy Formation Energy (Cell Structure Relaxation): 2.92995949439 Size:  5
Vacancy Formation Energy (Cell Structure Relaxation): -1.14716250556 Size:  5
Vacancy Formation Energy (Cell Structure Relaxation): 2.92948727935 Size:  5
Vacancy Formation Energy (Cell Structure Relaxation): -1.28859951955 Size:  5
Vacancy Formation Energy (Cell Structure Relaxation): 2.97645736227 Size:  5
Vacancy Formation Energy (Cell Structure Relaxation): -1.43676067771 Size:  5
Vacancy Formation Energy (Cell Structure Relaxation): -2.10684680666 Size:  5
Vacancy Formation Energy (Cell Structure Relaxation): -1.1650207727 Size:  5
Vacancy Formation Energy (Cell Structure Relaxation): -2.73557573785 Size:  5
Vacancy Formation Energy (Cell Structure Relaxation): -0.959657272367 Size:  5
Vacancy Formation Energy (Cell Structure Relaxation): -2.83655611483 Size:  5
Vacancy Formation Energy (Cell Structure Relaxation): -2.11108407658 Size:  5
Vacancy Formation Energy (Cell Structure Relaxation): -2.94312883399 Size:  5
Vacancy Formation Energy (Cell Structure Relaxation): -3.0849617036 Size:  5
Vacancy Formation Energy (Cell Structure Relaxation): -2.75089993922 Size:  5
Vacancy Formation Energy (Cell Structure Relaxation): -3.24383022383 Size:  5
Vacancy Formation Energy (Cell Structure Relaxation): -2.90397976189 Size:  5
Vacancy Formation Energy (Cell Structure Relaxation): -3.28131154692 Size:  5
Vacancy Formation Energy (Cell Structure Relaxation): -3.00416154753 Size:  5
Vacancy Formation Energy (Cell Structure Relaxation): -3.34324843997 Size:  5
Vacancy Formation Energy (Cell Structure Relaxation): -3.26750880549 Size:  5
Vacancy Formation Energy (Cell Structure Relaxation): -3.37687467022 Size:  5
Vacancy Formation Energy (Cell Structure Relaxation): -3.2339614176 Size:  5
Vacancy Formation Energy (Cell Structure Relaxation): -3.3793171293 Size:  5
Vacancy Formation Energy (Cell Structure Relaxation): -3.36667064064 Size:  5
Vacancy Formation Energy (Cell Structure Relaxation): -3.40032435407 Size:  5
Vacancy Formation Energy (Cell Structure Relaxation): -3.36316836093 Size:  5
Vacancy Formation Energy (Cell Structure Relaxation): -3.40327265047 Size:  5
Vacancy Formation Energy (Cell Structure Relaxation): -3.37745470904 Size:  5
Vacancy Formation Energy (Cell Structure Relaxation): -3.40245738707 Size:  5
Vacancy Formation Energy (Cell Structure Relaxation): -3.39772855874 Size:  5
Vacancy Formation Energy (Cell Structure Relaxation): -3.40796868568 Size:  5
Vacancy Formation Energy (Cell Structure Relaxation): -3.40236030389 Size:  5
Vacancy Formation Energy (Cell Structure Relaxation): -3.40841466348 Size:  5
Vacancy Formation Energy (Cell Structure Relaxation): -3.40260466868 Size:  5
Vacancy Formation Energy (Cell Structure Relaxation): -3.40879256038 Size:  5
Vacancy Formation Energy (Cell Structure Relaxation): -3.40801864696 Size:  5
Vacancy Formation Energy (Cell Structure Relaxation): -3.40992080791 Size:  5
Vacancy Formation Energy (Cell Structure Relaxation): -3.40837387188 Size:  5
Vacancy Formation Energy (Cell Structure Relaxation): -3.41002804607 Size:  5
Vacancy Formation Energy (Cell Structure Relaxation): -3.40936875618 Size:  5
Vacancy Formation Energy (Cell Structure Relaxation): -3.41036837398 Size:  5
Vacancy Formation Energy (Cell Structure Relaxation): -3.40992575301 Size:  5
Vacancy Formation Energy (Cell Structure Relaxation): -3.41045455998 Size:  5
Vacancy Formation Energy (Cell Structure Relaxation): -3.40995491981 Size:  5
Vacancy Formation Energy (Cell Structure Relaxation): -3.41049216384 Size:  5
Vacancy Formation Energy (Cell Structure Relaxation): -3.41039094102 Size:  5
Vacancy Formation Energy (Cell Structure Relaxation): -3.41058521265 Size:  5
Vacancy Formation Energy (Cell Structure Relaxation): -3.41045673184 Size:  5
Vacancy Formation Energy (Cell Structure Relaxation): -3.41060235467 Size:  5
Vacancy Formation Energy (Cell Structure Relaxation): -3.41051465482 Size:  5
Vacancy Formation Energy (Cell Structure Relaxation): -3.41062179249 Size:  5
Vacancy Formation Energy (Cell Structure Relaxation): -3.4105878326 Size:  5
Vacancy Formation Energy (Cell Structure Relaxation): -3.41063835801 Size:  5
Vacancy Formation Energy (Cell Structure Relaxation): -3.41060276 Size:  5
Vacancy Formation Energy (Cell Structure Relaxation): -3.41064187693 Size:  5
Vacancy Formation Energy (Cell Structure Relaxation): -3.41062897424 Size:  5
Vacancy Formation Energy (Cell Structure Relaxation): -3.41064988875 Size:  5
Vacancy Formation Energy (Cell Structure Relaxation): -3.41063972274 Size:  5
Vacancy Formation Energy (Cell Structure Relaxation): -3.41065226889 Size:  5
Vacancy Formation Energy (Cell Structure Relaxation): -3.41064186295 Size:  5
Vacancy Formation Energy (Cell Structure Relaxation): -3.41065285683 Size:  5
Vacancy Formation Energy (Cell Structure Relaxation): -3.41065053849 Size:  5
Vacancy Formation Energy (Cell Structure Relaxation): -3.41065517836 Size:  5
Vacancy Formation Energy (Cell Structure Relaxation): -3.41065279782 Size:  5
Vacancy Formation Energy (Cell Structure Relaxation): -3.41065580999 Size:  5
Vacancy Formation Energy (Cell Structure Relaxation): -3.41065327466 Size:  5
Vacancy Formation Energy (Cell Structure Relaxation): -3.41065600258 Size:  5
Vacancy Formation Energy (Cell Structure Relaxation): -3.4106552254 Size:  5
Vacancy Formation Energy (Cell Structure Relaxation): -3.4106564612 Size:  5
Vacancy Formation Energy (Cell Structure Relaxation): -3.41065577956 Size:  5
Vacancy Formation Energy (Cell Structure Relaxation): -3.41065661551 Size:  5
Vacancy Formation Energy (Cell Structure Relaxation): -3.41065609127 Size:  5
Vacancy Formation Energy (Cell Structure Relaxation): -3.41065670822 Size:  5
Vacancy Formation Energy (Cell Structure Relaxation): -3.41065652268 Size:  5
Vacancy Formation Energy (Cell Structure Relaxation): -3.41065682198 Size:  5
Vacancy Formation Energy (Cell Structure Relaxation): -3.41065662149 Size:  5
Vacancy Formation Energy (Cell Structure Relaxation): -3.41065684424 Size:  5
Vacancy Formation Energy (Cell Structure Relaxation): -3.41065673192 Size:  5
Vacancy Formation Energy (Cell Structure Relaxation): -3.4106568765 Size:  5
Vacancy Formation Energy (Cell Structure Relaxation): -3.41065683261 Size:  5
Vacancy Formation Energy (Cell Structure Relaxation): -3.41065677133 Size:  5
Vacancy Formation Energy (Cell Structure Relaxation): -3.41065690561 Size:  5
Vacancy Formation Energy (Cell Structure Relaxation): -3.41065678559 Size:  5
Vacancy Formation Energy (Cell Structure Relaxation): -3.41065690442 Size:  5
Vacancy Formation Energy (Cell Structure Relaxation): -3.41065680267 Size:  5
Vacancy Formation Energy (Cell Structure Relaxation): -3.41065690291 Size:  5
Vacancy Formation Energy (Cell Structure Relaxation): -3.41065683758 Size:  5
Vacancy Formation Energy (Cell Structure Relaxation): -3.41065690405 Size:  5
Vacancy Formation Energy (Cell Structure Relaxation): -3.41065687443 Size:  5
Vacancy Formation Energy (Cell Structure Relaxation): -3.4106569196 Size:  5
Vacancy Formation Energy (Cell Structure Relaxation): -3.41065691663 Size:  5
Vacancy Formation Energy (Cell Structure Relaxation): -3.41065691652 Size:  5
Vacancy Formation Energy (Cell Structure Relaxation): -3.41065690615 Size:  5
Vacancy Formation Energy (Cell Structure Relaxation): -3.4106569172 Size:  5
Vacancy Formation Energy (Cell Structure Relaxation): -3.41065691812 Size:  5
Vacancy Formation Energy (Cell Structure Relaxation): -3.41065692206 Size:  5
Vacancy Formation Energy (Cell Structure Relaxation): -3.41065691643 Size:  5
Vacancy Formation Energy (Cell Structure Relaxation): -3.41065693651 Size:  5
Vacancy Formation Energy (Cell Structure Relaxation): -3.41065690785 Size:  5
Vacancy Formation Energy (Cell Structure Relaxation): -3.4106569381 Size:  5
Vacancy Formation Energy (Cell Structure Relaxation): -3.41065691821 Size:  5
Vacancy Formation Energy (Cell Structure Relaxation): -3.41065690777 Size:  5
Vacancy Formation Energy (Cell Structure Relaxation): -3.41065693785 Size:  5
Vacancy Formation Energy (Cell Structure Relaxation): -3.41065691956 Size:  5
Vacancy Formation Energy (Cell Structure Relaxation): -3.41065693839 Size:  5
Vacancy Formation Energy (Cell Structure Relaxation): -3.41065691038 Size:  5
Vacancy Formation Energy (Cell Structure Relaxation): -3.4106569386 Size:  5
Vacancy Formation Energy (Cell Structure Relaxation): -3.41065692217 Size:  5
Vacancy Formation Energy (Cell Structure Relaxation): -3.41065694027 Size:  5
Vacancy Formation Energy (Cell Structure Relaxation): -3.41065694154 Size:  5
Vacancy Formation Energy (Cell Structure Relaxation): -3.41065693885 Size:  5
Vacancy Formation Energy (Cell Structure Relaxation): -3.41065693972 Size:  5
Vacancy Formation Energy (Cell Structure Relaxation): -3.41065694072 Size:  5
Vacancy Formation Energy (Cell Structure Relaxation): -3.410656941 Size:  5
Vacancy Formation Energy (Cell Structure Relaxation): -3.41065694066 Size:  5
Vacancy Formation Energy (Cell Structure Relaxation): -3.41065693811 Size:  5
Vacancy Formation Energy (Cell Structure Relaxation): -3.41065694544 Size:  5
Vacancy Formation Energy (Cell Structure Relaxation): -3.41065693868 Size:  5
Vacancy Formation Energy (Cell Structure Relaxation): -3.41065694496 Size:  5
Vacancy Formation Energy (Cell Structure Relaxation): -3.41065694012 Size:  5
Vacancy Formation Energy (Cell Structure Relaxation): -3.41065694581 Size:  5
Vacancy Formation Energy (Cell Structure Relaxation): -3.41065694354 Size:  5
Vacancy Formation Energy (Cell Structure Relaxation): -3.41065694439 Size:  5
Vacancy Formation Energy (Cell Structure Relaxation): -3.41065694605 Size:  5
Vacancy Formation Energy (Cell Structure Relaxation): -3.41065694246 Size:  5
Vacancy Formation Energy (Cell Structure Relaxation): -3.41065694837 Size:  5
Vacancy Formation Energy (Cell Structure Relaxation): -3.41065694231 Size:  5
Vacancy Formation Energy (Cell Structure Relaxation): -3.41065694802 Size:  5
Vacancy Formation Energy (Cell Structure Relaxation): -3.41065694831 Size:  5
Vacancy Formation Energy (Cell Structure Relaxation): -3.41065694845 Size:  5
Vacancy Formation Energy (Cell Structure Relaxation): -3.41065694676 Size:  5
Vacancy Formation Energy (Cell Structure Relaxation): -3.41065694855 Size:  5
Vacancy Formation Energy (Cell Structure Relaxation): -3.41065694616 Size:  5
Vacancy Formation Energy (Cell Structure Relaxation): -3.41065694918 Size:  5
Vacancy Formation Energy (Cell Structure Relaxation): -3.41065694765 Size:  5
Vacancy Formation Energy (Cell Structure Relaxation): -3.41065694936 Size:  5
Vacancy Formation Energy (Cell Structure Relaxation): -3.41065694731 Size:  5
Vacancy Formation Energy (Cell Structure Relaxation): -3.4106569502 Size:  5
Vacancy Formation Energy (Cell Structure Relaxation): -3.41065694844 Size:  5
Vacancy Formation Energy (Cell Structure Relaxation): -3.41065694937 Size:  5
Vacancy Formation Energy (Cell Structure Relaxation): -3.41065694864 Size:  5
Vacancy Formation Energy (Cell Structure Relaxation): -3.4106569494 Size:  5
Vacancy Formation Energy (Cell Structure Relaxation): -3.41065694846 Size:  5
Vacancy Formation Energy (Cell Structure Relaxation): -3.4106569506 Size:  5
Vacancy Formation Energy (Cell Structure Relaxation): -3.41065695092 Size:  5
Vacancy Formation Energy (Cell Structure Relaxation): -3.41065694987 Size:  5
Vacancy Formation Energy (Cell Structure Relaxation): -3.41065694885 Size:  5
Vacancy Formation Energy (Cell Structure Relaxation): -3.41065695019 Size:  5
Vacancy Formation Energy (Cell Structure Relaxation): -3.41065694951 Size:  5
Vacancy Formation Energy (Cell Structure Relaxation): -3.41065694997 Size:  5
Vacancy Formation Energy (Cell Structure Relaxation): -3.4106569493 Size:  5
Vacancy Formation Energy (Cell Structure Relaxation): -3.41065694981 Size:  5
Vacancy Formation Energy (Cell Structure Relaxation): -3.41065695075 Size:  5
Vacancy Formation Energy (Cell Structure Relaxation): -3.41065695096 Size:  5
Vacancy Formation Energy (Cell Structure Relaxation): -3.41065695107 Size:  5
Vacancy Formation Energy (Cell Structure Relaxation): -3.41065695095 Size:  5
Vacancy Formation Energy (Cell Structure Relaxation): -3.4106569515 Size:  5
Vacancy Formation Energy (Cell Structure Relaxation): -3.41065695044 Size:  5
Optimization terminated successfully.
         Current function value: -3.410657
         Iterations: 91
         Function evaluations: 166
Summary:
Vacancy Formation Energy: -3.41065695372
Unrelaxed Cell Volume: 8274.64271922
Relaxed Cell Volume: 8274.64271922
Relaxation Volume: 0.0
Relaxed Cell Vector:
[ 20.22629872   0.          20.22629872   0.           0.          20.22629872]
Unrelaxed Cell Vector:
[20.22629871965, 0.0, 20.22629871965, 0.0, 0.0, 20.22629871965]
Relaxed Cell:
[[ 20.22629872   0.           0.        ]
 [  0.          20.22629872   0.        ]
 [  0.           0.          20.22629872]]
Unrelaxed Cell:
[[ 20.22629872   0.           0.        ]
 [  0.          20.22629872   0.        ]
 [  0.           0.          20.22629872]]

[Calculation Results Summary]
Sizes: [3, 4, 5]
Formation Energy By Size:
[-3.410656953718842, -3.4106569538740814, -3.4106569537239011]
Relaxation Volume By Size:
[0.0, -0.0012333902532191132, 0.0]

[Extrapolation]
Fitting with 2 points, including orders [0, 3]
Fit with data beginning 0

Fit with Size: [3 4]
Orders: [0, 3]
Matrix A (Ax = y):
[[ 1.          0.03703704]
 [ 1.          0.015625  ]]
Data for Fitting: [-3.41065695 -3.41065695]
Fitting Results: (array([ -3.41065695e+00,   7.25010743e-09]), array([], dtype=float64), 2, array([ 1.41470379,  0.01513535]))

Fit with Size: [3 4]
Orders: [0, 3]
Matrix A (Ax = y):
[[ 1.          0.03703704]
 [ 1.          0.015625  ]]
Data for Fitting: [ 0.         -0.00123339]
Fitting Results: (array([-0.00213343,  0.05760266]), array([], dtype=float64), 2, array([ 1.41470379,  0.01513535]))
Fit with data beginning 1

Fit with Size: [4 5]
Orders: [0, 3]
Matrix A (Ax = y):
[[ 1.        0.015625]
 [ 1.        0.008   ]]
Data for Fitting: [-3.41065695 -3.41065695]
Fitting Results: (array([ -3.41065695e+00,  -1.96957004e-08]), array([], dtype=float64), 2, array([ 1.41431223,  0.00539131]))

Fit with Size: [4 5]
Orders: [0, 3]
Matrix A (Ax = y):
[[ 1.        0.015625]
 [ 1.        0.008   ]]
Data for Fitting: [-0.00123339  0.        ]
Fitting Results: (array([ 0.00129405, -0.1617561 ]), array([], dtype=float64), 2, array([ 1.41431223,  0.00539131]))
Fitting with 3 points, including orders [0, 3]
Fit with data beginning 0

Fit with Size: [3 4 5]
Orders: [0, 3]
Matrix A (Ax = y):
[[ 1.          0.03703704]
 [ 1.          0.015625  ]
 [ 1.          0.008     ]]
Data for Fitting: [-3.41065695 -3.41065695 -3.41065695]
Fitting Results: (array([ -3.41065695e+00,   1.71041745e-09]), array([  1.42336509e-20]), 2, array([ 1.73240492,  0.02128544]))

Fit with Size: [3 4 5]
Orders: [0, 3]
Matrix A (Ax = y):
[[ 1.          0.03703704]
 [ 1.          0.015625  ]
 [ 1.          0.008     ]]
Data for Fitting: [ 0.         -0.00123339  0.        ]
Fitting Results: (array([-0.000664  ,  0.01250568]), array([  9.43282139e-07]), 2, array([ 1.73240492,  0.02128544]))
Fitting with 3 points, including orders [0, 3, 4]
Fit with data beginning 0

Fit with Size: [3 4 5]
Orders: [0, 3, 4]
Matrix A (Ax = y):
[[ 1.          0.03703704  0.01234568]
 [ 1.          0.015625    0.00390625]
 [ 1.          0.008       0.0016    ]]
Data for Fitting: [-3.41065695 -3.41065695 -3.41065695]
Fitting Results: (array([ -3.41065695e+00,  -1.08587224e-07,   2.93895835e-07]), array([], dtype=float64), 3, array([  1.73243559e+00,   2.27351353e-02,   3.80051182e-04]))

Fit with Size: [3 4 5]
Orders: [0, 3, 4]
Matrix A (Ax = y):
[[ 1.          0.03703704  0.01234568]
 [ 1.          0.015625    0.00390625]
 [ 1.          0.008       0.0016    ]]
Data for Fitting: [ 0.         -0.00123339  0.        ]
Fitting Results: (array([ 0.00325513, -0.88539619,  2.39252278]), array([], dtype=float64), 3, array([  1.73243559e+00,   2.27351353e-02,   3.80051182e-04]))
Fitting with 3 points, including orders [0, 3, 5]
Fit with data beginning 0

Fit with Size: [3 4 5]
Orders: [0, 3, 5]
Matrix A (Ax = y):
[[  1.00000000e+00   3.70370370e-02   4.11522634e-03]
 [  1.00000000e+00   1.56250000e-02   9.76562500e-04]
 [  1.00000000e+00   8.00000000e-03   3.20000000e-04]]
Data for Fitting: [-3.41065695 -3.41065695 -3.41065695]
Fitting Results: (array([ -3.41065695e+00,  -5.80607192e-08,   4.45551904e-07]), array([], dtype=float64), 3, array([  1.73240774e+00,   2.14761184e-02,   2.65390853e-04]))

Fit with Size: [3 4 5]
Orders: [0, 3, 5]
Matrix A (Ax = y):
[[  1.00000000e+00   3.70370370e-02   4.11522634e-03]
 [  1.00000000e+00   1.56250000e-02   9.76562500e-04]
 [  1.00000000e+00   8.00000000e-03   3.20000000e-04]]
Data for Fitting: [ 0.         -0.00123339  0.        ]
Fitting Results: (array([  2.63191794e-03,  -4.74074218e-01,   3.62711190e+00]), array([], dtype=float64), 3, array([  1.73240774e+00,   2.14761184e-02,   2.65390853e-04]))
Fitting with 3 points, including orders [0, 3, 6]
Fit with data beginning 0

Fit with Size: [3 4 5]
Orders: [0, 3, 6]
Matrix A (Ax = y):
[[  1.00000000e+00   3.70370370e-02   1.37174211e-03]
 [  1.00000000e+00   1.56250000e-02   2.44140625e-04]
 [  1.00000000e+00   8.00000000e-03   6.40000000e-05]]
Data for Fitting: [-3.41065695 -3.41065695 -3.41065695]
Fitting Results: (array([ -3.41065695e+00,  -4.16193774e-08,   9.27983015e-07]), array([], dtype=float64), 3, array([  1.73240519e+00,   2.13086278e-02,   1.28423698e-04]))

Fit with Size: [3 4 5]
Orders: [0, 3, 6]
Matrix A (Ax = y):
[[  1.00000000e+00   3.70370370e-02   1.37174211e-03]
 [  1.00000000e+00   1.56250000e-02   2.44140625e-04]
 [  1.00000000e+00   8.00000000e-03   6.40000000e-05]]
Data for Fitting: [ 0.         -0.00123339  0.        ]
Fitting Results: (array([  2.23835466e-03,  -3.40229909e-01,   7.55444699e+00]), array([], dtype=float64), 3, array([  1.73240519e+00,   2.13086278e-02,   1.28423698e-04]))

[Fitting Results Summary]
Sizes: [3, 4, 5]
Data Points Used: [2, 3, 3, 3, 3]
Orders Included:
[[0, 3] [0, 3] [0, 3, 4] [0, 3, 5] [0, 3, 6]]
Formation Energy Fits By Size:
[[-3.4106569539873628, -3.4106569535663329] [-3.4106569538068623]
 [-3.4106569533254372] [-3.4106569534019915] [-3.4106569534503377]]
Relaxation Volume Fits By Size:
[[-0.0021334317893519795, 0.0012940487902626759] [-0.00066400350280477842]
 [0.0032551330394236422] [0.002631917935496476] [0.0022383546642380041]]

[Final Results]
[
    {
        "property-id" "tag:staff@noreply.openkim.org,2015-07-28:property/monovacancy-neutral-relaxed-formation-potential-energy-crystal-npt" 
        "instance-id" 1 
        "relaxed-formation-potential-energy" {
            "source-value" -3.4106569535663329 
            "source-unit" "eV" 
            "source-std-uncert-value" 0.00341065695372391
        } 
        "host-cauchy-stress" {
            "source-value" [
                0 
                0 
                0 
                0 
                0 
                0
            ] 
            "source-unit" "GPa"
        } 
        "host-removed-atom" {
            "source-value" 1
        } 
        "host-short-name" {
            "source-value" [
                "fcc"
            ]
        } 
        "host-a" {
            "source-value" 4.04525974393 
            "source-unit" "angstrom"
        } 
        "host-b" {
            "source-value" 4.04525974393 
            "source-unit" "angstrom"
        } 
        "host-c" {
            "source-value" 4.04525974393 
            "source-unit" "angstrom"
        } 
        "host-alpha" {
            "source-value" 90.0 
            "source-unit" "degree"
        } 
        "host-beta" {
            "source-value" 90.0 
            "source-unit" "degree"
        } 
        "host-gamma" {
            "source-value" 90.0 
            "source-unit" "degree"
        } 
        "host-space-group" {
            "source-value" "Fm-3m"
        } 
        "host-wyckoff-multiplicity-and-letter" {
            "source-value" [
                "4a"
            ]
        } 
        "host-wyckoff-coordinates" {
            "source-value" [
                [
                    0.0 
                    0.0 
                    0.0
                ]
            ]
        } 
        "host-wyckoff-species" {
            "source-value" [
                "Al"
            ]
        } 
        "reservoir-cohesive-potential-energy" {
            "source-value" -13.642627814874261 
            "source-unit" "eV"
        } 
        "reservoir-short-name" {
            "source-value" [
                "fcc"
            ]
        } 
        "reservoir-cauchy-stress" {
            "source-value" [
                0.0 
                0.0 
                0.0 
                0.0 
                0.0 
                0.0
            ] 
            "source-unit" "GPa"
        } 
        "reservoir-a" {
            "source-value" 4.04525974393 
            "source-unit" "angstrom"
        } 
        "reservoir-b" {
            "source-value" 4.04525974393 
            "source-unit" "angstrom"
        } 
        "reservoir-c" {
            "source-value" 4.04525974393 
            "source-unit" "angstrom"
        } 
        "reservoir-alpha" {
            "source-value" 90.0 
            "source-unit" "degree"
        } 
        "reservoir-beta" {
            "source-value" 90.0 
            "source-unit" "degree"
        } 
        "reservoir-gamma" {
            "source-value" 90.0 
            "source-unit" "degree"
        } 
        "reservoir-space-group" {
            "source-value" "Fm-3m"
        } 
        "reservoir-wyckoff-multiplicity-and-letter" {
            "source-value" [
                "4a"
            ]
        } 
        "reservoir-wyckoff-coordinates" {
            "source-value" [
                [
                    0.0 
                    0.0 
                    0.0
                ]
            ]
        } 
        "reservoir-wyckoff-species" {
            "source-value" [
                "Al"
            ]
        }
    } 
    {
        "property-id" "tag:staff@noreply.openkim.org,2015-07-28:property/monovacancy-neutral-relaxation-volume-crystal-npt" 
        "instance-id" 2 
        "relaxation-volume" {
            "source-value" 0.0012940487902626759 
            "source-unit" "angstrom^3" 
            "source-std-uncert-value" 0.08276966270624639
        } 
        "host-cauchy-stress" {
            "source-value" [
                0 
                0 
                0 
                0 
                0 
                0
            ] 
            "source-unit" "GPa"
        } 
        "host-removed-atom" {
            "source-value" 1
        } 
        "host-short-name" {
            "source-value" [
                "fcc"
            ]
        } 
        "host-a" {
            "source-value" 4.04525974393 
            "source-unit" "angstrom"
        } 
        "host-b" {
            "source-value" 4.04525974393 
            "source-unit" "angstrom"
        } 
        "host-c" {
            "source-value" 4.04525974393 
            "source-unit" "angstrom"
        } 
        "host-alpha" {
            "source-value" 90.0 
            "source-unit" "degree"
        } 
        "host-beta" {
            "source-value" 90.0 
            "source-unit" "degree"
        } 
        "host-gamma" {
            "source-value" 90.0 
            "source-unit" "degree"
        } 
        "host-space-group" {
            "source-value" "Fm-3m"
        } 
        "host-wyckoff-multiplicity-and-letter" {
            "source-value" [
                "4a"
            ]
        } 
        "host-wyckoff-coordinates" {
            "source-value" [
                [
                    0.0 
                    0.0 
                    0.0
                ]
            ]
        } 
        "host-wyckoff-species" {
            "source-value" [
                "Al"
            ]
        }
    }
]
