Imported bulk from ase.lattice
Parameters Input: Al diamond Pair_Morse_Shifted_GirifalcoWeizer_HighCutoff_Al__MO_140175748626_001 [6.08649380028]
CELL_SIZE_MIN: 3
CELL_SIZE_MAX: 5
Smallest System Size: 216
Largest System Size: 1000
Model Cutoff: 11.7567

[Calculation]

Supercell Size: 3
Unrelaxed Cell:
[[ 18.2594814   0.          0.       ]
 [  0.         18.2594814   0.       ]
 [  0.          0.         18.2594814]]
Unrelaxed Cell Vector:
[18.259481400840002, 0.0, 18.259481400840002, 0.0, 0.0, 18.259481400840002]
==========
Loop: 0
Position Relaxation...
FIRE:   0  16:10:35     -286.730537       1.3603
FIRE:   1  16:10:35     -286.807077       1.3616
FIRE:   2  16:10:36     -286.959202       1.3630
FIRE:   3  16:10:36     -287.185618       1.3628
FIRE:   4  16:10:36     -287.485828       1.3579
FIRE:   5  16:10:36     -287.861180       1.3440
FIRE:   6  16:10:36     -288.315062       1.3139
FIRE:   7  16:10:36     -288.850716       1.2539
FIRE:   8  16:10:36     -289.416099       1.1518
FIRE:   9  16:10:36     -289.978394       0.9932
FIRE:  10  16:10:36     -290.523157       0.7598
FIRE:  11  16:10:36     -291.034065       0.7939
FIRE:  12  16:10:36     -291.502293       0.8308
FIRE:  13  16:10:36     -291.940220       0.8427
FIRE:  14  16:10:36     -292.388021       0.8223
FIRE:  15  16:10:36     -292.889918       0.9325
FIRE:  16  16:10:36     -293.445134       0.8034
FIRE:  17  16:10:36     -293.999818       0.5449
FIRE:  18  16:10:36     -294.502559       0.5330
FIRE:  19  16:10:36     -294.956260       0.5641
FIRE:  20  16:10:36     -295.414452       0.7850
FIRE:  21  16:10:36     -295.927917       0.8230
FIRE:  22  16:10:36     -296.496470       0.6167
FIRE:  23  16:10:37     -297.081110       0.6226
FIRE:  24  16:10:37     -297.659486       0.6249
FIRE:  25  16:10:37     -298.252440       0.6242
FIRE:  26  16:10:37     -298.892008       0.6464
FIRE:  27  16:10:37     -299.581875       0.6334
FIRE:  28  16:10:37     -300.302460       0.6538
FIRE:  29  16:10:37     -301.039951       0.6713
FIRE:  30  16:10:37     -301.796863       0.6861
FIRE:  31  16:10:37     -302.581119       0.6979
FIRE:  32  16:10:37     -303.394124       0.7067
FIRE:  33  16:10:37     -304.231242       0.7129
FIRE:  34  16:10:37     -305.087289       0.7159
FIRE:  35  16:10:37     -305.960189       0.7158
FIRE:  36  16:10:37     -306.851197       0.7127
FIRE:  37  16:10:37     -307.763108       0.7064
FIRE:  38  16:10:37     -308.698502       0.6968
FIRE:  39  16:10:37     -309.659116       0.6839
FIRE:  40  16:10:37     -310.646096       0.6677
FIRE:  41  16:10:37     -311.660539       0.6477
FIRE:  42  16:10:37     -312.703772       0.6403
FIRE:  43  16:10:37     -313.777267       0.6683
FIRE:  44  16:10:38     -314.882120       0.6963
FIRE:  45  16:10:38     -316.018812       0.7243
FIRE:  46  16:10:38     -317.187012       0.7520
FIRE:  47  16:10:38     -318.385591       0.7795
FIRE:  48  16:10:38     -319.612805       0.8064
FIRE:  49  16:10:38     -320.866553       0.8328
Steps Limit Exceeded. Structure Maybe Unstable.
Relaxation Completed. Steps: 50
Cell Size Relaxation...
Optimization terminated successfully.
         Current function value: -213.340822
         Iterations: 281
         Function evaluations: 558
Current VFE: -213.340821711
Energy of Supercell: -289.410261356
Unrelaxed Cell Volume: 6087.86924491
Current Relaxed Cell Volume: 4049.1050687
Current Relaxation Volume: 2038.76417622
Current Cell:
[[  2.58217389e+01   0.00000000e+00   0.00000000e+00]
 [ -3.02744063e-04   8.51470879e+00   0.00000000e+00]
 [  6.51020158e-04  -6.55491269e-04   1.84163585e+01]]
System Collapsed. Volume significantly changed.
