Imported bulk from ase.lattice
Parameters Input: Al sc EAM_Dynamo_Zhou_Johnson_Al__MO_131650261510_001 [2.71648043802]

[Calculation]

Supercell Size: 3
Unrelaxed Cell:
[[ 8.14944131  0.          0.        ]
 [ 0.          8.14944131  0.        ]
 [ 0.          0.          8.14944131]]
Unrelaxed Cell Vector:
[8.1494413140600006, 0.0, 8.1494413140600006, 0.0, 0.0, 8.1494413140600006]
Vacancy Formation Energy (Cell Structure Relaxation): 0.920371764933 Size:  3
Vacancy Formation Energy (Cell Structure Relaxation): 1.56190838474 Size:  3
Vacancy Formation Energy (Cell Structure Relaxation): 0.76188780235 Size:  3
Vacancy Formation Energy (Cell Structure Relaxation): 1.65336487458 Size:  3
Vacancy Formation Energy (Cell Structure Relaxation): 0.763190741177 Size:  3
Vacancy Formation Energy (Cell Structure Relaxation): 0.763190738838 Size:  3
Vacancy Formation Energy (Cell Structure Relaxation): 1.65203387592 Size:  3
Vacancy Formation Energy (Cell Structure Relaxation): 0.924440473161 Size:  3
Vacancy Formation Energy (Cell Structure Relaxation): 0.723969136991 Size:  3
Vacancy Formation Energy (Cell Structure Relaxation): 1.5583814318 Size:  3
Vacancy Formation Energy (Cell Structure Relaxation): 0.804606048984 Size:  3
Vacancy Formation Energy (Cell Structure Relaxation): 1.02165643424 Size:  3
Vacancy Formation Energy (Cell Structure Relaxation): 0.694830514308 Size:  3
Vacancy Formation Energy (Cell Structure Relaxation): 0.583681706394 Size:  3
Vacancy Formation Energy (Cell Structure Relaxation): 0.645516363339 Size:  3
Vacancy Formation Energy (Cell Structure Relaxation): 1.3198181918 Size:  3
Vacancy Formation Energy (Cell Structure Relaxation): 0.613955846777 Size:  3
Vacancy Formation Energy (Cell Structure Relaxation): 0.59774693815 Size:  3
Vacancy Formation Energy (Cell Structure Relaxation): 0.675675805338 Size:  3
Vacancy Formation Energy (Cell Structure Relaxation): 0.881266954425 Size:  3
Vacancy Formation Energy (Cell Structure Relaxation): 0.621039327943 Size:  3
Vacancy Formation Energy (Cell Structure Relaxation): 0.792904561811 Size:  3
Vacancy Formation Energy (Cell Structure Relaxation): 0.611278533909 Size:  3
Vacancy Formation Energy (Cell Structure Relaxation): 0.705655381868 Size:  3
Vacancy Formation Energy (Cell Structure Relaxation): 0.608373011503 Size:  3
Vacancy Formation Energy (Cell Structure Relaxation): 0.690572048265 Size:  3
Vacancy Formation Energy (Cell Structure Relaxation): 0.602156169322 Size:  3
Vacancy Formation Energy (Cell Structure Relaxation): 0.652838875145 Size:  3
Vacancy Formation Energy (Cell Structure Relaxation): 0.586395379699 Size:  3
Vacancy Formation Energy (Cell Structure Relaxation): 0.677246101591 Size:  3
Vacancy Formation Energy (Cell Structure Relaxation): 0.58416843224 Size:  3
Vacancy Formation Energy (Cell Structure Relaxation): 0.624916095013 Size:  3
Vacancy Formation Energy (Cell Structure Relaxation): 0.587571402956 Size:  3
Vacancy Formation Energy (Cell Structure Relaxation): 0.606066902421 Size:  3
Vacancy Formation Energy (Cell Structure Relaxation): 0.586923604212 Size:  3
Vacancy Formation Energy (Cell Structure Relaxation): 0.583782568137 Size:  3
Vacancy Formation Energy (Cell Structure Relaxation): 0.592998871311 Size:  3
Vacancy Formation Energy (Cell Structure Relaxation): 0.581397871953 Size:  3
Vacancy Formation Energy (Cell Structure Relaxation): 0.596696168544 Size:  3
Vacancy Formation Energy (Cell Structure Relaxation): 0.579530352249 Size:  3
Vacancy Formation Energy (Cell Structure Relaxation): 0.607121887358 Size:  3
Vacancy Formation Energy (Cell Structure Relaxation): 0.57857644169 Size:  3
Vacancy Formation Energy (Cell Structure Relaxation): 0.583090832272 Size:  3
Vacancy Formation Energy (Cell Structure Relaxation): 0.580502299761 Size:  3
Vacancy Formation Energy (Cell Structure Relaxation): 0.587089867152 Size:  3
Vacancy Formation Energy (Cell Structure Relaxation): 0.578824298011 Size:  3
Vacancy Formation Energy (Cell Structure Relaxation): 0.580443615137 Size:  3
Vacancy Formation Energy (Cell Structure Relaxation): 0.590870353847 Size:  3
Vacancy Formation Energy (Cell Structure Relaxation): 0.578352562368 Size:  3
Vacancy Formation Energy (Cell Structure Relaxation): 0.584067436837 Size:  3
Vacancy Formation Energy (Cell Structure Relaxation): 0.57846979708 Size:  3
Vacancy Formation Energy (Cell Structure Relaxation): 0.578936670706 Size:  3
Vacancy Formation Energy (Cell Structure Relaxation): 0.58111278035 Size:  3
Vacancy Formation Energy (Cell Structure Relaxation): 0.57824192566 Size:  3
Vacancy Formation Energy (Cell Structure Relaxation): 0.58133869411 Size:  3
Vacancy Formation Energy (Cell Structure Relaxation): 0.577918512475 Size:  3
Vacancy Formation Energy (Cell Structure Relaxation): 0.579247039065 Size:  3
Vacancy Formation Energy (Cell Structure Relaxation): 0.577909404897 Size:  3
Vacancy Formation Energy (Cell Structure Relaxation): 0.579044011238 Size:  3
Vacancy Formation Energy (Cell Structure Relaxation): 0.57788486439 Size:  3
Vacancy Formation Energy (Cell Structure Relaxation): 0.579729398038 Size:  3
Vacancy Formation Energy (Cell Structure Relaxation): 0.577741831424 Size:  3
Vacancy Formation Energy (Cell Structure Relaxation): 0.578468752177 Size:  3
Vacancy Formation Energy (Cell Structure Relaxation): 0.577821911926 Size:  3
Vacancy Formation Energy (Cell Structure Relaxation): 0.57850798334 Size:  3
Vacancy Formation Energy (Cell Structure Relaxation): 0.577772342796 Size:  3
Vacancy Formation Energy (Cell Structure Relaxation): 0.578501466444 Size:  3
Vacancy Formation Energy (Cell Structure Relaxation): 0.577733141968 Size:  3
Vacancy Formation Energy (Cell Structure Relaxation): 0.578302539266 Size:  3
Vacancy Formation Energy (Cell Structure Relaxation): 0.577645318553 Size:  3
Vacancy Formation Energy (Cell Structure Relaxation): 0.57806413405 Size:  3
Vacancy Formation Energy (Cell Structure Relaxation): 0.577665201961 Size:  3
Vacancy Formation Energy (Cell Structure Relaxation): 0.57838415318 Size:  3
Vacancy Formation Energy (Cell Structure Relaxation): 0.577632282893 Size:  3
Vacancy Formation Energy (Cell Structure Relaxation): 0.577715858708 Size:  3
Vacancy Formation Energy (Cell Structure Relaxation): 0.57783118482 Size:  3
Vacancy Formation Energy (Cell Structure Relaxation): 0.577636823952 Size:  3
Vacancy Formation Energy (Cell Structure Relaxation): 0.577929614793 Size:  3
Vacancy Formation Energy (Cell Structure Relaxation): 0.577618819998 Size:  3
Vacancy Formation Energy (Cell Structure Relaxation): 0.577712984353 Size:  3
Vacancy Formation Energy (Cell Structure Relaxation): 0.577780862027 Size:  3
Vacancy Formation Energy (Cell Structure Relaxation): 0.577622480124 Size:  3
Vacancy Formation Energy (Cell Structure Relaxation): 0.577708697006 Size:  3
Vacancy Formation Energy (Cell Structure Relaxation): 0.577625247704 Size:  3
Vacancy Formation Energy (Cell Structure Relaxation): 0.577684689027 Size:  3
Vacancy Formation Energy (Cell Structure Relaxation): 0.577612595034 Size:  3
Vacancy Formation Energy (Cell Structure Relaxation): 0.577727203037 Size:  3
Vacancy Formation Energy (Cell Structure Relaxation): 0.577602752138 Size:  3
Vacancy Formation Energy (Cell Structure Relaxation): 0.577650805352 Size:  3
Vacancy Formation Energy (Cell Structure Relaxation): 0.577607300731 Size:  3
Vacancy Formation Energy (Cell Structure Relaxation): 0.57763079317 Size:  3
Vacancy Formation Energy (Cell Structure Relaxation): 0.577606570802 Size:  3
Vacancy Formation Energy (Cell Structure Relaxation): 0.57762035275 Size:  3
Vacancy Formation Energy (Cell Structure Relaxation): 0.577671348056 Size:  3
Vacancy Formation Energy (Cell Structure Relaxation): 0.577600008798 Size:  3
Vacancy Formation Energy (Cell Structure Relaxation): 0.577623494097 Size:  3
Vacancy Formation Energy (Cell Structure Relaxation): 0.577603902377 Size:  3
Vacancy Formation Energy (Cell Structure Relaxation): 0.57761249903 Size:  3
Vacancy Formation Energy (Cell Structure Relaxation): 0.577603039095 Size:  3
Vacancy Formation Energy (Cell Structure Relaxation): 0.577630897593 Size:  3
Vacancy Formation Energy (Cell Structure Relaxation): 0.577598943909 Size:  3
Vacancy Formation Energy (Cell Structure Relaxation): 0.577602276976 Size:  3
Vacancy Formation Energy (Cell Structure Relaxation): 0.577606395405 Size:  3
Vacancy Formation Energy (Cell Structure Relaxation): 0.577598590695 Size:  3
Vacancy Formation Energy (Cell Structure Relaxation): 0.577616713394 Size:  3
Vacancy Formation Energy (Cell Structure Relaxation): 0.577596904106 Size:  3
Vacancy Formation Energy (Cell Structure Relaxation): 0.577604465639 Size:  3
Vacancy Formation Energy (Cell Structure Relaxation): 0.5775977815 Size:  3
Vacancy Formation Energy (Cell Structure Relaxation): 0.577602985093 Size:  3
Vacancy Formation Energy (Cell Structure Relaxation): 0.577597758422 Size:  3
Vacancy Formation Energy (Cell Structure Relaxation): 0.577602022928 Size:  3
Vacancy Formation Energy (Cell Structure Relaxation): 0.577597483587 Size:  3
Vacancy Formation Energy (Cell Structure Relaxation): 0.577599200113 Size:  3
Vacancy Formation Energy (Cell Structure Relaxation): 0.577596626291 Size:  3
Vacancy Formation Energy (Cell Structure Relaxation): 0.577602274923 Size:  3
Vacancy Formation Energy (Cell Structure Relaxation): 0.577596347652 Size:  3
Vacancy Formation Energy (Cell Structure Relaxation): 0.577598622943 Size:  3
Vacancy Formation Energy (Cell Structure Relaxation): 0.577596560277 Size:  3
Vacancy Formation Energy (Cell Structure Relaxation): 0.577597538174 Size:  3
Vacancy Formation Energy (Cell Structure Relaxation): 0.577599975602 Size:  3
Vacancy Formation Energy (Cell Structure Relaxation): 0.577596137183 Size:  3
Vacancy Formation Energy (Cell Structure Relaxation): 0.577597089677 Size:  3
Vacancy Formation Energy (Cell Structure Relaxation): 0.577599708666 Size:  3
Vacancy Formation Energy (Cell Structure Relaxation): 0.577596049376 Size:  3
Vacancy Formation Energy (Cell Structure Relaxation): 0.577597108303 Size:  3
Vacancy Formation Energy (Cell Structure Relaxation): 0.577596159349 Size:  3
Vacancy Formation Energy (Cell Structure Relaxation): 0.577598197525 Size:  3
Vacancy Formation Energy (Cell Structure Relaxation): 0.57759600214 Size:  3
Vacancy Formation Energy (Cell Structure Relaxation): 0.577596616952 Size:  3
Vacancy Formation Energy (Cell Structure Relaxation): 0.577596050308 Size:  3
Vacancy Formation Energy (Cell Structure Relaxation): 0.577596370748 Size:  3
Vacancy Formation Energy (Cell Structure Relaxation): 0.577595949149 Size:  3
Vacancy Formation Energy (Cell Structure Relaxation): 0.577596289132 Size:  3
Vacancy Formation Energy (Cell Structure Relaxation): 0.577595931732 Size:  3
Vacancy Formation Energy (Cell Structure Relaxation): 0.57759624124 Size:  3
Vacancy Formation Energy (Cell Structure Relaxation): 0.57759589528 Size:  3
Vacancy Formation Energy (Cell Structure Relaxation): 0.577596328615 Size:  3
Vacancy Formation Energy (Cell Structure Relaxation): 0.577595879322 Size:  3
Vacancy Formation Energy (Cell Structure Relaxation): 0.577596163635 Size:  3
Vacancy Formation Energy (Cell Structure Relaxation): 0.577595865504 Size:  3
Vacancy Formation Energy (Cell Structure Relaxation): 0.577596211536 Size:  3
Vacancy Formation Energy (Cell Structure Relaxation): 0.577595861238 Size:  3
Vacancy Formation Energy (Cell Structure Relaxation): 0.57759610806 Size:  3
Vacancy Formation Energy (Cell Structure Relaxation): 0.577595855426 Size:  3
Vacancy Formation Energy (Cell Structure Relaxation): 0.577596044681 Size:  3
Vacancy Formation Energy (Cell Structure Relaxation): 0.577595844004 Size:  3
Vacancy Formation Energy (Cell Structure Relaxation): 0.577595932574 Size:  3
Vacancy Formation Energy (Cell Structure Relaxation): 0.57759584792 Size:  3
Vacancy Formation Energy (Cell Structure Relaxation): 0.577595898774 Size:  3
Vacancy Formation Energy (Cell Structure Relaxation): 0.577595837881 Size:  3
Vacancy Formation Energy (Cell Structure Relaxation): 0.57759590815 Size:  3
Vacancy Formation Energy (Cell Structure Relaxation): 0.577595831346 Size:  3
Vacancy Formation Energy (Cell Structure Relaxation): 0.577595903166 Size:  3
Vacancy Formation Energy (Cell Structure Relaxation): 0.577595827342 Size:  3
Vacancy Formation Energy (Cell Structure Relaxation): 0.577595901662 Size:  3
Vacancy Formation Energy (Cell Structure Relaxation): 0.577595826413 Size:  3
Vacancy Formation Energy (Cell Structure Relaxation): 0.577595883276 Size:  3
Vacancy Formation Energy (Cell Structure Relaxation): 0.577595826436 Size:  3
Vacancy Formation Energy (Cell Structure Relaxation): 0.577595848505 Size:  3
Vacancy Formation Energy (Cell Structure Relaxation): 0.577595827007 Size:  3
Vacancy Formation Energy (Cell Structure Relaxation): 0.577595852037 Size:  3
Vacancy Formation Energy (Cell Structure Relaxation): 0.577595825194 Size:  3
Vacancy Formation Energy (Cell Structure Relaxation): 0.577595833431 Size:  3
Vacancy Formation Energy (Cell Structure Relaxation): 0.577595822403 Size:  3
Vacancy Formation Energy (Cell Structure Relaxation): 0.577595845112 Size:  3
Vacancy Formation Energy (Cell Structure Relaxation): 0.577595821119 Size:  3
Vacancy Formation Energy (Cell Structure Relaxation): 0.577595833175 Size:  3
Vacancy Formation Energy (Cell Structure Relaxation): 0.577595820963 Size:  3
Vacancy Formation Energy (Cell Structure Relaxation): 0.577595835191 Size:  3
Vacancy Formation Energy (Cell Structure Relaxation): 0.577595820738 Size:  3
Vacancy Formation Energy (Cell Structure Relaxation): 0.5775958381 Size:  3
Vacancy Formation Energy (Cell Structure Relaxation): 0.577595820426 Size:  3
Vacancy Formation Energy (Cell Structure Relaxation): 0.577595822565 Size:  3
Vacancy Formation Energy (Cell Structure Relaxation): 0.577595822045 Size:  3
Vacancy Formation Energy (Cell Structure Relaxation): 0.577595821911 Size:  3
Vacancy Formation Energy (Cell Structure Relaxation): 0.577595823095 Size:  3
Vacancy Formation Energy (Cell Structure Relaxation): 0.577595819682 Size:  3
Vacancy Formation Energy (Cell Structure Relaxation): 0.577595826733 Size:  3
Vacancy Formation Energy (Cell Structure Relaxation): 0.577595819258 Size:  3
Vacancy Formation Energy (Cell Structure Relaxation): 0.577595822955 Size:  3
Vacancy Formation Energy (Cell Structure Relaxation): 0.577595819578 Size:  3
Vacancy Formation Energy (Cell Structure Relaxation): 0.577595822421 Size:  3
Vacancy Formation Energy (Cell Structure Relaxation): 0.57759581936 Size:  3
Vacancy Formation Energy (Cell Structure Relaxation): 0.577595821551 Size:  3
Vacancy Formation Energy (Cell Structure Relaxation): 0.577595819384 Size:  3
Vacancy Formation Energy (Cell Structure Relaxation): 0.57759582092 Size:  3
Vacancy Formation Energy (Cell Structure Relaxation): 0.57759581935 Size:  3
Vacancy Formation Energy (Cell Structure Relaxation): 0.577595821149 Size:  3
Vacancy Formation Energy (Cell Structure Relaxation): 0.577595819218 Size:  3
Vacancy Formation Energy (Cell Structure Relaxation): 0.577595819615 Size:  3
Vacancy Formation Energy (Cell Structure Relaxation): 0.57759581907 Size:  3
Vacancy Formation Energy (Cell Structure Relaxation): 0.577595820301 Size:  3
Vacancy Formation Energy (Cell Structure Relaxation): 0.577595819003 Size:  3
Vacancy Formation Energy (Cell Structure Relaxation): 0.577595820002 Size:  3
Vacancy Formation Energy (Cell Structure Relaxation): 0.577595818973 Size:  3
Vacancy Formation Energy (Cell Structure Relaxation): 0.577595819093 Size:  3
Vacancy Formation Energy (Cell Structure Relaxation): 0.577595819046 Size:  3
Vacancy Formation Energy (Cell Structure Relaxation): 0.577595819786 Size:  3
Vacancy Formation Energy (Cell Structure Relaxation): 0.577595818897 Size:  3
Vacancy Formation Energy (Cell Structure Relaxation): 0.577595819158 Size:  3
Vacancy Formation Energy (Cell Structure Relaxation): 0.57759581891 Size:  3
Vacancy Formation Energy (Cell Structure Relaxation): 0.577595819351 Size:  3
Vacancy Formation Energy (Cell Structure Relaxation): 0.577595818877 Size:  3
Vacancy Formation Energy (Cell Structure Relaxation): 0.577595819315 Size:  3
Vacancy Formation Energy (Cell Structure Relaxation): 0.577595818875 Size:  3
Vacancy Formation Energy (Cell Structure Relaxation): 0.577595819146 Size:  3
Vacancy Formation Energy (Cell Structure Relaxation): 0.577595818883 Size:  3
Optimization terminated successfully.
         Current function value: 0.577596
         Iterations: 112
         Function evaluations: 207
Summary:
Vacancy Formation Energy: 0.577595818875
Unrelaxed Cell Volume: 541.232054681
Relaxed Cell Volume: 520.084582617
Relaxation Volume: 21.1474720638
Relaxed Cell Vector:
[  8.13434693e+00   1.76399774e-04   7.99570657e+00   1.10939547e-04
   1.72718407e-04   7.99639871e+00]
Unrelaxed Cell Vector:
[8.1494413140600006, 0.0, 8.1494413140600006, 0.0, 0.0, 8.1494413140600006]
Relaxed Cell:
[[  8.13434693e+00   0.00000000e+00   0.00000000e+00]
 [  1.76399774e-04   7.99570657e+00   0.00000000e+00]
 [  1.10939547e-04   1.72718407e-04   7.99639871e+00]]
Unrelaxed Cell:
[[ 8.14944131  0.          0.        ]
 [ 0.          8.14944131  0.        ]
 [ 0.          0.          8.14944131]]

Supercell Size: 4
Unrelaxed Cell:
[[ 10.86592175   0.           0.        ]
 [  0.          10.86592175   0.        ]
 [  0.           0.          10.86592175]]
Unrelaxed Cell Vector:
[10.86592175208, 0.0, 10.86592175208, 0.0, 0.0, 10.86592175208]
Vacancy Formation Energy (Cell Structure Relaxation): 0.628483214383 Size:  4
Vacancy Formation Energy (Cell Structure Relaxation): 2.11557330957 Size:  4
Vacancy Formation Energy (Cell Structure Relaxation): 0.463505172259 Size:  4
Vacancy Formation Energy (Cell Structure Relaxation): 2.19084804899 Size:  4
Vacancy Formation Energy (Cell Structure Relaxation): 0.464831571331 Size:  4
Vacancy Formation Energy (Cell Structure Relaxation): 0.464831572316 Size:  4
Vacancy Formation Energy (Cell Structure Relaxation): 2.19283893064 Size:  4
Vacancy Formation Energy (Cell Structure Relaxation): 1.21162737621 Size:  4
Vacancy Formation Energy (Cell Structure Relaxation): 1.01785283552 Size:  4
Vacancy Formation Energy (Cell Structure Relaxation): 1.17937462674 Size:  4
Vacancy Formation Energy (Cell Structure Relaxation): 1.30002159786 Size:  4
Vacancy Formation Energy (Cell Structure Relaxation): 0.55128862057 Size:  4
Vacancy Formation Energy (Cell Structure Relaxation): 2.02087351574 Size:  4
Vacancy Formation Energy (Cell Structure Relaxation): 0.475458458876 Size:  4
Vacancy Formation Energy (Cell Structure Relaxation): 1.58162894619 Size:  4
Vacancy Formation Energy (Cell Structure Relaxation): 0.468425747844 Size:  4
Vacancy Formation Energy (Cell Structure Relaxation): 0.385201900973 Size:  4
Vacancy Formation Energy (Cell Structure Relaxation): 0.536386301501 Size:  4
Vacancy Formation Energy (Cell Structure Relaxation): 0.536651327272 Size:  4
Vacancy Formation Energy (Cell Structure Relaxation): 0.397121631492 Size:  4
Vacancy Formation Energy (Cell Structure Relaxation): 0.78852905913 Size:  4
Vacancy Formation Energy (Cell Structure Relaxation): 0.356787740954 Size:  4
Vacancy Formation Energy (Cell Structure Relaxation): 0.659808744459 Size:  4
Vacancy Formation Energy (Cell Structure Relaxation): 0.371029883125 Size:  4
Vacancy Formation Energy (Cell Structure Relaxation): 0.36871638162 Size:  4
Vacancy Formation Energy (Cell Structure Relaxation): 0.440541137668 Size:  4
Vacancy Formation Energy (Cell Structure Relaxation): 0.611116826813 Size:  4
Vacancy Formation Energy (Cell Structure Relaxation): 0.361245398305 Size:  4
Vacancy Formation Energy (Cell Structure Relaxation): 0.418387612306 Size:  4
Vacancy Formation Energy (Cell Structure Relaxation): 0.361245399687 Size:  4
Vacancy Formation Energy (Cell Structure Relaxation): 0.416061056533 Size:  4
Vacancy Formation Energy (Cell Structure Relaxation): 0.355764507739 Size:  4
Vacancy Formation Energy (Cell Structure Relaxation): 0.414331496933 Size:  4
Vacancy Formation Energy (Cell Structure Relaxation): 0.351712551027 Size:  4
Vacancy Formation Energy (Cell Structure Relaxation): 0.366466366169 Size:  4
Vacancy Formation Energy (Cell Structure Relaxation): 0.394657565879 Size:  4
Vacancy Formation Energy (Cell Structure Relaxation): 0.347085915103 Size:  4
Vacancy Formation Energy (Cell Structure Relaxation): 0.365960092658 Size:  4
Vacancy Formation Energy (Cell Structure Relaxation): 0.350085279956 Size:  4
Vacancy Formation Energy (Cell Structure Relaxation): 0.357577183866 Size:  4
Vacancy Formation Energy (Cell Structure Relaxation): 0.383030075814 Size:  4
Vacancy Formation Energy (Cell Structure Relaxation): 0.346649803283 Size:  4
Vacancy Formation Energy (Cell Structure Relaxation): 0.354886124611 Size:  4
Vacancy Formation Energy (Cell Structure Relaxation): 0.375011154551 Size:  4
Vacancy Formation Energy (Cell Structure Relaxation): 0.345800295242 Size:  4
Vacancy Formation Energy (Cell Structure Relaxation): 0.353472909088 Size:  4
Vacancy Formation Energy (Cell Structure Relaxation): 0.363673864424 Size:  4
Vacancy Formation Energy (Cell Structure Relaxation): 0.346181440662 Size:  4
Vacancy Formation Energy (Cell Structure Relaxation): 0.353216597027 Size:  4
Vacancy Formation Energy (Cell Structure Relaxation): 0.346501717523 Size:  4
Vacancy Formation Energy (Cell Structure Relaxation): 0.358879890998 Size:  4
Vacancy Formation Energy (Cell Structure Relaxation): 0.345478142936 Size:  4
Vacancy Formation Energy (Cell Structure Relaxation): 0.348446972431 Size:  4
Vacancy Formation Energy (Cell Structure Relaxation): 0.345043603159 Size:  4
Vacancy Formation Energy (Cell Structure Relaxation): 0.348907393608 Size:  4
Vacancy Formation Energy (Cell Structure Relaxation): 0.344699362003 Size:  4
Vacancy Formation Energy (Cell Structure Relaxation): 0.347091246766 Size:  4
Vacancy Formation Energy (Cell Structure Relaxation): 0.344734467819 Size:  4
Vacancy Formation Energy (Cell Structure Relaxation): 0.346280592425 Size:  4
Vacancy Formation Energy (Cell Structure Relaxation): 0.34460857879 Size:  4
Vacancy Formation Energy (Cell Structure Relaxation): 0.349289420792 Size:  4
Vacancy Formation Energy (Cell Structure Relaxation): 0.344351534968 Size:  4
Vacancy Formation Energy (Cell Structure Relaxation): 0.345246390088 Size:  4
Vacancy Formation Energy (Cell Structure Relaxation): 0.345752933232 Size:  4
Vacancy Formation Energy (Cell Structure Relaxation): 0.344369031261 Size:  4
Vacancy Formation Energy (Cell Structure Relaxation): 0.346015830815 Size:  4
Vacancy Formation Energy (Cell Structure Relaxation): 0.344262078861 Size:  4
Vacancy Formation Energy (Cell Structure Relaxation): 0.345456521586 Size:  4
Vacancy Formation Energy (Cell Structure Relaxation): 0.344244649397 Size:  4
Vacancy Formation Energy (Cell Structure Relaxation): 0.345340256392 Size:  4
Vacancy Formation Energy (Cell Structure Relaxation): 0.344171074788 Size:  4
Vacancy Formation Energy (Cell Structure Relaxation): 0.34496815119 Size:  4
Vacancy Formation Energy (Cell Structure Relaxation): 0.344179985956 Size:  4
Vacancy Formation Energy (Cell Structure Relaxation): 0.344815102782 Size:  4
Vacancy Formation Energy (Cell Structure Relaxation): 0.344155637545 Size:  4
Vacancy Formation Energy (Cell Structure Relaxation): 0.344466450788 Size:  4
Vacancy Formation Energy (Cell Structure Relaxation): 0.344113453995 Size:  4
Vacancy Formation Energy (Cell Structure Relaxation): 0.344491033502 Size:  4
Vacancy Formation Energy (Cell Structure Relaxation): 0.344126523451 Size:  4
Vacancy Formation Energy (Cell Structure Relaxation): 0.344384997628 Size:  4
Vacancy Formation Energy (Cell Structure Relaxation): 0.344081510913 Size:  4
Vacancy Formation Energy (Cell Structure Relaxation): 0.344352811154 Size:  4
Vacancy Formation Energy (Cell Structure Relaxation): 0.34407873682 Size:  4
Vacancy Formation Energy (Cell Structure Relaxation): 0.344266213022 Size:  4
Vacancy Formation Energy (Cell Structure Relaxation): 0.3440673334 Size:  4
Vacancy Formation Energy (Cell Structure Relaxation): 0.344266511158 Size:  4
Vacancy Formation Energy (Cell Structure Relaxation): 0.344071991262 Size:  4
Vacancy Formation Energy (Cell Structure Relaxation): 0.344207896075 Size:  4
Vacancy Formation Energy (Cell Structure Relaxation): 0.344064675737 Size:  4
Vacancy Formation Energy (Cell Structure Relaxation): 0.344160644387 Size:  4
Vacancy Formation Energy (Cell Structure Relaxation): 0.344045494045 Size:  4
Vacancy Formation Energy (Cell Structure Relaxation): 0.34410546506 Size:  4
Vacancy Formation Energy (Cell Structure Relaxation): 0.344046523122 Size:  4
Vacancy Formation Energy (Cell Structure Relaxation): 0.344115093708 Size:  4
Vacancy Formation Energy (Cell Structure Relaxation): 0.344044735407 Size:  4
Vacancy Formation Energy (Cell Structure Relaxation): 0.344088470549 Size:  4
Vacancy Formation Energy (Cell Structure Relaxation): 0.344046183741 Size:  4
Vacancy Formation Energy (Cell Structure Relaxation): 0.344071352873 Size:  4
Vacancy Formation Energy (Cell Structure Relaxation): 0.344048316968 Size:  4
Vacancy Formation Energy (Cell Structure Relaxation): 0.344084482228 Size:  4
Vacancy Formation Energy (Cell Structure Relaxation): 0.344045297275 Size:  4
Vacancy Formation Energy (Cell Structure Relaxation): 0.344080232337 Size:  4
Vacancy Formation Energy (Cell Structure Relaxation): 0.344044422969 Size:  4
Vacancy Formation Energy (Cell Structure Relaxation): 0.344044006321 Size:  4
Vacancy Formation Energy (Cell Structure Relaxation): 0.344088366829 Size:  4
Vacancy Formation Energy (Cell Structure Relaxation): 0.344051277191 Size:  4
Vacancy Formation Energy (Cell Structure Relaxation): 0.344038686096 Size:  4
Vacancy Formation Energy (Cell Structure Relaxation): 0.344054432868 Size:  4
Vacancy Formation Energy (Cell Structure Relaxation): 0.344038323092 Size:  4
Vacancy Formation Energy (Cell Structure Relaxation): 0.344048750852 Size:  4
Vacancy Formation Energy (Cell Structure Relaxation): 0.344038621444 Size:  4
Vacancy Formation Energy (Cell Structure Relaxation): 0.344059102747 Size:  4
Vacancy Formation Energy (Cell Structure Relaxation): 0.344038451329 Size:  4
Vacancy Formation Energy (Cell Structure Relaxation): 0.344047058719 Size:  4
Vacancy Formation Energy (Cell Structure Relaxation): 0.3440384813 Size:  4
Vacancy Formation Energy (Cell Structure Relaxation): 0.344065259022 Size:  4
Vacancy Formation Energy (Cell Structure Relaxation): 0.344038017209 Size:  4
Vacancy Formation Energy (Cell Structure Relaxation): 0.344045360387 Size:  4
Vacancy Formation Energy (Cell Structure Relaxation): 0.34403840301 Size:  4
Vacancy Formation Energy (Cell Structure Relaxation): 0.344039932698 Size:  4
Vacancy Formation Energy (Cell Structure Relaxation): 0.344037108304 Size:  4
Vacancy Formation Energy (Cell Structure Relaxation): 0.344039561413 Size:  4
Vacancy Formation Energy (Cell Structure Relaxation): 0.344037121633 Size:  4
Vacancy Formation Energy (Cell Structure Relaxation): 0.344039499251 Size:  4
Vacancy Formation Energy (Cell Structure Relaxation): 0.344037081166 Size:  4
Vacancy Formation Energy (Cell Structure Relaxation): 0.34403891614 Size:  4
Vacancy Formation Energy (Cell Structure Relaxation): 0.344037119379 Size:  4
Vacancy Formation Energy (Cell Structure Relaxation): 0.344039767479 Size:  4
Vacancy Formation Energy (Cell Structure Relaxation): 0.344037027994 Size:  4
Vacancy Formation Energy (Cell Structure Relaxation): 0.344038667604 Size:  4
Vacancy Formation Energy (Cell Structure Relaxation): 0.344037099396 Size:  4
Vacancy Formation Energy (Cell Structure Relaxation): 0.344038693969 Size:  4
Vacancy Formation Energy (Cell Structure Relaxation): 0.344036990645 Size:  4
Vacancy Formation Energy (Cell Structure Relaxation): 0.344037413436 Size:  4
Vacancy Formation Energy (Cell Structure Relaxation): 0.344036810657 Size:  4
Vacancy Formation Energy (Cell Structure Relaxation): 0.344037211228 Size:  4
Vacancy Formation Energy (Cell Structure Relaxation): 0.344036827723 Size:  4
Vacancy Formation Energy (Cell Structure Relaxation): 0.344037260299 Size:  4
Vacancy Formation Energy (Cell Structure Relaxation): 0.344036818042 Size:  4
Vacancy Formation Energy (Cell Structure Relaxation): 0.344037354738 Size:  4
Vacancy Formation Energy (Cell Structure Relaxation): 0.3440368069 Size:  4
Vacancy Formation Energy (Cell Structure Relaxation): 0.34403717361 Size:  4
Vacancy Formation Energy (Cell Structure Relaxation): 0.344036816757 Size:  4
Vacancy Formation Energy (Cell Structure Relaxation): 0.344037198429 Size:  4
Vacancy Formation Energy (Cell Structure Relaxation): 0.344036796253 Size:  4
Vacancy Formation Energy (Cell Structure Relaxation): 0.344037156057 Size:  4
Vacancy Formation Energy (Cell Structure Relaxation): 0.34403678825 Size:  4
Vacancy Formation Energy (Cell Structure Relaxation): 0.344036853673 Size:  4
Vacancy Formation Energy (Cell Structure Relaxation): 0.344036761681 Size:  4
Vacancy Formation Energy (Cell Structure Relaxation): 0.344036855946 Size:  4
Vacancy Formation Energy (Cell Structure Relaxation): 0.344036758059 Size:  4
Vacancy Formation Energy (Cell Structure Relaxation): 0.344036831784 Size:  4
Vacancy Formation Energy (Cell Structure Relaxation): 0.344036759492 Size:  4
Vacancy Formation Energy (Cell Structure Relaxation): 0.344036854043 Size:  4
Vacancy Formation Energy (Cell Structure Relaxation): 0.344036755306 Size:  4
Vacancy Formation Energy (Cell Structure Relaxation): 0.34403683393 Size:  4
Vacancy Formation Energy (Cell Structure Relaxation): 0.344036755855 Size:  4
Vacancy Formation Energy (Cell Structure Relaxation): 0.344036823951 Size:  4
Vacancy Formation Energy (Cell Structure Relaxation): 0.344036753144 Size:  4
Vacancy Formation Energy (Cell Structure Relaxation): 0.344036835915 Size:  4
Vacancy Formation Energy (Cell Structure Relaxation): 0.344036749683 Size:  4
Vacancy Formation Energy (Cell Structure Relaxation): 0.34403676113 Size:  4
Vacancy Formation Energy (Cell Structure Relaxation): 0.344036747462 Size:  4
Vacancy Formation Energy (Cell Structure Relaxation): 0.344036766498 Size:  4
Vacancy Formation Energy (Cell Structure Relaxation): 0.344036746373 Size:  4
Vacancy Formation Energy (Cell Structure Relaxation): 0.344036754607 Size:  4
Vacancy Formation Energy (Cell Structure Relaxation): 0.344036786699 Size:  4
Vacancy Formation Energy (Cell Structure Relaxation): 0.344036743239 Size:  4
Vacancy Formation Energy (Cell Structure Relaxation): 0.344036746959 Size:  4
Vacancy Formation Energy (Cell Structure Relaxation): 0.344036754392 Size:  4
Vacancy Formation Energy (Cell Structure Relaxation): 0.344036744879 Size:  4
Vacancy Formation Energy (Cell Structure Relaxation): 0.344036756234 Size:  4
Vacancy Formation Energy (Cell Structure Relaxation): 0.344036744217 Size:  4
Vacancy Formation Energy (Cell Structure Relaxation): 0.344036757315 Size:  4
Vacancy Formation Energy (Cell Structure Relaxation): 0.344036742985 Size:  4
Vacancy Formation Energy (Cell Structure Relaxation): 0.344036751948 Size:  4
Vacancy Formation Energy (Cell Structure Relaxation): 0.344036742784 Size:  4
Vacancy Formation Energy (Cell Structure Relaxation): 0.344036752024 Size:  4
Vacancy Formation Energy (Cell Structure Relaxation): 0.344036742654 Size:  4
Vacancy Formation Energy (Cell Structure Relaxation): 0.34403674853 Size:  4
Vacancy Formation Energy (Cell Structure Relaxation): 0.344036742795 Size:  4
Vacancy Formation Energy (Cell Structure Relaxation): 0.344036743913 Size:  4
Vacancy Formation Energy (Cell Structure Relaxation): 0.344036746079 Size:  4
Vacancy Formation Energy (Cell Structure Relaxation): 0.344036742202 Size:  4
Vacancy Formation Energy (Cell Structure Relaxation): 0.344036744337 Size:  4
Vacancy Formation Energy (Cell Structure Relaxation): 0.344036742256 Size:  4
Vacancy Formation Energy (Cell Structure Relaxation): 0.344036742961 Size:  4
Vacancy Formation Energy (Cell Structure Relaxation): 0.344036745108 Size:  4
Vacancy Formation Energy (Cell Structure Relaxation): 0.344036741857 Size:  4
Vacancy Formation Energy (Cell Structure Relaxation): 0.344036742999 Size:  4
Vacancy Formation Energy (Cell Structure Relaxation): 0.344036742047 Size:  4
Vacancy Formation Energy (Cell Structure Relaxation): 0.344036741808 Size:  4
Vacancy Formation Energy (Cell Structure Relaxation): 0.34403674321 Size:  4
Vacancy Formation Energy (Cell Structure Relaxation): 0.344036744103 Size:  4
Vacancy Formation Energy (Cell Structure Relaxation): 0.344036741785 Size:  4
Vacancy Formation Energy (Cell Structure Relaxation): 0.344036743136 Size:  4
Vacancy Formation Energy (Cell Structure Relaxation): 0.344036741835 Size:  4
Vacancy Formation Energy (Cell Structure Relaxation): 0.344036741874 Size:  4
Vacancy Formation Energy (Cell Structure Relaxation): 0.344036742124 Size:  4
Vacancy Formation Energy (Cell Structure Relaxation): 0.344036741689 Size:  4
Vacancy Formation Energy (Cell Structure Relaxation): 0.34403674248 Size:  4
Vacancy Formation Energy (Cell Structure Relaxation): 0.34403674164 Size:  4
Vacancy Formation Energy (Cell Structure Relaxation): 0.344036742423 Size:  4
Vacancy Formation Energy (Cell Structure Relaxation): 0.344036741595 Size:  4
Optimization terminated successfully.
         Current function value: 0.344037
         Iterations: 107
         Function evaluations: 204
Summary:
Vacancy Formation Energy: 0.344036741595
Unrelaxed Cell Volume: 1282.92042591
Relaxed Cell Volume: 1257.43183011
Relaxation Volume: 25.4885958008
Relaxed Cell Vector:
[  1.08372994e+01   1.64250409e-04   1.07714243e+01   1.61895944e-04
   5.28800051e-05   1.07718487e+01]
Unrelaxed Cell Vector:
[10.86592175208, 0.0, 10.86592175208, 0.0, 0.0, 10.86592175208]
Relaxed Cell:
[[  1.08372994e+01   0.00000000e+00   0.00000000e+00]
 [  1.64250409e-04   1.07714243e+01   0.00000000e+00]
 [  1.61895944e-04   5.28800051e-05   1.07718487e+01]]
Unrelaxed Cell:
[[ 10.86592175   0.           0.        ]
 [  0.          10.86592175   0.        ]
 [  0.           0.          10.86592175]]

Supercell Size: 5
Unrelaxed Cell:
[[ 13.58240219   0.           0.        ]
 [  0.          13.58240219   0.        ]
 [  0.           0.          13.58240219]]
Unrelaxed Cell Vector:
[13.5824021901, 0.0, 13.5824021901, 0.0, 0.0, 13.5824021901]
Vacancy Formation Energy (Cell Structure Relaxation): 0.429303408376 Size:  5
Vacancy Formation Energy (Cell Structure Relaxation): 3.31403108264 Size:  5
Vacancy Formation Energy (Cell Structure Relaxation): 0.429318809331 Size:  5
Vacancy Formation Energy (Cell Structure Relaxation): 3.31255960001 Size:  5
Vacancy Formation Energy (Cell Structure Relaxation): 0.429500836568 Size:  5
Vacancy Formation Energy (Cell Structure Relaxation): 0.429500836564 Size:  5
Vacancy Formation Energy (Cell Structure Relaxation): 3.31125786923 Size:  5
Vacancy Formation Energy (Cell Structure Relaxation): 2.29290190767 Size:  5
Vacancy Formation Energy (Cell Structure Relaxation): 1.33587098626 Size:  5
Vacancy Formation Energy (Cell Structure Relaxation): 2.04989729325 Size:  5
Vacancy Formation Energy (Cell Structure Relaxation): 1.9370460331 Size:  5
Vacancy Formation Energy (Cell Structure Relaxation): 2.92545660604 Size:  5
Vacancy Formation Energy (Cell Structure Relaxation): 0.427026096724 Size:  5
Vacancy Formation Energy (Cell Structure Relaxation): 1.51338224816 Size:  5
Vacancy Formation Energy (Cell Structure Relaxation): 0.27477182611 Size:  5
Vacancy Formation Energy (Cell Structure Relaxation): 2.19237328101 Size:  5
Vacancy Formation Energy (Cell Structure Relaxation): 0.183819041043 Size:  5
Vacancy Formation Energy (Cell Structure Relaxation): 0.0206148807533 Size:  5
Vacancy Formation Energy (Cell Structure Relaxation): 0.304757499792 Size:  5
Vacancy Formation Energy (Cell Structure Relaxation): 0.187156375654 Size:  5
Vacancy Formation Energy (Cell Structure Relaxation): 0.551537178134 Size:  5
Vacancy Formation Energy (Cell Structure Relaxation): -0.0583678479689 Size:  5
Vacancy Formation Energy (Cell Structure Relaxation): 0.689579039191 Size:  5
Vacancy Formation Energy (Cell Structure Relaxation): -0.0768288623451 Size:  5
Vacancy Formation Energy (Cell Structure Relaxation): 0.49057763915 Size:  5
Vacancy Formation Energy (Cell Structure Relaxation): 0.0454682026891 Size:  5
Vacancy Formation Energy (Cell Structure Relaxation): 0.368946122804 Size:  5
Vacancy Formation Energy (Cell Structure Relaxation): 0.00849621075588 Size:  5
Vacancy Formation Energy (Cell Structure Relaxation): -0.0646474786819 Size:  5
Vacancy Formation Energy (Cell Structure Relaxation): 0.158116318241 Size:  5
Vacancy Formation Energy (Cell Structure Relaxation): -0.0304151071248 Size:  5
Vacancy Formation Energy (Cell Structure Relaxation): 0.0470821696462 Size:  5
Vacancy Formation Energy (Cell Structure Relaxation): -0.0945657792503 Size:  5
Vacancy Formation Energy (Cell Structure Relaxation): -0.0163187369741 Size:  5
Vacancy Formation Energy (Cell Structure Relaxation): 0.0430614807373 Size:  5
Vacancy Formation Energy (Cell Structure Relaxation): -0.0990512563525 Size:  5
Vacancy Formation Energy (Cell Structure Relaxation): -0.0731567236672 Size:  5
Vacancy Formation Energy (Cell Structure Relaxation): -0.0902107343487 Size:  5
Vacancy Formation Energy (Cell Structure Relaxation): -0.0991778652139 Size:  5
Vacancy Formation Energy (Cell Structure Relaxation): -8.99595392318 Size:  5
Vacancy Formation Energy (Cell Structure Relaxation): -9.38484204534 Size:  5
Vacancy Formation Energy (Cell Structure Relaxation): -10.1603814643 Size:  5
Vacancy Formation Energy (Cell Structure Relaxation): -8.65205812053 Size:  5
Vacancy Formation Energy (Cell Structure Relaxation): -9.74162425496 Size:  5
Vacancy Formation Energy (Cell Structure Relaxation): -9.59436187049 Size:  5
Vacancy Formation Energy (Cell Structure Relaxation): -9.89695684572 Size:  5
Vacancy Formation Energy (Cell Structure Relaxation): -10.6790866388 Size:  5
Vacancy Formation Energy (Cell Structure Relaxation): -11.5705296683 Size:  5
Vacancy Formation Energy (Cell Structure Relaxation): -11.1802179968 Size:  5
Vacancy Formation Energy (Cell Structure Relaxation): -11.4830418692 Size:  5
Vacancy Formation Energy (Cell Structure Relaxation): -11.738459205 Size:  5
Vacancy Formation Energy (Cell Structure Relaxation): -12.4499546698 Size:  5
Vacancy Formation Energy (Cell Structure Relaxation): -12.3900809957 Size:  5
Vacancy Formation Energy (Cell Structure Relaxation): -12.6060781025 Size:  5
Vacancy Formation Energy (Cell Structure Relaxation): -12.6779013608 Size:  5
Vacancy Formation Energy (Cell Structure Relaxation): -13.0562037934 Size:  5
Vacancy Formation Energy (Cell Structure Relaxation): -13.5023074495 Size:  5
Vacancy Formation Energy (Cell Structure Relaxation): -13.792055504 Size:  5
Vacancy Formation Energy (Cell Structure Relaxation): -12.8528820566 Size:  5
Vacancy Formation Energy (Cell Structure Relaxation): -13.548931909 Size:  5
Vacancy Formation Energy (Cell Structure Relaxation): -12.6887642636 Size:  5
Vacancy Formation Energy (Cell Structure Relaxation): -11.3046647525 Size:  5
Vacancy Formation Energy (Cell Structure Relaxation): -13.5904223959 Size:  5
Vacancy Formation Energy (Cell Structure Relaxation): -10.874254865 Size:  5
Vacancy Formation Energy (Cell Structure Relaxation): -13.7200582447 Size:  5
Vacancy Formation Energy (Cell Structure Relaxation): -14.0737553808 Size:  5
Vacancy Formation Energy (Cell Structure Relaxation): -13.682203469 Size:  5
Vacancy Formation Energy (Cell Structure Relaxation): -13.1930590824 Size:  5
Vacancy Formation Energy (Cell Structure Relaxation): -13.8673329691 Size:  5
Vacancy Formation Energy (Cell Structure Relaxation): -13.4834445784 Size:  5
Vacancy Formation Energy (Cell Structure Relaxation): -14.0058628202 Size:  5
Vacancy Formation Energy (Cell Structure Relaxation): -13.7952295842 Size:  5
Vacancy Formation Energy (Cell Structure Relaxation): -14.10246965 Size:  5
Vacancy Formation Energy (Cell Structure Relaxation): -13.6584764834 Size:  5
Vacancy Formation Energy (Cell Structure Relaxation): -14.0300032699 Size:  5
Vacancy Formation Energy (Cell Structure Relaxation): -14.4321986325 Size:  5
Vacancy Formation Energy (Cell Structure Relaxation): -14.5682489909 Size:  5
Vacancy Formation Energy (Cell Structure Relaxation): -12.8858929707 Size:  5
Vacancy Formation Energy (Cell Structure Relaxation): -14.1994247323 Size:  5
Vacancy Formation Energy (Cell Structure Relaxation): -13.6775899897 Size:  5
Vacancy Formation Energy (Cell Structure Relaxation): -14.176348831 Size:  5
Vacancy Formation Energy (Cell Structure Relaxation): -14.5431855584 Size:  5
Vacancy Formation Energy (Cell Structure Relaxation): -14.3572614843 Size:  5
Vacancy Formation Energy (Cell Structure Relaxation): -14.1368497633 Size:  5
Vacancy Formation Energy (Cell Structure Relaxation): -14.2370386461 Size:  5
Vacancy Formation Energy (Cell Structure Relaxation): -14.4346026254 Size:  5
Vacancy Formation Energy (Cell Structure Relaxation): -14.7189086841 Size:  5
Vacancy Formation Energy (Cell Structure Relaxation): -14.8564713229 Size:  5
Vacancy Formation Energy (Cell Structure Relaxation): -14.7026333781 Size:  5
Vacancy Formation Energy (Cell Structure Relaxation): -14.0762403878 Size:  5
Vacancy Formation Energy (Cell Structure Relaxation): -14.5589371877 Size:  5
Vacancy Formation Energy (Cell Structure Relaxation): -14.6928356833 Size:  5
Vacancy Formation Energy (Cell Structure Relaxation): -14.8820789395 Size:  5
Vacancy Formation Energy (Cell Structure Relaxation): -14.9097342818 Size:  5
Vacancy Formation Energy (Cell Structure Relaxation): -14.9175001325 Size:  5
Vacancy Formation Energy (Cell Structure Relaxation): -14.8858637473 Size:  5
Vacancy Formation Energy (Cell Structure Relaxation): -14.6863730618 Size:  5
Vacancy Formation Energy (Cell Structure Relaxation): -14.8239710433 Size:  5
Vacancy Formation Energy (Cell Structure Relaxation): -14.7617973615 Size:  5
Vacancy Formation Energy (Cell Structure Relaxation): -14.5870665418 Size:  5
Vacancy Formation Energy (Cell Structure Relaxation): -14.8719735939 Size:  5
Vacancy Formation Energy (Cell Structure Relaxation): -14.9677019398 Size:  5
Vacancy Formation Energy (Cell Structure Relaxation): -14.841758609 Size:  5
Vacancy Formation Energy (Cell Structure Relaxation): -14.8711046874 Size:  5
Vacancy Formation Energy (Cell Structure Relaxation): -14.8818825188 Size:  5
Vacancy Formation Energy (Cell Structure Relaxation): -15.0045981445 Size:  5
Vacancy Formation Energy (Cell Structure Relaxation): -14.9557602993 Size:  5
Vacancy Formation Energy (Cell Structure Relaxation): -14.7353156397 Size:  5
Vacancy Formation Energy (Cell Structure Relaxation): -14.9768200752 Size:  5
Vacancy Formation Energy (Cell Structure Relaxation): -14.8822195623 Size:  5
Vacancy Formation Energy (Cell Structure Relaxation): -14.7840944138 Size:  5
Vacancy Formation Energy (Cell Structure Relaxation): -14.9707197487 Size:  5
Vacancy Formation Energy (Cell Structure Relaxation): -14.887487868 Size:  5
Vacancy Formation Energy (Cell Structure Relaxation): -14.9661484283 Size:  5
Vacancy Formation Energy (Cell Structure Relaxation): -15.0399522552 Size:  5
Vacancy Formation Energy (Cell Structure Relaxation): -15.0540937788 Size:  5
Vacancy Formation Energy (Cell Structure Relaxation): -15.0904530065 Size:  5
Vacancy Formation Energy (Cell Structure Relaxation): -15.1302073427 Size:  5
Vacancy Formation Energy (Cell Structure Relaxation): -15.0938753146 Size:  5
Vacancy Formation Energy (Cell Structure Relaxation): -15.01769543 Size:  5
Vacancy Formation Energy (Cell Structure Relaxation): -14.9189945606 Size:  5
Vacancy Formation Energy (Cell Structure Relaxation): -15.0512449129 Size:  5
Vacancy Formation Energy (Cell Structure Relaxation): -15.165828534 Size:  5
Vacancy Formation Energy (Cell Structure Relaxation): -15.2281326795 Size:  5
Vacancy Formation Energy (Cell Structure Relaxation): -15.2034611881 Size:  5
Vacancy Formation Energy (Cell Structure Relaxation): -15.1506585374 Size:  5
Vacancy Formation Energy (Cell Structure Relaxation): -15.2068786081 Size:  5
Vacancy Formation Energy (Cell Structure Relaxation): -15.1789133387 Size:  5
Vacancy Formation Energy (Cell Structure Relaxation): -15.2871148961 Size:  5
Vacancy Formation Energy (Cell Structure Relaxation): -15.3320747623 Size:  5
Vacancy Formation Energy (Cell Structure Relaxation): -15.3333221732 Size:  5
Vacancy Formation Energy (Cell Structure Relaxation): -15.3546892101 Size:  5
Vacancy Formation Energy (Cell Structure Relaxation): -15.2667150082 Size:  5
Vacancy Formation Energy (Cell Structure Relaxation): -15.2798138631 Size:  5
Vacancy Formation Energy (Cell Structure Relaxation): -15.2790381298 Size:  5
Vacancy Formation Energy (Cell Structure Relaxation): -15.3534924448 Size:  5
Vacancy Formation Energy (Cell Structure Relaxation): -15.1495071417 Size:  5
Vacancy Formation Energy (Cell Structure Relaxation): -15.3396210863 Size:  5
Vacancy Formation Energy (Cell Structure Relaxation): -15.4115279067 Size:  5
Vacancy Formation Energy (Cell Structure Relaxation): -15.4053819549 Size:  5
Vacancy Formation Energy (Cell Structure Relaxation): -15.3712121497 Size:  5
Vacancy Formation Energy (Cell Structure Relaxation): -15.3445157129 Size:  5
Vacancy Formation Energy (Cell Structure Relaxation): -15.4106422976 Size:  5
Vacancy Formation Energy (Cell Structure Relaxation): -15.3940856147 Size:  5
Vacancy Formation Energy (Cell Structure Relaxation): -15.4007000843 Size:  5
Vacancy Formation Energy (Cell Structure Relaxation): -15.366733158 Size:  5
Vacancy Formation Energy (Cell Structure Relaxation): -15.3965103123 Size:  5
Vacancy Formation Energy (Cell Structure Relaxation): -15.3771043277 Size:  5
Vacancy Formation Energy (Cell Structure Relaxation): -15.3641496132 Size:  5
Vacancy Formation Energy (Cell Structure Relaxation): -15.4164129613 Size:  5
Vacancy Formation Energy (Cell Structure Relaxation): -15.3736686872 Size:  5
Vacancy Formation Energy (Cell Structure Relaxation): -15.4181206758 Size:  5
Vacancy Formation Energy (Cell Structure Relaxation): -15.3377430244 Size:  5
Vacancy Formation Energy (Cell Structure Relaxation): -15.4256133449 Size:  5
Vacancy Formation Energy (Cell Structure Relaxation): -15.3773476435 Size:  5
Vacancy Formation Energy (Cell Structure Relaxation): -15.4236634985 Size:  5
Vacancy Formation Energy (Cell Structure Relaxation): -15.3959628872 Size:  5
Vacancy Formation Energy (Cell Structure Relaxation): -15.4230331419 Size:  5
Vacancy Formation Energy (Cell Structure Relaxation): -15.3898098194 Size:  5
Vacancy Formation Energy (Cell Structure Relaxation): -15.426815773 Size:  5
Vacancy Formation Energy (Cell Structure Relaxation): -15.4141547026 Size:  5
Vacancy Formation Energy (Cell Structure Relaxation): -15.4255670293 Size:  5
Vacancy Formation Energy (Cell Structure Relaxation): -15.4193813848 Size:  5
Vacancy Formation Energy (Cell Structure Relaxation): -15.4248077999 Size:  5
Vacancy Formation Energy (Cell Structure Relaxation): -15.4159915543 Size:  5
Vacancy Formation Energy (Cell Structure Relaxation): -15.4283674141 Size:  5
Vacancy Formation Energy (Cell Structure Relaxation): -15.4179865326 Size:  5
Vacancy Formation Energy (Cell Structure Relaxation): -15.4294066829 Size:  5
Vacancy Formation Energy (Cell Structure Relaxation): -15.4200043764 Size:  5
Vacancy Formation Energy (Cell Structure Relaxation): -15.4294395637 Size:  5
Vacancy Formation Energy (Cell Structure Relaxation): -15.4227152767 Size:  5
Vacancy Formation Energy (Cell Structure Relaxation): -15.4295310272 Size:  5
Vacancy Formation Energy (Cell Structure Relaxation): -15.4217670262 Size:  5
Vacancy Formation Energy (Cell Structure Relaxation): -15.4298965649 Size:  5
Vacancy Formation Energy (Cell Structure Relaxation): -15.4254101904 Size:  5
Vacancy Formation Energy (Cell Structure Relaxation): -15.4295874406 Size:  5
Vacancy Formation Energy (Cell Structure Relaxation): -15.4223845712 Size:  5
Vacancy Formation Energy (Cell Structure Relaxation): -15.430250786 Size:  5
Vacancy Formation Energy (Cell Structure Relaxation): -15.4283599678 Size:  5
Vacancy Formation Energy (Cell Structure Relaxation): -15.4302357965 Size:  5
Vacancy Formation Energy (Cell Structure Relaxation): -15.4279199451 Size:  5
Vacancy Formation Energy (Cell Structure Relaxation): -15.4306314083 Size:  5
Vacancy Formation Energy (Cell Structure Relaxation): -15.4284971084 Size:  5
Vacancy Formation Energy (Cell Structure Relaxation): -15.4305715018 Size:  5
Vacancy Formation Energy (Cell Structure Relaxation): -15.4293183174 Size:  5
Vacancy Formation Energy (Cell Structure Relaxation): -15.4305296275 Size:  5
Vacancy Formation Energy (Cell Structure Relaxation): -15.4293786665 Size:  5
Vacancy Formation Energy (Cell Structure Relaxation): -15.4305547516 Size:  5
Vacancy Formation Energy (Cell Structure Relaxation): -15.4296867519 Size:  5
Vacancy Formation Energy (Cell Structure Relaxation): -15.4306419329 Size:  5
Vacancy Formation Energy (Cell Structure Relaxation): -15.4304414046 Size:  5
Vacancy Formation Energy (Cell Structure Relaxation): -15.4294868729 Size:  5
Vacancy Formation Energy (Cell Structure Relaxation): -15.4307988968 Size:  5
Vacancy Formation Energy (Cell Structure Relaxation): -15.4301087551 Size:  5
Vacancy Formation Energy (Cell Structure Relaxation): -15.4307963636 Size:  5
Vacancy Formation Energy (Cell Structure Relaxation): -15.4305975228 Size:  5
Vacancy Formation Energy (Cell Structure Relaxation): -15.4299321131 Size:  5
Vacancy Formation Energy (Cell Structure Relaxation): -15.4308506891 Size:  5
Vacancy Formation Energy (Cell Structure Relaxation): -15.4307525319 Size:  5
Vacancy Formation Energy (Cell Structure Relaxation): -15.4307283521 Size:  5
Vacancy Formation Energy (Cell Structure Relaxation): -15.4304435368 Size:  5
Vacancy Formation Energy (Cell Structure Relaxation): -15.4308542493 Size:  5
Vacancy Formation Energy (Cell Structure Relaxation): -15.4304983304 Size:  5
Vacancy Formation Energy (Cell Structure Relaxation): -15.4308587813 Size:  5
Vacancy Formation Energy (Cell Structure Relaxation): -15.4307423353 Size:  5
Vacancy Formation Energy (Cell Structure Relaxation): -15.4308740455 Size:  5
Vacancy Formation Energy (Cell Structure Relaxation): -15.4306510011 Size:  5
Vacancy Formation Energy (Cell Structure Relaxation): -15.4308802975 Size:  5
Vacancy Formation Energy (Cell Structure Relaxation): -15.4307008179 Size:  5
Vacancy Formation Energy (Cell Structure Relaxation): -15.4308934167 Size:  5
Vacancy Formation Energy (Cell Structure Relaxation): -15.4305931098 Size:  5
Vacancy Formation Energy (Cell Structure Relaxation): -15.430901868 Size:  5
Vacancy Formation Energy (Cell Structure Relaxation): -15.4308435407 Size:  5
Vacancy Formation Energy (Cell Structure Relaxation): -15.4308947533 Size:  5
Vacancy Formation Energy (Cell Structure Relaxation): -15.4308863019 Size:  5
Vacancy Formation Energy (Cell Structure Relaxation): -15.4308354108 Size:  5
Vacancy Formation Energy (Cell Structure Relaxation): -15.430900347 Size:  5
Vacancy Formation Energy (Cell Structure Relaxation): -15.4308429259 Size:  5
Vacancy Formation Energy (Cell Structure Relaxation): -15.4309044459 Size:  5
Vacancy Formation Energy (Cell Structure Relaxation): -15.4308608049 Size:  5
Vacancy Formation Energy (Cell Structure Relaxation): -15.4309065564 Size:  5
Vacancy Formation Energy (Cell Structure Relaxation): -15.43088493 Size:  5
Vacancy Formation Energy (Cell Structure Relaxation): -15.4309064942 Size:  5
Vacancy Formation Energy (Cell Structure Relaxation): -15.430867542 Size:  5
Vacancy Formation Energy (Cell Structure Relaxation): -15.4309103512 Size:  5
Vacancy Formation Energy (Cell Structure Relaxation): -15.4309067118 Size:  5
Vacancy Formation Energy (Cell Structure Relaxation): -15.4308817637 Size:  5
Vacancy Formation Energy (Cell Structure Relaxation): -15.4309123856 Size:  5
Vacancy Formation Energy (Cell Structure Relaxation): -15.4308951565 Size:  5
Vacancy Formation Energy (Cell Structure Relaxation): -15.4309115618 Size:  5
Vacancy Formation Energy (Cell Structure Relaxation): -15.4309004924 Size:  5
Vacancy Formation Energy (Cell Structure Relaxation): -15.4309119449 Size:  5
Vacancy Formation Energy (Cell Structure Relaxation): -15.4309112288 Size:  5
Vacancy Formation Energy (Cell Structure Relaxation): -15.4309052784 Size:  5
Vacancy Formation Energy (Cell Structure Relaxation): -15.4309127737 Size:  5
Vacancy Formation Energy (Cell Structure Relaxation): -15.4309030306 Size:  5
Vacancy Formation Energy (Cell Structure Relaxation): -15.4309130624 Size:  5
Vacancy Formation Energy (Cell Structure Relaxation): -15.4309083549 Size:  5
Vacancy Formation Energy (Cell Structure Relaxation): -15.430913798 Size:  5
Vacancy Formation Energy (Cell Structure Relaxation): -15.4309074165 Size:  5
Vacancy Formation Energy (Cell Structure Relaxation): -15.4309141533 Size:  5
Vacancy Formation Energy (Cell Structure Relaxation): -15.4309059984 Size:  5
Vacancy Formation Energy (Cell Structure Relaxation): -15.4309143238 Size:  5
Vacancy Formation Energy (Cell Structure Relaxation): -15.4309159083 Size:  5
Vacancy Formation Energy (Cell Structure Relaxation): -15.4309153043 Size:  5
Vacancy Formation Energy (Cell Structure Relaxation): -15.4309100087 Size:  5
Vacancy Formation Energy (Cell Structure Relaxation): -15.4309146148 Size:  5
Vacancy Formation Energy (Cell Structure Relaxation): -15.4309133246 Size:  5
Vacancy Formation Energy (Cell Structure Relaxation): -15.4309138337 Size:  5
Vacancy Formation Energy (Cell Structure Relaxation): -15.4309126325 Size:  5
Vacancy Formation Energy (Cell Structure Relaxation): -15.4309148263 Size:  5
Vacancy Formation Energy (Cell Structure Relaxation): -15.4309166474 Size:  5
Vacancy Formation Energy (Cell Structure Relaxation): -15.430917441 Size:  5
Vacancy Formation Energy (Cell Structure Relaxation): -15.4309143997 Size:  5
Vacancy Formation Energy (Cell Structure Relaxation): -15.4309146042 Size:  5
Vacancy Formation Energy (Cell Structure Relaxation): -15.4309175442 Size:  5
Vacancy Formation Energy (Cell Structure Relaxation): -15.4309183456 Size:  5
Vacancy Formation Energy (Cell Structure Relaxation): -15.4309139964 Size:  5
Vacancy Formation Energy (Cell Structure Relaxation): -15.4309161475 Size:  5
Vacancy Formation Energy (Cell Structure Relaxation): -15.4309147799 Size:  5
Vacancy Formation Energy (Cell Structure Relaxation): -15.4309184286 Size:  5
Vacancy Formation Energy (Cell Structure Relaxation): -15.4309189856 Size:  5
Vacancy Formation Energy (Cell Structure Relaxation): -15.4309160029 Size:  5
Vacancy Formation Energy (Cell Structure Relaxation): -15.4309203127 Size:  5
Vacancy Formation Energy (Cell Structure Relaxation): -15.4309215958 Size:  5
Vacancy Formation Energy (Cell Structure Relaxation): -15.4309217617 Size:  5
Vacancy Formation Energy (Cell Structure Relaxation): -15.4309235143 Size:  5
Vacancy Formation Energy (Cell Structure Relaxation): -15.4309190604 Size:  5
Vacancy Formation Energy (Cell Structure Relaxation): -15.4309256619 Size:  5
Vacancy Formation Energy (Cell Structure Relaxation): -15.4309296766 Size:  5
Vacancy Formation Energy (Cell Structure Relaxation): -15.4309267749 Size:  5
Vacancy Formation Energy (Cell Structure Relaxation): -15.4309254292 Size:  5
Vacancy Formation Energy (Cell Structure Relaxation): -15.4309248772 Size:  5
Vacancy Formation Energy (Cell Structure Relaxation): -15.4309315809 Size:  5
Vacancy Formation Energy (Cell Structure Relaxation): -15.4309340078 Size:  5
Vacancy Formation Energy (Cell Structure Relaxation): -15.4309333902 Size:  5
Vacancy Formation Energy (Cell Structure Relaxation): -15.4309370103 Size:  5
Vacancy Formation Energy (Cell Structure Relaxation): -15.4309457035 Size:  5
Vacancy Formation Energy (Cell Structure Relaxation): -15.4309373949 Size:  5
Vacancy Formation Energy (Cell Structure Relaxation): -15.43094631 Size:  5
Vacancy Formation Energy (Cell Structure Relaxation): -15.4309560516 Size:  5
Vacancy Formation Energy (Cell Structure Relaxation): -15.4309523985 Size:  5
Vacancy Formation Energy (Cell Structure Relaxation): -15.4309555595 Size:  5
Vacancy Formation Energy (Cell Structure Relaxation): -15.4309584227 Size:  5
Vacancy Formation Energy (Cell Structure Relaxation): -15.4309656277 Size:  5
Vacancy Formation Energy (Cell Structure Relaxation): -15.4309717576 Size:  5
Vacancy Formation Energy (Cell Structure Relaxation): -15.4309805605 Size:  5
Vacancy Formation Energy (Cell Structure Relaxation): -15.4309852739 Size:  5
Vacancy Formation Energy (Cell Structure Relaxation): -15.4310011662 Size:  5
Vacancy Formation Energy (Cell Structure Relaxation): -15.4310020404 Size:  5
Vacancy Formation Energy (Cell Structure Relaxation): -15.4310252974 Size:  5
Vacancy Formation Energy (Cell Structure Relaxation): -15.4310147718 Size:  5
Vacancy Formation Energy (Cell Structure Relaxation): -15.4310378463 Size:  5
Vacancy Formation Energy (Cell Structure Relaxation): -15.4310761134 Size:  5
Vacancy Formation Energy (Cell Structure Relaxation): -15.4310613936 Size:  5
Vacancy Formation Energy (Cell Structure Relaxation): -15.4310733791 Size:  5
Vacancy Formation Energy (Cell Structure Relaxation): -15.4311046263 Size:  5
Vacancy Formation Energy (Cell Structure Relaxation): -15.4311476326 Size:  5
Vacancy Formation Energy (Cell Structure Relaxation): -15.4311224395 Size:  5
Vacancy Formation Energy (Cell Structure Relaxation): -15.4311717654 Size:  5
Vacancy Formation Energy (Cell Structure Relaxation): -15.4312496923 Size:  5
Vacancy Formation Energy (Cell Structure Relaxation): -15.4312313185 Size:  5
Vacancy Formation Energy (Cell Structure Relaxation): -15.4312506269 Size:  5
Vacancy Formation Energy (Cell Structure Relaxation): -15.4313326398 Size:  5
Vacancy Formation Energy (Cell Structure Relaxation): -15.4312891783 Size:  5
Vacancy Formation Energy (Cell Structure Relaxation): -15.4313791884 Size:  5
Vacancy Formation Energy (Cell Structure Relaxation): -15.4314968092 Size:  5
Vacancy Formation Energy (Cell Structure Relaxation): -15.4314754403 Size:  5
Vacancy Formation Energy (Cell Structure Relaxation): -15.4315562252 Size:  5
Vacancy Formation Energy (Cell Structure Relaxation): -15.4317361554 Size:  5
Vacancy Formation Energy (Cell Structure Relaxation): -15.4316278852 Size:  5
Vacancy Formation Energy (Cell Structure Relaxation): -15.4317504047 Size:  5
Vacancy Formation Energy (Cell Structure Relaxation): -15.4319727594 Size:  5
Vacancy Formation Energy (Cell Structure Relaxation): -15.4319630099 Size:  5
Vacancy Formation Energy (Cell Structure Relaxation): -15.43203973 Size:  5
Vacancy Formation Energy (Cell Structure Relaxation): -15.4322760528 Size:  5
Vacancy Formation Energy (Cell Structure Relaxation): -15.4321850566 Size:  5
Vacancy Formation Energy (Cell Structure Relaxation): -15.4324481245 Size:  5
Vacancy Formation Energy (Cell Structure Relaxation): -15.4328571717 Size:  5
Vacancy Formation Energy (Cell Structure Relaxation): -15.4327475696 Size:  5
Vacancy Formation Energy (Cell Structure Relaxation): -15.4328268012 Size:  5
Vacancy Formation Energy (Cell Structure Relaxation): -15.4328789861 Size:  5
Vacancy Formation Energy (Cell Structure Relaxation): -15.433060501 Size:  5
Vacancy Formation Energy (Cell Structure Relaxation): -15.4333286224 Size:  5
Vacancy Formation Energy (Cell Structure Relaxation): -15.4337514507 Size:  5
Vacancy Formation Energy (Cell Structure Relaxation): -15.4337340347 Size:  5
Vacancy Formation Energy (Cell Structure Relaxation): -15.4339274046 Size:  5
Vacancy Formation Energy (Cell Structure Relaxation): -15.4342527116 Size:  5
Vacancy Formation Energy (Cell Structure Relaxation): -15.4338649349 Size:  5
Vacancy Formation Energy (Cell Structure Relaxation): -15.4342019986 Size:  5
Vacancy Formation Energy (Cell Structure Relaxation): -15.4335830092 Size:  5
Vacancy Formation Energy (Cell Structure Relaxation): -15.4347347434 Size:  5
Vacancy Formation Energy (Cell Structure Relaxation): -15.4350576406 Size:  5
Vacancy Formation Energy (Cell Structure Relaxation): -15.4342266221 Size:  5
Vacancy Formation Energy (Cell Structure Relaxation): -15.4345052187 Size:  5
Vacancy Formation Energy (Cell Structure Relaxation): -15.4345884567 Size:  5
Vacancy Formation Energy (Cell Structure Relaxation): -15.4350578393 Size:  5
Vacancy Formation Energy (Cell Structure Relaxation): -15.4349391635 Size:  5
Vacancy Formation Energy (Cell Structure Relaxation): -15.4352463538 Size:  5
Vacancy Formation Energy (Cell Structure Relaxation): -15.4353518624 Size:  5
Vacancy Formation Energy (Cell Structure Relaxation): -15.4332562205 Size:  5
Vacancy Formation Energy (Cell Structure Relaxation): -15.4348982467 Size:  5
Vacancy Formation Energy (Cell Structure Relaxation): -15.4353160595 Size:  5
Vacancy Formation Energy (Cell Structure Relaxation): -15.4358000651 Size:  5
Vacancy Formation Energy (Cell Structure Relaxation): -15.4362210536 Size:  5
Vacancy Formation Energy (Cell Structure Relaxation): -15.4363610356 Size:  5
Vacancy Formation Energy (Cell Structure Relaxation): -15.4370561474 Size:  5
Vacancy Formation Energy (Cell Structure Relaxation): -15.4353473454 Size:  5
Vacancy Formation Energy (Cell Structure Relaxation): -15.435341831 Size:  5
Vacancy Formation Energy (Cell Structure Relaxation): -15.4361321649 Size:  5
Vacancy Formation Energy (Cell Structure Relaxation): -15.4364074756 Size:  5
Vacancy Formation Energy (Cell Structure Relaxation): -15.4367096711 Size:  5
Vacancy Formation Energy (Cell Structure Relaxation): -15.4370751467 Size:  5
Vacancy Formation Energy (Cell Structure Relaxation): -15.4369739777 Size:  5
Vacancy Formation Energy (Cell Structure Relaxation): -15.4380769479 Size:  5
Vacancy Formation Energy (Cell Structure Relaxation): -15.4390691151 Size:  5
Vacancy Formation Energy (Cell Structure Relaxation): -15.4378043065 Size:  5
Vacancy Formation Energy (Cell Structure Relaxation): -15.4387204229 Size:  5
Vacancy Formation Energy (Cell Structure Relaxation): -15.4385602 Size:  5
Vacancy Formation Energy (Cell Structure Relaxation): -15.4390567156 Size:  5
Vacancy Formation Energy (Cell Structure Relaxation): -15.4401073133 Size:  5
Vacancy Formation Energy (Cell Structure Relaxation): -15.4413621355 Size:  5
Vacancy Formation Energy (Cell Structure Relaxation): -15.4411978985 Size:  5
Vacancy Formation Energy (Cell Structure Relaxation): -15.4412763904 Size:  5
Vacancy Formation Energy (Cell Structure Relaxation): -15.439836875 Size:  5
Vacancy Formation Energy (Cell Structure Relaxation): -15.4420717304 Size:  5
Vacancy Formation Energy (Cell Structure Relaxation): -15.4430596949 Size:  5
Vacancy Formation Energy (Cell Structure Relaxation): -15.4424411774 Size:  5
Vacancy Formation Energy (Cell Structure Relaxation): -15.4435110462 Size:  5
Vacancy Formation Energy (Cell Structure Relaxation): -15.4439289662 Size:  5
Vacancy Formation Energy (Cell Structure Relaxation): -15.4451226569 Size:  5
Vacancy Formation Energy (Cell Structure Relaxation): -15.4466422396 Size:  5
Vacancy Formation Energy (Cell Structure Relaxation): -15.4452607778 Size:  5
Vacancy Formation Energy (Cell Structure Relaxation): -15.4466283335 Size:  5
Vacancy Formation Energy (Cell Structure Relaxation): -15.4464950402 Size:  5
Vacancy Formation Energy (Cell Structure Relaxation): -15.4460909293 Size:  5
Vacancy Formation Energy (Cell Structure Relaxation): -15.4480200671 Size:  5
Vacancy Formation Energy (Cell Structure Relaxation): -15.4473870286 Size:  5
Vacancy Formation Energy (Cell Structure Relaxation): -15.4504717972 Size:  5
Vacancy Formation Energy (Cell Structure Relaxation): -15.4532349827 Size:  5
Vacancy Formation Energy (Cell Structure Relaxation): -15.4501099154 Size:  5
Vacancy Formation Energy (Cell Structure Relaxation): -15.4511802248 Size:  5
Vacancy Formation Energy (Cell Structure Relaxation): -15.4499383537 Size:  5
Vacancy Formation Energy (Cell Structure Relaxation): -15.4514365285 Size:  5
Vacancy Formation Energy (Cell Structure Relaxation): -15.4536728862 Size:  5
Vacancy Formation Energy (Cell Structure Relaxation): -15.4533731668 Size:  5
Vacancy Formation Energy (Cell Structure Relaxation): -15.4543645708 Size:  5
Vacancy Formation Energy (Cell Structure Relaxation): -15.4540253936 Size:  5
Vacancy Formation Energy (Cell Structure Relaxation): -15.4544901028 Size:  5
Vacancy Formation Energy (Cell Structure Relaxation): -15.4539536661 Size:  5
Vacancy Formation Energy (Cell Structure Relaxation): -15.4567110971 Size:  5
Vacancy Formation Energy (Cell Structure Relaxation): -15.4584440972 Size:  5
Vacancy Formation Energy (Cell Structure Relaxation): -15.4567095953 Size:  5
Vacancy Formation Energy (Cell Structure Relaxation): -15.4599084224 Size:  5
Vacancy Formation Energy (Cell Structure Relaxation): -15.4624332176 Size:  5
Vacancy Formation Energy (Cell Structure Relaxation): -15.4610477488 Size:  5
Vacancy Formation Energy (Cell Structure Relaxation): -15.4614910269 Size:  5
Vacancy Formation Energy (Cell Structure Relaxation): -15.4637360253 Size:  5
Vacancy Formation Energy (Cell Structure Relaxation): -15.4645108151 Size:  5
Vacancy Formation Energy (Cell Structure Relaxation): -15.46857927 Size:  5
Vacancy Formation Energy (Cell Structure Relaxation): -15.472476175 Size:  5
Vacancy Formation Energy (Cell Structure Relaxation): -15.4683586198 Size:  5
Vacancy Formation Energy (Cell Structure Relaxation): -15.4722590754 Size:  5
Vacancy Formation Energy (Cell Structure Relaxation): -15.4725131617 Size:  5
Vacancy Formation Energy (Cell Structure Relaxation): -15.4715475095 Size:  5
Vacancy Formation Energy (Cell Structure Relaxation): -15.4728761817 Size:  5
Vacancy Formation Energy (Cell Structure Relaxation): -15.4678170148 Size:  5
Vacancy Formation Energy (Cell Structure Relaxation): -15.4757037041 Size:  5
Vacancy Formation Energy (Cell Structure Relaxation): -15.4724475548 Size:  5
Vacancy Formation Energy (Cell Structure Relaxation): -15.4785437955 Size:  5
Vacancy Formation Energy (Cell Structure Relaxation): -15.4771134681 Size:  5
Vacancy Formation Energy (Cell Structure Relaxation): -15.4815124945 Size:  5
Vacancy Formation Energy (Cell Structure Relaxation): -15.484007216 Size:  5
Vacancy Formation Energy (Cell Structure Relaxation): -15.4809849125 Size:  5
Vacancy Formation Energy (Cell Structure Relaxation): -15.4740814106 Size:  5
Vacancy Formation Energy (Cell Structure Relaxation): -15.4823451836 Size:  5
Vacancy Formation Energy (Cell Structure Relaxation): -15.4805606126 Size:  5
Vacancy Formation Energy (Cell Structure Relaxation): -15.4767096813 Size:  5
Vacancy Formation Energy (Cell Structure Relaxation): -15.4859288031 Size:  5
Vacancy Formation Energy (Cell Structure Relaxation): -15.4840888756 Size:  5
Vacancy Formation Energy (Cell Structure Relaxation): -15.4802947192 Size:  5
Vacancy Formation Energy (Cell Structure Relaxation): -15.4838580028 Size:  5
Vacancy Formation Energy (Cell Structure Relaxation): -15.4812466132 Size:  5
Vacancy Formation Energy (Cell Structure Relaxation): -15.4871024334 Size:  5
Vacancy Formation Energy (Cell Structure Relaxation): -15.4828767819 Size:  5
Vacancy Formation Energy (Cell Structure Relaxation): -15.4820796194 Size:  5
Vacancy Formation Energy (Cell Structure Relaxation): -15.482389798 Size:  5
Vacancy Formation Energy (Cell Structure Relaxation): -15.4831498815 Size:  5
Vacancy Formation Energy (Cell Structure Relaxation): -15.4899792862 Size:  5
Vacancy Formation Energy (Cell Structure Relaxation): -15.4905213208 Size:  5
Vacancy Formation Energy (Cell Structure Relaxation): -15.4848135677 Size:  5
Vacancy Formation Energy (Cell Structure Relaxation): -15.4827760905 Size:  5
Vacancy Formation Energy (Cell Structure Relaxation): -15.4876104945 Size:  5
Vacancy Formation Energy (Cell Structure Relaxation): -15.4826572307 Size:  5
Vacancy Formation Energy (Cell Structure Relaxation): -15.4879204048 Size:  5
Vacancy Formation Energy (Cell Structure Relaxation): -15.4898282164 Size:  5
Vacancy Formation Energy (Cell Structure Relaxation): -15.4878057273 Size:  5
Vacancy Formation Energy (Cell Structure Relaxation): -15.4850690425 Size:  5
Vacancy Formation Energy (Cell Structure Relaxation): -15.4897075515 Size:  5
Vacancy Formation Energy (Cell Structure Relaxation): -15.4905732419 Size:  5
Vacancy Formation Energy (Cell Structure Relaxation): -15.4878059466 Size:  5
Vacancy Formation Energy (Cell Structure Relaxation): -15.4899948468 Size:  5
Vacancy Formation Energy (Cell Structure Relaxation): -15.4877897286 Size:  5
Vacancy Formation Energy (Cell Structure Relaxation): -15.4901814987 Size:  5
Vacancy Formation Energy (Cell Structure Relaxation): -15.4918051097 Size:  5
Vacancy Formation Energy (Cell Structure Relaxation): -15.4896006855 Size:  5
Vacancy Formation Energy (Cell Structure Relaxation): -15.4911833808 Size:  5
Vacancy Formation Energy (Cell Structure Relaxation): -15.4886233086 Size:  5
Vacancy Formation Energy (Cell Structure Relaxation): -15.4913741001 Size:  5
Vacancy Formation Energy (Cell Structure Relaxation): -15.4914210852 Size:  5
Vacancy Formation Energy (Cell Structure Relaxation): -15.491578173 Size:  5
Vacancy Formation Energy (Cell Structure Relaxation): -15.4891696618 Size:  5
Vacancy Formation Energy (Cell Structure Relaxation): -15.4918552954 Size:  5
Vacancy Formation Energy (Cell Structure Relaxation): -15.4907801096 Size:  5
Vacancy Formation Energy (Cell Structure Relaxation): -15.4918337577 Size:  5
Vacancy Formation Energy (Cell Structure Relaxation): -15.4906554083 Size:  5
Vacancy Formation Energy (Cell Structure Relaxation): -15.4919675658 Size:  5
Vacancy Formation Energy (Cell Structure Relaxation): -15.4911979398 Size:  5
Vacancy Formation Energy (Cell Structure Relaxation): -15.4919733105 Size:  5
Vacancy Formation Energy (Cell Structure Relaxation): -15.4901434388 Size:  5
Vacancy Formation Energy (Cell Structure Relaxation): -15.4920830361 Size:  5
Vacancy Formation Energy (Cell Structure Relaxation): -15.4913763092 Size:  5
Vacancy Formation Energy (Cell Structure Relaxation): -15.492013876 Size:  5
Vacancy Formation Energy (Cell Structure Relaxation): -15.4918534684 Size:  5
Vacancy Formation Energy (Cell Structure Relaxation): -15.491805149 Size:  5
Vacancy Formation Energy (Cell Structure Relaxation): -15.4920727022 Size:  5
Vacancy Formation Energy (Cell Structure Relaxation): -15.4918570826 Size:  5
Vacancy Formation Energy (Cell Structure Relaxation): -15.4916692663 Size:  5
Vacancy Formation Energy (Cell Structure Relaxation): -15.4920934168 Size:  5
Vacancy Formation Energy (Cell Structure Relaxation): -15.4919604519 Size:  5
Vacancy Formation Energy (Cell Structure Relaxation): -15.4921191146 Size:  5
Vacancy Formation Energy (Cell Structure Relaxation): -15.4918475867 Size:  5
Vacancy Formation Energy (Cell Structure Relaxation): -15.4921217146 Size:  5
Vacancy Formation Energy (Cell Structure Relaxation): -15.4919548911 Size:  5
Vacancy Formation Energy (Cell Structure Relaxation): -15.4921169259 Size:  5
Vacancy Formation Energy (Cell Structure Relaxation): -15.4918259969 Size:  5
Vacancy Formation Energy (Cell Structure Relaxation): -15.4921352433 Size:  5
Vacancy Formation Energy (Cell Structure Relaxation): -15.4921085984 Size:  5
Vacancy Formation Energy (Cell Structure Relaxation): -15.4919736072 Size:  5
Vacancy Formation Energy (Cell Structure Relaxation): -15.4921552203 Size:  5
Vacancy Formation Energy (Cell Structure Relaxation): -15.4921545574 Size:  5
Vacancy Formation Energy (Cell Structure Relaxation): -15.4921003511 Size:  5
Vacancy Formation Energy (Cell Structure Relaxation): -15.4921586503 Size:  5
Vacancy Formation Energy (Cell Structure Relaxation): -15.4921590958 Size:  5
Vacancy Formation Energy (Cell Structure Relaxation): -15.4920716882 Size:  5
Vacancy Formation Energy (Cell Structure Relaxation): -15.4921329717 Size:  5
Vacancy Formation Energy (Cell Structure Relaxation): -15.4920885003 Size:  5
Vacancy Formation Energy (Cell Structure Relaxation): -15.4921681561 Size:  5
Vacancy Formation Energy (Cell Structure Relaxation): -15.4921261166 Size:  5
Vacancy Formation Energy (Cell Structure Relaxation): -15.4921642724 Size:  5
Vacancy Formation Energy (Cell Structure Relaxation): -15.4921076883 Size:  5
Vacancy Formation Energy (Cell Structure Relaxation): -15.4921700592 Size:  5
Vacancy Formation Energy (Cell Structure Relaxation): -15.492153772 Size:  5
Vacancy Formation Energy (Cell Structure Relaxation): -15.492171728 Size:  5
Vacancy Formation Energy (Cell Structure Relaxation): -15.4921465118 Size:  5
Vacancy Formation Energy (Cell Structure Relaxation): -15.4921721414 Size:  5
Vacancy Formation Energy (Cell Structure Relaxation): -15.4921611579 Size:  5
Vacancy Formation Energy (Cell Structure Relaxation): -15.4921311731 Size:  5
Vacancy Formation Energy (Cell Structure Relaxation): -15.4921796689 Size:  5
Vacancy Formation Energy (Cell Structure Relaxation): -15.4921561924 Size:  5
Vacancy Formation Energy (Cell Structure Relaxation): -15.4921764991 Size:  5
Vacancy Formation Energy (Cell Structure Relaxation): -15.4921734997 Size:  5
Vacancy Formation Energy (Cell Structure Relaxation): -15.4921644882 Size:  5
Vacancy Formation Energy (Cell Structure Relaxation): -15.4921774401 Size:  5
Vacancy Formation Energy (Cell Structure Relaxation): -15.4921715618 Size:  5
Vacancy Formation Energy (Cell Structure Relaxation): -15.4921798537 Size:  5
Vacancy Formation Energy (Cell Structure Relaxation): -15.4921645136 Size:  5
Vacancy Formation Energy (Cell Structure Relaxation): -15.4921797441 Size:  5
Vacancy Formation Energy (Cell Structure Relaxation): -15.4921704925 Size:  5
Vacancy Formation Energy (Cell Structure Relaxation): -15.4921775574 Size:  5
Vacancy Formation Energy (Cell Structure Relaxation): -15.4921720978 Size:  5
Vacancy Formation Energy (Cell Structure Relaxation): -15.4921803336 Size:  5
Vacancy Formation Energy (Cell Structure Relaxation): -15.4921702691 Size:  5
Vacancy Formation Energy (Cell Structure Relaxation): -15.4921795658 Size:  5
Vacancy Formation Energy (Cell Structure Relaxation): -15.492175671 Size:  5
Vacancy Formation Energy (Cell Structure Relaxation): -15.4921792318 Size:  5
Vacancy Formation Energy (Cell Structure Relaxation): -15.4921776357 Size:  5
Vacancy Formation Energy (Cell Structure Relaxation): -15.4921827228 Size:  5
Vacancy Formation Energy (Cell Structure Relaxation): -15.4921805499 Size:  5
Vacancy Formation Energy (Cell Structure Relaxation): -15.4921774392 Size:  5
Vacancy Formation Energy (Cell Structure Relaxation): -15.4921793849 Size:  5
Vacancy Formation Energy (Cell Structure Relaxation): -15.4921820211 Size:  5
Vacancy Formation Energy (Cell Structure Relaxation): -15.4921820285 Size:  5
Vacancy Formation Energy (Cell Structure Relaxation): -15.4921818455 Size:  5
Vacancy Formation Energy (Cell Structure Relaxation): -15.4921800528 Size:  5
Vacancy Formation Energy (Cell Structure Relaxation): -15.4921814698 Size:  5
Vacancy Formation Energy (Cell Structure Relaxation): -15.4921793261 Size:  5
Vacancy Formation Energy (Cell Structure Relaxation): -15.4921810745 Size:  5
Vacancy Formation Energy (Cell Structure Relaxation): -15.4921782527 Size:  5
Vacancy Formation Energy (Cell Structure Relaxation): -15.4921832929 Size:  5
Vacancy Formation Energy (Cell Structure Relaxation): -15.4921789532 Size:  5
Vacancy Formation Energy (Cell Structure Relaxation): -15.4921818525 Size:  5
Vacancy Formation Energy (Cell Structure Relaxation): -15.4921789445 Size:  5
Vacancy Formation Energy (Cell Structure Relaxation): -15.4921820322 Size:  5
Vacancy Formation Energy (Cell Structure Relaxation): -15.4921787208 Size:  5
Vacancy Formation Energy (Cell Structure Relaxation): -15.4921822105 Size:  5
Vacancy Formation Energy (Cell Structure Relaxation): -15.4921829592 Size:  5
Vacancy Formation Energy (Cell Structure Relaxation): -15.492178855 Size:  5
Vacancy Formation Energy (Cell Structure Relaxation): -15.4921824015 Size:  5
Vacancy Formation Energy (Cell Structure Relaxation): -15.4921785727 Size:  5
Vacancy Formation Energy (Cell Structure Relaxation): -15.4921824513 Size:  5
Vacancy Formation Energy (Cell Structure Relaxation): -15.4921833229 Size:  5
Vacancy Formation Energy (Cell Structure Relaxation): -15.492179753 Size:  5
Vacancy Formation Energy (Cell Structure Relaxation): -15.492179378 Size:  5
Vacancy Formation Energy (Cell Structure Relaxation): -15.4921826054 Size:  5
Vacancy Formation Energy (Cell Structure Relaxation): -15.4921833149 Size:  5
Vacancy Formation Energy (Cell Structure Relaxation): -15.4921835421 Size:  5
Vacancy Formation Energy (Cell Structure Relaxation): -15.4921797994 Size:  5
Vacancy Formation Energy (Cell Structure Relaxation): -15.4921836985 Size:  5
Vacancy Formation Energy (Cell Structure Relaxation): -15.4921759672 Size:  5
Vacancy Formation Energy (Cell Structure Relaxation): -15.4921838878 Size:  5
Vacancy Formation Energy (Cell Structure Relaxation): -15.4921801529 Size:  5
Vacancy Formation Energy (Cell Structure Relaxation): -15.4921799061 Size:  5
Vacancy Formation Energy (Cell Structure Relaxation): -15.4921832973 Size:  5
Vacancy Formation Energy (Cell Structure Relaxation): -15.4921795942 Size:  5
Vacancy Formation Energy (Cell Structure Relaxation): -15.4921834531 Size:  5
Vacancy Formation Energy (Cell Structure Relaxation): -15.4921798077 Size:  5
Vacancy Formation Energy (Cell Structure Relaxation): -15.4921834471 Size:  5
Vacancy Formation Energy (Cell Structure Relaxation): -15.4921837655 Size:  5
Vacancy Formation Energy (Cell Structure Relaxation): -15.4921799243 Size:  5
Vacancy Formation Energy (Cell Structure Relaxation): -15.4921835096 Size:  5
Vacancy Formation Energy (Cell Structure Relaxation): -15.4921838706 Size:  5
Vacancy Formation Energy (Cell Structure Relaxation): -15.4921799885 Size:  5
Vacancy Formation Energy (Cell Structure Relaxation): -15.4921836082 Size:  5
Vacancy Formation Energy (Cell Structure Relaxation): -15.4921799702 Size:  5
Vacancy Formation Energy (Cell Structure Relaxation): -15.4921836419 Size:  5
Vacancy Formation Energy (Cell Structure Relaxation): -15.49218392 Size:  5
Vacancy Formation Energy (Cell Structure Relaxation): -15.4921839859 Size:  5
Vacancy Formation Energy (Cell Structure Relaxation): -15.4921840635 Size:  5
Vacancy Formation Energy (Cell Structure Relaxation): -15.4921762578 Size:  5
Vacancy Formation Energy (Cell Structure Relaxation): -15.4921841514 Size:  5
Vacancy Formation Energy (Cell Structure Relaxation): -15.4921763481 Size:  5
Vacancy Formation Energy (Cell Structure Relaxation): -15.4921840195 Size:  5
Vacancy Formation Energy (Cell Structure Relaxation): -15.4921801208 Size:  5
Vacancy Formation Energy (Cell Structure Relaxation): -15.4921839231 Size:  5
Vacancy Formation Energy (Cell Structure Relaxation): -15.4921840732 Size:  5
Vacancy Formation Energy (Cell Structure Relaxation): -15.4921802181 Size:  5
Vacancy Formation Energy (Cell Structure Relaxation): -15.4921839866 Size:  5
Vacancy Formation Energy (Cell Structure Relaxation): -15.4921801238 Size:  5
Vacancy Formation Energy (Cell Structure Relaxation): -15.4921840137 Size:  5
Vacancy Formation Energy (Cell Structure Relaxation): -15.4921841188 Size:  5
Vacancy Formation Energy (Cell Structure Relaxation): -15.4921842006 Size:  5
Vacancy Formation Energy (Cell Structure Relaxation): -15.4921802949 Size:  5
Vacancy Formation Energy (Cell Structure Relaxation): -15.4921842292 Size:  5
Vacancy Formation Energy (Cell Structure Relaxation): -15.4921803122 Size:  5
Vacancy Formation Energy (Cell Structure Relaxation): -15.4921801813 Size:  5
Vacancy Formation Energy (Cell Structure Relaxation): -15.4921841069 Size:  5
Vacancy Formation Energy (Cell Structure Relaxation): -15.4921841745 Size:  5
Vacancy Formation Energy (Cell Structure Relaxation): -15.4921802024 Size:  5
Vacancy Formation Energy (Cell Structure Relaxation): -15.492184139 Size:  5
Vacancy Formation Energy (Cell Structure Relaxation): -15.4921802666 Size:  5
Vacancy Formation Energy (Cell Structure Relaxation): -15.4921841482 Size:  5
Vacancy Formation Energy (Cell Structure Relaxation): -15.4921841834 Size:  5
Vacancy Formation Energy (Cell Structure Relaxation): -15.4921842482 Size:  5
Vacancy Formation Energy (Cell Structure Relaxation): -15.4921803041 Size:  5
Vacancy Formation Energy (Cell Structure Relaxation): -15.4921842716 Size:  5
Vacancy Formation Energy (Cell Structure Relaxation): -15.4921803337 Size:  5
Vacancy Formation Energy (Cell Structure Relaxation): -15.4921841905 Size:  5
Vacancy Formation Energy (Cell Structure Relaxation): -15.4921802878 Size:  5
Vacancy Formation Energy (Cell Structure Relaxation): -15.4921842085 Size:  5
Vacancy Formation Energy (Cell Structure Relaxation): -15.4921802649 Size:  5
Vacancy Formation Energy (Cell Structure Relaxation): -15.4921842159 Size:  5
Vacancy Formation Energy (Cell Structure Relaxation): -15.4921841532 Size:  5
Vacancy Formation Energy (Cell Structure Relaxation): -15.4921842278 Size:  5
Vacancy Formation Energy (Cell Structure Relaxation): -15.4921842434 Size:  5
Vacancy Formation Energy (Cell Structure Relaxation): -15.4921842782 Size:  5
Vacancy Formation Energy (Cell Structure Relaxation): -15.4921763305 Size:  5
Vacancy Formation Energy (Cell Structure Relaxation): -15.4921842914 Size:  5
Vacancy Formation Energy (Cell Structure Relaxation): -15.4921803351 Size:  5
Vacancy Formation Energy (Cell Structure Relaxation): -15.4921802914 Size:  5
Vacancy Formation Energy (Cell Structure Relaxation): -15.4921842499 Size:  5
Vacancy Formation Energy (Cell Structure Relaxation): -15.4921803127 Size:  5
Vacancy Formation Energy (Cell Structure Relaxation): -15.4921842504 Size:  5
Vacancy Formation Energy (Cell Structure Relaxation): -15.4921802633 Size:  5
Vacancy Formation Energy (Cell Structure Relaxation): -15.4921842607 Size:  5
Vacancy Formation Energy (Cell Structure Relaxation): -15.492180284 Size:  5
Vacancy Formation Energy (Cell Structure Relaxation): -15.4921842607 Size:  5
Vacancy Formation Energy (Cell Structure Relaxation): -15.4921842848 Size:  5
Vacancy Formation Energy (Cell Structure Relaxation): -15.4921803159 Size:  5
Vacancy Formation Energy (Cell Structure Relaxation): -15.4921842637 Size:  5
Vacancy Formation Energy (Cell Structure Relaxation): -15.4921802928 Size:  5
Vacancy Formation Energy (Cell Structure Relaxation): -15.4921842702 Size:  5
Vacancy Formation Energy (Cell Structure Relaxation): -15.4921803031 Size:  5
Vacancy Formation Energy (Cell Structure Relaxation): -15.4921842697 Size:  5
Vacancy Formation Energy (Cell Structure Relaxation): -15.4921842934 Size:  5
Vacancy Formation Energy (Cell Structure Relaxation): -15.492180322 Size:  5
Vacancy Formation Energy (Cell Structure Relaxation): -15.4921842947 Size:  5
Vacancy Formation Energy (Cell Structure Relaxation): -15.4921803168 Size:  5
Vacancy Formation Energy (Cell Structure Relaxation): -15.4921803141 Size:  5
Vacancy Formation Energy (Cell Structure Relaxation): -15.4921842789 Size:  5
Vacancy Formation Energy (Cell Structure Relaxation): -15.4921803139 Size:  5
Vacancy Formation Energy (Cell Structure Relaxation): -15.4921842799 Size:  5
Vacancy Formation Energy (Cell Structure Relaxation): -15.4921803105 Size:  5
Vacancy Formation Energy (Cell Structure Relaxation): -15.4921842833 Size:  5
Vacancy Formation Energy (Cell Structure Relaxation): -15.4921803121 Size:  5
Vacancy Formation Energy (Cell Structure Relaxation): -15.4921842839 Size:  5
Vacancy Formation Energy (Cell Structure Relaxation): -15.4921842983 Size:  5
Vacancy Formation Energy (Cell Structure Relaxation): -15.4921803182 Size:  5
Vacancy Formation Energy (Cell Structure Relaxation): -15.4921842995 Size:  5
Vacancy Formation Energy (Cell Structure Relaxation): -15.4921803209 Size:  5
Vacancy Formation Energy (Cell Structure Relaxation): -15.4921843043 Size:  5
Vacancy Formation Energy (Cell Structure Relaxation): -15.4921763394 Size:  5
Vacancy Formation Energy (Cell Structure Relaxation): -15.4921803215 Size:  5
Vacancy Formation Energy (Cell Structure Relaxation): -15.4921842916 Size:  5
Vacancy Formation Energy (Cell Structure Relaxation): -15.4921803105 Size:  5
Vacancy Formation Energy (Cell Structure Relaxation): -15.4921842948 Size:  5
Vacancy Formation Energy (Cell Structure Relaxation): -15.4921843035 Size:  5
Vacancy Formation Energy (Cell Structure Relaxation): -15.4921803164 Size:  5
Vacancy Formation Energy (Cell Structure Relaxation): -15.4921842965 Size:  5
Vacancy Formation Energy (Cell Structure Relaxation): -15.4921843018 Size:  5
Vacancy Formation Energy (Cell Structure Relaxation): -15.4921843069 Size:  5
Vacancy Formation Energy (Cell Structure Relaxation): -15.4921763386 Size:  5
Vacancy Formation Energy (Cell Structure Relaxation): -15.4921803193 Size:  5
Vacancy Formation Energy (Cell Structure Relaxation): -15.4921842997 Size:  5
Vacancy Formation Energy (Cell Structure Relaxation): -15.4921803218 Size:  5
Vacancy Formation Energy (Cell Structure Relaxation): -15.4921843006 Size:  5
Vacancy Formation Energy (Cell Structure Relaxation): -15.4921843067 Size:  5
Vacancy Formation Energy (Cell Structure Relaxation): -15.4921843085 Size:  5
Vacancy Formation Energy (Cell Structure Relaxation): -15.4921803239 Size:  5
Vacancy Formation Energy (Cell Structure Relaxation): -15.4921803249 Size:  5
Vacancy Formation Energy (Cell Structure Relaxation): -15.4921843031 Size:  5
Vacancy Formation Energy (Cell Structure Relaxation): -15.4921803187 Size:  5
Vacancy Formation Energy (Cell Structure Relaxation): -15.492184304 Size:  5
Vacancy Formation Energy (Cell Structure Relaxation): -15.4921803231 Size:  5
Vacancy Formation Energy (Cell Structure Relaxation): -15.4921843045 Size:  5
Vacancy Formation Energy (Cell Structure Relaxation): -15.4921803184 Size:  5
Vacancy Formation Energy (Cell Structure Relaxation): -15.4921843049 Size:  5
Vacancy Formation Energy (Cell Structure Relaxation): -15.492180319 Size:  5
Vacancy Formation Energy (Cell Structure Relaxation): -15.4921843051 Size:  5
Vacancy Formation Energy (Cell Structure Relaxation): -15.4921843077 Size:  5
Vacancy Formation Energy (Cell Structure Relaxation): -15.4921843089 Size:  5
Vacancy Formation Energy (Cell Structure Relaxation): -15.4921803256 Size:  5
Optimization terminated successfully.
         Current function value: -15.492184
         Iterations: 412
         Function evaluations: 672
Summary:
Vacancy Formation Energy: -15.4921843089
Unrelaxed Cell Volume: 2505.70395686
Relaxed Cell Volume: 2156.62850998
Relaxation Volume: 349.075446878
Relaxed Cell Vector:
[ 11.9037194   -0.04891738  12.75934255  -0.15982978   0.23685041
  14.19921595]
Unrelaxed Cell Vector:
[13.5824021901, 0.0, 13.5824021901, 0.0, 0.0, 13.5824021901]
Relaxed Cell:
[[ 11.9037194    0.           0.        ]
 [ -0.04891738  12.75934255   0.        ]
 [ -0.15982978   0.23685041  14.19921595]]
Unrelaxed Cell:
[[ 13.58240219   0.           0.        ]
 [  0.          13.58240219   0.        ]
 [  0.           0.          13.58240219]]
Vacancy Formation Energy < 0
Crystal Collapsed.
