Imported bulk from ase.lattice
Element = Lattice = Model = Element: Cr
Lattice: hcp
Model: Pair_Morse_Shifted_GirifalcoWeizer_HighCutoff_Cr__MO_859700307573_001
Model Cutoff: 9.05351
NBC Name: NEIGH_RVEC_F
Relaxation With c/a Ratio Fixed
Simplex Searching start from: cutoff * 0.1
Simplex Searching Start From: [0.90535100000000002]
Optimization terminated successfully.
         Current function value: -7.834917
         Iterations: 39
         Function evaluations: 84
Tmp Lattice Constants: [ 2.55891899]
Tmp Energy: -7.8349171848
Simplex Searching start from: cutoff * 0.12
Simplex Searching Start From: [1.0864212]
Optimization terminated successfully.
         Current function value: -7.834917
         Iterations: 39
         Function evaluations: 83
Tmp Lattice Constants: [ 2.55891899]
Tmp Energy: -7.8349171848
Simplex Searching start from: cutoff * 0.14
Simplex Searching Start From: [1.2674913999999999]
Optimization terminated successfully.
         Current function value: -7.834917
         Iterations: 40
         Function evaluations: 86
Tmp Lattice Constants: [ 2.55891897]
Tmp Energy: -7.8349171848
Simplex Searching start from: cutoff * 0.16
Simplex Searching Start From: [1.4485615999999999]
Optimization terminated successfully.
         Current function value: -7.834917
         Iterations: 39
         Function evaluations: 83
Tmp Lattice Constants: [ 2.55891896]
Tmp Energy: -7.8349171848
Simplex Searching start from: cutoff * 0.18
Simplex Searching Start From: [1.6296317999999999]
Optimization terminated successfully.
         Current function value: -7.834917
         Iterations: 36
         Function evaluations: 78
Tmp Lattice Constants: [ 2.55891899]
Tmp Energy: -7.8349171848
Simplex Searching start from: cutoff * 0.2
Simplex Searching Start From: [1.810702]
Optimization terminated successfully.
         Current function value: -7.834917
         Iterations: 35
         Function evaluations: 73
Tmp Lattice Constants: [ 2.55891899]
Tmp Energy: -7.8349171848
Simplex Searching start from: cutoff * 0.22
Simplex Searching Start From: [1.9917721999999998]
Optimization terminated successfully.
         Current function value: -7.834917
         Iterations: 34
         Function evaluations: 71
Tmp Lattice Constants: [ 2.55891898]
Tmp Energy: -7.8349171848
Simplex Searching start from: cutoff * 0.24
Simplex Searching Start From: [2.1728424]
Optimization terminated successfully.
         Current function value: -7.834917
         Iterations: 35
         Function evaluations: 74
Tmp Lattice Constants: [ 2.55891899]
Tmp Energy: -7.8349171848
Simplex Searching start from: cutoff * 0.26
Simplex Searching Start From: [2.3539125999999997]
Optimization terminated successfully.
         Current function value: -7.834917
         Iterations: 34
         Function evaluations: 73
Tmp Lattice Constants: [ 2.55891901]
Tmp Energy: -7.8349171848
Simplex Searching start from: cutoff * 0.28
Simplex Searching Start From: [2.5349827999999999]
Optimization terminated successfully.
         Current function value: -7.834917
         Iterations: 33
         Function evaluations: 71
Tmp Lattice Constants: [ 2.55891897]
Tmp Energy: -7.8349171848
Simplex Searching start from: cutoff * 0.3
Simplex Searching Start From: [2.7160529999999996]
Optimization terminated successfully.
         Current function value: -7.834917
         Iterations: 33
         Function evaluations: 70
Tmp Lattice Constants: [ 2.55891899]
Tmp Energy: -7.8349171848
Simplex Searching start from: cutoff * 0.32
Simplex Searching Start From: [2.8971231999999998]
Optimization terminated successfully.
         Current function value: -7.834917
         Iterations: 35
         Function evaluations: 75
Tmp Lattice Constants: [ 2.55891897]
Tmp Energy: -7.8349171848
Simplex Searching start from: cutoff * 0.34
Simplex Searching Start From: [3.0781934]
Optimization terminated successfully.
         Current function value: -7.834917
         Iterations: 35
         Function evaluations: 74
Tmp Lattice Constants: [ 2.55891899]
Tmp Energy: -7.8349171848
Simplex Searching start from: cutoff * 0.36
Simplex Searching Start From: [3.2592635999999997]
Optimization terminated successfully.
         Current function value: -7.834917
         Iterations: 35
         Function evaluations: 74
Tmp Lattice Constants: [ 2.55891899]
Tmp Energy: -7.8349171848
Simplex Searching start from: cutoff * 0.38
Simplex Searching Start From: [3.4403337999999999]
Optimization terminated successfully.
         Current function value: -7.834917
         Iterations: 35
         Function evaluations: 76
Tmp Lattice Constants: [ 2.55891898]
Tmp Energy: -7.8349171848
Simplex Searching start from: cutoff * 0.4
Simplex Searching Start From: [3.6214040000000001]
Optimization terminated successfully.
         Current function value: -7.834917
         Iterations: 36
         Function evaluations: 76
Tmp Lattice Constants: [ 2.55891899]
Tmp Energy: -7.8349171848
Simplex Searching start from: cutoff * 0.42
Simplex Searching Start From: [3.8024741999999994]
Optimization terminated successfully.
         Current function value: -7.834917
         Iterations: 38
         Function evaluations: 80
Tmp Lattice Constants: [ 2.55891899]
Tmp Energy: -7.8349171848
Simplex Searching start from: cutoff * 0.44
Simplex Searching Start From: [3.9835443999999995]
Optimization terminated successfully.
         Current function value: -7.834917
         Iterations: 37
         Function evaluations: 78
Tmp Lattice Constants: [ 2.55891898]
Tmp Energy: -7.8349171848
Simplex Searching start from: cutoff * 0.46
Simplex Searching Start From: [4.1646146000000002]
Optimization terminated successfully.
         Current function value: -7.834917
         Iterations: 38
         Function evaluations: 81
Tmp Lattice Constants: [ 2.55891898]
Tmp Energy: -7.8349171848
Simplex Searching start from: cutoff * 0.48
Simplex Searching Start From: [4.3456847999999999]
Optimization terminated successfully.
         Current function value: -7.834917
         Iterations: 38
         Function evaluations: 82
Tmp Lattice Constants: [ 2.55891899]
Tmp Energy: -7.8349171848
Relaxation With c/a Ratio Relaxed
