Imported bulk from ase.lattice
element=lattice type=modelname=Element: Al
Lattice: hcp
Model: EAM_Dynamo_Mendelev_Kramer_Al__MO_106969701023_001
Model Cutoff: 6.5
Relaxation With c/a Ratio Fixed
Simplex Searching start from: cutoff * 0.1
Optimization terminated successfully.
         Current function value: -6.764235
         Iterations: 40
         Function evaluations: 88
Lattice Constants: [ 2.86317432]
Energy: -6.76423470368
Simplex Searching start from: cutoff * 0.12
Optimization terminated successfully.
         Current function value: -6.764235
         Iterations: 40
         Function evaluations: 87
Lattice Constants: [ 2.86317432]
Energy: -6.76423470368
Simplex Searching start from: cutoff * 0.14
Optimization terminated successfully.
         Current function value: -6.764235
         Iterations: 39
         Function evaluations: 82
Lattice Constants: [ 2.86317435]
Energy: -6.76423470368
Simplex Searching start from: cutoff * 0.16
Optimization terminated successfully.
         Current function value: -6.764235
         Iterations: 38
         Function evaluations: 82
Lattice Constants: [ 2.86317431]
Energy: -6.76423470368
Simplex Searching start from: cutoff * 0.18
Optimization terminated successfully.
         Current function value: -6.764235
         Iterations: 39
         Function evaluations: 84
Lattice Constants: [ 2.86317435]
Energy: -6.76423470368
Simplex Searching start from: cutoff * 0.2
Optimization terminated successfully.
         Current function value: -6.764235
         Iterations: 38
         Function evaluations: 85
Lattice Constants: [ 2.86317436]
Energy: -6.76423470368
Simplex Searching start from: cutoff * 0.22
Optimization terminated successfully.
         Current function value: -6.764235
         Iterations: 39
         Function evaluations: 83
Lattice Constants: [ 2.86317434]
Energy: -6.76423470368
Simplex Searching start from: cutoff * 0.24
Optimization terminated successfully.
         Current function value: -6.764235
         Iterations: 38
         Function evaluations: 82
Lattice Constants: [ 2.86317429]
Energy: -6.76423470368
Simplex Searching start from: cutoff * 0.26
Optimization terminated successfully.
         Current function value: -6.764235
         Iterations: 38
         Function evaluations: 81
Lattice Constants: [ 2.86317428]
Energy: -6.76423470368
Simplex Searching start from: cutoff * 0.28
Optimization terminated successfully.
         Current function value: -6.764235
         Iterations: 37
         Function evaluations: 78
Lattice Constants: [ 2.8631743]
Energy: -6.76423470368
Simplex Searching start from: cutoff * 0.3
Optimization terminated successfully.
         Current function value: -6.764235
         Iterations: 36
         Function evaluations: 75
Lattice Constants: [ 2.86317434]
Energy: -6.76423470368
Simplex Searching start from: cutoff * 0.32
Optimization terminated successfully.
         Current function value: -6.764235
         Iterations: 35
         Function evaluations: 75
Lattice Constants: [ 2.86317431]
Energy: -6.76423470368
Simplex Searching start from: cutoff * 0.34
Optimization terminated successfully.
         Current function value: -6.764235
         Iterations: 35
         Function evaluations: 76
Lattice Constants: [ 2.8631743]
Energy: -6.76423470368
Simplex Searching start from: cutoff * 0.36
Optimization terminated successfully.
         Current function value: -6.764235
         Iterations: 36
         Function evaluations: 78
Lattice Constants: [ 2.86317435]
Energy: -6.76423470368
Simplex Searching start from: cutoff * 0.38
Optimization terminated successfully.
         Current function value: -6.764235
         Iterations: 34
         Function evaluations: 72
Lattice Constants: [ 2.86317434]
Energy: -6.76423470368
Simplex Searching start from: cutoff * 0.4
Optimization terminated successfully.
         Current function value: -6.764235
         Iterations: 34
         Function evaluations: 75
Lattice Constants: [ 2.86317436]
Energy: -6.76423470368
Simplex Searching start from: cutoff * 0.42
Optimization terminated successfully.
         Current function value: -6.764235
         Iterations: 32
         Function evaluations: 72
Lattice Constants: [ 2.86317431]
Energy: -6.76423470368
Simplex Searching start from: cutoff * 0.44
Optimization terminated successfully.
         Current function value: -6.764235
         Iterations: 33
         Function evaluations: 72
Lattice Constants: [ 2.86317435]
Energy: -6.76423470368
Simplex Searching start from: cutoff * 0.46
Optimization terminated successfully.
         Current function value: -6.764235
         Iterations: 34
         Function evaluations: 74
Lattice Constants: [ 2.86317435]
Energy: -6.76423470368
Simplex Searching start from: cutoff * 0.48
Optimization terminated successfully.
         Current function value: -6.764235
         Iterations: 35
         Function evaluations: 76
Lattice Constants: [ 2.86317429]
Energy: -6.76423470368
[ 2.86317435]
Relaxation With c/a Ratio Relaxed
Simplex Searching start from c/a ratio: 1.633 * 0.8
Optimization terminated successfully.
         Current function value: -6.766285
         Iterations: 67
         Function evaluations: 149
Lattice Constants: [ 2.8450798   4.74620872]
Energy: -6.76628475344
Simplex Searching start from c/a ratio: 1.633 * 0.82
Optimization terminated successfully.
         Current function value: -6.766285
         Iterations: 70
         Function evaluations: 154
Lattice Constants: [ 2.84507977  4.74620871]
Energy: -6.76628475344
Simplex Searching start from c/a ratio: 1.633 * 0.84
Optimization terminated successfully.
         Current function value: -6.766285
         Iterations: 70
         Function evaluations: 154
Lattice Constants: [ 2.84507977  4.74620877]
Energy: -6.76628475344
Simplex Searching start from c/a ratio: 1.633 * 0.86
Optimization terminated successfully.
         Current function value: -6.766285
         Iterations: 70
         Function evaluations: 154
Lattice Constants: [ 2.84507981  4.74620852]
Energy: -6.76628475344
Simplex Searching start from c/a ratio: 1.633 * 0.88
Optimization terminated successfully.
         Current function value: -6.766285
         Iterations: 72
         Function evaluations: 157
Lattice Constants: [ 2.84507977  4.74620862]
Energy: -6.76628475344
Simplex Searching start from c/a ratio: 1.633 * 0.9
Optimization terminated successfully.
         Current function value: -6.766285
         Iterations: 68
         Function evaluations: 151
Lattice Constants: [ 2.84507983  4.74620871]
Energy: -6.76628475344
Simplex Searching start from c/a ratio: 1.633 * 0.92
Optimization terminated successfully.
         Current function value: -6.766285
         Iterations: 73
         Function evaluations: 153
Lattice Constants: [ 2.84507978  4.74620875]
Energy: -6.76628475344
Simplex Searching start from c/a ratio: 1.633 * 0.94
Optimization terminated successfully.
         Current function value: -6.766285
         Iterations: 68
         Function evaluations: 145
Lattice Constants: [ 2.84507977  4.74620875]
Energy: -6.76628475344
Simplex Searching start from c/a ratio: 1.633 * 0.96
Optimization terminated successfully.
         Current function value: -6.766285
         Iterations: 65
         Function evaluations: 143
Lattice Constants: [ 2.84507979  4.74620877]
Energy: -6.76628475344
Simplex Searching start from c/a ratio: 1.633 * 0.98
Optimization terminated successfully.
         Current function value: -6.766285
         Iterations: 63
         Function evaluations: 139
Lattice Constants: [ 2.84507979  4.74620876]
Energy: -6.76628475344
Simplex Searching start from c/a ratio: 1.633 * 1.0
Optimization terminated successfully.
         Current function value: -6.766285
         Iterations: 65
         Function evaluations: 141
Lattice Constants: [ 2.84507977  4.74620873]
Energy: -6.76628475344
Simplex Searching start from c/a ratio: 1.633 * 1.02
Optimization terminated successfully.
         Current function value: -6.766285
         Iterations: 72
         Function evaluations: 158
Lattice Constants: [ 2.84507976  4.74620881]
Energy: -6.76628475344
Simplex Searching start from c/a ratio: 1.633 * 1.04
Optimization terminated successfully.
         Current function value: -6.766285
         Iterations: 70
         Function evaluations: 146
Lattice Constants: [ 2.84507971  4.7462088 ]
Energy: -6.76628475344
Simplex Searching start from c/a ratio: 1.633 * 1.06
Optimization terminated successfully.
         Current function value: -6.766285
         Iterations: 67
         Function evaluations: 149
Lattice Constants: [ 2.84507979  4.74620886]
Energy: -6.76628475344
Simplex Searching start from c/a ratio: 1.633 * 1.08
Optimization terminated successfully.
         Current function value: -6.766285
         Iterations: 74
         Function evaluations: 151
Lattice Constants: [ 2.84507986  4.7462086 ]
Energy: -6.76628475344
Simplex Searching start from c/a ratio: 1.633 * 1.1
Optimization terminated successfully.
         Current function value: -6.766285
         Iterations: 68
         Function evaluations: 149
Lattice Constants: [ 2.84507979  4.74620876]
Energy: -6.76628475344
Simplex Searching start from c/a ratio: 1.633 * 1.12
Optimization terminated successfully.
         Current function value: -6.766285
         Iterations: 74
         Function evaluations: 158
Lattice Constants: [ 2.84507977  4.74620862]
Energy: -6.76628475344
Simplex Searching start from c/a ratio: 1.633 * 1.14
Optimization terminated successfully.
         Current function value: -6.766285
         Iterations: 72
         Function evaluations: 154
Lattice Constants: [ 2.84507977  4.74620874]
Energy: -6.76628475344
Simplex Searching start from c/a ratio: 1.633 * 1.16
Optimization terminated successfully.
         Current function value: -6.766285
         Iterations: 77
         Function evaluations: 162
Lattice Constants: [ 2.84507979  4.74620869]
Energy: -6.76628475344
Simplex Searching start from c/a ratio: 1.633 * 1.18
Optimization terminated successfully.
         Current function value: -6.766285
         Iterations: 68
         Function evaluations: 148
Lattice Constants: [ 2.84507979  4.74620862]
Energy: -6.76628475344
[ 2.84507977  4.74620875]
Lattice Constants: 2.84507976712 4.7462087454
[
    {
        "property-id" "tag:staff@noreply.openkim.org,2014-04-15:property/structure-hexagonal-crystal-npt" 
        "instant-id" 1 
        "short-name" {
            "source-value" "hcp"
        } 
        "species" {
            "source-value" "Al"
        } 
        "a" {
            "source-value" 2.8450797671249699 
            "source-unit" "angstrom"
        } 
        "c" {
            "source-value" 4.7462087453967428 
            "source-unit" "angstrom"
        } 
        "basis-atom-coordinates" {
            "source-value" [
                [
                    0.0 
                    0.0 
                    0.0
                ] 
                [
                    0.0 
                    0.5773502691896257 
                    0.5
                ]
            ]
        } 
        "space-group" {
            "source-value" "P63/mmc"
        } 
        "temperature" {
            "source-value" 0 
            "source-unit" "K"
        } 
        "cauchy-stress" {
            "source-value" [
                0 
                0 
                0 
                0 
                0
            ] 
            "source-unit" "GPa"
        }
    } 
    {
        "property-id" "tag:staff@noreply.openkim.org,2014-04-15:property/cohesive-free-energy-hexagonal-crystal" 
        "instant-id" 2 
        "short-name" {
            "source-value" "hcp"
        } 
        "species" {
            "source-value" "Al"
        } 
        "a" {
            "source-value" 2.8450797671249699 
            "source-unit" "angstrom"
        } 
        "c" {
            "source-value" 4.7462087453967428 
            "source-unit" "angstrom"
        } 
        "basis-atom-coordinates" {
            "source-value" [
                [
                    0.0 
                    0.0 
                    0.0
                ] 
                [
                    0.0 
                    0.5773502691896257 
                    0.5
                ]
            ]
        } 
        "space-group" {
            "source-value" "P63/mmc"
        } 
        "temperature" {
            "source-value" 0 
            "source-unit" "K"
        } 
        "cauchy-stress" {
            "source-value" [
                0 
                0 
                0 
                0 
                0
            ] 
            "source-unit" "GPa"
        } 
        "cohesive-free-energy" {
            "source-value" -6.766284753437934 
            "source-unit" "eV"
        }
    }
]
