Imported bulk from ase.lattice
Parameters Input: Ni fcc EAM_Dynamo_Mishin_Farkas_Ni__MO_400591584784_001 [3.51999947087]
CELL_SIZE_MIN: 4
CELL_SIZE_MAX: 6
Smallest System Size: 256
Largest System Size: 864
Model Cutoff: 5.80375

[Calculation]

Supercell Size: 4
Unrelaxed Cell:
[[ 14.07999788   0.           0.        ]
 [  0.          14.07999788   0.        ]
 [  0.           0.          14.07999788]]
Unrelaxed Cell Vector:
[14.079997883480001, 0.0, 14.079997883480001, 0.0, 0.0, 14.079997883480001]
==========
Loop: 0
Position Relaxation...
FIRE:   0  16:27:23    -1133.136052       0.1112
FIRE:   1  16:27:23    -1133.138020       0.1012
FIRE:   2  16:27:23    -1133.141262       0.0822
FIRE:   3  16:27:23    -1133.144660       0.0556
FIRE:   4  16:27:23    -1133.147123       0.0240
FIRE:   5  16:27:23    -1133.148102       0.0194
FIRE:   6  16:27:23    -1133.147927       0.0333
FIRE:   7  16:27:23    -1133.148014       0.0321
FIRE:   8  16:27:23    -1133.148178       0.0299
FIRE:   9  16:27:23    -1133.148398       0.0266
FIRE:  10  16:27:23    -1133.148647       0.0225
FIRE:  11  16:27:23    -1133.148897       0.0179
FIRE:  12  16:27:23    -1133.149118       0.0130
FIRE:  13  16:27:23    -1133.149289       0.0078
FIRE:  14  16:27:23    -1133.149405       0.0052
FIRE:  15  16:27:23    -1133.149451       0.0067
FIRE:  16  16:27:23    -1133.149453       0.0067
FIRE:  17  16:27:23    -1133.149458       0.0065
FIRE:  18  16:27:23    -1133.149465       0.0063
FIRE:  19  16:27:23    -1133.149473       0.0061
FIRE:  20  16:27:23    -1133.149483       0.0057
FIRE:  21  16:27:23    -1133.149495       0.0054
FIRE:  22  16:27:23    -1133.149507       0.0049
FIRE:  23  16:27:23    -1133.149521       0.0044
FIRE:  24  16:27:23    -1133.149538       0.0041
FIRE:  25  16:27:23    -1133.149555       0.0038
FIRE:  26  16:27:23    -1133.149573       0.0034
FIRE:  27  16:27:23    -1133.149591       0.0029
FIRE:  28  16:27:23    -1133.149609       0.0024
FIRE:  29  16:27:23    -1133.149626       0.0027
FIRE:  30  16:27:23    -1133.149643       0.0028
FIRE:  31  16:27:23    -1133.149660       0.0026
FIRE:  32  16:27:23    -1133.149676       0.0021
FIRE:  33  16:27:23    -1133.149688       0.0011
FIRE:  34  16:27:23    -1133.149690       0.0006
Relaxation Completed. Steps: 34
Cell Size Relaxation...
Optimization terminated successfully.
         Current function value: 1.599097
         Iterations: 346
         Function evaluations: 626
Current VFE: 1.59909674576
Energy of Supercell: -1139.19999958
Unrelaxed Cell Volume: 2791.30805322
Current Relaxed Cell Volume: 2788.86053035
Current Relaxation Volume: 2.4475228707
Current Cell:
[[  1.40758817e+01   0.00000000e+00   0.00000000e+00]
 [  4.69174947e-05   1.40758788e+01   0.00000000e+00]
 [  2.75726538e-05   6.23290895e-05   1.40758837e+01]]
==========
Loop: 1
Position Relaxation...
FIRE:   0  16:27:26    -1133.150903       0.0010
FIRE:   1  16:27:26    -1133.150903       0.0009
Relaxation Completed. Steps: 1
Cell Size Relaxation...
Optimization terminated successfully.
         Current function value: 1.599096
         Iterations: 275
         Function evaluations: 521
Current VFE: 1.59909639781
Energy of Supercell: -1139.19999958
Unrelaxed Cell Volume: 2791.30805322
Current Relaxed Cell Volume: 2788.86080022
Current Relaxation Volume: 2.44725299959
Current Cell:
[[  1.40758826e+01   0.00000000e+00   0.00000000e+00]
 [  7.68588332e-08   1.40758817e+01   0.00000000e+00]
 [  1.49168653e-07  -7.18762667e-07   1.40758813e+01]]
==========
Loop: 2
Position Relaxation...
FIRE:   0  16:27:29    -1133.150903       0.0009
Relaxation Completed. Steps: 0
Cell Size Relaxation...
Optimization terminated successfully.
         Current function value: 1.599096
         Iterations: 121
         Function evaluations: 297
FIRE:   0  16:27:30    -1133.150903       0.0009
FIRE:   1  16:27:30    -1133.150903       0.0008
FIRE:   2  16:27:30    -1133.150904       0.0006
FIRE:   3  16:27:30    -1133.150904       0.0003
FIRE:   4  16:27:30    -1133.150905       0.0002
FIRE:   5  16:27:30    -1133.150905       0.0002
FIRE:   6  16:27:30    -1133.150905       0.0004
FIRE:   7  16:27:30    -1133.150905       0.0004
FIRE:   8  16:27:30    -1133.150905       0.0004
FIRE:   9  16:27:30    -1133.150905       0.0003
FIRE:  10  16:27:30    -1133.150905       0.0003
FIRE:  11  16:27:30    -1133.150905       0.0003
FIRE:  12  16:27:30    -1133.150905       0.0002
FIRE:  13  16:27:30    -1133.150905       0.0001
FIRE:  14  16:27:30    -1133.150905       0.0001
FIRE:  15  16:27:30    -1133.150905       0.0001
FIRE:  16  16:27:30    -1133.150905       0.0001
FIRE:  17  16:27:30    -1133.150905       0.0001
FIRE:  18  16:27:30    -1133.150905       0.0001
FIRE:  19  16:27:30    -1133.150905       0.0001
Optimization terminated successfully.
         Current function value: 1.599095
         Iterations: 157
         Function evaluations: 400
---------------
Calculation Completed.
Number Of Atoms in Supercell: 256
Vacancy Formation Energy: 1.59909459814
Unrelaxed Cell Volume: 2791.30805322
Relaxed Cell Volume: 2788.86080022
Relaxation Volume: 2.44725299959
Relaxed Cell Vector:
[14.075881275051866, 7.816040704618073e-08, 14.075880896659129, 1.5188455108142332e-07, -7.323848655265479e-07, 14.07587964493867]
Unrelaxed Cell Vector:
[14.079997883480001, 0.0, 14.079997883480001, 0.0, 0.0, 14.079997883480001]
Relaxed Cell:
[[  1.40758813e+01   0.00000000e+00   0.00000000e+00]
 [  7.81604070e-08   1.40758809e+01   0.00000000e+00]
 [  1.51884551e-07  -7.32384866e-07   1.40758796e+01]]
Unrelaxed Cell:
[[ 14.07999788   0.           0.        ]
 [  0.          14.07999788   0.        ]
 [  0.           0.          14.07999788]]

Supercell Size: 5
Unrelaxed Cell:
[[ 17.59999735   0.           0.        ]
 [  0.          17.59999735   0.        ]
 [  0.           0.          17.59999735]]
Unrelaxed Cell Vector:
[17.599997354350002, 0.0, 17.599997354350002, 0.0, 0.0, 17.599997354350002]
==========
Loop: 0
Position Relaxation...
FIRE:   0  16:27:32    -2218.936052       0.1112
FIRE:   1  16:27:32    -2218.938020       0.1013
FIRE:   2  16:27:32    -2218.941263       0.0822
FIRE:   3  16:27:33    -2218.944664       0.0556
FIRE:   4  16:27:33    -2218.947139       0.0241
FIRE:   5  16:27:33    -2218.948146       0.0195
FIRE:   6  16:27:33    -2218.948015       0.0332
FIRE:   7  16:27:33    -2218.948103       0.0320
FIRE:   8  16:27:33    -2218.948269       0.0298
FIRE:   9  16:27:33    -2218.948492       0.0265
FIRE:  10  16:27:33    -2218.948746       0.0224
FIRE:  11  16:27:33    -2218.949000       0.0178
FIRE:  12  16:27:33    -2218.949227       0.0130
FIRE:  13  16:27:33    -2218.949404       0.0078
FIRE:  14  16:27:33    -2218.949529       0.0053
FIRE:  15  16:27:33    -2218.949586       0.0067
FIRE:  16  16:27:33    -2218.949588       0.0123
FIRE:  17  16:27:33    -2218.949594       0.0122
FIRE:  18  16:27:33    -2218.949604       0.0119
FIRE:  19  16:27:33    -2218.949619       0.0114
FIRE:  20  16:27:33    -2218.949637       0.0108
FIRE:  21  16:27:33    -2218.949658       0.0100
FIRE:  22  16:27:33    -2218.949682       0.0091
FIRE:  23  16:27:33    -2218.949706       0.0082
FIRE:  24  16:27:33    -2218.949732       0.0070
FIRE:  25  16:27:33    -2218.949759       0.0055
FIRE:  26  16:27:33    -2218.949786       0.0039
FIRE:  27  16:27:33    -2218.949811       0.0025
FIRE:  28  16:27:33    -2218.949832       0.0027
FIRE:  29  16:27:33    -2218.949851       0.0033
FIRE:  30  16:27:33    -2218.949871       0.0040
FIRE:  31  16:27:33    -2218.949894       0.0045
FIRE:  32  16:27:33    -2218.949922       0.0044
FIRE:  33  16:27:33    -2218.949954       0.0036
FIRE:  34  16:27:33    -2218.949982       0.0022
FIRE:  35  16:27:33    -2218.949994       0.0013
FIRE:  36  16:27:33    -2218.949988       0.0022
FIRE:  37  16:27:33    -2218.949989       0.0021
FIRE:  38  16:27:33    -2218.949991       0.0019
FIRE:  39  16:27:33    -2218.949993       0.0016
FIRE:  40  16:27:33    -2218.949995       0.0013
FIRE:  41  16:27:33    -2218.949997       0.0009
Relaxation Completed. Steps: 41
Cell Size Relaxation...
Optimization terminated successfully.
         Current function value: 1.599381
         Iterations: 453
         Function evaluations: 806
Current VFE: 1.59938120729
Energy of Supercell: -2224.99999917
Unrelaxed Cell Volume: 5451.77354145
Current Relaxed Cell Volume: 5449.32740727
Current Relaxation Volume: 2.4461341838
Current Cell:
[[  1.75973635e+01   0.00000000e+00   0.00000000e+00]
 [  7.66755821e-07   1.75973657e+01   0.00000000e+00]
 [  8.71345174e-07   1.58636708e-06   1.75973647e+01]]
==========
Loop: 1
Position Relaxation...
FIRE:   0  16:27:40    -2218.950618       0.0011
FIRE:   1  16:27:40    -2218.950618       0.0009
Relaxation Completed. Steps: 1
Cell Size Relaxation...
Optimization terminated successfully.
         Current function value: 1.599381
         Iterations: 120
         Function evaluations: 294
Current VFE: 1.59938068955
Energy of Supercell: -2224.99999917
Unrelaxed Cell Volume: 5451.77354145
Current Relaxed Cell Volume: 5449.32714102
Current Relaxation Volume: 2.4464004306
Current Cell:
[[  1.75973664e+01   0.00000000e+00   0.00000000e+00]
 [  7.76340278e-07   1.75973639e+01   0.00000000e+00]
 [  8.82236999e-07   1.60619669e-06   1.75973628e+01]]
==========
Loop: 2
Position Relaxation...
FIRE:   0  16:27:42    -2218.950618       0.0009
Relaxation Completed. Steps: 0
Cell Size Relaxation...
Optimization terminated successfully.
         Current function value: 1.599381
         Iterations: 110
         Function evaluations: 279
FIRE:   0  16:27:44    -2218.950618       0.0009
FIRE:   1  16:27:44    -2218.950619       0.0007
FIRE:   2  16:27:45    -2218.950620       0.0006
FIRE:   3  16:27:45    -2218.950620       0.0004
FIRE:   4  16:27:45    -2218.950620       0.0002
FIRE:   5  16:27:45    -2218.950621       0.0005
FIRE:   6  16:27:45    -2218.950621       0.0005
FIRE:   7  16:27:45    -2218.950621       0.0005
FIRE:   8  16:27:45    -2218.950621       0.0004
FIRE:   9  16:27:45    -2218.950621       0.0004
FIRE:  10  16:27:45    -2218.950621       0.0003
FIRE:  11  16:27:45    -2218.950621       0.0002
FIRE:  12  16:27:45    -2218.950621       0.0002
FIRE:  13  16:27:45    -2218.950621       0.0001
FIRE:  14  16:27:45    -2218.950621       0.0001
FIRE:  15  16:27:45    -2218.950621       0.0002
FIRE:  16  16:27:45    -2218.950621       0.0002
FIRE:  17  16:27:45    -2218.950621       0.0002
FIRE:  18  16:27:45    -2218.950621       0.0002
FIRE:  19  16:27:45    -2218.950621       0.0001
Optimization terminated successfully.
         Current function value: 1.599378
         Iterations: 154
         Function evaluations: 391
---------------
Calculation Completed.
Number Of Atoms in Supercell: 500
Vacancy Formation Energy: 1.59937796093
Unrelaxed Cell Volume: 5451.77354145
Relaxed Cell Volume: 5449.32714102
Relaxation Volume: 2.4464004306
Relaxed Cell Vector:
[17.597365009160878, 7.770190388477679e-07, 17.597363852285802, 8.76638656709135e-07, 1.6538335788169523e-06, 17.59736443674531]
Unrelaxed Cell Vector:
[17.599997354350002, 0.0, 17.599997354350002, 0.0, 0.0, 17.599997354350002]
Relaxed Cell:
[[  1.75973650e+01   0.00000000e+00   0.00000000e+00]
 [  7.77019039e-07   1.75973639e+01   0.00000000e+00]
 [  8.76638657e-07   1.65383358e-06   1.75973644e+01]]
Unrelaxed Cell:
[[ 17.59999735   0.           0.        ]
 [  0.          17.59999735   0.        ]
 [  0.           0.          17.59999735]]

Supercell Size: 6
Unrelaxed Cell:
[[ 21.11999683   0.           0.        ]
 [  0.          21.11999683   0.        ]
 [  0.           0.          21.11999683]]
Unrelaxed Cell Vector:
[21.119996825219999, 0.0, 21.119996825219999, 0.0, 0.0, 21.119996825219999]
==========
Loop: 0
Position Relaxation...
FIRE:   0  16:27:48    -3838.736051       0.1112
FIRE:   1  16:27:48    -3838.738019       0.1013
FIRE:   2  16:27:48    -3838.741262       0.0822
FIRE:   3  16:27:48    -3838.744664       0.0556
FIRE:   4  16:27:48    -3838.747139       0.0241
FIRE:   5  16:27:48    -3838.748147       0.0195
FIRE:   6  16:27:48    -3838.748018       0.0332
FIRE:   7  16:27:48    -3838.748106       0.0320
FIRE:   8  16:27:48    -3838.748273       0.0298
FIRE:   9  16:27:48    -3838.748496       0.0265
FIRE:  10  16:27:48    -3838.748750       0.0224
FIRE:  11  16:27:48    -3838.749005       0.0179
FIRE:  12  16:27:48    -3838.749233       0.0130
FIRE:  13  16:27:49    -3838.749412       0.0078
FIRE:  14  16:27:49    -3838.749538       0.0053
FIRE:  15  16:27:49    -3838.749598       0.0067
FIRE:  16  16:27:49    -3838.749605       0.0123
FIRE:  17  16:27:49    -3838.749610       0.0122
FIRE:  18  16:27:49    -3838.749621       0.0119
FIRE:  19  16:27:49    -3838.749636       0.0114
FIRE:  20  16:27:49    -3838.749655       0.0108
FIRE:  21  16:27:49    -3838.749677       0.0100
FIRE:  22  16:27:49    -3838.749701       0.0091
FIRE:  23  16:27:49    -3838.749726       0.0082
FIRE:  24  16:27:49    -3838.749753       0.0070
FIRE:  25  16:27:49    -3838.749782       0.0056
FIRE:  26  16:27:49    -3838.749811       0.0039
FIRE:  27  16:27:49    -3838.749838       0.0026
FIRE:  28  16:27:49    -3838.749863       0.0027
FIRE:  29  16:27:49    -3838.749886       0.0034
FIRE:  30  16:27:49    -3838.749910       0.0040
FIRE:  31  16:27:49    -3838.749940       0.0045
FIRE:  32  16:27:49    -3838.749976       0.0044
FIRE:  33  16:27:49    -3838.750018       0.0035
FIRE:  34  16:27:49    -3838.750057       0.0021
FIRE:  35  16:27:49    -3838.750084       0.0012
FIRE:  36  16:27:49    -3838.750094       0.0021
FIRE:  37  16:27:49    -3838.750095       0.0020
FIRE:  38  16:27:49    -3838.750097       0.0018
FIRE:  39  16:27:49    -3838.750100       0.0016
FIRE:  40  16:27:49    -3838.750103       0.0012
FIRE:  41  16:27:50    -3838.750105       0.0008
Relaxation Completed. Steps: 41
Cell Size Relaxation...
Optimization terminated successfully.
         Current function value: 1.599534
         Iterations: 322
         Function evaluations: 603
Current VFE: 1.59953442545
Energy of Supercell: -3844.79999857
Unrelaxed Cell Volume: 9420.66467963
Current Relaxed Cell Volume: 9418.2193615
Current Relaxation Volume: 2.44531812192
Current Cell:
[[  2.11181686e+01   0.00000000e+00   0.00000000e+00]
 [ -6.96498619e-07   2.11181685e+01   0.00000000e+00]
 [  1.50911555e-06   1.92314722e-06   2.11181708e+01]]
==========
Loop: 1
Position Relaxation...
FIRE:   0  16:28:01    -3838.750464       0.0009
Relaxation Completed. Steps: 0
Cell Size Relaxation...
Optimization terminated successfully.
         Current function value: 1.599534
         Iterations: 114
         Function evaluations: 282
FIRE:   0  16:28:06    -3838.750464       0.0009
FIRE:   1  16:28:06    -3838.750465       0.0007
FIRE:   2  16:28:06    -3838.750466       0.0005
FIRE:   3  16:28:06    -3838.750468       0.0004
FIRE:   4  16:28:06    -3838.750470       0.0004
FIRE:   5  16:28:06    -3838.750471       0.0005
FIRE:   6  16:28:06    -3838.750472       0.0006
FIRE:   7  16:28:06    -3838.750474       0.0006
FIRE:   8  16:28:06    -3838.750475       0.0004
FIRE:   9  16:28:06    -3838.750476       0.0002
FIRE:  10  16:28:06    -3838.750476       0.0004
FIRE:  11  16:28:06    -3838.750476       0.0004
FIRE:  12  16:28:06    -3838.750477       0.0004
FIRE:  13  16:28:07    -3838.750477       0.0003
FIRE:  14  16:28:07    -3838.750477       0.0002
FIRE:  15  16:28:07    -3838.750477       0.0002
FIRE:  16  16:28:07    -3838.750477       0.0001
FIRE:  17  16:28:07    -3838.750477       0.0002
FIRE:  18  16:28:07    -3838.750477       0.0002
FIRE:  19  16:28:07    -3838.750477       0.0002
Optimization terminated successfully.
         Current function value: 1.599521
         Iterations: 196
         Function evaluations: 444
---------------
Calculation Completed.
Number Of Atoms in Supercell: 864
Vacancy Formation Energy: 1.59952129932
Unrelaxed Cell Volume: 9420.66467963
Relaxed Cell Volume: 9418.2193615
Relaxation Volume: 2.44531812192
Relaxed Cell Vector:
[21.118168878899453, -6.997114845009826e-07, 21.118169689123683, 1.5282493758913953e-06, 1.9499727338884766e-06, 21.118167788840296]
Unrelaxed Cell Vector:
[21.119996825219999, 0.0, 21.119996825219999, 0.0, 0.0, 21.119996825219999]
Relaxed Cell:
[[  2.11181689e+01   0.00000000e+00   0.00000000e+00]
 [ -6.99711485e-07   2.11181697e+01   0.00000000e+00]
 [  1.52824938e-06   1.94997273e-06   2.11181678e+01]]
Unrelaxed Cell:
[[ 21.11999683   0.           0.        ]
 [  0.          21.11999683   0.        ]
 [  0.           0.          21.11999683]]

[Calculation Results Summary]
Sizes: [4, 5, 6]
Formation Energy By Size:
[1.5990945981434379, 1.5993779609325429, 1.5995212993207133]
Relaxation Volume By Size:
[2.4472529995850891, 2.4464004306009883, 2.4453181219159887]

[Extrapolation]
Fitting with 2 points, including orders [0, 3]
Fit with data beginning 0

Fit with Size: [4 5]
Orders: [0, 3]
Matrix A (Ax = y):
[[ 1.        0.015625]
 [ 1.        0.008   ]]
Data for Fitting: [ 1.5990946   1.59937796]
Fitting Results: (array([ 1.59967526, -0.03716233]), array([], dtype=float64), 2, array([ 1.41431223,  0.00539131]))

Fit with Size: [4 5]
Orders: [0, 3]
Matrix A (Ax = y):
[[ 1.        0.015625]
 [ 1.        0.008   ]]
Data for Fitting: [ 2.447253    2.44640043]
Fitting Results: (array([ 2.44550593,  0.11181233]), array([], dtype=float64), 2, array([ 1.41431223,  0.00539131]))
Fit with data beginning 1

Fit with Size: [5 6]
Orders: [0, 3]
Matrix A (Ax = y):
[[ 1.          0.008     ]
 [ 1.          0.00462963]]
Data for Fitting: [ 1.59937796  1.5995213 ]
Fitting Results: (array([ 1.59971819, -0.04252897]), array([], dtype=float64), 2, array([ 1.41424176,  0.00238316]))

Fit with Size: [5 6]
Orders: [0, 3]
Matrix A (Ax = y):
[[ 1.          0.008     ]
 [ 1.          0.00462963]]
Data for Fitting: [ 2.44640043  2.44531812]
Fitting Results: (array([ 2.44383143,  0.32112455]), array([], dtype=float64), 2, array([ 1.41424176,  0.00238316]))
Fitting with 3 points, including orders [0, 3]
Fit with data beginning 0

Fit with Size: [4 5 6]
Orders: [0, 3]
Matrix A (Ax = y):
[[ 1.          0.015625  ]
 [ 1.          0.008     ]
 [ 1.          0.00462963]]
Data for Fitting: [ 1.5990946   1.59937796  1.5995213 ]
Fitting Results: (array([ 1.59969414, -0.03852706]), array([  9.99026367e-11]), 2, array([ 1.73212763,  0.00796621]))

Fit with Size: [4 5 6]
Orders: [0, 3]
Matrix A (Ax = y):
[[ 1.          0.015625  ]
 [ 1.          0.008     ]
 [ 1.          0.00462963]]
Data for Fitting: [ 2.447253    2.44640043  2.44531812]
Fitting Results: (array([ 2.44476947,  0.16503999]), array([  1.51971217e-07]), 2, array([ 1.73212763,  0.00796621]))
Fitting with 3 points, including orders [0, 3, 4]
Fit with data beginning 0

Fit with Size: [4 5 6]
Orders: [0, 3, 4]
Matrix A (Ax = y):
[[  1.00000000e+00   1.56250000e-02   3.90625000e-03]
 [  1.00000000e+00   8.00000000e-03   1.60000000e-03]
 [  1.00000000e+00   4.62962963e-03   7.71604938e-04]]
Data for Fitting: [ 1.5990946   1.59937796  1.5995213 ]
Fitting Results: (array([ 1.59975288, -0.06580441,  0.09469737]), array([], dtype=float64), 3, array([  1.73213142e+00,   8.29013951e-03,   1.01423660e-04]))

Fit with Size: [4 5 6]
Orders: [0, 3, 4]
Matrix A (Ax = y):
[[  1.00000000e+00   1.56250000e-02   3.90625000e-03]
 [  1.00000000e+00   8.00000000e-03   1.60000000e-03]
 [  1.00000000e+00   4.62962963e-03   7.71604938e-04]]
Data for Fitting: [ 2.447253    2.44640043  2.44531812]
Fitting Results: (array([ 2.44247853,  1.22892417, -3.69343211]), array([], dtype=float64), 3, array([  1.73213142e+00,   8.29013951e-03,   1.01423660e-04]))
Fitting with 3 points, including orders [0, 3, 5]
Fit with data beginning 0

Fit with Size: [4 5 6]
Orders: [0, 3, 5]
Matrix A (Ax = y):
[[  1.00000000e+00   1.56250000e-02   9.76562500e-04]
 [  1.00000000e+00   8.00000000e-03   3.20000000e-04]
 [  1.00000000e+00   4.62962963e-03   1.28600823e-04]]
Data for Fitting: [ 1.5990946   1.59937796  1.5995213 ]
Fitting Results: (array([ 1.59974278, -0.05292419,  0.18305061]), array([], dtype=float64), 3, array([  1.73212782e+00,   7.99080777e-03,   5.44349833e-05]))

Fit with Size: [4 5 6]
Orders: [0, 3, 5]
Matrix A (Ax = y):
[[  1.00000000e+00   1.56250000e-02   9.76562500e-04]
 [  1.00000000e+00   8.00000000e-03   3.20000000e-04]
 [  1.00000000e+00   4.62962963e-03   1.28600823e-04]]
Data for Fitting: [ 2.447253    2.44640043  2.44531812]
Fitting Results: (array([ 2.44287254,  0.72656382, -7.13942712]), array([], dtype=float64), 3, array([  1.73212782e+00,   7.99080777e-03,   5.44349833e-05]))
Fitting with 3 points, including orders [0, 3, 6]
Fit with data beginning 0

Fit with Size: [4 5 6]
Orders: [0, 3, 6]
Matrix A (Ax = y):
[[  1.00000000e+00   1.56250000e-02   2.44140625e-04]
 [  1.00000000e+00   8.00000000e-03   6.40000000e-05]
 [  1.00000000e+00   4.62962963e-03   2.14334705e-05]]
Data for Fitting: [ 1.5990946   1.59937796  1.5995213 ]
Fitting Results: (array([ 1.59973627, -0.04869326,  0.48808172]), array([], dtype=float64), 3, array([  1.73212764e+00,   7.96793362e-03,   2.04739548e-05]))

Fit with Size: [4 5 6]
Orders: [0, 3, 6]
Matrix A (Ax = y):
[[  1.00000000e+00   1.56250000e-02   2.44140625e-04]
 [  1.00000000e+00   8.00000000e-03   6.40000000e-05]
 [  1.00000000e+00   4.62962963e-03   2.14334705e-05]]
Data for Fitting: [ 2.447253    2.44640043  2.44531812]
Fitting Results: (array([  2.44312638,   0.56154719, -19.03639642]), array([], dtype=float64), 3, array([  1.73212764e+00,   7.96793362e-03,   2.04739548e-05]))

[Fitting Results Summary]
Sizes: [4, 5, 6]
Data Points Used: [2, 3, 3, 3, 3]
Orders Included:
[[0, 3] [0, 3] [0, 3, 4] [0, 3, 5] [0, 3, 6]]
Formation Energy Fits By Size:
[[1.5996752595965209, 1.5997181927110575] [1.5996941420532025]
 [1.5997528803929999] [1.599742778262458] [1.599736269811914]]
Relaxation Volume Fits By Size:
[[2.4455059319947172, 2.443831434161869] [2.4447694694032465]
 [2.442478528628043] [2.4428725367470268] [2.4431263824427734]]

[Final Results]
[
    {
        "property-id" "tag:staff@noreply.openkim.org,2015-07-28:property/monovacancy-neutral-relaxed-formation-potential-energy-crystal-npt" 
        "instance-id" 1 
        "relaxed-formation-potential-energy" {
            "source-value" 1.5997181927110575 
            "source-unit" "eV" 
            "source-std-uncert-value" 3.708814621534927e-05
        } 
        "host-cauchy-stress" {
            "source-value" [
                0 
                0 
                0 
                0 
                0 
                0
            ] 
            "source-unit" "GPa"
        } 
        "host-removed-atom" {
            "source-value" 1
        } 
        "host-short-name" {
            "source-value" [
                "fcc"
            ]
        } 
        "host-a" {
            "source-value" 3.5199994708700002 
            "source-unit" "angstrom"
        } 
        "host-b" {
            "source-value" 3.5199994708700002 
            "source-unit" "angstrom"
        } 
        "host-c" {
            "source-value" 3.5199994708700002 
            "source-unit" "angstrom"
        } 
        "host-alpha" {
            "source-value" 90.0 
            "source-unit" "degree"
        } 
        "host-beta" {
            "source-value" 90.0 
            "source-unit" "degree"
        } 
        "host-gamma" {
            "source-value" 90.0 
            "source-unit" "degree"
        } 
        "host-space-group" {
            "source-value" "Fm-3m"
        } 
        "host-wyckoff-multiplicity-and-letter" {
            "source-value" [
                "4a"
            ]
        } 
        "host-wyckoff-coordinates" {
            "source-value" [
                [
                    0.0 
                    0.0 
                    0.0
                ]
            ]
        } 
        "host-wyckoff-species" {
            "source-value" [
                "Ni"
            ]
        } 
        "reservoir-cohesive-potential-energy" {
            "source-value" -17.79999999339552 
            "source-unit" "eV"
        } 
        "reservoir-short-name" {
            "source-value" [
                "fcc"
            ]
        } 
        "reservoir-cauchy-stress" {
            "source-value" [
                0.0 
                0.0 
                0.0 
                0.0 
                0.0 
                0.0
            ] 
            "source-unit" "GPa"
        } 
        "reservoir-a" {
            "source-value" 3.5199994708700002 
            "source-unit" "angstrom"
        } 
        "reservoir-b" {
            "source-value" 3.5199994708700002 
            "source-unit" "angstrom"
        } 
        "reservoir-c" {
            "source-value" 3.5199994708700002 
            "source-unit" "angstrom"
        } 
        "reservoir-alpha" {
            "source-value" 90.0 
            "source-unit" "degree"
        } 
        "reservoir-beta" {
            "source-value" 90.0 
            "source-unit" "degree"
        } 
        "reservoir-gamma" {
            "source-value" 90.0 
            "source-unit" "degree"
        } 
        "reservoir-space-group" {
            "source-value" "Fm-3m"
        } 
        "reservoir-wyckoff-multiplicity-and-letter" {
            "source-value" [
                "4a"
            ]
        } 
        "reservoir-wyckoff-coordinates" {
            "source-value" [
                [
                    0.0 
                    0.0 
                    0.0
                ]
            ]
        } 
        "reservoir-wyckoff-species" {
            "source-value" [
                "Ni"
            ]
        }
    } 
    {
        "property-id" "tag:staff@noreply.openkim.org,2015-07-28:property/monovacancy-neutral-relaxation-volume-crystal-npt" 
        "instance-id" 2 
        "relaxation-volume" {
            "source-value" 2.443831434161869 
            "source-unit" "angstrom^3" 
            "source-std-uncert-value" 0.0015163169341307489
        } 
        "host-cauchy-stress" {
            "source-value" [
                0 
                0 
                0 
                0 
                0 
                0
            ] 
            "source-unit" "GPa"
        } 
        "host-removed-atom" {
            "source-value" 1
        } 
        "host-short-name" {
            "source-value" [
                "fcc"
            ]
        } 
        "host-a" {
            "source-value" 3.5199994708700002 
            "source-unit" "angstrom"
        } 
        "host-b" {
            "source-value" 3.5199994708700002 
            "source-unit" "angstrom"
        } 
        "host-c" {
            "source-value" 3.5199994708700002 
            "source-unit" "angstrom"
        } 
        "host-alpha" {
            "source-value" 90.0 
            "source-unit" "degree"
        } 
        "host-beta" {
            "source-value" 90.0 
            "source-unit" "degree"
        } 
        "host-gamma" {
            "source-value" 90.0 
            "source-unit" "degree"
        } 
        "host-space-group" {
            "source-value" "Fm-3m"
        } 
        "host-wyckoff-multiplicity-and-letter" {
            "source-value" [
                "4a"
            ]
        } 
        "host-wyckoff-coordinates" {
            "source-value" [
                [
                    0.0 
                    0.0 
                    0.0
                ]
            ]
        } 
        "host-wyckoff-species" {
            "source-value" [
                "Ni"
            ]
        }
    }
]
