Imported bulk from ase.lattice
Parameters Input: Ac fcc LennardJones612_UniversalShifted__MO_959249795837_001 [5.39102153689]
CELL_SIZE_MIN: 4
CELL_SIZE_MAX: 6
Smallest System Size: 256
Largest System Size: 864
Model Cutoff: 15.3235

[Calculation]
.

Supercell Size: 4
Unrelaxed Cell:
[[ 21.56408615   0.           0.        ]
 [  0.          21.56408615   0.        ]
 [  0.           0.          21.56408615]]
Unrelaxed Cell Vector:
[21.564086147560001, 0.0, 21.564086147560001, 0.0, 0.0, 21.564086147560001]
==========
Loop: 0
Position Relaxation...
.
.
FIRE:   0  11:40:42    -2090.938677      15.4641
.
.
FIRE:   1  11:40:43    -2095.910983       3.8820
.
.
FIRE:   2  11:40:43    -2096.641635       1.3000
.
.
FIRE:   3  11:40:43    -2096.669810       2.9101
.
.
FIRE:   4  11:40:43    -2096.827377       2.1566
.
.
FIRE:   5  11:40:43    -2096.988481       0.8576
.
.
FIRE:   6  11:40:43    -2097.007295       0.7339
.
.
FIRE:   7  11:40:43    -2097.012043       0.6928
.
.
FIRE:   8  11:40:43    -2097.020447       0.6137
.
.
FIRE:   9  11:40:43    -2097.030627       0.5028
.
.
FIRE:  10  11:40:43    -2097.040457       0.3700
.
.
FIRE:  11  11:40:43    -2097.048213       0.2483
.
.
FIRE:  12  11:40:43    -2097.053214       0.2897
.
.
FIRE:  13  11:40:43    -2097.056139       0.3223
.
.
FIRE:  14  11:40:43    -2097.058689       0.4233
.
.
FIRE:  15  11:40:43    -2097.062306       0.4640
.
.
FIRE:  16  11:40:43    -2097.067663       0.4273
.
.
FIRE:  17  11:40:44    -2097.073554       0.3020
.
.
FIRE:  18  11:40:44    -2097.076636       0.0896
.
.
FIRE:  19  11:40:44    -2097.074033       0.1693
.
.
FIRE:  20  11:40:44    -2097.074267       0.1604
.
.
FIRE:  21  11:40:44    -2097.074688       0.1433
.
.
FIRE:  22  11:40:44    -2097.075210       0.1188
.
.
FIRE:  23  11:40:44    -2097.075731       0.0966
.
.
FIRE:  24  11:40:44    -2097.076154       0.0761
.
.
FIRE:  25  11:40:44    -2097.076419       0.0542
.
.
FIRE:  26  11:40:44    -2097.076524       0.0459
.
.
FIRE:  27  11:40:44    -2097.076532       0.0686
.
.
FIRE:  28  11:40:44    -2097.076544       0.0677
.
.
FIRE:  29  11:40:44    -2097.076567       0.0659
.
.
FIRE:  30  11:40:44    -2097.076599       0.0633
.
.
FIRE:  31  11:40:44    -2097.076640       0.0598
.
.
FIRE:  32  11:40:44    -2097.076687       0.0556
.
.
FIRE:  33  11:40:44    -2097.076736       0.0508
.
.
FIRE:  34  11:40:45    -2097.076787       0.0454
.
.
FIRE:  35  11:40:45    -2097.076842       0.0390
.
.
FIRE:  36  11:40:45    -2097.076896       0.0318
.
.
FIRE:  37  11:40:45    -2097.076947       0.0286
.
.
FIRE:  38  11:40:45    -2097.076991       0.0308
.
.
FIRE:  39  11:40:45    -2097.077027       0.0321
.
.
FIRE:  40  11:40:45    -2097.077058       0.0321
.
.
FIRE:  41  11:40:45    -2097.077090       0.0342
.
.
FIRE:  42  11:40:45    -2097.077130       0.0345
.
.
FIRE:  43  11:40:45    -2097.077179       0.0302
.
.
FIRE:  44  11:40:45    -2097.077224       0.0206
.
.
FIRE:  45  11:40:45    -2097.077246       0.0065
.
.
FIRE:  46  11:40:45    -2097.077246       0.0064
.
.
FIRE:  47  11:40:45    -2097.077246       0.0061
.
.
FIRE:  48  11:40:45    -2097.077247       0.0058
.
.
FIRE:  49  11:40:45    -2097.077248       0.0053
Steps Limit Exceeded. Structure Maybe Unstable.
Relaxation Completed. Steps: 50
Cell Size Relaxation...
.
.
.
.
.
.
.
.
.
.
.
.
.
.
.
.
.
.
.
.
.
.
.
.
.
.
.
.
.
.
.
.
.
.
.
.
.
.
.
.
.
.
.
.
.
.
.
.
.
.
.
.
.
.
.
.
.
.
.
.
.
.
.
.
.
.
.
.
.
.
.
.
.
.
.
.
.
.
.
.
.
.
.
.
.
.
.
.
.
.
.
.
.
.
.
.
.
.
.
.
.
.
.
.
.
.
.
.
.
.
.
.
.
.
.
.
.
.
.
.
.
.
.
.
.
.
.
.
.
.
.
.
.
.
.
.
.
.
.
.
.
.
.
.
.
.
.
.
.
.
.
.
.
.
.
.
.
.
.
.
.
.
.
.
.
.
.
.
.
.
.
.
.
.
.
.
.
.
.
.
.
.
.
.
.
.
.
.
.
.
.
.
.
.
.
.
.
.
.
.
.
.
.
.
.
.
.
.
.
.
.
.
.
.
.
.
.
.
.
.
.
.
.
.
.
.
.
.
.
.
.
.
.
.
.
.
.
.
.
.
.
.
.
.
.
.
.
.
.
.
.
.
.
.
.
.
.
.
.
.
.
.
.
.
.
.
.
.
.
.
.
.
.
.
.
.
.
.
.
.
.
.
.
.
.
.
.
.
.
.
.
.
.
.
.
.
.
.
.
.
.
.
.
.
.
.
.
.
.
.
.
.
.
.
.
.
.
.
.
.
.
.
.
.
.
.
.
.
.
.
.
.
.
.
.
.
.
.
.
.
.
.
.
.
.
.
.
.
.
.
.
.
.
.
.
.
.
.
.
.
.
.
.
.
.
.
.
.
.
.
.
.
.
.
.
.
.
.
.
.
.
.
.
.
.
.
.
.
.
.
.
.
.
.
.
.
.
.
.
.
.
.
.
.
.
.
.
.
.
.
.
.
.
.
.
.
.
.
.
.
.
.
.
.
.
.
.
.
.
.
.
.
.
.
.
.
.
.
.
.
.
.
.
.
.
.
.
.
.
.
.
.
.
.
.
.
.
.
.
.
.
.
.
.
.
.
.
.
.
.
.
.
.
.
Optimization terminated successfully.
         Current function value: -2657.479322
         Iterations: 234
         Function evaluations: 474
Current VFE: -2657.47932235
Energy of Supercell: -2107.40276146
Unrelaxed Cell Volume: 10027.511632
Current Relaxed Cell Volume: 13232.1737405
Current Relaxation Volume: -3204.66210843
Current Cell:
[[  2.36525010e+01   0.00000000e+00   0.00000000e+00]
 [ -8.55636306e-04   2.36525004e+01   0.00000000e+00]
 [ -8.39829194e-05  -3.65692144e-04   2.36525008e+01]]
System Collapsed. Volume significantly changed.
