Imported bulk from ase.lattice
Parameters Input: Ni sc EAM_Dynamo_Ackland_Tichy_Ni__MO_977363131043_001 [2.33935174323]
CELL_SIZE_MIN: 6
CELL_SIZE_MAX: 8
Smallest System Size: 216
Largest System Size: 512

[Calculation]

Supercell Size: 6
Unrelaxed Cell:
[[ 14.03611046   0.           0.        ]
 [  0.          14.03611046   0.        ]
 [  0.           0.          14.03611046]]
Unrelaxed Cell Vector:
[14.03611045938, 0.0, 14.03611045938, 0.0, 0.0, 14.03611045938]
Vacancy Formation Energy (Cell Structure Relaxation): 0.173845443244 Size:  6
Vacancy Formation Energy (Cell Structure Relaxation): 7.17205074776 Size:  6
Vacancy Formation Energy (Cell Structure Relaxation): -0.0952651735209 Size:  6
Vacancy Formation Energy (Cell Structure Relaxation): 7.70013120249 Size:  6
Vacancy Formation Energy (Cell Structure Relaxation): -0.0960979739768 Size:  6
Vacancy Formation Energy (Cell Structure Relaxation): -0.0960979704904 Size:  6
Vacancy Formation Energy (Cell Structure Relaxation): 7.7004574721 Size:  6
Vacancy Formation Energy (Cell Structure Relaxation): 7.42850856914 Size:  6
Vacancy Formation Energy (Cell Structure Relaxation): -47.719989597 Size:  6
Vacancy Formation Energy (Cell Structure Relaxation): -62.1810519766 Size:  6
Vacancy Formation Energy (Cell Structure Relaxation): -42.5953866633 Size:  6
Vacancy Formation Energy (Cell Structure Relaxation): -52.8037819018 Size:  6
Vacancy Formation Energy (Cell Structure Relaxation): -53.6979955902 Size:  6
Vacancy Formation Energy (Cell Structure Relaxation): -56.3396584048 Size:  6
Vacancy Formation Energy (Cell Structure Relaxation): -57.2886107657 Size:  6
Vacancy Formation Energy (Cell Structure Relaxation): -57.1923904234 Size:  6
Vacancy Formation Energy (Cell Structure Relaxation): -63.7369254805 Size:  6
Vacancy Formation Energy (Cell Structure Relaxation): -40.4578714153 Size:  6
Vacancy Formation Energy (Cell Structure Relaxation): -64.0559340115 Size:  6
Vacancy Formation Energy (Cell Structure Relaxation): -51.8479777248 Size:  6
Vacancy Formation Energy (Cell Structure Relaxation): -59.6338135414 Size:  6
Vacancy Formation Energy (Cell Structure Relaxation): -55.5584524073 Size:  6
Vacancy Formation Energy (Cell Structure Relaxation): -65.4615635401 Size:  6
Vacancy Formation Energy (Cell Structure Relaxation): -68.5559022787 Size:  6
Vacancy Formation Energy (Cell Structure Relaxation): -80.1013693383 Size:  6
Vacancy Formation Energy (Cell Structure Relaxation): -81.0924310923 Size:  6
Vacancy Formation Energy (Cell Structure Relaxation): -74.3980392548 Size:  6
Vacancy Formation Energy (Cell Structure Relaxation): -69.5467785622 Size:  6
Vacancy Formation Energy (Cell Structure Relaxation): -78.4038067424 Size:  6
Vacancy Formation Energy (Cell Structure Relaxation): -77.3041526887 Size:  6
Vacancy Formation Energy (Cell Structure Relaxation): -71.5104404695 Size:  6
Vacancy Formation Energy (Cell Structure Relaxation): -76.9128362942 Size:  6
Vacancy Formation Energy (Cell Structure Relaxation): -78.311347301 Size:  6
Vacancy Formation Energy (Cell Structure Relaxation): -72.4357898233 Size:  6
Vacancy Formation Energy (Cell Structure Relaxation): -80.1195927568 Size:  6
Vacancy Formation Energy (Cell Structure Relaxation): -71.8201837306 Size:  6
Vacancy Formation Energy (Cell Structure Relaxation): -82.3296807874 Size:  6
Vacancy Formation Energy (Cell Structure Relaxation): -67.8057727526 Size:  6
Vacancy Formation Energy (Cell Structure Relaxation): -81.8118694419 Size:  6
Vacancy Formation Energy (Cell Structure Relaxation): -78.3420743626 Size:  6
Vacancy Formation Energy (Cell Structure Relaxation): -81.4370504496 Size:  6
Vacancy Formation Energy (Cell Structure Relaxation): -80.6156095646 Size:  6
Vacancy Formation Energy (Cell Structure Relaxation): -79.2948475713 Size:  6
Vacancy Formation Energy (Cell Structure Relaxation): -82.2726165043 Size:  6
Vacancy Formation Energy (Cell Structure Relaxation): -77.969984738 Size:  6
Vacancy Formation Energy (Cell Structure Relaxation): -82.3640387424 Size:  6
Vacancy Formation Energy (Cell Structure Relaxation): -78.766034315 Size:  6
Vacancy Formation Energy (Cell Structure Relaxation): -82.3467875382 Size:  6
Vacancy Formation Energy (Cell Structure Relaxation): -79.5329629755 Size:  6
Vacancy Formation Energy (Cell Structure Relaxation): -82.5672024394 Size:  6
Vacancy Formation Energy (Cell Structure Relaxation): -82.064953477 Size:  6
Vacancy Formation Energy (Cell Structure Relaxation): -81.9125023374 Size:  6
Vacancy Formation Energy (Cell Structure Relaxation): -82.7390984772 Size:  6
Vacancy Formation Energy (Cell Structure Relaxation): -82.175564245 Size:  6
Vacancy Formation Energy (Cell Structure Relaxation): -82.7802563148 Size:  6
Vacancy Formation Energy (Cell Structure Relaxation): -82.1149224258 Size:  6
Vacancy Formation Energy (Cell Structure Relaxation): -82.8118164588 Size:  6
Vacancy Formation Energy (Cell Structure Relaxation): -81.8581372694 Size:  6
Vacancy Formation Energy (Cell Structure Relaxation): -82.8914425302 Size:  6
Vacancy Formation Energy (Cell Structure Relaxation): -82.1276857505 Size:  6
Vacancy Formation Energy (Cell Structure Relaxation): -82.8259974096 Size:  6
Vacancy Formation Energy (Cell Structure Relaxation): -82.2705924144 Size:  6
Vacancy Formation Energy (Cell Structure Relaxation): -82.8325983078 Size:  6
Vacancy Formation Energy (Cell Structure Relaxation): -82.3699651607 Size:  6
Vacancy Formation Energy (Cell Structure Relaxation): -82.8745686745 Size:  6
Vacancy Formation Energy (Cell Structure Relaxation): -82.3684206539 Size:  6
Vacancy Formation Energy (Cell Structure Relaxation): -82.9391594511 Size:  6
Vacancy Formation Energy (Cell Structure Relaxation): -82.8004121276 Size:  6
Vacancy Formation Energy (Cell Structure Relaxation): -82.9233418033 Size:  6
Vacancy Formation Energy (Cell Structure Relaxation): -82.7235817746 Size:  6
Vacancy Formation Energy (Cell Structure Relaxation): -82.9195083223 Size:  6
Vacancy Formation Energy (Cell Structure Relaxation): -82.8576831105 Size:  6
Vacancy Formation Energy (Cell Structure Relaxation): -82.8551807973 Size:  6
Vacancy Formation Energy (Cell Structure Relaxation): -82.9502225016 Size:  6
Vacancy Formation Energy (Cell Structure Relaxation): -82.7941831089 Size:  6
Vacancy Formation Energy (Cell Structure Relaxation): -82.9517444187 Size:  6
Vacancy Formation Energy (Cell Structure Relaxation): -82.677792436 Size:  6
Vacancy Formation Energy (Cell Structure Relaxation): -82.9551797528 Size:  6
Vacancy Formation Energy (Cell Structure Relaxation): -82.9167554056 Size:  6
Vacancy Formation Energy (Cell Structure Relaxation): -82.9641375641 Size:  6
Vacancy Formation Energy (Cell Structure Relaxation): -82.8761028562 Size:  6
Vacancy Formation Energy (Cell Structure Relaxation): -82.9687628455 Size:  6
Vacancy Formation Energy (Cell Structure Relaxation): -82.9391825944 Size:  6
Vacancy Formation Energy (Cell Structure Relaxation): -82.9347878907 Size:  6
Vacancy Formation Energy (Cell Structure Relaxation): -82.9785107334 Size:  6
Vacancy Formation Energy (Cell Structure Relaxation): -82.9399809122 Size:  6
Vacancy Formation Energy (Cell Structure Relaxation): -82.9699386429 Size:  6
Vacancy Formation Energy (Cell Structure Relaxation): -82.9114750895 Size:  6
Vacancy Formation Energy (Cell Structure Relaxation): -82.9782805985 Size:  6
Vacancy Formation Energy (Cell Structure Relaxation): -82.9522888397 Size:  6
Vacancy Formation Energy (Cell Structure Relaxation): -82.9718377706 Size:  6
Vacancy Formation Energy (Cell Structure Relaxation): -82.9619849152 Size:  6
Vacancy Formation Energy (Cell Structure Relaxation): -82.9747605959 Size:  6
Vacancy Formation Energy (Cell Structure Relaxation): -82.9530692948 Size:  6
Vacancy Formation Energy (Cell Structure Relaxation): -82.9774504914 Size:  6
Vacancy Formation Energy (Cell Structure Relaxation): -82.9699029572 Size:  6
Vacancy Formation Energy (Cell Structure Relaxation): -82.9766296732 Size:  6
Vacancy Formation Energy (Cell Structure Relaxation): -82.9789017709 Size:  6
Vacancy Formation Energy (Cell Structure Relaxation): -82.967170933 Size:  6
Vacancy Formation Energy (Cell Structure Relaxation): -82.9693557274 Size:  6
Vacancy Formation Energy (Cell Structure Relaxation): -82.9784653509 Size:  6
Vacancy Formation Energy (Cell Structure Relaxation): -82.9805399289 Size:  6
Vacancy Formation Energy (Cell Structure Relaxation): -82.9737983047 Size:  6
Vacancy Formation Energy (Cell Structure Relaxation): -82.9789953463 Size:  6
Vacancy Formation Energy (Cell Structure Relaxation): -82.9726045104 Size:  6
Vacancy Formation Energy (Cell Structure Relaxation): -82.9809272508 Size:  6
Vacancy Formation Energy (Cell Structure Relaxation): -82.978743766 Size:  6
Vacancy Formation Energy (Cell Structure Relaxation): -82.977803478 Size:  6
Vacancy Formation Energy (Cell Structure Relaxation): -82.980835728 Size:  6
Vacancy Formation Energy (Cell Structure Relaxation): -82.9722933868 Size:  6
Vacancy Formation Energy (Cell Structure Relaxation): -82.9813213812 Size:  6
Vacancy Formation Energy (Cell Structure Relaxation): -82.9792187241 Size:  6
Vacancy Formation Energy (Cell Structure Relaxation): -82.9800906996 Size:  6
Vacancy Formation Energy (Cell Structure Relaxation): -82.9770109784 Size:  6
Vacancy Formation Energy (Cell Structure Relaxation): -82.9811751012 Size:  6
Vacancy Formation Energy (Cell Structure Relaxation): -82.9772592413 Size:  6
Vacancy Formation Energy (Cell Structure Relaxation): -82.9812175055 Size:  6
Vacancy Formation Energy (Cell Structure Relaxation): -82.9801166562 Size:  6
Vacancy Formation Energy (Cell Structure Relaxation): -82.9812588299 Size:  6
Vacancy Formation Energy (Cell Structure Relaxation): -82.9789140225 Size:  6
Vacancy Formation Energy (Cell Structure Relaxation): -82.9815005603 Size:  6
Vacancy Formation Energy (Cell Structure Relaxation): -82.9809742534 Size:  6
Vacancy Formation Energy (Cell Structure Relaxation): -82.979475966 Size:  6
Vacancy Formation Energy (Cell Structure Relaxation): -82.9815672155 Size:  6
Vacancy Formation Energy (Cell Structure Relaxation): -82.9810279925 Size:  6
Vacancy Formation Energy (Cell Structure Relaxation): -82.9814647671 Size:  6
Vacancy Formation Energy (Cell Structure Relaxation): -82.980957581 Size:  6
Vacancy Formation Energy (Cell Structure Relaxation): -82.9815179545 Size:  6
Vacancy Formation Energy (Cell Structure Relaxation): -82.9813768159 Size:  6
Vacancy Formation Energy (Cell Structure Relaxation): -82.9813096508 Size:  6
Vacancy Formation Energy (Cell Structure Relaxation): -82.9815594895 Size:  6
Vacancy Formation Energy (Cell Structure Relaxation): -82.9808438072 Size:  6
Vacancy Formation Energy (Cell Structure Relaxation): -82.981598805 Size:  6
Vacancy Formation Energy (Cell Structure Relaxation): -82.9814685729 Size:  6
Vacancy Formation Energy (Cell Structure Relaxation): -82.9814082884 Size:  6
Vacancy Formation Energy (Cell Structure Relaxation): -82.9816022424 Size:  6
Vacancy Formation Energy (Cell Structure Relaxation): -82.9813892417 Size:  6
Vacancy Formation Energy (Cell Structure Relaxation): -82.9816058956 Size:  6
Vacancy Formation Energy (Cell Structure Relaxation): -82.9813687794 Size:  6
Vacancy Formation Energy (Cell Structure Relaxation): -82.9816176961 Size:  6
Vacancy Formation Energy (Cell Structure Relaxation): -82.9813868395 Size:  6
Vacancy Formation Energy (Cell Structure Relaxation): -82.981620417 Size:  6
Vacancy Formation Energy (Cell Structure Relaxation): -82.9815462914 Size:  6
Vacancy Formation Energy (Cell Structure Relaxation): -82.9816194199 Size:  6
Vacancy Formation Energy (Cell Structure Relaxation): -82.9815619996 Size:  6
Vacancy Formation Energy (Cell Structure Relaxation): -82.9816212272 Size:  6
Vacancy Formation Energy (Cell Structure Relaxation): -82.9815998133 Size:  6
Vacancy Formation Energy (Cell Structure Relaxation): -82.981629382 Size:  6
Vacancy Formation Energy (Cell Structure Relaxation): -82.9816045728 Size:  6
Vacancy Formation Energy (Cell Structure Relaxation): -82.9816313076 Size:  6
Vacancy Formation Energy (Cell Structure Relaxation): -82.9815555826 Size:  6
Vacancy Formation Energy (Cell Structure Relaxation): -82.9816357428 Size:  6
Vacancy Formation Energy (Cell Structure Relaxation): -82.9816001195 Size:  6
Vacancy Formation Energy (Cell Structure Relaxation): -82.9816352221 Size:  6
Vacancy Formation Energy (Cell Structure Relaxation): -82.9816280702 Size:  6
Vacancy Formation Energy (Cell Structure Relaxation): -82.9816171546 Size:  6
Vacancy Formation Energy (Cell Structure Relaxation): -82.9816355468 Size:  6
Vacancy Formation Energy (Cell Structure Relaxation): -82.981619521 Size:  6
Vacancy Formation Energy (Cell Structure Relaxation): -82.981635771 Size:  6
Vacancy Formation Energy (Cell Structure Relaxation): -82.9816181627 Size:  6
Vacancy Formation Energy (Cell Structure Relaxation): -82.981638208 Size:  6
Vacancy Formation Energy (Cell Structure Relaxation): -82.9816327406 Size:  6
Vacancy Formation Energy (Cell Structure Relaxation): -82.9816333267 Size:  6
Vacancy Formation Energy (Cell Structure Relaxation): -82.9816238009 Size:  6
Vacancy Formation Energy (Cell Structure Relaxation): -82.9816397419 Size:  6
Vacancy Formation Energy (Cell Structure Relaxation): -82.9816329217 Size:  6
Vacancy Formation Energy (Cell Structure Relaxation): -82.9816391113 Size:  6
Vacancy Formation Energy (Cell Structure Relaxation): -82.9816279177 Size:  6
Vacancy Formation Energy (Cell Structure Relaxation): -82.9816401755 Size:  6
Vacancy Formation Energy (Cell Structure Relaxation): -82.9816352473 Size:  6
Vacancy Formation Energy (Cell Structure Relaxation): -82.9816396103 Size:  6
Vacancy Formation Energy (Cell Structure Relaxation): -82.9816315478 Size:  6
Vacancy Formation Energy (Cell Structure Relaxation): -82.9816400175 Size:  6
Vacancy Formation Energy (Cell Structure Relaxation): -82.9816345586 Size:  6
Vacancy Formation Energy (Cell Structure Relaxation): -82.9816397586 Size:  6
Vacancy Formation Energy (Cell Structure Relaxation): -82.9816381682 Size:  6
Vacancy Formation Energy (Cell Structure Relaxation): -82.9816402727 Size:  6
Vacancy Formation Energy (Cell Structure Relaxation): -82.981639643 Size:  6
Vacancy Formation Energy (Cell Structure Relaxation): -82.9816382905 Size:  6
Vacancy Formation Energy (Cell Structure Relaxation): -82.9816407909 Size:  6
Vacancy Formation Energy (Cell Structure Relaxation): -82.981639571 Size:  6
Vacancy Formation Energy (Cell Structure Relaxation): -82.9816406885 Size:  6
Vacancy Formation Energy (Cell Structure Relaxation): -82.9816386556 Size:  6
Vacancy Formation Energy (Cell Structure Relaxation): -82.9816408057 Size:  6
Vacancy Formation Energy (Cell Structure Relaxation): -82.9816396643 Size:  6
Vacancy Formation Energy (Cell Structure Relaxation): -82.9816407232 Size:  6
Vacancy Formation Energy (Cell Structure Relaxation): -82.9816390182 Size:  6
Vacancy Formation Energy (Cell Structure Relaxation): -82.9816408674 Size:  6
Vacancy Formation Energy (Cell Structure Relaxation): -82.9816400888 Size:  6
Vacancy Formation Energy (Cell Structure Relaxation): -82.981640823 Size:  6
Vacancy Formation Energy (Cell Structure Relaxation): -82.9816397298 Size:  6
Vacancy Formation Energy (Cell Structure Relaxation): -82.9816408894 Size:  6
Vacancy Formation Energy (Cell Structure Relaxation): -82.9816406646 Size:  6
Vacancy Formation Energy (Cell Structure Relaxation): -82.9816409433 Size:  6
Vacancy Formation Energy (Cell Structure Relaxation): -82.9816407678 Size:  6
Vacancy Formation Energy (Cell Structure Relaxation): -82.9816409719 Size:  6
Vacancy Formation Energy (Cell Structure Relaxation): -82.9816404789 Size:  6
Vacancy Formation Energy (Cell Structure Relaxation): -82.9816410002 Size:  6
Vacancy Formation Energy (Cell Structure Relaxation): -82.9816407702 Size:  6
Vacancy Formation Energy (Cell Structure Relaxation): -82.9816409781 Size:  6
Vacancy Formation Energy (Cell Structure Relaxation): -82.9816408384 Size:  6
Vacancy Formation Energy (Cell Structure Relaxation): -82.9816409878 Size:  6
Vacancy Formation Energy (Cell Structure Relaxation): -82.9816408075 Size:  6
Vacancy Formation Energy (Cell Structure Relaxation): -82.9816410001 Size:  6
Vacancy Formation Energy (Cell Structure Relaxation): -82.9816407547 Size:  6
Vacancy Formation Energy (Cell Structure Relaxation): -82.9816410117 Size:  6
Vacancy Formation Energy (Cell Structure Relaxation): -82.9816408769 Size:  6
Vacancy Formation Energy (Cell Structure Relaxation): -82.9816410177 Size:  6
Vacancy Formation Energy (Cell Structure Relaxation): -82.9816409731 Size:  6
Vacancy Formation Energy (Cell Structure Relaxation): -82.9816410193 Size:  6
Vacancy Formation Energy (Cell Structure Relaxation): -82.9816409337 Size:  6
Vacancy Formation Energy (Cell Structure Relaxation): -82.9816410246 Size:  6
Vacancy Formation Energy (Cell Structure Relaxation): -82.9816409964 Size:  6
Vacancy Formation Energy (Cell Structure Relaxation): -82.9816410267 Size:  6
Vacancy Formation Energy (Cell Structure Relaxation): -82.9816409717 Size:  6
Vacancy Formation Energy (Cell Structure Relaxation): -82.9816410293 Size:  6
Vacancy Formation Energy (Cell Structure Relaxation): -82.981640996 Size:  6
Vacancy Formation Energy (Cell Structure Relaxation): -82.9816410273 Size:  6
Vacancy Formation Energy (Cell Structure Relaxation): -82.9816409888 Size:  6
Vacancy Formation Energy (Cell Structure Relaxation): -82.9816410318 Size:  6
Vacancy Formation Energy (Cell Structure Relaxation): -82.9816410089 Size:  6
Vacancy Formation Energy (Cell Structure Relaxation): -82.9816410319 Size:  6
Vacancy Formation Energy (Cell Structure Relaxation): -82.9816410218 Size:  6
Vacancy Formation Energy (Cell Structure Relaxation): -82.9816410326 Size:  6
Vacancy Formation Energy (Cell Structure Relaxation): -82.9816410114 Size:  6
Vacancy Formation Energy (Cell Structure Relaxation): -82.9816410342 Size:  6
Vacancy Formation Energy (Cell Structure Relaxation): -82.9816410314 Size:  6
Vacancy Formation Energy (Cell Structure Relaxation): -82.9816410199 Size:  6
Vacancy Formation Energy (Cell Structure Relaxation): -82.9816410348 Size:  6
Vacancy Formation Energy (Cell Structure Relaxation): -82.9816410278 Size:  6
Vacancy Formation Energy (Cell Structure Relaxation): -82.9816410347 Size:  6
Vacancy Formation Energy (Cell Structure Relaxation): -82.9816410266 Size:  6
Vacancy Formation Energy (Cell Structure Relaxation): -82.9816410355 Size:  6
Vacancy Formation Energy (Cell Structure Relaxation): -82.9816410254 Size:  6
Vacancy Formation Energy (Cell Structure Relaxation): -82.9816410357 Size:  6
Vacancy Formation Energy (Cell Structure Relaxation): -82.9816410335 Size:  6
Vacancy Formation Energy (Cell Structure Relaxation): -82.9816410291 Size:  6
Vacancy Formation Energy (Cell Structure Relaxation): -82.9816410357 Size:  6
Vacancy Formation Energy (Cell Structure Relaxation): -82.9816410328 Size:  6
Vacancy Formation Energy (Cell Structure Relaxation): -82.9816410357 Size:  6
Vacancy Formation Energy (Cell Structure Relaxation): -82.9816410331 Size:  6
Vacancy Formation Energy (Cell Structure Relaxation): -82.9816410359 Size:  6
Vacancy Formation Energy (Cell Structure Relaxation): -82.9816410342 Size:  6
Vacancy Formation Energy (Cell Structure Relaxation): -82.981641036 Size:  6
Vacancy Formation Energy (Cell Structure Relaxation): -82.9816410337 Size:  6
Vacancy Formation Energy (Cell Structure Relaxation): -82.981641036 Size:  6
Vacancy Formation Energy (Cell Structure Relaxation): -82.9816410357 Size:  6
Optimization terminated successfully.
         Current function value: -82.981641
         Iterations: 137
         Function evaluations: 247
Summary:
Vacancy Formation Energy: -82.981641036
Unrelaxed Cell Volume: 2765.28776374
Relaxed Cell Volume: 2366.21142263
Relaxation Volume: 399.076341116
Relaxed Cell Vector:
[  1.49485232e+01   3.92307016e-06   1.22411174e+01   5.76689299e-04
   2.51292126e-04   1.29310620e+01]
Unrelaxed Cell Vector:
[14.03611045938, 0.0, 14.03611045938, 0.0, 0.0, 14.03611045938]
Relaxed Cell:
[[  1.49485232e+01   0.00000000e+00   0.00000000e+00]
 [  3.92307016e-06   1.22411174e+01   0.00000000e+00]
 [  5.76689299e-04   2.51292126e-04   1.29310620e+01]]
Unrelaxed Cell:
[[ 14.03611046   0.           0.        ]
 [  0.          14.03611046   0.        ]
 [  0.           0.          14.03611046]]
