Imported bulk from ase.lattice
Parameters Input: Si diamond Three_Body_Stillinger_Weber_Balamane_Si__MO_113686039439_001 [5.43094977907]

[Calculation]

Supercell Size: 3
Unrelaxed Cell:
[[ 16.29284934   0.           0.        ]
 [  0.          16.29284934   0.        ]
 [  0.           0.          16.29284934]]
Unrelaxed Cell Vector:
[16.292849337210001, 0.0, 16.292849337210001, 0.0, 0.0, 16.292849337210001]
Vacancy Formation Energy (Cell Structure Relaxation): 4.62999999991 Size:  3
Vacancy Formation Energy (Cell Structure Relaxation): 9.72406094051 Size:  3
Vacancy Formation Energy (Cell Structure Relaxation): 4.63491820033 Size:  3
Vacancy Formation Energy (Cell Structure Relaxation): 9.72441119625 Size:  3
Vacancy Formation Energy (Cell Structure Relaxation): 4.63892112521 Size:  3
Vacancy Formation Energy (Cell Structure Relaxation): 4.63892149868 Size:  3
Vacancy Formation Energy (Cell Structure Relaxation): 9.72496362734 Size:  3
Vacancy Formation Energy (Cell Structure Relaxation): 8.14164699043 Size:  3
Vacancy Formation Energy (Cell Structure Relaxation): 6.70555564561 Size:  3
Vacancy Formation Energy (Cell Structure Relaxation): 8.88248794592 Size:  3
Vacancy Formation Energy (Cell Structure Relaxation): 4.30333615754 Size:  3
Vacancy Formation Energy (Cell Structure Relaxation): 5.81660269376 Size:  3
Vacancy Formation Energy (Cell Structure Relaxation): 6.52651186363 Size:  3
Vacancy Formation Energy (Cell Structure Relaxation): 3.80449057381 Size:  3
Vacancy Formation Energy (Cell Structure Relaxation): 5.81343430673 Size:  3
Vacancy Formation Energy (Cell Structure Relaxation): 3.58735647745 Size:  3
Vacancy Formation Energy (Cell Structure Relaxation): 3.03510213291 Size:  3
Vacancy Formation Energy (Cell Structure Relaxation): 3.43207177938 Size:  3
Vacancy Formation Energy (Cell Structure Relaxation): 3.27482944252 Size:  3
Vacancy Formation Energy (Cell Structure Relaxation): 3.74833573255 Size:  3
Vacancy Formation Energy (Cell Structure Relaxation): 4.6541951549 Size:  3
Vacancy Formation Energy (Cell Structure Relaxation): 2.86874052476 Size:  3
Vacancy Formation Energy (Cell Structure Relaxation): 4.89083683687 Size:  3
Vacancy Formation Energy (Cell Structure Relaxation): 3.32380961541 Size:  3
Vacancy Formation Energy (Cell Structure Relaxation): 4.94532153189 Size:  3
Vacancy Formation Energy (Cell Structure Relaxation): 3.17895740039 Size:  3
Vacancy Formation Energy (Cell Structure Relaxation): 2.89930966164 Size:  3
Vacancy Formation Energy (Cell Structure Relaxation): 3.33287103069 Size:  3
Vacancy Formation Energy (Cell Structure Relaxation): 3.02248107784 Size:  3
Vacancy Formation Energy (Cell Structure Relaxation): 3.27146230401 Size:  3
Vacancy Formation Energy (Cell Structure Relaxation): 3.10956388923 Size:  3
Vacancy Formation Energy (Cell Structure Relaxation): 2.95036550443 Size:  3
Vacancy Formation Energy (Cell Structure Relaxation): 2.82540176846 Size:  3
Vacancy Formation Energy (Cell Structure Relaxation): 3.09512970365 Size:  3
Vacancy Formation Energy (Cell Structure Relaxation): 3.46124568185 Size:  3
Vacancy Formation Energy (Cell Structure Relaxation): 2.87040985547 Size:  3
Vacancy Formation Energy (Cell Structure Relaxation): 2.81847959173 Size:  3
Vacancy Formation Energy (Cell Structure Relaxation): 3.02370050764 Size:  3
Vacancy Formation Energy (Cell Structure Relaxation): 2.96252675321 Size:  3
Vacancy Formation Energy (Cell Structure Relaxation): 2.83241332498 Size:  3
Vacancy Formation Energy (Cell Structure Relaxation): 3.09255526287 Size:  3
Vacancy Formation Energy (Cell Structure Relaxation): 2.82152943592 Size:  3
Vacancy Formation Energy (Cell Structure Relaxation): 2.83676974992 Size:  3
Vacancy Formation Energy (Cell Structure Relaxation): 2.89362439563 Size:  3
Vacancy Formation Energy (Cell Structure Relaxation): 2.80744528533 Size:  3
Vacancy Formation Energy (Cell Structure Relaxation): 2.86043833977 Size:  3
Vacancy Formation Energy (Cell Structure Relaxation): 2.80499107723 Size:  3
Vacancy Formation Energy (Cell Structure Relaxation): 2.84657155706 Size:  3
Vacancy Formation Energy (Cell Structure Relaxation): 2.79853545758 Size:  3
Vacancy Formation Energy (Cell Structure Relaxation): 2.87027607415 Size:  3
Vacancy Formation Energy (Cell Structure Relaxation): 2.79500969058 Size:  3
Vacancy Formation Energy (Cell Structure Relaxation): 2.82791385276 Size:  3
Vacancy Formation Energy (Cell Structure Relaxation): 2.79557185721 Size:  3
Vacancy Formation Energy (Cell Structure Relaxation): 2.84237032304 Size:  3
Vacancy Formation Energy (Cell Structure Relaxation): 2.79365348904 Size:  3
Vacancy Formation Energy (Cell Structure Relaxation): 2.82988653039 Size:  3
Vacancy Formation Energy (Cell Structure Relaxation): 2.79358101616 Size:  3
Vacancy Formation Energy (Cell Structure Relaxation): 2.84019516378 Size:  3
Vacancy Formation Energy (Cell Structure Relaxation): 2.7894761299 Size:  3
Vacancy Formation Energy (Cell Structure Relaxation): 2.80174566889 Size:  3
Vacancy Formation Energy (Cell Structure Relaxation): 2.79048666587 Size:  3
Vacancy Formation Energy (Cell Structure Relaxation): 2.79898483739 Size:  3
Vacancy Formation Energy (Cell Structure Relaxation): 2.78978650277 Size:  3
Vacancy Formation Energy (Cell Structure Relaxation): 2.79812432926 Size:  3
Vacancy Formation Energy (Cell Structure Relaxation): 2.78884687518 Size:  3
Vacancy Formation Energy (Cell Structure Relaxation): 2.80348836956 Size:  3
Vacancy Formation Energy (Cell Structure Relaxation): 2.78820712398 Size:  3
Vacancy Formation Energy (Cell Structure Relaxation): 2.79173905569 Size:  3
Vacancy Formation Energy (Cell Structure Relaxation): 2.79645365809 Size:  3
Vacancy Formation Energy (Cell Structure Relaxation): 2.78827468859 Size:  3
Vacancy Formation Energy (Cell Structure Relaxation): 2.79553547949 Size:  3
Vacancy Formation Energy (Cell Structure Relaxation): 2.78773203105 Size:  3
Vacancy Formation Energy (Cell Structure Relaxation): 2.79076199785 Size:  3
Vacancy Formation Energy (Cell Structure Relaxation): 2.78773169204 Size:  3
Vacancy Formation Energy (Cell Structure Relaxation): 2.79183745037 Size:  3
Vacancy Formation Energy (Cell Structure Relaxation): 2.78739635801 Size:  3
Vacancy Formation Energy (Cell Structure Relaxation): 2.7902614511 Size:  3
Vacancy Formation Energy (Cell Structure Relaxation): 2.78743021652 Size:  3
Vacancy Formation Energy (Cell Structure Relaxation): 2.79050543873 Size:  3
Vacancy Formation Energy (Cell Structure Relaxation): 2.78720508293 Size:  3
Vacancy Formation Energy (Cell Structure Relaxation): 2.78932306752 Size:  3
Vacancy Formation Energy (Cell Structure Relaxation): 2.78713300163 Size:  3
Vacancy Formation Energy (Cell Structure Relaxation): 2.78838911572 Size:  3
Vacancy Formation Energy (Cell Structure Relaxation): 2.78719154076 Size:  3
Vacancy Formation Energy (Cell Structure Relaxation): 2.78844953396 Size:  3
Vacancy Formation Energy (Cell Structure Relaxation): 2.78702662187 Size:  3
Vacancy Formation Energy (Cell Structure Relaxation): 2.78763183021 Size:  3
Vacancy Formation Energy (Cell Structure Relaxation): 2.78704612894 Size:  3
Vacancy Formation Energy (Cell Structure Relaxation): 2.78784535619 Size:  3
Vacancy Formation Energy (Cell Structure Relaxation): 2.78696744182 Size:  3
Vacancy Formation Energy (Cell Structure Relaxation): 2.78799874748 Size:  3
Vacancy Formation Energy (Cell Structure Relaxation): 2.78694714099 Size:  3
Vacancy Formation Energy (Cell Structure Relaxation): 2.78766428464 Size:  3
Vacancy Formation Energy (Cell Structure Relaxation): 2.78692066849 Size:  3
Vacancy Formation Energy (Cell Structure Relaxation): 2.78736370702 Size:  3
Vacancy Formation Energy (Cell Structure Relaxation): 2.78694634335 Size:  3
Vacancy Formation Energy (Cell Structure Relaxation): 2.78701479942 Size:  3
Vacancy Formation Energy (Cell Structure Relaxation): 2.78710407916 Size:  3
Vacancy Formation Energy (Cell Structure Relaxation): 2.78690841988 Size:  3
Vacancy Formation Energy (Cell Structure Relaxation): 2.7870956237 Size:  3
Vacancy Formation Energy (Cell Structure Relaxation): 2.78690218891 Size:  3
Vacancy Formation Energy (Cell Structure Relaxation): 2.78702133832 Size:  3
Vacancy Formation Energy (Cell Structure Relaxation): 2.78690395014 Size:  3
Vacancy Formation Energy (Cell Structure Relaxation): 2.78709299794 Size:  3
Vacancy Formation Energy (Cell Structure Relaxation): 2.78688199131 Size:  3
Vacancy Formation Energy (Cell Structure Relaxation): 2.78709827576 Size:  3
Vacancy Formation Energy (Cell Structure Relaxation): 2.78687681984 Size:  3
Vacancy Formation Energy (Cell Structure Relaxation): 2.78691051771 Size:  3
Vacancy Formation Energy (Cell Structure Relaxation): 2.78689857465 Size:  3
Vacancy Formation Energy (Cell Structure Relaxation): 2.78696974951 Size:  3
Vacancy Formation Energy (Cell Structure Relaxation): 2.78687153137 Size:  3
Vacancy Formation Energy (Cell Structure Relaxation): 2.7869051684 Size:  3
Vacancy Formation Energy (Cell Structure Relaxation): 2.78687507673 Size:  3
Vacancy Formation Energy (Cell Structure Relaxation): 2.78693274068 Size:  3
Vacancy Formation Energy (Cell Structure Relaxation): 2.78687240253 Size:  3
Vacancy Formation Energy (Cell Structure Relaxation): 2.78690305831 Size:  3
Vacancy Formation Energy (Cell Structure Relaxation): 2.7868743545 Size:  3
Vacancy Formation Energy (Cell Structure Relaxation): 2.78690132811 Size:  3
Vacancy Formation Energy (Cell Structure Relaxation): 2.7868729452 Size:  3
Vacancy Formation Energy (Cell Structure Relaxation): 2.78687857333 Size:  3
Vacancy Formation Energy (Cell Structure Relaxation): 2.78686749413 Size:  3
Vacancy Formation Energy (Cell Structure Relaxation): 2.78688424001 Size:  3
Vacancy Formation Energy (Cell Structure Relaxation): 2.78686667757 Size:  3
Vacancy Formation Energy (Cell Structure Relaxation): 2.78687849557 Size:  3
Vacancy Formation Energy (Cell Structure Relaxation): 2.7868665974 Size:  3
Vacancy Formation Energy (Cell Structure Relaxation): 2.78688043611 Size:  3
Vacancy Formation Energy (Cell Structure Relaxation): 2.78686616799 Size:  3
Vacancy Formation Energy (Cell Structure Relaxation): 2.78688485005 Size:  3
Vacancy Formation Energy (Cell Structure Relaxation): 2.78686539736 Size:  3
Vacancy Formation Energy (Cell Structure Relaxation): 2.78687379392 Size:  3
Vacancy Formation Energy (Cell Structure Relaxation): 2.78686625239 Size:  3
Vacancy Formation Energy (Cell Structure Relaxation): 2.78687319113 Size:  3
Vacancy Formation Energy (Cell Structure Relaxation): 2.78686596357 Size:  3
Vacancy Formation Energy (Cell Structure Relaxation): 2.78686757458 Size:  3
Vacancy Formation Energy (Cell Structure Relaxation): 2.78686509271 Size:  3
Vacancy Formation Energy (Cell Structure Relaxation): 2.78686730557 Size:  3
Vacancy Formation Energy (Cell Structure Relaxation): 2.78686482293 Size:  3
Vacancy Formation Energy (Cell Structure Relaxation): 2.78686737203 Size:  3
Vacancy Formation Energy (Cell Structure Relaxation): 2.78686477845 Size:  3
Vacancy Formation Energy (Cell Structure Relaxation): 2.78686592467 Size:  3
Vacancy Formation Energy (Cell Structure Relaxation): 2.78686787871 Size:  3
Vacancy Formation Energy (Cell Structure Relaxation): 2.78686455858 Size:  3
Vacancy Formation Energy (Cell Structure Relaxation): 2.78686600874 Size:  3
Vacancy Formation Energy (Cell Structure Relaxation): 2.7868646557 Size:  3
Vacancy Formation Energy (Cell Structure Relaxation): 2.78686629892 Size:  3
Vacancy Formation Energy (Cell Structure Relaxation): 2.78686460151 Size:  3
Vacancy Formation Energy (Cell Structure Relaxation): 2.78686668742 Size:  3
Vacancy Formation Energy (Cell Structure Relaxation): 2.78686439449 Size:  3
Vacancy Formation Energy (Cell Structure Relaxation): 2.78686504745 Size:  3
Vacancy Formation Energy (Cell Structure Relaxation): 2.78686441934 Size:  3
Vacancy Formation Energy (Cell Structure Relaxation): 2.78686556076 Size:  3
Vacancy Formation Energy (Cell Structure Relaxation): 2.78686430385 Size:  3
Vacancy Formation Energy (Cell Structure Relaxation): 2.78686543288 Size:  3
Vacancy Formation Energy (Cell Structure Relaxation): 2.78686430912 Size:  3
Vacancy Formation Energy (Cell Structure Relaxation): 2.78686516896 Size:  3
Vacancy Formation Energy (Cell Structure Relaxation): 2.78686429939 Size:  3
Vacancy Formation Energy (Cell Structure Relaxation): 2.78686453947 Size:  3
Vacancy Formation Energy (Cell Structure Relaxation): 2.78686453093 Size:  3
Vacancy Formation Energy (Cell Structure Relaxation): 2.78686465374 Size:  3
Vacancy Formation Energy (Cell Structure Relaxation): 2.78686429997 Size:  3
Vacancy Formation Energy (Cell Structure Relaxation): 2.78686452592 Size:  3
Vacancy Formation Energy (Cell Structure Relaxation): 2.78686430372 Size:  3
Vacancy Formation Energy (Cell Structure Relaxation): 2.7868643075 Size:  3
Vacancy Formation Energy (Cell Structure Relaxation): 2.78686448756 Size:  3
Vacancy Formation Energy (Cell Structure Relaxation): 2.78686425045 Size:  3
Vacancy Formation Energy (Cell Structure Relaxation): 2.78686431314 Size:  3
Vacancy Formation Energy (Cell Structure Relaxation): 2.78686423733 Size:  3
Vacancy Formation Energy (Cell Structure Relaxation): 2.7868643377 Size:  3
Vacancy Formation Energy (Cell Structure Relaxation): 2.78686423387 Size:  3
Vacancy Formation Energy (Cell Structure Relaxation): 2.78686438426 Size:  3
Vacancy Formation Energy (Cell Structure Relaxation): 2.78686422865 Size:  3
Vacancy Formation Energy (Cell Structure Relaxation): 2.78686434709 Size:  3
Vacancy Formation Energy (Cell Structure Relaxation): 2.78686423222 Size:  3
Vacancy Formation Energy (Cell Structure Relaxation): 2.78686430794 Size:  3
Vacancy Formation Energy (Cell Structure Relaxation): 2.78686423401 Size:  3
Vacancy Formation Energy (Cell Structure Relaxation): 2.78686439028 Size:  3
Vacancy Formation Energy (Cell Structure Relaxation): 2.78686422655 Size:  3
Vacancy Formation Energy (Cell Structure Relaxation): 2.78686426677 Size:  3
Vacancy Formation Energy (Cell Structure Relaxation): 2.7868642219 Size:  3
Vacancy Formation Energy (Cell Structure Relaxation): 2.78686422726 Size:  3
Vacancy Formation Energy (Cell Structure Relaxation): 2.78686424978 Size:  3
Vacancy Formation Energy (Cell Structure Relaxation): 2.78686421693 Size:  3
Vacancy Formation Energy (Cell Structure Relaxation): 2.78686423726 Size:  3
Vacancy Formation Energy (Cell Structure Relaxation): 2.78686421797 Size:  3
Vacancy Formation Energy (Cell Structure Relaxation): 2.78686425526 Size:  3
Vacancy Formation Energy (Cell Structure Relaxation): 2.78686421588 Size:  3
Vacancy Formation Energy (Cell Structure Relaxation): 2.78686422822 Size:  3
Vacancy Formation Energy (Cell Structure Relaxation): 2.78686421694 Size:  3
Vacancy Formation Energy (Cell Structure Relaxation): 2.78686422967 Size:  3
Vacancy Formation Energy (Cell Structure Relaxation): 2.78686421639 Size:  3
Vacancy Formation Energy (Cell Structure Relaxation): 2.7868642359 Size:  3
Vacancy Formation Energy (Cell Structure Relaxation): 2.78686421557 Size:  3
Vacancy Formation Energy (Cell Structure Relaxation): 2.78686422453 Size:  3
Vacancy Formation Energy (Cell Structure Relaxation): 2.78686421505 Size:  3
Vacancy Formation Energy (Cell Structure Relaxation): 2.78686422516 Size:  3
Vacancy Formation Energy (Cell Structure Relaxation): 2.78686421373 Size:  3
Vacancy Formation Energy (Cell Structure Relaxation): 2.7868642151 Size:  3
Vacancy Formation Energy (Cell Structure Relaxation): 2.78686422 Size:  3
Vacancy Formation Energy (Cell Structure Relaxation): 2.78686421371 Size:  3
Vacancy Formation Energy (Cell Structure Relaxation): 2.78686421683 Size:  3
Vacancy Formation Energy (Cell Structure Relaxation): 2.78686421381 Size:  3
Vacancy Formation Energy (Cell Structure Relaxation): 2.78686421745 Size:  3
Vacancy Formation Energy (Cell Structure Relaxation): 2.78686421357 Size:  3
Vacancy Formation Energy (Cell Structure Relaxation): 2.78686421713 Size:  3
Vacancy Formation Energy (Cell Structure Relaxation): 2.7868642135 Size:  3
Vacancy Formation Energy (Cell Structure Relaxation): 2.78686421608 Size:  3
Vacancy Formation Energy (Cell Structure Relaxation): 2.78686421344 Size:  3
Vacancy Formation Energy (Cell Structure Relaxation): 2.78686421662 Size:  3
Vacancy Formation Energy (Cell Structure Relaxation): 2.78686421338 Size:  3
Vacancy Formation Energy (Cell Structure Relaxation): 2.78686421407 Size:  3
Vacancy Formation Energy (Cell Structure Relaxation): 2.7868642132 Size:  3
Vacancy Formation Energy (Cell Structure Relaxation): 2.78686421375 Size:  3
Vacancy Formation Energy (Cell Structure Relaxation): 2.7868642132 Size:  3
Vacancy Formation Energy (Cell Structure Relaxation): 2.78686421395 Size:  3
Vacancy Formation Energy (Cell Structure Relaxation): 2.78686421317 Size:  3
Vacancy Formation Energy (Cell Structure Relaxation): 2.78686421388 Size:  3
Vacancy Formation Energy (Cell Structure Relaxation): 2.78686421313 Size:  3
Optimization terminated successfully.
         Current function value: 2.786864
         Iterations: 116
         Function evaluations: 217
Summary:
Vacancy Formation Energy: 2.78686421313
Unrelaxed Cell Volume: 4325.0499212
Relaxed Cell Volume: 4291.273357
Relaxation Volume: 33.7765641937
Relaxed Cell Vector:
[  1.62499154e+01   1.11593096e-04   1.62507880e+01   1.18000872e-04
  -4.22285504e-05   1.62502726e+01]
Unrelaxed Cell Vector:
[16.292849337210001, 0.0, 16.292849337210001, 0.0, 0.0, 16.292849337210001]
Relaxed Cell:
[[  1.62499154e+01   0.00000000e+00   0.00000000e+00]
 [  1.11593096e-04   1.62507880e+01   0.00000000e+00]
 [  1.18000872e-04  -4.22285504e-05   1.62502726e+01]]
Unrelaxed Cell:
[[ 16.29284934   0.           0.        ]
 [  0.          16.29284934   0.        ]
 [  0.           0.          16.29284934]]

Supercell Size: 4
Unrelaxed Cell:
[[ 21.72379912   0.           0.        ]
 [  0.          21.72379912   0.        ]
 [  0.           0.          21.72379912]]
Unrelaxed Cell Vector:
[21.723799116279999, 0.0, 21.723799116279999, 0.0, 0.0, 21.723799116279999]
Vacancy Formation Energy (Cell Structure Relaxation): 4.62999999991 Size:  4
Vacancy Formation Energy (Cell Structure Relaxation): 16.9215896954 Size:  4
Vacancy Formation Energy (Cell Structure Relaxation): 4.63507188119 Size:  4
Vacancy Formation Energy (Cell Structure Relaxation): 16.9209991803 Size:  4
Vacancy Formation Energy (Cell Structure Relaxation): 4.63899111739 Size:  4
Vacancy Formation Energy (Cell Structure Relaxation): 4.63899161443 Size:  4
Vacancy Formation Energy (Cell Structure Relaxation): 16.9223518007 Size:  4
Vacancy Formation Energy (Cell Structure Relaxation): 13.0728095865 Size:  4
Vacancy Formation Energy (Cell Structure Relaxation): 13.2759243 Size:  4
Vacancy Formation Energy (Cell Structure Relaxation): 19.306468303 Size:  4
Vacancy Formation Energy (Cell Structure Relaxation): 6.45543276706 Size:  4
Vacancy Formation Energy (Cell Structure Relaxation): 13.9191272353 Size:  4
Vacancy Formation Energy (Cell Structure Relaxation): 5.54316523321 Size:  4
Vacancy Formation Energy (Cell Structure Relaxation): 10.2801764054 Size:  4
Vacancy Formation Energy (Cell Structure Relaxation): 4.79100570009 Size:  4
Vacancy Formation Energy (Cell Structure Relaxation): 5.5203202577 Size:  4
Vacancy Formation Energy (Cell Structure Relaxation): 6.48194492475 Size:  4
Vacancy Formation Energy (Cell Structure Relaxation): 3.43592433967 Size:  4
Vacancy Formation Energy (Cell Structure Relaxation): 6.34925706633 Size:  4
Vacancy Formation Energy (Cell Structure Relaxation): 3.43895018277 Size:  4
Vacancy Formation Energy (Cell Structure Relaxation): 4.39116783976 Size:  4
Vacancy Formation Energy (Cell Structure Relaxation): 3.15872485577 Size:  4
Vacancy Formation Energy (Cell Structure Relaxation): 3.77755863945 Size:  4
Vacancy Formation Energy (Cell Structure Relaxation): 3.5360729931 Size:  4
Vacancy Formation Energy (Cell Structure Relaxation): 4.25772327151 Size:  4
Vacancy Formation Energy (Cell Structure Relaxation): 5.61070027225 Size:  4
Vacancy Formation Energy (Cell Structure Relaxation): 2.88174035507 Size:  4
Vacancy Formation Energy (Cell Structure Relaxation): 4.29755041179 Size:  4
Vacancy Formation Energy (Cell Structure Relaxation): 3.48439227686 Size:  4
Vacancy Formation Energy (Cell Structure Relaxation): 3.07414123943 Size:  4
Vacancy Formation Energy (Cell Structure Relaxation): 3.26660500628 Size:  4
Vacancy Formation Energy (Cell Structure Relaxation): 2.81009694922 Size:  4
Vacancy Formation Energy (Cell Structure Relaxation): 2.99079334132 Size:  4
Vacancy Formation Energy (Cell Structure Relaxation): 3.27970022715 Size:  4
Vacancy Formation Energy (Cell Structure Relaxation): 2.97766885801 Size:  4
Vacancy Formation Energy (Cell Structure Relaxation): 3.49147193387 Size:  4
Vacancy Formation Energy (Cell Structure Relaxation): 2.928294907 Size:  4
Vacancy Formation Energy (Cell Structure Relaxation): 3.09088733477 Size:  4
Vacancy Formation Energy (Cell Structure Relaxation): 3.16601568836 Size:  4
Vacancy Formation Energy (Cell Structure Relaxation): 2.89381642629 Size:  4
Vacancy Formation Energy (Cell Structure Relaxation): 3.31411520774 Size:  4
Vacancy Formation Energy (Cell Structure Relaxation): 2.85821345965 Size:  4
Vacancy Formation Energy (Cell Structure Relaxation): 3.14072756292 Size:  4
Vacancy Formation Energy (Cell Structure Relaxation): 2.86889601244 Size:  4
Vacancy Formation Energy (Cell Structure Relaxation): 3.24562532734 Size:  4
Vacancy Formation Energy (Cell Structure Relaxation): 2.82881119197 Size:  4
Vacancy Formation Energy (Cell Structure Relaxation): 2.95059685443 Size:  4
Vacancy Formation Energy (Cell Structure Relaxation): 2.84006937166 Size:  4
Vacancy Formation Energy (Cell Structure Relaxation): 2.8574427194 Size:  4
Vacancy Formation Energy (Cell Structure Relaxation): 2.94384607654 Size:  4
Vacancy Formation Energy (Cell Structure Relaxation): 2.82085313761 Size:  4
Vacancy Formation Energy (Cell Structure Relaxation): 2.8738917831 Size:  4
Vacancy Formation Energy (Cell Structure Relaxation): 2.8228435083 Size:  4
Vacancy Formation Energy (Cell Structure Relaxation): 2.92574650252 Size:  4
Vacancy Formation Energy (Cell Structure Relaxation): 2.81479915271 Size:  4
Vacancy Formation Energy (Cell Structure Relaxation): 2.85569398114 Size:  4
Vacancy Formation Energy (Cell Structure Relaxation): 2.82018350243 Size:  4
Vacancy Formation Energy (Cell Structure Relaxation): 2.83020802436 Size:  4
Vacancy Formation Energy (Cell Structure Relaxation): 2.81211129669 Size:  4
Vacancy Formation Energy (Cell Structure Relaxation): 2.85371506981 Size:  4
Vacancy Formation Energy (Cell Structure Relaxation): 2.81045650093 Size:  4
Vacancy Formation Energy (Cell Structure Relaxation): 2.83384804832 Size:  4
Vacancy Formation Energy (Cell Structure Relaxation): 2.81049302314 Size:  4
Vacancy Formation Energy (Cell Structure Relaxation): 2.81509900769 Size:  4
Vacancy Formation Energy (Cell Structure Relaxation): 2.83093636779 Size:  4
Vacancy Formation Energy (Cell Structure Relaxation): 2.80932770253 Size:  4
Vacancy Formation Energy (Cell Structure Relaxation): 2.81601157702 Size:  4
Vacancy Formation Energy (Cell Structure Relaxation): 2.80899933227 Size:  4
Vacancy Formation Energy (Cell Structure Relaxation): 2.82452618439 Size:  4
Vacancy Formation Energy (Cell Structure Relaxation): 2.80813898581 Size:  4
Vacancy Formation Energy (Cell Structure Relaxation): 2.81343277189 Size:  4
Vacancy Formation Energy (Cell Structure Relaxation): 2.80831711876 Size:  4
Vacancy Formation Energy (Cell Structure Relaxation): 2.81083811422 Size:  4
Vacancy Formation Energy (Cell Structure Relaxation): 2.80798610807 Size:  4
Vacancy Formation Energy (Cell Structure Relaxation): 2.8096527363 Size:  4
Vacancy Formation Energy (Cell Structure Relaxation): 2.80989196275 Size:  4
Vacancy Formation Energy (Cell Structure Relaxation): 2.8079857256 Size:  4
Vacancy Formation Energy (Cell Structure Relaxation): 2.81005133354 Size:  4
Vacancy Formation Energy (Cell Structure Relaxation): 2.80774205424 Size:  4
Vacancy Formation Energy (Cell Structure Relaxation): 2.80906739142 Size:  4
Vacancy Formation Energy (Cell Structure Relaxation): 2.80756779291 Size:  4
Vacancy Formation Energy (Cell Structure Relaxation): 2.81013881381 Size:  4
Vacancy Formation Energy (Cell Structure Relaxation): 2.80746581416 Size:  4
Vacancy Formation Energy (Cell Structure Relaxation): 2.80822845854 Size:  4
Vacancy Formation Energy (Cell Structure Relaxation): 2.8073596879 Size:  4
Vacancy Formation Energy (Cell Structure Relaxation): 2.80840114991 Size:  4
Vacancy Formation Energy (Cell Structure Relaxation): 2.80731376817 Size:  4
Vacancy Formation Energy (Cell Structure Relaxation): 2.80869023653 Size:  4
Vacancy Formation Energy (Cell Structure Relaxation): 2.80723672922 Size:  4
Vacancy Formation Energy (Cell Structure Relaxation): 2.80796230438 Size:  4
Vacancy Formation Energy (Cell Structure Relaxation): 2.80728662026 Size:  4
Vacancy Formation Energy (Cell Structure Relaxation): 2.80822680472 Size:  4
Vacancy Formation Energy (Cell Structure Relaxation): 2.80718875535 Size:  4
Vacancy Formation Energy (Cell Structure Relaxation): 2.80782571815 Size:  4
Vacancy Formation Energy (Cell Structure Relaxation): 2.80716852244 Size:  4
Vacancy Formation Energy (Cell Structure Relaxation): 2.80787377208 Size:  4
Vacancy Formation Energy (Cell Structure Relaxation): 2.80713268384 Size:  4
Vacancy Formation Energy (Cell Structure Relaxation): 2.80730893055 Size:  4
Vacancy Formation Energy (Cell Structure Relaxation): 2.80776154372 Size:  4
Vacancy Formation Energy (Cell Structure Relaxation): 2.80709267325 Size:  4
Vacancy Formation Energy (Cell Structure Relaxation): 2.80729751695 Size:  4
Vacancy Formation Energy (Cell Structure Relaxation): 2.80712874717 Size:  4
Vacancy Formation Energy (Cell Structure Relaxation): 2.80720673465 Size:  4
Vacancy Formation Energy (Cell Structure Relaxation): 2.80728673671 Size:  4
Vacancy Formation Energy (Cell Structure Relaxation): 2.80710038706 Size:  4
Vacancy Formation Energy (Cell Structure Relaxation): 2.80728840702 Size:  4
Vacancy Formation Energy (Cell Structure Relaxation): 2.80708991726 Size:  4
Vacancy Formation Energy (Cell Structure Relaxation): 2.80722973718 Size:  4
Vacancy Formation Energy (Cell Structure Relaxation): 2.80708897406 Size:  4
Vacancy Formation Energy (Cell Structure Relaxation): 2.80725228907 Size:  4
Vacancy Formation Energy (Cell Structure Relaxation): 2.80708030487 Size:  4
Vacancy Formation Energy (Cell Structure Relaxation): 2.8072300012 Size:  4
Vacancy Formation Energy (Cell Structure Relaxation): 2.80707142782 Size:  4
Vacancy Formation Energy (Cell Structure Relaxation): 2.80710753924 Size:  4
Vacancy Formation Energy (Cell Structure Relaxation): 2.80707048063 Size:  4
Vacancy Formation Energy (Cell Structure Relaxation): 2.80712224258 Size:  4
Vacancy Formation Energy (Cell Structure Relaxation): 2.80706867129 Size:  4
Vacancy Formation Energy (Cell Structure Relaxation): 2.8071014232 Size:  4
Vacancy Formation Energy (Cell Structure Relaxation): 2.80706790377 Size:  4
Vacancy Formation Energy (Cell Structure Relaxation): 2.80709414152 Size:  4
Vacancy Formation Energy (Cell Structure Relaxation): 2.80706742868 Size:  4
Vacancy Formation Energy (Cell Structure Relaxation): 2.80710696228 Size:  4
Vacancy Formation Energy (Cell Structure Relaxation): 2.80706587976 Size:  4
Vacancy Formation Energy (Cell Structure Relaxation): 2.8070917932 Size:  4
Vacancy Formation Energy (Cell Structure Relaxation): 2.80706441786 Size:  4
Vacancy Formation Energy (Cell Structure Relaxation): 2.80708515879 Size:  4
Vacancy Formation Energy (Cell Structure Relaxation): 2.80706218283 Size:  4
Vacancy Formation Energy (Cell Structure Relaxation): 2.80707337264 Size:  4
Vacancy Formation Energy (Cell Structure Relaxation): 2.80706298477 Size:  4
Vacancy Formation Energy (Cell Structure Relaxation): 2.80707226528 Size:  4
Vacancy Formation Energy (Cell Structure Relaxation): 2.80706245651 Size:  4
Vacancy Formation Energy (Cell Structure Relaxation): 2.80706959238 Size:  4
Vacancy Formation Energy (Cell Structure Relaxation): 2.8070624126 Size:  4
Vacancy Formation Energy (Cell Structure Relaxation): 2.80706606002 Size:  4
Vacancy Formation Energy (Cell Structure Relaxation): 2.8070618096 Size:  4
Vacancy Formation Energy (Cell Structure Relaxation): 2.80707065314 Size:  4
Vacancy Formation Energy (Cell Structure Relaxation): 2.80706146689 Size:  4
Vacancy Formation Energy (Cell Structure Relaxation): 2.8070649264 Size:  4
Vacancy Formation Energy (Cell Structure Relaxation): 2.80706150049 Size:  4
Vacancy Formation Energy (Cell Structure Relaxation): 2.80706413805 Size:  4
Vacancy Formation Energy (Cell Structure Relaxation): 2.80706108054 Size:  4
Vacancy Formation Energy (Cell Structure Relaxation): 2.80706424341 Size:  4
Vacancy Formation Energy (Cell Structure Relaxation): 2.80706090451 Size:  4
Vacancy Formation Energy (Cell Structure Relaxation): 2.80706446813 Size:  4
Vacancy Formation Energy (Cell Structure Relaxation): 2.80706089087 Size:  4
Vacancy Formation Energy (Cell Structure Relaxation): 2.80706180004 Size:  4
Vacancy Formation Energy (Cell Structure Relaxation): 2.80706309674 Size:  4
Vacancy Formation Energy (Cell Structure Relaxation): 2.80706079211 Size:  4
Vacancy Formation Energy (Cell Structure Relaxation): 2.80706173055 Size:  4
Vacancy Formation Energy (Cell Structure Relaxation): 2.80706087537 Size:  4
Vacancy Formation Energy (Cell Structure Relaxation): 2.80706182583 Size:  4
Vacancy Formation Energy (Cell Structure Relaxation): 2.80706078973 Size:  4
Vacancy Formation Energy (Cell Structure Relaxation): 2.80706212218 Size:  4
Vacancy Formation Energy (Cell Structure Relaxation): 2.80706075259 Size:  4
Vacancy Formation Energy (Cell Structure Relaxation): 2.80706129394 Size:  4
Vacancy Formation Energy (Cell Structure Relaxation): 2.80706070076 Size:  4
Vacancy Formation Energy (Cell Structure Relaxation): 2.80706126981 Size:  4
Vacancy Formation Energy (Cell Structure Relaxation): 2.8070606467 Size:  4
Vacancy Formation Energy (Cell Structure Relaxation): 2.80706120735 Size:  4
Vacancy Formation Energy (Cell Structure Relaxation): 2.80706065186 Size:  4
Vacancy Formation Energy (Cell Structure Relaxation): 2.80706078608 Size:  4
Vacancy Formation Energy (Cell Structure Relaxation): 2.80706092002 Size:  4
Vacancy Formation Energy (Cell Structure Relaxation): 2.80706063735 Size:  4
Vacancy Formation Energy (Cell Structure Relaxation): 2.80706104228 Size:  4
Vacancy Formation Energy (Cell Structure Relaxation): 2.80706062764 Size:  4
Vacancy Formation Energy (Cell Structure Relaxation): 2.80706074069 Size:  4
Vacancy Formation Energy (Cell Structure Relaxation): 2.80706095364 Size:  4
Vacancy Formation Energy (Cell Structure Relaxation): 2.80706062138 Size:  4
Vacancy Formation Energy (Cell Structure Relaxation): 2.80706072838 Size:  4
Vacancy Formation Energy (Cell Structure Relaxation): 2.80706063177 Size:  4
Vacancy Formation Energy (Cell Structure Relaxation): 2.80706075386 Size:  4
Vacancy Formation Energy (Cell Structure Relaxation): 2.80706062089 Size:  4
Vacancy Formation Energy (Cell Structure Relaxation): 2.80706064614 Size:  4
Vacancy Formation Energy (Cell Structure Relaxation): 2.80706065464 Size:  4
Vacancy Formation Energy (Cell Structure Relaxation): 2.80706061112 Size:  4
Vacancy Formation Energy (Cell Structure Relaxation): 2.80706066649 Size:  4
Vacancy Formation Energy (Cell Structure Relaxation): 2.80706060965 Size:  4
Vacancy Formation Energy (Cell Structure Relaxation): 2.80706066183 Size:  4
Vacancy Formation Energy (Cell Structure Relaxation): 2.80706060718 Size:  4
Vacancy Formation Energy (Cell Structure Relaxation): 2.80706065088 Size:  4
Vacancy Formation Energy (Cell Structure Relaxation): 2.80706060639 Size:  4
Vacancy Formation Energy (Cell Structure Relaxation): 2.80706064441 Size:  4
Vacancy Formation Energy (Cell Structure Relaxation): 2.80706060565 Size:  4
Vacancy Formation Energy (Cell Structure Relaxation): 2.80706063834 Size:  4
Vacancy Formation Energy (Cell Structure Relaxation): 2.80706060422 Size:  4
Vacancy Formation Energy (Cell Structure Relaxation): 2.80706062492 Size:  4
Vacancy Formation Energy (Cell Structure Relaxation): 2.80706060526 Size:  4
Vacancy Formation Energy (Cell Structure Relaxation): 2.80706061144 Size:  4
Vacancy Formation Energy (Cell Structure Relaxation): 2.8070606031 Size:  4
Vacancy Formation Energy (Cell Structure Relaxation): 2.80706061168 Size:  4
Vacancy Formation Energy (Cell Structure Relaxation): 2.8070606025 Size:  4
Vacancy Formation Energy (Cell Structure Relaxation): 2.80706061418 Size:  4
Vacancy Formation Energy (Cell Structure Relaxation): 2.80706060147 Size:  4
Vacancy Formation Energy (Cell Structure Relaxation): 2.8070606116 Size:  4
Vacancy Formation Energy (Cell Structure Relaxation): 2.80706060149 Size:  4
Vacancy Formation Energy (Cell Structure Relaxation): 2.80706060891 Size:  4
Vacancy Formation Energy (Cell Structure Relaxation): 2.80706060152 Size:  4
Vacancy Formation Energy (Cell Structure Relaxation): 2.8070606055 Size:  4
Vacancy Formation Energy (Cell Structure Relaxation): 2.80706060167 Size:  4
Vacancy Formation Energy (Cell Structure Relaxation): 2.80706060725 Size:  4
Vacancy Formation Energy (Cell Structure Relaxation): 2.80706060117 Size:  4
Vacancy Formation Energy (Cell Structure Relaxation): 2.80706060245 Size:  4
Vacancy Formation Energy (Cell Structure Relaxation): 2.80706060439 Size:  4
Vacancy Formation Energy (Cell Structure Relaxation): 2.80706060081 Size:  4
Vacancy Formation Energy (Cell Structure Relaxation): 2.80706060232 Size:  4
Vacancy Formation Energy (Cell Structure Relaxation): 2.8070606009 Size:  4
Vacancy Formation Energy (Cell Structure Relaxation): 2.80706060117 Size:  4
Vacancy Formation Energy (Cell Structure Relaxation): 2.80706060223 Size:  4
Vacancy Formation Energy (Cell Structure Relaxation): 2.8070606006 Size:  4
Vacancy Formation Energy (Cell Structure Relaxation): 2.80706060269 Size:  4
Vacancy Formation Energy (Cell Structure Relaxation): 2.80706060055 Size:  4
Vacancy Formation Energy (Cell Structure Relaxation): 2.80706060237 Size:  4
Vacancy Formation Energy (Cell Structure Relaxation): 2.80706060059 Size:  4
Vacancy Formation Energy (Cell Structure Relaxation): 2.80706060163 Size:  4
Vacancy Formation Energy (Cell Structure Relaxation): 2.80706060055 Size:  4
Vacancy Formation Energy (Cell Structure Relaxation): 2.80706060135 Size:  4
Vacancy Formation Energy (Cell Structure Relaxation): 2.80706060058 Size:  4
Vacancy Formation Energy (Cell Structure Relaxation): 2.80706060071 Size:  4
Vacancy Formation Energy (Cell Structure Relaxation): 2.8070606012 Size:  4
Vacancy Formation Energy (Cell Structure Relaxation): 2.80706060044 Size:  4
Optimization terminated successfully.
         Current function value: 2.807061
         Iterations: 119
         Function evaluations: 220
Summary:
Vacancy Formation Energy: 2.80706060044
Unrelaxed Cell Volume: 10251.9701836
Relaxed Cell Volume: 10218.1249982
Relaxation Volume: 33.8451853965
Relaxed Cell Vector:
[  2.16996738e+01   1.74137781e-04   2.16998368e+01   1.04683167e-04
  -6.26579437e-05   2.17000901e+01]
Unrelaxed Cell Vector:
[21.723799116279999, 0.0, 21.723799116279999, 0.0, 0.0, 21.723799116279999]
Relaxed Cell:
[[  2.16996738e+01   0.00000000e+00   0.00000000e+00]
 [  1.74137781e-04   2.16998368e+01   0.00000000e+00]
 [  1.04683167e-04  -6.26579437e-05   2.17000901e+01]]
Unrelaxed Cell:
[[ 21.72379912   0.           0.        ]
 [  0.          21.72379912   0.        ]
 [  0.           0.          21.72379912]]

Supercell Size: 5
Unrelaxed Cell:
[[ 27.1547489   0.          0.       ]
 [  0.         27.1547489   0.       ]
 [  0.          0.         27.1547489]]
Unrelaxed Cell Vector:
[27.154748895349996, 0.0, 27.154748895349996, 0.0, 0.0, 27.154748895349996]
Vacancy Formation Energy (Cell Structure Relaxation): 4.62999999991 Size:  5
Vacancy Formation Energy (Cell Structure Relaxation): 28.7877943041 Size:  5
Vacancy Formation Energy (Cell Structure Relaxation): 4.63493052599 Size:  5
Vacancy Formation Energy (Cell Structure Relaxation): 28.7868996538 Size:  5
Vacancy Formation Energy (Cell Structure Relaxation): 4.638936757 Size:  5
Vacancy Formation Energy (Cell Structure Relaxation): 4.63893737863 Size:  5
Vacancy Formation Energy (Cell Structure Relaxation): 28.7821443013 Size:  5
Vacancy Formation Energy (Cell Structure Relaxation): 21.1902307696 Size:  5
Vacancy Formation Energy (Cell Structure Relaxation): 24.1573993635 Size:  5
Vacancy Formation Energy (Cell Structure Relaxation): 36.5430349614 Size:  5
Vacancy Formation Energy (Cell Structure Relaxation): 9.46908430891 Size:  5
Vacancy Formation Energy (Cell Structure Relaxation): 23.6602050822 Size:  5
Vacancy Formation Energy (Cell Structure Relaxation): 8.79487324602 Size:  5
Vacancy Formation Energy (Cell Structure Relaxation): 19.1425951643 Size:  5
Vacancy Formation Energy (Cell Structure Relaxation): 7.44274049253 Size:  5
Vacancy Formation Energy (Cell Structure Relaxation): 8.11026925276 Size:  5
Vacancy Formation Energy (Cell Structure Relaxation): 8.5744162746 Size:  5
Vacancy Formation Energy (Cell Structure Relaxation): 4.46486478981 Size:  5
Vacancy Formation Energy (Cell Structure Relaxation): 8.01037032001 Size:  5
Vacancy Formation Energy (Cell Structure Relaxation): 4.30771877403 Size:  5
Vacancy Formation Energy (Cell Structure Relaxation): 5.92258928042 Size:  5
Vacancy Formation Energy (Cell Structure Relaxation): 3.45638499072 Size:  5
Vacancy Formation Energy (Cell Structure Relaxation): 3.15538949964 Size:  5
Vacancy Formation Energy (Cell Structure Relaxation): 3.6141440642 Size:  5
Vacancy Formation Energy (Cell Structure Relaxation): 3.43884012981 Size:  5
Vacancy Formation Energy (Cell Structure Relaxation): 3.9554113181 Size:  5
Vacancy Formation Energy (Cell Structure Relaxation): 4.89041728193 Size:  5
Vacancy Formation Energy (Cell Structure Relaxation): 2.928797772 Size:  5
Vacancy Formation Energy (Cell Structure Relaxation): 4.63345776249 Size:  5
Vacancy Formation Energy (Cell Structure Relaxation): 3.50522597042 Size:  5
Vacancy Formation Energy (Cell Structure Relaxation): 4.62984603824 Size:  5
Vacancy Formation Energy (Cell Structure Relaxation): 3.44933161749 Size:  5
Vacancy Formation Energy (Cell Structure Relaxation): 2.82936511458 Size:  5
Vacancy Formation Energy (Cell Structure Relaxation): 3.07526766417 Size:  5
Vacancy Formation Energy (Cell Structure Relaxation): 3.27579652338 Size:  5
Vacancy Formation Energy (Cell Structure Relaxation): 3.8020941703 Size:  5
Vacancy Formation Energy (Cell Structure Relaxation): 3.08998650858 Size:  5
Vacancy Formation Energy (Cell Structure Relaxation): 3.03898024615 Size:  5
Vacancy Formation Energy (Cell Structure Relaxation): 3.0950488943 Size:  5
Vacancy Formation Energy (Cell Structure Relaxation): 3.07795721063 Size:  5
Vacancy Formation Energy (Cell Structure Relaxation): 3.14658470916 Size:  5
Vacancy Formation Energy (Cell Structure Relaxation): 2.9418515662 Size:  5
Vacancy Formation Energy (Cell Structure Relaxation): 3.28980451878 Size:  5
Vacancy Formation Energy (Cell Structure Relaxation): 2.91312870302 Size:  5
Vacancy Formation Energy (Cell Structure Relaxation): 2.91707042124 Size:  5
Vacancy Formation Energy (Cell Structure Relaxation): 3.07077085114 Size:  5
Vacancy Formation Energy (Cell Structure Relaxation): 2.90391884635 Size:  5
Vacancy Formation Energy (Cell Structure Relaxation): 2.8806955293 Size:  5
Vacancy Formation Energy (Cell Structure Relaxation): 2.88520304754 Size:  5
Vacancy Formation Energy (Cell Structure Relaxation): 3.02604352367 Size:  5
Vacancy Formation Energy (Cell Structure Relaxation): 2.83729830066 Size:  5
Vacancy Formation Energy (Cell Structure Relaxation): 3.09546022476 Size:  5
Vacancy Formation Energy (Cell Structure Relaxation): 2.82930469467 Size:  5
Vacancy Formation Energy (Cell Structure Relaxation): 2.92606493855 Size:  5
Vacancy Formation Energy (Cell Structure Relaxation): 2.84390926691 Size:  5
Vacancy Formation Energy (Cell Structure Relaxation): 2.90514785358 Size:  5
Vacancy Formation Energy (Cell Structure Relaxation): 2.84211251737 Size:  5
Vacancy Formation Energy (Cell Structure Relaxation): 2.90077368751 Size:  5
Vacancy Formation Energy (Cell Structure Relaxation): 2.83575265593 Size:  5
Vacancy Formation Energy (Cell Structure Relaxation): 2.8867438506 Size:  5
Vacancy Formation Energy (Cell Structure Relaxation): 2.83499130484 Size:  5
Vacancy Formation Energy (Cell Structure Relaxation): 2.83798182789 Size:  5
Vacancy Formation Energy (Cell Structure Relaxation): 2.85288114878 Size:  5
Vacancy Formation Energy (Cell Structure Relaxation): 2.8243360708 Size:  5
Vacancy Formation Energy (Cell Structure Relaxation): 2.83555322827 Size:  5
Vacancy Formation Energy (Cell Structure Relaxation): 2.85284161223 Size:  5
Vacancy Formation Energy (Cell Structure Relaxation): 2.82254307053 Size:  5
Vacancy Formation Energy (Cell Structure Relaxation): 2.84233990729 Size:  5
Vacancy Formation Energy (Cell Structure Relaxation): 2.82301887099 Size:  5
Vacancy Formation Energy (Cell Structure Relaxation): 2.82952025403 Size:  5
Vacancy Formation Energy (Cell Structure Relaxation): 2.82271676438 Size:  5
Vacancy Formation Energy (Cell Structure Relaxation): 2.84010998974 Size:  5
Vacancy Formation Energy (Cell Structure Relaxation): 2.81919460562 Size:  5
Vacancy Formation Energy (Cell Structure Relaxation): 2.82078646959 Size:  5
Vacancy Formation Energy (Cell Structure Relaxation): 2.85304706227 Size:  5
Vacancy Formation Energy (Cell Structure Relaxation): 2.81738012345 Size:  5
Vacancy Formation Energy (Cell Structure Relaxation): 2.82441729848 Size:  5
Vacancy Formation Energy (Cell Structure Relaxation): 2.81843945964 Size:  5
Vacancy Formation Energy (Cell Structure Relaxation): 2.81967178587 Size:  5
Vacancy Formation Energy (Cell Structure Relaxation): 2.82492634445 Size:  5
Vacancy Formation Energy (Cell Structure Relaxation): 2.81743397965 Size:  5
Vacancy Formation Energy (Cell Structure Relaxation): 2.82366263162 Size:  5
Vacancy Formation Energy (Cell Structure Relaxation): 2.81744914268 Size:  5
Vacancy Formation Energy (Cell Structure Relaxation): 2.82251279133 Size:  5
Vacancy Formation Energy (Cell Structure Relaxation): 2.81693817487 Size:  5
Vacancy Formation Energy (Cell Structure Relaxation): 2.8231333331 Size:  5
Vacancy Formation Energy (Cell Structure Relaxation): 2.8165195345 Size:  5
Vacancy Formation Energy (Cell Structure Relaxation): 2.8188872677 Size:  5
Vacancy Formation Energy (Cell Structure Relaxation): 2.8165806127 Size:  5
Vacancy Formation Energy (Cell Structure Relaxation): 2.82102137527 Size:  5
Vacancy Formation Energy (Cell Structure Relaxation): 2.81626996006 Size:  5
Vacancy Formation Energy (Cell Structure Relaxation): 2.81876304318 Size:  5
Vacancy Formation Energy (Cell Structure Relaxation): 2.8161632198 Size:  5
Vacancy Formation Energy (Cell Structure Relaxation): 2.81721129106 Size:  5
Vacancy Formation Energy (Cell Structure Relaxation): 2.81717791317 Size:  5
Vacancy Formation Energy (Cell Structure Relaxation): 2.81926216758 Size:  5
Vacancy Formation Energy (Cell Structure Relaxation): 2.81601426685 Size:  5
Vacancy Formation Energy (Cell Structure Relaxation): 2.81694066804 Size:  5
Vacancy Formation Energy (Cell Structure Relaxation): 2.81609566997 Size:  5
Vacancy Formation Energy (Cell Structure Relaxation): 2.81739453276 Size:  5
Vacancy Formation Energy (Cell Structure Relaxation): 2.81607049499 Size:  5
Vacancy Formation Energy (Cell Structure Relaxation): 2.81653183317 Size:  5
Vacancy Formation Energy (Cell Structure Relaxation): 2.81599885919 Size:  5
Vacancy Formation Energy (Cell Structure Relaxation): 2.81670979853 Size:  5
Vacancy Formation Energy (Cell Structure Relaxation): 2.81597763317 Size:  5
Vacancy Formation Energy (Cell Structure Relaxation): 2.81701099409 Size:  5
Vacancy Formation Energy (Cell Structure Relaxation): 2.81587215846 Size:  5
Vacancy Formation Energy (Cell Structure Relaxation): 2.81662766571 Size:  5
Vacancy Formation Energy (Cell Structure Relaxation): 2.81587990219 Size:  5
Vacancy Formation Energy (Cell Structure Relaxation): 2.81628030875 Size:  5
Vacancy Formation Energy (Cell Structure Relaxation): 2.81589238901 Size:  5
Vacancy Formation Energy (Cell Structure Relaxation): 2.81584800519 Size:  5
Vacancy Formation Energy (Cell Structure Relaxation): 2.81611842292 Size:  5
Vacancy Formation Energy (Cell Structure Relaxation): 2.81607670512 Size:  5
Vacancy Formation Energy (Cell Structure Relaxation): 2.8158596964 Size:  5
Vacancy Formation Energy (Cell Structure Relaxation): 2.81595389625 Size:  5
Vacancy Formation Energy (Cell Structure Relaxation): 2.81594452222 Size:  5
Vacancy Formation Energy (Cell Structure Relaxation): 2.81608455622 Size:  5
Vacancy Formation Energy (Cell Structure Relaxation): 2.81583071273 Size:  5
Vacancy Formation Energy (Cell Structure Relaxation): 2.81595033728 Size:  5
Vacancy Formation Energy (Cell Structure Relaxation): 2.81583941913 Size:  5
Vacancy Formation Energy (Cell Structure Relaxation): 2.81603805369 Size:  5
Vacancy Formation Energy (Cell Structure Relaxation): 2.8158147646 Size:  5
Vacancy Formation Energy (Cell Structure Relaxation): 2.81589752441 Size:  5
Vacancy Formation Energy (Cell Structure Relaxation): 2.81582404119 Size:  5
Vacancy Formation Energy (Cell Structure Relaxation): 2.81584533563 Size:  5
Vacancy Formation Energy (Cell Structure Relaxation): 2.81589420876 Size:  5
Vacancy Formation Energy (Cell Structure Relaxation): 2.81581459326 Size:  5
Vacancy Formation Energy (Cell Structure Relaxation): 2.81586405176 Size:  5
Vacancy Formation Energy (Cell Structure Relaxation): 2.81581339743 Size:  5
Vacancy Formation Energy (Cell Structure Relaxation): 2.81586716032 Size:  5
Vacancy Formation Energy (Cell Structure Relaxation): 2.81581215627 Size:  5
Vacancy Formation Energy (Cell Structure Relaxation): 2.81585267555 Size:  5
Vacancy Formation Energy (Cell Structure Relaxation): 2.81581143272 Size:  5
Vacancy Formation Energy (Cell Structure Relaxation): 2.8158437311 Size:  5
Vacancy Formation Energy (Cell Structure Relaxation): 2.81580928299 Size:  5
Vacancy Formation Energy (Cell Structure Relaxation): 2.81584232332 Size:  5
Vacancy Formation Energy (Cell Structure Relaxation): 2.81580727919 Size:  5
Vacancy Formation Energy (Cell Structure Relaxation): 2.81581828277 Size:  5
Vacancy Formation Energy (Cell Structure Relaxation): 2.81580642467 Size:  5
Vacancy Formation Energy (Cell Structure Relaxation): 2.81582126692 Size:  5
Vacancy Formation Energy (Cell Structure Relaxation): 2.81580609023 Size:  5
Vacancy Formation Energy (Cell Structure Relaxation): 2.81581605989 Size:  5
Vacancy Formation Energy (Cell Structure Relaxation): 2.81580614666 Size:  5
Vacancy Formation Energy (Cell Structure Relaxation): 2.81581568695 Size:  5
Vacancy Formation Energy (Cell Structure Relaxation): 2.81580573708 Size:  5
Vacancy Formation Energy (Cell Structure Relaxation): 2.81581317285 Size:  5
Vacancy Formation Energy (Cell Structure Relaxation): 2.81580568991 Size:  5
Vacancy Formation Energy (Cell Structure Relaxation): 2.81581177638 Size:  5
Vacancy Formation Energy (Cell Structure Relaxation): 2.81580507817 Size:  5
Vacancy Formation Energy (Cell Structure Relaxation): 2.81581241182 Size:  5
Vacancy Formation Energy (Cell Structure Relaxation): 2.81580439514 Size:  5
Vacancy Formation Energy (Cell Structure Relaxation): 2.81580724962 Size:  5
Vacancy Formation Energy (Cell Structure Relaxation): 2.8158046066 Size:  5
Vacancy Formation Energy (Cell Structure Relaxation): 2.8158071691 Size:  5
Vacancy Formation Energy (Cell Structure Relaxation): 2.81580451693 Size:  5
Vacancy Formation Energy (Cell Structure Relaxation): 2.81580655187 Size:  5
Vacancy Formation Energy (Cell Structure Relaxation): 2.81580454602 Size:  5
Vacancy Formation Energy (Cell Structure Relaxation): 2.81580603381 Size:  5
Vacancy Formation Energy (Cell Structure Relaxation): 2.81580446283 Size:  5
Vacancy Formation Energy (Cell Structure Relaxation): 2.81580572893 Size:  5
Vacancy Formation Energy (Cell Structure Relaxation): 2.81580445895 Size:  5
Vacancy Formation Energy (Cell Structure Relaxation): 2.815805662 Size:  5
Vacancy Formation Energy (Cell Structure Relaxation): 2.81580425468 Size:  5
Vacancy Formation Energy (Cell Structure Relaxation): 2.81580473081 Size:  5
Vacancy Formation Energy (Cell Structure Relaxation): 2.81580418092 Size:  5
Vacancy Formation Energy (Cell Structure Relaxation): 2.81580469797 Size:  5
Vacancy Formation Energy (Cell Structure Relaxation): 2.81580416079 Size:  5
Vacancy Formation Energy (Cell Structure Relaxation): 2.8158043344 Size:  5
Vacancy Formation Energy (Cell Structure Relaxation): 2.81580424311 Size:  5
Vacancy Formation Energy (Cell Structure Relaxation): 2.81580440417 Size:  5
Vacancy Formation Energy (Cell Structure Relaxation): 2.81580408272 Size:  5
Vacancy Formation Energy (Cell Structure Relaxation): 2.8158049093 Size:  5
Vacancy Formation Energy (Cell Structure Relaxation): 2.81580404096 Size:  5
Vacancy Formation Energy (Cell Structure Relaxation): 2.81580426062 Size:  5
Vacancy Formation Energy (Cell Structure Relaxation): 2.81580404225 Size:  5
Vacancy Formation Energy (Cell Structure Relaxation): 2.81580448605 Size:  5
Vacancy Formation Energy (Cell Structure Relaxation): 2.81580402687 Size:  5
Vacancy Formation Energy (Cell Structure Relaxation): 2.81580441465 Size:  5
Vacancy Formation Energy (Cell Structure Relaxation): 2.81580403069 Size:  5
Vacancy Formation Energy (Cell Structure Relaxation): 2.81580415814 Size:  5
Vacancy Formation Energy (Cell Structure Relaxation): 2.81580435734 Size:  5
Vacancy Formation Energy (Cell Structure Relaxation): 2.81580400769 Size:  5
Vacancy Formation Energy (Cell Structure Relaxation): 2.81580411157 Size:  5
Vacancy Formation Energy (Cell Structure Relaxation): 2.81580400494 Size:  5
Vacancy Formation Energy (Cell Structure Relaxation): 2.81580422437 Size:  5
Vacancy Formation Energy (Cell Structure Relaxation): 2.81580399018 Size:  5
Vacancy Formation Energy (Cell Structure Relaxation): 2.81580404169 Size:  5
Vacancy Formation Energy (Cell Structure Relaxation): 2.8158039934 Size:  5
Vacancy Formation Energy (Cell Structure Relaxation): 2.81580409058 Size:  5
Vacancy Formation Energy (Cell Structure Relaxation): 2.81580398869 Size:  5
Vacancy Formation Energy (Cell Structure Relaxation): 2.81580406966 Size:  5
Vacancy Formation Energy (Cell Structure Relaxation): 2.81580398745 Size:  5
Vacancy Formation Energy (Cell Structure Relaxation): 2.81580410651 Size:  5
Vacancy Formation Energy (Cell Structure Relaxation): 2.81580398362 Size:  5
Vacancy Formation Energy (Cell Structure Relaxation): 2.81580398726 Size:  5
Vacancy Formation Energy (Cell Structure Relaxation): 2.81580401228 Size:  5
Vacancy Formation Energy (Cell Structure Relaxation): 2.81580398309 Size:  5
Vacancy Formation Energy (Cell Structure Relaxation): 2.81580397846 Size:  5
Vacancy Formation Energy (Cell Structure Relaxation): 2.81580400195 Size:  5
Vacancy Formation Energy (Cell Structure Relaxation): 2.81580399128 Size:  5
Vacancy Formation Energy (Cell Structure Relaxation): 2.81580397831 Size:  5
Vacancy Formation Energy (Cell Structure Relaxation): 2.81580398366 Size:  5
Vacancy Formation Energy (Cell Structure Relaxation): 2.81580399867 Size:  5
Vacancy Formation Energy (Cell Structure Relaxation): 2.81580397615 Size:  5
Vacancy Formation Energy (Cell Structure Relaxation): 2.81580400117 Size:  5
Vacancy Formation Energy (Cell Structure Relaxation): 2.815803976 Size:  5
Vacancy Formation Energy (Cell Structure Relaxation): 2.81580398255 Size:  5
Vacancy Formation Energy (Cell Structure Relaxation): 2.81580399832 Size:  5
Vacancy Formation Energy (Cell Structure Relaxation): 2.81580397509 Size:  5
Vacancy Formation Energy (Cell Structure Relaxation): 2.81580398654 Size:  5
Vacancy Formation Energy (Cell Structure Relaxation): 2.81580397609 Size:  5
Vacancy Formation Energy (Cell Structure Relaxation): 2.81580397868 Size:  5
Vacancy Formation Energy (Cell Structure Relaxation): 2.81580397457 Size:  5
Vacancy Formation Energy (Cell Structure Relaxation): 2.81580398733 Size:  5
Vacancy Formation Energy (Cell Structure Relaxation): 2.81580397414 Size:  5
Vacancy Formation Energy (Cell Structure Relaxation): 2.815803977 Size:  5
Vacancy Formation Energy (Cell Structure Relaxation): 2.81580397441 Size:  5
Vacancy Formation Energy (Cell Structure Relaxation): 2.81580397673 Size:  5
Vacancy Formation Energy (Cell Structure Relaxation): 2.81580397422 Size:  5
Vacancy Formation Energy (Cell Structure Relaxation): 2.81580397535 Size:  5
Vacancy Formation Energy (Cell Structure Relaxation): 2.81580397968 Size:  5
Vacancy Formation Energy (Cell Structure Relaxation): 2.81580397387 Size:  5
Vacancy Formation Energy (Cell Structure Relaxation): 2.81580397614 Size:  5
Vacancy Formation Energy (Cell Structure Relaxation): 2.81580397397 Size:  5
Vacancy Formation Energy (Cell Structure Relaxation): 2.81580397457 Size:  5
Vacancy Formation Energy (Cell Structure Relaxation): 2.81580397376 Size:  5
Vacancy Formation Energy (Cell Structure Relaxation): 2.81580397554 Size:  5
Vacancy Formation Energy (Cell Structure Relaxation): 2.81580397372 Size:  5
Vacancy Formation Energy (Cell Structure Relaxation): 2.81580397444 Size:  5
Vacancy Formation Energy (Cell Structure Relaxation): 2.81580397378 Size:  5
Vacancy Formation Energy (Cell Structure Relaxation): 2.81580397487 Size:  5
Vacancy Formation Energy (Cell Structure Relaxation): 2.81580397365 Size:  5
Optimization terminated successfully.
         Current function value: 2.815804
         Iterations: 129
         Function evaluations: 233
Summary:
Vacancy Formation Energy: 2.81580397365
Unrelaxed Cell Volume: 20023.3792648
Relaxed Cell Volume: 19989.4913008
Relaxation Volume: 33.8879640029
Relaxed Cell Vector:
[  2.71393256e+01   1.73889848e-04   2.71391728e+01   3.13432001e-05
  -5.06159901e-05   2.71397651e+01]
Unrelaxed Cell Vector:
[27.154748895349996, 0.0, 27.154748895349996, 0.0, 0.0, 27.154748895349996]
Relaxed Cell:
[[  2.71393256e+01   0.00000000e+00   0.00000000e+00]
 [  1.73889848e-04   2.71391728e+01   0.00000000e+00]
 [  3.13432001e-05  -5.06159901e-05   2.71397651e+01]]
Unrelaxed Cell:
[[ 27.1547489   0.          0.       ]
 [  0.         27.1547489   0.       ]
 [  0.          0.         27.1547489]]

[Calculation Results Summary]
Sizes: [3, 4, 5]
Formation Energy By Size:
[2.786864213127842, 2.8070606004403089, 2.8158039736536011]
Relaxation Volume By Size:
[33.776564193737613, 33.845185396476154, 33.887964002860826]

[Extrapolation]
Fitting with 2 points, including orders [0, 3]
Fit with data beginning 0

Fit with Size: [3 4]
Orders: [0, 3]
Matrix A (Ax = y):
[[ 1.          0.03703704]
 [ 1.          0.015625  ]]
Data for Fitting: [ 2.78686421  2.8070606 ]
Fitting Results: (array([ 2.8217985 , -0.94322587]), array([], dtype=float64), 2, array([ 1.41470379,  0.01513535]))

Fit with Size: [3 4]
Orders: [0, 3]
Matrix A (Ax = y):
[[ 1.          0.03703704]
 [ 1.          0.015625  ]]
Data for Fitting: [ 33.77656419  33.8451854 ]
Fitting Results: (array([ 33.89526033,  -3.20479563]), array([], dtype=float64), 2, array([ 1.41470379,  0.01513535]))
Fit with data beginning 1

Fit with Size: [4 5]
Orders: [0, 3]
Matrix A (Ax = y):
[[ 1.        0.015625]
 [ 1.        0.008   ]]
Data for Fitting: [ 2.8070606   2.81580397]
Fitting Results: (array([ 2.82497735, -1.1466719 ]), array([], dtype=float64), 2, array([ 1.41431223,  0.00539131]))

Fit with Size: [4 5]
Orders: [0, 3]
Matrix A (Ax = y):
[[ 1.        0.015625]
 [ 1.        0.008   ]]
Data for Fitting: [ 33.8451854  33.887964 ]
Fitting Results: (array([ 33.93284648,  -5.61030903]), array([], dtype=float64), 2, array([ 1.41431223,  0.00539131]))
Fitting with 3 points, including orders [0, 3]
Fit with data beginning 0

Fit with Size: [3 4 5]
Orders: [0, 3]
Matrix A (Ax = y):
[[ 1.          0.03703704]
 [ 1.          0.015625  ]
 [ 1.          0.008     ]]
Data for Fitting: [ 2.78686421  2.8070606   2.81580397]
Fitting Results: (array([ 2.82316134, -0.98505142]), array([  8.11390789e-07]), 2, array([ 1.73240492,  0.02128544]))

Fit with Size: [3 4 5]
Orders: [0, 3]
Matrix A (Ax = y):
[[ 1.          0.03703704]
 [ 1.          0.015625  ]
 [ 1.          0.008     ]]
Data for Fitting: [ 33.77656419  33.8451854   33.887964  ]
Fitting Results: (array([ 33.91137425,  -3.69933425]), array([ 0.00011344]), 2, array([ 1.73240492,  0.02128544]))
Fitting with 3 points, including orders [0, 3, 4]
Fit with data beginning 0

Fit with Size: [3 4 5]
Orders: [0, 3, 4]
Matrix A (Ax = y):
[[ 1.          0.03703704  0.01234568]
 [ 1.          0.015625    0.00390625]
 [ 1.          0.008       0.0016    ]]
Data for Fitting: [ 2.78686421  2.8070606   2.81580397]
Fitting Results: (array([ 2.82679617, -1.81781765,  2.21896429]), array([], dtype=float64), 3, array([  1.73243559e+00,   2.27351353e-02,   3.80051182e-04]))

Fit with Size: [3 4 5]
Orders: [0, 3, 4]
Matrix A (Ax = y):
[[ 1.          0.03703704  0.01234568]
 [ 1.          0.015625    0.00390625]
 [ 1.          0.008       0.0016    ]]
Data for Fitting: [ 33.77656419  33.8451854   33.887964  ]
Fitting Results: (array([ 33.95435195, -13.54582961,  26.2366805 ]), array([], dtype=float64), 3, array([  1.73243559e+00,   2.27351353e-02,   3.80051182e-04]))
Fitting with 3 points, including orders [0, 3, 5]
Fit with data beginning 0

Fit with Size: [3 4 5]
Orders: [0, 3, 5]
Matrix A (Ax = y):
[[  1.00000000e+00   3.70370370e-02   4.11522634e-03]
 [  1.00000000e+00   1.56250000e-02   9.76562500e-04]
 [  1.00000000e+00   8.00000000e-03   3.20000000e-04]]
Data for Fitting: [ 2.78686421  2.8070606   2.81580397]
Fitting Results: (array([ 2.82621817, -1.43633382,  3.36399379]), array([], dtype=float64), 3, array([  1.73240774e+00,   2.14761184e-02,   2.65390853e-04]))

Fit with Size: [3 4 5]
Orders: [0, 3, 5]
Matrix A (Ax = y):
[[  1.00000000e+00   3.70370370e-02   4.11522634e-03]
 [  1.00000000e+00   1.56250000e-02   9.76562500e-04]
 [  1.00000000e+00   8.00000000e-03   3.20000000e-04]]
Data for Fitting: [ 33.77656419  33.8451854   33.887964  ]
Fitting Results: (array([ 33.9475177 ,  -9.03522551,  39.77532704]), array([], dtype=float64), 3, array([  1.73240774e+00,   2.14761184e-02,   2.65390853e-04]))
Fitting with 3 points, including orders [0, 3, 6]
Fit with data beginning 0

Fit with Size: [3 4 5]
Orders: [0, 3, 6]
Matrix A (Ax = y):
[[  1.00000000e+00   3.70370370e-02   1.37174211e-03]
 [  1.00000000e+00   1.56250000e-02   2.44140625e-04]
 [  1.00000000e+00   8.00000000e-03   6.40000000e-05]]
Data for Fitting: [ 2.78686421  2.8070606   2.81580397]
Fitting Results: (array([ 2.82585315, -1.31219885,  7.00643197]), array([], dtype=float64), 3, array([  1.73240519e+00,   2.13086278e-02,   1.28423698e-04]))

Fit with Size: [3 4 5]
Orders: [0, 3, 6]
Matrix A (Ax = y):
[[  1.00000000e+00   3.70370370e-02   1.37174211e-03]
 [  1.00000000e+00   1.56250000e-02   2.44140625e-04]
 [  1.00000000e+00   8.00000000e-03   6.40000000e-05]]
Data for Fitting: [ 33.77656419  33.8451854   33.887964  ]
Fitting Results: (array([ 33.94320184,  -7.5674734 ,  82.84293609]), array([], dtype=float64), 3, array([  1.73240519e+00,   2.13086278e-02,   1.28423698e-04]))

[Fitting Results Summary]
Sizes: [3, 4, 5]
Data Points Used: [2, 3, 3, 3, 3]
Orders Included:
[[0, 3] [0, 3] [0, 3, 4] [0, 3, 5] [0, 3, 6]]
Formation Energy Fits By Size:
[[2.8217985046953507, 2.8249773488282015] [2.8231613376505909]
 [2.8267961720176178] [2.8262181662111345] [2.825853152823989]]
Relaxation Volume Fits By Size:
[[33.895260328204266, 33.932846475133253] [33.911374248092933]
 [33.954351950953466] [33.947517702320837] [33.943201842144319]]

[Final Results]
[
    {
        "property-id" "tag:staff@noreply.openkim.org,2015-07-28:property/monovacancy-neutral-relaxed-formation-potential-energy-crystal-npt" 
        "instance-id" 1 
        "relaxed-formation-potential-energy" {
            "source-value" 2.8249773488282015 
            "source-unit" "eV" 
            "source-std-uncert-value" 0.003352144061999997
        } 
        "host-cauchy-stress" {
            "source-value" [
                0 
                0 
                0 
                0 
                0 
                0
            ] 
            "source-unit" "GPa"
        } 
        "host-removed-atom" {
            "source-value" 1
        } 
        "host-short-name" {
            "source-value" [
                "diamond"
            ]
        } 
        "host-a" {
            "source-value" 5.4309497790699997 
            "source-unit" "angstrom"
        } 
        "host-b" {
            "source-value" 5.4309497790699997 
            "source-unit" "angstrom"
        } 
        "host-c" {
            "source-value" 5.4309497790699997 
            "source-unit" "angstrom"
        } 
        "host-alpha" {
            "source-value" 90.0 
            "source-unit" "degree"
        } 
        "host-beta" {
            "source-value" 90.0 
            "source-unit" "degree"
        } 
        "host-gamma" {
            "source-value" 90.0 
            "source-unit" "degree"
        } 
        "host-space-group" {
            "source-value" "Fd-3m"
        } 
        "host-wyckoff-multiplicity-and-letter" {
            "source-value" [
                "8a"
            ]
        } 
        "host-wyckoff-coordinates" {
            "source-value" [
                [
                    0.0 
                    0.0 
                    0.0
                ]
            ]
        } 
        "host-wyckoff-species" {
            "source-value" [
                "Si"
            ]
        } 
        "reservoir-cohesive-potential-energy" {
            "source-value" -37.039999999293265 
            "source-unit" "eV"
        } 
        "reservoir-short-name" {
            "source-value" [
                "diamond"
            ]
        } 
        "reservoir-cauchy-stress" {
            "source-value" [
                0.0 
                0.0 
                0.0 
                0.0 
                0.0 
                0.0
            ] 
            "source-unit" "GPa"
        } 
        "reservoir-a" {
            "source-value" 5.4309497790699997 
            "source-unit" "angstrom"
        } 
        "reservoir-b" {
            "source-value" 5.4309497790699997 
            "source-unit" "angstrom"
        } 
        "reservoir-c" {
            "source-value" 5.4309497790699997 
            "source-unit" "angstrom"
        } 
        "reservoir-alpha" {
            "source-value" 90.0 
            "source-unit" "degree"
        } 
        "reservoir-beta" {
            "source-value" 90.0 
            "source-unit" "degree"
        } 
        "reservoir-gamma" {
            "source-value" 90.0 
            "source-unit" "degree"
        } 
        "reservoir-space-group" {
            "source-value" "Fd-3m"
        } 
        "reservoir-wyckoff-multiplicity-and-letter" {
            "source-value" [
                "8a"
            ]
        } 
        "reservoir-wyckoff-coordinates" {
            "source-value" [
                [
                    0.0 
                    0.0 
                    0.0
                ]
            ]
        } 
        "reservoir-wyckoff-species" {
            "source-value" [
                "Si"
            ]
        }
    } 
    {
        "property-id" "tag:staff@noreply.openkim.org,2015-07-28:property/monovacancy-neutral-relaxation-volume-crystal-npt" 
        "instance-id" 2 
        "relaxation-volume" {
            "source-value" 33.932846475133253 
            "source-unit" "angstrom^3" 
            "source-std-uncert-value" 0.20138534506880054
        } 
        "host-cauchy-stress" {
            "source-value" [
                0 
                0 
                0 
                0 
                0 
                0
            ] 
            "source-unit" "GPa"
        } 
        "host-removed-atom" {
            "source-value" 1
        } 
        "host-short-name" {
            "source-value" [
                "diamond"
            ]
        } 
        "host-a" {
            "source-value" 5.4309497790699997 
            "source-unit" "angstrom"
        } 
        "host-b" {
            "source-value" 5.4309497790699997 
            "source-unit" "angstrom"
        } 
        "host-c" {
            "source-value" 5.4309497790699997 
            "source-unit" "angstrom"
        } 
        "host-alpha" {
            "source-value" 90.0 
            "source-unit" "degree"
        } 
        "host-beta" {
            "source-value" 90.0 
            "source-unit" "degree"
        } 
        "host-gamma" {
            "source-value" 90.0 
            "source-unit" "degree"
        } 
        "host-space-group" {
            "source-value" "Fd-3m"
        } 
        "host-wyckoff-multiplicity-and-letter" {
            "source-value" [
                "8a"
            ]
        } 
        "host-wyckoff-coordinates" {
            "source-value" [
                [
                    0.0 
                    0.0 
                    0.0
                ]
            ]
        } 
        "host-wyckoff-species" {
            "source-value" [
                "Si"
            ]
        }
    }
]
