Imported bulk from ase.lattice
Element = Lattice = Model = Element: Al
Lattice: hcp
Model: EAM_Dynamo_Zhou_Johnson_Al__MO_131650261510_001
Model Cutoff: 6.40392875671
NBC Name: NEIGH_RVEC_F
Relaxation With c/a Ratio Fixed
Simplex Searching start from: cutoff * 0.1
Simplex Searching Start From: [0.64039287567138681]
Optimization terminated successfully.
         Current function value: -7.140179
         Iterations: 40
         Function evaluations: 84
Tmp Lattice Constants: [ 2.88614098]
Tmp Energy: -7.1401788522
Simplex Searching start from: cutoff * 0.12
Simplex Searching Start From: [0.76847145080566404]
Optimization terminated successfully.
         Current function value: -7.140179
         Iterations: 40
         Function evaluations: 84
Tmp Lattice Constants: [ 2.886141]
Tmp Energy: -7.1401788522
Simplex Searching start from: cutoff * 0.14
Simplex Searching Start From: [0.89655002593994149]
Optimization terminated successfully.
         Current function value: -7.140179
         Iterations: 39
         Function evaluations: 84
Tmp Lattice Constants: [ 2.886141]
Tmp Energy: -7.1401788522
Simplex Searching start from: cutoff * 0.16
Simplex Searching Start From: [1.0246286010742187]
Optimization terminated successfully.
         Current function value: -7.140179
         Iterations: 39
         Function evaluations: 81
Tmp Lattice Constants: [ 2.88614101]
Tmp Energy: -7.1401788522
Simplex Searching start from: cutoff * 0.18
Simplex Searching Start From: [1.1527071762084959]
Optimization terminated successfully.
         Current function value: -7.140179
         Iterations: 40
         Function evaluations: 85
Tmp Lattice Constants: [ 2.886141]
Tmp Energy: -7.1401788522
Simplex Searching start from: cutoff * 0.2
Simplex Searching Start From: [1.2807857513427736]
Optimization terminated successfully.
         Current function value: -7.140179
         Iterations: 39
         Function evaluations: 85
Tmp Lattice Constants: [ 2.88614099]
Tmp Energy: -7.1401788522
Simplex Searching start from: cutoff * 0.22
Simplex Searching Start From: [1.4088643264770508]
Optimization terminated successfully.
         Current function value: -7.140179
         Iterations: 38
         Function evaluations: 83
Tmp Lattice Constants: [ 2.886141]
Tmp Energy: -7.1401788522
Simplex Searching start from: cutoff * 0.24
Simplex Searching Start From: [1.5369429016113281]
Optimization terminated successfully.
         Current function value: -7.140179
         Iterations: 37
         Function evaluations: 80
Tmp Lattice Constants: [ 2.886141]
Tmp Energy: -7.1401788522
Simplex Searching start from: cutoff * 0.26
Simplex Searching Start From: [1.6650214767456055]
Optimization terminated successfully.
         Current function value: -7.140179
         Iterations: 38
         Function evaluations: 81
Tmp Lattice Constants: [ 2.88614099]
Tmp Energy: -7.1401788522
Simplex Searching start from: cutoff * 0.28
Simplex Searching Start From: [1.793100051879883]
Optimization terminated successfully.
         Current function value: -7.140179
         Iterations: 36
         Function evaluations: 76
Tmp Lattice Constants: [ 2.886141]
Tmp Energy: -7.1401788522
Simplex Searching start from: cutoff * 0.3
Simplex Searching Start From: [1.92117862701416]
Optimization terminated successfully.
         Current function value: -7.140179
         Iterations: 36
         Function evaluations: 76
Tmp Lattice Constants: [ 2.88614103]
Tmp Energy: -7.1401788522
Simplex Searching start from: cutoff * 0.32
Simplex Searching Start From: [2.0492572021484374]
Optimization terminated successfully.
         Current function value: -7.140179
         Iterations: 35
         Function evaluations: 75
Tmp Lattice Constants: [ 2.886141]
Tmp Energy: -7.1401788522
Simplex Searching start from: cutoff * 0.34
Simplex Searching Start From: [2.1773357772827149]
Optimization terminated successfully.
         Current function value: -7.140179
         Iterations: 37
         Function evaluations: 81
Tmp Lattice Constants: [ 2.88614098]
Tmp Energy: -7.1401788522
Simplex Searching start from: cutoff * 0.36
Simplex Searching Start From: [2.3054143524169919]
Optimization terminated successfully.
         Current function value: -7.140179
         Iterations: 35
         Function evaluations: 75
Tmp Lattice Constants: [ 2.88614101]
Tmp Energy: -7.1401788522
Simplex Searching start from: cutoff * 0.38
Simplex Searching Start From: [2.4334929275512698]
Optimization terminated successfully.
         Current function value: -7.140179
         Iterations: 35
         Function evaluations: 77
Tmp Lattice Constants: [ 2.88614099]
Tmp Energy: -7.1401788522
Simplex Searching start from: cutoff * 0.4
Simplex Searching Start From: [2.5615715026855472]
Optimization terminated successfully.
         Current function value: -7.140179
         Iterations: 35
         Function evaluations: 74
Tmp Lattice Constants: [ 2.88614103]
Tmp Energy: -7.1401788522
Simplex Searching start from: cutoff * 0.42
Simplex Searching Start From: [2.6896500778198242]
Optimization terminated successfully.
         Current function value: -7.140179
         Iterations: 33
         Function evaluations: 73
Tmp Lattice Constants: [ 2.88614101]
Tmp Energy: -7.1401788522
Simplex Searching start from: cutoff * 0.44
Simplex Searching Start From: [2.8177286529541017]
Optimization terminated successfully.
         Current function value: -7.140179
         Iterations: 32
         Function evaluations: 69
Tmp Lattice Constants: [ 2.88614101]
Tmp Energy: -7.1401788522
Simplex Searching start from: cutoff * 0.46
Simplex Searching Start From: [2.9458072280883791]
Optimization terminated successfully.
         Current function value: -7.140179
         Iterations: 32
         Function evaluations: 73
Tmp Lattice Constants: [ 2.88614101]
Tmp Energy: -7.1401788522
Simplex Searching start from: cutoff * 0.48
Simplex Searching Start From: [3.0738858032226561]
Optimization terminated successfully.
         Current function value: -7.140179
         Iterations: 35
         Function evaluations: 76
Tmp Lattice Constants: [ 2.886141]
Tmp Energy: -7.1401788522
Relaxation With c/a Ratio Relaxed
