Imported bulk from ase.lattice
Parameters Input: Ni diamond EAM_Dynamo_Ackland_Tichy_Ni__MO_977363131043_001 [5.04944980339]
CELL_SIZE_MIN: 3
CELL_SIZE_MAX: 5
Smallest System Size: 216
Largest System Size: 1000
Model Cutoff: 4.3171695

[Calculation]

Supercell Size: 3
Unrelaxed Cell:
[[ 15.14834941   0.           0.        ]
 [  0.          15.14834941   0.        ]
 [  0.           0.          15.14834941]]
Unrelaxed Cell Vector:
[15.148349410169999, 0.0, 15.148349410169999, 0.0, 0.0, 15.148349410169999]
==========
Loop: 0
Position Relaxation...
Relaxation Completed. Steps: 326
Cell Size Relaxation...
Optimization terminated successfully.
         Current function value: -191.897853
         Iterations: 197
         Function evaluations: 421
Current VFE: -191.897853355
Energy of Supercell: -648.775679873
Unrelaxed Cell Volume: 3476.12945631
Current Relaxed Cell Volume: 3245.30122431
Current Relaxation Volume: 230.828231994
Current Cell:
[[  1.48053384e+01   0.00000000e+00   0.00000000e+00]
 [  1.78928627e-04   1.48053385e+01   0.00000000e+00]
 [  5.38826832e-05   9.66384052e-05   1.48053382e+01]]
System Collapsed. System Energy significantly changed.
