Imported bulk from ase.lattice
Parameters Input: Si sc Three_Body_Stillinger_Weber_Balamane_Si__MO_113686039439_001 [2.61206879681]

[Calculation]

Supercell Size: 3
Unrelaxed Cell:
[[ 7.83620639  0.          0.        ]
 [ 0.          7.83620639  0.        ]
 [ 0.          0.          7.83620639]]
Unrelaxed Cell Vector:
[7.8362063904300001, 0.0, 7.8362063904300001, 0.0, 0.0, 7.8362063904300001]
Vacancy Formation Energy (Cell Structure Relaxation): 1.75488314032 Size:  3
Vacancy Formation Energy (Cell Structure Relaxation): 3.29951224444 Size:  3
Vacancy Formation Energy (Cell Structure Relaxation): 1.75615129842 Size:  3
Vacancy Formation Energy (Cell Structure Relaxation): 3.29923366968 Size:  3
Vacancy Formation Energy (Cell Structure Relaxation): 1.75646165541 Size:  3
Vacancy Formation Energy (Cell Structure Relaxation): 1.75646165679 Size:  3
Vacancy Formation Energy (Cell Structure Relaxation): 3.29927967735 Size:  3
Vacancy Formation Energy (Cell Structure Relaxation): 3.44016892626 Size:  3
Vacancy Formation Energy (Cell Structure Relaxation): 2.27207935792 Size:  3
Vacancy Formation Energy (Cell Structure Relaxation): 3.28014217156 Size:  3
Vacancy Formation Energy (Cell Structure Relaxation): 3.01379616163 Size:  3
Vacancy Formation Energy (Cell Structure Relaxation): 3.29786108081 Size:  3
Vacancy Formation Energy (Cell Structure Relaxation): 2.13378663732 Size:  3
Vacancy Formation Energy (Cell Structure Relaxation): 3.20426393276 Size:  3
Vacancy Formation Energy (Cell Structure Relaxation): 2.05321907101 Size:  3
Vacancy Formation Energy (Cell Structure Relaxation): 2.22513211988 Size:  3
Vacancy Formation Energy (Cell Structure Relaxation): 1.87449221635 Size:  3
Vacancy Formation Energy (Cell Structure Relaxation): 2.06319037494 Size:  3
Vacancy Formation Energy (Cell Structure Relaxation): 1.83033264937 Size:  3
Vacancy Formation Energy (Cell Structure Relaxation): 2.0320303415 Size:  3
Vacancy Formation Energy (Cell Structure Relaxation): 1.81923356844 Size:  3
Vacancy Formation Energy (Cell Structure Relaxation): 2.00027305133 Size:  3
Vacancy Formation Energy (Cell Structure Relaxation): 1.77071703345 Size:  3
Vacancy Formation Energy (Cell Structure Relaxation): 1.85045669003 Size:  3
Vacancy Formation Energy (Cell Structure Relaxation): 1.77056523458 Size:  3
Vacancy Formation Energy (Cell Structure Relaxation): 1.80372584843 Size:  3
Vacancy Formation Energy (Cell Structure Relaxation): 1.76193206224 Size:  3
Vacancy Formation Energy (Cell Structure Relaxation): 1.81063572866 Size:  3
Vacancy Formation Energy (Cell Structure Relaxation): 1.75206387374 Size:  3
Vacancy Formation Energy (Cell Structure Relaxation): 1.7722323508 Size:  3
Vacancy Formation Energy (Cell Structure Relaxation): 1.75583805062 Size:  3
Vacancy Formation Energy (Cell Structure Relaxation): 1.7730558429 Size:  3
Vacancy Formation Energy (Cell Structure Relaxation): 1.75299157791 Size:  3
Vacancy Formation Energy (Cell Structure Relaxation): 1.75088983606 Size:  3
Vacancy Formation Energy (Cell Structure Relaxation): 1.75439422552 Size:  3
Vacancy Formation Energy (Cell Structure Relaxation): 1.75279327545 Size:  3
Vacancy Formation Energy (Cell Structure Relaxation): 1.75785594401 Size:  3
Vacancy Formation Energy (Cell Structure Relaxation): 1.75108601096 Size:  3
Vacancy Formation Energy (Cell Structure Relaxation): 1.75167775969 Size:  3
Vacancy Formation Energy (Cell Structure Relaxation): 1.7591041958 Size:  3
Vacancy Formation Energy (Cell Structure Relaxation): 1.75054602924 Size:  3
Vacancy Formation Energy (Cell Structure Relaxation): 1.75079689819 Size:  3
Vacancy Formation Energy (Cell Structure Relaxation): 1.75135064575 Size:  3
Vacancy Formation Energy (Cell Structure Relaxation): 1.75417466887 Size:  3
Vacancy Formation Energy (Cell Structure Relaxation): 1.7497408724 Size:  3
Vacancy Formation Energy (Cell Structure Relaxation): 1.75333241736 Size:  3
Vacancy Formation Energy (Cell Structure Relaxation): 1.74998531162 Size:  3
Vacancy Formation Energy (Cell Structure Relaxation): 1.75255533614 Size:  3
Vacancy Formation Energy (Cell Structure Relaxation): 1.74984710435 Size:  3
Vacancy Formation Energy (Cell Structure Relaxation): 1.75086259641 Size:  3
Vacancy Formation Energy (Cell Structure Relaxation): 1.75178508337 Size:  3
Vacancy Formation Energy (Cell Structure Relaxation): 1.7496462955 Size:  3
Vacancy Formation Energy (Cell Structure Relaxation): 1.75080753867 Size:  3
Vacancy Formation Energy (Cell Structure Relaxation): 1.74972217803 Size:  3
Vacancy Formation Energy (Cell Structure Relaxation): 1.75183003009 Size:  3
Vacancy Formation Energy (Cell Structure Relaxation): 1.74956432804 Size:  3
Vacancy Formation Energy (Cell Structure Relaxation): 1.75048234511 Size:  3
Vacancy Formation Energy (Cell Structure Relaxation): 1.74963093603 Size:  3
Vacancy Formation Energy (Cell Structure Relaxation): 1.75007365511 Size:  3
Vacancy Formation Energy (Cell Structure Relaxation): 1.74943123826 Size:  3
Vacancy Formation Energy (Cell Structure Relaxation): 1.75027161215 Size:  3
Vacancy Formation Energy (Cell Structure Relaxation): 1.74941178392 Size:  3
Vacancy Formation Energy (Cell Structure Relaxation): 1.749649724 Size:  3
Vacancy Formation Energy (Cell Structure Relaxation): 1.74981871169 Size:  3
Vacancy Formation Energy (Cell Structure Relaxation): 1.74942629914 Size:  3
Vacancy Formation Energy (Cell Structure Relaxation): 1.74986605105 Size:  3
Vacancy Formation Energy (Cell Structure Relaxation): 1.74940196192 Size:  3
Vacancy Formation Energy (Cell Structure Relaxation): 1.74990282363 Size:  3
Vacancy Formation Energy (Cell Structure Relaxation): 1.74940112445 Size:  3
Vacancy Formation Energy (Cell Structure Relaxation): 1.74971466626 Size:  3
Vacancy Formation Energy (Cell Structure Relaxation): 1.74941101975 Size:  3
Vacancy Formation Energy (Cell Structure Relaxation): 1.74962439443 Size:  3
Vacancy Formation Energy (Cell Structure Relaxation): 1.74939575427 Size:  3
Vacancy Formation Energy (Cell Structure Relaxation): 1.74951870042 Size:  3
Vacancy Formation Energy (Cell Structure Relaxation): 1.74936125245 Size:  3
Vacancy Formation Energy (Cell Structure Relaxation): 1.74944854971 Size:  3
Vacancy Formation Energy (Cell Structure Relaxation): 1.74936616078 Size:  3
Vacancy Formation Energy (Cell Structure Relaxation): 1.74941001833 Size:  3
Vacancy Formation Energy (Cell Structure Relaxation): 1.74943916797 Size:  3
Vacancy Formation Energy (Cell Structure Relaxation): 1.74936149526 Size:  3
Vacancy Formation Energy (Cell Structure Relaxation): 1.74941433803 Size:  3
Vacancy Formation Energy (Cell Structure Relaxation): 1.74936300797 Size:  3
Vacancy Formation Energy (Cell Structure Relaxation): 1.74944841697 Size:  3
Vacancy Formation Energy (Cell Structure Relaxation): 1.74935720252 Size:  3
Vacancy Formation Energy (Cell Structure Relaxation): 1.7494142292 Size:  3
Vacancy Formation Energy (Cell Structure Relaxation): 1.74935999361 Size:  3
Vacancy Formation Energy (Cell Structure Relaxation): 1.7493855963 Size:  3
Vacancy Formation Energy (Cell Structure Relaxation): 1.74935515085 Size:  3
Vacancy Formation Energy (Cell Structure Relaxation): 1.74937590574 Size:  3
Vacancy Formation Energy (Cell Structure Relaxation): 1.74935038623 Size:  3
Vacancy Formation Energy (Cell Structure Relaxation): 1.74936233542 Size:  3
Vacancy Formation Energy (Cell Structure Relaxation): 1.749350107 Size:  3
Vacancy Formation Energy (Cell Structure Relaxation): 1.74938537861 Size:  3
Vacancy Formation Energy (Cell Structure Relaxation): 1.74934792004 Size:  3
Vacancy Formation Energy (Cell Structure Relaxation): 1.74937469242 Size:  3
Vacancy Formation Energy (Cell Structure Relaxation): 1.74934902662 Size:  3
Vacancy Formation Energy (Cell Structure Relaxation): 1.74937479901 Size:  3
Vacancy Formation Energy (Cell Structure Relaxation): 1.74934874984 Size:  3
Vacancy Formation Energy (Cell Structure Relaxation): 1.74935405918 Size:  3
Vacancy Formation Energy (Cell Structure Relaxation): 1.74935176799 Size:  3
Vacancy Formation Energy (Cell Structure Relaxation): 1.74935787016 Size:  3
Vacancy Formation Energy (Cell Structure Relaxation): 1.74934767563 Size:  3
Vacancy Formation Energy (Cell Structure Relaxation): 1.74935436486 Size:  3
Vacancy Formation Energy (Cell Structure Relaxation): 1.74934722316 Size:  3
Vacancy Formation Energy (Cell Structure Relaxation): 1.74935352268 Size:  3
Vacancy Formation Energy (Cell Structure Relaxation): 1.74934684727 Size:  3
Vacancy Formation Energy (Cell Structure Relaxation): 1.74935096035 Size:  3
Vacancy Formation Energy (Cell Structure Relaxation): 1.74934697834 Size:  3
Vacancy Formation Energy (Cell Structure Relaxation): 1.74934957114 Size:  3
Vacancy Formation Energy (Cell Structure Relaxation): 1.74934672031 Size:  3
Vacancy Formation Energy (Cell Structure Relaxation): 1.74935203853 Size:  3
Vacancy Formation Energy (Cell Structure Relaxation): 1.74934641779 Size:  3
Vacancy Formation Energy (Cell Structure Relaxation): 1.74934857144 Size:  3
Vacancy Formation Energy (Cell Structure Relaxation): 1.74934646992 Size:  3
Vacancy Formation Energy (Cell Structure Relaxation): 1.74934814785 Size:  3
Vacancy Formation Energy (Cell Structure Relaxation): 1.74934641927 Size:  3
Vacancy Formation Energy (Cell Structure Relaxation): 1.74934750682 Size:  3
Vacancy Formation Energy (Cell Structure Relaxation): 1.7493463194 Size:  3
Vacancy Formation Energy (Cell Structure Relaxation): 1.74934675969 Size:  3
Vacancy Formation Energy (Cell Structure Relaxation): 1.74934853014 Size:  3
Vacancy Formation Energy (Cell Structure Relaxation): 1.74934609061 Size:  3
Vacancy Formation Energy (Cell Structure Relaxation): 1.74934685199 Size:  3
Vacancy Formation Energy (Cell Structure Relaxation): 1.74934622195 Size:  3
Vacancy Formation Energy (Cell Structure Relaxation): 1.74934705174 Size:  3
Vacancy Formation Energy (Cell Structure Relaxation): 1.74934618781 Size:  3
Vacancy Formation Energy (Cell Structure Relaxation): 1.74934622581 Size:  3
Vacancy Formation Energy (Cell Structure Relaxation): 1.74934632915 Size:  3
Vacancy Formation Energy (Cell Structure Relaxation): 1.74934650812 Size:  3
Vacancy Formation Energy (Cell Structure Relaxation): 1.74934609863 Size:  3
Vacancy Formation Energy (Cell Structure Relaxation): 1.74934645592 Size:  3
Vacancy Formation Energy (Cell Structure Relaxation): 1.74934607215 Size:  3
Vacancy Formation Energy (Cell Structure Relaxation): 1.74934653216 Size:  3
Vacancy Formation Energy (Cell Structure Relaxation): 1.7493460621 Size:  3
Vacancy Formation Energy (Cell Structure Relaxation): 1.74934633189 Size:  3
Vacancy Formation Energy (Cell Structure Relaxation): 1.74934604946 Size:  3
Vacancy Formation Energy (Cell Structure Relaxation): 1.74934631356 Size:  3
Vacancy Formation Energy (Cell Structure Relaxation): 1.74934604942 Size:  3
Vacancy Formation Energy (Cell Structure Relaxation): 1.74934636811 Size:  3
Vacancy Formation Energy (Cell Structure Relaxation): 1.74934603394 Size:  3
Vacancy Formation Energy (Cell Structure Relaxation): 1.74934611327 Size:  3
Vacancy Formation Energy (Cell Structure Relaxation): 1.7493460278 Size:  3
Vacancy Formation Energy (Cell Structure Relaxation): 1.74934610456 Size:  3
Vacancy Formation Energy (Cell Structure Relaxation): 1.74934602521 Size:  3
Vacancy Formation Energy (Cell Structure Relaxation): 1.74934608372 Size:  3
Vacancy Formation Energy (Cell Structure Relaxation): 1.74934602038 Size:  3
Vacancy Formation Energy (Cell Structure Relaxation): 1.7493461137 Size:  3
Vacancy Formation Energy (Cell Structure Relaxation): 1.74934601435 Size:  3
Vacancy Formation Energy (Cell Structure Relaxation): 1.7493460698 Size:  3
Vacancy Formation Energy (Cell Structure Relaxation): 1.7493460143 Size:  3
Vacancy Formation Energy (Cell Structure Relaxation): 1.7493460687 Size:  3
Vacancy Formation Energy (Cell Structure Relaxation): 1.7493460143 Size:  3
Vacancy Formation Energy (Cell Structure Relaxation): 1.74934608094 Size:  3
Vacancy Formation Energy (Cell Structure Relaxation): 1.74934600841 Size:  3
Vacancy Formation Energy (Cell Structure Relaxation): 1.74934602344 Size:  3
Vacancy Formation Energy (Cell Structure Relaxation): 1.74934602348 Size:  3
Vacancy Formation Energy (Cell Structure Relaxation): 1.74934600953 Size:  3
Vacancy Formation Energy (Cell Structure Relaxation): 1.74934602829 Size:  3
Vacancy Formation Energy (Cell Structure Relaxation): 1.7493460091 Size:  3
Vacancy Formation Energy (Cell Structure Relaxation): 1.74934603445 Size:  3
Vacancy Formation Energy (Cell Structure Relaxation): 1.74934600755 Size:  3
Vacancy Formation Energy (Cell Structure Relaxation): 1.74934601344 Size:  3
Vacancy Formation Energy (Cell Structure Relaxation): 1.74934601811 Size:  3
Vacancy Formation Energy (Cell Structure Relaxation): 1.74934600696 Size:  3
Vacancy Formation Energy (Cell Structure Relaxation): 1.74934601694 Size:  3
Vacancy Formation Energy (Cell Structure Relaxation): 1.74934600702 Size:  3
Vacancy Formation Energy (Cell Structure Relaxation): 1.74934601733 Size:  3
Vacancy Formation Energy (Cell Structure Relaxation): 1.74934600667 Size:  3
Vacancy Formation Energy (Cell Structure Relaxation): 1.74934600984 Size:  3
Vacancy Formation Energy (Cell Structure Relaxation): 1.74934600602 Size:  3
Vacancy Formation Energy (Cell Structure Relaxation): 1.74934601244 Size:  3
Vacancy Formation Energy (Cell Structure Relaxation): 1.74934600563 Size:  3
Vacancy Formation Energy (Cell Structure Relaxation): 1.74934600939 Size:  3
Vacancy Formation Energy (Cell Structure Relaxation): 1.74934600568 Size:  3
Vacancy Formation Energy (Cell Structure Relaxation): 1.74934601179 Size:  3
Vacancy Formation Energy (Cell Structure Relaxation): 1.74934600521 Size:  3
Vacancy Formation Energy (Cell Structure Relaxation): 1.74934600767 Size:  3
Vacancy Formation Energy (Cell Structure Relaxation): 1.74934600543 Size:  3
Vacancy Formation Energy (Cell Structure Relaxation): 1.74934600714 Size:  3
Vacancy Formation Energy (Cell Structure Relaxation): 1.74934600544 Size:  3
Vacancy Formation Energy (Cell Structure Relaxation): 1.74934600689 Size:  3
Vacancy Formation Energy (Cell Structure Relaxation): 1.74934600535 Size:  3
Vacancy Formation Energy (Cell Structure Relaxation): 1.7493460059 Size:  3
Vacancy Formation Energy (Cell Structure Relaxation): 1.74934600515 Size:  3
Optimization terminated successfully.
         Current function value: 1.749346
         Iterations: 97
         Function evaluations: 183
Summary:
Vacancy Formation Energy: 1.74934600515
Unrelaxed Cell Volume: 481.191112968
Relaxed Cell Volume: 479.154798514
Relaxation Volume: 2.03631445413
Relaxed Cell Vector:
[  7.82502292e+00   1.48702274e-04   7.82510834e+00   6.27204158e-05
  -9.39332859e-05   7.82527961e+00]
Unrelaxed Cell Vector:
[7.8362063904300001, 0.0, 7.8362063904300001, 0.0, 0.0, 7.8362063904300001]
Relaxed Cell:
[[  7.82502292e+00   0.00000000e+00   0.00000000e+00]
 [  1.48702274e-04   7.82510834e+00   0.00000000e+00]
 [  6.27204158e-05  -9.39332859e-05   7.82527961e+00]]
Unrelaxed Cell:
[[ 7.83620639  0.          0.        ]
 [ 0.          7.83620639  0.        ]
 [ 0.          0.          7.83620639]]

Supercell Size: 4
Unrelaxed Cell:
[[ 10.44827519   0.           0.        ]
 [  0.          10.44827519   0.        ]
 [  0.           0.          10.44827519]]
Unrelaxed Cell Vector:
[10.44827518724, 0.0, 10.44827518724, 0.0, 0.0, 10.44827518724]
Vacancy Formation Energy (Cell Structure Relaxation): 1.84984204973 Size:  4
Vacancy Formation Energy (Cell Structure Relaxation): 5.65363994731 Size:  4
Vacancy Formation Energy (Cell Structure Relaxation): 1.85009468711 Size:  4
Vacancy Formation Energy (Cell Structure Relaxation): 5.65172741359 Size:  4
Vacancy Formation Energy (Cell Structure Relaxation): 1.8497892135 Size:  4
Vacancy Formation Energy (Cell Structure Relaxation): 1.84978921453 Size:  4
Vacancy Formation Energy (Cell Structure Relaxation): 5.6522500041 Size:  4
Vacancy Formation Energy (Cell Structure Relaxation): 6.22484222781 Size:  4
Vacancy Formation Energy (Cell Structure Relaxation): 3.03565013438 Size:  4
Vacancy Formation Energy (Cell Structure Relaxation): 5.84575150255 Size:  4
Vacancy Formation Energy (Cell Structure Relaxation): 3.02159327542 Size:  4
Vacancy Formation Energy (Cell Structure Relaxation): 5.40633123417 Size:  4
Vacancy Formation Energy (Cell Structure Relaxation): 2.71958248761 Size:  4
Vacancy Formation Energy (Cell Structure Relaxation): 2.83193808652 Size:  4
Vacancy Formation Energy (Cell Structure Relaxation): 3.19139702551 Size:  4
Vacancy Formation Energy (Cell Structure Relaxation): 2.17344832873 Size:  4
Vacancy Formation Energy (Cell Structure Relaxation): 2.84992448388 Size:  4
Vacancy Formation Energy (Cell Structure Relaxation): 2.11642512832 Size:  4
Vacancy Formation Energy (Cell Structure Relaxation): 2.57844721909 Size:  4
Vacancy Formation Energy (Cell Structure Relaxation): 2.03764762444 Size:  4
Vacancy Formation Energy (Cell Structure Relaxation): 2.10816312715 Size:  4
Vacancy Formation Energy (Cell Structure Relaxation): 2.20280607981 Size:  4
Vacancy Formation Energy (Cell Structure Relaxation): 1.91357728918 Size:  4
Vacancy Formation Energy (Cell Structure Relaxation): 2.14839561228 Size:  4
Vacancy Formation Energy (Cell Structure Relaxation): 1.91350328751 Size:  4
Vacancy Formation Energy (Cell Structure Relaxation): 2.00801933646 Size:  4
Vacancy Formation Energy (Cell Structure Relaxation): 1.88598619706 Size:  4
Vacancy Formation Energy (Cell Structure Relaxation): 1.91727206418 Size:  4
Vacancy Formation Energy (Cell Structure Relaxation): 1.86482019819 Size:  4
Vacancy Formation Energy (Cell Structure Relaxation): 1.9272190132 Size:  4
Vacancy Formation Energy (Cell Structure Relaxation): 1.8639280879 Size:  4
Vacancy Formation Energy (Cell Structure Relaxation): 1.89401727043 Size:  4
Vacancy Formation Energy (Cell Structure Relaxation): 1.85704460581 Size:  4
Vacancy Formation Energy (Cell Structure Relaxation): 1.86762968217 Size:  4
Vacancy Formation Energy (Cell Structure Relaxation): 1.85237207871 Size:  4
Vacancy Formation Energy (Cell Structure Relaxation): 1.87027388852 Size:  4
Vacancy Formation Energy (Cell Structure Relaxation): 1.85159898102 Size:  4
Vacancy Formation Energy (Cell Structure Relaxation): 1.86227773705 Size:  4
Vacancy Formation Energy (Cell Structure Relaxation): 1.84982195162 Size:  4
Vacancy Formation Energy (Cell Structure Relaxation): 1.85570600691 Size:  4
Vacancy Formation Energy (Cell Structure Relaxation): 1.84880022463 Size:  4
Vacancy Formation Energy (Cell Structure Relaxation): 1.85637395917 Size:  4
Vacancy Formation Energy (Cell Structure Relaxation): 1.84853091438 Size:  4
Vacancy Formation Energy (Cell Structure Relaxation): 1.84849974836 Size:  4
Vacancy Formation Energy (Cell Structure Relaxation): 1.85035142198 Size:  4
Vacancy Formation Energy (Cell Structure Relaxation): 1.84956016708 Size:  4
Vacancy Formation Energy (Cell Structure Relaxation): 1.84990986254 Size:  4
Vacancy Formation Energy (Cell Structure Relaxation): 1.84854807008 Size:  4
Vacancy Formation Energy (Cell Structure Relaxation): 1.85151254618 Size:  4
Vacancy Formation Energy (Cell Structure Relaxation): 1.84830140437 Size:  4
Vacancy Formation Energy (Cell Structure Relaxation): 1.85249671094 Size:  4
Vacancy Formation Energy (Cell Structure Relaxation): 1.8482534746 Size:  4
Vacancy Formation Energy (Cell Structure Relaxation): 1.84876437093 Size:  4
Vacancy Formation Energy (Cell Structure Relaxation): 1.84880760555 Size:  4
Vacancy Formation Energy (Cell Structure Relaxation): 1.84829069705 Size:  4
Vacancy Formation Energy (Cell Structure Relaxation): 1.84935183 Size:  4
Vacancy Formation Energy (Cell Structure Relaxation): 1.84822943193 Size:  4
Vacancy Formation Energy (Cell Structure Relaxation): 1.84866641869 Size:  4
Vacancy Formation Energy (Cell Structure Relaxation): 1.84822059705 Size:  4
Vacancy Formation Energy (Cell Structure Relaxation): 1.84874557743 Size:  4
Vacancy Formation Energy (Cell Structure Relaxation): 1.84820674849 Size:  4
Vacancy Formation Energy (Cell Structure Relaxation): 1.84867906645 Size:  4
Vacancy Formation Energy (Cell Structure Relaxation): 1.8482022173 Size:  4
Vacancy Formation Energy (Cell Structure Relaxation): 1.84840017923 Size:  4
Vacancy Formation Energy (Cell Structure Relaxation): 1.84816162867 Size:  4
Vacancy Formation Energy (Cell Structure Relaxation): 1.84826963133 Size:  4
Vacancy Formation Energy (Cell Structure Relaxation): 1.84815809264 Size:  4
Vacancy Formation Energy (Cell Structure Relaxation): 1.84826091753 Size:  4
Vacancy Formation Energy (Cell Structure Relaxation): 1.84815410922 Size:  4
Vacancy Formation Energy (Cell Structure Relaxation): 1.84827433202 Size:  4
Vacancy Formation Energy (Cell Structure Relaxation): 1.84814416933 Size:  4
Vacancy Formation Energy (Cell Structure Relaxation): 1.84827483246 Size:  4
Vacancy Formation Energy (Cell Structure Relaxation): 1.8481410725 Size:  4
Vacancy Formation Energy (Cell Structure Relaxation): 1.84829138035 Size:  4
Vacancy Formation Energy (Cell Structure Relaxation): 1.84813548614 Size:  4
Vacancy Formation Energy (Cell Structure Relaxation): 1.84830892868 Size:  4
Vacancy Formation Energy (Cell Structure Relaxation): 1.84813357258 Size:  4
Vacancy Formation Energy (Cell Structure Relaxation): 1.84813899522 Size:  4
Vacancy Formation Energy (Cell Structure Relaxation): 1.8481717243 Size:  4
Vacancy Formation Energy (Cell Structure Relaxation): 1.84812946328 Size:  4
Vacancy Formation Energy (Cell Structure Relaxation): 1.84817726954 Size:  4
Vacancy Formation Energy (Cell Structure Relaxation): 1.8481276563 Size:  4
Vacancy Formation Energy (Cell Structure Relaxation): 1.84817564921 Size:  4
Vacancy Formation Energy (Cell Structure Relaxation): 1.84812480586 Size:  4
Vacancy Formation Energy (Cell Structure Relaxation): 1.84813791285 Size:  4
Vacancy Formation Energy (Cell Structure Relaxation): 1.84815199624 Size:  4
Vacancy Formation Energy (Cell Structure Relaxation): 1.84812512552 Size:  4
Vacancy Formation Energy (Cell Structure Relaxation): 1.84813640095 Size:  4
Vacancy Formation Energy (Cell Structure Relaxation): 1.84812533736 Size:  4
Vacancy Formation Energy (Cell Structure Relaxation): 1.84814244209 Size:  4
Vacancy Formation Energy (Cell Structure Relaxation): 1.84812456055 Size:  4
Vacancy Formation Energy (Cell Structure Relaxation): 1.84813874103 Size:  4
Vacancy Formation Energy (Cell Structure Relaxation): 1.84812424413 Size:  4
Vacancy Formation Energy (Cell Structure Relaxation): 1.84813320728 Size:  4
Vacancy Formation Energy (Cell Structure Relaxation): 1.84812336816 Size:  4
Vacancy Formation Energy (Cell Structure Relaxation): 1.8481323255 Size:  4
Vacancy Formation Energy (Cell Structure Relaxation): 1.84812286475 Size:  4
Vacancy Formation Energy (Cell Structure Relaxation): 1.84812543506 Size:  4
Vacancy Formation Energy (Cell Structure Relaxation): 1.84812271281 Size:  4
Vacancy Formation Energy (Cell Structure Relaxation): 1.84812664272 Size:  4
Vacancy Formation Energy (Cell Structure Relaxation): 1.84812251356 Size:  4
Vacancy Formation Energy (Cell Structure Relaxation): 1.84812711847 Size:  4
Vacancy Formation Energy (Cell Structure Relaxation): 1.84812237134 Size:  4
Vacancy Formation Energy (Cell Structure Relaxation): 1.84812602163 Size:  4
Vacancy Formation Energy (Cell Structure Relaxation): 1.84812239647 Size:  4
Vacancy Formation Energy (Cell Structure Relaxation): 1.84812464268 Size:  4
Vacancy Formation Energy (Cell Structure Relaxation): 1.84812240576 Size:  4
Vacancy Formation Energy (Cell Structure Relaxation): 1.84812456816 Size:  4
Vacancy Formation Energy (Cell Structure Relaxation): 1.8481221185 Size:  4
Vacancy Formation Energy (Cell Structure Relaxation): 1.84812393965 Size:  4
Vacancy Formation Energy (Cell Structure Relaxation): 1.84812201887 Size:  4
Vacancy Formation Energy (Cell Structure Relaxation): 1.84812246707 Size:  4
Vacancy Formation Energy (Cell Structure Relaxation): 1.84812317981 Size:  4
Vacancy Formation Energy (Cell Structure Relaxation): 1.84812195358 Size:  4
Vacancy Formation Energy (Cell Structure Relaxation): 1.84812257004 Size:  4
Vacancy Formation Energy (Cell Structure Relaxation): 1.84812199356 Size:  4
Vacancy Formation Energy (Cell Structure Relaxation): 1.84812290225 Size:  4
Vacancy Formation Energy (Cell Structure Relaxation): 1.84812194346 Size:  4
Vacancy Formation Energy (Cell Structure Relaxation): 1.84812303641 Size:  4
Vacancy Formation Energy (Cell Structure Relaxation): 1.84812193449 Size:  4
Vacancy Formation Energy (Cell Structure Relaxation): 1.84812220622 Size:  4
Vacancy Formation Energy (Cell Structure Relaxation): 1.84812191671 Size:  4
Vacancy Formation Energy (Cell Structure Relaxation): 1.84812231259 Size:  4
Vacancy Formation Energy (Cell Structure Relaxation): 1.84812189324 Size:  4
Vacancy Formation Energy (Cell Structure Relaxation): 1.8481222199 Size:  4
Vacancy Formation Energy (Cell Structure Relaxation): 1.84812187038 Size:  4
Vacancy Formation Energy (Cell Structure Relaxation): 1.84812213184 Size:  4
Vacancy Formation Energy (Cell Structure Relaxation): 1.84812187174 Size:  4
Vacancy Formation Energy (Cell Structure Relaxation): 1.84812192081 Size:  4
Vacancy Formation Energy (Cell Structure Relaxation): 1.84812199519 Size:  4
Vacancy Formation Energy (Cell Structure Relaxation): 1.84812186451 Size:  4
Vacancy Formation Energy (Cell Structure Relaxation): 1.84812198607 Size:  4
Vacancy Formation Energy (Cell Structure Relaxation): 1.8481218624 Size:  4
Vacancy Formation Energy (Cell Structure Relaxation): 1.84812191839 Size:  4
Vacancy Formation Energy (Cell Structure Relaxation): 1.84812186228 Size:  4
Vacancy Formation Energy (Cell Structure Relaxation): 1.84812195015 Size:  4
Vacancy Formation Energy (Cell Structure Relaxation): 1.84812185865 Size:  4
Vacancy Formation Energy (Cell Structure Relaxation): 1.84812194099 Size:  4
Vacancy Formation Energy (Cell Structure Relaxation): 1.8481218519 Size:  4
Vacancy Formation Energy (Cell Structure Relaxation): 1.8481218764 Size:  4
Vacancy Formation Energy (Cell Structure Relaxation): 1.8481218507 Size:  4
Vacancy Formation Energy (Cell Structure Relaxation): 1.84812191115 Size:  4
Vacancy Formation Energy (Cell Structure Relaxation): 1.84812184735 Size:  4
Vacancy Formation Energy (Cell Structure Relaxation): 1.84812187691 Size:  4
Vacancy Formation Energy (Cell Structure Relaxation): 1.84812184878 Size:  4
Vacancy Formation Energy (Cell Structure Relaxation): 1.84812185347 Size:  4
Vacancy Formation Energy (Cell Structure Relaxation): 1.84812186242 Size:  4
Vacancy Formation Energy (Cell Structure Relaxation): 1.84812184829 Size:  4
Vacancy Formation Energy (Cell Structure Relaxation): 1.84812186325 Size:  4
Vacancy Formation Energy (Cell Structure Relaxation): 1.84812184687 Size:  4
Vacancy Formation Energy (Cell Structure Relaxation): 1.84812185839 Size:  4
Vacancy Formation Energy (Cell Structure Relaxation): 1.84812184555 Size:  4
Vacancy Formation Energy (Cell Structure Relaxation): 1.84812185742 Size:  4
Vacancy Formation Energy (Cell Structure Relaxation): 1.84812184513 Size:  4
Vacancy Formation Energy (Cell Structure Relaxation): 1.84812185212 Size:  4
Vacancy Formation Energy (Cell Structure Relaxation): 1.8481218452 Size:  4
Vacancy Formation Energy (Cell Structure Relaxation): 1.8481218525 Size:  4
Vacancy Formation Energy (Cell Structure Relaxation): 1.84812184451 Size:  4
Vacancy Formation Energy (Cell Structure Relaxation): 1.84812184907 Size:  4
Vacancy Formation Energy (Cell Structure Relaxation): 1.84812184464 Size:  4
Vacancy Formation Energy (Cell Structure Relaxation): 1.84812185211 Size:  4
Vacancy Formation Energy (Cell Structure Relaxation): 1.84812184407 Size:  4
Vacancy Formation Energy (Cell Structure Relaxation): 1.84812184699 Size:  4
Vacancy Formation Energy (Cell Structure Relaxation): 1.84812184439 Size:  4
Vacancy Formation Energy (Cell Structure Relaxation): 1.84812184675 Size:  4
Vacancy Formation Energy (Cell Structure Relaxation): 1.84812184396 Size:  4
Vacancy Formation Energy (Cell Structure Relaxation): 1.84812184497 Size:  4
Vacancy Formation Energy (Cell Structure Relaxation): 1.84812184665 Size:  4
Vacancy Formation Energy (Cell Structure Relaxation): 1.84812184381 Size:  4
Vacancy Formation Energy (Cell Structure Relaxation): 1.84812184507 Size:  4
Vacancy Formation Energy (Cell Structure Relaxation): 1.8481218439 Size:  4
Vacancy Formation Energy (Cell Structure Relaxation): 1.84812184432 Size:  4
Vacancy Formation Energy (Cell Structure Relaxation): 1.8481218459 Size:  4
Vacancy Formation Energy (Cell Structure Relaxation): 1.84812184364 Size:  4
Optimization terminated successfully.
         Current function value: 1.848122
         Iterations: 90
         Function evaluations: 174
Summary:
Vacancy Formation Energy: 1.84812184364
Unrelaxed Cell Volume: 1140.60115666
Relaxed Cell Volume: 1138.99826123
Relaxation Volume: 1.60289543073
Relaxed Cell Vector:
[  1.04433518e+01  -2.55227473e-05   1.04433223e+01   1.10405060e-04
   8.61721637e-05   1.04434615e+01]
Unrelaxed Cell Vector:
[10.44827518724, 0.0, 10.44827518724, 0.0, 0.0, 10.44827518724]
Relaxed Cell:
[[  1.04433518e+01   0.00000000e+00   0.00000000e+00]
 [ -2.55227473e-05   1.04433223e+01   0.00000000e+00]
 [  1.10405060e-04   8.61721637e-05   1.04434615e+01]]
Unrelaxed Cell:
[[ 10.44827519   0.           0.        ]
 [  0.          10.44827519   0.        ]
 [  0.           0.          10.44827519]]

Supercell Size: 5
Unrelaxed Cell:
[[ 13.06034398   0.           0.        ]
 [  0.          13.06034398   0.        ]
 [  0.           0.          13.06034398]]
Unrelaxed Cell Vector:
[13.06034398405, 0.0, 13.06034398405, 0.0, 0.0, 13.06034398405]
Vacancy Formation Energy (Cell Structure Relaxation): 1.72287991228 Size:  5
Vacancy Formation Energy (Cell Structure Relaxation): 8.43956249399 Size:  5
Vacancy Formation Energy (Cell Structure Relaxation): 1.72223804899 Size:  5
Vacancy Formation Energy (Cell Structure Relaxation): 8.43901571815 Size:  5
Vacancy Formation Energy (Cell Structure Relaxation): 1.72205119254 Size:  5
Vacancy Formation Energy (Cell Structure Relaxation): 1.7220511933 Size:  5
Vacancy Formation Energy (Cell Structure Relaxation): 8.44062857363 Size:  5
Vacancy Formation Energy (Cell Structure Relaxation): 9.71250789467 Size:  5
Vacancy Formation Energy (Cell Structure Relaxation): 3.99888659487 Size:  5
Vacancy Formation Energy (Cell Structure Relaxation): 9.06731371332 Size:  5
Vacancy Formation Energy (Cell Structure Relaxation): 3.96756213258 Size:  5
Vacancy Formation Energy (Cell Structure Relaxation): 8.49663400174 Size:  5
Vacancy Formation Energy (Cell Structure Relaxation): 3.92376759268 Size:  5
Vacancy Formation Energy (Cell Structure Relaxation): 3.48887532699 Size:  5
Vacancy Formation Energy (Cell Structure Relaxation): 3.71455708265 Size:  5
Vacancy Formation Energy (Cell Structure Relaxation): 4.49793224798 Size:  5
Vacancy Formation Energy (Cell Structure Relaxation): 2.32319565217 Size:  5
Vacancy Formation Energy (Cell Structure Relaxation): 3.60513542118 Size:  5
Vacancy Formation Energy (Cell Structure Relaxation): 2.26463344696 Size:  5
Vacancy Formation Energy (Cell Structure Relaxation): 3.24430707036 Size:  5
Vacancy Formation Energy (Cell Structure Relaxation): 2.13655167099 Size:  5
Vacancy Formation Energy (Cell Structure Relaxation): 2.29636836117 Size:  5
Vacancy Formation Energy (Cell Structure Relaxation): 1.88447300107 Size:  5
Vacancy Formation Energy (Cell Structure Relaxation): 2.23133759341 Size:  5
Vacancy Formation Energy (Cell Structure Relaxation): 1.86256208457 Size:  5
Vacancy Formation Energy (Cell Structure Relaxation): 2.0217207908 Size:  5
Vacancy Formation Energy (Cell Structure Relaxation): 1.78598443729 Size:  5
Vacancy Formation Energy (Cell Structure Relaxation): 1.87998933841 Size:  5
Vacancy Formation Energy (Cell Structure Relaxation): 1.76199022893 Size:  5
Vacancy Formation Energy (Cell Structure Relaxation): 1.87500530167 Size:  5
Vacancy Formation Energy (Cell Structure Relaxation): 1.75672294443 Size:  5
Vacancy Formation Energy (Cell Structure Relaxation): 1.80672979663 Size:  5
Vacancy Formation Energy (Cell Structure Relaxation): 1.73577192991 Size:  5
Vacancy Formation Energy (Cell Structure Relaxation): 1.75750600878 Size:  5
Vacancy Formation Energy (Cell Structure Relaxation): 1.72909359928 Size:  5
Vacancy Formation Energy (Cell Structure Relaxation): 1.75873082708 Size:  5
Vacancy Formation Energy (Cell Structure Relaxation): 1.7281788237 Size:  5
Vacancy Formation Energy (Cell Structure Relaxation): 1.74601546458 Size:  5
Vacancy Formation Energy (Cell Structure Relaxation): 1.72199855021 Size:  5
Vacancy Formation Energy (Cell Structure Relaxation): 1.72779782911 Size:  5
Vacancy Formation Energy (Cell Structure Relaxation): 1.73021064708 Size:  5
Vacancy Formation Energy (Cell Structure Relaxation): 1.72109382278 Size:  5
Vacancy Formation Energy (Cell Structure Relaxation): 1.7275209062 Size:  5
Vacancy Formation Energy (Cell Structure Relaxation): 1.72104282432 Size:  5
Vacancy Formation Energy (Cell Structure Relaxation): 1.71963073171 Size:  5
Vacancy Formation Energy (Cell Structure Relaxation): 1.72144558038 Size:  5
Vacancy Formation Energy (Cell Structure Relaxation): 1.72071271568 Size:  5
Vacancy Formation Energy (Cell Structure Relaxation): 1.72295106878 Size:  5
Vacancy Formation Energy (Cell Structure Relaxation): 1.71896327044 Size:  5
Vacancy Formation Energy (Cell Structure Relaxation): 1.72389941319 Size:  5
Vacancy Formation Energy (Cell Structure Relaxation): 1.71896362224 Size:  5
Vacancy Formation Energy (Cell Structure Relaxation): 1.72236583951 Size:  5
Vacancy Formation Energy (Cell Structure Relaxation): 1.71996922428 Size:  5
Vacancy Formation Energy (Cell Structure Relaxation): 1.72136576189 Size:  5
Vacancy Formation Energy (Cell Structure Relaxation): 1.71974865803 Size:  5
Vacancy Formation Energy (Cell Structure Relaxation): 1.72158818427 Size:  5
Vacancy Formation Energy (Cell Structure Relaxation): 1.71970153413 Size:  5
Vacancy Formation Energy (Cell Structure Relaxation): 1.71910884273 Size:  5
Vacancy Formation Energy (Cell Structure Relaxation): 1.72004640699 Size:  5
Vacancy Formation Energy (Cell Structure Relaxation): 1.71930238595 Size:  5
Vacancy Formation Energy (Cell Structure Relaxation): 1.71940097698 Size:  5
Vacancy Formation Energy (Cell Structure Relaxation): 1.71896070697 Size:  5
Vacancy Formation Energy (Cell Structure Relaxation): 1.71962681999 Size:  5
Vacancy Formation Energy (Cell Structure Relaxation): 1.7195649206 Size:  5
Vacancy Formation Energy (Cell Structure Relaxation): 1.71907394849 Size:  5
Vacancy Formation Energy (Cell Structure Relaxation): 1.71931744826 Size:  5
Vacancy Formation Energy (Cell Structure Relaxation): 1.71899910797 Size:  5
Vacancy Formation Energy (Cell Structure Relaxation): 1.71977097098 Size:  5
Vacancy Formation Energy (Cell Structure Relaxation): 1.71896248577 Size:  5
Vacancy Formation Energy (Cell Structure Relaxation): 1.71898866753 Size:  5
Vacancy Formation Energy (Cell Structure Relaxation): 1.71931509298 Size:  5
Vacancy Formation Energy (Cell Structure Relaxation): 1.71891933305 Size:  5
Vacancy Formation Energy (Cell Structure Relaxation): 1.71894835143 Size:  5
Vacancy Formation Energy (Cell Structure Relaxation): 1.71906137222 Size:  5
Vacancy Formation Energy (Cell Structure Relaxation): 1.71891016046 Size:  5
Vacancy Formation Energy (Cell Structure Relaxation): 1.71891148731 Size:  5
Vacancy Formation Energy (Cell Structure Relaxation): 1.71899079503 Size:  5
Vacancy Formation Energy (Cell Structure Relaxation): 1.71890252249 Size:  5
Vacancy Formation Energy (Cell Structure Relaxation): 1.71896537725 Size:  5
Vacancy Formation Energy (Cell Structure Relaxation): 1.71890394995 Size:  5
Vacancy Formation Energy (Cell Structure Relaxation): 1.7190422046 Size:  5
Vacancy Formation Energy (Cell Structure Relaxation): 1.71889655301 Size:  5
Vacancy Formation Energy (Cell Structure Relaxation): 1.71895304117 Size:  5
Vacancy Formation Energy (Cell Structure Relaxation): 1.71890056136 Size:  5
Vacancy Formation Energy (Cell Structure Relaxation): 1.7189697979 Size:  5
Vacancy Formation Energy (Cell Structure Relaxation): 1.71888954732 Size:  5
Vacancy Formation Energy (Cell Structure Relaxation): 1.71893717228 Size:  5
Vacancy Formation Energy (Cell Structure Relaxation): 1.71889035934 Size:  5
Vacancy Formation Energy (Cell Structure Relaxation): 1.718902043 Size:  5
Vacancy Formation Energy (Cell Structure Relaxation): 1.71891095222 Size:  5
Vacancy Formation Energy (Cell Structure Relaxation): 1.71888943766 Size:  5
Vacancy Formation Energy (Cell Structure Relaxation): 1.71890592888 Size:  5
Vacancy Formation Energy (Cell Structure Relaxation): 1.71888932237 Size:  5
Vacancy Formation Energy (Cell Structure Relaxation): 1.71890258851 Size:  5
Vacancy Formation Energy (Cell Structure Relaxation): 1.71888930683 Size:  5
Vacancy Formation Energy (Cell Structure Relaxation): 1.71889808884 Size:  5
Vacancy Formation Energy (Cell Structure Relaxation): 1.71888777274 Size:  5
Vacancy Formation Energy (Cell Structure Relaxation): 1.71890491861 Size:  5
Vacancy Formation Energy (Cell Structure Relaxation): 1.71888684901 Size:  5
Vacancy Formation Energy (Cell Structure Relaxation): 1.71889954254 Size:  5
Vacancy Formation Energy (Cell Structure Relaxation): 1.71888537778 Size:  5
Vacancy Formation Energy (Cell Structure Relaxation): 1.71888770569 Size:  5
Vacancy Formation Energy (Cell Structure Relaxation): 1.71889115067 Size:  5
Vacancy Formation Energy (Cell Structure Relaxation): 1.7188856814 Size:  5
Vacancy Formation Energy (Cell Structure Relaxation): 1.71889304351 Size:  5
Vacancy Formation Energy (Cell Structure Relaxation): 1.71888547909 Size:  5
Vacancy Formation Energy (Cell Structure Relaxation): 1.71889397278 Size:  5
Vacancy Formation Energy (Cell Structure Relaxation): 1.71888542885 Size:  5
Vacancy Formation Energy (Cell Structure Relaxation): 1.71888914784 Size:  5
Vacancy Formation Energy (Cell Structure Relaxation): 1.71888537506 Size:  5
Vacancy Formation Energy (Cell Structure Relaxation): 1.71888740364 Size:  5
Vacancy Formation Energy (Cell Structure Relaxation): 1.7188853341 Size:  5
Vacancy Formation Energy (Cell Structure Relaxation): 1.71888781491 Size:  5
Vacancy Formation Energy (Cell Structure Relaxation): 1.71888512697 Size:  5
Vacancy Formation Energy (Cell Structure Relaxation): 1.71888681537 Size:  5
Vacancy Formation Energy (Cell Structure Relaxation): 1.7188848359 Size:  5
Vacancy Formation Energy (Cell Structure Relaxation): 1.7188862184 Size:  5
Vacancy Formation Energy (Cell Structure Relaxation): 1.7188848327 Size:  5
Vacancy Formation Energy (Cell Structure Relaxation): 1.71888555636 Size:  5
Vacancy Formation Energy (Cell Structure Relaxation): 1.71888487595 Size:  5
Vacancy Formation Energy (Cell Structure Relaxation): 1.71888620489 Size:  5
Vacancy Formation Energy (Cell Structure Relaxation): 1.71888480366 Size:  5
Vacancy Formation Energy (Cell Structure Relaxation): 1.71888540339 Size:  5
Vacancy Formation Energy (Cell Structure Relaxation): 1.71888487585 Size:  5
Vacancy Formation Energy (Cell Structure Relaxation): 1.71888518918 Size:  5
Vacancy Formation Energy (Cell Structure Relaxation): 1.71888480019 Size:  5
Vacancy Formation Energy (Cell Structure Relaxation): 1.71888510849 Size:  5
Vacancy Formation Energy (Cell Structure Relaxation): 1.71888478645 Size:  5
Vacancy Formation Energy (Cell Structure Relaxation): 1.71888495788 Size:  5
Vacancy Formation Energy (Cell Structure Relaxation): 1.7188847224 Size:  5
Vacancy Formation Energy (Cell Structure Relaxation): 1.71888517112 Size:  5
Vacancy Formation Energy (Cell Structure Relaxation): 1.71888470523 Size:  5
Vacancy Formation Energy (Cell Structure Relaxation): 1.71888481587 Size:  5
Vacancy Formation Energy (Cell Structure Relaxation): 1.71888503019 Size:  5
Vacancy Formation Energy (Cell Structure Relaxation): 1.71888470482 Size:  5
Vacancy Formation Energy (Cell Structure Relaxation): 1.71888480905 Size:  5
Vacancy Formation Energy (Cell Structure Relaxation): 1.71888471605 Size:  5
Vacancy Formation Energy (Cell Structure Relaxation): 1.71888482448 Size:  5
Vacancy Formation Energy (Cell Structure Relaxation): 1.7188847124 Size:  5
Vacancy Formation Energy (Cell Structure Relaxation): 1.71888487097 Size:  5
Vacancy Formation Energy (Cell Structure Relaxation): 1.71888470675 Size:  5
Vacancy Formation Energy (Cell Structure Relaxation): 1.71888477643 Size:  5
Vacancy Formation Energy (Cell Structure Relaxation): 1.71888470503 Size:  5
Vacancy Formation Energy (Cell Structure Relaxation): 1.71888474702 Size:  5
Vacancy Formation Energy (Cell Structure Relaxation): 1.71888469034 Size:  5
Vacancy Formation Energy (Cell Structure Relaxation): 1.71888475065 Size:  5
Vacancy Formation Energy (Cell Structure Relaxation): 1.71888468815 Size:  5
Vacancy Formation Energy (Cell Structure Relaxation): 1.7188846987 Size:  5
Vacancy Formation Energy (Cell Structure Relaxation): 1.71888473211 Size:  5
Vacancy Formation Energy (Cell Structure Relaxation): 1.71888468557 Size:  5
Vacancy Formation Energy (Cell Structure Relaxation): 1.71888470841 Size:  5
Vacancy Formation Energy (Cell Structure Relaxation): 1.71888468721 Size:  5
Vacancy Formation Energy (Cell Structure Relaxation): 1.71888472065 Size:  5
Vacancy Formation Energy (Cell Structure Relaxation): 1.71888468598 Size:  5
Vacancy Formation Energy (Cell Structure Relaxation): 1.71888470805 Size:  5
Vacancy Formation Energy (Cell Structure Relaxation): 1.71888468697 Size:  5
Vacancy Formation Energy (Cell Structure Relaxation): 1.71888470519 Size:  5
Vacancy Formation Energy (Cell Structure Relaxation): 1.71888468508 Size:  5
Vacancy Formation Energy (Cell Structure Relaxation): 1.71888468875 Size:  5
Vacancy Formation Energy (Cell Structure Relaxation): 1.7188846829 Size:  5
Vacancy Formation Energy (Cell Structure Relaxation): 1.71888469961 Size:  5
Vacancy Formation Energy (Cell Structure Relaxation): 1.71888468193 Size:  5
Vacancy Formation Energy (Cell Structure Relaxation): 1.71888468545 Size:  5
Vacancy Formation Energy (Cell Structure Relaxation): 1.71888469187 Size:  5
Vacancy Formation Energy (Cell Structure Relaxation): 1.71888468214 Size:  5
Vacancy Formation Energy (Cell Structure Relaxation): 1.71888468929 Size:  5
Vacancy Formation Energy (Cell Structure Relaxation): 1.71888468208 Size:  5
Vacancy Formation Energy (Cell Structure Relaxation): 1.71888468667 Size:  5
Vacancy Formation Energy (Cell Structure Relaxation): 1.71888468217 Size:  5
Vacancy Formation Energy (Cell Structure Relaxation): 1.7188846862 Size:  5
Vacancy Formation Energy (Cell Structure Relaxation): 1.71888468214 Size:  5
Vacancy Formation Energy (Cell Structure Relaxation): 1.71888468785 Size:  5
Vacancy Formation Energy (Cell Structure Relaxation): 1.71888468186 Size:  5
Vacancy Formation Energy (Cell Structure Relaxation): 1.71888468372 Size:  5
Vacancy Formation Energy (Cell Structure Relaxation): 1.71888468152 Size:  5
Vacancy Formation Energy (Cell Structure Relaxation): 1.71888468204 Size:  5
Vacancy Formation Energy (Cell Structure Relaxation): 1.71888468197 Size:  5
Optimization terminated successfully.
         Current function value: 1.718885
         Iterations: 94
         Function evaluations: 177
Summary:
Vacancy Formation Energy: 1.71888468152
Unrelaxed Cell Volume: 2227.73663411
Relaxed Cell Volume: 2226.31652884
Relaxation Volume: 1.42010526792
Relaxed Cell Vector:
[  1.30576772e+01   8.58459127e-05   1.30570843e+01   8.40265941e-05
   1.32772094e-04   1.30579431e+01]
Unrelaxed Cell Vector:
[13.06034398405, 0.0, 13.06034398405, 0.0, 0.0, 13.06034398405]
Relaxed Cell:
[[  1.30576772e+01   0.00000000e+00   0.00000000e+00]
 [  8.58459127e-05   1.30570843e+01   0.00000000e+00]
 [  8.40265941e-05   1.32772094e-04   1.30579431e+01]]
Unrelaxed Cell:
[[ 13.06034398   0.           0.        ]
 [  0.          13.06034398   0.        ]
 [  0.           0.          13.06034398]]

[Calculation Results Summary]
Sizes: [3, 4, 5]
Formation Energy By Size:
[1.749346005147757, 1.8481218436427298, 1.7188846815181478]
Relaxation Volume By Size:
[2.0363144541267388, 1.6028954307253116, 1.4201052679236454]

[Extrapolation]
Fitting with 2 points, including orders [0, 3]
Fit with data beginning 0

Fit with Size: [3 4]
Orders: [0, 3]
Matrix A (Ax = y):
[[ 1.          0.03703704]
 [ 1.          0.015625  ]]
Data for Fitting: [ 1.74934601  1.84812184]
Fitting Results: (array([ 1.92020151, -4.61309862]), array([], dtype=float64), 2, array([ 1.41470379,  0.01513535]))

Fit with Size: [3 4]
Orders: [0, 3]
Matrix A (Ax = y):
[[ 1.          0.03703704]
 [ 1.          0.015625  ]]
Data for Fitting: [ 2.03631445  1.60289543]
Fitting Results: (array([  1.28661668,  20.2418398 ]), array([], dtype=float64), 2, array([ 1.41470379,  0.01513535]))
Fit with data beginning 1

Fit with Size: [4 5]
Orders: [0, 3]
Matrix A (Ax = y):
[[ 1.        0.015625]
 [ 1.        0.008   ]]
Data for Fitting: [ 1.84812184  1.71888468]
Fitting Results: (array([  1.58329159,  16.94913602]), array([], dtype=float64), 2, array([ 1.41431223,  0.00539131]))

Fit with Size: [4 5]
Orders: [0, 3]
Matrix A (Ax = y):
[[ 1.        0.015625]
 [ 1.        0.008   ]]
Data for Fitting: [ 1.60289543  1.42010527]
Fitting Results: (array([  1.22832542,  23.97248037]), array([], dtype=float64), 2, array([ 1.41431223,  0.00539131]))
Fitting with 3 points, including orders [0, 3]
Fit with data beginning 0

Fit with Size: [3 4 5]
Orders: [0, 3]
Matrix A (Ax = y):
[[ 1.          0.03703704]
 [ 1.          0.015625  ]
 [ 1.          0.008     ]]
Data for Fitting: [ 1.74934601  1.84812184  1.71888468]
Fitting Results: (array([ 1.77576161, -0.18021635]), array([ 0.00911421]), 2, array([ 1.73240492,  0.02128544]))

Fit with Size: [3 4 5]
Orders: [0, 3]
Matrix A (Ax = y):
[[ 1.          0.03703704]
 [ 1.          0.015625  ]
 [ 1.          0.008     ]]
Data for Fitting: [ 2.03631445  1.60289543  1.42010527]
Fitting Results: (array([  1.26162608,  21.00880531]), array([ 0.00027283]), 2, array([ 1.73240492,  0.02128544]))
Fitting with 3 points, including orders [0, 3, 4]
Fit with data beginning 0

Fit with Size: [3 4 5]
Orders: [0, 3, 4]
Matrix A (Ax = y):
[[ 1.          0.03703704  0.01234568]
 [ 1.          0.015625    0.00390625]
 [ 1.          0.008       0.0016    ]]
Data for Fitting: [ 1.74934601  1.84812184  1.71888468]
Fitting Results: (array([   1.39052355,   88.08054456, -235.17701469]), array([], dtype=float64), 3, array([  1.73243559e+00,   2.27351353e-02,   3.80051182e-04]))

Fit with Size: [3 4 5]
Orders: [0, 3, 4]
Matrix A (Ax = y):
[[ 1.          0.03703704  0.01234568]
 [ 1.          0.015625    0.00390625]
 [ 1.          0.008       0.0016    ]]
Data for Fitting: [ 2.03631445  1.60289543  1.42010527]
Fitting Results: (array([  1.19497321,  36.27944776, -40.6897025 ]), array([], dtype=float64), 3, array([  1.73243559e+00,   2.27351353e-02,   3.80051182e-04]))
Fitting with 3 points, including orders [0, 3, 5]
Fit with data beginning 0

Fit with Size: [3 4 5]
Orders: [0, 3, 5]
Matrix A (Ax = y):
[[  1.00000000e+00   3.70370370e-02   4.11522634e-03]
 [  1.00000000e+00   1.56250000e-02   9.76562500e-04]
 [  1.00000000e+00   8.00000000e-03   3.20000000e-04]]
Data for Fitting: [ 1.74934601  1.84812184  1.71888468]
Fitting Results: (array([   1.45178352,   47.6489661 , -356.53301003]), array([], dtype=float64), 3, array([  1.73240774e+00,   2.14761184e-02,   2.65390853e-04]))

Fit with Size: [3 4 5]
Orders: [0, 3, 5]
Matrix A (Ax = y):
[[  1.00000000e+00   3.70370370e-02   4.11522634e-03]
 [  1.00000000e+00   1.56250000e-02   9.76562500e-04]
 [  1.00000000e+00   8.00000000e-03   3.20000000e-04]]
Data for Fitting: [ 2.03631445  1.60289543  1.42010527]
Fitting Results: (array([  1.20557225,  29.28408344, -61.68639452]), array([], dtype=float64), 3, array([  1.73240774e+00,   2.14761184e-02,   2.65390853e-04]))
Fitting with 3 points, including orders [0, 3, 6]
Fit with data beginning 0

Fit with Size: [3 4 5]
Orders: [0, 3, 6]
Matrix A (Ax = y):
[[  1.00000000e+00   3.70370370e-02   1.37174211e-03]
 [  1.00000000e+00   1.56250000e-02   2.44140625e-04]
 [  1.00000000e+00   8.00000000e-03   6.40000000e-05]]
Data for Fitting: [ 1.74934601  1.84812184  1.71888468]
Fitting Results: (array([   1.49046947,   34.49251665, -742.57695812]), array([], dtype=float64), 3, array([  1.73240519e+00,   2.13086278e-02,   1.28423698e-04]))

Fit with Size: [3 4 5]
Orders: [0, 3, 6]
Matrix A (Ax = y):
[[  1.00000000e+00   3.70370370e-02   1.37174211e-03]
 [  1.00000000e+00   1.56250000e-02   2.44140625e-04]
 [  1.00000000e+00   8.00000000e-03   6.40000000e-05]]
Data for Fitting: [ 2.03631445  1.60289543  1.42010527]
Fitting Results: (array([   1.21226559,   27.00778949, -128.47869316]), array([], dtype=float64), 3, array([  1.73240519e+00,   2.13086278e-02,   1.28423698e-04]))

[Fitting Results Summary]
Sizes: [3, 4, 5]
Data Points Used: [2, 3, 3, 3, 3]
Orders Included:
[[0, 3] [0, 3] [0, 3, 4] [0, 3, 5] [0, 3, 6]]
Formation Energy Fits By Size:
[[1.920201509571493, 1.5832915933874376] [1.7757616070368007]
 [1.390523548560479] [1.4517835159188768] [1.4904694736224577]]
Relaxation Volume Fits By Size:
[[1.2866166839188637, 1.2283254249841917] [1.2616260755850075]
 [1.1949732098205399] [1.2055722466790064] [1.2122655883389279]]

[Final Results]
[
    {
        "property-id" "tag:staff@noreply.openkim.org,2015-07-28:property/monovacancy-neutral-relaxed-formation-potential-energy-crystal-npt" 
        "instance-id" 1 
        "relaxed-formation-potential-energy" {
            "source-value" 1.5832915933874376 
            "source-unit" "eV" 
            "source-std-uncert-value" 0.19277570819726403
        } 
        "host-cauchy-stress" {
            "source-value" [
                0 
                0 
                0 
                0 
                0 
                0
            ] 
            "source-unit" "GPa"
        } 
        "host-removed-atom" {
            "source-value" 1
        } 
        "host-short-name" {
            "source-value" [
                "sc"
            ]
        } 
        "host-a" {
            "source-value" 2.61206879681 
            "source-unit" "angstrom"
        } 
        "host-b" {
            "source-value" 2.61206879681 
            "source-unit" "angstrom"
        } 
        "host-c" {
            "source-value" 2.61206879681 
            "source-unit" "angstrom"
        } 
        "host-alpha" {
            "source-value" 90.0 
            "source-unit" "degree"
        } 
        "host-beta" {
            "source-value" 90.0 
            "source-unit" "degree"
        } 
        "host-gamma" {
            "source-value" 90.0 
            "source-unit" "degree"
        } 
        "host-space-group" {
            "source-value" "Pm-3m"
        } 
        "host-wyckoff-multiplicity-and-letter" {
            "source-value" [
                "1a"
            ]
        } 
        "host-wyckoff-coordinates" {
            "source-value" [
                [
                    0.0 
                    0.0 
                    0.0
                ]
            ]
        } 
        "host-wyckoff-species" {
            "source-value" [
                "Si"
            ]
        } 
        "reservoir-cohesive-potential-energy" {
            "source-value" -4.3368763092526352 
            "source-unit" "eV"
        } 
        "reservoir-short-name" {
            "source-value" [
                "sc"
            ]
        } 
        "reservoir-cauchy-stress" {
            "source-value" [
                0.0 
                0.0 
                0.0 
                0.0 
                0.0 
                0.0
            ] 
            "source-unit" "GPa"
        } 
        "reservoir-a" {
            "source-value" 2.61206879681 
            "source-unit" "angstrom"
        } 
        "reservoir-b" {
            "source-value" 2.61206879681 
            "source-unit" "angstrom"
        } 
        "reservoir-c" {
            "source-value" 2.61206879681 
            "source-unit" "angstrom"
        } 
        "reservoir-alpha" {
            "source-value" 90.0 
            "source-unit" "degree"
        } 
        "reservoir-beta" {
            "source-value" 90.0 
            "source-unit" "degree"
        } 
        "reservoir-gamma" {
            "source-value" 90.0 
            "source-unit" "degree"
        } 
        "reservoir-space-group" {
            "source-value" "Pm-3m"
        } 
        "reservoir-wyckoff-multiplicity-and-letter" {
            "source-value" [
                "1a"
            ]
        } 
        "reservoir-wyckoff-coordinates" {
            "source-value" [
                [
                    0.0 
                    0.0 
                    0.0
                ]
            ]
        } 
        "reservoir-wyckoff-species" {
            "source-value" [
                "Si"
            ]
        }
    } 
    {
        "property-id" "tag:staff@noreply.openkim.org,2015-07-28:property/monovacancy-neutral-relaxation-volume-crystal-npt" 
        "instance-id" 2 
        "relaxation-volume" {
            "source-value" 1.2283254249841917 
            "source-unit" "angstrom^3" 
            "source-std-uncert-value" 0.04010799555472686
        } 
        "host-cauchy-stress" {
            "source-value" [
                0 
                0 
                0 
                0 
                0 
                0
            ] 
            "source-unit" "GPa"
        } 
        "host-removed-atom" {
            "source-value" 1
        } 
        "host-short-name" {
            "source-value" [
                "sc"
            ]
        } 
        "host-a" {
            "source-value" 2.61206879681 
            "source-unit" "angstrom"
        } 
        "host-b" {
            "source-value" 2.61206879681 
            "source-unit" "angstrom"
        } 
        "host-c" {
            "source-value" 2.61206879681 
            "source-unit" "angstrom"
        } 
        "host-alpha" {
            "source-value" 90.0 
            "source-unit" "degree"
        } 
        "host-beta" {
            "source-value" 90.0 
            "source-unit" "degree"
        } 
        "host-gamma" {
            "source-value" 90.0 
            "source-unit" "degree"
        } 
        "host-space-group" {
            "source-value" "Pm-3m"
        } 
        "host-wyckoff-multiplicity-and-letter" {
            "source-value" [
                "1a"
            ]
        } 
        "host-wyckoff-coordinates" {
            "source-value" [
                [
                    0.0 
                    0.0 
                    0.0
                ]
            ]
        } 
        "host-wyckoff-species" {
            "source-value" [
                "Si"
            ]
        }
    }
]
