Imported bulk from ase.lattice
Parameters Input: Cu fcc EAM_Dynamo_Ackland_Tichy_Cu__MO_179025990738_001 [3.61500009724]
CELL_SIZE_MIN: 4
CELL_SIZE_MAX: 6
Smallest System Size: 256
Largest System Size: 864
Model Cutoff: 4.4274528135

[Calculation]
.

Supercell Size: 4
Unrelaxed Cell:
[[ 14.46000039   0.           0.        ]
 [  0.          14.46000039   0.        ]
 [  0.           0.          14.46000039]]
Unrelaxed Cell Vector:
[14.460000388959999, 0.0, 14.460000388959999, 0.0, 0.0, 14.460000388959999]
==========
Loop: 0
Position Relaxation...
.
.
FIRE:   0  11:50:44     -896.215398       0.1228
.
.
FIRE:   1  11:50:44     -896.218026       0.1163
.
.
FIRE:   2  11:50:44     -896.222755       0.1035
.
.
FIRE:   3  11:50:44     -896.228637       0.0846
.
.
FIRE:   4  11:50:44     -896.234507       0.0606
.
.
FIRE:   5  11:50:44     -896.239256       0.0328
.
.
FIRE:   6  11:50:44     -896.242148       0.0226
.
.
FIRE:   7  11:50:44     -896.243137       0.0222
.
.
FIRE:   8  11:50:44     -896.243206       0.0216
.
.
FIRE:   9  11:50:44     -896.243338       0.0204
.
.
FIRE:  10  11:50:44     -896.243524       0.0187
.
.
FIRE:  11  11:50:44     -896.243753       0.0165
.
.
FIRE:  12  11:50:44     -896.244007       0.0147
.
.
FIRE:  13  11:50:44     -896.244272       0.0130
.
.
FIRE:  14  11:50:44     -896.244532       0.0112
.
.
FIRE:  15  11:50:44     -896.244797       0.0104
.
.
FIRE:  16  11:50:44     -896.245046       0.0095
.
.
FIRE:  17  11:50:44     -896.245259       0.0083
.
.
FIRE:  18  11:50:44     -896.245422       0.0090
.
.
FIRE:  19  11:50:44     -896.245539       0.0122
.
.
FIRE:  20  11:50:44     -896.245626       0.0137
.
.
FIRE:  21  11:50:44     -896.245698       0.0133
.
.
FIRE:  22  11:50:44     -896.245755       0.0106
.
.
FIRE:  23  11:50:44     -896.245769       0.0056
.
.
FIRE:  24  11:50:44     -896.245776       0.0054
.
.
FIRE:  25  11:50:44     -896.245789       0.0051
.
.
FIRE:  26  11:50:44     -896.245807       0.0046
.
.
FIRE:  27  11:50:44     -896.245828       0.0040
.
.
FIRE:  28  11:50:44     -896.245851       0.0032
.
.
FIRE:  29  11:50:44     -896.245874       0.0028
.
.
FIRE:  30  11:50:44     -896.245895       0.0024
.
.
FIRE:  31  11:50:44     -896.245913       0.0019
.
.
FIRE:  32  11:50:44     -896.245927       0.0013
.
.
FIRE:  33  11:50:44     -896.245934       0.0017
.
.
FIRE:  34  11:50:44     -896.245934       0.0025
.
.
FIRE:  35  11:50:44     -896.245934       0.0025
.
.
FIRE:  36  11:50:44     -896.245935       0.0024
.
.
FIRE:  37  11:50:44     -896.245935       0.0023
.
.
FIRE:  38  11:50:44     -896.245936       0.0022
.
.
FIRE:  39  11:50:44     -896.245938       0.0021
.
.
FIRE:  40  11:50:44     -896.245939       0.0019
.
.
FIRE:  41  11:50:44     -896.245940       0.0017
.
.
FIRE:  42  11:50:44     -896.245942       0.0014
.
.
FIRE:  43  11:50:44     -896.245944       0.0011
.
.
FIRE:  44  11:50:44     -896.245945       0.0008
Relaxation Completed. Steps: 44
Cell Size Relaxation...
.
.
.
.
.
.
.
.
.
.
.
.
.
.
.
.
.
.
.
.
.
.
.
.
.
.
.
.
.
.
.
.
.
.
.
.
.
.
.
.
.
.
.
.
.
.
.
.
.
.
.
.
.
.
.
.
.
.
.
.
.
.
.
.
.
.
.
.
.
.
.
.
.
.
.
.
.
.
.
.
.
.
.
.
.
.
.
.
.
.
.
.
.
.
.
.
.
.
.
.
.
.
.
.
.
.
.
.
.
.
.
.
.
.
.
.
.
.
.
.
.
.
.
.
.
.
.
.
.
.
.
.
.
.
.
.
.
.
.
.
.
.
.
.
.
.
.
.
.
.
.
.
.
.
.
.
.
.
.
.
.
.
.
.
.
.
.
.
.
.
.
.
.
.
.
.
.
.
.
.
.
.
.
.
.
.
.
.
.
.
.
.
.
.
.
.
.
.
.
.
.
.
.
.
.
.
.
.
.
.
.
.
.
.
.
.
.
.
.
.
.
.
.
.
.
.
.
.
.
.
.
.
.
.
.
.
.
.
.
.
.
.
.
.
.
.
.
.
.
.
.
.
.
.
.
.
.
.
.
.
.
.
.
.
.
.
.
.
.
.
.
.
.
.
.
.
.
.
.
.
.
.
.
.
.
.
.
.
.
.
.
.
.
.
.
.
.
.
.
.
.
.
.
.
.
.
.
.
.
.
.
.
.
.
.
.
.
.
.
.
.
.
.
.
.
.
.
.
.
.
.
.
.
.
.
.
.
.
.
.
.
.
.
.
.
.
.
.
.
.
.
.
.
.
.
.
.
.
.
.
.
.
.
.
.
.
.
.
.
.
.
.
.
.
.
.
.
.
.
.
.
.
.
.
.
.
.
.
.
.
.
.
.
.
.
.
.
.
.
.
.
.
.
.
.
.
.
.
.
.
.
.
.
.
.
.
.
.
.
.
.
.
.
.
.
.
.
.
.
.
.
.
.
.
.
.
.
.
.
.
.
.
.
.
.
.
.
.
.
.
.
.
.
.
.
.
.
.
.
.
.
.
.
.
.
.
.
.
.
.
.
.
.
.
.
.
.
.
.
.
.
.
.
.
.
.
.
.
.
.
.
.
.
.
.
.
.
.
.
.
.
.
.
.
.
.
.
.
.
.
.
.
.
.
.
.
.
.
.
.
.
.
.
.
.
.
.
.
.
.
.
.
.
.
.
.
.
.
.
.
.
.
.
.
.
.
.
.
.
.
.
.
.
.
.
.
.
.
.
.
.
.
.
.
.
.
.
.
.
.
.
.
.
.
.
.
.
.
.
.
.
.
.
.
.
.
.
.
.
.
.
.
.
.
.
.
.
.
.
.
.
.
.
.
.
.
.
.
.
.
.
.
.
.
.
.
.
.
.
.
.
.
.
.
.
.
.
.
.
.
.
.
.
.
.
.
.
.
.
.
.
.
.
.
.
.
.
.
.
.
.
.
.
.
.
.
.
.
.
.
.
.
.
.
.
.
Optimization terminated successfully.
         Current function value: 1.188119
         Iterations: 362
         Function evaluations: 666
Current VFE: 1.18811902797
Energy of Supercell: -900.954374758
Unrelaxed Cell Volume: 3023.46477998
Current Relaxed Cell Volume: 3020.88257117
Current Relaxation Volume: 2.5822088131
Current Cell:
[[  1.44558825e+01   0.00000000e+00   0.00000000e+00]
 [  2.38383404e-05   1.44558817e+01   0.00000000e+00]
 [  2.30296768e-06   1.47708141e-05   1.44558838e+01]]
==========
Loop: 1
Position Relaxation...
.
.
FIRE:   0  11:50:46     -896.246903       0.0014
.
.
FIRE:   1  11:50:46     -896.246903       0.0013
.
.
FIRE:   2  11:50:46     -896.246904       0.0011
.
.
FIRE:   3  11:50:46     -896.246905       0.0009
Relaxation Completed. Steps: 3
Cell Size Relaxation...
.
.
.
.
.
.
.
.
.
.
.
.
.
.
.
.
.
.
.
.
.
.
.
.
.
.
.
.
.
.
.
.
.
.
.
.
.
.
.
.
.
.
.
.
.
.
.
.
.
.
.
.
.
.
.
.
.
.
.
.
.
.
.
.
.
.
.
.
.
.
.
.
.
.
.
.
.
.
.
.
.
.
.
.
.
.
.
.
.
.
.
.
.
.
.
.
.
.
.
.
.
.
.
.
.
.
.
.
.
.
.
.
.
.
.
.
.
.
.
.
.
.
.
.
.
.
.
.
.
.
.
.
.
.
.
.
.
.
.
.
.
.
.
.
.
.
.
.
.
.
.
.
.
.
.
.
.
.
.
.
.
.
.
.
.
.
.
.
.
.
.
.
.
.
.
.
.
.
.
.
.
.
.
.
.
.
.
.
.
.
.
.
.
.
.
.
.
.
.
.
.
.
.
.
.
.
.
.
.
.
.
.
.
.
.
.
.
.
.
.
.
.
.
.
.
.
.
.
.
.
.
.
.
.
.
.
.
.
.
.
.
.
.
.
.
.
.
.
.
.
.
.
.
.
.
.
.
.
.
.
.
.
.
.
.
.
.
.
.
.
.
.
.
.
.
.
.
.
.
.
.
.
.
.
.
.
.
.
.
.
.
.
.
.
.
.
.
.
.
.
.
.
.
.
.
.
.
.
.
.
.
.
.
.
.
.
.
.
.
.
.
.
.
.
.
.
.
.
.
.
.
.
.
.
.
.
.
.
.
.
.
.
.
.
.
.
.
.
.
.
.
.
.
.
.
.
.
.
.
.
.
.
.
.
.
.
.
.
.
.
.
.
.
.
.
.
.
.
.
.
.
.
.
.
.
.
.
.
.
.
.
.
.
.
.
.
.
.
.
.
.
.
.
.
.
.
.
.
.
.
.
.
.
.
.
.
.
.
.
.
.
.
.
.
.
.
.
.
.
Optimization terminated successfully.
         Current function value: 1.188117
         Iterations: 215
         Function evaluations: 429
Current VFE: 1.1881171768
Energy of Supercell: -900.954374758
Unrelaxed Cell Volume: 3023.46477998
Current Relaxed Cell Volume: 3020.88165764
Current Relaxation Volume: 2.58312234319
Current Cell:
[[  1.44558802e+01   0.00000000e+00   0.00000000e+00]
 [  9.06426394e-07   1.44558818e+01   0.00000000e+00]
 [  4.48778573e-06   5.45367520e-07   1.44558817e+01]]
==========
Loop: 2
Position Relaxation...
.
.
FIRE:   0  11:50:46     -896.246905       0.0009
Relaxation Completed. Steps: 0
Cell Size Relaxation...
.
.
.
.
.
.
.
.
.
.
.
.
.
.
.
.
.
.
.
.
.
.
.
.
.
.
.
.
.
.
.
.
.
.
.
.
.
.
.
.
.
.
.
.
.
.
.
.
.
.
.
.
.
.
.
.
.
.
.
.
.
.
.
.
.
.
.
.
.
.
.
.
.
.
.
.
.
.
.
.
.
.
.
.
.
.
.
.
.
.
.
.
.
.
.
.
.
.
.
.
.
.
.
.
.
.
.
.
.
.
.
.
.
.
.
.
.
.
.
.
.
.
.
.
.
.
.
.
.
.
.
.
.
.
.
.
.
.
.
.
.
.
.
.
.
.
.
.
.
.
.
.
.
.
.
.
.
.
.
.
.
.
.
.
.
.
.
.
.
.
.
.
.
.
.
.
.
.
.
.
.
.
.
.
.
.
.
.
.
.
.
.
.
.
.
.
.
.
.
.
.
.
.
.
.
.
.
.
.
.
.
.
.
.
.
.
.
.
.
.
.
.
.
.
.
.
.
.
.
.
.
.
.
.
.
.
.
.
.
.
.
.
.
.
.
.
.
.
.
.
.
.
.
.
.
.
.
.
.
.
.
.
.
.
.
.
.
.
.
.
.
.
.
.
.
.
.
.
.
.
.
.
.
.
.
.
.
.
.
.
.
.
Optimization terminated successfully.
         Current function value: 1.188117
         Iterations: 119
         Function evaluations: 292
.
.
FIRE:   0  11:50:47     -896.246905       0.0009
.
.
FIRE:   1  11:50:47     -896.246905       0.0009
.
.
FIRE:   2  11:50:47     -896.246905       0.0008
.
.
FIRE:   3  11:50:47     -896.246906       0.0006
.
.
FIRE:   4  11:50:47     -896.246906       0.0005
.
.
FIRE:   5  11:50:47     -896.246907       0.0003
.
.
FIRE:   6  11:50:47     -896.246907       0.0003
.
.
FIRE:   7  11:50:47     -896.246908       0.0003
.
.
FIRE:   8  11:50:47     -896.246908       0.0002
.
.
FIRE:   9  11:50:47     -896.246908       0.0003
.
.
FIRE:  10  11:50:47     -896.246908       0.0003
.
.
FIRE:  11  11:50:47     -896.246908       0.0003
.
.
FIRE:  12  11:50:47     -896.246908       0.0003
.
.
FIRE:  13  11:50:47     -896.246908       0.0002
.
.
FIRE:  14  11:50:47     -896.246908       0.0002
.
.
FIRE:  15  11:50:47     -896.246908       0.0002
.
.
FIRE:  16  11:50:47     -896.246908       0.0002
.
.
FIRE:  17  11:50:47     -896.246908       0.0001
.
.
FIRE:  18  11:50:47     -896.246908       0.0001
.
.
FIRE:  19  11:50:47     -896.246908       0.0000
.
.
.
.
.
.
.
.
.
.
.
.
.
.
.
.
.
.
.
.
.
.
.
.
.
.
.
.
.
.
.
.
.
.
.
.
.
.
.
.
.
.
.
.
.
.
.
.
.
.
.
.
.
.
.
.
.
.
.
.
.
.
.
.
.
.
.
.
.
.
.
.
.
.
.
.
.
.
.
.
.
.
.
.
.
.
.
.
.
.
.
.
.
.
.
.
.
.
.
.
.
.
.
.
.
.
.
.
.
.
.
.
.
.
.
.
.
.
.
.
.
.
.
.
.
.
.
.
.
.
.
.
.
.
.
.
.
.
.
.
.
.
.
.
.
.
.
.
.
.
.
.
.
.
.
.
.
.
.
.
.
.
.
.
.
.
.
.
.
.
.
.
.
.
.
.
.
.
.
.
.
.
.
.
.
.
.
.
.
.
.
.
.
.
.
.
.
.
.
.
.
.
.
.
.
.
.
.
.
.
.
.
.
.
.
.
.
.
.
.
.
.
.
.
.
.
.
.
.
.
.
.
.
.
.
.
.
.
.
.
.
.
.
.
.
.
.
.
.
.
.
.
.
.
.
.
.
.
.
.
.
.
.
.
.
.
.
.
.
.
.
.
.
.
.
.
.
.
.
.
.
.
.
.
.
.
.
.
.
.
.
.
.
.
.
.
.
.
.
.
.
.
.
.
.
.
.
.
.
.
.
.
.
.
.
.
.
.
.
.
.
.
.
.
.
.
.
.
.
.
.
.
.
.
.
.
.
.
.
.
.
.
.
.
.
.
.
.
.
.
.
.
.
.
.
.
.
.
.
.
.
.
.
.
.
.
.
.
.
.
.
.
.
.
.
.
.
.
.
.
.
.
.
.
.
.
.
.
.
.
.
.
.
.
.
.
.
.
.
.
.
.
.
.
.
.
.
.
.
.
.
.
.
.
.
.
.
.
.
.
.
.
.
Optimization terminated successfully.
         Current function value: 1.188113
         Iterations: 179
         Function evaluations: 423
---------------
Calculation Completed.
Number Of Atoms in Supercell: 256
Vacancy Formation Energy: 1.18811347098
Unrelaxed Cell Volume: 3023.46477998
Relaxed Cell Volume: 3020.88165764
Relaxation Volume: 2.58312234319
Relaxed Cell Vector:
[14.455875712385954, 9.312797252322516e-07, 14.455875434181607, 4.455931072178748e-06, 5.618047894015238e-07, 14.455876075261516]
Unrelaxed Cell Vector:
[14.460000388959999, 0.0, 14.460000388959999, 0.0, 0.0, 14.460000388959999]
Relaxed Cell:
[[  1.44558757e+01   0.00000000e+00   0.00000000e+00]
 [  9.31279725e-07   1.44558754e+01   0.00000000e+00]
 [  4.45593107e-06   5.61804789e-07   1.44558761e+01]]
Unrelaxed Cell:
[[ 14.46000039   0.           0.        ]
 [  0.          14.46000039   0.        ]
 [  0.           0.          14.46000039]]
.

Supercell Size: 5
Unrelaxed Cell:
[[ 18.07500049   0.           0.        ]
 [  0.          18.07500049   0.        ]
 [  0.           0.          18.07500049]]
Unrelaxed Cell Vector:
[18.0750004862, 0.0, 18.0750004862, 0.0, 0.0, 18.0750004862]
==========
Loop: 0
Position Relaxation...
.
.
FIRE:   0  11:50:49    -1754.937536       0.1228
.
.
FIRE:   1  11:50:49    -1754.940164       0.1163
.
.
FIRE:   2  11:50:49    -1754.944893       0.1035
.
.
FIRE:   3  11:50:49    -1754.950776       0.0846
.
.
FIRE:   4  11:50:49    -1754.956646       0.0606
.
.
FIRE:   5  11:50:49    -1754.961396       0.0328
.
.
FIRE:   6  11:50:49    -1754.964291       0.0226
.
.
FIRE:   7  11:50:49    -1754.965286       0.0222
.
.
FIRE:   8  11:50:49    -1754.965355       0.0216
.
.
FIRE:   9  11:50:49    -1754.965488       0.0204
.
.
FIRE:  10  11:50:49    -1754.965675       0.0187
.
.
FIRE:  11  11:50:49    -1754.965905       0.0165
.
.
FIRE:  12  11:50:49    -1754.966162       0.0147
.
.
FIRE:  13  11:50:49    -1754.966430       0.0131
.
.
FIRE:  14  11:50:49    -1754.966693       0.0113
.
.
FIRE:  15  11:50:49    -1754.966964       0.0105
.
.
FIRE:  16  11:50:49    -1754.967221       0.0096
.
.
FIRE:  17  11:50:49    -1754.967448       0.0084
.
.
FIRE:  18  11:50:49    -1754.967634       0.0090
.
.
FIRE:  19  11:50:49    -1754.967786       0.0122
.
.
FIRE:  20  11:50:49    -1754.967925       0.0139
.
.
FIRE:  21  11:50:49    -1754.968073       0.0136
.
.
FIRE:  22  11:50:49    -1754.968228       0.0111
.
.
FIRE:  23  11:50:49    -1754.968358       0.0062
.
.
FIRE:  24  11:50:49    -1754.968405       0.0040
.
.
FIRE:  25  11:50:49    -1754.968411       0.0039
.
.
FIRE:  26  11:50:49    -1754.968421       0.0037
.
.
FIRE:  27  11:50:49    -1754.968436       0.0034
.
.
FIRE:  28  11:50:49    -1754.968453       0.0031
.
.
FIRE:  29  11:50:49    -1754.968472       0.0027
.
.
FIRE:  30  11:50:49    -1754.968489       0.0022
.
.
FIRE:  31  11:50:49    -1754.968504       0.0017
.
.
FIRE:  32  11:50:49    -1754.968518       0.0013
.
.
FIRE:  33  11:50:49    -1754.968528       0.0012
.
.
FIRE:  34  11:50:49    -1754.968534       0.0014
.
.
FIRE:  35  11:50:49    -1754.968536       0.0014
.
.
FIRE:  36  11:50:49    -1754.968536       0.0014
.
.
FIRE:  37  11:50:49    -1754.968537       0.0013
.
.
FIRE:  38  11:50:49    -1754.968538       0.0012
.
.
FIRE:  39  11:50:49    -1754.968539       0.0011
.
.
FIRE:  40  11:50:49    -1754.968540       0.0010
Relaxation Completed. Steps: 40
Cell Size Relaxation...
.
.
.
.
.
.
.
.
.
.
.
.
.
.
.
.
.
.
.
.
.
.
.
.
.
.
.
.
.
.
.
.
.
.
.
.
.
.
.
.
.
.
.
.
.
.
.
.
.
.
.
.
.
.
.
.
.
.
.
.
.
.
.
.
.
.
.
.
.
.
.
.
.
.
.
.
.
.
.
.
.
.
.
.
.
.
.
.
.
.
.
.
.
.
.
.
.
.
.
.
.
.
.
.
.
.
.
.
.
.
.
.
.
.
.
.
.
.
.
.
.
.
.
.
.
.
.
.
.
.
.
.
.
.
.
.
.
.
.
.
.
.
.
.
.
.
.
.
.
.
.
.
.
.
.
.
.
.
.
.
.
.
.
.
.
.
.
.
.
.
.
.
.
.
.
.
.
.
.
.
.
.
.
.
.
.
.
.
.
.
.
.
.
.
.
.
.
.
.
.
.
.
.
.
.
.
.
.
.
.
.
.
.
.
.
.
.
.
.
.
.
.
.
.
.
.
.
.
.
.
.
.
.
.
.
.
.
.
.
.
.
.
.
.
.
.
.
.
.
.
.
.
.
.
.
.
.
.
.
.
.
.
.
.
.
.
.
.
.
.
.
.
.
.
.
.
.
.
.
.
.
.
.
.
.
.
.
.
.
.
.
.
.
.
.
.
.
.
.
.
.
.
.
.
.
.
.
.
.
.
.
.
.
.
.
.
.
.
.
.
.
.
.
.
.
.
.
.
.
.
.
.
.
.
.
.
.
.
.
.
.
.
.
.
.
.
.
.
.
.
.
.
.
.
.
.
.
.
.
.
.
.
.
.
.
.
.
.
.
.
.
.
.
.
.
.
.
.
.
.
.
.
.
.
.
.
.
.
.
.
.
.
.
.
.
.
.
.
.
.
.
.
.
.
.
.
.
.
.
.
.
.
.
.
.
.
.
.
.
.
.
.
.
.
.
.
.
.
.
.
.
.
.
.
.
.
.
.
.
.
.
.
.
.
.
.
.
.
.
.
.
.
.
.
.
.
.
.
.
.
.
.
.
.
.
.
.
.
.
.
.
.
.
.
.
.
.
.
.
.
.
.
.
.
.
.
.
.
.
.
.
.
.
.
.
.
.
.
.
.
.
.
.
Optimization terminated successfully.
         Current function value: 1.188131
         Iterations: 252
         Function evaluations: 503
Current VFE: 1.18813112424
Energy of Supercell: -1759.6765132
Unrelaxed Cell Volume: 5905.20464841
Current Relaxed Cell Volume: 5902.61742465
Current Relaxation Volume: 2.58722375299
Current Cell:
[[  1.80723612e+01   0.00000000e+00   0.00000000e+00]
 [  4.11306173e-05   1.80723595e+01   0.00000000e+00]
 [  3.55245097e-05   3.07710270e-05   1.80723604e+01]]
==========
Loop: 1
Position Relaxation...
.
.
FIRE:   0  11:50:51    -1754.969029       0.0011
.
.
FIRE:   1  11:50:51    -1754.969030       0.0010
Relaxation Completed. Steps: 1
Cell Size Relaxation...
.
.
.
.
.
.
.
.
.
.
.
.
.
.
.
.
.
.
.
.
.
.
.
.
.
.
.
.
.
.
.
.
.
.
.
.
.
.
.
.
.
.
.
.
.
.
.
.
.
.
.
.
.
.
.
.
.
.
.
.
.
.
.
.
.
.
.
.
.
.
.
.
.
.
.
.
.
.
.
.
.
.
.
.
.
.
.
.
.
.
.
.
.
.
.
.
.
.
.
.
.
.
.
.
.
.
.
.
.
.
.
.
.
.
.
.
.
.
.
.
.
.
.
.
.
.
.
.
.
.
.
.
.
.
.
.
.
.
.
.
.
.
.
.
.
.
.
.
.
.
.
.
.
.
.
.
.
.
.
.
.
.
.
.
.
.
.
.
.
.
.
.
.
.
.
.
.
.
.
.
.
.
.
.
.
.
.
.
.
.
.
.
.
.
.
.
.
.
.
.
.
.
.
.
.
.
.
.
.
.
.
.
.
.
.
.
.
.
.
.
.
.
.
.
.
.
.
.
.
.
.
.
.
.
.
.
.
.
.
.
.
.
.
.
.
.
.
.
.
.
.
.
.
.
.
.
.
.
.
.
.
.
.
.
.
.
.
.
.
.
.
.
.
.
.
.
.
.
.
.
.
.
.
.
.
.
.
.
.
.
.
.
.
.
.
.
.
.
.
.
.
.
.
.
.
.
.
.
.
.
.
.
.
.
.
.
.
.
.
.
.
.
.
.
.
.
.
.
.
.
.
.
.
.
.
.
.
.
.
.
.
.
.
.
.
.
.
.
.
.
.
.
.
.
.
.
.
.
.
.
.
.
.
.
.
.
.
.
.
.
.
.
.
.
.
.
.
.
.
.
.
.
.
.
.
.
.
.
.
.
.
.
.
.
.
.
.
.
.
.
.
.
.
.
.
.
.
.
.
.
.
.
.
.
.
.
.
.
.
.
.
.
.
.
.
.
.
.
.
.
.
.
.
.
.
.
.
.
.
.
.
.
.
.
.
.
.
.
.
.
.
.
.
.
.
.
.
.
.
.
.
.
.
.
.
.
.
.
.
.
.
.
.
.
.
.
.
.
.
.
Optimization terminated successfully.
         Current function value: 1.188130
         Iterations: 245
         Function evaluations: 480
Current VFE: 1.18813037915
Energy of Supercell: -1759.6765132
Unrelaxed Cell Volume: 5905.20464841
Current Relaxed Cell Volume: 5902.61688089
Current Relaxation Volume: 2.58776751673
Current Cell:
[[  1.80723601e+01   0.00000000e+00   0.00000000e+00]
 [ -6.90532974e-07   1.80723601e+01   0.00000000e+00]
 [ -3.29112928e-07   3.88080188e-07   1.80723593e+01]]
==========
Loop: 2
Position Relaxation...
.
.
FIRE:   0  11:50:54    -1754.969030       0.0010
Relaxation Completed. Steps: 0
Cell Size Relaxation...
.
.
.
.
.
.
.
.
.
.
.
.
.
.
.
.
.
.
.
.
.
.
.
.
.
.
.
.
.
.
.
.
.
.
.
.
.
.
.
.
.
.
.
.
.
.
.
.
.
.
.
.
.
.
.
.
.
.
.
.
.
.
.
.
.
.
.
.
.
.
.
.
.
.
.
.
.
.
.
.
.
.
.
.
.
.
.
.
.
.
.
.
.
.
.
.
.
.
.
.
.
.
.
.
.
.
.
.
.
.
.
.
.
.
.
.
.
.
.
.
.
.
.
.
.
.
.
.
.
.
.
.
.
.
.
.
.
.
.
.
.
.
.
.
.
.
.
.
.
.
.
.
.
.
.
.
.
.
.
.
.
.
.
.
.
.
.
.
.
.
.
.
.
.
.
.
.
.
.
.
.
.
.
.
.
.
.
.
.
.
.
.
.
.
.
.
.
.
.
.
.
.
.
.
.
.
.
.
.
.
.
.
.
.
.
.
.
.
.
.
.
.
.
.
.
.
.
.
.
.
.
.
.
.
.
.
.
.
.
.
.
.
.
.
.
.
.
.
.
.
.
.
.
.
.
.
.
.
.
.
.
.
Optimization terminated successfully.
         Current function value: 1.188130
         Iterations: 94
         Function evaluations: 262
.
.
FIRE:   0  11:50:55    -1754.969030       0.0010
.
.
FIRE:   1  11:50:55    -1754.969030       0.0009
.
.
FIRE:   2  11:50:55    -1754.969031       0.0007
.
.
FIRE:   3  11:50:55    -1754.969033       0.0006
.
.
FIRE:   4  11:50:55    -1754.969034       0.0005
.
.
FIRE:   5  11:50:55    -1754.969034       0.0004
.
.
FIRE:   6  11:50:55    -1754.969035       0.0003
.
.
FIRE:   7  11:50:55    -1754.969035       0.0004
.
.
FIRE:   8  11:50:55    -1754.969035       0.0004
.
.
FIRE:   9  11:50:55    -1754.969035       0.0004
.
.
FIRE:  10  11:50:55    -1754.969035       0.0003
.
.
FIRE:  11  11:50:55    -1754.969035       0.0003
.
.
FIRE:  12  11:50:55    -1754.969035       0.0003
.
.
FIRE:  13  11:50:55    -1754.969035       0.0002
.
.
FIRE:  14  11:50:55    -1754.969035       0.0002
.
.
FIRE:  15  11:50:55    -1754.969035       0.0001
.
.
FIRE:  16  11:50:55    -1754.969035       0.0001
.
.
FIRE:  17  11:50:55    -1754.969035       0.0001
.
.
FIRE:  18  11:50:55    -1754.969035       0.0001
.
.
FIRE:  19  11:50:55    -1754.969035       0.0001
.
.
.
.
.
.
.
.
.
.
.
.
.
.
.
.
.
.
.
.
.
.
.
.
.
.
.
.
.
.
.
.
.
.
.
.
.
.
.
.
.
.
.
.
.
.
.
.
.
.
.
.
.
.
.
.
.
.
.
.
.
.
.
.
.
.
.
.
.
.
.
.
.
.
.
.
.
.
.
.
.
.
.
.
.
.
.
.
.
.
.
.
.
.
.
.
.
.
.
.
.
.
.
.
.
.
.
.
.
.
.
.
.
.
.
.
.
.
.
.
.
.
.
.
.
.
.
.
.
.
.
.
.
.
.
.
.
.
.
.
.
.
.
.
.
.
.
.
.
.
.
.
.
.
.
.
.
.
.
.
.
.
.
.
.
.
.
.
.
.
.
.
.
.
.
.
.
.
.
.
.
.
.
.
.
.
.
.
.
.
.
.
.
.
.
.
.
.
.
.
.
.
.
.
.
.
.
.
.
.
.
.
.
.
.
.
.
.
.
.
.
.
.
.
.
.
.
.
.
.
.
.
.
.
.
.
.
.
.
.
.
.
.
.
.
.
.
.
.
.
.
.
.
.
.
.
.
.
.
.
.
.
.
.
.
.
.
.
.
.
.
.
.
.
.
.
.
.
.
.
.
.
.
.
.
.
.
.
.
.
.
.
.
.
.
.
.
.
.
.
.
.
.
.
.
.
.
.
.
.
.
.
.
.
.
.
.
.
.
.
.
.
.
.
.
.
.
.
.
.
.
.
.
.
.
.
.
.
.
.
.
.
.
.
.
.
.
.
.
.
.
.
.
.
.
.
.
.
.
.
.
.
.
.
.
.
.
.
.
.
.
.
.
.
.
.
.
.
.
.
.
.
.
.
.
.
.
.
.
.
.
.
.
.
.
.
.
.
.
.
.
.
.
.
.
.
.
.
.
.
.
.
.
.
.
.
Optimization terminated successfully.
         Current function value: 1.188125
         Iterations: 173
         Function evaluations: 416
---------------
Calculation Completed.
Number Of Atoms in Supercell: 500
Vacancy Formation Energy: 1.18812467808
Unrelaxed Cell Volume: 5905.20464841
Relaxed Cell Volume: 5902.61688089
Relaxation Volume: 2.58776751673
Relaxed Cell Vector:
[18.072357870249288, -7.046873812014988e-07, 18.07235811956211, -3.2234336558050195e-07, 3.962598516251633e-07, 18.072359155680495]
Unrelaxed Cell Vector:
[18.0750004862, 0.0, 18.0750004862, 0.0, 0.0, 18.0750004862]
Relaxed Cell:
[[  1.80723579e+01   0.00000000e+00   0.00000000e+00]
 [ -7.04687381e-07   1.80723581e+01   0.00000000e+00]
 [ -3.22343366e-07   3.96259852e-07   1.80723592e+01]]
Unrelaxed Cell:
[[ 18.07500049   0.           0.        ]
 [  0.          18.07500049   0.        ]
 [  0.           0.          18.07500049]]
.

Supercell Size: 6
Unrelaxed Cell:
[[ 21.69000058   0.           0.        ]
 [  0.          21.69000058   0.        ]
 [  0.           0.          21.69000058]]
Unrelaxed Cell Vector:
[21.69000058344, 0.0, 21.69000058344, 0.0, 0.0, 21.69000058344]
==========
Loop: 0
Position Relaxation...
.
.
FIRE:   0  11:50:57    -3035.982038       0.1228
.
.
FIRE:   1  11:50:57    -3035.984666       0.1163
.
.
FIRE:   2  11:50:57    -3035.989395       0.1035
.
.
FIRE:   3  11:50:57    -3035.995277       0.0846
.
.
FIRE:   4  11:50:57    -3036.001148       0.0606
.
.
FIRE:   5  11:50:57    -3036.005898       0.0328
.
.
FIRE:   6  11:50:57    -3036.008792       0.0226
.
.
FIRE:   7  11:50:57    -3036.009788       0.0222
.
.
FIRE:   8  11:50:57    -3036.009856       0.0216
.
.
FIRE:   9  11:50:57    -3036.009989       0.0204
.
.
FIRE:  10  11:50:57    -3036.010177       0.0187
.
.
FIRE:  11  11:50:57    -3036.010407       0.0165
.
.
FIRE:  12  11:50:57    -3036.010664       0.0147
.
.
FIRE:  13  11:50:57    -3036.010932       0.0131
.
.
FIRE:  14  11:50:57    -3036.011195       0.0113
.
.
FIRE:  15  11:50:57    -3036.011466       0.0105
.
.
FIRE:  16  11:50:57    -3036.011724       0.0096
.
.
FIRE:  17  11:50:57    -3036.011952       0.0084
.
.
FIRE:  18  11:50:57    -3036.012139       0.0090
.
.
FIRE:  19  11:50:57    -3036.012294       0.0122
.
.
FIRE:  20  11:50:57    -3036.012438       0.0139
.
.
FIRE:  21  11:50:57    -3036.012594       0.0137
.
.
FIRE:  22  11:50:57    -3036.012764       0.0111
.
.
FIRE:  23  11:50:57    -3036.012917       0.0063
.
.
FIRE:  24  11:50:57    -3036.013000       0.0036
.
.
FIRE:  25  11:50:57    -3036.012982       0.0068
.
.
FIRE:  26  11:50:57    -3036.012993       0.0065
.
.
FIRE:  27  11:50:57    -3036.013013       0.0059
.
.
FIRE:  28  11:50:57    -3036.013040       0.0052
.
.
FIRE:  29  11:50:57    -3036.013070       0.0042
.
.
FIRE:  30  11:50:57    -3036.013100       0.0031
.
.
FIRE:  31  11:50:57    -3036.013127       0.0024
.
.
FIRE:  32  11:50:57    -3036.013150       0.0018
.
.
FIRE:  33  11:50:57    -3036.013170       0.0020
.
.
FIRE:  34  11:50:57    -3036.013187       0.0020
.
.
FIRE:  35  11:50:57    -3036.013201       0.0019
.
.
FIRE:  36  11:50:57    -3036.013212       0.0019
.
.
FIRE:  37  11:50:57    -3036.013218       0.0015
.
.
FIRE:  38  11:50:57    -3036.013218       0.0014
.
.
FIRE:  39  11:50:57    -3036.013219       0.0014
.
.
FIRE:  40  11:50:58    -3036.013220       0.0012
.
.
FIRE:  41  11:50:58    -3036.013221       0.0011
.
.
FIRE:  42  11:50:58    -3036.013222       0.0009
Relaxation Completed. Steps: 42
Cell Size Relaxation...
.
.
.
.
.
.
.
.
.
.
.
.
.
.
.
.
.
.
.
.
.
.
.
.
.
.
.
.
.
.
.
.
.
.
.
.
.
.
.
.
.
.
.
.
.
.
.
.
.
.
.
.
.
.
.
.
.
.
.
.
.
.
.
.
.
.
.
.
.
.
.
.
.
.
.
.
.
.
.
.
.
.
.
.
.
.
.
.
.
.
.
.
.
.
.
.
.
.
.
.
.
.
.
.
.
.
.
.
.
.
.
.
.
.
.
.
.
.
.
.
.
.
.
.
.
.
.
.
.
.
.
.
.
.
.
.
.
.
.
.
.
.
.
.
.
.
.
.
.
.
.
.
.
.
.
.
.
.
.
.
.
.
.
.
.
.
.
.
.
.
.
.
.
.
.
.
.
.
.
.
.
.
.
.
.
.
.
.
.
.
.
.
.
.
.
.
.
.
.
.
.
.
.
.
.
.
.
.
.
.
.
.
.
.
.
.
.
.
.
.
.
.
.
.
.
.
.
.
.
.
.
.
.
.
.
.
.
.
.
.
.
.
.
.
.
.
.
.
.
.
.
.
.
.
.
.
.
.
.
.
.
.
.
.
.
.
.
.
.
.
.
.
.
.
.
.
.
.
.
.
.
.
.
.
.
.
.
.
.
.
.
.
.
.
.
.
.
.
.
.
.
.
.
.
.
.
.
.
.
.
.
.
.
.
.
.
.
.
.
.
.
.
.
.
.
.
.
.
.
.
.
.
.
.
.
.
.
.
.
.
.
.
.
.
.
.
.
.
.
.
.
.
.
.
.
.
.
.
.
.
.
.
.
.
.
.
.
.
.
.
.
.
.
.
.
.
.
.
.
.
.
.
.
.
.
.
.
.
.
.
.
.
.
.
.
.
.
.
.
.
.
.
.
.
.
.
.
.
.
.
.
.
.
.
.
.
.
.
.
.
.
.
.
.
.
.
.
.
.
.
.
.
.
.
.
.
.
.
.
.
.
.
.
.
.
.
.
.
.
.
.
.
.
.
.
.
.
.
.
.
.
.
.
.
.
.
.
.
.
.
.
.
.
.
.
.
.
.
.
.
.
.
.
.
.
.
.
.
.
.
.
.
.
.
.
.
.
.
.
.
.
.
.
.
.
.
.
.
.
.
.
.
.
.
.
.
.
.
.
.
.
.
.
.
.
.
.
.
.
.
.
.
.
.
.
.
.
.
.
.
.
.
.
.
.
.
.
.
.
.
.
.
.
.
.
.
.
.
.
.
Optimization terminated successfully.
         Current function value: 1.188156
         Iterations: 296
         Function evaluations: 560
Current VFE: 1.18815604728
Energy of Supercell: -3040.72101481
Unrelaxed Cell Volume: 10204.1936324
Current Relaxed Cell Volume: 10201.5987444
Current Relaxation Volume: 2.59488803567
Current Cell:
[[  2.16881568e+01   0.00000000e+00   0.00000000e+00]
 [  4.03417858e-05   2.16881634e+01   0.00000000e+00]
 [  3.78526996e-05   5.35264891e-05   2.16881653e+01]]
==========
Loop: 1
Position Relaxation...
.
.
FIRE:   0  11:51:03    -3036.013506       0.0011
.
.
FIRE:   1  11:51:03    -3036.013506       0.0010
Relaxation Completed. Steps: 1
Cell Size Relaxation...
.
.
.
.
.
.
.
.
.
.
.
.
.
.
.
.
.
.
.
.
.
.
.
.
.
.
.
.
.
.
.
.
.
.
.
.
.
.
.
.
.
.
.
.
.
.
.
.
.
.
.
.
.
.
.
.
.
.
.
.
.
.
.
.
.
.
.
.
.
.
.
.
.
.
.
.
.
.
.
.
.
.
.
.
.
.
.
.
.
.
.
.
.
.
.
.
.
.
.
.
.
.
.
.
.
.
.
.
.
.
.
.
.
.
.
.
.
.
.
.
.
.
.
.
.
.
.
.
.
.
.
.
.
.
.
.
.
.
.
.
.
.
.
.
.
.
.
.
.
.
.
.
.
.
.
.
.
.
.
.
.
.
.
.
.
.
.
.
.
.
.
.
.
.
.
.
.
.
.
.
.
.
.
.
.
.
.
.
.
.
.
.
.
.
.
.
.
.
.
.
.
.
.
.
.
.
.
.
.
.
.
.
.
.
.
.
.
.
.
.
.
.
.
.
.
.
.
.
.
.
.
.
.
.
.
.
.
.
.
.
.
.
.
.
.
.
.
.
.
.
.
.
.
.
.
.
.
.
.
.
.
.
.
.
.
.
.
.
.
.
.
.
.
.
.
.
.
.
.
.
.
.
.
.
.
.
.
.
.
.
.
.
.
.
.
.
.
.
.
.
.
.
.
.
.
.
.
.
.
.
.
.
.
.
.
.
.
.
.
.
.
.
.
.
.
.
.
.
.
.
.
.
.
.
.
.
.
.
.
.
.
.
.
.
.
.
.
.
.
.
.
.
.
.
.
.
.
.
.
.
.
.
.
.
.
.
.
.
.
.
.
.
.
.
.
.
.
.
.
.
.
.
.
.
.
.
.
.
.
.
.
.
.
.
.
.
.
.
.
.
.
.
.
.
.
.
.
.
.
.
.
.
.
.
.
.
.
.
.
.
.
.
Optimization terminated successfully.
         Current function value: 1.188155
         Iterations: 211
         Function evaluations: 422
Current VFE: 1.18815549541
Energy of Supercell: -3040.72101481
Unrelaxed Cell Volume: 10204.1936324
Current Relaxed Cell Volume: 10201.5985807
Current Relaxation Volume: 2.59505178081
Current Cell:
[[  2.16881646e+01   0.00000000e+00   0.00000000e+00]
 [ -2.91157492e-06   2.16881588e+01   0.00000000e+00]
 [  3.17310434e-06   1.25709278e-06   2.16881618e+01]]
==========
Loop: 2
Position Relaxation...
.
.
FIRE:   0  11:51:08    -3036.013506       0.0010
Relaxation Completed. Steps: 0
Cell Size Relaxation...
.
.
.
.
.
.
.
.
.
.
.
.
.
.
.
.
.
.
.
.
.
.
.
.
.
.
.
.
.
.
.
.
.
.
.
.
.
.
.
.
.
.
.
.
.
.
.
.
.
.
.
.
.
.
.
.
.
.
.
.
.
.
.
.
.
.
.
.
.
.
.
.
.
.
.
.
.
.
.
.
.
.
.
.
.
.
.
.
.
.
.
.
.
.
.
.
.
.
.
.
.
.
.
.
.
.
.
.
.
.
.
.
.
.
.
.
.
.
.
.
.
.
.
.
.
.
.
.
.
.
.
.
.
.
.
.
.
.
.
.
.
.
.
.
.
.
.
.
.
.
.
.
.
.
.
.
.
.
.
.
.
.
.
.
.
.
.
.
.
.
.
.
.
.
.
.
.
.
.
.
.
.
.
.
.
.
.
.
.
.
.
.
.
.
.
.
.
.
.
.
.
.
.
.
.
.
.
.
.
.
.
.
.
.
.
.
.
.
.
.
.
.
.
.
.
.
.
.
.
.
.
.
.
.
.
.
.
.
.
.
.
.
.
.
.
.
.
.
.
.
.
.
.
.
.
.
.
.
.
.
.
.
.
.
.
.
.
.
.
.
.
.
.
.
.
.
.
.
.
.
.
.
.
.
.
.
.
.
.
.
.
.
.
.
.
Optimization terminated successfully.
         Current function value: 1.188155
         Iterations: 113
         Function evaluations: 295
.
.
FIRE:   0  11:51:11    -3036.013506       0.0010
.
.
FIRE:   1  11:51:11    -3036.013507       0.0009
.
.
FIRE:   2  11:51:11    -3036.013508       0.0007
.
.
FIRE:   3  11:51:11    -3036.013508       0.0005
.
.
FIRE:   4  11:51:11    -3036.013509       0.0003
.
.
FIRE:   5  11:51:11    -3036.013510       0.0003
.
.
FIRE:   6  11:51:11    -3036.013511       0.0003
.
.
FIRE:   7  11:51:11    -3036.013511       0.0003
.
.
FIRE:   8  11:51:11    -3036.013511       0.0003
.
.
FIRE:   9  11:51:11    -3036.013511       0.0003
.
.
FIRE:  10  11:51:11    -3036.013511       0.0002
.
.
FIRE:  11  11:51:11    -3036.013511       0.0002
.
.
FIRE:  12  11:51:11    -3036.013512       0.0002
.
.
FIRE:  13  11:51:11    -3036.013512       0.0002
.
.
FIRE:  14  11:51:11    -3036.013512       0.0002
.
.
FIRE:  15  11:51:11    -3036.013512       0.0001
.
.
FIRE:  16  11:51:11    -3036.013512       0.0001
.
.
FIRE:  17  11:51:11    -3036.013512       0.0001
.
.
FIRE:  18  11:51:11    -3036.013512       0.0001
.
.
FIRE:  19  11:51:11    -3036.013512       0.0001
.
.
.
.
.
.
.
.
.
.
.
.
.
.
.
.
.
.
.
.
.
.
.
.
.
.
.
.
.
.
.
.
.
.
.
.
.
.
.
.
.
.
.
.
.
.
.
.
.
.
.
.
.
.
.
.
.
.
.
.
.
.
.
.
.
.
.
.
.
.
.
.
.
.
.
.
.
.
.
.
.
.
.
.
.
.
.
.
.
.
.
.
.
.
.
.
.
.
.
.
.
.
.
.
.
.
.
.
.
.
.
.
.
.
.
.
.
.
.
.
.
.
.
.
.
.
.
.
.
.
.
.
.
.
.
.
.
.
.
.
.
.
.
.
.
.
.
.
.
.
.
.
.
.
.
.
.
.
.
.
.
.
.
.
.
.
.
.
.
.
.
.
.
.
.
.
.
.
.
.
.
.
.
.
.
.
.
.
.
.
.
.
.
.
.
.
.
.
.
.
.
.
.
.
.
.
.
.
.
.
.
.
.
.
.
.
.
.
.
.
.
.
.
.
.
.
.
.
.
.
.
.
.
.
.
.
.
.
.
.
.
.
.
.
.
.
.
.
.
.
.
.
.
.
.
.
.
.
.
.
.
.
.
.
.
.
.
.
.
.
.
.
.
.
.
.
.
.
.
.
.
.
.
.
.
.
.
.
.
.
.
.
.
.
.
.
.
.
.
.
.
.
.
.
.
.
.
.
.
.
.
.
.
.
.
.
.
.
.
.
.
.
.
.
.
.
.
.
.
.
.
.
.
.
.
.
.
.
.
.
.
.
.
.
.
.
.
.
.
.
.
.
.
.
.
.
.
.
.
.
.
.
.
.
.
.
.
.
.
.
.
.
.
.
.
.
.
.
.
.
.
.
.
.
.
.
.
.
.
.
.
.
.
.
.
.
.
.
.
.
.
.
.
.
.
.
.
.
.
.
.
.
.
.
.
.
.
.
.
.
.
Optimization terminated successfully.
         Current function value: 1.188150
         Iterations: 176
         Function evaluations: 421
---------------
Calculation Completed.
Number Of Atoms in Supercell: 864
Vacancy Formation Energy: 1.18814961563
Unrelaxed Cell Volume: 10204.1936324
Relaxed Cell Volume: 10201.5985807
Relaxation Volume: 2.59505178081
Relaxed Cell Vector:
[21.688163368244815, -2.875081353559019e-06, 21.688163648997737, 3.25648900066337e-06, 1.2594288816095387e-06, 21.68816492159882]
Unrelaxed Cell Vector:
[21.69000058344, 0.0, 21.69000058344, 0.0, 0.0, 21.69000058344]
Relaxed Cell:
[[  2.16881634e+01   0.00000000e+00   0.00000000e+00]
 [ -2.87508135e-06   2.16881636e+01   0.00000000e+00]
 [  3.25648900e-06   1.25942888e-06   2.16881649e+01]]
Unrelaxed Cell:
[[ 21.69000058   0.           0.        ]
 [  0.          21.69000058   0.        ]
 [  0.           0.          21.69000058]]

[Calculation Results Summary]
Sizes: [4, 5, 6]
Formation Energy By Size:
[1.1881134709815342, 1.1881246780751553, 1.1881496156343019]
Relaxation Volume By Size:
[2.5831223431941908, 2.5877675167303096, 2.595051780808717]

[Extrapolation]
Fitting with 2 points, including orders [0, 3]
Fit with data beginning 0

Fit with Size: [4 5]
Orders: [0, 3]
Matrix A (Ax = y):
[[ 1.        0.015625]
 [ 1.        0.008   ]]
Data for Fitting: [ 1.18811347  1.18812468]
Fitting Results: (array([ 1.18813644, -0.00146978]), array([], dtype=float64), 2, array([ 1.41431223,  0.00539131]))

Fit with Size: [4 5]
Orders: [0, 3]
Matrix A (Ax = y):
[[ 1.        0.015625]
 [ 1.        0.008   ]]
Data for Fitting: [ 2.58312234  2.58776752]
Fitting Results: (array([ 2.59264114, -0.60920309]), array([], dtype=float64), 2, array([ 1.41431223,  0.00539131]))
Fit with data beginning 1

Fit with Size: [5 6]
Orders: [0, 3]
Matrix A (Ax = y):
[[ 1.          0.008     ]
 [ 1.          0.00462963]]
Data for Fitting: [ 1.18812468  1.18814962]
Fitting Results: (array([ 1.18818387, -0.00739906]), array([], dtype=float64), 2, array([ 1.41424176,  0.00238316]))

Fit with Size: [5 6]
Orders: [0, 3]
Matrix A (Ax = y):
[[ 1.          0.008     ]
 [ 1.          0.00462963]]
Data for Fitting: [ 2.58776752  2.59505178]
Fitting Results: (array([ 2.60505764, -2.16126517]), array([], dtype=float64), 2, array([ 1.41424176,  0.00238316]))
Fitting with 3 points, including orders [0, 3]
Fit with data beginning 0

Fit with Size: [4 5 6]
Orders: [0, 3]
Matrix A (Ax = y):
[[ 1.          0.015625  ]
 [ 1.          0.008     ]
 [ 1.          0.00462963]]
Data for Fitting: [ 1.18811347  1.18812468  1.18814962]
Fitting Results: (array([ 1.1881573 , -0.00297758]), array([  1.21948107e-10]), 2, array([ 1.73212763,  0.00796621]))

Fit with Size: [4 5 6]
Orders: [0, 3]
Matrix A (Ax = y):
[[ 1.          0.015625  ]
 [ 1.          0.008     ]
 [ 1.          0.00462963]]
Data for Fitting: [ 2.58312234  2.58776752  2.59505178]
Fitting Results: (array([ 2.59810205, -1.00388927]), array([  8.35584376e-06]), 2, array([ 1.73212763,  0.00796621]))
Fitting with 3 points, including orders [0, 3, 4]
Fit with data beginning 0

Fit with Size: [4 5 6]
Orders: [0, 3, 4]
Matrix A (Ax = y):
[[  1.00000000e+00   1.56250000e-02   3.90625000e-03]
 [  1.00000000e+00   8.00000000e-03   1.60000000e-03]
 [  1.00000000e+00   4.62962963e-03   7.71604938e-04]]
Data for Fitting: [ 1.18811347  1.18812468  1.18814962]
Fitting Results: (array([ 1.18822219, -0.03311467,  0.10462536]), array([], dtype=float64), 3, array([  1.73213142e+00,   8.29013951e-03,   1.01423660e-04]))

Fit with Size: [4 5 6]
Orders: [0, 3, 4]
Matrix A (Ax = y):
[[  1.00000000e+00   1.56250000e-02   3.90625000e-03]
 [  1.00000000e+00   8.00000000e-03   1.60000000e-03]
 [  1.00000000e+00   4.62962963e-03   7.71604938e-04]]
Data for Fitting: [ 2.58312234  2.58776752  2.59505178]
Fitting Results: (array([  2.61508951,  -8.89265091,  27.38700907]), array([], dtype=float64), 3, array([  1.73213142e+00,   8.29013951e-03,   1.01423660e-04]))
Fitting with 3 points, including orders [0, 3, 5]
Fit with data beginning 0

Fit with Size: [4 5 6]
Orders: [0, 3, 5]
Matrix A (Ax = y):
[[  1.00000000e+00   1.56250000e-02   9.76562500e-04]
 [  1.00000000e+00   8.00000000e-03   3.20000000e-04]
 [  1.00000000e+00   4.62962963e-03   1.28600823e-04]]
Data for Fitting: [ 1.18811347  1.18812468  1.18814962]
Fitting Results: (array([ 1.18821103, -0.0188841 ,  0.20224148]), array([], dtype=float64), 3, array([  1.73212782e+00,   7.99080777e-03,   5.44349833e-05]))

Fit with Size: [4 5 6]
Orders: [0, 3, 5]
Matrix A (Ax = y):
[[  1.00000000e+00   1.56250000e-02   9.76562500e-04]
 [  1.00000000e+00   8.00000000e-03   3.20000000e-04]
 [  1.00000000e+00   4.62962963e-03   1.28600823e-04]]
Data for Fitting: [ 2.58312234  2.58776752  2.59505178]
Fitting Results: (array([  2.61216792,  -5.16762034,  52.93925798]), array([], dtype=float64), 3, array([  1.73212782e+00,   7.99080777e-03,   5.44349833e-05]))
Fitting with 3 points, including orders [0, 3, 6]
Fit with data beginning 0

Fit with Size: [4 5 6]
Orders: [0, 3, 6]
Matrix A (Ax = y):
[[  1.00000000e+00   1.56250000e-02   2.44140625e-04]
 [  1.00000000e+00   8.00000000e-03   6.40000000e-05]
 [  1.00000000e+00   4.62962963e-03   2.14334705e-05]]
Data for Fitting: [ 1.18811347  1.18812468  1.18814962]
Fitting Results: (array([ 1.18820384, -0.01420961,  0.5392518 ]), array([], dtype=float64), 3, array([  1.73212764e+00,   7.96793362e-03,   2.04739548e-05]))

Fit with Size: [4 5 6]
Orders: [0, 3, 6]
Matrix A (Ax = y):
[[  1.00000000e+00   1.56250000e-02   2.44140625e-04]
 [  1.00000000e+00   8.00000000e-03   6.40000000e-05]
 [  1.00000000e+00   4.62962963e-03   2.14334705e-05]]
Data for Fitting: [ 2.58312234  2.58776752  2.59505178]
Fitting Results: (array([   2.61028564,   -3.94401268,  141.15596175]), array([], dtype=float64), 3, array([  1.73212764e+00,   7.96793362e-03,   2.04739548e-05]))

[Fitting Results Summary]
Sizes: [4, 5, 6]
Data Points Used: [2, 3, 3, 3, 3]
Orders Included:
[[0, 3] [0, 3] [0, 3, 4] [0, 3, 5] [0, 3, 6]]
Formation Energy Fits By Size:
[[1.1881364363373146, 1.1881838705232397] [1.1881572984147719]
 [1.1882221948323972] [1.1882110336030398] [1.1882038428120498]]
Relaxation Volume Fits By Size:
[[2.592641141423941, 2.6050576380592774] [2.5981020534118078]
 [2.6150895095129916] [2.6121679169091263] [2.6102856366425744]]
.

[Final Results]
[
    {
        "property-id" "tag:staff@noreply.openkim.org,2015-07-28:property/monovacancy-neutral-relaxed-formation-potential-energy-crystal-npt" 
        "instance-id" 1 
        "relaxed-formation-potential-energy" {
            "source-value" 1.1881838705232397 
            "source-unit" "eV" 
            "source-std-uncert-value" 3.877272766532251e-05
        } 
        "host-cauchy-stress" {
            "source-value" [
                0 
                0 
                0 
                0 
                0 
                0
            ] 
            "source-unit" "GPa"
        } 
        "host-removed-atom" {
            "source-value" 1
        } 
        "host-short-name" {
            "source-value" [
                "fcc"
            ]
        } 
        "host-a" {
            "source-value" 3.6150000972399998 
            "source-unit" "angstrom"
        } 
        "host-b" {
            "source-value" 3.6150000972399998 
            "source-unit" "angstrom"
        } 
        "host-c" {
            "source-value" 3.6150000972399998 
            "source-unit" "angstrom"
        } 
        "host-alpha" {
            "source-value" 90.0 
            "source-unit" "degree"
        } 
        "host-beta" {
            "source-value" 90.0 
            "source-unit" "degree"
        } 
        "host-gamma" {
            "source-value" 90.0 
            "source-unit" "degree"
        } 
        "host-space-group" {
            "source-value" "Fm-3m"
        } 
        "host-wyckoff-multiplicity-and-letter" {
            "source-value" [
                "4a"
            ]
        } 
        "host-wyckoff-coordinates" {
            "source-value" [
                [
                    0.0 
                    0.0 
                    0.0
                ]
            ]
        } 
        "host-wyckoff-species" {
            "source-value" [
                "Cu"
            ]
        } 
        "reservoir-cohesive-potential-energy" {
            "source-value" -14.077412105597521 
            "source-unit" "eV"
        } 
        "reservoir-short-name" {
            "source-value" [
                "fcc"
            ]
        } 
        "reservoir-cauchy-stress" {
            "source-value" [
                0.0 
                0.0 
                0.0 
                0.0 
                0.0 
                0.0
            ] 
            "source-unit" "GPa"
        } 
        "reservoir-a" {
            "source-value" 3.6150000972399998 
            "source-unit" "angstrom"
        } 
        "reservoir-b" {
            "source-value" 3.6150000972399998 
            "source-unit" "angstrom"
        } 
        "reservoir-c" {
            "source-value" 3.6150000972399998 
            "source-unit" "angstrom"
        } 
        "reservoir-alpha" {
            "source-value" 90.0 
            "source-unit" "degree"
        } 
        "reservoir-beta" {
            "source-value" 90.0 
            "source-unit" "degree"
        } 
        "reservoir-gamma" {
            "source-value" 90.0 
            "source-unit" "degree"
        } 
        "reservoir-space-group" {
            "source-value" "Fm-3m"
        } 
        "reservoir-wyckoff-multiplicity-and-letter" {
            "source-value" [
                "4a"
            ]
        } 
        "reservoir-wyckoff-coordinates" {
            "source-value" [
                [
                    0.0 
                    0.0 
                    0.0
                ]
            ]
        } 
        "reservoir-wyckoff-species" {
            "source-value" [
                "Cu"
            ]
        }
    } 
    {
        "property-id" "tag:staff@noreply.openkim.org,2015-07-28:property/monovacancy-neutral-relaxation-volume-crystal-npt" 
        "instance-id" 2 
        "relaxation-volume" {
            "source-value" 2.6050576380592774 
            "source-unit" "angstrom^3" 
            "source-std-uncert-value" 0.010513809444340733
        } 
        "host-cauchy-stress" {
            "source-value" [
                0 
                0 
                0 
                0 
                0 
                0
            ] 
            "source-unit" "GPa"
        } 
        "host-removed-atom" {
            "source-value" 1
        } 
        "host-short-name" {
            "source-value" [
                "fcc"
            ]
        } 
        "host-a" {
            "source-value" 3.6150000972399998 
            "source-unit" "angstrom"
        } 
        "host-b" {
            "source-value" 3.6150000972399998 
            "source-unit" "angstrom"
        } 
        "host-c" {
            "source-value" 3.6150000972399998 
            "source-unit" "angstrom"
        } 
        "host-alpha" {
            "source-value" 90.0 
            "source-unit" "degree"
        } 
        "host-beta" {
            "source-value" 90.0 
            "source-unit" "degree"
        } 
        "host-gamma" {
            "source-value" 90.0 
            "source-unit" "degree"
        } 
        "host-space-group" {
            "source-value" "Fm-3m"
        } 
        "host-wyckoff-multiplicity-and-letter" {
            "source-value" [
                "4a"
            ]
        } 
        "host-wyckoff-coordinates" {
            "source-value" [
                [
                    0.0 
                    0.0 
                    0.0
                ]
            ]
        } 
        "host-wyckoff-species" {
            "source-value" [
                "Cu"
            ]
        }
    }
]
