Imported bulk from ase.lattice
Parameters Input: Al fcc LennardJones612_UniversalShifted__MO_959249795837_001 [5.39102153689]
CELL_SIZE_MIN: 4
CELL_SIZE_MAX: 6
Smallest System Size: 256
Largest System Size: 864
Model Cutoff: 8.6239

[Calculation]
.

Supercell Size: 4
Unrelaxed Cell:
[[ 21.56408615   0.           0.        ]
 [  0.          21.56408615   0.        ]
 [  0.           0.          21.56408615]]
Unrelaxed Cell Vector:
[21.564086147560001, 0.0, 21.564086147560001, 0.0, 0.0, 21.564086147560001]
==========
Loop: 0
Position Relaxation...
.
.
FIRE:   0  11:42:14     -585.492351       0.5201
.
.
FIRE:   1  11:42:14     -585.525502       0.5366
.
.
FIRE:   2  11:42:14     -585.596038       0.5701
.
.
FIRE:   3  11:42:14     -585.712999       0.6215
.
.
FIRE:   4  11:42:14     -585.891465       0.6922
.
.
FIRE:   5  11:42:14     -586.154694       0.7843
.
.
FIRE:   6  11:42:14     -586.538505       0.9039
.
.
FIRE:   7  11:42:14     -587.096715       1.0539
.
.
FIRE:   8  11:42:14     -587.915426       1.2353
.
.
FIRE:   9  11:42:14     -588.880355       1.4228
.
.
FIRE:  10  11:42:14     -590.002077       1.6156
.
.
FIRE:  11  11:42:14     -591.293462       1.8179
.
.
FIRE:  12  11:42:14     -592.770778       2.0343
.
.
FIRE:  13  11:42:14     -594.451756       2.2648
.
.
FIRE:  14  11:42:14     -596.356613       2.5093
.
.
FIRE:  15  11:42:14     -598.504926       2.7702
.
.
FIRE:  16  11:42:14     -600.917792       3.0455
.
.
FIRE:  17  11:42:14     -603.611783       3.3292
.
.
FIRE:  18  11:42:14     -606.595005       3.6075
.
.
FIRE:  19  11:42:14     -609.856082       3.8529
.
.
FIRE:  20  11:42:14     -613.347697       4.0150
.
.
FIRE:  21  11:42:14     -616.959139       4.0069
.
.
FIRE:  22  11:42:14     -620.469088       3.6671
.
.
FIRE:  23  11:42:14     -623.467166       2.7341
.
.
FIRE:  24  11:42:14     -625.256034       1.0966
.
.
FIRE:  25  11:42:14     -624.902303       3.4549
.
.
FIRE:  26  11:42:14     -626.526275       1.1851
.
.
FIRE:  27  11:42:14     -627.107851       2.2181
.
.
FIRE:  28  11:42:14     -628.761373       2.1909
.
.
FIRE:  29  11:42:14     -630.878081       1.4836
.
.
FIRE:  30  11:42:14     -632.830124       1.5384
.
.
FIRE:  31  11:42:14     -634.616950       1.6259
.
.
FIRE:  32  11:42:14     -636.609913       1.7143
.
.
FIRE:  33  11:42:14     -638.966016       1.7989
.
.
FIRE:  34  11:42:14     -641.490937       1.8823
.
.
FIRE:  35  11:42:14     -644.068589       1.9650
.
.
FIRE:  36  11:42:14     -646.751500       2.0915
.
.
FIRE:  37  11:42:14     -649.617702       2.2473
.
.
FIRE:  38  11:42:15     -652.696166       2.4179
.
.
FIRE:  39  11:42:15     -655.980253       2.6044
.
.
FIRE:  40  11:42:15     -659.457843       2.8073
.
.
FIRE:  41  11:42:15     -663.129765       3.0269
.
.
FIRE:  42  11:42:15     -667.011714       3.2632
.
.
FIRE:  43  11:42:15     -671.125378       3.5205
.
.
FIRE:  44  11:42:15     -675.492231       3.7863
.
.
FIRE:  45  11:42:15     -680.126041       4.0625
.
.
FIRE:  46  11:42:15     -685.036375       4.3433
.
.
FIRE:  47  11:42:15     -690.229597       4.6205
.
.
FIRE:  48  11:42:15     -695.709694       4.8822
.
.
FIRE:  49  11:42:15     -701.477892       5.1124
Steps Limit Exceeded. Structure Maybe Unstable.
Relaxation Completed. Steps: 50
Cell Size Relaxation...
.
.
.
.
.
.
.
.
.
.
.
.
.
.
.
.
.
.
.
.
.
.
.
.
.
.
.
.
.
.
.
.
.
.
.
.
.
.
.
.
.
.
.
.
.
.
.
.
.
.
.
.
.
.
.
.
.
.
.
.
.
.
.
.
.
.
.
.
.
.
.
.
.
.
.
.
.
.
.
.
.
.
.
.
.
.
.
.
.
.
.
.
.
.
.
.
.
.
.
.
.
.
.
.
.
.
.
.
.
.
.
.
.
.
.
.
.
.
.
.
.
.
.
.
.
.
.
.
.
.
.
.
.
.
.
.
.
.
.
.
.
.
.
.
.
.
.
.
.
.
.
.
.
.
.
.
.
.
.
.
.
.
.
.
.
.
.
.
.
.
.
.
.
.
.
.
.
.
.
.
.
.
.
.
.
.
.
.
.
.
.
.
.
.
.
.
.
.
.
.
.
.
.
.
.
.
.
.
.
.
.
.
.
.
.
.
.
.
.
.
.
.
.
.
.
.
.
.
.
.
.
.
.
.
.
.
.
.
.
.
.
.
.
.
.
.
.
.
.
.
.
.
.
.
.
.
.
.
.
.
.
.
.
.
.
.
.
.
.
.
.
.
.
.
.
.
.
.
.
.
.
.
.
.
.
.
.
.
.
.
.
.
.
.
.
.
.
.
.
.
.
.
.
.
.
.
.
.
.
.
.
.
.
.
.
.
.
.
.
.
.
.
.
.
.
.
.
.
.
.
.
.
.
.
.
.
.
.
.
.
.
.
.
.
.
.
.
.
.
.
.
.
.
.
.
.
.
.
.
.
.
.
.
.
.
.
.
.
.
.
.
.
.
.
.
.
.
.
.
.
.
.
.
.
.
.
.
.
.
.
.
.
.
.
.
.
.
.
.
.
.
.
.
.
.
.
.
.
.
.
.
.
.
.
.
.
.
.
.
.
.
.
.
.
.
.
.
.
.
.
.
.
.
.
.
.
.
.
.
.
.
.
.
.
.
.
.
.
.
.
.
.
.
.
.
.
.
.
.
.
.
.
.
.
.
.
.
.
.
.
.
.
.
.
.
.
.
.
.
.
.
.
.
.
.
.
.
.
.
.
.
.
.
.
.
.
.
.
.
.
.
.
.
.
.
.
.
.
.
.
.
.
.
.
.
.
.
.
.
.
.
.
.
.
.
.
.
.
.
.
.
.
.
.
.
.
.
.
.
.
.
.
.
.
.
.
.
.
.
.
.
.
.
.
.
.
.
.
.
.
.
.
.
.
.
.
.
.
.
.
.
.
.
.
.
.
.
.
.
.
.
.
.
.
.
.
.
.
.
.
.
.
.
.
.
.
.
.
.
.
.
.
.
.
.
.
.
.
.
.
.
.
.
.
.
.
.
.
.
.
.
.
.
.
.
.
.
.
.
.
.
.
.
.
.
.
.
.
.
.
.
.
.
.
.
.
.
.
.
.
.
.
.
.
.
.
.
.
.
.
.
.
.
.
.
.
.
.
.
.
.
.
.
.
.
.
.
.
.
.
.
.
.
.
.
.
.
.
.
.
.
.
.
.
.
.
.
.
.
.
.
.
.
.
.
.
.
.
.
.
.
.
.
.
.
.
.
.
.
.
.
.
.
.
.
.
.
.
.
.
.
.
.
.
.
.
.
.
.
.
.
.
.
.
.
.
.
.
.
.
.
.
.
.
.
.
.
.
.
.
.
.
.
.
.
.
.
.
.
.
.
.
.
.
.
.
.
.
.
.
.
.
.
.
.
.
.
.
.
.
.
.
.
.
.
.
.
.
.
.
.
.
.
.
.
.
.
.
.
.
.
.
.
.
.
.
.
.
.
.
.
.
.
.
.
.
.
.
.
.
.
.
.
.
.
.
.
.
.
.
.
.
.
.
.
.
.
.
.
.
.
.
.
.
.
.
.
.
.
.
.
.
.
.
.
.
.
.
.
.
.
.
.
.
.
.
.
.
.
.
.
.
.
.
.
.
.
.
.
.
.
.
.
.
.
.
.
.
.
.
.
.
.
.
.
.
.
.
.
.
.
.
.
.
.
.
.
.
.
.
.
.
.
.
.
.
.
.
.
.
.
.
.
.
.
.
.
.
.
.
.
.
.
.
.
.
.
.
.
.
.
.
.
.
.
.
.
.
.
.
.
.
.
.
.
.
Optimization terminated successfully.
         Current function value: -1406.063645
         Iterations: 546
         Function evaluations: 966
Current VFE: -1406.06364535
Energy of Supercell: -590.102527397
Unrelaxed Cell Volume: 10027.511632
Current Relaxed Cell Volume: 4508.32482963
Current Relaxation Volume: 5519.18680241
Current Cell:
[[  1.65198104e+01   0.00000000e+00   0.00000000e+00]
 [  2.29873067e-04   1.65198109e+01   0.00000000e+00]
 [  1.70028170e-04  -4.50136652e-04   1.65198108e+01]]
System Collapsed. Volume significantly changed.
