Imported bulk from ase.lattice
Parameters Input: Al sc EAM_Dynamo_Mishin_Farkas_Al__MO_651801486679_001 [2.74067516435]

[Calculation]

Supercell Size: 3
Unrelaxed Cell:
[[ 8.22202549  0.          0.        ]
 [ 0.          8.22202549  0.        ]
 [ 0.          0.          8.22202549]]
Unrelaxed Cell Vector:
[8.2220254930499994, 0.0, 8.2220254930499994, 0.0, 0.0, 8.2220254930499994]
Vacancy Formation Energy (Cell Structure Relaxation): 0.00958557625607 Size:  3
Vacancy Formation Energy (Cell Structure Relaxation): 0.443792862498 Size:  3
Vacancy Formation Energy (Cell Structure Relaxation): 0.0161982478847 Size:  3
Vacancy Formation Energy (Cell Structure Relaxation): 0.443900662607 Size:  3
Vacancy Formation Energy (Cell Structure Relaxation): 0.0163428621907 Size:  3
Vacancy Formation Energy (Cell Structure Relaxation): 0.0163428664579 Size:  3
Vacancy Formation Energy (Cell Structure Relaxation): 0.443990952986 Size:  3
Vacancy Formation Energy (Cell Structure Relaxation): 0.411135832384 Size:  3
Vacancy Formation Energy (Cell Structure Relaxation): 0.299635372633 Size:  3
Vacancy Formation Energy (Cell Structure Relaxation): -5.7816285638 Size:  3
Vacancy Formation Energy (Cell Structure Relaxation): -7.5817952044 Size:  3
Vacancy Formation Energy (Cell Structure Relaxation): -5.21172529393 Size:  3
Vacancy Formation Energy (Cell Structure Relaxation): -5.46145625854 Size:  3
Vacancy Formation Energy (Cell Structure Relaxation): -6.32157926244 Size:  3
Vacancy Formation Energy (Cell Structure Relaxation): -6.84955010154 Size:  3
Vacancy Formation Energy (Cell Structure Relaxation): -7.37968738608 Size:  3
Vacancy Formation Energy (Cell Structure Relaxation): -7.80981563503 Size:  3
Vacancy Formation Energy (Cell Structure Relaxation): -7.83891763504 Size:  3
Vacancy Formation Energy (Cell Structure Relaxation): -8.29329687566 Size:  3
Vacancy Formation Energy (Cell Structure Relaxation): -7.36343754913 Size:  3
Vacancy Formation Energy (Cell Structure Relaxation): -7.78426557854 Size:  3
Vacancy Formation Energy (Cell Structure Relaxation): -7.38747118112 Size:  3
Vacancy Formation Energy (Cell Structure Relaxation): -6.12323171962 Size:  3
Vacancy Formation Energy (Cell Structure Relaxation): -7.6431243697 Size:  3
Vacancy Formation Energy (Cell Structure Relaxation): -7.11489457259 Size:  3
Vacancy Formation Energy (Cell Structure Relaxation): -7.90748033795 Size:  3
Vacancy Formation Energy (Cell Structure Relaxation): -7.08287632135 Size:  3
Vacancy Formation Energy (Cell Structure Relaxation): -8.08476308251 Size:  3
Vacancy Formation Energy (Cell Structure Relaxation): -6.94846677802 Size:  3
Vacancy Formation Energy (Cell Structure Relaxation): -7.97474117634 Size:  3
Vacancy Formation Energy (Cell Structure Relaxation): -7.50342903525 Size:  3
Vacancy Formation Energy (Cell Structure Relaxation): -8.05749895516 Size:  3
Vacancy Formation Energy (Cell Structure Relaxation): -7.66027139745 Size:  3
Vacancy Formation Energy (Cell Structure Relaxation): -8.10843862969 Size:  3
Vacancy Formation Energy (Cell Structure Relaxation): -7.80382823514 Size:  3
Vacancy Formation Energy (Cell Structure Relaxation): -8.03111702788 Size:  3
Vacancy Formation Energy (Cell Structure Relaxation): -8.11942515182 Size:  3
Vacancy Formation Energy (Cell Structure Relaxation): -7.52458115585 Size:  3
Vacancy Formation Energy (Cell Structure Relaxation): -8.18133527484 Size:  3
Vacancy Formation Energy (Cell Structure Relaxation): -8.30625714682 Size:  3
Vacancy Formation Energy (Cell Structure Relaxation): -8.30007557131 Size:  3
Vacancy Formation Energy (Cell Structure Relaxation): -8.13740444574 Size:  3
Vacancy Formation Energy (Cell Structure Relaxation): -8.36720383609 Size:  3
Vacancy Formation Energy (Cell Structure Relaxation): -8.3012781359 Size:  3
Vacancy Formation Energy (Cell Structure Relaxation): -8.39947342065 Size:  3
Vacancy Formation Energy (Cell Structure Relaxation): -8.29152040489 Size:  3
Vacancy Formation Energy (Cell Structure Relaxation): -8.19599532464 Size:  3
Vacancy Formation Energy (Cell Structure Relaxation): -7.7826713494 Size:  3
Vacancy Formation Energy (Cell Structure Relaxation): -8.37078169566 Size:  3
Vacancy Formation Energy (Cell Structure Relaxation): -8.40472691172 Size:  3
Vacancy Formation Energy (Cell Structure Relaxation): -8.34499037849 Size:  3
Vacancy Formation Energy (Cell Structure Relaxation): -8.27809503888 Size:  3
Vacancy Formation Energy (Cell Structure Relaxation): -8.38271435891 Size:  3
Vacancy Formation Energy (Cell Structure Relaxation): -8.45134138558 Size:  3
Vacancy Formation Energy (Cell Structure Relaxation): -8.40115032069 Size:  3
Vacancy Formation Energy (Cell Structure Relaxation): -8.41653382967 Size:  3
Vacancy Formation Energy (Cell Structure Relaxation): -8.40475483289 Size:  3
Vacancy Formation Energy (Cell Structure Relaxation): -8.43430795582 Size:  3
Vacancy Formation Energy (Cell Structure Relaxation): -8.44115111117 Size:  3
Vacancy Formation Energy (Cell Structure Relaxation): -8.42933377114 Size:  3
Vacancy Formation Energy (Cell Structure Relaxation): -8.41002916866 Size:  3
Vacancy Formation Energy (Cell Structure Relaxation): -8.49158933232 Size:  3
Vacancy Formation Energy (Cell Structure Relaxation): -8.4605210268 Size:  3
Vacancy Formation Energy (Cell Structure Relaxation): -8.43775561017 Size:  3
Vacancy Formation Energy (Cell Structure Relaxation): -8.45291080418 Size:  3
Vacancy Formation Energy (Cell Structure Relaxation): -8.38069683669 Size:  3
Vacancy Formation Energy (Cell Structure Relaxation): -8.483966773 Size:  3
Vacancy Formation Energy (Cell Structure Relaxation): -8.48688951349 Size:  3
Vacancy Formation Energy (Cell Structure Relaxation): -8.47518824991 Size:  3
Vacancy Formation Energy (Cell Structure Relaxation): -8.44968587835 Size:  3
Vacancy Formation Energy (Cell Structure Relaxation): -8.49180199785 Size:  3
Vacancy Formation Energy (Cell Structure Relaxation): -8.38052888582 Size:  3
Vacancy Formation Energy (Cell Structure Relaxation): -8.49296351534 Size:  3
Vacancy Formation Energy (Cell Structure Relaxation): -8.45569497635 Size:  3
Vacancy Formation Energy (Cell Structure Relaxation): -8.49212923893 Size:  3
Vacancy Formation Energy (Cell Structure Relaxation): -8.48089372567 Size:  3
Vacancy Formation Energy (Cell Structure Relaxation): -8.4981950945 Size:  3
Vacancy Formation Energy (Cell Structure Relaxation): -8.45009661341 Size:  3
Vacancy Formation Energy (Cell Structure Relaxation): -8.50168370782 Size:  3
Vacancy Formation Energy (Cell Structure Relaxation): -8.4887770593 Size:  3
Vacancy Formation Energy (Cell Structure Relaxation): -8.50114038384 Size:  3
Vacancy Formation Energy (Cell Structure Relaxation): -8.46815853845 Size:  3
Vacancy Formation Energy (Cell Structure Relaxation): -8.50366433392 Size:  3
Vacancy Formation Energy (Cell Structure Relaxation): -8.48811361321 Size:  3
Vacancy Formation Energy (Cell Structure Relaxation): -8.50164914176 Size:  3
Vacancy Formation Energy (Cell Structure Relaxation): -8.49657895081 Size:  3
Vacancy Formation Energy (Cell Structure Relaxation): -8.49401307946 Size:  3
Vacancy Formation Energy (Cell Structure Relaxation): -8.5023644377 Size:  3
Vacancy Formation Energy (Cell Structure Relaxation): -8.49846691027 Size:  3
Vacancy Formation Energy (Cell Structure Relaxation): -8.49217612207 Size:  3
Vacancy Formation Energy (Cell Structure Relaxation): -8.50496797293 Size:  3
Vacancy Formation Energy (Cell Structure Relaxation): -8.49953423839 Size:  3
Vacancy Formation Energy (Cell Structure Relaxation): -8.50416674212 Size:  3
Vacancy Formation Energy (Cell Structure Relaxation): -8.49906548681 Size:  3
Vacancy Formation Energy (Cell Structure Relaxation): -8.50489096068 Size:  3
Vacancy Formation Energy (Cell Structure Relaxation): -8.49107752985 Size:  3
Vacancy Formation Energy (Cell Structure Relaxation): -8.50562424345 Size:  3
Vacancy Formation Energy (Cell Structure Relaxation): -8.50430770281 Size:  3
Vacancy Formation Energy (Cell Structure Relaxation): -8.50336827658 Size:  3
Vacancy Formation Energy (Cell Structure Relaxation): -8.50519663063 Size:  3
Vacancy Formation Energy (Cell Structure Relaxation): -8.50339450928 Size:  3
Vacancy Formation Energy (Cell Structure Relaxation): -8.50553972747 Size:  3
Vacancy Formation Energy (Cell Structure Relaxation): -8.5041486638 Size:  3
Vacancy Formation Energy (Cell Structure Relaxation): -8.50527976655 Size:  3
Vacancy Formation Energy (Cell Structure Relaxation): -8.50496696378 Size:  3
Vacancy Formation Energy (Cell Structure Relaxation): -8.50473546842 Size:  3
Vacancy Formation Energy (Cell Structure Relaxation): -8.50555771461 Size:  3
Vacancy Formation Energy (Cell Structure Relaxation): -8.50396537239 Size:  3
Vacancy Formation Energy (Cell Structure Relaxation): -8.50564802291 Size:  3
Vacancy Formation Energy (Cell Structure Relaxation): -8.50567690193 Size:  3
Vacancy Formation Energy (Cell Structure Relaxation): -8.50460114762 Size:  3
Vacancy Formation Energy (Cell Structure Relaxation): -8.50498678917 Size:  3
Vacancy Formation Energy (Cell Structure Relaxation): -8.50570191554 Size:  3
Vacancy Formation Energy (Cell Structure Relaxation): -8.50520617343 Size:  3
Vacancy Formation Energy (Cell Structure Relaxation): -8.50571277523 Size:  3
Vacancy Formation Energy (Cell Structure Relaxation): -8.50538186502 Size:  3
Vacancy Formation Energy (Cell Structure Relaxation): -8.50578551773 Size:  3
Vacancy Formation Energy (Cell Structure Relaxation): -8.50566015431 Size:  3
Vacancy Formation Energy (Cell Structure Relaxation): -8.50550913823 Size:  3
Vacancy Formation Energy (Cell Structure Relaxation): -8.5058138268 Size:  3
Vacancy Formation Energy (Cell Structure Relaxation): -8.50544960957 Size:  3
Vacancy Formation Energy (Cell Structure Relaxation): -8.50582633271 Size:  3
Vacancy Formation Energy (Cell Structure Relaxation): -8.50560226683 Size:  3
Vacancy Formation Energy (Cell Structure Relaxation): -8.50581566352 Size:  3
Vacancy Formation Energy (Cell Structure Relaxation): -8.50535321504 Size:  3
Vacancy Formation Energy (Cell Structure Relaxation): -8.50584198025 Size:  3
Vacancy Formation Energy (Cell Structure Relaxation): -8.50571693474 Size:  3
Vacancy Formation Energy (Cell Structure Relaxation): -8.50571546892 Size:  3
Vacancy Formation Energy (Cell Structure Relaxation): -8.50582256694 Size:  3
Vacancy Formation Energy (Cell Structure Relaxation): -8.50574112707 Size:  3
Vacancy Formation Energy (Cell Structure Relaxation): -8.50583451173 Size:  3
Vacancy Formation Energy (Cell Structure Relaxation): -8.50568768414 Size:  3
Vacancy Formation Energy (Cell Structure Relaxation): -8.50585143379 Size:  3
Vacancy Formation Energy (Cell Structure Relaxation): -8.50582511172 Size:  3
Vacancy Formation Energy (Cell Structure Relaxation): -8.50576886884 Size:  3
Vacancy Formation Energy (Cell Structure Relaxation): -8.50585449594 Size:  3
Vacancy Formation Energy (Cell Structure Relaxation): -8.50581892883 Size:  3
Vacancy Formation Energy (Cell Structure Relaxation): -8.50585233897 Size:  3
Vacancy Formation Energy (Cell Structure Relaxation): -8.50582670269 Size:  3
Vacancy Formation Energy (Cell Structure Relaxation): -8.50578082868 Size:  3
Vacancy Formation Energy (Cell Structure Relaxation): -8.50585703458 Size:  3
Vacancy Formation Energy (Cell Structure Relaxation): -8.50583253559 Size:  3
Vacancy Formation Energy (Cell Structure Relaxation): -8.50585541538 Size:  3
Vacancy Formation Energy (Cell Structure Relaxation): -8.50579979798 Size:  3
Vacancy Formation Energy (Cell Structure Relaxation): -8.50585837875 Size:  3
Vacancy Formation Energy (Cell Structure Relaxation): -8.50584476346 Size:  3
Vacancy Formation Energy (Cell Structure Relaxation): -8.50585812697 Size:  3
Vacancy Formation Energy (Cell Structure Relaxation): -8.50585338819 Size:  3
Vacancy Formation Energy (Cell Structure Relaxation): -8.50585502669 Size:  3
Vacancy Formation Energy (Cell Structure Relaxation): -8.50584185538 Size:  3
Vacancy Formation Energy (Cell Structure Relaxation): -8.50586149309 Size:  3
Vacancy Formation Energy (Cell Structure Relaxation): -8.50584689648 Size:  3
Vacancy Formation Energy (Cell Structure Relaxation): -8.50586129747 Size:  3
Vacancy Formation Energy (Cell Structure Relaxation): -8.50585527859 Size:  3
Vacancy Formation Energy (Cell Structure Relaxation): -8.5058608657 Size:  3
Vacancy Formation Energy (Cell Structure Relaxation): -8.50585198868 Size:  3
Vacancy Formation Energy (Cell Structure Relaxation): -8.50586122453 Size:  3
Vacancy Formation Energy (Cell Structure Relaxation): -8.50585474492 Size:  3
Vacancy Formation Energy (Cell Structure Relaxation): -8.505861528 Size:  3
Vacancy Formation Energy (Cell Structure Relaxation): -8.50585581288 Size:  3
Vacancy Formation Energy (Cell Structure Relaxation): -8.50586180088 Size:  3
Vacancy Formation Energy (Cell Structure Relaxation): -8.50585710161 Size:  3
Vacancy Formation Energy (Cell Structure Relaxation): -8.50586178355 Size:  3
Vacancy Formation Energy (Cell Structure Relaxation): -8.50586131573 Size:  3
Vacancy Formation Energy (Cell Structure Relaxation): -8.50585851374 Size:  3
Vacancy Formation Energy (Cell Structure Relaxation): -8.50586263401 Size:  3
Vacancy Formation Energy (Cell Structure Relaxation): -8.50586024538 Size:  3
Vacancy Formation Energy (Cell Structure Relaxation): -8.50586248008 Size:  3
Vacancy Formation Energy (Cell Structure Relaxation): -8.50586114501 Size:  3
Vacancy Formation Energy (Cell Structure Relaxation): -8.50586240945 Size:  3
Vacancy Formation Energy (Cell Structure Relaxation): -8.50585966103 Size:  3
Vacancy Formation Energy (Cell Structure Relaxation): -8.50586259415 Size:  3
Vacancy Formation Energy (Cell Structure Relaxation): -8.5058606227 Size:  3
Vacancy Formation Energy (Cell Structure Relaxation): -8.50586250415 Size:  3
Vacancy Formation Energy (Cell Structure Relaxation): -8.50586225652 Size:  3
Vacancy Formation Energy (Cell Structure Relaxation): -8.50586298607 Size:  3
Vacancy Formation Energy (Cell Structure Relaxation): -8.50586216556 Size:  3
Vacancy Formation Energy (Cell Structure Relaxation): -8.50586151896 Size:  3
Vacancy Formation Energy (Cell Structure Relaxation): -8.50586283692 Size:  3
Vacancy Formation Energy (Cell Structure Relaxation): -8.50586244876 Size:  3
Vacancy Formation Energy (Cell Structure Relaxation): -8.5058628236 Size:  3
Vacancy Formation Energy (Cell Structure Relaxation): -8.50586233383 Size:  3
Vacancy Formation Energy (Cell Structure Relaxation): -8.50586284418 Size:  3
Vacancy Formation Energy (Cell Structure Relaxation): -8.50586250668 Size:  3
Vacancy Formation Energy (Cell Structure Relaxation): -8.50586284181 Size:  3
Vacancy Formation Energy (Cell Structure Relaxation): -8.50586257426 Size:  3
Vacancy Formation Energy (Cell Structure Relaxation): -8.50586286883 Size:  3
Vacancy Formation Energy (Cell Structure Relaxation): -8.50586286108 Size:  3
Vacancy Formation Energy (Cell Structure Relaxation): -8.50586291293 Size:  3
Vacancy Formation Energy (Cell Structure Relaxation): -8.50586202609 Size:  3
Vacancy Formation Energy (Cell Structure Relaxation): -8.50586302592 Size:  3
Vacancy Formation Energy (Cell Structure Relaxation): -8.50586292331 Size:  3
Vacancy Formation Energy (Cell Structure Relaxation): -8.50586300595 Size:  3
Vacancy Formation Energy (Cell Structure Relaxation): -8.50586307142 Size:  3
Vacancy Formation Energy (Cell Structure Relaxation): -8.50586298171 Size:  3
Vacancy Formation Energy (Cell Structure Relaxation): -8.50586323557 Size:  3
Vacancy Formation Energy (Cell Structure Relaxation): -8.50586336106 Size:  3
Vacancy Formation Energy (Cell Structure Relaxation): -8.50586319765 Size:  3
Vacancy Formation Energy (Cell Structure Relaxation): -8.50586328925 Size:  3
Vacancy Formation Energy (Cell Structure Relaxation): -8.50586331324 Size:  3
Vacancy Formation Energy (Cell Structure Relaxation): -8.50586317448 Size:  3
Vacancy Formation Energy (Cell Structure Relaxation): -8.50586355128 Size:  3
Vacancy Formation Energy (Cell Structure Relaxation): -8.50586370676 Size:  3
Vacancy Formation Energy (Cell Structure Relaxation): -8.50586382153 Size:  3
Vacancy Formation Energy (Cell Structure Relaxation): -8.50586418566 Size:  3
Vacancy Formation Energy (Cell Structure Relaxation): -8.50586341046 Size:  3
Vacancy Formation Energy (Cell Structure Relaxation): -8.50586395091 Size:  3
Vacancy Formation Energy (Cell Structure Relaxation): -8.50586374284 Size:  3
Vacancy Formation Energy (Cell Structure Relaxation): -8.5058639378 Size:  3
Vacancy Formation Energy (Cell Structure Relaxation): -8.50586428849 Size:  3
Vacancy Formation Energy (Cell Structure Relaxation): -8.50586446492 Size:  3
Vacancy Formation Energy (Cell Structure Relaxation): -8.50586471409 Size:  3
Vacancy Formation Energy (Cell Structure Relaxation): -8.50586513303 Size:  3
Vacancy Formation Energy (Cell Structure Relaxation): -8.50586493924 Size:  3
Vacancy Formation Energy (Cell Structure Relaxation): -8.50586528065 Size:  3
Vacancy Formation Energy (Cell Structure Relaxation): -8.50586576174 Size:  3
Vacancy Formation Energy (Cell Structure Relaxation): -8.50586568158 Size:  3
Vacancy Formation Energy (Cell Structure Relaxation): -8.50586639052 Size:  3
Vacancy Formation Energy (Cell Structure Relaxation): -8.50586738922 Size:  3
Vacancy Formation Energy (Cell Structure Relaxation): -8.50586718264 Size:  3
Vacancy Formation Energy (Cell Structure Relaxation): -8.50586736965 Size:  3
Vacancy Formation Energy (Cell Structure Relaxation): -8.50586782824 Size:  3
Vacancy Formation Energy (Cell Structure Relaxation): -8.50586849897 Size:  3
Vacancy Formation Energy (Cell Structure Relaxation): -8.50586852735 Size:  3
Vacancy Formation Energy (Cell Structure Relaxation): -8.50586885967 Size:  3
Vacancy Formation Energy (Cell Structure Relaxation): -8.50586977037 Size:  3
Vacancy Formation Energy (Cell Structure Relaxation): -8.50587089923 Size:  3
Vacancy Formation Energy (Cell Structure Relaxation): -8.50587168427 Size:  3
Vacancy Formation Energy (Cell Structure Relaxation): -8.50587375613 Size:  3
Vacancy Formation Energy (Cell Structure Relaxation): -8.50587159747 Size:  3
Vacancy Formation Energy (Cell Structure Relaxation): -8.50586921262 Size:  3
Vacancy Formation Energy (Cell Structure Relaxation): -8.50587192082 Size:  3
Vacancy Formation Energy (Cell Structure Relaxation): -8.50587192563 Size:  3
Vacancy Formation Energy (Cell Structure Relaxation): -8.50587405033 Size:  3
Vacancy Formation Energy (Cell Structure Relaxation): -8.5058742297 Size:  3
Vacancy Formation Energy (Cell Structure Relaxation): -8.50587732036 Size:  3
Vacancy Formation Energy (Cell Structure Relaxation): -8.50588061387 Size:  3
Vacancy Formation Energy (Cell Structure Relaxation): -8.50587652978 Size:  3
Vacancy Formation Energy (Cell Structure Relaxation): -8.50587786678 Size:  3
Vacancy Formation Energy (Cell Structure Relaxation): -8.50588036549 Size:  3
Vacancy Formation Energy (Cell Structure Relaxation): -8.50588038866 Size:  3
Vacancy Formation Energy (Cell Structure Relaxation): -8.50588103104 Size:  3
Vacancy Formation Energy (Cell Structure Relaxation): -8.50587884638 Size:  3
Vacancy Formation Energy (Cell Structure Relaxation): -8.50588562054 Size:  3
Vacancy Formation Energy (Cell Structure Relaxation): -8.50588917004 Size:  3
Vacancy Formation Energy (Cell Structure Relaxation): -8.50588800481 Size:  3
Vacancy Formation Energy (Cell Structure Relaxation): -8.50588694228 Size:  3
Vacancy Formation Energy (Cell Structure Relaxation): -8.50588914644 Size:  3
Vacancy Formation Energy (Cell Structure Relaxation): -8.5058933416 Size:  3
Vacancy Formation Energy (Cell Structure Relaxation): -8.50589841096 Size:  3
Vacancy Formation Energy (Cell Structure Relaxation): -8.50589710328 Size:  3
Vacancy Formation Energy (Cell Structure Relaxation): -8.5058900465 Size:  3
Vacancy Formation Energy (Cell Structure Relaxation): -8.50590019457 Size:  3
Vacancy Formation Energy (Cell Structure Relaxation): -8.50590630971 Size:  3
Vacancy Formation Energy (Cell Structure Relaxation): -8.50590165809 Size:  3
Vacancy Formation Energy (Cell Structure Relaxation): -8.50590746932 Size:  3
Vacancy Formation Energy (Cell Structure Relaxation): -8.50591488815 Size:  3
Vacancy Formation Energy (Cell Structure Relaxation): -8.50591632529 Size:  3
Vacancy Formation Energy (Cell Structure Relaxation): -8.50592791027 Size:  3
Vacancy Formation Energy (Cell Structure Relaxation): -8.50592274367 Size:  3
Vacancy Formation Energy (Cell Structure Relaxation): -8.50591742001 Size:  3
Vacancy Formation Energy (Cell Structure Relaxation): -8.50593457904 Size:  3
Vacancy Formation Energy (Cell Structure Relaxation): -8.50594991229 Size:  3
Vacancy Formation Energy (Cell Structure Relaxation): -8.50594563212 Size:  3
Vacancy Formation Energy (Cell Structure Relaxation): -8.50595134309 Size:  3
Vacancy Formation Energy (Cell Structure Relaxation): -8.5059641458 Size:  3
Vacancy Formation Energy (Cell Structure Relaxation): -8.50596641563 Size:  3
Vacancy Formation Energy (Cell Structure Relaxation): -8.50598830425 Size:  3
Vacancy Formation Energy (Cell Structure Relaxation): -8.50598991218 Size:  3
Vacancy Formation Energy (Cell Structure Relaxation): -8.50602398134 Size:  3
Vacancy Formation Energy (Cell Structure Relaxation): -8.50598685917 Size:  3
Vacancy Formation Energy (Cell Structure Relaxation): -8.50602749002 Size:  3
Vacancy Formation Energy (Cell Structure Relaxation): -8.50606731956 Size:  3
Vacancy Formation Energy (Cell Structure Relaxation): -8.50603847082 Size:  3
Vacancy Formation Energy (Cell Structure Relaxation): -8.50606667073 Size:  3
Vacancy Formation Energy (Cell Structure Relaxation): -8.50610427068 Size:  3
Vacancy Formation Energy (Cell Structure Relaxation): -8.50617213889 Size:  3
Vacancy Formation Energy (Cell Structure Relaxation): -8.50614087429 Size:  3
Vacancy Formation Energy (Cell Structure Relaxation): -8.50617981981 Size:  3
Vacancy Formation Energy (Cell Structure Relaxation): -8.50625564052 Size:  3
Vacancy Formation Energy (Cell Structure Relaxation): -8.50616513109 Size:  3
Vacancy Formation Energy (Cell Structure Relaxation): -8.50626260352 Size:  3
Vacancy Formation Energy (Cell Structure Relaxation): -8.50636502917 Size:  3
Vacancy Formation Energy (Cell Structure Relaxation): -8.50634095176 Size:  3
Vacancy Formation Energy (Cell Structure Relaxation): -8.5064179503 Size:  3
Vacancy Formation Energy (Cell Structure Relaxation): -8.5065715534 Size:  3
Vacancy Formation Energy (Cell Structure Relaxation): -8.50643066638 Size:  3
Vacancy Formation Energy (Cell Structure Relaxation): -8.50656237048 Size:  3
Vacancy Formation Energy (Cell Structure Relaxation): -8.5066416005 Size:  3
Vacancy Formation Energy (Cell Structure Relaxation): -8.50680260017 Size:  3
Vacancy Formation Energy (Cell Structure Relaxation): -8.50678014153 Size:  3
Vacancy Formation Energy (Cell Structure Relaxation): -8.50681343885 Size:  3
Vacancy Formation Energy (Cell Structure Relaxation): -8.50696410962 Size:  3
Vacancy Formation Energy (Cell Structure Relaxation): -8.50693982203 Size:  3
Vacancy Formation Energy (Cell Structure Relaxation): -8.50717035165 Size:  3
Vacancy Formation Energy (Cell Structure Relaxation): -8.50752372569 Size:  3
Vacancy Formation Energy (Cell Structure Relaxation): -8.50708970509 Size:  3
Vacancy Formation Energy (Cell Structure Relaxation): -8.5073083866 Size:  3
Vacancy Formation Energy (Cell Structure Relaxation): -8.50726677078 Size:  3
Vacancy Formation Energy (Cell Structure Relaxation): -8.50750107214 Size:  3
Vacancy Formation Energy (Cell Structure Relaxation): -8.50755960686 Size:  3
Vacancy Formation Energy (Cell Structure Relaxation): -8.50770096413 Size:  3
Vacancy Formation Energy (Cell Structure Relaxation): -8.5077659957 Size:  3
Vacancy Formation Energy (Cell Structure Relaxation): -8.50791665594 Size:  3
Vacancy Formation Energy (Cell Structure Relaxation): -8.50808377883 Size:  3
Vacancy Formation Energy (Cell Structure Relaxation): -8.50845600171 Size:  3
Vacancy Formation Energy (Cell Structure Relaxation): -8.50837379361 Size:  3
Vacancy Formation Energy (Cell Structure Relaxation): -8.50858659213 Size:  3
Vacancy Formation Energy (Cell Structure Relaxation): -8.50901560039 Size:  3
Vacancy Formation Energy (Cell Structure Relaxation): -8.50891164477 Size:  3
Vacancy Formation Energy (Cell Structure Relaxation): -8.50780451597 Size:  3
Vacancy Formation Energy (Cell Structure Relaxation): -8.50908487149 Size:  3
Vacancy Formation Energy (Cell Structure Relaxation): -8.50935089903 Size:  3
Vacancy Formation Energy (Cell Structure Relaxation): -8.50881854876 Size:  3
Vacancy Formation Energy (Cell Structure Relaxation): -8.51011383288 Size:  3
Vacancy Formation Energy (Cell Structure Relaxation): -8.51118363317 Size:  3
Vacancy Formation Energy (Cell Structure Relaxation): -8.51026801948 Size:  3
Vacancy Formation Energy (Cell Structure Relaxation): -8.51097267686 Size:  3
Vacancy Formation Energy (Cell Structure Relaxation): -8.50959731634 Size:  3
Vacancy Formation Energy (Cell Structure Relaxation): -8.51100531737 Size:  3
Vacancy Formation Energy (Cell Structure Relaxation): -8.5115590902 Size:  3
Vacancy Formation Energy (Cell Structure Relaxation): -8.51201154187 Size:  3
Vacancy Formation Energy (Cell Structure Relaxation): -8.51292123414 Size:  3
Vacancy Formation Energy (Cell Structure Relaxation): -8.51463814012 Size:  3
Vacancy Formation Energy (Cell Structure Relaxation): -8.51373526647 Size:  3
Vacancy Formation Energy (Cell Structure Relaxation): -8.51469428771 Size:  3
Vacancy Formation Energy (Cell Structure Relaxation): -8.51662189621 Size:  3
Vacancy Formation Energy (Cell Structure Relaxation): -8.5155765791 Size:  3
Vacancy Formation Energy (Cell Structure Relaxation): -8.51743234871 Size:  3
Vacancy Formation Energy (Cell Structure Relaxation): -8.52034165672 Size:  3
Vacancy Formation Energy (Cell Structure Relaxation): -8.51848291846 Size:  3
Vacancy Formation Energy (Cell Structure Relaxation): -8.52069293803 Size:  3
Vacancy Formation Energy (Cell Structure Relaxation): -8.52335627791 Size:  3
Vacancy Formation Energy (Cell Structure Relaxation): -8.52247217211 Size:  3
Vacancy Formation Energy (Cell Structure Relaxation): -8.52494883086 Size:  3
Vacancy Formation Energy (Cell Structure Relaxation): -8.52922043897 Size:  3
Vacancy Formation Energy (Cell Structure Relaxation): -8.52870580939 Size:  3
Vacancy Formation Energy (Cell Structure Relaxation): -8.53102210756 Size:  3
Vacancy Formation Energy (Cell Structure Relaxation): -8.5363103064 Size:  3
Vacancy Formation Energy (Cell Structure Relaxation): -8.53317089165 Size:  3
Vacancy Formation Energy (Cell Structure Relaxation): -8.53770050591 Size:  3
Vacancy Formation Energy (Cell Structure Relaxation): -8.54529426423 Size:  3
Vacancy Formation Energy (Cell Structure Relaxation): -8.5411065553 Size:  3
Vacancy Formation Energy (Cell Structure Relaxation): -8.54645444466 Size:  3
Vacancy Formation Energy (Cell Structure Relaxation): -8.55384825189 Size:  3
Vacancy Formation Energy (Cell Structure Relaxation): -8.55239907028 Size:  3
Vacancy Formation Energy (Cell Structure Relaxation): -8.55368548587 Size:  3
Vacancy Formation Energy (Cell Structure Relaxation): -8.55840778103 Size:  3
Vacancy Formation Energy (Cell Structure Relaxation): -8.57377619711 Size:  3
Vacancy Formation Energy (Cell Structure Relaxation): -8.57620753571 Size:  3
Vacancy Formation Energy (Cell Structure Relaxation): -8.58076135706 Size:  3
Vacancy Formation Energy (Cell Structure Relaxation): -8.57828772484 Size:  3
Vacancy Formation Energy (Cell Structure Relaxation): -8.57552279054 Size:  3
Vacancy Formation Energy (Cell Structure Relaxation): -8.58462531421 Size:  3
Vacancy Formation Energy (Cell Structure Relaxation): -8.57325005857 Size:  3
Vacancy Formation Energy (Cell Structure Relaxation): -8.58150032738 Size:  3
Vacancy Formation Energy (Cell Structure Relaxation): -8.56897507906 Size:  3
Vacancy Formation Energy (Cell Structure Relaxation): -8.58475434051 Size:  3
Vacancy Formation Energy (Cell Structure Relaxation): -8.57960478071 Size:  3
Vacancy Formation Energy (Cell Structure Relaxation): -8.58802022814 Size:  3
Vacancy Formation Energy (Cell Structure Relaxation): -8.58448420159 Size:  3
Vacancy Formation Energy (Cell Structure Relaxation): -8.57864489678 Size:  3
Vacancy Formation Energy (Cell Structure Relaxation): -8.58652559518 Size:  3
Vacancy Formation Energy (Cell Structure Relaxation): -8.5910298256 Size:  3
Vacancy Formation Energy (Cell Structure Relaxation): -8.58493908668 Size:  3
Vacancy Formation Energy (Cell Structure Relaxation): -8.57456406542 Size:  3
Vacancy Formation Energy (Cell Structure Relaxation): -8.59380112651 Size:  3
Vacancy Formation Energy (Cell Structure Relaxation): -8.59270626165 Size:  3
Vacancy Formation Energy (Cell Structure Relaxation): -8.59471669955 Size:  3
Vacancy Formation Energy (Cell Structure Relaxation): -8.59480897717 Size:  3
Vacancy Formation Energy (Cell Structure Relaxation): -8.59817968106 Size:  3
Vacancy Formation Energy (Cell Structure Relaxation): -8.60010825916 Size:  3
Vacancy Formation Energy (Cell Structure Relaxation): -8.59220410812 Size:  3
Vacancy Formation Energy (Cell Structure Relaxation): -8.58881950407 Size:  3
Vacancy Formation Energy (Cell Structure Relaxation): -8.59386721987 Size:  3
Vacancy Formation Energy (Cell Structure Relaxation): -8.59775986585 Size:  3
Vacancy Formation Energy (Cell Structure Relaxation): -8.59263210781 Size:  3
Vacancy Formation Energy (Cell Structure Relaxation): -8.59593893701 Size:  3
Vacancy Formation Energy (Cell Structure Relaxation): -8.60081676989 Size:  3
Vacancy Formation Energy (Cell Structure Relaxation): -8.60263178169 Size:  3
Vacancy Formation Energy (Cell Structure Relaxation): -8.60365090613 Size:  3
Vacancy Formation Energy (Cell Structure Relaxation): -8.60687656911 Size:  3
Vacancy Formation Energy (Cell Structure Relaxation): -8.60121881383 Size:  3
Vacancy Formation Energy (Cell Structure Relaxation): -8.60692793427 Size:  3
Vacancy Formation Energy (Cell Structure Relaxation): -8.60812645111 Size:  3
Vacancy Formation Energy (Cell Structure Relaxation): -8.61181957192 Size:  3
Vacancy Formation Energy (Cell Structure Relaxation): -8.61498952629 Size:  3
Vacancy Formation Energy (Cell Structure Relaxation): -8.61288860933 Size:  3
Vacancy Formation Energy (Cell Structure Relaxation): -8.61692176937 Size:  3
Vacancy Formation Energy (Cell Structure Relaxation): -8.61851785231 Size:  3
Vacancy Formation Energy (Cell Structure Relaxation): -8.61359794732 Size:  3
Vacancy Formation Energy (Cell Structure Relaxation): -8.62225173427 Size:  3
Vacancy Formation Energy (Cell Structure Relaxation): -8.62228712715 Size:  3
Vacancy Formation Energy (Cell Structure Relaxation): -8.61788179244 Size:  3
Vacancy Formation Energy (Cell Structure Relaxation): -8.62136365208 Size:  3
Vacancy Formation Energy (Cell Structure Relaxation): -8.62052210865 Size:  3
Vacancy Formation Energy (Cell Structure Relaxation): -8.63049726594 Size:  3
Vacancy Formation Energy (Cell Structure Relaxation): -8.65065070469 Size:  3
Vacancy Formation Energy (Cell Structure Relaxation): -8.65890468227 Size:  3
Vacancy Formation Energy (Cell Structure Relaxation): -8.72051196507 Size:  3
Vacancy Formation Energy (Cell Structure Relaxation): -8.9226058142 Size:  3
Vacancy Formation Energy (Cell Structure Relaxation): -8.95513699239 Size:  3
Vacancy Formation Energy (Cell Structure Relaxation): -8.88736744884 Size:  3
Vacancy Formation Energy (Cell Structure Relaxation): -8.95460059315 Size:  3
Vacancy Formation Energy (Cell Structure Relaxation): -8.93017702446 Size:  3
Vacancy Formation Energy (Cell Structure Relaxation): -8.9076339136 Size:  3
Vacancy Formation Energy (Cell Structure Relaxation): -8.86823856717 Size:  3
Vacancy Formation Energy (Cell Structure Relaxation): -8.90889946176 Size:  3
Vacancy Formation Energy (Cell Structure Relaxation): -8.95774797906 Size:  3
Vacancy Formation Energy (Cell Structure Relaxation): -8.90908380673 Size:  3
Vacancy Formation Energy (Cell Structure Relaxation): -8.94653547404 Size:  3
Vacancy Formation Energy (Cell Structure Relaxation): -8.94964995398 Size:  3
Vacancy Formation Energy (Cell Structure Relaxation): -8.93140616009 Size:  3
Vacancy Formation Energy (Cell Structure Relaxation): -8.95345179447 Size:  3
Vacancy Formation Energy (Cell Structure Relaxation): -8.95592874866 Size:  3
Vacancy Formation Energy (Cell Structure Relaxation): -8.85566020991 Size:  3
Vacancy Formation Energy (Cell Structure Relaxation): -8.97563581459 Size:  3
Vacancy Formation Energy (Cell Structure Relaxation): -8.96891940997 Size:  3
Vacancy Formation Energy (Cell Structure Relaxation): -8.89570613836 Size:  3
Vacancy Formation Energy (Cell Structure Relaxation): -8.97545278389 Size:  3
Vacancy Formation Energy (Cell Structure Relaxation): -8.97663586993 Size:  3
Vacancy Formation Energy (Cell Structure Relaxation): -8.96089443491 Size:  3
Vacancy Formation Energy (Cell Structure Relaxation): -8.99172766264 Size:  3
Vacancy Formation Energy (Cell Structure Relaxation): -8.99554231021 Size:  3
Vacancy Formation Energy (Cell Structure Relaxation): -8.98825448364 Size:  3
Vacancy Formation Energy (Cell Structure Relaxation): -8.96475270681 Size:  3
Vacancy Formation Energy (Cell Structure Relaxation): -8.98421309137 Size:  3
Vacancy Formation Energy (Cell Structure Relaxation): -8.99461410744 Size:  3
Vacancy Formation Energy (Cell Structure Relaxation): -8.98230788447 Size:  3
Vacancy Formation Energy (Cell Structure Relaxation): -9.0043527032 Size:  3
Vacancy Formation Energy (Cell Structure Relaxation): -9.00326355742 Size:  3
Vacancy Formation Energy (Cell Structure Relaxation): -9.017982208 Size:  3
Vacancy Formation Energy (Cell Structure Relaxation): -9.02758039481 Size:  3
Vacancy Formation Energy (Cell Structure Relaxation): -8.99844821695 Size:  3
Vacancy Formation Energy (Cell Structure Relaxation): -9.01827608033 Size:  3
Vacancy Formation Energy (Cell Structure Relaxation): -9.01876622254 Size:  3
Vacancy Formation Energy (Cell Structure Relaxation): -9.01735809534 Size:  3
Vacancy Formation Energy (Cell Structure Relaxation): -9.00774733614 Size:  3
Vacancy Formation Energy (Cell Structure Relaxation): -9.0294023037 Size:  3
Vacancy Formation Energy (Cell Structure Relaxation): -9.01009739883 Size:  3
Vacancy Formation Energy (Cell Structure Relaxation): -9.04392285132 Size:  3
Vacancy Formation Energy (Cell Structure Relaxation): -9.03897239217 Size:  3
Vacancy Formation Energy (Cell Structure Relaxation): -9.02026545499 Size:  3
Vacancy Formation Energy (Cell Structure Relaxation): -9.04340267431 Size:  3
Vacancy Formation Energy (Cell Structure Relaxation): -8.99557111909 Size:  3
Vacancy Formation Energy (Cell Structure Relaxation): -9.03690239431 Size:  3
Vacancy Formation Energy (Cell Structure Relaxation): -9.05156669469 Size:  3
Vacancy Formation Energy (Cell Structure Relaxation): -9.05115236528 Size:  3
Vacancy Formation Energy (Cell Structure Relaxation): -9.02731934707 Size:  3
Vacancy Formation Energy (Cell Structure Relaxation): -9.04192655803 Size:  3
Vacancy Formation Energy (Cell Structure Relaxation): -9.05595651893 Size:  3
Vacancy Formation Energy (Cell Structure Relaxation): -9.05729081326 Size:  3
Vacancy Formation Energy (Cell Structure Relaxation): -9.04997709785 Size:  3
Vacancy Formation Energy (Cell Structure Relaxation): -9.06198184792 Size:  3
Vacancy Formation Energy (Cell Structure Relaxation): -9.05830396196 Size:  3
Vacancy Formation Energy (Cell Structure Relaxation): -9.07366840426 Size:  3
Vacancy Formation Energy (Cell Structure Relaxation): -9.08602413687 Size:  3
Vacancy Formation Energy (Cell Structure Relaxation): -9.04505403773 Size:  3
Vacancy Formation Energy (Cell Structure Relaxation): -9.08311196688 Size:  3
Vacancy Formation Energy (Cell Structure Relaxation): -9.05671869616 Size:  3
Vacancy Formation Energy (Cell Structure Relaxation): -9.06916026721 Size:  3
Vacancy Formation Energy (Cell Structure Relaxation): -9.07158418332 Size:  3
Vacancy Formation Energy (Cell Structure Relaxation): -9.05721984154 Size:  3
Vacancy Formation Energy (Cell Structure Relaxation): -9.07267575717 Size:  3
Vacancy Formation Energy (Cell Structure Relaxation): -9.09559972468 Size:  3
Vacancy Formation Energy (Cell Structure Relaxation): -9.10438322403 Size:  3
Vacancy Formation Energy (Cell Structure Relaxation): -9.10453152063 Size:  3
Vacancy Formation Energy (Cell Structure Relaxation): -9.11069092043 Size:  3
Vacancy Formation Energy (Cell Structure Relaxation): -9.10959829579 Size:  3
Vacancy Formation Energy (Cell Structure Relaxation): -9.1058218044 Size:  3
Vacancy Formation Energy (Cell Structure Relaxation): -9.13141758986 Size:  3
Vacancy Formation Energy (Cell Structure Relaxation): -9.1417874358 Size:  3
Vacancy Formation Energy (Cell Structure Relaxation): -9.12135792169 Size:  3
Vacancy Formation Energy (Cell Structure Relaxation): -9.13883820696 Size:  3
Vacancy Formation Energy (Cell Structure Relaxation): -9.15385209273 Size:  3
Vacancy Formation Energy (Cell Structure Relaxation): -9.16502992601 Size:  3
Vacancy Formation Energy (Cell Structure Relaxation): -9.13787839578 Size:  3
Vacancy Formation Energy (Cell Structure Relaxation): -9.08868241844 Size:  3
Vacancy Formation Energy (Cell Structure Relaxation): -9.13959016246 Size:  3
Vacancy Formation Energy (Cell Structure Relaxation): -9.16413469427 Size:  3
Vacancy Formation Energy (Cell Structure Relaxation): -9.1728063109 Size:  3
Vacancy Formation Energy (Cell Structure Relaxation): -9.16805138087 Size:  3
Vacancy Formation Energy (Cell Structure Relaxation): -9.15068862505 Size:  3
Vacancy Formation Energy (Cell Structure Relaxation): -9.16414800722 Size:  3
Vacancy Formation Energy (Cell Structure Relaxation): -9.1609774707 Size:  3
Vacancy Formation Energy (Cell Structure Relaxation): -9.17627430427 Size:  3
Vacancy Formation Energy (Cell Structure Relaxation): -9.153544685 Size:  3
Vacancy Formation Energy (Cell Structure Relaxation): -9.15542363331 Size:  3
Vacancy Formation Energy (Cell Structure Relaxation): -9.17095733035 Size:  3
Vacancy Formation Energy (Cell Structure Relaxation): -9.16385942091 Size:  3
Vacancy Formation Energy (Cell Structure Relaxation): -9.17371787496 Size:  3
Vacancy Formation Energy (Cell Structure Relaxation): -9.17034536999 Size:  3
Vacancy Formation Energy (Cell Structure Relaxation): -9.15774649602 Size:  3
Vacancy Formation Energy (Cell Structure Relaxation): -9.174852752 Size:  3
Vacancy Formation Energy (Cell Structure Relaxation): -9.17258438291 Size:  3
Vacancy Formation Energy (Cell Structure Relaxation): -9.17379901967 Size:  3
Vacancy Formation Energy (Cell Structure Relaxation): -9.17666636343 Size:  3
Vacancy Formation Energy (Cell Structure Relaxation): -9.16544002901 Size:  3
Vacancy Formation Energy (Cell Structure Relaxation): -9.16380088289 Size:  3
Vacancy Formation Energy (Cell Structure Relaxation): -9.17831573652 Size:  3
Vacancy Formation Energy (Cell Structure Relaxation): -9.17713953213 Size:  3
Vacancy Formation Energy (Cell Structure Relaxation): -9.17079463826 Size:  3
Vacancy Formation Energy (Cell Structure Relaxation): -9.17823582796 Size:  3
Vacancy Formation Energy (Cell Structure Relaxation): -9.17323755294 Size:  3
Vacancy Formation Energy (Cell Structure Relaxation): -9.17809883323 Size:  3
Vacancy Formation Energy (Cell Structure Relaxation): -9.17551744315 Size:  3
Vacancy Formation Energy (Cell Structure Relaxation): -9.17866461932 Size:  3
Vacancy Formation Energy (Cell Structure Relaxation): -9.17612325629 Size:  3
Vacancy Formation Energy (Cell Structure Relaxation): -9.17899628444 Size:  3
Vacancy Formation Energy (Cell Structure Relaxation): -9.17382722998 Size:  3
Vacancy Formation Energy (Cell Structure Relaxation): -9.17912494994 Size:  3
Vacancy Formation Energy (Cell Structure Relaxation): -9.17756533634 Size:  3
Vacancy Formation Energy (Cell Structure Relaxation): -9.17918550733 Size:  3
Vacancy Formation Energy (Cell Structure Relaxation): -9.17837948421 Size:  3
Vacancy Formation Energy (Cell Structure Relaxation): -9.17732885477 Size:  3
Vacancy Formation Energy (Cell Structure Relaxation): -9.17941701982 Size:  3
Vacancy Formation Energy (Cell Structure Relaxation): -9.17802819708 Size:  3
Vacancy Formation Energy (Cell Structure Relaxation): -9.17939653012 Size:  3
Vacancy Formation Energy (Cell Structure Relaxation): -9.17812827155 Size:  3
Vacancy Formation Energy (Cell Structure Relaxation): -9.1794218303 Size:  3
Vacancy Formation Energy (Cell Structure Relaxation): -9.17795073058 Size:  3
Vacancy Formation Energy (Cell Structure Relaxation): -9.17953216266 Size:  3
Vacancy Formation Energy (Cell Structure Relaxation): -9.17801717864 Size:  3
Vacancy Formation Energy (Cell Structure Relaxation): -9.17962629006 Size:  3
Vacancy Formation Energy (Cell Structure Relaxation): -9.17871706317 Size:  3
Vacancy Formation Energy (Cell Structure Relaxation): -9.17959624546 Size:  3
Vacancy Formation Energy (Cell Structure Relaxation): -9.17921302491 Size:  3
Vacancy Formation Energy (Cell Structure Relaxation): -9.17958993909 Size:  3
Vacancy Formation Energy (Cell Structure Relaxation): -9.17936717825 Size:  3
Vacancy Formation Energy (Cell Structure Relaxation): -9.17963812201 Size:  3
Vacancy Formation Energy (Cell Structure Relaxation): -9.17900029857 Size:  3
Vacancy Formation Energy (Cell Structure Relaxation): -9.17967517329 Size:  3
Vacancy Formation Energy (Cell Structure Relaxation): -9.17947537166 Size:  3
Vacancy Formation Energy (Cell Structure Relaxation): -9.17966109874 Size:  3
Vacancy Formation Energy (Cell Structure Relaxation): -9.1795008998 Size:  3
Vacancy Formation Energy (Cell Structure Relaxation): -9.17967491177 Size:  3
Vacancy Formation Energy (Cell Structure Relaxation): -9.17963605829 Size:  3
Vacancy Formation Energy (Cell Structure Relaxation): -9.17949207971 Size:  3
Vacancy Formation Energy (Cell Structure Relaxation): -9.17970181362 Size:  3
Vacancy Formation Energy (Cell Structure Relaxation): -9.17960421179 Size:  3
Vacancy Formation Energy (Cell Structure Relaxation): -9.17970191205 Size:  3
Vacancy Formation Energy (Cell Structure Relaxation): -9.1796098433 Size:  3
Vacancy Formation Energy (Cell Structure Relaxation): -9.17970504561 Size:  3
Vacancy Formation Energy (Cell Structure Relaxation): -9.17955587758 Size:  3
Vacancy Formation Energy (Cell Structure Relaxation): -9.17971045693 Size:  3
Vacancy Formation Energy (Cell Structure Relaxation): -9.17966606417 Size:  3
Vacancy Formation Energy (Cell Structure Relaxation): -9.17971075221 Size:  3
Vacancy Formation Energy (Cell Structure Relaxation): -9.17960624127 Size:  3
Vacancy Formation Energy (Cell Structure Relaxation): -9.17971837108 Size:  3
Vacancy Formation Energy (Cell Structure Relaxation): -9.1796831401 Size:  3
Vacancy Formation Energy (Cell Structure Relaxation): -9.17971550116 Size:  3
Vacancy Formation Energy (Cell Structure Relaxation): -9.17967657329 Size:  3
Vacancy Formation Energy (Cell Structure Relaxation): -9.17972150426 Size:  3
Vacancy Formation Energy (Cell Structure Relaxation): -9.17969943979 Size:  3
Vacancy Formation Energy (Cell Structure Relaxation): -9.17971948565 Size:  3
Vacancy Formation Energy (Cell Structure Relaxation): -9.17969152175 Size:  3
Vacancy Formation Energy (Cell Structure Relaxation): -9.17972128872 Size:  3
Vacancy Formation Energy (Cell Structure Relaxation): -9.17970794114 Size:  3
Vacancy Formation Energy (Cell Structure Relaxation): -9.17972164469 Size:  3
Vacancy Formation Energy (Cell Structure Relaxation): -9.17969340374 Size:  3
Vacancy Formation Energy (Cell Structure Relaxation): -9.17972299293 Size:  3
Vacancy Formation Energy (Cell Structure Relaxation): -9.1797180582 Size:  3
Vacancy Formation Energy (Cell Structure Relaxation): -9.17972360523 Size:  3
Vacancy Formation Energy (Cell Structure Relaxation): -9.17971215327 Size:  3
Vacancy Formation Energy (Cell Structure Relaxation): -9.17972399382 Size:  3
Vacancy Formation Energy (Cell Structure Relaxation): -9.17971479442 Size:  3
Vacancy Formation Energy (Cell Structure Relaxation): -9.17972407788 Size:  3
Vacancy Formation Energy (Cell Structure Relaxation): -9.17972025649 Size:  3
Vacancy Formation Energy (Cell Structure Relaxation): -9.17972417534 Size:  3
Vacancy Formation Energy (Cell Structure Relaxation): -9.17971863756 Size:  3
Vacancy Formation Energy (Cell Structure Relaxation): -9.17972438969 Size:  3
Vacancy Formation Energy (Cell Structure Relaxation): -9.17972162497 Size:  3
Vacancy Formation Energy (Cell Structure Relaxation): -9.17972417914 Size:  3
Vacancy Formation Energy (Cell Structure Relaxation): -9.17972309318 Size:  3
Vacancy Formation Energy (Cell Structure Relaxation): -9.17972457428 Size:  3
Vacancy Formation Energy (Cell Structure Relaxation): -9.17972276159 Size:  3
Vacancy Formation Energy (Cell Structure Relaxation): -9.17972477335 Size:  3
Vacancy Formation Energy (Cell Structure Relaxation): -9.17972241603 Size:  3
Vacancy Formation Energy (Cell Structure Relaxation): -9.17972492045 Size:  3
Vacancy Formation Energy (Cell Structure Relaxation): -9.17972386669 Size:  3
Vacancy Formation Energy (Cell Structure Relaxation): -9.17972481088 Size:  3
Vacancy Formation Energy (Cell Structure Relaxation): -9.17972444193 Size:  3
Vacancy Formation Energy (Cell Structure Relaxation): -9.17972406374 Size:  3
Vacancy Formation Energy (Cell Structure Relaxation): -9.17972486275 Size:  3
Vacancy Formation Energy (Cell Structure Relaxation): -9.17972365116 Size:  3
Vacancy Formation Energy (Cell Structure Relaxation): -9.17972496865 Size:  3
Vacancy Formation Energy (Cell Structure Relaxation): -9.17972412565 Size:  3
Vacancy Formation Energy (Cell Structure Relaxation): -9.17972493977 Size:  3
Vacancy Formation Energy (Cell Structure Relaxation): -9.17972475667 Size:  3
Vacancy Formation Energy (Cell Structure Relaxation): -9.17972502341 Size:  3
Vacancy Formation Energy (Cell Structure Relaxation): -9.17972446362 Size:  3
Vacancy Formation Energy (Cell Structure Relaxation): -9.17972503711 Size:  3
Vacancy Formation Energy (Cell Structure Relaxation): -9.17972479214 Size:  3
Vacancy Formation Energy (Cell Structure Relaxation): -9.17972502006 Size:  3
Vacancy Formation Energy (Cell Structure Relaxation): -9.17972503359 Size:  3
Vacancy Formation Energy (Cell Structure Relaxation): -9.17972474931 Size:  3
Vacancy Formation Energy (Cell Structure Relaxation): -9.17972507917 Size:  3
Vacancy Formation Energy (Cell Structure Relaxation): -9.17972500906 Size:  3
Vacancy Formation Energy (Cell Structure Relaxation): -9.17972491252 Size:  3
Vacancy Formation Energy (Cell Structure Relaxation): -9.17972508751 Size:  3
Vacancy Formation Energy (Cell Structure Relaxation): -9.17972494756 Size:  3
Vacancy Formation Energy (Cell Structure Relaxation): -9.17972509795 Size:  3
Vacancy Formation Energy (Cell Structure Relaxation): -9.17972506107 Size:  3
Vacancy Formation Energy (Cell Structure Relaxation): -9.1797249503 Size:  3
Vacancy Formation Energy (Cell Structure Relaxation): -9.17972510666 Size:  3
Vacancy Formation Energy (Cell Structure Relaxation): -9.17972492492 Size:  3
Vacancy Formation Energy (Cell Structure Relaxation): -9.1797251114 Size:  3
Vacancy Formation Energy (Cell Structure Relaxation): -9.17972510185 Size:  3
Vacancy Formation Energy (Cell Structure Relaxation): -9.17972503891 Size:  3
Vacancy Formation Energy (Cell Structure Relaxation): -9.17972511684 Size:  3
Vacancy Formation Energy (Cell Structure Relaxation): -9.17972501638 Size:  3
Vacancy Formation Energy (Cell Structure Relaxation): -9.17972512461 Size:  3
Vacancy Formation Energy (Cell Structure Relaxation): -9.17972511153 Size:  3
Vacancy Formation Energy (Cell Structure Relaxation): -9.17972506647 Size:  3
Vacancy Formation Energy (Cell Structure Relaxation): -9.17972512843 Size:  3
Vacancy Formation Energy (Cell Structure Relaxation): -9.17972507763 Size:  3
Vacancy Formation Energy (Cell Structure Relaxation): -9.17972512851 Size:  3
Vacancy Formation Energy (Cell Structure Relaxation): -9.17972506004 Size:  3
Vacancy Formation Energy (Cell Structure Relaxation): -9.17972513124 Size:  3
Vacancy Formation Energy (Cell Structure Relaxation): -9.17972514048 Size:  3
Vacancy Formation Energy (Cell Structure Relaxation): -9.1797251268 Size:  3
Vacancy Formation Energy (Cell Structure Relaxation): -9.17972510259 Size:  3
Vacancy Formation Energy (Cell Structure Relaxation): -9.17972513191 Size:  3
Vacancy Formation Energy (Cell Structure Relaxation): -9.17972512102 Size:  3
Vacancy Formation Energy (Cell Structure Relaxation): -9.17972513433 Size:  3
Vacancy Formation Energy (Cell Structure Relaxation): -9.17972513313 Size:  3
Vacancy Formation Energy (Cell Structure Relaxation): -9.17972512875 Size:  3
Vacancy Formation Energy (Cell Structure Relaxation): -9.17972512153 Size:  3
Vacancy Formation Energy (Cell Structure Relaxation): -9.17972513738 Size:  3
Vacancy Formation Energy (Cell Structure Relaxation): -9.17972512757 Size:  3
Vacancy Formation Energy (Cell Structure Relaxation): -9.17972513696 Size:  3
Vacancy Formation Energy (Cell Structure Relaxation): -9.17972513476 Size:  3
Vacancy Formation Energy (Cell Structure Relaxation): -9.17972514511 Size:  3
Vacancy Formation Energy (Cell Structure Relaxation): -9.17972514432 Size:  3
Vacancy Formation Energy (Cell Structure Relaxation): -9.17972512907 Size:  3
Vacancy Formation Energy (Cell Structure Relaxation): -9.17972514014 Size:  3
Vacancy Formation Energy (Cell Structure Relaxation): -9.17972513176 Size:  3
Vacancy Formation Energy (Cell Structure Relaxation): -9.17972514032 Size:  3
Vacancy Formation Energy (Cell Structure Relaxation): -9.17972513164 Size:  3
Vacancy Formation Energy (Cell Structure Relaxation): -9.17972514049 Size:  3
Vacancy Formation Energy (Cell Structure Relaxation): -9.1797251462 Size:  3
Vacancy Formation Energy (Cell Structure Relaxation): -9.17972514766 Size:  3
Vacancy Formation Energy (Cell Structure Relaxation): -9.1797251427 Size:  3
Vacancy Formation Energy (Cell Structure Relaxation): -9.1797251478 Size:  3
Vacancy Formation Energy (Cell Structure Relaxation): -9.17972514792 Size:  3
Vacancy Formation Energy (Cell Structure Relaxation): -9.17972514735 Size:  3
Vacancy Formation Energy (Cell Structure Relaxation): -9.17972515464 Size:  3
Vacancy Formation Energy (Cell Structure Relaxation): -9.17972515973 Size:  3
Vacancy Formation Energy (Cell Structure Relaxation): -9.17972515014 Size:  3
Vacancy Formation Energy (Cell Structure Relaxation): -9.1797251596 Size:  3
Vacancy Formation Energy (Cell Structure Relaxation): -9.17972515828 Size:  3
Vacancy Formation Energy (Cell Structure Relaxation): -9.17972515648 Size:  3
Vacancy Formation Energy (Cell Structure Relaxation): -9.1797251618 Size:  3
Vacancy Formation Energy (Cell Structure Relaxation): -9.1797251583 Size:  3
Vacancy Formation Energy (Cell Structure Relaxation): -9.17972516949 Size:  3
Vacancy Formation Energy (Cell Structure Relaxation): -9.17972517406 Size:  3
Vacancy Formation Energy (Cell Structure Relaxation): -9.17972516512 Size:  3
Vacancy Formation Energy (Cell Structure Relaxation): -9.17972517443 Size:  3
Vacancy Formation Energy (Cell Structure Relaxation): -9.17972517835 Size:  3
Vacancy Formation Energy (Cell Structure Relaxation): -9.17972517897 Size:  3
Vacancy Formation Energy (Cell Structure Relaxation): -9.17972518189 Size:  3
Vacancy Formation Energy (Cell Structure Relaxation): -9.17972518752 Size:  3
Vacancy Formation Energy (Cell Structure Relaxation): -9.17972519449 Size:  3
Vacancy Formation Energy (Cell Structure Relaxation): -9.17972520432 Size:  3
Vacancy Formation Energy (Cell Structure Relaxation): -9.179725224 Size:  3
Vacancy Formation Energy (Cell Structure Relaxation): -9.17972519927 Size:  3
Vacancy Formation Energy (Cell Structure Relaxation): -9.17972522053 Size:  3
Vacancy Formation Energy (Cell Structure Relaxation): -9.1797252249 Size:  3
Vacancy Formation Energy (Cell Structure Relaxation): -9.17972523007 Size:  3
Vacancy Formation Energy (Cell Structure Relaxation): -9.17972523627 Size:  3
Vacancy Formation Energy (Cell Structure Relaxation): -9.17972523532 Size:  3
Vacancy Formation Energy (Cell Structure Relaxation): -9.17972524784 Size:  3
Vacancy Formation Energy (Cell Structure Relaxation): -9.17972524693 Size:  3
Vacancy Formation Energy (Cell Structure Relaxation): -9.17972527145 Size:  3
Vacancy Formation Energy (Cell Structure Relaxation): -9.17972530025 Size:  3
Vacancy Formation Energy (Cell Structure Relaxation): -9.17972530444 Size:  3
Vacancy Formation Energy (Cell Structure Relaxation): -9.17972534909 Size:  3
Vacancy Formation Energy (Cell Structure Relaxation): -9.17972530425 Size:  3
Vacancy Formation Energy (Cell Structure Relaxation): -9.17972530472 Size:  3
Vacancy Formation Energy (Cell Structure Relaxation): -9.17972535242 Size:  3
Vacancy Formation Energy (Cell Structure Relaxation): -9.17972538206 Size:  3
Vacancy Formation Energy (Cell Structure Relaxation): -9.17972541911 Size:  3
Vacancy Formation Energy (Cell Structure Relaxation): -9.17972549906 Size:  3
Vacancy Formation Energy (Cell Structure Relaxation): -9.17972548181 Size:  3
Vacancy Formation Energy (Cell Structure Relaxation): -9.17972547223 Size:  3
Vacancy Formation Energy (Cell Structure Relaxation): -9.17972554208 Size:  3
Vacancy Formation Energy (Cell Structure Relaxation): -9.17972563302 Size:  3
Vacancy Formation Energy (Cell Structure Relaxation): -9.17972563191 Size:  3
Vacancy Formation Energy (Cell Structure Relaxation): -9.17972566194 Size:  3
Vacancy Formation Energy (Cell Structure Relaxation): -9.17972572872 Size:  3
Vacancy Formation Energy (Cell Structure Relaxation): -9.17972577588 Size:  3
Vacancy Formation Energy (Cell Structure Relaxation): -9.17972589066 Size:  3
Vacancy Formation Energy (Cell Structure Relaxation): -9.17972581931 Size:  3
Vacancy Formation Energy (Cell Structure Relaxation): -9.17972586598 Size:  3
Vacancy Formation Energy (Cell Structure Relaxation): -9.17972606022 Size:  3
Vacancy Formation Energy (Cell Structure Relaxation): -9.17972626342 Size:  3
Vacancy Formation Energy (Cell Structure Relaxation): -9.17972599296 Size:  3
Vacancy Formation Energy (Cell Structure Relaxation): -9.17972620882 Size:  3
Vacancy Formation Energy (Cell Structure Relaxation): -9.17972619865 Size:  3
Vacancy Formation Energy (Cell Structure Relaxation): -9.17972627363 Size:  3
Vacancy Formation Energy (Cell Structure Relaxation): -9.17972628499 Size:  3
Vacancy Formation Energy (Cell Structure Relaxation): -9.17972640683 Size:  3
Vacancy Formation Energy (Cell Structure Relaxation): -9.1797264333 Size:  3
Vacancy Formation Energy (Cell Structure Relaxation): -9.17972624125 Size:  3
Vacancy Formation Energy (Cell Structure Relaxation): -9.17972666862 Size:  3
Vacancy Formation Energy (Cell Structure Relaxation): -9.17972683527 Size:  3
Vacancy Formation Energy (Cell Structure Relaxation): -9.17972648643 Size:  3
Vacancy Formation Energy (Cell Structure Relaxation): -9.17972644665 Size:  3
Vacancy Formation Energy (Cell Structure Relaxation): -9.17972679297 Size:  3
Vacancy Formation Energy (Cell Structure Relaxation): -9.17972586258 Size:  3
Vacancy Formation Energy (Cell Structure Relaxation): -9.17972657814 Size:  3
Vacancy Formation Energy (Cell Structure Relaxation): -9.17972699335 Size:  3
Vacancy Formation Energy (Cell Structure Relaxation): -9.17972722745 Size:  3
Vacancy Formation Energy (Cell Structure Relaxation): -9.17972698695 Size:  3
Vacancy Formation Energy (Cell Structure Relaxation): -9.17972720661 Size:  3
Vacancy Formation Energy (Cell Structure Relaxation): -9.17972744925 Size:  3
Vacancy Formation Energy (Cell Structure Relaxation): -9.17972772939 Size:  3
Vacancy Formation Energy (Cell Structure Relaxation): -9.17972765059 Size:  3
Vacancy Formation Energy (Cell Structure Relaxation): -9.17972779537 Size:  3
Vacancy Formation Energy (Cell Structure Relaxation): -9.17972799765 Size:  3
Vacancy Formation Energy (Cell Structure Relaxation): -9.17972842593 Size:  3
Vacancy Formation Energy (Cell Structure Relaxation): -9.17972918477 Size:  3
Vacancy Formation Energy (Cell Structure Relaxation): -9.1797287942 Size:  3
Vacancy Formation Energy (Cell Structure Relaxation): -9.17972867936 Size:  3
Vacancy Formation Energy (Cell Structure Relaxation): -9.17972961843 Size:  3
Vacancy Formation Energy (Cell Structure Relaxation): -9.17973055224 Size:  3
Vacancy Formation Energy (Cell Structure Relaxation): -9.17973027359 Size:  3
Vacancy Formation Energy (Cell Structure Relaxation): -9.1797302041 Size:  3
Vacancy Formation Energy (Cell Structure Relaxation): -9.17973122506 Size:  3
Vacancy Formation Energy (Cell Structure Relaxation): -9.17973225066 Size:  3
Vacancy Formation Energy (Cell Structure Relaxation): -9.17973202511 Size:  3
Vacancy Formation Energy (Cell Structure Relaxation): -9.1797330804 Size:  3
Vacancy Formation Energy (Cell Structure Relaxation): -9.17973491954 Size:  3
Vacancy Formation Energy (Cell Structure Relaxation): -9.17973409774 Size:  3
Vacancy Formation Energy (Cell Structure Relaxation): -9.17973331398 Size:  3
Vacancy Formation Energy (Cell Structure Relaxation): -9.17973559902 Size:  3
Vacancy Formation Energy (Cell Structure Relaxation): -9.17973754811 Size:  3
Vacancy Formation Energy (Cell Structure Relaxation): -9.1797379607 Size:  3
Vacancy Formation Energy (Cell Structure Relaxation): -9.17974108857 Size:  3
Vacancy Formation Energy (Cell Structure Relaxation): -9.17973834054 Size:  3
Vacancy Formation Energy (Cell Structure Relaxation): -9.17974059628 Size:  3
Vacancy Formation Energy (Cell Structure Relaxation): -9.17974208808 Size:  3
Vacancy Formation Energy (Cell Structure Relaxation): -9.17974490799 Size:  3
Vacancy Formation Energy (Cell Structure Relaxation): -9.17974563304 Size:  3
Vacancy Formation Energy (Cell Structure Relaxation): -9.17975019793 Size:  3
Vacancy Formation Energy (Cell Structure Relaxation): -9.1797463582 Size:  3
Vacancy Formation Energy (Cell Structure Relaxation): -9.1797500673 Size:  3
Vacancy Formation Energy (Cell Structure Relaxation): -9.17975407937 Size:  3
Vacancy Formation Energy (Cell Structure Relaxation): -9.1797612794 Size:  3
Vacancy Formation Energy (Cell Structure Relaxation): -9.17975620809 Size:  3
Vacancy Formation Energy (Cell Structure Relaxation): -9.17975753207 Size:  3
Vacancy Formation Energy (Cell Structure Relaxation): -9.17975876867 Size:  3
Vacancy Formation Energy (Cell Structure Relaxation): -9.17976556054 Size:  3
Vacancy Formation Energy (Cell Structure Relaxation): -9.17977321378 Size:  3
Vacancy Formation Energy (Cell Structure Relaxation): -9.17976951918 Size:  3
Vacancy Formation Energy (Cell Structure Relaxation): -9.1797724684 Size:  3
Vacancy Formation Energy (Cell Structure Relaxation): -9.17977424529 Size:  3
Vacancy Formation Energy (Cell Structure Relaxation): -9.17977921437 Size:  3
Vacancy Formation Energy (Cell Structure Relaxation): -9.17978399694 Size:  3
Vacancy Formation Energy (Cell Structure Relaxation): -9.17979671415 Size:  3
Vacancy Formation Energy (Cell Structure Relaxation): -9.17978902198 Size:  3
Vacancy Formation Energy (Cell Structure Relaxation): -9.17979248786 Size:  3
Vacancy Formation Energy (Cell Structure Relaxation): -9.17979730693 Size:  3
Vacancy Formation Energy (Cell Structure Relaxation): -9.17980489831 Size:  3
Vacancy Formation Energy (Cell Structure Relaxation): -9.17980866122 Size:  3
Vacancy Formation Energy (Cell Structure Relaxation): -9.17982267984 Size:  3
Vacancy Formation Energy (Cell Structure Relaxation): -9.17981634999 Size:  3
Vacancy Formation Energy (Cell Structure Relaxation): -9.17983084624 Size:  3
Vacancy Formation Energy (Cell Structure Relaxation): -9.17985113512 Size:  3
Vacancy Formation Energy (Cell Structure Relaxation): -9.17983861141 Size:  3
Vacancy Formation Energy (Cell Structure Relaxation): -9.17985446683 Size:  3
Vacancy Formation Energy (Cell Structure Relaxation): -9.1798789279 Size:  3
Vacancy Formation Energy (Cell Structure Relaxation): -9.17983794388 Size:  3
Vacancy Formation Energy (Cell Structure Relaxation): -9.17988252049 Size:  3
Vacancy Formation Energy (Cell Structure Relaxation): -9.17991501059 Size:  3
Vacancy Formation Energy (Cell Structure Relaxation): -9.17989920671 Size:  3
Vacancy Formation Energy (Cell Structure Relaxation): -9.17990516991 Size:  3
Vacancy Formation Energy (Cell Structure Relaxation): -9.1799240638 Size:  3
Vacancy Formation Energy (Cell Structure Relaxation): -9.17995029252 Size:  3
Vacancy Formation Energy (Cell Structure Relaxation): -9.17996280979 Size:  3
Vacancy Formation Energy (Cell Structure Relaxation): -9.18000466685 Size:  3
Vacancy Formation Energy (Cell Structure Relaxation): -9.17999975737 Size:  3
Vacancy Formation Energy (Cell Structure Relaxation): -9.1800233657 Size:  3
Vacancy Formation Energy (Cell Structure Relaxation): -9.18008005414 Size:  3
Vacancy Formation Energy (Cell Structure Relaxation): -9.18007401 Size:  3
Vacancy Formation Energy (Cell Structure Relaxation): -9.18012160584 Size:  3
Vacancy Formation Energy (Cell Structure Relaxation): -9.18021889931 Size:  3
Vacancy Formation Energy (Cell Structure Relaxation): -9.18019879306 Size:  3
Vacancy Formation Energy (Cell Structure Relaxation): -9.18014070238 Size:  3
Vacancy Formation Energy (Cell Structure Relaxation): -9.18025292228 Size:  3
Vacancy Formation Energy (Cell Structure Relaxation): -9.18035768406 Size:  3
Vacancy Formation Energy (Cell Structure Relaxation): -9.18037913108 Size:  3
Vacancy Formation Energy (Cell Structure Relaxation): -9.18055399108 Size:  3
Vacancy Formation Energy (Cell Structure Relaxation): -9.18044630989 Size:  3
Vacancy Formation Energy (Cell Structure Relaxation): -9.18055142076 Size:  3
Vacancy Formation Energy (Cell Structure Relaxation): -9.18058609134 Size:  3
Vacancy Formation Energy (Cell Structure Relaxation): -9.18069245708 Size:  3
Vacancy Formation Energy (Cell Structure Relaxation): -9.18079917135 Size:  3
Vacancy Formation Energy (Cell Structure Relaxation): -9.18107907336 Size:  3
Vacancy Formation Energy (Cell Structure Relaxation): -9.18097500271 Size:  3
Vacancy Formation Energy (Cell Structure Relaxation): -9.18111628074 Size:  3
Vacancy Formation Energy (Cell Structure Relaxation): -9.18144616666 Size:  3
Vacancy Formation Energy (Cell Structure Relaxation): -9.18132125569 Size:  3
Vacancy Formation Energy (Cell Structure Relaxation): -9.18148560842 Size:  3
Vacancy Formation Energy (Cell Structure Relaxation): -9.18184969202 Size:  3
Vacancy Formation Energy (Cell Structure Relaxation): -9.18174003369 Size:  3
Vacancy Formation Energy (Cell Structure Relaxation): -9.18205973806 Size:  3
Vacancy Formation Energy (Cell Structure Relaxation): -9.18251561607 Size:  3
Vacancy Formation Energy (Cell Structure Relaxation): -9.18234143764 Size:  3
Vacancy Formation Energy (Cell Structure Relaxation): -9.18255259549 Size:  3
Vacancy Formation Energy (Cell Structure Relaxation): -9.18290594894 Size:  3
Vacancy Formation Energy (Cell Structure Relaxation): -9.1830257616 Size:  3
Vacancy Formation Energy (Cell Structure Relaxation): -9.18359629215 Size:  3
Vacancy Formation Energy (Cell Structure Relaxation): -9.18339501595 Size:  3
Vacancy Formation Energy (Cell Structure Relaxation): -9.18381171373 Size:  3
Vacancy Formation Energy (Cell Structure Relaxation): -9.18437862472 Size:  3
Vacancy Formation Energy (Cell Structure Relaxation): -9.18414198889 Size:  3
Vacancy Formation Energy (Cell Structure Relaxation): -9.18410987595 Size:  3
Vacancy Formation Energy (Cell Structure Relaxation): -9.18355561851 Size:  3
Vacancy Formation Energy (Cell Structure Relaxation): -9.18455883477 Size:  3
Vacancy Formation Energy (Cell Structure Relaxation): -9.18438721064 Size:  3
Vacancy Formation Energy (Cell Structure Relaxation): -9.18432216 Size:  3
Vacancy Formation Energy (Cell Structure Relaxation): -9.18401742715 Size:  3
Vacancy Formation Energy (Cell Structure Relaxation): -9.18421972803 Size:  3
Vacancy Formation Energy (Cell Structure Relaxation): -9.18356829657 Size:  3
Vacancy Formation Energy (Cell Structure Relaxation): -9.18439607805 Size:  3
Vacancy Formation Energy (Cell Structure Relaxation): -9.18481433619 Size:  3
Vacancy Formation Energy (Cell Structure Relaxation): -9.1850220586 Size:  3
Vacancy Formation Energy (Cell Structure Relaxation): -9.18455653762 Size:  3
Vacancy Formation Energy (Cell Structure Relaxation): -9.18478440304 Size:  3
Vacancy Formation Energy (Cell Structure Relaxation): -9.18488762959 Size:  3
Vacancy Formation Energy (Cell Structure Relaxation): -9.18492543218 Size:  3
Vacancy Formation Energy (Cell Structure Relaxation): -9.18517919906 Size:  3
Vacancy Formation Energy (Cell Structure Relaxation): -9.18503932387 Size:  3
Vacancy Formation Energy (Cell Structure Relaxation): -9.18503294367 Size:  3
Vacancy Formation Energy (Cell Structure Relaxation): -9.18546382767 Size:  3
Vacancy Formation Energy (Cell Structure Relaxation): -9.18548859796 Size:  3
Vacancy Formation Energy (Cell Structure Relaxation): -9.18533579545 Size:  3
Vacancy Formation Energy (Cell Structure Relaxation): -9.18521528941 Size:  3
Vacancy Formation Energy (Cell Structure Relaxation): -9.18570553206 Size:  3
Vacancy Formation Energy (Cell Structure Relaxation): -9.18567409317 Size:  3
Vacancy Formation Energy (Cell Structure Relaxation): -9.18606613754 Size:  3
Vacancy Formation Energy (Cell Structure Relaxation): -9.18646961395 Size:  3
Vacancy Formation Energy (Cell Structure Relaxation): -9.18504969235 Size:  3
Vacancy Formation Energy (Cell Structure Relaxation): -9.18557363158 Size:  3
Vacancy Formation Energy (Cell Structure Relaxation): -9.18564280744 Size:  3
Vacancy Formation Energy (Cell Structure Relaxation): -9.18552722325 Size:  3
Vacancy Formation Energy (Cell Structure Relaxation): -9.18573237535 Size:  3
Vacancy Formation Energy (Cell Structure Relaxation): -9.18635065326 Size:  3
Vacancy Formation Energy (Cell Structure Relaxation): -9.18595894153 Size:  3
Vacancy Formation Energy (Cell Structure Relaxation): -9.18609689226 Size:  3
Vacancy Formation Energy (Cell Structure Relaxation): -9.18635810016 Size:  3
Vacancy Formation Energy (Cell Structure Relaxation): -9.18673061631 Size:  3
Vacancy Formation Energy (Cell Structure Relaxation): -9.1868503507 Size:  3
Vacancy Formation Energy (Cell Structure Relaxation): -9.18691582484 Size:  3
Vacancy Formation Energy (Cell Structure Relaxation): -9.18676183634 Size:  3
Vacancy Formation Energy (Cell Structure Relaxation): -9.1866946897 Size:  3
Vacancy Formation Energy (Cell Structure Relaxation): -9.1872151249 Size:  3
Vacancy Formation Energy (Cell Structure Relaxation): -9.18721760465 Size:  3
Vacancy Formation Energy (Cell Structure Relaxation): -9.1876185572 Size:  3
Vacancy Formation Energy (Cell Structure Relaxation): -9.18796753021 Size:  3
Vacancy Formation Energy (Cell Structure Relaxation): -9.18802877461 Size:  3
Vacancy Formation Energy (Cell Structure Relaxation): -9.18831319906 Size:  3
Vacancy Formation Energy (Cell Structure Relaxation): -9.18838134045 Size:  3
Vacancy Formation Energy (Cell Structure Relaxation): -9.18837916749 Size:  3
Vacancy Formation Energy (Cell Structure Relaxation): -9.18776606725 Size:  3
Vacancy Formation Energy (Cell Structure Relaxation): -9.18800429679 Size:  3
Vacancy Formation Energy (Cell Structure Relaxation): -9.18901723355 Size:  3
Vacancy Formation Energy (Cell Structure Relaxation): -9.18891983726 Size:  3
Vacancy Formation Energy (Cell Structure Relaxation): -9.1895403354 Size:  3
Vacancy Formation Energy (Cell Structure Relaxation): -9.18984953457 Size:  3
Vacancy Formation Energy (Cell Structure Relaxation): -9.189438077 Size:  3
Vacancy Formation Energy (Cell Structure Relaxation): -9.18906838369 Size:  3
Vacancy Formation Energy (Cell Structure Relaxation): -9.18743195812 Size:  3
Vacancy Formation Energy (Cell Structure Relaxation): -9.18909037474 Size:  3
Vacancy Formation Energy (Cell Structure Relaxation): -9.18959780249 Size:  3
Vacancy Formation Energy (Cell Structure Relaxation): -9.190390369 Size:  3
Vacancy Formation Energy (Cell Structure Relaxation): -9.19042791898 Size:  3
Vacancy Formation Energy (Cell Structure Relaxation): -9.19057854772 Size:  3
Vacancy Formation Energy (Cell Structure Relaxation): -9.19049016301 Size:  3
Vacancy Formation Energy (Cell Structure Relaxation): -9.19005167831 Size:  3
Vacancy Formation Energy (Cell Structure Relaxation): -9.18974492587 Size:  3
Vacancy Formation Energy (Cell Structure Relaxation): -9.18950179572 Size:  3
Vacancy Formation Energy (Cell Structure Relaxation): -9.19022089265 Size:  3
Vacancy Formation Energy (Cell Structure Relaxation): -9.1908382527 Size:  3
Vacancy Formation Energy (Cell Structure Relaxation): -9.19047837921 Size:  3
Vacancy Formation Energy (Cell Structure Relaxation): -9.19042429471 Size:  3
Vacancy Formation Energy (Cell Structure Relaxation): -9.19089774886 Size:  3
Vacancy Formation Energy (Cell Structure Relaxation): -9.19012913933 Size:  3
Vacancy Formation Energy (Cell Structure Relaxation): -9.18966579432 Size:  3
Vacancy Formation Energy (Cell Structure Relaxation): -9.19070787068 Size:  3
Vacancy Formation Energy (Cell Structure Relaxation): -9.19128473749 Size:  3
Vacancy Formation Energy (Cell Structure Relaxation): -9.19121896796 Size:  3
Vacancy Formation Energy (Cell Structure Relaxation): -9.19061339748 Size:  3
Vacancy Formation Energy (Cell Structure Relaxation): -9.19066569499 Size:  3
Vacancy Formation Energy (Cell Structure Relaxation): -9.19101040769 Size:  3
Vacancy Formation Energy (Cell Structure Relaxation): -9.19112348942 Size:  3
Vacancy Formation Energy (Cell Structure Relaxation): -9.19064761757 Size:  3
Vacancy Formation Energy (Cell Structure Relaxation): -9.19109336242 Size:  3
Vacancy Formation Energy (Cell Structure Relaxation): -9.19142656964 Size:  3
Vacancy Formation Energy (Cell Structure Relaxation): -9.19113088105 Size:  3
Vacancy Formation Energy (Cell Structure Relaxation): -9.19114825575 Size:  3
Vacancy Formation Energy (Cell Structure Relaxation): -9.19143993603 Size:  3
Vacancy Formation Energy (Cell Structure Relaxation): -9.19095699418 Size:  3
Vacancy Formation Energy (Cell Structure Relaxation): -9.19097617892 Size:  3
Vacancy Formation Energy (Cell Structure Relaxation): -9.19135297594 Size:  3
Vacancy Formation Energy (Cell Structure Relaxation): -9.19134543396 Size:  3
Vacancy Formation Energy (Cell Structure Relaxation): -9.19151130886 Size:  3
Vacancy Formation Energy (Cell Structure Relaxation): -9.19107159472 Size:  3
Vacancy Formation Energy (Cell Structure Relaxation): -9.19144091623 Size:  3
Vacancy Formation Energy (Cell Structure Relaxation): -9.19134833552 Size:  3
Vacancy Formation Energy (Cell Structure Relaxation): -9.19084221739 Size:  3
Vacancy Formation Energy (Cell Structure Relaxation): -9.19158051864 Size:  3
Vacancy Formation Energy (Cell Structure Relaxation): -9.19132763749 Size:  3
Vacancy Formation Energy (Cell Structure Relaxation): -9.19153632521 Size:  3
Vacancy Formation Energy (Cell Structure Relaxation): -9.19160365205 Size:  3
Vacancy Formation Energy (Cell Structure Relaxation): -9.1913189495 Size:  3
Vacancy Formation Energy (Cell Structure Relaxation): -9.19160050531 Size:  3
Vacancy Formation Energy (Cell Structure Relaxation): -9.19126073229 Size:  3
Vacancy Formation Energy (Cell Structure Relaxation): -9.19161871848 Size:  3
Vacancy Formation Energy (Cell Structure Relaxation): -9.19141682375 Size:  3
Vacancy Formation Energy (Cell Structure Relaxation): -9.19160582735 Size:  3
Vacancy Formation Energy (Cell Structure Relaxation): -9.19153269745 Size:  3
Vacancy Formation Energy (Cell Structure Relaxation): -9.19163137808 Size:  3
Vacancy Formation Energy (Cell Structure Relaxation): -9.19147455226 Size:  3
Vacancy Formation Energy (Cell Structure Relaxation): -9.19163641986 Size:  3
Vacancy Formation Energy (Cell Structure Relaxation): -9.19148113326 Size:  3
Vacancy Formation Energy (Cell Structure Relaxation): -9.19164971598 Size:  3
Vacancy Formation Energy (Cell Structure Relaxation): -9.19153664233 Size:  3
Vacancy Formation Energy (Cell Structure Relaxation): -9.19165048365 Size:  3
Vacancy Formation Energy (Cell Structure Relaxation): -9.19152234005 Size:  3
Vacancy Formation Energy (Cell Structure Relaxation): -9.19165188128 Size:  3
Vacancy Formation Energy (Cell Structure Relaxation): -9.19162478188 Size:  3
Vacancy Formation Energy (Cell Structure Relaxation): -9.19165632545 Size:  3
Vacancy Formation Energy (Cell Structure Relaxation): -9.19159951119 Size:  3
Vacancy Formation Energy (Cell Structure Relaxation): -9.19160400603 Size:  3
Vacancy Formation Energy (Cell Structure Relaxation): -9.19165709332 Size:  3
Vacancy Formation Energy (Cell Structure Relaxation): -9.19163353689 Size:  3
Vacancy Formation Energy (Cell Structure Relaxation): -9.19165795358 Size:  3
Vacancy Formation Energy (Cell Structure Relaxation): -9.19162887148 Size:  3
Vacancy Formation Energy (Cell Structure Relaxation): -9.19165939519 Size:  3
Vacancy Formation Energy (Cell Structure Relaxation): -9.19164595281 Size:  3
Vacancy Formation Energy (Cell Structure Relaxation): -9.19166238708 Size:  3
Vacancy Formation Energy (Cell Structure Relaxation): -9.19163743445 Size:  3
Vacancy Formation Energy (Cell Structure Relaxation): -9.19166340435 Size:  3
Vacancy Formation Energy (Cell Structure Relaxation): -9.19164500951 Size:  3
Vacancy Formation Energy (Cell Structure Relaxation): -9.19166314614 Size:  3
Vacancy Formation Energy (Cell Structure Relaxation): -9.19164983933 Size:  3
Vacancy Formation Energy (Cell Structure Relaxation): -9.19166416778 Size:  3
Vacancy Formation Energy (Cell Structure Relaxation): -9.19164432705 Size:  3
Vacancy Formation Energy (Cell Structure Relaxation): -9.19166480667 Size:  3
Vacancy Formation Energy (Cell Structure Relaxation): -9.1916600485 Size:  3
Vacancy Formation Energy (Cell Structure Relaxation): -9.19165712051 Size:  3
Vacancy Formation Energy (Cell Structure Relaxation): -9.19166458168 Size:  3
Vacancy Formation Energy (Cell Structure Relaxation): -9.19165905476 Size:  3
Vacancy Formation Energy (Cell Structure Relaxation): -9.19166466148 Size:  3
Vacancy Formation Energy (Cell Structure Relaxation): -9.19166194036 Size:  3
Vacancy Formation Energy (Cell Structure Relaxation): -9.19166521513 Size:  3
Vacancy Formation Energy (Cell Structure Relaxation): -9.19166228225 Size:  3
Vacancy Formation Energy (Cell Structure Relaxation): -9.1916654598 Size:  3
Vacancy Formation Energy (Cell Structure Relaxation): -9.19166302241 Size:  3
Vacancy Formation Energy (Cell Structure Relaxation): -9.19166549834 Size:  3
Vacancy Formation Energy (Cell Structure Relaxation): -9.19166012208 Size:  3
Vacancy Formation Energy (Cell Structure Relaxation): -9.19166598715 Size:  3
Vacancy Formation Energy (Cell Structure Relaxation): -9.19166430654 Size:  3
Vacancy Formation Energy (Cell Structure Relaxation): -9.19166572314 Size:  3
Vacancy Formation Energy (Cell Structure Relaxation): -9.19166501644 Size:  3
Vacancy Formation Energy (Cell Structure Relaxation): -9.19166308961 Size:  3
Vacancy Formation Energy (Cell Structure Relaxation): -9.19166593838 Size:  3
Vacancy Formation Energy (Cell Structure Relaxation): -9.1916647106 Size:  3
Vacancy Formation Energy (Cell Structure Relaxation): -9.19166585491 Size:  3
Vacancy Formation Energy (Cell Structure Relaxation): -9.19166583101 Size:  3
Vacancy Formation Energy (Cell Structure Relaxation): -9.19166564119 Size:  3
Vacancy Formation Energy (Cell Structure Relaxation): -9.19166547257 Size:  3
Vacancy Formation Energy (Cell Structure Relaxation): -9.19166603916 Size:  3
Vacancy Formation Energy (Cell Structure Relaxation): -9.19166551808 Size:  3
Vacancy Formation Energy (Cell Structure Relaxation): -9.19166608805 Size:  3
Vacancy Formation Energy (Cell Structure Relaxation): -9.19166577052 Size:  3
Vacancy Formation Energy (Cell Structure Relaxation): -9.19166612172 Size:  3
Vacancy Formation Energy (Cell Structure Relaxation): -9.19166513431 Size:  3
Vacancy Formation Energy (Cell Structure Relaxation): -9.19166619105 Size:  3
Vacancy Formation Energy (Cell Structure Relaxation): -9.19166604744 Size:  3
Vacancy Formation Energy (Cell Structure Relaxation): -9.19166585006 Size:  3
Vacancy Formation Energy (Cell Structure Relaxation): -9.191666179 Size:  3
Vacancy Formation Energy (Cell Structure Relaxation): -9.19166532557 Size:  3
Vacancy Formation Energy (Cell Structure Relaxation): -9.19166623693 Size:  3
Vacancy Formation Energy (Cell Structure Relaxation): -9.19166621439 Size:  3
Vacancy Formation Energy (Cell Structure Relaxation): -9.19166590685 Size:  3
Vacancy Formation Energy (Cell Structure Relaxation): -9.19166621791 Size:  3
Vacancy Formation Energy (Cell Structure Relaxation): -9.19166610748 Size:  3
Vacancy Formation Energy (Cell Structure Relaxation): -9.191666224 Size:  3
Vacancy Formation Energy (Cell Structure Relaxation): -9.19166630122 Size:  3
Vacancy Formation Energy (Cell Structure Relaxation): -9.19166620467 Size:  3
Vacancy Formation Energy (Cell Structure Relaxation): -9.19166608957 Size:  3
Vacancy Formation Energy (Cell Structure Relaxation): -9.19166626724 Size:  3
Vacancy Formation Energy (Cell Structure Relaxation): -9.1916662676 Size:  3
Vacancy Formation Energy (Cell Structure Relaxation): -9.19166620078 Size:  3
Vacancy Formation Energy (Cell Structure Relaxation): -9.19166627726 Size:  3
Vacancy Formation Energy (Cell Structure Relaxation): -9.19166625817 Size:  3
Vacancy Formation Energy (Cell Structure Relaxation): -9.19166626486 Size:  3
Vacancy Formation Energy (Cell Structure Relaxation): -9.19166625597 Size:  3
Vacancy Formation Energy (Cell Structure Relaxation): -9.19166629904 Size:  3
Vacancy Formation Energy (Cell Structure Relaxation): -9.19166619864 Size:  3
Vacancy Formation Energy (Cell Structure Relaxation): -9.19166630296 Size:  3
Vacancy Formation Energy (Cell Structure Relaxation): -9.19166625014 Size:  3
Vacancy Formation Energy (Cell Structure Relaxation): -9.19166630032 Size:  3
Vacancy Formation Energy (Cell Structure Relaxation): -9.19166630114 Size:  3
Vacancy Formation Energy (Cell Structure Relaxation): -9.19166629475 Size:  3
Vacancy Formation Energy (Cell Structure Relaxation): -9.19166629379 Size:  3
Vacancy Formation Energy (Cell Structure Relaxation): -9.19166631594 Size:  3
Vacancy Formation Energy (Cell Structure Relaxation): -9.19166628789 Size:  3
Vacancy Formation Energy (Cell Structure Relaxation): -9.19166631537 Size:  3
Vacancy Formation Energy (Cell Structure Relaxation): -9.19166630453 Size:  3
Vacancy Formation Energy (Cell Structure Relaxation): -9.19166630291 Size:  3
Vacancy Formation Energy (Cell Structure Relaxation): -9.19166626285 Size:  3
Vacancy Formation Energy (Cell Structure Relaxation): -9.19166632037 Size:  3
Vacancy Formation Energy (Cell Structure Relaxation): -9.19166626939 Size:  3
Vacancy Formation Energy (Cell Structure Relaxation): -9.19166631928 Size:  3
Vacancy Formation Energy (Cell Structure Relaxation): -9.19166629804 Size:  3
Vacancy Formation Energy (Cell Structure Relaxation): -9.19166631711 Size:  3
Vacancy Formation Energy (Cell Structure Relaxation): -9.1916662901 Size:  3
Vacancy Formation Energy (Cell Structure Relaxation): -9.19166631785 Size:  3
Vacancy Formation Energy (Cell Structure Relaxation): -9.19166631794 Size:  3
Vacancy Formation Energy (Cell Structure Relaxation): -9.19166632784 Size:  3
Vacancy Formation Energy (Cell Structure Relaxation): -9.19166632729 Size:  3
Vacancy Formation Energy (Cell Structure Relaxation): -9.19166631846 Size:  3
Vacancy Formation Energy (Cell Structure Relaxation): -9.1916663201 Size:  3
Vacancy Formation Energy (Cell Structure Relaxation): -9.19166632161 Size:  3
Vacancy Formation Energy (Cell Structure Relaxation): -9.1916663233 Size:  3
Vacancy Formation Energy (Cell Structure Relaxation): -9.19166632281 Size:  3
Vacancy Formation Energy (Cell Structure Relaxation): -9.19166631347 Size:  3
Vacancy Formation Energy (Cell Structure Relaxation): -9.19166632597 Size:  3
Vacancy Formation Energy (Cell Structure Relaxation): -9.19166631886 Size:  3
Vacancy Formation Energy (Cell Structure Relaxation): -9.19166632577 Size:  3
Vacancy Formation Energy (Cell Structure Relaxation): -9.19166632549 Size:  3
Vacancy Formation Energy (Cell Structure Relaxation): -9.19166632305 Size:  3
Vacancy Formation Energy (Cell Structure Relaxation): -9.1916663219 Size:  3
Vacancy Formation Energy (Cell Structure Relaxation): -9.19166632716 Size:  3
Vacancy Formation Energy (Cell Structure Relaxation): -9.19166632219 Size:  3
Vacancy Formation Energy (Cell Structure Relaxation): -9.19166632726 Size:  3
Vacancy Formation Energy (Cell Structure Relaxation): -9.19166631779 Size:  3
Vacancy Formation Energy (Cell Structure Relaxation): -9.19166632772 Size:  3
Vacancy Formation Energy (Cell Structure Relaxation): -9.19166631901 Size:  3
Vacancy Formation Energy (Cell Structure Relaxation): -9.19166632825 Size:  3
Vacancy Formation Energy (Cell Structure Relaxation): -9.19166632501 Size:  3
Vacancy Formation Energy (Cell Structure Relaxation): -9.19166632776 Size:  3
Vacancy Formation Energy (Cell Structure Relaxation): -9.19166632832 Size:  3
Vacancy Formation Energy (Cell Structure Relaxation): -9.19166632542 Size:  3
Vacancy Formation Energy (Cell Structure Relaxation): -9.19166632804 Size:  3
Vacancy Formation Energy (Cell Structure Relaxation): -9.19166632838 Size:  3
Vacancy Formation Energy (Cell Structure Relaxation): -9.19166632578 Size:  3
Vacancy Formation Energy (Cell Structure Relaxation): -9.19166632794 Size:  3
Vacancy Formation Energy (Cell Structure Relaxation): -9.19166632933 Size:  3
Vacancy Formation Energy (Cell Structure Relaxation): -9.19166632849 Size:  3
Vacancy Formation Energy (Cell Structure Relaxation): -9.19166632953 Size:  3
Vacancy Formation Energy (Cell Structure Relaxation): -9.19166632846 Size:  3
Vacancy Formation Energy (Cell Structure Relaxation): -9.19166632859 Size:  3
Vacancy Formation Energy (Cell Structure Relaxation): -9.19166632862 Size:  3
Vacancy Formation Energy (Cell Structure Relaxation): -9.19166632737 Size:  3
Vacancy Formation Energy (Cell Structure Relaxation): -9.19166632936 Size:  3
Vacancy Formation Energy (Cell Structure Relaxation): -9.19166632792 Size:  3
Vacancy Formation Energy (Cell Structure Relaxation): -9.19166632934 Size:  3
Vacancy Formation Energy (Cell Structure Relaxation): -9.19166632938 Size:  3
Vacancy Formation Energy (Cell Structure Relaxation): -9.19166632717 Size:  3
Vacancy Formation Energy (Cell Structure Relaxation): -9.19166632959 Size:  3
Vacancy Formation Energy (Cell Structure Relaxation): -9.19166632869 Size:  3
Vacancy Formation Energy (Cell Structure Relaxation): -9.1916663295 Size:  3
Vacancy Formation Energy (Cell Structure Relaxation): -9.1916663295 Size:  3
Vacancy Formation Energy (Cell Structure Relaxation): -9.19166632915 Size:  3
Vacancy Formation Energy (Cell Structure Relaxation): -9.19166632969 Size:  3
Vacancy Formation Energy (Cell Structure Relaxation): -9.1916663295 Size:  3
Vacancy Formation Energy (Cell Structure Relaxation): -9.19166632891 Size:  3
Vacancy Formation Energy (Cell Structure Relaxation): -9.19166632974 Size:  3
Vacancy Formation Energy (Cell Structure Relaxation): -9.19166632924 Size:  3
Vacancy Formation Energy (Cell Structure Relaxation): -9.19166632974 Size:  3
Vacancy Formation Energy (Cell Structure Relaxation): -9.19166632939 Size:  3
Vacancy Formation Energy (Cell Structure Relaxation): -9.19166632973 Size:  3
Vacancy Formation Energy (Cell Structure Relaxation): -9.19166632971 Size:  3
Vacancy Formation Energy (Cell Structure Relaxation): -9.19166632943 Size:  3
Vacancy Formation Energy (Cell Structure Relaxation): -9.19166632976 Size:  3
Vacancy Formation Energy (Cell Structure Relaxation): -9.19166632954 Size:  3
Vacancy Formation Energy (Cell Structure Relaxation): -9.19166632977 Size:  3
Vacancy Formation Energy (Cell Structure Relaxation): -9.19166632967 Size:  3
Vacancy Formation Energy (Cell Structure Relaxation): -9.1916663298 Size:  3
Vacancy Formation Energy (Cell Structure Relaxation): -9.19166632951 Size:  3
Vacancy Formation Energy (Cell Structure Relaxation): -9.19166632982 Size:  3
Vacancy Formation Energy (Cell Structure Relaxation): -9.19166632968 Size:  3
Vacancy Formation Energy (Cell Structure Relaxation): -9.1916663298 Size:  3
Vacancy Formation Energy (Cell Structure Relaxation): -9.19166632962 Size:  3
Vacancy Formation Energy (Cell Structure Relaxation): -9.19166632981 Size:  3
Vacancy Formation Energy (Cell Structure Relaxation): -9.1916663298 Size:  3
Vacancy Formation Energy (Cell Structure Relaxation): -9.19166632976 Size:  3
Vacancy Formation Energy (Cell Structure Relaxation): -9.19166632981 Size:  3
Vacancy Formation Energy (Cell Structure Relaxation): -9.19166632978 Size:  3
Vacancy Formation Energy (Cell Structure Relaxation): -9.19166632982 Size:  3
Optimization terminated successfully.
         Current function value: -9.191666
         Iterations: 691
         Function evaluations: 1095
Summary:
Vacancy Formation Energy: -9.19166632982
Unrelaxed Cell Volume: 555.822927153
Relaxed Cell Volume: 440.276381992
Relaxation Volume: 115.546545161
Relaxed Cell Vector:
[ 6.99374147 -0.38213049  8.4057379  -0.71955352  0.81697606  7.48927833]
Unrelaxed Cell Vector:
[8.2220254930499994, 0.0, 8.2220254930499994, 0.0, 0.0, 8.2220254930499994]
Relaxed Cell:
[[ 6.99374147  0.          0.        ]
 [-0.38213049  8.4057379   0.        ]
 [-0.71955352  0.81697606  7.48927833]]
Unrelaxed Cell:
[[ 8.22202549  0.          0.        ]
 [ 0.          8.22202549  0.        ]
 [ 0.          0.          8.22202549]]
Vacancy Formation Energy < 0
Crystal Collapsed.
