Imported bulk from ase.lattice
Parameters Input: Si fcc Three_Body_Stillinger_Weber_Balamane_Si__MO_113686039439_001 [4.14658190704]
CELL_SIZE_MIN: 4
CELL_SIZE_MAX: 6
Smallest System Size: 256
Largest System Size: 864
Model Cutoff: 3.77118

[Calculation]

Supercell Size: 4
Unrelaxed Cell:
[[ 16.58632763   0.           0.        ]
 [  0.          16.58632763   0.        ]
 [  0.           0.          16.58632763]]
Unrelaxed Cell Vector:
[16.586327628159999, 0.0, 16.586327628159999, 0.0, 0.0, 16.586327628159999]
==========
Loop: 0
Position Relaxation...
FIRE:   0  16:28:26    -1071.143811       0.9738
FIRE:   1  16:28:26    -1071.258307       0.8619
FIRE:   2  16:28:26    -1071.440747       0.6514
FIRE:   3  16:28:26    -1071.624661       0.3724
FIRE:   4  16:28:26    -1071.762378       0.3492
FIRE:   5  16:28:26    -1071.848406       0.3413
FIRE:   6  16:28:26    -1071.902614       0.2992
FIRE:   7  16:28:26    -1071.938414       0.3142
FIRE:   8  16:28:26    -1071.957892       0.2309
FIRE:   9  16:28:26    -1071.964898       0.2243
FIRE:  10  16:28:26    -1071.977824       0.2112
FIRE:  11  16:28:26    -1071.994721       0.1917
FIRE:  12  16:28:26    -1072.013159       0.1657
FIRE:  13  16:28:26    -1072.030690       0.1334
FIRE:  14  16:28:26    -1072.045281       0.0950
FIRE:  15  16:28:26    -1072.055618       0.0574
FIRE:  16  16:28:26    -1072.061604       0.0437
FIRE:  17  16:28:26    -1072.062447       0.0543
FIRE:  18  16:28:26    -1072.062627       0.0538
FIRE:  19  16:28:26    -1072.062977       0.0527
FIRE:  20  16:28:26    -1072.063477       0.0510
FIRE:  21  16:28:26    -1072.064097       0.0488
FIRE:  22  16:28:26    -1072.064804       0.0460
FIRE:  23  16:28:26    -1072.065560       0.0427
FIRE:  24  16:28:26    -1072.066328       0.0388
FIRE:  25  16:28:26    -1072.067146       0.0339
FIRE:  26  16:28:26    -1072.067969       0.0278
FIRE:  27  16:28:26    -1072.068738       0.0235
FIRE:  28  16:28:26    -1072.069398       0.0228
FIRE:  29  16:28:26    -1072.069931       0.0221
FIRE:  30  16:28:26    -1072.070375       0.0213
FIRE:  31  16:28:26    -1072.070825       0.0201
FIRE:  32  16:28:26    -1072.071394       0.0229
FIRE:  33  16:28:26    -1072.072157       0.0250
FIRE:  34  16:28:26    -1072.073077       0.0217
FIRE:  35  16:28:26    -1072.073956       0.0129
FIRE:  36  16:28:26    -1072.074489       0.0113
FIRE:  37  16:28:26    -1072.074561       0.0149
FIRE:  38  16:28:26    -1072.074598       0.0140
FIRE:  39  16:28:26    -1072.074666       0.0123
FIRE:  40  16:28:26    -1072.074753       0.0100
FIRE:  41  16:28:26    -1072.074844       0.0085
FIRE:  42  16:28:26    -1072.074924       0.0069
FIRE:  43  16:28:26    -1072.074986       0.0054
FIRE:  44  16:28:26    -1072.075025       0.0047
FIRE:  45  16:28:26    -1072.075048       0.0052
FIRE:  46  16:28:27    -1072.075060       0.0067
FIRE:  47  16:28:27    -1072.075072       0.0070
FIRE:  48  16:28:27    -1072.075094       0.0062
FIRE:  49  16:28:27    -1072.075125       0.0043
Steps Limit Exceeded. Structure Maybe Unstable.
Relaxation Completed. Steps: 50
Cell Size Relaxation...
Optimization terminated successfully.
         Current function value: -29.210893
         Iterations: 650
         Function evaluations: 1107
Current VFE: -29.2108934841
Energy of Supercell: -1076.96722474
Unrelaxed Cell Volume: 4563.00263039
Current Relaxed Cell Volume: 4365.60469202
Current Relaxation Volume: 197.397938372
Current Cell:
[[  1.29847982e+01   0.00000000e+00   0.00000000e+00]
 [ -2.21995043e-03   1.83360097e+01   0.00000000e+00]
 [  2.44960311e-03   1.35963307e-04   1.83359904e+01]]
==========
Loop: 1
Position Relaxation...
FIRE:   0  16:28:37    -1101.971215       1.2813
FIRE:   1  16:28:37    -1102.180770       1.0184
FIRE:   2  16:28:37    -1102.466327       0.7038
FIRE:   3  16:28:37    -1102.687764       0.6979
FIRE:   4  16:28:37    -1102.812281       0.6105
FIRE:   5  16:28:37    -1102.873259       0.4965
FIRE:   6  16:28:37    -1102.885003       0.4242
FIRE:   7  16:28:37    -1102.893824       0.4120
FIRE:   8  16:28:37    -1102.910130       0.3881
FIRE:   9  16:28:37    -1102.931502       0.3529
FIRE:  10  16:28:37    -1102.954880       0.3075
FIRE:  11  16:28:37    -1102.977133       0.2534
FIRE:  12  16:28:37    -1102.995635       0.1927
FIRE:  13  16:28:37    -1103.008776       0.1286
FIRE:  14  16:28:37    -1103.016808       0.0930
FIRE:  15  16:28:37    -1103.019563       0.1553
FIRE:  16  16:28:37    -1103.019948       0.1528
FIRE:  17  16:28:37    -1103.020695       0.1477
FIRE:  18  16:28:37    -1103.021760       0.1403
FIRE:  19  16:28:37    -1103.023080       0.1306
FIRE:  20  16:28:37    -1103.024584       0.1190
FIRE:  21  16:28:37    -1103.026188       0.1056
FIRE:  22  16:28:37    -1103.027816       0.0909
FIRE:  23  16:28:37    -1103.029555       0.0735
FIRE:  24  16:28:37    -1103.031314       0.0655
FIRE:  25  16:28:37    -1103.032986       0.0727
FIRE:  26  16:28:37    -1103.034491       0.0791
FIRE:  27  16:28:37    -1103.035823       0.0837
FIRE:  28  16:28:37    -1103.037080       0.0852
FIRE:  29  16:28:37    -1103.038424       0.0826
FIRE:  30  16:28:37    -1103.039993       0.0752
FIRE:  31  16:28:37    -1103.041772       0.0627
FIRE:  32  16:28:37    -1103.043498       0.0456
FIRE:  33  16:28:37    -1103.044678       0.0254
FIRE:  34  16:28:37    -1103.044859       0.0285
FIRE:  35  16:28:37    -1103.044897       0.0276
FIRE:  36  16:28:37    -1103.044967       0.0258
FIRE:  37  16:28:37    -1103.045057       0.0233
FIRE:  38  16:28:37    -1103.045152       0.0201
FIRE:  39  16:28:37    -1103.045239       0.0165
FIRE:  40  16:28:38    -1103.045306       0.0126
FIRE:  41  16:28:38    -1103.045350       0.0122
FIRE:  42  16:28:38    -1103.045377       0.0127
FIRE:  43  16:28:38    -1103.045394       0.0125
FIRE:  44  16:28:38    -1103.045413       0.0126
FIRE:  45  16:28:38    -1103.045442       0.0119
FIRE:  46  16:28:38    -1103.045482       0.0091
FIRE:  47  16:28:38    -1103.045516       0.0058
FIRE:  48  16:28:38    -1103.045527       0.0047
FIRE:  49  16:28:38    -1103.045529       0.0045
Steps Limit Exceeded. Structure Maybe Unstable.
Relaxation Completed. Steps: 50
Cell Size Relaxation...
Optimization terminated successfully.
         Current function value: -30.288531
         Iterations: 512
         Function evaluations: 898
Current VFE: -30.2885305155
Energy of Supercell: -1076.96722474
Unrelaxed Cell Volume: 4563.00263039
Current Relaxed Cell Volume: 4365.99201303
Current Relaxation Volume: 197.010617364
Current Cell:
[[  1.29745529e+01   0.00000000e+00   0.00000000e+00]
 [ -5.97824457e-05   1.83440517e+01   0.00000000e+00]
 [  6.99594493e-05   2.38885671e-04   1.83440519e+01]]
==========
Loop: 2
Position Relaxation...
FIRE:   0  16:28:46    -1103.048852       0.0046
FIRE:   1  16:28:46    -1103.048864       0.0040
FIRE:   2  16:28:46    -1103.048880       0.0030
FIRE:   3  16:28:46    -1103.048892       0.0024
FIRE:   4  16:28:46    -1103.048900       0.0030
FIRE:   5  16:28:46    -1103.048906       0.0033
FIRE:   6  16:28:46    -1103.048912       0.0033
FIRE:   7  16:28:46    -1103.048916       0.0032
FIRE:   8  16:28:46    -1103.048919       0.0029
FIRE:   9  16:28:46    -1103.048919       0.0029
FIRE:  10  16:28:46    -1103.048921       0.0028
FIRE:  11  16:28:46    -1103.048922       0.0028
FIRE:  12  16:28:46    -1103.048924       0.0027
FIRE:  13  16:28:46    -1103.048925       0.0027
FIRE:  14  16:28:46    -1103.048926       0.0025
FIRE:  15  16:28:46    -1103.048927       0.0023
FIRE:  16  16:28:46    -1103.048928       0.0020
FIRE:  17  16:28:46    -1103.048929       0.0017
FIRE:  18  16:28:46    -1103.048930       0.0012
FIRE:  19  16:28:46    -1103.048930       0.0007
Relaxation Completed. Steps: 19
Cell Size Relaxation...
Optimization terminated successfully.
         Current function value: -30.288609
         Iterations: 308
         Function evaluations: 583
Current VFE: -30.2886088588
Energy of Supercell: -1076.96722474
Unrelaxed Cell Volume: 4563.00263039
Current Relaxed Cell Volume: 4366.00374211
Current Relaxation Volume: 196.998888284
Current Cell:
[[  1.29745214e+01   0.00000000e+00   0.00000000e+00]
 [ -8.89849879e-05   1.83440988e+01   0.00000000e+00]
 [  2.64859910e-05   7.59812920e-06   1.83440985e+01]]
==========
Loop: 3
Position Relaxation...
FIRE:   0  16:28:52    -1103.048930       0.0008
Relaxation Completed. Steps: 0
Cell Size Relaxation...
Optimization terminated successfully.
         Current function value: -30.288609
         Iterations: 236
         Function evaluations: 469
FIRE:   0  16:28:56    -1103.048930       0.0008
FIRE:   1  16:28:56    -1103.048931       0.0007
FIRE:   2  16:28:56    -1103.048931       0.0008
FIRE:   3  16:28:56    -1103.048932       0.0008
FIRE:   4  16:28:56    -1103.048932       0.0008
FIRE:   5  16:28:56    -1103.048932       0.0008
FIRE:   6  16:28:56    -1103.048932       0.0008
FIRE:   7  16:28:56    -1103.048932       0.0007
FIRE:   8  16:28:56    -1103.048933       0.0006
FIRE:   9  16:28:56    -1103.048933       0.0005
FIRE:  10  16:28:56    -1103.048933       0.0003
FIRE:  11  16:28:56    -1103.048933       0.0003
FIRE:  12  16:28:56    -1103.048933       0.0003
FIRE:  13  16:28:56    -1103.048933       0.0003
FIRE:  14  16:28:56    -1103.048933       0.0002
FIRE:  15  16:28:56    -1103.048933       0.0001
FIRE:  16  16:28:56    -1103.048933       0.0002
FIRE:  17  16:28:56    -1103.048934       0.0002
FIRE:  18  16:28:56    -1103.048934       0.0002
FIRE:  19  16:28:56    -1103.048934       0.0002
Optimization terminated successfully.
         Current function value: -30.288612
         Iterations: 266
         Function evaluations: 561
---------------
Calculation Completed.
Number Of Atoms in Supercell: 256
Vacancy Formation Energy: -30.2886120809
Unrelaxed Cell Volume: 4563.00263039
Relaxed Cell Volume: 4366.00374211
Relaxation Volume: 196.998888284
Relaxed Cell Vector:
[12.974516488764662, -8.544210239629943e-06, 18.344105983675497, 1.0323826615541562e-05, 1.160133085527567e-05, 18.344105596518055]
Unrelaxed Cell Vector:
[16.586327628159999, 0.0, 16.586327628159999, 0.0, 0.0, 16.586327628159999]
Relaxed Cell:
[[  1.29745165e+01   0.00000000e+00   0.00000000e+00]
 [ -8.54421024e-06   1.83441060e+01   0.00000000e+00]
 [  1.03238266e-05   1.16013309e-05   1.83441056e+01]]
Unrelaxed Cell:
[[ 16.58632763   0.           0.        ]
 [  0.          16.58632763   0.        ]
 [  0.           0.          16.58632763]]

Supercell Size: 5
Unrelaxed Cell:
[[ 20.73290954   0.           0.        ]
 [  0.          20.73290954   0.        ]
 [  0.           0.          20.73290954]]
Unrelaxed Cell Vector:
[20.732909535200001, 0.0, 20.732909535200001, 0.0, 0.0, 20.732909535200001]
==========
Loop: 0
Position Relaxation...
FIRE:   0  16:29:02    -2097.628198       0.9738
FIRE:   1  16:29:02    -2097.742693       0.8619
FIRE:   2  16:29:02    -2097.925139       0.6514
FIRE:   3  16:29:02    -2098.109132       0.3724
FIRE:   4  16:29:02    -2098.247432       0.3501
FIRE:   5  16:29:02    -2098.336010       0.3403
FIRE:   6  16:29:02    -2098.397633       0.2980
FIRE:   7  16:29:02    -2098.449055       0.3144
FIRE:   8  16:29:02    -2098.496842       0.2296
FIRE:   9  16:29:02    -2098.534454       0.1879
FIRE:  10  16:29:02    -2098.564302       0.1891
FIRE:  11  16:29:02    -2098.574981       0.1776
FIRE:  12  16:29:02    -2098.593851       0.1556
FIRE:  13  16:29:02    -2098.616762       0.1251
FIRE:  14  16:29:02    -2098.639271       0.0891
FIRE:  15  16:29:02    -2098.658050       0.1021
FIRE:  16  16:29:02    -2098.671784       0.1127
FIRE:  17  16:29:02    -2098.681021       0.1042
FIRE:  18  16:29:02    -2098.687427       0.1065
FIRE:  19  16:29:02    -2098.690854       0.1132
FIRE:  20  16:29:02    -2098.691295       0.1101
FIRE:  21  16:29:02    -2098.692136       0.1041
FIRE:  22  16:29:02    -2098.693298       0.0954
FIRE:  23  16:29:02    -2098.694675       0.0843
FIRE:  24  16:29:02    -2098.696149       0.0713
FIRE:  25  16:29:02    -2098.697604       0.0569
FIRE:  26  16:29:02    -2098.698944       0.0420
FIRE:  27  16:29:02    -2098.700216       0.0256
FIRE:  28  16:29:02    -2098.701341       0.0286
FIRE:  29  16:29:02    -2098.702308       0.0325
FIRE:  30  16:29:02    -2098.703211       0.0329
FIRE:  31  16:29:03    -2098.704216       0.0289
FIRE:  32  16:29:03    -2098.705483       0.0239
FIRE:  33  16:29:03    -2098.707062       0.0237
FIRE:  34  16:29:03    -2098.708838       0.0252
FIRE:  35  16:29:03    -2098.710613       0.0249
FIRE:  36  16:29:03    -2098.712340       0.0294
FIRE:  37  16:29:03    -2098.714171       0.0243
FIRE:  38  16:29:03    -2098.716040       0.0199
FIRE:  39  16:29:03    -2098.717386       0.0156
FIRE:  40  16:29:03    -2098.718020       0.0275
FIRE:  41  16:29:03    -2098.718634       0.0195
FIRE:  42  16:29:03    -2098.719204       0.0140
FIRE:  43  16:29:03    -2098.719300       0.0129
FIRE:  44  16:29:03    -2098.719455       0.0108
FIRE:  45  16:29:03    -2098.719616       0.0081
FIRE:  46  16:29:03    -2098.719749       0.0051
FIRE:  47  16:29:03    -2098.719849       0.0058
FIRE:  48  16:29:03    -2098.719938       0.0065
FIRE:  49  16:29:03    -2098.720028       0.0061
Steps Limit Exceeded. Structure Maybe Unstable.
Relaxation Completed. Steps: 50
Cell Size Relaxation...
Optimization terminated successfully.
         Current function value: -58.449456
         Iterations: 689
         Function evaluations: 1180
Current VFE: -58.4494560843
Energy of Supercell: -2103.45161082
Unrelaxed Cell Volume: 8912.11451248
Current Relaxed Cell Volume: 8533.85394793
Current Relaxation Volume: 378.260564557
Current Cell:
[[  2.29289571e+01   0.00000000e+00   0.00000000e+00]
 [ -1.60498069e-04   2.29289574e+01   0.00000000e+00]
 [ -4.47580452e-05  -2.21881834e-05   1.62321705e+01]]
==========
Loop: 1
Position Relaxation...
FIRE:   0  16:29:24    -2157.694164       1.4703
FIRE:   1  16:29:24    -2158.039519       1.1685
FIRE:   2  16:29:24    -2158.526351       0.7519
FIRE:   3  16:29:24    -2158.930029       0.7717
FIRE:   4  16:29:24    -2159.173457       0.7108
FIRE:   5  16:29:24    -2159.289547       0.5653
FIRE:   6  16:29:24    -2159.310034       0.4622
FIRE:   7  16:29:24    -2159.324765       0.4485
FIRE:   8  16:29:24    -2159.352143       0.4215
FIRE:   9  16:29:24    -2159.388381       0.3818
FIRE:  10  16:29:25    -2159.428683       0.3305
FIRE:  11  16:29:25    -2159.468100       0.2693
FIRE:  12  16:29:25    -2159.502387       0.2091
FIRE:  13  16:29:25    -2159.528711       0.1809
FIRE:  14  16:29:25    -2159.547399       0.1365
FIRE:  15  16:29:25    -2159.556881       0.1763
FIRE:  16  16:29:25    -2159.558540       0.2155
FIRE:  17  16:29:25    -2159.559398       0.2110
FIRE:  18  16:29:25    -2159.561055       0.2022
FIRE:  19  16:29:25    -2159.563393       0.1892
FIRE:  20  16:29:25    -2159.566252       0.1726
FIRE:  21  16:29:25    -2159.569445       0.1527
FIRE:  22  16:29:25    -2159.572772       0.1303
FIRE:  23  16:29:25    -2159.576042       0.1060
FIRE:  24  16:29:25    -2159.579395       0.0780
FIRE:  25  16:29:25    -2159.582601       0.0805
FIRE:  26  16:29:25    -2159.585427       0.0926
FIRE:  27  16:29:25    -2159.587746       0.1013
FIRE:  28  16:29:25    -2159.589634       0.1041
FIRE:  29  16:29:25    -2159.591363       0.0995
FIRE:  30  16:29:25    -2159.593267       0.0868
FIRE:  31  16:29:25    -2159.595537       0.0725
FIRE:  32  16:29:25    -2159.598042       0.0511
FIRE:  33  16:29:25    -2159.600271       0.0360
FIRE:  34  16:29:25    -2159.601549       0.0240
FIRE:  35  16:29:25    -2159.601536       0.0379
FIRE:  36  16:29:25    -2159.601662       0.0364
FIRE:  37  16:29:25    -2159.601892       0.0334
FIRE:  38  16:29:25    -2159.602182       0.0292
FIRE:  39  16:29:26    -2159.602481       0.0250
FIRE:  40  16:29:26    -2159.602741       0.0201
FIRE:  41  16:29:26    -2159.602931       0.0147
FIRE:  42  16:29:26    -2159.603042       0.0101
FIRE:  43  16:29:26    -2159.603100       0.0155
FIRE:  44  16:29:26    -2159.603135       0.0189
FIRE:  45  16:29:26    -2159.603187       0.0195
FIRE:  46  16:29:26    -2159.603282       0.0167
FIRE:  47  16:29:26    -2159.603405       0.0105
FIRE:  48  16:29:26    -2159.603498       0.0056
FIRE:  49  16:29:26    -2159.603496       0.0089
Steps Limit Exceeded. Structure Maybe Unstable.
Relaxation Completed. Steps: 50
Cell Size Relaxation...
Optimization terminated successfully.
         Current function value: -60.363453
         Iterations: 183
         Function evaluations: 400
Current VFE: -60.36345269
Energy of Supercell: -2103.45161082
Unrelaxed Cell Volume: 8912.11451248
Current Relaxed Cell Volume: 8533.4863246
Current Relaxation Volume: 378.628187882
Current Cell:
[[  2.29366657e+01   0.00000000e+00   0.00000000e+00]
 [ -1.60055024e-04   2.29366658e+01   0.00000000e+00]
 [ -4.51356891e-05  -2.26152887e-05   1.62205631e+01]]
==========
Loop: 2
Position Relaxation...
FIRE:   0  16:29:33    -2159.608160       0.0081
FIRE:   1  16:29:33    -2159.608191       0.0075
FIRE:   2  16:29:33    -2159.608232       0.0077
FIRE:   3  16:29:33    -2159.608263       0.0075
FIRE:   4  16:29:33    -2159.608276       0.0066
FIRE:   5  16:29:33    -2159.608279       0.0046
FIRE:   6  16:29:33    -2159.608281       0.0045
FIRE:   7  16:29:33    -2159.608285       0.0043
FIRE:   8  16:29:33    -2159.608289       0.0039
FIRE:   9  16:29:33    -2159.608294       0.0034
FIRE:  10  16:29:33    -2159.608298       0.0029
FIRE:  11  16:29:33    -2159.608300       0.0024
FIRE:  12  16:29:33    -2159.608302       0.0020
FIRE:  13  16:29:33    -2159.608302       0.0022
FIRE:  14  16:29:34    -2159.608303       0.0022
FIRE:  15  16:29:34    -2159.608304       0.0022
FIRE:  16  16:29:34    -2159.608306       0.0020
FIRE:  17  16:29:34    -2159.608309       0.0014
FIRE:  18  16:29:34    -2159.608312       0.0011
FIRE:  19  16:29:34    -2159.608313       0.0016
FIRE:  20  16:29:34    -2159.608313       0.0015
FIRE:  21  16:29:34    -2159.608314       0.0014
FIRE:  22  16:29:34    -2159.608314       0.0012
FIRE:  23  16:29:34    -2159.608314       0.0010
Relaxation Completed. Steps: 23
Cell Size Relaxation...
Optimization terminated successfully.
         Current function value: -60.363607
         Iterations: 249
         Function evaluations: 487
Current VFE: -60.3636068114
Energy of Supercell: -2103.45161082
Unrelaxed Cell Volume: 8912.11451248
Current Relaxed Cell Volume: 8533.49247034
Current Relaxation Volume: 378.622042146
Current Cell:
[[  2.29367078e+01   0.00000000e+00   0.00000000e+00]
 [ -5.03184045e-06   2.29367065e+01   0.00000000e+00]
 [ -7.41539561e-06  -3.95459310e-05   1.62205162e+01]]
==========
Loop: 3
Position Relaxation...
FIRE:   0  16:29:43    -2159.608314       0.0010
Relaxation Completed. Steps: 0
Cell Size Relaxation...
Optimization terminated successfully.
         Current function value: -60.363607
         Iterations: 167
         Function evaluations: 360
FIRE:   0  16:29:49    -2159.608314       0.0010
FIRE:   1  16:29:49    -2159.608315       0.0008
FIRE:   2  16:29:49    -2159.608315       0.0006
FIRE:   3  16:29:49    -2159.608315       0.0003
FIRE:   4  16:29:49    -2159.608316       0.0003
FIRE:   5  16:29:49    -2159.608316       0.0004
FIRE:   6  16:29:49    -2159.608316       0.0004
FIRE:   7  16:29:49    -2159.608316       0.0003
FIRE:   8  16:29:49    -2159.608317       0.0002
FIRE:   9  16:29:49    -2159.608317       0.0003
FIRE:  10  16:29:49    -2159.608317       0.0003
FIRE:  11  16:29:49    -2159.608317       0.0002
FIRE:  12  16:29:49    -2159.608317       0.0002
FIRE:  13  16:29:49    -2159.608317       0.0002
FIRE:  14  16:29:49    -2159.608317       0.0001
FIRE:  15  16:29:50    -2159.608317       0.0001
FIRE:  16  16:29:50    -2159.608317       0.0001
FIRE:  17  16:29:50    -2159.608317       0.0001
FIRE:  18  16:29:50    -2159.608317       0.0001
FIRE:  19  16:29:50    -2159.608317       0.0001
Optimization terminated successfully.
         Current function value: -60.363610
         Iterations: 222
         Function evaluations: 498
---------------
Calculation Completed.
Number Of Atoms in Supercell: 500
Vacancy Formation Energy: -60.3636097746
Unrelaxed Cell Volume: 8912.11451248
Relaxed Cell Volume: 8533.49247034
Relaxation Volume: 378.622042146
Relaxed Cell Vector:
[22.93670586323973, -7.588439069365426e-06, 22.936706441436485, -7.922438658817066e-06, -9.910839532365812e-07, 16.2205126942037]
Unrelaxed Cell Vector:
[20.732909535200001, 0.0, 20.732909535200001, 0.0, 0.0, 20.732909535200001]
Relaxed Cell:
[[  2.29367059e+01   0.00000000e+00   0.00000000e+00]
 [ -7.58843907e-06   2.29367064e+01   0.00000000e+00]
 [ -7.92243866e-06  -9.91083953e-07   1.62205127e+01]]
Unrelaxed Cell:
[[ 20.73290954   0.           0.        ]
 [  0.          20.73290954   0.        ]
 [  0.           0.          20.73290954]]

Supercell Size: 6
Unrelaxed Cell:
[[ 24.87949144   0.           0.        ]
 [  0.          24.87949144   0.        ]
 [  0.           0.          24.87949144]]
Unrelaxed Cell Vector:
[24.879491442239999, 0.0, 24.879491442239999, 0.0, 0.0, 24.879491442239999]
==========
Loop: 0
Position Relaxation...
FIRE:   0  16:29:59    -3628.940970       0.9738
FIRE:   1  16:29:59    -3629.055465       0.8619
FIRE:   2  16:29:59    -3629.237911       0.6514
FIRE:   3  16:29:59    -3629.421906       0.3724
FIRE:   4  16:29:59    -3629.560220       0.3501
FIRE:   5  16:29:59    -3629.648919       0.3402
FIRE:   6  16:29:59    -3629.711129       0.2980
FIRE:   7  16:29:59    -3629.764470       0.3148
FIRE:   8  16:29:59    -3629.817550       0.2304
FIRE:   9  16:29:59    -3629.866536       0.1849
FIRE:  10  16:29:59    -3629.915524       0.1834
FIRE:  11  16:29:59    -3629.968776       0.1606
FIRE:  12  16:29:59    -3630.023163       0.1116
FIRE:  13  16:29:59    -3630.073984       0.1081
FIRE:  14  16:29:59    -3630.101264       0.1276
FIRE:  15  16:29:59    -3630.114085       0.1027
FIRE:  16  16:29:59    -3630.133464       0.0587
FIRE:  17  16:29:59    -3630.151357       0.0362
FIRE:  18  16:30:00    -3630.163222       0.0388
FIRE:  19  16:30:00    -3630.169509       0.0650
FIRE:  20  16:30:00    -3630.172629       0.0685
FIRE:  21  16:30:00    -3630.173328       0.0659
FIRE:  22  16:30:00    -3630.174634       0.0607
FIRE:  23  16:30:00    -3630.176382       0.0532
FIRE:  24  16:30:00    -3630.178362       0.0436
FIRE:  25  16:30:00    -3630.180356       0.0324
FIRE:  26  16:30:00    -3630.182182       0.0260
FIRE:  27  16:30:00    -3630.183734       0.0225
FIRE:  28  16:30:00    -3630.185123       0.0204
FIRE:  29  16:30:00    -3630.186387       0.0238
FIRE:  30  16:30:00    -3630.187694       0.0277
FIRE:  31  16:30:00    -3630.189279       0.0329
FIRE:  32  16:30:00    -3630.191312       0.0321
FIRE:  33  16:30:00    -3630.193777       0.0244
FIRE:  34  16:30:00    -3630.196450       0.0196
FIRE:  35  16:30:00    -3630.199103       0.0240
FIRE:  36  16:30:00    -3630.201800       0.0298
FIRE:  37  16:30:00    -3630.204804       0.0239
FIRE:  38  16:30:00    -3630.208018       0.0168
FIRE:  39  16:30:01    -3630.211063       0.0176
FIRE:  40  16:30:01    -3630.214451       0.0229
FIRE:  41  16:30:01    -3630.218735       0.0129
FIRE:  42  16:30:01    -3630.222739       0.0173
FIRE:  43  16:30:01    -3630.226624       0.0168
FIRE:  44  16:30:01    -3630.230716       0.0134
FIRE:  45  16:30:01    -3630.234260       0.0167
FIRE:  46  16:30:01    -3630.237028       0.0106
FIRE:  47  16:30:01    -3630.238766       0.0205
FIRE:  48  16:30:01    -3630.239866       0.0056
FIRE:  49  16:30:01    -3630.239548       0.0146
Steps Limit Exceeded. Structure Maybe Unstable.
Relaxation Completed. Steps: 50
Cell Size Relaxation...
Optimization terminated successfully.
         Current function value: -100.562485
         Iterations: 436
         Function evaluations: 789
Current VFE: -100.562484592
Energy of Supercell: -3634.7643835
Unrelaxed Cell Volume: 15400.1338776
Current Relaxed Cell Volume: 14753.6421828
Current Relaxation Volume: 646.491694756
Current Cell:
[[  1.94838924e+01   0.00000000e+00   0.00000000e+00]
 [  1.81778951e-03   2.75176773e+01   0.00000000e+00]
 [ -1.44377151e-03   1.90983568e-03   2.75176758e+01]]
==========
Loop: 1
Position Relaxation...
FIRE:   0  16:30:25    -3731.119965       1.6695
FIRE:   1  16:30:26    -3731.856529       1.3215
FIRE:   2  16:30:26    -3732.944580       0.9151
FIRE:   3  16:30:26    -3733.873930       0.9041
FIRE:   4  16:30:26    -3734.511570       0.8264
FIRE:   5  16:30:26    -3734.932166       0.6985
FIRE:   6  16:30:26    -3735.141672       0.5366
FIRE:   7  16:30:26    -3735.161271       0.4301
FIRE:   8  16:30:26    -3735.185440       0.4042
FIRE:   9  16:30:26    -3735.229888       0.3548
FIRE:  10  16:30:26    -3735.287955       0.3084
FIRE:  11  16:30:26    -3735.352079       0.2864
FIRE:  12  16:30:26    -3735.415741       0.2777
FIRE:  13  16:30:26    -3735.474699       0.2648
FIRE:  14  16:30:26    -3735.526934       0.2463
FIRE:  15  16:30:26    -3735.575654       0.2178
FIRE:  16  16:30:26    -3735.616568       0.1751
FIRE:  17  16:30:27    -3735.644493       0.1479
FIRE:  18  16:30:27    -3735.658659       0.1847
FIRE:  19  16:30:27    -3735.666790       0.1779
FIRE:  20  16:30:27    -3735.669369       0.1720
FIRE:  21  16:30:27    -3735.674239       0.1606
FIRE:  22  16:30:27    -3735.680880       0.1442
FIRE:  23  16:30:27    -3735.688643       0.1236
FIRE:  24  16:30:27    -3735.696877       0.1002
FIRE:  25  16:30:27    -3735.705040       0.0868
FIRE:  26  16:30:27    -3735.712779       0.0875
FIRE:  27  16:30:27    -3735.720623       0.0826
FIRE:  28  16:30:27    -3735.728274       0.0690
FIRE:  29  16:30:27    -3735.735275       0.0464
FIRE:  30  16:30:27    -3735.740900       0.0480
FIRE:  31  16:30:27    -3735.744486       0.0529
FIRE:  32  16:30:27    -3735.746432       0.0648
FIRE:  33  16:30:27    -3735.748395       0.0821
FIRE:  34  16:30:28    -3735.751811       0.0771
FIRE:  35  16:30:28    -3735.756548       0.0515
FIRE:  36  16:30:28    -3735.761528       0.0458
FIRE:  37  16:30:28    -3735.765982       0.0480
FIRE:  38  16:30:28    -3735.767941       0.0606
FIRE:  39  16:30:28    -3735.768205       0.0582
FIRE:  40  16:30:28    -3735.768679       0.0537
FIRE:  41  16:30:28    -3735.769274       0.0473
FIRE:  42  16:30:28    -3735.769901       0.0394
FIRE:  43  16:30:28    -3735.770504       0.0305
FIRE:  44  16:30:28    -3735.771058       0.0215
FIRE:  45  16:30:28    -3735.771563       0.0130
FIRE:  46  16:30:28    -3735.772074       0.0112
FIRE:  47  16:30:28    -3735.772599       0.0133
FIRE:  48  16:30:28    -3735.773176       0.0136
FIRE:  49  16:30:28    -3735.773844       0.0112
Steps Limit Exceeded. Structure Maybe Unstable.
Relaxation Completed. Steps: 50
Cell Size Relaxation...
Optimization terminated successfully.
         Current function value: -105.231127
         Iterations: 291
         Function evaluations: 566
Current VFE: -105.231127128
Energy of Supercell: -3634.7643835
Unrelaxed Cell Volume: 15400.1338776
Current Relaxed Cell Volume: 14750.331071
Current Relaxation Volume: 649.802806573
Current Cell:
[[  1.94655629e+01   0.00000000e+00   0.00000000e+00]
 [  2.28872241e-03   2.75275380e+01   0.00000000e+00]
 [ -1.69671462e-03   9.09596637e-04   2.75275417e+01]]
==========
Loop: 2
Position Relaxation...
FIRE:   0  16:30:46    -3735.788607       0.0181
FIRE:   1  16:30:46    -3735.788714       0.0164
FIRE:   2  16:30:46    -3735.788894       0.0133
FIRE:   3  16:30:46    -3735.789112       0.0088
FIRE:   4  16:30:47    -3735.789351       0.0050
FIRE:   5  16:30:47    -3735.789609       0.0052
FIRE:   6  16:30:47    -3735.789885       0.0061
FIRE:   7  16:30:47    -3735.790187       0.0091
FIRE:   8  16:30:47    -3735.790561       0.0100
FIRE:   9  16:30:47    -3735.791013       0.0085
FIRE:  10  16:30:47    -3735.791519       0.0046
FIRE:  11  16:30:47    -3735.792052       0.0049
FIRE:  12  16:30:47    -3735.792603       0.0038
FIRE:  13  16:30:47    -3735.793147       0.0034
FIRE:  14  16:30:47    -3735.793634       0.0043
FIRE:  15  16:30:47    -3735.793989       0.0032
FIRE:  16  16:30:47    -3735.794115       0.0048
FIRE:  17  16:30:47    -3735.794162       0.0020
FIRE:  18  16:30:47    -3735.794164       0.0027
FIRE:  19  16:30:47    -3735.794168       0.0023
FIRE:  20  16:30:47    -3735.794174       0.0017
FIRE:  21  16:30:48    -3735.794178       0.0013
FIRE:  22  16:30:48    -3735.794179       0.0011
FIRE:  23  16:30:48    -3735.794179       0.0010
FIRE:  24  16:30:48    -3735.794180       0.0010
FIRE:  25  16:30:48    -3735.794180       0.0010
Relaxation Completed. Steps: 25
Cell Size Relaxation...
Optimization terminated successfully.
         Current function value: -105.236792
         Iterations: 550
         Function evaluations: 931
Current VFE: -105.236792279
Energy of Supercell: -3634.7643835
Unrelaxed Cell Volume: 15400.1338776
Current Relaxed Cell Volume: 14749.803247
Current Relaxation Volume: 650.330630543
Current Cell:
[[  1.94649886e+01   0.00000000e+00   0.00000000e+00]
 [  7.27136823e-05   2.75274513e+01   0.00000000e+00]
 [ -5.48059821e-05   4.91369816e-06   2.75274556e+01]]
==========
Loop: 3
Position Relaxation...
FIRE:   0  16:31:17    -3735.794273       0.0015
FIRE:   1  16:31:17    -3735.794274       0.0013
FIRE:   2  16:31:17    -3735.794275       0.0010
FIRE:   3  16:31:17    -3735.794277       0.0008
Relaxation Completed. Steps: 3
Cell Size Relaxation...
Optimization terminated successfully.
         Current function value: -105.236797
         Iterations: 176
         Function evaluations: 375
Current VFE: -105.236796942
Energy of Supercell: -3634.7643835
Unrelaxed Cell Volume: 15400.1338776
Current Relaxed Cell Volume: 14749.8003417
Current Relaxation Volume: 650.333535838
Current Cell:
[[  1.94649847e+01   0.00000000e+00   0.00000000e+00]
 [  6.10044507e-05   2.75274542e+01   0.00000000e+00]
 [ -4.95943916e-05   5.59736078e-06   2.75274528e+01]]
==========
Loop: 4
Position Relaxation...
FIRE:   0  16:31:29    -3735.794277       0.0008
Relaxation Completed. Steps: 0
Cell Size Relaxation...
Optimization terminated successfully.
         Current function value: -105.236797
         Iterations: 129
         Function evaluations: 311
FIRE:   0  16:31:39    -3735.794277       0.0008
FIRE:   1  16:31:39    -3735.794278       0.0007
FIRE:   2  16:31:39    -3735.794279       0.0007
FIRE:   3  16:31:39    -3735.794280       0.0007
FIRE:   4  16:31:39    -3735.794282       0.0007
FIRE:   5  16:31:39    -3735.794284       0.0006
FIRE:   6  16:31:39    -3735.794286       0.0006
FIRE:   7  16:31:39    -3735.794289       0.0006
FIRE:   8  16:31:39    -3735.794293       0.0006
FIRE:   9  16:31:39    -3735.794298       0.0007
FIRE:  10  16:31:39    -3735.794305       0.0008
FIRE:  11  16:31:39    -3735.794316       0.0009
FIRE:  12  16:31:39    -3735.794334       0.0011
FIRE:  13  16:31:39    -3735.794362       0.0013
FIRE:  14  16:31:40    -3735.794410       0.0017
FIRE:  15  16:31:40    -3735.794498       0.0021
FIRE:  16  16:31:40    -3735.794666       0.0028
FIRE:  17  16:31:40    -3735.795004       0.0038
FIRE:  18  16:31:40    -3735.795731       0.0053
FIRE:  19  16:31:40    -3735.797404       0.0078
Optimization terminated successfully.
         Current function value: -105.244057
         Iterations: 290
         Function evaluations: 599
---------------
Calculation Completed.
Number Of Atoms in Supercell: 864
Vacancy Formation Energy: -105.244056663
Unrelaxed Cell Volume: 15400.1338776
Relaxed Cell Volume: 14749.8003417
Relaxation Volume: 650.333535838
Relaxed Cell Vector:
[19.46493295549576, 0.00014665983727548944, 27.52745705860756, -0.00012285362533356572, -9.166030553340895e-06, 27.52739669192107]
Unrelaxed Cell Vector:
[24.879491442239999, 0.0, 24.879491442239999, 0.0, 0.0, 24.879491442239999]
Relaxed Cell:
[[  1.94649330e+01   0.00000000e+00   0.00000000e+00]
 [  1.46659837e-04   2.75274571e+01   0.00000000e+00]
 [ -1.22853625e-04  -9.16603055e-06   2.75273967e+01]]
Unrelaxed Cell:
[[ 24.87949144   0.           0.        ]
 [  0.          24.87949144   0.        ]
 [  0.           0.          24.87949144]]

[Calculation Results Summary]
Sizes: [4, 5, 6]
Formation Energy By Size:
[-30.288612080903704, -60.363609774551151, -105.24405666293524]
Relaxation Volume By Size:
[196.99888828393978, 378.62204214628218, 650.33353583759526]

[Extrapolation]
Fitting with 2 points, including orders [0, 3]
Fit with data beginning 0

Fit with Size: [4 5]
Orders: [0, 3]
Matrix A (Ax = y):
[[ 1.        0.015625]
 [ 1.        0.008   ]]
Data for Fitting: [-30.28861208 -60.36360977]
Fitting Results: (array([  -91.91770572,  3944.26199261]), array([], dtype=float64), 2, array([ 1.41431223,  0.00539131]))

Fit with Size: [4 5]
Orders: [0, 3]
Matrix A (Ax = y):
[[ 1.        0.015625]
 [ 1.        0.008   ]]
Data for Fitting: [ 196.99888828  378.62204215]
Fitting Results: (array([   569.17748226, -23819.43001473]), array([], dtype=float64), 2, array([ 1.41431223,  0.00539131]))
Fit with data beginning 1

Fit with Size: [5 6]
Orders: [0, 3]
Matrix A (Ax = y):
[[ 1.          0.008     ]
 [ 1.          0.00462963]]
Data for Fitting: [ -60.36360977 -105.24405666]
Fitting Results: (array([  -166.89302217,  13316.1765493 ]), array([], dtype=float64), 2, array([ 1.41424176,  0.00238316]))

Fit with Size: [5 6]
Orders: [0, 3]
Matrix A (Ax = y):
[[ 1.          0.008     ]
 [ 1.          0.00462963]]
Data for Fitting: [ 378.62204215  650.33353584]
Fitting Results: (array([  1023.56360959, -80617.69593039]), array([], dtype=float64), 2, array([ 1.41424176,  0.00238316]))
Fitting with 3 points, including orders [0, 3]
Fit with data beginning 0

Fit with Size: [4 5 6]
Orders: [0, 3]
Matrix A (Ax = y):
[[ 1.          0.015625  ]
 [ 1.          0.008     ]
 [ 1.          0.00462963]]
Data for Fitting: [ -30.28861208  -60.36360977 -105.24405666]
Fitting Results: (array([ -124.89267574,  6327.52051817]), array([ 304.66935669]), 2, array([ 1.73212763,  0.00796621]))

Fit with Size: [4 5 6]
Orders: [0, 3]
Matrix A (Ax = y):
[[ 1.          0.015625  ]
 [ 1.          0.008     ]
 [ 1.          0.00462963]]
Data for Fitting: [ 196.99888828  378.62204215  650.33353584]
Fitting Results: (array([   769.02150612, -38263.11178988]), array([ 11190.31438276]), 2, array([ 1.73212763,  0.00796621]))
Fitting with 3 points, including orders [0, 3, 4]
Fit with data beginning 0

Fit with Size: [4 5 6]
Orders: [0, 3, 4]
Matrix A (Ax = y):
[[  1.00000000e+00   1.56250000e-02   3.90625000e-03]
 [  1.00000000e+00   8.00000000e-03   1.60000000e-03]
 [  1.00000000e+00   4.62962963e-03   7.71604938e-04]]
Data for Fitting: [ -30.28861208  -60.36360977 -105.24405666]
Fitting Results: (array([   -227.46910566,   53962.7285726 , -165372.70793386]), array([], dtype=float64), 3, array([  1.73213142e+00,   8.29013951e-03,   1.01423660e-04]))

Fit with Size: [4 5 6]
Orders: [0, 3, 4]
Matrix A (Ax = y):
[[  1.00000000e+00   1.56250000e-02   3.90625000e-03]
 [  1.00000000e+00   8.00000000e-03   1.60000000e-03]
 [  1.00000000e+00   4.62962963e-03   7.71604938e-04]]
Data for Fitting: [ 196.99888828  378.62204215  650.33353584]
Fitting Results: (array([    1390.68352703,  -326955.1605337 ,  1002237.37461555]), array([], dtype=float64), 3, array([  1.73213142e+00,   8.29013951e-03,   1.01423660e-04]))
Fitting with 3 points, including orders [0, 3, 5]
Fit with data beginning 0

Fit with Size: [4 5 6]
Orders: [0, 3, 5]
Matrix A (Ax = y):
[[  1.00000000e+00   1.56250000e-02   9.76562500e-04]
 [  1.00000000e+00   8.00000000e-03   3.20000000e-04]
 [  1.00000000e+00   4.62962963e-03   1.28600823e-04]]
Data for Fitting: [ -30.28861208  -60.36360977 -105.24405666]
Fitting Results: (array([ -2.09827468e+02,   3.14696410e+04,  -3.19666468e+05]), array([], dtype=float64), 3, array([  1.73212782e+00,   7.99080777e-03,   5.44349833e-05]))

Fit with Size: [4 5 6]
Orders: [0, 3, 5]
Matrix A (Ax = y):
[[  1.00000000e+00   1.56250000e-02   9.76562500e-04]
 [  1.00000000e+00   8.00000000e-03   3.20000000e-04]
 [  1.00000000e+00   4.62962963e-03   1.28600823e-04]]
Data for Fitting: [ 196.99888828  378.62204215  650.33353584]
Fitting Results: (array([  1.28376680e+03,  -1.90636337e+05,   1.93733105e+06]), array([], dtype=float64), 3, array([  1.73212782e+00,   7.99080777e-03,   5.44349833e-05]))
Fitting with 3 points, including orders [0, 3, 6]
Fit with data beginning 0

Fit with Size: [4 5 6]
Orders: [0, 3, 6]
Matrix A (Ax = y):
[[  1.00000000e+00   1.56250000e-02   2.44140625e-04]
 [  1.00000000e+00   8.00000000e-03   6.40000000e-05]
 [  1.00000000e+00   4.62962963e-03   2.14334705e-05]]
Data for Fitting: [ -30.28861208  -60.36360977 -105.24405666]
Fitting Results: (array([ -1.98461576e+02,   2.40810536e+04,  -8.52350966e+05]), array([], dtype=float64), 3, array([  1.73212764e+00,   7.96793362e-03,   2.04739548e-05]))

Fit with Size: [4 5 6]
Orders: [0, 3, 6]
Matrix A (Ax = y):
[[  1.00000000e+00   1.56250000e-02   2.44140625e-04]
 [  1.00000000e+00   8.00000000e-03   6.40000000e-05]
 [  1.00000000e+00   4.62962963e-03   2.14334705e-05]]
Data for Fitting: [ 196.99888828  378.62204215  650.33353584]
Fitting Results: (array([  1.21488408e+03,  -1.45857978e+05,   5.16565282e+06]), array([], dtype=float64), 3, array([  1.73212764e+00,   7.96793362e-03,   2.04739548e-05]))

[Fitting Results Summary]
Sizes: [4, 5, 6]
Data Points Used: [2, 3, 3, 3, 3]
Orders Included:
[[0, 3] [0, 3] [0, 3, 4] [0, 3, 5] [0, 3, 6]]
Formation Energy Fits By Size:
[[-91.917705715427118, -166.89302216895737] [-124.89267574440994]
 [-227.46910566121275] [-209.82746837362396] [-198.46157646518031]]
Relaxation Volume Fits By Size:
[[569.17748226414938, 1023.5636095893991] [769.02150612261994]
 [1390.6835270309866] [1283.7668026213923] [1214.8840842526606]]

[Final Results]
[
    {
        "property-id" "tag:staff@noreply.openkim.org,2015-07-28:property/monovacancy-neutral-relaxed-formation-potential-energy-crystal-npt" 
        "instance-id" 1 
        "relaxed-formation-potential-energy" {
            "source-value" -166.89302216895737 
            "source-unit" "eV" 
            "source-std-uncert-value" 60.57608392727481
        } 
        "host-cauchy-stress" {
            "source-value" [
                0 
                0 
                0 
                0 
                0 
                0
            ] 
            "source-unit" "GPa"
        } 
        "host-removed-atom" {
            "source-value" 1
        } 
        "host-short-name" {
            "source-value" [
                "fcc"
            ]
        } 
        "host-a" {
            "source-value" 4.1465819070399998 
            "source-unit" "angstrom"
        } 
        "host-b" {
            "source-value" 4.1465819070399998 
            "source-unit" "angstrom"
        } 
        "host-c" {
            "source-value" 4.1465819070399998 
            "source-unit" "angstrom"
        } 
        "host-alpha" {
            "source-value" 90.0 
            "source-unit" "degree"
        } 
        "host-beta" {
            "source-value" 90.0 
            "source-unit" "degree"
        } 
        "host-gamma" {
            "source-value" 90.0 
            "source-unit" "degree"
        } 
        "host-space-group" {
            "source-value" "Fm-3m"
        } 
        "host-wyckoff-multiplicity-and-letter" {
            "source-value" [
                "4a"
            ]
        } 
        "host-wyckoff-coordinates" {
            "source-value" [
                [
                    0.0 
                    0.0 
                    0.0
                ]
            ]
        } 
        "host-wyckoff-species" {
            "source-value" [
                "Si"
            ]
        } 
        "reservoir-cohesive-potential-energy" {
            "source-value" -16.827612886562427 
            "source-unit" "eV"
        } 
        "reservoir-short-name" {
            "source-value" [
                "fcc"
            ]
        } 
        "reservoir-cauchy-stress" {
            "source-value" [
                0.0 
                0.0 
                0.0 
                0.0 
                0.0 
                0.0
            ] 
            "source-unit" "GPa"
        } 
        "reservoir-a" {
            "source-value" 4.1465819070399998 
            "source-unit" "angstrom"
        } 
        "reservoir-b" {
            "source-value" 4.1465819070399998 
            "source-unit" "angstrom"
        } 
        "reservoir-c" {
            "source-value" 4.1465819070399998 
            "source-unit" "angstrom"
        } 
        "reservoir-alpha" {
            "source-value" 90.0 
            "source-unit" "degree"
        } 
        "reservoir-beta" {
            "source-value" 90.0 
            "source-unit" "degree"
        } 
        "reservoir-gamma" {
            "source-value" 90.0 
            "source-unit" "degree"
        } 
        "reservoir-space-group" {
            "source-value" "Fm-3m"
        } 
        "reservoir-wyckoff-multiplicity-and-letter" {
            "source-value" [
                "4a"
            ]
        } 
        "reservoir-wyckoff-coordinates" {
            "source-value" [
                [
                    0.0 
                    0.0 
                    0.0
                ]
            ]
        } 
        "reservoir-wyckoff-species" {
            "source-value" [
                "Si"
            ]
        }
    } 
    {
        "property-id" "tag:staff@noreply.openkim.org,2015-07-28:property/monovacancy-neutral-relaxation-volume-crystal-npt" 
        "instance-id" 2 
        "relaxation-volume" {
            "source-value" 1023.5636095893991 
            "source-unit" "angstrom^3" 
            "source-std-uncert-value" 367.1199236886326
        } 
        "host-cauchy-stress" {
            "source-value" [
                0 
                0 
                0 
                0 
                0 
                0
            ] 
            "source-unit" "GPa"
        } 
        "host-removed-atom" {
            "source-value" 1
        } 
        "host-short-name" {
            "source-value" [
                "fcc"
            ]
        } 
        "host-a" {
            "source-value" 4.1465819070399998 
            "source-unit" "angstrom"
        } 
        "host-b" {
            "source-value" 4.1465819070399998 
            "source-unit" "angstrom"
        } 
        "host-c" {
            "source-value" 4.1465819070399998 
            "source-unit" "angstrom"
        } 
        "host-alpha" {
            "source-value" 90.0 
            "source-unit" "degree"
        } 
        "host-beta" {
            "source-value" 90.0 
            "source-unit" "degree"
        } 
        "host-gamma" {
            "source-value" 90.0 
            "source-unit" "degree"
        } 
        "host-space-group" {
            "source-value" "Fm-3m"
        } 
        "host-wyckoff-multiplicity-and-letter" {
            "source-value" [
                "4a"
            ]
        } 
        "host-wyckoff-coordinates" {
            "source-value" [
                [
                    0.0 
                    0.0 
                    0.0
                ]
            ]
        } 
        "host-wyckoff-species" {
            "source-value" [
                "Si"
            ]
        }
    }
]
