Imported bulk from ase.lattice
Element = Lattice = Model = Element: Mo
Lattice: hcp
Model: EAM_Dynamo_Zhou_Johnson_Mo__MO_271256517527_001
Model Cutoff: 6.10021734238
NBC Name: NEIGH_RVEC_F
Relaxation With c/a Ratio Fixed
Simplex Searching start from: cutoff * 0.1
Simplex Searching Start From: [0.61002173423767092]
Optimization terminated successfully.
         Current function value: -13.312194
         Iterations: 41
         Function evaluations: 86
Tmp Lattice Constants: [ 2.91274104]
Tmp Energy: -13.3121937856
Simplex Searching start from: cutoff * 0.12
Simplex Searching Start From: [0.73202608108520506]
Optimization terminated successfully.
         Current function value: -13.312194
         Iterations: 42
         Function evaluations: 90
Tmp Lattice Constants: [ 2.912741]
Tmp Energy: -13.3121937856
Simplex Searching start from: cutoff * 0.14
Simplex Searching Start From: [0.85403042793273931]
Optimization terminated successfully.
         Current function value: -13.312194
         Iterations: 39
         Function evaluations: 86
Tmp Lattice Constants: [ 2.91274103]
Tmp Energy: -13.3121937856
Simplex Searching start from: cutoff * 0.16
Simplex Searching Start From: [0.97603477478027345]
Optimization terminated successfully.
         Current function value: -13.312194
         Iterations: 40
         Function evaluations: 84
Tmp Lattice Constants: [ 2.91274104]
Tmp Energy: -13.3121937856
Simplex Searching start from: cutoff * 0.18
Simplex Searching Start From: [1.0980391216278076]
Optimization terminated successfully.
         Current function value: -13.312194
         Iterations: 40
         Function evaluations: 86
Tmp Lattice Constants: [ 2.91274103]
Tmp Energy: -13.3121937856
Simplex Searching start from: cutoff * 0.2
Simplex Searching Start From: [1.2200434684753418]
Optimization terminated successfully.
         Current function value: -13.312194
         Iterations: 40
         Function evaluations: 84
Tmp Lattice Constants: [ 2.91274104]
Tmp Energy: -13.3121937856
Simplex Searching start from: cutoff * 0.22
Simplex Searching Start From: [1.3420478153228761]
Optimization terminated successfully.
         Current function value: -13.312194
         Iterations: 38
         Function evaluations: 81
Tmp Lattice Constants: [ 2.912741]
Tmp Energy: -13.3121937856
Simplex Searching start from: cutoff * 0.24
Simplex Searching Start From: [1.4640521621704101]
Optimization terminated successfully.
         Current function value: -13.312194
         Iterations: 40
         Function evaluations: 85
Tmp Lattice Constants: [ 2.912741]
Tmp Energy: -13.3121937856
Simplex Searching start from: cutoff * 0.26
Simplex Searching Start From: [1.5860565090179444]
Optimization terminated successfully.
         Current function value: -13.312194
         Iterations: 38
         Function evaluations: 80
Tmp Lattice Constants: [ 2.912741]
Tmp Energy: -13.3121937856
Simplex Searching start from: cutoff * 0.28
Simplex Searching Start From: [1.7080608558654786]
Optimization terminated successfully.
         Current function value: -13.312194
         Iterations: 37
         Function evaluations: 82
Tmp Lattice Constants: [ 2.91274103]
Tmp Energy: -13.3121937856
Simplex Searching start from: cutoff * 0.3
Simplex Searching Start From: [1.8300652027130127]
Optimization terminated successfully.
         Current function value: -13.312194
         Iterations: 36
         Function evaluations: 78
Tmp Lattice Constants: [ 2.91274103]
Tmp Energy: -13.3121937856
Simplex Searching start from: cutoff * 0.32
Simplex Searching Start From: [1.9520695495605469]
Optimization terminated successfully.
         Current function value: -13.312194
         Iterations: 37
         Function evaluations: 80
Tmp Lattice Constants: [ 2.91274104]
Tmp Energy: -13.3121937856
Simplex Searching start from: cutoff * 0.34
Simplex Searching Start From: [2.0740738964080814]
Optimization terminated successfully.
         Current function value: -13.312194
         Iterations: 36
         Function evaluations: 76
Tmp Lattice Constants: [ 2.912741]
Tmp Energy: -13.3121937856
Simplex Searching start from: cutoff * 0.36
Simplex Searching Start From: [2.1960782432556152]
Optimization terminated successfully.
         Current function value: -13.312194
         Iterations: 37
         Function evaluations: 80
Tmp Lattice Constants: [ 2.91274103]
Tmp Energy: -13.3121937856
Simplex Searching start from: cutoff * 0.38
Simplex Searching Start From: [2.3180825901031494]
Optimization terminated successfully.
         Current function value: -13.312194
         Iterations: 35
         Function evaluations: 76
Tmp Lattice Constants: [ 2.91274101]
Tmp Energy: -13.3121937856
Simplex Searching start from: cutoff * 0.4
Simplex Searching Start From: [2.4400869369506837]
Optimization terminated successfully.
         Current function value: -13.312194
         Iterations: 35
         Function evaluations: 74
Tmp Lattice Constants: [ 2.91274104]
Tmp Energy: -13.3121937856
Simplex Searching start from: cutoff * 0.42
Simplex Searching Start From: [2.5620912837982175]
Optimization terminated successfully.
         Current function value: -13.312194
         Iterations: 35
         Function evaluations: 74
Tmp Lattice Constants: [ 2.91274101]
Tmp Energy: -13.3121937856
Simplex Searching start from: cutoff * 0.44
Simplex Searching Start From: [2.6840956306457522]
Optimization terminated successfully.
         Current function value: -13.312194
         Iterations: 33
         Function evaluations: 74
Tmp Lattice Constants: [ 2.912741]
Tmp Energy: -13.3121937856
Simplex Searching start from: cutoff * 0.46
Simplex Searching Start From: [2.8060999774932864]
Optimization terminated successfully.
         Current function value: -13.312194
         Iterations: 33
         Function evaluations: 71
Tmp Lattice Constants: [ 2.91274104]
Tmp Energy: -13.3121937856
Simplex Searching start from: cutoff * 0.48
Simplex Searching Start From: [2.9281043243408202]
Optimization terminated successfully.
         Current function value: -13.312194
         Iterations: 33
         Function evaluations: 73
Tmp Lattice Constants: [ 2.91274106]
Tmp Energy: -13.3121937856
Relaxation With c/a Ratio Relaxed
Simplex Searching start from c/a ratio: 1.633 * 0.8
Simplex Searching Start From: [2.9127410373155835, 3.8052048911490788]
Optimization terminated successfully.
         Current function value: -13.312194
         Iterations: 70
         Function evaluations: 151
Tmp Lattice Constants: [ 2.91276293  4.75641467]
Tmp Energy: -13.3121937913
Simplex Searching start from c/a ratio: 1.633 * 0.82
Simplex Searching Start From: [2.9127410373155835, 3.9003350134278061]
Optimization terminated successfully.
         Current function value: -13.312194
         Iterations: 73
         Function evaluations: 154
Tmp Lattice Constants: [ 2.91276289  4.75641474]
Tmp Energy: -13.3121937913
Simplex Searching start from c/a ratio: 1.633 * 0.84
Simplex Searching Start From: [2.9127410373155835, 3.9954651357065325]
Optimization terminated successfully.
         Current function value: -13.312194
         Iterations: 66
         Function evaluations: 149
Tmp Lattice Constants: [ 2.91276288  4.75641464]
Tmp Energy: -13.3121937913
Simplex Searching start from c/a ratio: 1.633 * 0.86
Simplex Searching Start From: [2.9127410373155835, 4.0905952579852594]
Optimization terminated successfully.
         Current function value: -13.312194
         Iterations: 73
         Function evaluations: 153
Tmp Lattice Constants: [ 2.91276286  4.75641476]
Tmp Energy: -13.3121937913
Simplex Searching start from c/a ratio: 1.633 * 0.88
Simplex Searching Start From: [2.9127410373155835, 4.1857253802639862]
Optimization terminated successfully.
         Current function value: -13.312194
         Iterations: 72
         Function evaluations: 155
Tmp Lattice Constants: [ 2.91276288  4.75641478]
Tmp Energy: -13.3121937913
Simplex Searching start from c/a ratio: 1.633 * 0.9
Simplex Searching Start From: [2.9127410373155835, 4.280855502542714]
Optimization terminated successfully.
         Current function value: -13.312194
         Iterations: 70
         Function evaluations: 153
Tmp Lattice Constants: [ 2.91276288  4.75641473]
Tmp Energy: -13.3121937913
Simplex Searching start from c/a ratio: 1.633 * 0.92
Simplex Searching Start From: [2.9127410373155835, 4.3759856248214408]
Optimization terminated successfully.
         Current function value: -13.312194
         Iterations: 66
         Function evaluations: 143
Tmp Lattice Constants: [ 2.91276287  4.7564148 ]
Tmp Energy: -13.3121937913
Simplex Searching start from c/a ratio: 1.633 * 0.94
Simplex Searching Start From: [2.9127410373155835, 4.4711157471001668]
Optimization terminated successfully.
         Current function value: -13.312194
         Iterations: 68
         Function evaluations: 147
Tmp Lattice Constants: [ 2.91276291  4.75641467]
Tmp Energy: -13.3121937913
Simplex Searching start from c/a ratio: 1.633 * 0.96
Simplex Searching Start From: [2.9127410373155835, 4.5662458693788945]
Optimization terminated successfully.
         Current function value: -13.312194
         Iterations: 72
         Function evaluations: 147
Tmp Lattice Constants: [ 2.91276286  4.75641471]
Tmp Energy: -13.3121937913
Simplex Searching start from c/a ratio: 1.633 * 0.98
Simplex Searching Start From: [2.9127410373155835, 4.6613759916576214]
Optimization terminated successfully.
         Current function value: -13.312194
         Iterations: 69
         Function evaluations: 146
Tmp Lattice Constants: [ 2.91276292  4.75641473]
Tmp Energy: -13.3121937913
Simplex Searching start from c/a ratio: 1.633 * 1.0
Simplex Searching Start From: [2.9127410373155835, 4.7565061139363483]
Optimization terminated successfully.
         Current function value: -13.312194
         Iterations: 68
         Function evaluations: 146
Tmp Lattice Constants: [ 2.91276289  4.75641473]
Tmp Energy: -13.3121937913
Simplex Searching start from c/a ratio: 1.633 * 1.02
Simplex Searching Start From: [2.9127410373155835, 4.8516362362150751]
Optimization terminated successfully.
         Current function value: -13.312194
         Iterations: 68
         Function evaluations: 144
Tmp Lattice Constants: [ 2.91276293  4.75641467]
Tmp Energy: -13.3121937913
Simplex Searching start from c/a ratio: 1.633 * 1.04
Simplex Searching Start From: [2.9127410373155835, 4.946766358493802]
Optimization terminated successfully.
         Current function value: -13.312194
         Iterations: 69
         Function evaluations: 149
Tmp Lattice Constants: [ 2.91276295  4.75641467]
Tmp Energy: -13.3121937913
Simplex Searching start from c/a ratio: 1.633 * 1.06
Simplex Searching Start From: [2.9127410373155835, 5.0418964807725297]
Optimization terminated successfully.
         Current function value: -13.312194
         Iterations: 67
         Function evaluations: 144
Tmp Lattice Constants: [ 2.9127629   4.75641486]
Tmp Energy: -13.3121937913
Simplex Searching start from c/a ratio: 1.633 * 1.08
Simplex Searching Start From: [2.9127410373155835, 5.1370266030512566]
Optimization terminated successfully.
         Current function value: -13.312194
         Iterations: 69
         Function evaluations: 145
Tmp Lattice Constants: [ 2.91276291  4.75641469]
Tmp Energy: -13.3121937913
Simplex Searching start from c/a ratio: 1.633 * 1.1
Simplex Searching Start From: [2.9127410373155835, 5.2321567253299834]
Optimization terminated successfully.
         Current function value: -13.312194
         Iterations: 70
         Function evaluations: 151
Tmp Lattice Constants: [ 2.91276292  4.7564148 ]
Tmp Energy: -13.3121937913
Simplex Searching start from c/a ratio: 1.633 * 1.12
Simplex Searching Start From: [2.9127410373155835, 5.3272868476087103]
Optimization terminated successfully.
         Current function value: -13.312194
         Iterations: 71
         Function evaluations: 151
Tmp Lattice Constants: [ 2.91276291  4.75641471]
Tmp Energy: -13.3121937913
Simplex Searching start from c/a ratio: 1.633 * 1.14
Simplex Searching Start From: [2.9127410373155835, 5.422416969887438]
Optimization terminated successfully.
         Current function value: -13.312194
         Iterations: 67
         Function evaluations: 146
Tmp Lattice Constants: [ 2.91276289  4.75641484]
Tmp Energy: -13.3121937913
Simplex Searching start from c/a ratio: 1.633 * 1.16
Simplex Searching Start From: [2.9127410373155835, 5.517547092166164]
Optimization terminated successfully.
         Current function value: -13.312194
         Iterations: 76
         Function evaluations: 165
Tmp Lattice Constants: [ 2.91276287  4.75641485]
Tmp Energy: -13.3121937913
Simplex Searching start from c/a ratio: 1.633 * 1.18
Simplex Searching Start From: [2.9127410373155835, 5.6126772144448909]
Optimization terminated successfully.
         Current function value: -13.312194
         Iterations: 75
         Function evaluations: 157
Tmp Lattice Constants: [ 2.9127629   4.75641469]
Tmp Energy: -13.3121937913
Lattice Constants: [ 2.91276292  4.75641473]
Energy: -13.3121937913
Lattice Constants: 2.91276292055 4.756414726
[
    {
        "property-id" "tag:staff@noreply.openkim.org,2014-04-15:property/structure-hexagonal-crystal-npt" 
        "instance-id" 1 
        "cauchy-stress" {
            "source-value" [
                0 
                0 
                0 
                0 
                0
            ] 
            "source-unit" "GPa"
        } 
        "short-name" {
            "source-value" [
                "hcp"
            ]
        } 
        "species" {
            "source-value" [
                "Mo"
            ]
        } 
        "a" {
            "source-value" 2.9127629205484658 
            "source-unit" "angstrom"
        } 
        "c" {
            "source-value" 4.7564147259951826 
            "source-unit" "angstrom"
        } 
        "basis-atom-coordinates" {
            "source-value" [
                [
                    0.0 
                    0.0 
                    0.0
                ] 
                [
                    0.0 
                    0.5773502691896257 
                    0.5
                ]
            ]
        } 
        "space-group" {
            "source-value" "P63/mmc"
        } 
        "temperature" {
            "source-value" 0 
            "source-unit" "K"
        }
    } 
    {
        "property-id" "tag:staff@noreply.openkim.org,2014-04-15:property/cohesive-free-energy-hexagonal-crystal" 
        "instance-id" 2 
        "cohesive-free-energy" {
            "source-value" -13.312193791317913 
            "source-unit" "eV"
        } 
        "short-name" {
            "source-value" [
                "hcp"
            ]
        } 
        "species" {
            "source-value" [
                "Mo"
            ]
        } 
        "a" {
            "source-value" 2.9127629205484658 
            "source-unit" "angstrom"
        } 
        "c" {
            "source-value" 4.7564147259951826 
            "source-unit" "angstrom"
        } 
        "basis-atom-coordinates" {
            "source-value" [
                [
                    0.0 
                    0.0 
                    0.0
                ] 
                [
                    0.0 
                    0.5773502691896257 
                    0.5
                ]
            ]
        } 
        "space-group" {
            "source-value" "P63/mmc"
        } 
        "temperature" {
            "source-value" 0 
            "source-unit" "K"
        }
    }
]
