Imported bulk from ase.lattice
Parameters Input: Al diamond EAM_Dynamo_Mendelev_Kramer_Al__MO_106969701023_001 [5.78674789518]

[Calculation]

Supercell Size: 3
Unrelaxed Cell:
[[ 17.36024369   0.           0.        ]
 [  0.          17.36024369   0.        ]
 [  0.           0.          17.36024369]]
Unrelaxed Cell Vector:
[17.360243685540002, 0.0, 17.360243685540002, 0.0, 0.0, 17.360243685540002]
Vacancy Formation Energy (Cell Structure Relaxation): 0.0 Size:  3
Vacancy Formation Energy (Cell Structure Relaxation): 1.08922400149 Size:  3
Vacancy Formation Energy (Cell Structure Relaxation): 7.36628180675e-08 Size:  3
Vacancy Formation Energy (Cell Structure Relaxation): 1.08922400149 Size:  3
Vacancy Formation Energy (Cell Structure Relaxation): 7.36628180675e-08 Size:  3
Vacancy Formation Energy (Cell Structure Relaxation): 7.36629317544e-08 Size:  3
Vacancy Formation Energy (Cell Structure Relaxation): 1.08922400149 Size:  3
Vacancy Formation Energy (Cell Structure Relaxation): 0.197015984112 Size:  3
Vacancy Formation Energy (Cell Structure Relaxation): 0.968437521116 Size:  3
Vacancy Formation Energy (Cell Structure Relaxation): 2.71160624797 Size:  3
Vacancy Formation Energy (Cell Structure Relaxation): 0.205971295228 Size:  3
Vacancy Formation Energy (Cell Structure Relaxation): 0.697652576793 Size:  3
Vacancy Formation Energy (Cell Structure Relaxation): 0.207100211311 Size:  3
Vacancy Formation Energy (Cell Structure Relaxation): 0.280266692287 Size:  3
Vacancy Formation Energy (Cell Structure Relaxation): 0.0644157725029 Size:  3
Vacancy Formation Energy (Cell Structure Relaxation): 0.353500434364 Size:  3
Vacancy Formation Energy (Cell Structure Relaxation): 0.0572414601421 Size:  3
Vacancy Formation Energy (Cell Structure Relaxation): 0.261988711112 Size:  3
Vacancy Formation Energy (Cell Structure Relaxation): 0.0864540940175 Size:  3
Vacancy Formation Energy (Cell Structure Relaxation): 0.0981276894539 Size:  3
Vacancy Formation Energy (Cell Structure Relaxation): 0.0238117370604 Size:  3
Vacancy Formation Energy (Cell Structure Relaxation): 0.0463999365051 Size:  3
Vacancy Formation Energy (Cell Structure Relaxation): 0.104521291602 Size:  3
Vacancy Formation Energy (Cell Structure Relaxation): 0.0137944132265 Size:  3
Vacancy Formation Energy (Cell Structure Relaxation): 0.0461321003023 Size:  3
Vacancy Formation Energy (Cell Structure Relaxation): 0.014921135117 Size:  3
Vacancy Formation Energy (Cell Structure Relaxation): 0.0172380367389 Size:  3
Vacancy Formation Energy (Cell Structure Relaxation): 0.00591445119016 Size:  3
Vacancy Formation Energy (Cell Structure Relaxation): 0.00928916329303 Size:  3
Vacancy Formation Energy (Cell Structure Relaxation): 0.0200983666787 Size:  3
Vacancy Formation Energy (Cell Structure Relaxation): 0.0036389585307 Size:  3
Vacancy Formation Energy (Cell Structure Relaxation): 0.0112086557684 Size:  3
Vacancy Formation Energy (Cell Structure Relaxation): 0.00205297049399 Size:  3
Vacancy Formation Energy (Cell Structure Relaxation): 0.00531722990365 Size:  3
Vacancy Formation Energy (Cell Structure Relaxation): 0.00123006501417 Size:  3
Vacancy Formation Energy (Cell Structure Relaxation): 0.00524423523632 Size:  3
Vacancy Formation Energy (Cell Structure Relaxation): 0.000872850463907 Size:  3
Vacancy Formation Energy (Cell Structure Relaxation): 0.00205561452412 Size:  3
Vacancy Formation Energy (Cell Structure Relaxation): 0.000526771309751 Size:  3
Vacancy Formation Energy (Cell Structure Relaxation): 0.00123685170979 Size:  3
Vacancy Formation Energy (Cell Structure Relaxation): 0.000321533397596 Size:  3
Vacancy Formation Energy (Cell Structure Relaxation): 0.00104621935191 Size:  3
Vacancy Formation Energy (Cell Structure Relaxation): 0.000231062175999 Size:  3
Vacancy Formation Energy (Cell Structure Relaxation): 0.000443234835416 Size:  3
Vacancy Formation Energy (Cell Structure Relaxation): 0.000119428361927 Size:  3
Vacancy Formation Energy (Cell Structure Relaxation): 0.000312061268119 Size:  3
Vacancy Formation Energy (Cell Structure Relaxation): 8.68897163855e-05 Size:  3
Vacancy Formation Energy (Cell Structure Relaxation): 0.000211767973724 Size:  3
Vacancy Formation Energy (Cell Structure Relaxation): 5.43352756495e-05 Size:  3
Vacancy Formation Energy (Cell Structure Relaxation): 0.000106598180992 Size:  3
Vacancy Formation Energy (Cell Structure Relaxation): 2.84761512148e-05 Size:  3
Vacancy Formation Energy (Cell Structure Relaxation): 8.78493103755e-05 Size:  3
Vacancy Formation Energy (Cell Structure Relaxation): 2.3714596523e-05 Size:  3
Vacancy Formation Energy (Cell Structure Relaxation): 4.92594313073e-05 Size:  3
Vacancy Formation Energy (Cell Structure Relaxation): 1.31413031568e-05 Size:  3
Vacancy Formation Energy (Cell Structure Relaxation): 2.50445900747e-05 Size:  3
Vacancy Formation Energy (Cell Structure Relaxation): 6.73850422572e-06 Size:  3
Vacancy Formation Energy (Cell Structure Relaxation): 2.25160696345e-05 Size:  3
Vacancy Formation Energy (Cell Structure Relaxation): 5.91003413319e-06 Size:  3
Vacancy Formation Energy (Cell Structure Relaxation): 1.23403469843e-05 Size:  3
Vacancy Formation Energy (Cell Structure Relaxation): 3.23563938309e-06 Size:  3
Vacancy Formation Energy (Cell Structure Relaxation): 6.92587673257e-06 Size:  3
Vacancy Formation Energy (Cell Structure Relaxation): 1.91276569694e-06 Size:  3
Vacancy Formation Energy (Cell Structure Relaxation): 5.66013113712e-06 Size:  3
Vacancy Formation Energy (Cell Structure Relaxation): 1.58039790676e-06 Size:  3
Vacancy Formation Energy (Cell Structure Relaxation): 2.64703533048e-06 Size:  3
Vacancy Formation Energy (Cell Structure Relaxation): 6.81719711793e-07 Size:  3
Vacancy Formation Energy (Cell Structure Relaxation): 1.91706328678e-06 Size:  3
Vacancy Formation Energy (Cell Structure Relaxation): 5.43781197848e-07 Size:  3
Vacancy Formation Energy (Cell Structure Relaxation): 1.47818707319e-06 Size:  3
Vacancy Formation Energy (Cell Structure Relaxation): 4.07141783398e-07 Size:  3
Vacancy Formation Energy (Cell Structure Relaxation): 5.95756318944e-07 Size:  3
Vacancy Formation Energy (Cell Structure Relaxation): 1.69981262843e-07 Size:  3
Vacancy Formation Energy (Cell Structure Relaxation): 5.43509258932e-07 Size:  3
Vacancy Formation Energy (Cell Structure Relaxation): 1.57934437084e-07 Size:  3
Vacancy Formation Energy (Cell Structure Relaxation): 3.68219502889e-07 Size:  3
Vacancy Formation Energy (Cell Structure Relaxation): 1.03547790786e-07 Size:  3
Vacancy Formation Energy (Cell Structure Relaxation): 1.72401428244e-07 Size:  3
Vacancy Formation Energy (Cell Structure Relaxation): 5.7409351939e-08 Size:  3
Vacancy Formation Energy (Cell Structure Relaxation): 1.72477712113e-07 Size:  3
Vacancy Formation Energy (Cell Structure Relaxation): 5.17558191859e-08 Size:  3
Vacancy Formation Energy (Cell Structure Relaxation): 9.75937837211e-08 Size:  3
Vacancy Formation Energy (Cell Structure Relaxation): 3.63962726624e-08 Size:  3
Vacancy Formation Energy (Cell Structure Relaxation): 1.09191546471e-07 Size:  3
Vacancy Formation Energy (Cell Structure Relaxation): 2.7607939046e-08 Size:  3
Vacancy Formation Energy (Cell Structure Relaxation): 1.00259171631e-07 Size:  3
Vacancy Formation Energy (Cell Structure Relaxation): 2.84269390249e-08 Size:  3
Vacancy Formation Energy (Cell Structure Relaxation): 8.93757032827e-08 Size:  3
Vacancy Formation Energy (Cell Structure Relaxation): 2.91920514428e-08 Size:  3
Vacancy Formation Energy (Cell Structure Relaxation): 4.64880258733e-08 Size:  3
Vacancy Formation Energy (Cell Structure Relaxation): 3.35626282322e-08 Size:  3
Vacancy Formation Energy (Cell Structure Relaxation): 4.79723212266e-08 Size:  3
Vacancy Formation Energy (Cell Structure Relaxation): 2.03650643016e-08 Size:  3
Vacancy Formation Energy (Cell Structure Relaxation): 1.74204615178e-08 Size:  3
Vacancy Formation Energy (Cell Structure Relaxation): 4.00302724302e-08 Size:  3
Vacancy Formation Energy (Cell Structure Relaxation): 1.44884779729e-08 Size:  3
Vacancy Formation Energy (Cell Structure Relaxation): 2.32392949329e-08 Size:  3
Vacancy Formation Energy (Cell Structure Relaxation): 2.33935679717e-08 Size:  3
Vacancy Formation Energy (Cell Structure Relaxation): 2.49431195698e-08 Size:  3
Vacancy Formation Energy (Cell Structure Relaxation): 1.1018528312e-08 Size:  3
Vacancy Formation Energy (Cell Structure Relaxation): 2.42777105086e-08 Size:  3
Vacancy Formation Energy (Cell Structure Relaxation): 1.06956576928e-08 Size:  3
Vacancy Formation Energy (Cell Structure Relaxation): 2.16754187932e-08 Size:  3
Vacancy Formation Energy (Cell Structure Relaxation): 9.91178694676e-09 Size:  3
Vacancy Formation Energy (Cell Structure Relaxation): 1.85293629329e-08 Size:  3
Vacancy Formation Energy (Cell Structure Relaxation): 8.79083472682e-09 Size:  3
Vacancy Formation Energy (Cell Structure Relaxation): 1.11756435217e-08 Size:  3
Vacancy Formation Energy (Cell Structure Relaxation): 8.38736013975e-09 Size:  3
Vacancy Formation Energy (Cell Structure Relaxation): 1.63465756486e-08 Size:  3
Vacancy Formation Energy (Cell Structure Relaxation): 5.29325916432e-09 Size:  3
Vacancy Formation Energy (Cell Structure Relaxation): 4.80031303596e-09 Size:  3
Vacancy Formation Energy (Cell Structure Relaxation): 4.86397766508e-09 Size:  3
Vacancy Formation Energy (Cell Structure Relaxation): 6.92045887263e-09 Size:  3
Vacancy Formation Energy (Cell Structure Relaxation): 8.31380475574e-09 Size:  3
Vacancy Formation Energy (Cell Structure Relaxation): 4.39604264102e-09 Size:  3
Vacancy Formation Energy (Cell Structure Relaxation): 6.80074663251e-09 Size:  3
Vacancy Formation Energy (Cell Structure Relaxation): 1.17012177725e-08 Size:  3
Vacancy Formation Energy (Cell Structure Relaxation): 2.11321093957e-09 Size:  3
Vacancy Formation Energy (Cell Structure Relaxation): 7.47513695387e-09 Size:  3
Vacancy Formation Energy (Cell Structure Relaxation): 2.48269316216e-09 Size:  3
Vacancy Formation Energy (Cell Structure Relaxation): 7.77765762905e-09 Size:  3
Vacancy Formation Energy (Cell Structure Relaxation): 1.93824689632e-09 Size:  3
Vacancy Formation Energy (Cell Structure Relaxation): 4.53678694612e-09 Size:  3
Vacancy Formation Energy (Cell Structure Relaxation): 2.84182988253e-09 Size:  3
Vacancy Formation Energy (Cell Structure Relaxation): 4.30577529187e-09 Size:  3
Vacancy Formation Energy (Cell Structure Relaxation): 5.3757958085e-09 Size:  3
Vacancy Formation Energy (Cell Structure Relaxation): 1.61139723787e-09 Size:  3
Vacancy Formation Energy (Cell Structure Relaxation): 4.38842562289e-09 Size:  3
Vacancy Formation Energy (Cell Structure Relaxation): 1.61242041941e-09 Size:  3
Vacancy Formation Energy (Cell Structure Relaxation): 4.27269242209e-09 Size:  3
Vacancy Formation Energy (Cell Structure Relaxation): 1.02966168924e-09 Size:  3
Vacancy Formation Energy (Cell Structure Relaxation): 2.00668637262e-09 Size:  3
Vacancy Formation Energy (Cell Structure Relaxation): 2.24156337936e-09 Size:  3
Vacancy Formation Energy (Cell Structure Relaxation): 1.00374109024e-09 Size:  3
Vacancy Formation Energy (Cell Structure Relaxation): 2.35581865127e-09 Size:  3
Vacancy Formation Energy (Cell Structure Relaxation): 9.03355612536e-10 Size:  3
Vacancy Formation Energy (Cell Structure Relaxation): 2.34865638049e-09 Size:  3
Vacancy Formation Energy (Cell Structure Relaxation): 8.70954863785e-10 Size:  3
Vacancy Formation Energy (Cell Structure Relaxation): 1.02920694189e-09 Size:  3
Vacancy Formation Energy (Cell Structure Relaxation): 1.22133769764e-09 Size:  3
Vacancy Formation Energy (Cell Structure Relaxation): 6.16978468315e-10 Size:  3
Vacancy Formation Energy (Cell Structure Relaxation): 1.01874775282e-09 Size:  3
Vacancy Formation Energy (Cell Structure Relaxation): 1.28511601361e-09 Size:  3
Vacancy Formation Energy (Cell Structure Relaxation): 5.53654899704e-10 Size:  3
Vacancy Formation Energy (Cell Structure Relaxation): 9.63495949691e-10 Size:  3
Vacancy Formation Energy (Cell Structure Relaxation): 6.38351593807e-10 Size:  3
Vacancy Formation Energy (Cell Structure Relaxation): 6.79506229062e-10 Size:  3
Vacancy Formation Energy (Cell Structure Relaxation): 7.19296622265e-10 Size:  3
Vacancy Formation Energy (Cell Structure Relaxation): 5.79007064516e-10 Size:  3
Vacancy Formation Energy (Cell Structure Relaxation): 8.12519829196e-10 Size:  3
Vacancy Formation Energy (Cell Structure Relaxation): 3.54816620529e-10 Size:  3
Vacancy Formation Energy (Cell Structure Relaxation): 5.73891156819e-10 Size:  3
Vacancy Formation Energy (Cell Structure Relaxation): 5.17502485309e-10 Size:  3
Vacancy Formation Energy (Cell Structure Relaxation): 4.21323420596e-10 Size:  3
Vacancy Formation Energy (Cell Structure Relaxation): 5.89238879911e-10 Size:  3
Vacancy Formation Energy (Cell Structure Relaxation): 4.34056346421e-10 Size:  3
Vacancy Formation Energy (Cell Structure Relaxation): 9.44623934629e-10 Size:  3
Vacancy Formation Energy (Cell Structure Relaxation): 2.56363819062e-10 Size:  3
Vacancy Formation Energy (Cell Structure Relaxation): 5.31031218998e-10 Size:  3
Vacancy Formation Energy (Cell Structure Relaxation): 4.25529833592e-10 Size:  3
Vacancy Formation Energy (Cell Structure Relaxation): 5.56497070647e-10 Size:  3
Vacancy Formation Energy (Cell Structure Relaxation): 3.03202796204e-10 Size:  3
Vacancy Formation Energy (Cell Structure Relaxation): 1.21076482174e-10 Size:  3
Vacancy Formation Energy (Cell Structure Relaxation): 2.88537194137e-10 Size:  3
Vacancy Formation Energy (Cell Structure Relaxation): 4.14956957684e-10 Size:  3
Vacancy Formation Energy (Cell Structure Relaxation): 2.70688360615e-10 Size:  3
Vacancy Formation Energy (Cell Structure Relaxation): 2.13958628592e-10 Size:  3
Vacancy Formation Energy (Cell Structure Relaxation): 3.36399352818e-10 Size:  3
Vacancy Formation Energy (Cell Structure Relaxation): 2.23735696636e-10 Size:  3
Vacancy Formation Energy (Cell Structure Relaxation): 2.35445440921e-10 Size:  3
Vacancy Formation Energy (Cell Structure Relaxation): 3.32079252985e-10 Size:  3
Vacancy Formation Energy (Cell Structure Relaxation): 1.18575371744e-10 Size:  3
Vacancy Formation Energy (Cell Structure Relaxation): 1.92926563614e-10 Size:  3
Vacancy Formation Energy (Cell Structure Relaxation): 1.85650605999e-10 Size:  3
Vacancy Formation Energy (Cell Structure Relaxation): 1.58934199135e-10 Size:  3
Vacancy Formation Energy (Cell Structure Relaxation): 2.08160599868e-10 Size:  3
Vacancy Formation Energy (Cell Structure Relaxation): 1.50976120494e-10 Size:  3
Vacancy Formation Energy (Cell Structure Relaxation): 1.77806214197e-10 Size:  3
Vacancy Formation Energy (Cell Structure Relaxation): 2.74781086773e-10 Size:  3
Vacancy Formation Energy (Cell Structure Relaxation): 8.17408363218e-11 Size:  3
Vacancy Formation Energy (Cell Structure Relaxation): 2.13958628592e-10 Size:  3
Vacancy Formation Energy (Cell Structure Relaxation): 1.27101884573e-10 Size:  3
Optimization terminated successfully.
         Current function value: 0.000000
         Iterations: 108
         Function evaluations: 182
Summary:
Vacancy Formation Energy: 0.0
Unrelaxed Cell Volume: 5231.99657733
Relaxed Cell Volume: 5231.99657733
Relaxation Volume: 0.0
Relaxed Cell Vector:
[ 17.36024369   0.          17.36024369   0.           0.          17.36024369]
Unrelaxed Cell Vector:
[17.360243685540002, 0.0, 17.360243685540002, 0.0, 0.0, 17.360243685540002]
Relaxed Cell:
[[ 17.36024369   0.           0.        ]
 [  0.          17.36024369   0.        ]
 [  0.           0.          17.36024369]]
Unrelaxed Cell:
[[ 17.36024369   0.           0.        ]
 [  0.          17.36024369   0.        ]
 [  0.           0.          17.36024369]]

Supercell Size: 4
Unrelaxed Cell:
[[ 23.14699158   0.           0.        ]
 [  0.          23.14699158   0.        ]
 [  0.           0.          23.14699158]]
Unrelaxed Cell Vector:
[23.146991580720002, 0.0, 23.146991580720002, 0.0, 0.0, 23.146991580720002]
Vacancy Formation Energy (Cell Structure Relaxation): 0.0 Size:  4
Vacancy Formation Energy (Cell Structure Relaxation): 2.58186429888 Size:  4
Vacancy Formation Energy (Cell Structure Relaxation): 9.77952367975e-08 Size:  4
Vacancy Formation Energy (Cell Structure Relaxation): 2.58186429888 Size:  4
Vacancy Formation Energy (Cell Structure Relaxation): 9.77952367975e-08 Size:  4
Vacancy Formation Energy (Cell Structure Relaxation): 9.77952367975e-08 Size:  4
Vacancy Formation Energy (Cell Structure Relaxation): 2.58186429888 Size:  4
Vacancy Formation Energy (Cell Structure Relaxation): 0.467000824513 Size:  4
Vacancy Formation Energy (Cell Structure Relaxation): 2.29555556061 Size:  4
Vacancy Formation Energy (Cell Structure Relaxation): 6.42751101372 Size:  4
Vacancy Formation Energy (Cell Structure Relaxation): 0.488228250564 Size:  4
Vacancy Formation Energy (Cell Structure Relaxation): 1.65369499589 Size:  4
Vacancy Formation Energy (Cell Structure Relaxation): 0.49090419924 Size:  4
Vacancy Formation Energy (Cell Structure Relaxation): 0.66433583145 Size:  4
Vacancy Formation Energy (Cell Structure Relaxation): 0.152689228827 Size:  4
Vacancy Formation Energy (Cell Structure Relaxation): 0.837926922216 Size:  4
Vacancy Formation Energy (Cell Structure Relaxation): 0.135683451192 Size:  4
Vacancy Formation Energy (Cell Structure Relaxation): 0.621010274388 Size:  4
Vacancy Formation Energy (Cell Structure Relaxation): 0.204928202455 Size:  4
Vacancy Formation Energy (Cell Structure Relaxation): 0.232598959729 Size:  4
Vacancy Formation Energy (Cell Structure Relaxation): 0.0564426190563 Size:  4
Vacancy Formation Energy (Cell Structure Relaxation): 0.109985014048 Size:  4
Vacancy Formation Energy (Cell Structure Relaxation): 0.24775414682 Size:  4
Vacancy Formation Energy (Cell Structure Relaxation): 0.032697855245 Size:  4
Vacancy Formation Energy (Cell Structure Relaxation): 0.109350152627 Size:  4
Vacancy Formation Energy (Cell Structure Relaxation): 0.035368604314 Size:  4
Vacancy Formation Energy (Cell Structure Relaxation): 0.0408605195835 Size:  4
Vacancy Formation Energy (Cell Structure Relaxation): 0.0140194265534 Size:  4
Vacancy Formation Energy (Cell Structure Relaxation): 0.022018741269 Size:  4
Vacancy Formation Energy (Cell Structure Relaxation): 0.0476405548702 Size:  4
Vacancy Formation Energy (Cell Structure Relaxation): 0.00862566483443 Size:  4
Vacancy Formation Energy (Cell Structure Relaxation): 0.0265686517107 Size:  4
Vacancy Formation Energy (Cell Structure Relaxation): 0.0048662839406 Size:  4
Vacancy Formation Energy (Cell Structure Relaxation): 0.0126037869488 Size:  4
Vacancy Formation Energy (Cell Structure Relaxation): 0.00291569276897 Size:  4
Vacancy Formation Energy (Cell Structure Relaxation): 0.0124307623196 Size:  4
Vacancy Formation Energy (Cell Structure Relaxation): 0.00206896328086 Size:  4
Vacancy Formation Energy (Cell Structure Relaxation): 0.00487255153485 Size:  4
Vacancy Formation Energy (Cell Structure Relaxation): 0.00124862795383 Size:  4
Vacancy Formation Energy (Cell Structure Relaxation): 0.00293178197535 Size:  4
Vacancy Formation Energy (Cell Structure Relaxation): 0.000762136566436 Size:  4
Vacancy Formation Energy (Cell Structure Relaxation): 0.00247991048241 Size:  4
Vacancy Formation Energy (Cell Structure Relaxation): 0.000547687186327 Size:  4
Vacancy Formation Energy (Cell Structure Relaxation): 0.00105061529985 Size:  4
Vacancy Formation Energy (Cell Structure Relaxation): 0.000283074396293 Size:  4
Vacancy Formation Energy (Cell Structure Relaxation): 0.000739684564905 Size:  4
Vacancy Formation Energy (Cell Structure Relaxation): 0.000205945602374 Size:  4
Vacancy Formation Energy (Cell Structure Relaxation): 0.00050195306676 Size:  4
Vacancy Formation Energy (Cell Structure Relaxation): 0.00012877971335 Size:  4
Vacancy Formation Energy (Cell Structure Relaxation): 0.000252662284083 Size:  4
Vacancy Formation Energy (Cell Structure Relaxation): 6.74837326642e-05 Size:  4
Vacancy Formation Energy (Cell Structure Relaxation): 0.000208219712022 Size:  4
Vacancy Formation Energy (Cell Structure Relaxation): 5.61971082789e-05 Size:  4
Vacancy Formation Energy (Cell Structure Relaxation): 0.000116747973379 Size:  4
Vacancy Formation Energy (Cell Structure Relaxation): 3.11350102038e-05 Size:  4
Vacancy Formation Energy (Cell Structure Relaxation): 5.9350315496e-05 Size:  4
Vacancy Formation Energy (Cell Structure Relaxation): 1.59581366006e-05 Size:  4
Vacancy Formation Energy (Cell Structure Relaxation): 5.3356105127e-05 Size:  4
Vacancy Formation Energy (Cell Structure Relaxation): 1.39935266361e-05 Size:  4
Vacancy Formation Energy (Cell Structure Relaxation): 2.92359588911e-05 Size:  4
Vacancy Formation Energy (Cell Structure Relaxation): 7.65446793594e-06 Size:  4
Vacancy Formation Energy (Cell Structure Relaxation): 1.6401300627e-05 Size:  4
Vacancy Formation Energy (Cell Structure Relaxation): 4.51886603514e-06 Size:  4
Vacancy Formation Energy (Cell Structure Relaxation): 1.34019721827e-05 Size:  4
Vacancy Formation Energy (Cell Structure Relaxation): 3.73110992768e-06 Size:  4
Vacancy Formation Energy (Cell Structure Relaxation): 6.25933557785e-06 Size:  4
Vacancy Formation Energy (Cell Structure Relaxation): 1.60063973453e-06 Size:  4
Vacancy Formation Energy (Cell Structure Relaxation): 4.5288934416e-06 Size:  4
Vacancy Formation Energy (Cell Structure Relaxation): 1.27411226458e-06 Size:  4
Vacancy Formation Energy (Cell Structure Relaxation): 3.48853859578e-06 Size:  4
Vacancy Formation Energy (Cell Structure Relaxation): 9.50074081629e-07 Size:  4
Vacancy Formation Energy (Cell Structure Relaxation): 1.39719941217e-06 Size:  4
Vacancy Formation Energy (Cell Structure Relaxation): 3.87705767935e-07 Size:  4
Vacancy Formation Energy (Cell Structure Relaxation): 1.27313137455e-06 Size:  4
Vacancy Formation Energy (Cell Structure Relaxation): 3.59371369996e-07 Size:  4
Vacancy Formation Energy (Cell Structure Relaxation): 8.57915892993e-07 Size:  4
Vacancy Formation Energy (Cell Structure Relaxation): 2.30630121223e-07 Size:  4
Vacancy Formation Energy (Cell Structure Relaxation): 3.93793925468e-07 Size:  4
Vacancy Formation Energy (Cell Structure Relaxation): 1.21006451081e-07 Size:  4
Vacancy Formation Energy (Cell Structure Relaxation): 3.93320306102e-07 Size:  4
Vacancy Formation Energy (Cell Structure Relaxation): 1.0763960745e-07 Size:  4
Vacancy Formation Energy (Cell Structure Relaxation): 2.16128455577e-07 Size:  4
Vacancy Formation Energy (Cell Structure Relaxation): 7.14014731784e-08 Size:  4
Vacancy Formation Energy (Cell Structure Relaxation): 1.1658812582e-07 Size:  4
Vacancy Formation Energy (Cell Structure Relaxation): 4.57991973235e-08 Size:  4
Vacancy Formation Energy (Cell Structure Relaxation): 9.56783878792e-08 Size:  4
Vacancy Formation Energy (Cell Structure Relaxation): 1.42507815326e-07 Size:  4
Vacancy Formation Energy (Cell Structure Relaxation): 3.58065790351e-08 Size:  4
Vacancy Formation Energy (Cell Structure Relaxation): 1.30877424454e-07 Size:  4
Vacancy Formation Energy (Cell Structure Relaxation): 3.71192072635e-08 Size:  4
Vacancy Formation Energy (Cell Structure Relaxation): 1.15465581985e-07 Size:  4
Vacancy Formation Energy (Cell Structure Relaxation): 3.84486611438e-08 Size:  4
Vacancy Formation Energy (Cell Structure Relaxation): 9.49610239331e-08 Size:  4
Vacancy Formation Energy (Cell Structure Relaxation): 3.84611666959e-08 Size:  4
Vacancy Formation Energy (Cell Structure Relaxation): 3.96703399019e-08 Size:  4
Vacancy Formation Energy (Cell Structure Relaxation): 2.04900061362e-08 Size:  4
Vacancy Formation Energy (Cell Structure Relaxation): 5.7401621234e-08 Size:  4
Vacancy Formation Energy (Cell Structure Relaxation): 1.65066467162e-08 Size:  4
Vacancy Formation Energy (Cell Structure Relaxation): 4.26036876888e-08 Size:  4
Vacancy Formation Energy (Cell Structure Relaxation): 1.7652155293e-08 Size:  4
Vacancy Formation Energy (Cell Structure Relaxation): 2.70567852567e-08 Size:  4
Vacancy Formation Energy (Cell Structure Relaxation): 2.42446276388e-08 Size:  4
Vacancy Formation Energy (Cell Structure Relaxation): 1.97342160391e-08 Size:  4
Vacancy Formation Energy (Cell Structure Relaxation): 2.80017502519e-08 Size:  4
Vacancy Formation Energy (Cell Structure Relaxation): 1.03095771919e-08 Size:  4
Vacancy Formation Energy (Cell Structure Relaxation): 3.08148173644e-08 Size:  4
Vacancy Formation Energy (Cell Structure Relaxation): 9.65223989624e-09 Size:  4
Vacancy Formation Energy (Cell Structure Relaxation): 1.22731762531e-08 Size:  4
Vacancy Formation Energy (Cell Structure Relaxation): 3.26538156514e-08 Size:  4
Vacancy Formation Energy (Cell Structure Relaxation): 6.70183908369e-09 Size:  4
Vacancy Formation Energy (Cell Structure Relaxation): 1.63158802025e-08 Size:  4
Vacancy Formation Energy (Cell Structure Relaxation): 1.55444013217e-08 Size:  4
Vacancy Formation Energy (Cell Structure Relaxation): 1.13293481263e-08 Size:  4
Vacancy Formation Energy (Cell Structure Relaxation): 2.05889136851e-08 Size:  4
Vacancy Formation Energy (Cell Structure Relaxation): 5.81530912314e-09 Size:  4
Vacancy Formation Energy (Cell Structure Relaxation): 1.50794221554e-08 Size:  4
Vacancy Formation Energy (Cell Structure Relaxation): 5.15319698025e-09 Size:  4
Vacancy Formation Energy (Cell Structure Relaxation): 1.41649252328e-08 Size:  4
Vacancy Formation Energy (Cell Structure Relaxation): 4.32692104368e-09 Size:  4
Vacancy Formation Energy (Cell Structure Relaxation): 5.44628164789e-09 Size:  4
Vacancy Formation Energy (Cell Structure Relaxation): 7.44807948649e-09 Size:  4
Vacancy Formation Energy (Cell Structure Relaxation): 3.19937498716e-09 Size:  4
Vacancy Formation Energy (Cell Structure Relaxation): 5.59430191061e-09 Size:  4
Vacancy Formation Energy (Cell Structure Relaxation): 5.10931386088e-09 Size:  4
Vacancy Formation Energy (Cell Structure Relaxation): 5.35715116712e-09 Size:  4
Vacancy Formation Energy (Cell Structure Relaxation): 6.53449205856e-09 Size:  4
Vacancy Formation Energy (Cell Structure Relaxation): 2.87718648906e-09 Size:  4
Vacancy Formation Energy (Cell Structure Relaxation): 5.17911757925e-09 Size:  4
Vacancy Formation Energy (Cell Structure Relaxation): 2.38833308686e-09 Size:  4
Vacancy Formation Energy (Cell Structure Relaxation): 2.50361154031e-09 Size:  4
Vacancy Formation Energy (Cell Structure Relaxation): 3.21733750752e-09 Size:  4
Vacancy Formation Energy (Cell Structure Relaxation): 3.3471678762e-09 Size:  4
Vacancy Formation Energy (Cell Structure Relaxation): 1.18006937555e-09 Size:  4
Vacancy Formation Energy (Cell Structure Relaxation): 5.01222530147e-09 Size:  4
Vacancy Formation Energy (Cell Structure Relaxation): 1.13368514576e-09 Size:  4
Vacancy Formation Energy (Cell Structure Relaxation): 1.43654688145e-09 Size:  4
Vacancy Formation Energy (Cell Structure Relaxation): 1.30444277602e-09 Size:  4
Vacancy Formation Energy (Cell Structure Relaxation): 9.16088538361e-10 Size:  4
Vacancy Formation Energy (Cell Structure Relaxation): 1.13823261927e-09 Size:  4
Vacancy Formation Energy (Cell Structure Relaxation): 2.1036612452e-09 Size:  4
Vacancy Formation Energy (Cell Structure Relaxation): -3.45607986674e-11 Size:  4
Vacancy Formation Energy (Cell Structure Relaxation): 1.35605660034e-09 Size:  4
Vacancy Formation Energy (Cell Structure Relaxation): 4.18367562816e-10 Size:  4
Vacancy Formation Energy (Cell Structure Relaxation): 5.81621861784e-10 Size:  4
Vacancy Formation Energy (Cell Structure Relaxation): 2.09911377169e-09 Size:  4
Vacancy Formation Energy (Cell Structure Relaxation): 9.18589648791e-11 Size:  4
Vacancy Formation Energy (Cell Structure Relaxation): 1.18552634376e-09 Size:  4
Vacancy Formation Energy (Cell Structure Relaxation): 8.50377546158e-11 Size:  4
Vacancy Formation Energy (Cell Structure Relaxation): 1.32445165946e-09 Size:  4
Vacancy Formation Energy (Cell Structure Relaxation): 3.79941411666e-10 Size:  4
Vacancy Formation Energy (Cell Structure Relaxation): 1.13277565106e-09 Size:  4
Vacancy Formation Energy (Cell Structure Relaxation): 1.72349245986e-10 Size:  4
Vacancy Formation Energy (Cell Structure Relaxation): 1.90766513697e-10 Size:  4
Vacancy Formation Energy (Cell Structure Relaxation): 1.38243194669e-10 Size:  4
Vacancy Formation Energy (Cell Structure Relaxation): 2.43744580075e-10 Size:  4
Vacancy Formation Energy (Cell Structure Relaxation): -5.27961674379e-10 Size:  4
Vacancy Formation Energy (Cell Structure Relaxation): -2.06682670978e-10 Size:  4
Vacancy Formation Energy (Cell Structure Relaxation): -1.53022483573e-10 Size:  4
Vacancy Formation Energy (Cell Structure Relaxation): 2.46700437856e-10 Size:  4
Vacancy Formation Energy (Cell Structure Relaxation): -1.82581061381e-10 Size:  4
Vacancy Formation Energy (Cell Structure Relaxation): -4.101821105e-10 Size:  4
Vacancy Formation Energy (Cell Structure Relaxation): 4.96811480843e-10 Size:  4
Vacancy Formation Energy (Cell Structure Relaxation): 1.84854798135e-10 Size:  4
Vacancy Formation Energy (Cell Structure Relaxation): -9.48148226598e-11 Size:  4
Vacancy Formation Energy (Cell Structure Relaxation): -4.01087163482e-10 Size:  4
Vacancy Formation Energy (Cell Structure Relaxation): -1.04364517028e-10 Size:  4
Vacancy Formation Energy (Cell Structure Relaxation): -3.79031916964e-10 Size:  4
Vacancy Formation Energy (Cell Structure Relaxation): -6.66204869049e-11 Size:  4
Vacancy Formation Energy (Cell Structure Relaxation): -4.88171281177e-10 Size:  4
Vacancy Formation Energy (Cell Structure Relaxation): -6.06178218732e-10 Size:  4
Vacancy Formation Energy (Cell Structure Relaxation): -1.51430867845e-10 Size:  4
Vacancy Formation Energy (Cell Structure Relaxation): 2.8194335755e-11 Size:  4
Vacancy Formation Energy (Cell Structure Relaxation): -4.13365341956e-10 Size:  4
Vacancy Formation Energy (Cell Structure Relaxation): -3.49700712832e-10 Size:  4
Vacancy Formation Energy (Cell Structure Relaxation): -6.14818418398e-10 Size:  4
Optimization terminated successfully.
         Current function value: -0.000000
         Iterations: 97
         Function evaluations: 175
Summary:
Vacancy Formation Energy: -6.14818418398e-10
Unrelaxed Cell Volume: 12401.7696648
Relaxed Cell Volume: 12401.7676299
Relaxation Volume: 0.00203493316985
Relaxed Cell Vector:
[  2.31469883e+01  -3.19690761e-06   2.31469857e+01  -5.45680049e-06
   5.23854390e-07   2.31469970e+01]
Unrelaxed Cell Vector:
[23.146991580720002, 0.0, 23.146991580720002, 0.0, 0.0, 23.146991580720002]
Relaxed Cell:
[[  2.31469883e+01   0.00000000e+00   0.00000000e+00]
 [ -3.19690761e-06   2.31469857e+01   0.00000000e+00]
 [ -5.45680049e-06   5.23854390e-07   2.31469970e+01]]
Unrelaxed Cell:
[[ 23.14699158   0.           0.        ]
 [  0.          23.14699158   0.        ]
 [  0.           0.          23.14699158]]

Supercell Size: 5
Unrelaxed Cell:
[[ 28.93373948   0.           0.        ]
 [  0.          28.93373948   0.        ]
 [  0.           0.          28.93373948]]
Unrelaxed Cell Vector:
[28.933739475900001, 0.0, 28.933739475900001, 0.0, 0.0, 28.933739475900001]
Vacancy Formation Energy (Cell Structure Relaxation): 0.0 Size:  5
Vacancy Formation Energy (Cell Structure Relaxation): 5.04270371158 Size:  5
Vacancy Formation Energy (Cell Structure Relaxation): 1.21845005197e-07 Size:  5
Vacancy Formation Energy (Cell Structure Relaxation): 5.04270371158 Size:  5
Vacancy Formation Energy (Cell Structure Relaxation): 1.21848188428e-07 Size:  5
Vacancy Formation Energy (Cell Structure Relaxation): 1.21850007417e-07 Size:  5
Vacancy Formation Energy (Cell Structure Relaxation): 5.04270371158 Size:  5
Vacancy Formation Energy (Cell Structure Relaxation): 0.912110969723 Size:  5
Vacancy Formation Energy (Cell Structure Relaxation): 4.48350691483 Size:  5
Vacancy Formation Energy (Cell Structure Relaxation): 12.5537323646 Size:  5
Vacancy Formation Energy (Cell Structure Relaxation): 0.953570797882 Size:  5
Vacancy Formation Energy (Cell Structure Relaxation): 3.22987303868 Size:  5
Vacancy Formation Energy (Cell Structure Relaxation): 0.958797260902 Size:  5
Vacancy Formation Energy (Cell Structure Relaxation): 1.29753089637 Size:  5
Vacancy Formation Energy (Cell Structure Relaxation): 0.298221142707 Size:  5
Vacancy Formation Energy (Cell Structure Relaxation): 1.6365759917 Size:  5
Vacancy Formation Energy (Cell Structure Relaxation): 0.265006733016 Size:  5
Vacancy Formation Energy (Cell Structure Relaxation): 1.21291068993 Size:  5
Vacancy Formation Energy (Cell Structure Relaxation): 0.40025038075 Size:  5
Vacancy Formation Energy (Cell Structure Relaxation): 0.454294838592 Size:  5
Vacancy Formation Energy (Cell Structure Relaxation): 0.110239477751 Size:  5
Vacancy Formation Energy (Cell Structure Relaxation): 0.214814461248 Size:  5
Vacancy Formation Energy (Cell Structure Relaxation): 0.483894796996 Size:  5
Vacancy Formation Energy (Cell Structure Relaxation): 0.0638629872201 Size:  5
Vacancy Formation Energy (Cell Structure Relaxation): 0.21357451086 Size:  5
Vacancy Formation Energy (Cell Structure Relaxation): 0.0690792943224 Size:  5
Vacancy Formation Energy (Cell Structure Relaxation): 0.0798056914746 Size:  5
Vacancy Formation Energy (Cell Structure Relaxation): 0.0273816818262 Size:  5
Vacancy Formation Energy (Cell Structure Relaxation): 0.043005337805 Size:  5
Vacancy Formation Energy (Cell Structure Relaxation): 0.0930479428662 Size:  5
Vacancy Formation Energy (Cell Structure Relaxation): 0.016846991377 Size:  5
Vacancy Formation Energy (Cell Structure Relaxation): 0.0518918856651 Size:  5
Vacancy Formation Energy (Cell Structure Relaxation): 0.00950444727368 Size:  5
Vacancy Formation Energy (Cell Structure Relaxation): 0.0246167565447 Size:  5
Vacancy Formation Energy (Cell Structure Relaxation): 0.00569469788798 Size:  5
Vacancy Formation Energy (Cell Structure Relaxation): 0.0242788183195 Size:  5
Vacancy Formation Energy (Cell Structure Relaxation): 0.0040409308167 Size:  5
Vacancy Formation Energy (Cell Structure Relaxation): 0.00951668868811 Size:  5
Vacancy Formation Energy (Cell Structure Relaxation): 0.00243871128214 Size:  5
Vacancy Formation Energy (Cell Structure Relaxation): 0.00572612593533 Size:  5
Vacancy Formation Energy (Cell Structure Relaxation): 0.00148853278324 Size:  5
Vacancy Formation Energy (Cell Structure Relaxation): 0.00484356007155 Size:  5
Vacancy Formation Energy (Cell Structure Relaxation): 0.00106968722366 Size:  5
Vacancy Formation Energy (Cell Structure Relaxation): 0.00205197024206 Size:  5
Vacancy Formation Energy (Cell Structure Relaxation): 0.000552867332772 Size:  5
Vacancy Formation Energy (Cell Structure Relaxation): 0.00144468535063 Size:  5
Vacancy Formation Energy (Cell Structure Relaxation): 0.000402224948175 Size:  5
Vacancy Formation Energy (Cell Structure Relaxation): 0.000980363975941 Size:  5
Vacancy Formation Energy (Cell Structure Relaxation): 0.000251510918133 Size:  5
Vacancy Formation Energy (Cell Structure Relaxation): 0.000493466555326 Size:  5
Vacancy Formation Energy (Cell Structure Relaxation): 0.000131792044158 Size:  5
Vacancy Formation Energy (Cell Structure Relaxation): 0.000406665219543 Size:  5
Vacancy Formation Energy (Cell Structure Relaxation): 0.000109747351416 Size:  5
Vacancy Formation Energy (Cell Structure Relaxation): 0.000228011329909 Size:  5
Vacancy Formation Energy (Cell Structure Relaxation): 6.07968972872e-05 Size:  5
Vacancy Formation Energy (Cell Structure Relaxation): 0.000115901757454 Size:  5
Vacancy Formation Energy (Cell Structure Relaxation): 3.11554958898e-05 Size:  5
Vacancy Formation Energy (Cell Structure Relaxation): 0.000104198059489 Size:  5
Vacancy Formation Energy (Cell Structure Relaxation): 2.73170826404e-05 Size:  5
Vacancy Formation Energy (Cell Structure Relaxation): 5.70884189983e-05 Size:  5
Vacancy Formation Energy (Cell Structure Relaxation): 1.49370239342e-05 Size:  5
Vacancy Formation Energy (Cell Structure Relaxation): 3.202205653e-05 Size:  5
Vacancy Formation Energy (Cell Structure Relaxation): 8.81361165739e-06 Size:  5
Vacancy Formation Energy (Cell Structure Relaxation): 2.61618865807e-05 Size:  5
Vacancy Formation Energy (Cell Structure Relaxation): 7.27540782464e-06 Size:  5
Vacancy Formation Energy (Cell Structure Relaxation): 1.22119040498e-05 Size:  5
Vacancy Formation Energy (Cell Structure Relaxation): 3.11404801323e-06 Size:  5
Vacancy Formation Energy (Cell Structure Relaxation): 8.83317579792e-06 Size:  5
Vacancy Formation Energy (Cell Structure Relaxation): 2.47574234891e-06 Size:  5
Vacancy Formation Energy (Cell Structure Relaxation): 6.79991990182e-06 Size:  5
Vacancy Formation Energy (Cell Structure Relaxation): 1.84402233572e-06 Size:  5
Vacancy Formation Energy (Cell Structure Relaxation): 2.71407452601e-06 Size:  5
Vacancy Formation Energy (Cell Structure Relaxation): 7.45033503335e-07 Size:  5
Vacancy Formation Energy (Cell Structure Relaxation): 2.47289290201e-06 Size:  5
Vacancy Formation Energy (Cell Structure Relaxation): 6.90184606356e-07 Size:  5
Vacancy Formation Energy (Cell Structure Relaxation): 1.66224663189e-06 Size:  5
Vacancy Formation Energy (Cell Structure Relaxation): 4.35770289187e-07 Size:  5
Vacancy Formation Energy (Cell Structure Relaxation): 7.54494521971e-07 Size:  5
Vacancy Formation Energy (Cell Structure Relaxation): 2.24569703278e-07 Size:  5
Vacancy Formation Energy (Cell Structure Relaxation): 7.56980625738e-07 Size:  5
Vacancy Formation Energy (Cell Structure Relaxation): 1.97059307538e-07 Size:  5
Vacancy Formation Energy (Cell Structure Relaxation): 4.1066095946e-07 Size:  5
Vacancy Formation Energy (Cell Structure Relaxation): 1.2593000065e-07 Size:  5
Vacancy Formation Energy (Cell Structure Relaxation): 2.13840849028e-07 Size:  5
Vacancy Formation Energy (Cell Structure Relaxation): 7.83979885455e-08 Size:  5
Vacancy Formation Energy (Cell Structure Relaxation): 1.74527940544e-07 Size:  5
Vacancy Formation Energy (Cell Structure Relaxation): 6.22958395979e-08 Size:  5
Vacancy Formation Energy (Cell Structure Relaxation): 1.12870566227e-07 Size:  5
Vacancy Formation Energy (Cell Structure Relaxation): 1.71626197698e-07 Size:  5
Vacancy Formation Energy (Cell Structure Relaxation): 4.497496775e-08 Size:  5
Vacancy Formation Energy (Cell Structure Relaxation): 1.59096543939e-07 Size:  5
Vacancy Formation Energy (Cell Structure Relaxation): 4.58148861071e-08 Size:  5
Vacancy Formation Energy (Cell Structure Relaxation): 1.384182724e-07 Size:  5
Vacancy Formation Energy (Cell Structure Relaxation): 4.72432475362e-08 Size:  5
Vacancy Formation Energy (Cell Structure Relaxation): 1.09396296466e-07 Size:  5
Vacancy Formation Energy (Cell Structure Relaxation): 4.44752004114e-08 Size:  5
Vacancy Formation Energy (Cell Structure Relaxation): 5.03864612256e-08 Size:  5
Vacancy Formation Energy (Cell Structure Relaxation): 2.62552930508e-08 Size:  5
Vacancy Formation Energy (Cell Structure Relaxation): 7.4302079156e-08 Size:  5
Vacancy Formation Energy (Cell Structure Relaxation): 2.09761310543e-08 Size:  5
Vacancy Formation Energy (Cell Structure Relaxation): 3.57213139068e-08 Size:  5
Vacancy Formation Energy (Cell Structure Relaxation): 3.14003045787e-08 Size:  5
Vacancy Formation Energy (Cell Structure Relaxation): 2.47141542786e-08 Size:  5
Vacancy Formation Energy (Cell Structure Relaxation): 4.14411260863e-08 Size:  5
Vacancy Formation Energy (Cell Structure Relaxation): 1.38525138027e-08 Size:  5
Vacancy Formation Energy (Cell Structure Relaxation): 3.29678186972e-08 Size:  5
Vacancy Formation Energy (Cell Structure Relaxation): 1.27588464238e-08 Size:  5
Vacancy Formation Energy (Cell Structure Relaxation): 3.42420207744e-08 Size:  5
Vacancy Formation Energy (Cell Structure Relaxation): 1.0923940863e-08 Size:  5
Vacancy Formation Energy (Cell Structure Relaxation): 1.87860678125e-08 Size:  5
Vacancy Formation Energy (Cell Structure Relaxation): 2.44872353505e-08 Size:  5
Vacancy Formation Energy (Cell Structure Relaxation): 8.79254002939e-09 Size:  5
Vacancy Formation Energy (Cell Structure Relaxation): 2.19747562369e-08 Size:  5
Vacancy Formation Energy (Cell Structure Relaxation): 9.38553057495e-09 Size:  5
Vacancy Formation Energy (Cell Structure Relaxation): 2.83334884443e-08 Size:  5
Vacancy Formation Energy (Cell Structure Relaxation): 6.36919139652e-09 Size:  5
Vacancy Formation Energy (Cell Structure Relaxation): 1.45018930198e-08 Size:  5
Vacancy Formation Energy (Cell Structure Relaxation): 7.57199813961e-09 Size:  5
Vacancy Formation Energy (Cell Structure Relaxation): 1.14910108096e-08 Size:  5
Vacancy Formation Energy (Cell Structure Relaxation): 4.90490492666e-09 Size:  5
Vacancy Formation Energy (Cell Structure Relaxation): 9.24637788557e-09 Size:  5
Vacancy Formation Energy (Cell Structure Relaxation): 4.17549017584e-09 Size:  5
Vacancy Formation Energy (Cell Structure Relaxation): 1.00649231172e-08 Size:  5
Vacancy Formation Energy (Cell Structure Relaxation): 4.18549461756e-09 Size:  5
Vacancy Formation Energy (Cell Structure Relaxation): 2.8990143619e-09 Size:  5
Vacancy Formation Energy (Cell Structure Relaxation): 4.89126250613e-09 Size:  5
Vacancy Formation Energy (Cell Structure Relaxation): 2.87991497316e-09 Size:  5
Vacancy Formation Energy (Cell Structure Relaxation): 5.24369170307e-09 Size:  5
Vacancy Formation Energy (Cell Structure Relaxation): 2.45108822128e-09 Size:  5
Vacancy Formation Energy (Cell Structure Relaxation): 3.3869582694e-09 Size:  5
Vacancy Formation Energy (Cell Structure Relaxation): 3.07454683934e-09 Size:  5
Vacancy Formation Energy (Cell Structure Relaxation): 2.31329977396e-09 Size:  5
Vacancy Formation Energy (Cell Structure Relaxation): 3.75985109713e-09 Size:  5
Vacancy Formation Energy (Cell Structure Relaxation): 1.61026036949e-09 Size:  5
Vacancy Formation Energy (Cell Structure Relaxation): 4.85670170747e-10 Size:  5
Vacancy Formation Energy (Cell Structure Relaxation): 3.04453351418e-09 Size:  5
Vacancy Formation Energy (Cell Structure Relaxation): 1.52158463607e-09 Size:  5
Vacancy Formation Energy (Cell Structure Relaxation): 1.88902049558e-09 Size:  5
Vacancy Formation Energy (Cell Structure Relaxation): 2.18960849452e-09 Size:  5
Vacancy Formation Energy (Cell Structure Relaxation): 3.3064679883e-09 Size:  5
Vacancy Formation Energy (Cell Structure Relaxation): 7.79436959419e-10 Size:  5
Vacancy Formation Energy (Cell Structure Relaxation): 4.1045495891e-09 Size:  5
Vacancy Formation Energy (Cell Structure Relaxation): 1.97815097636e-10 Size:  5
Vacancy Formation Energy (Cell Structure Relaxation): 3.39377947967e-09 Size:  5
Vacancy Formation Energy (Cell Structure Relaxation): 1.40198608278e-09 Size:  5
Vacancy Formation Energy (Cell Structure Relaxation): 1.30785338115e-09 Size:  5
Vacancy Formation Energy (Cell Structure Relaxation): 1.70030034496e-09 Size:  5
Vacancy Formation Energy (Cell Structure Relaxation): 9.08585207071e-10 Size:  5
Vacancy Formation Energy (Cell Structure Relaxation): 1.31376509671e-09 Size:  5
Vacancy Formation Energy (Cell Structure Relaxation): 3.43334249919e-10 Size:  5
Vacancy Formation Energy (Cell Structure Relaxation): 9.50421963353e-10 Size:  5
Vacancy Formation Energy (Cell Structure Relaxation): 7.39873939892e-10 Size:  5
Vacancy Formation Energy (Cell Structure Relaxation): 4.83851181343e-10 Size:  5
Vacancy Formation Energy (Cell Structure Relaxation): 2.50702214544e-09 Size:  5
Vacancy Formation Energy (Cell Structure Relaxation): 3.45153239323e-10 Size:  5
Vacancy Formation Energy (Cell Structure Relaxation): 6.45741238259e-10 Size:  5
Vacancy Formation Energy (Cell Structure Relaxation): 2.01043803827e-09 Size:  5
Vacancy Formation Energy (Cell Structure Relaxation): -1.04091668618e-09 Size:  5
Vacancy Formation Energy (Cell Structure Relaxation): -4.73846739624e-10 Size:  5
Vacancy Formation Energy (Cell Structure Relaxation): 5.87533577345e-10 Size:  5
Vacancy Formation Energy (Cell Structure Relaxation): 9.83618519967e-10 Size:  5
Vacancy Formation Energy (Cell Structure Relaxation): -1.11231202027e-09 Size:  5
Vacancy Formation Energy (Cell Structure Relaxation): 9.69066604739e-10 Size:  5
Vacancy Formation Energy (Cell Structure Relaxation): 1.15051079774e-10 Size:  5
Vacancy Formation Energy (Cell Structure Relaxation): 7.83984432928e-10 Size:  5
Vacancy Formation Energy (Cell Structure Relaxation): -6.33463059785e-10 Size:  5
Vacancy Formation Energy (Cell Structure Relaxation): -5.72526914766e-10 Size:  5
Vacancy Formation Energy (Cell Structure Relaxation): 1.17461240734e-09 Size:  5
Vacancy Formation Energy (Cell Structure Relaxation): 6.60747900838e-10 Size:  5
Vacancy Formation Energy (Cell Structure Relaxation): 1.19871401694e-09 Size:  5
Vacancy Formation Energy (Cell Structure Relaxation): -6.51198206469e-10 Size:  5
Vacancy Formation Energy (Cell Structure Relaxation): -7.28050508769e-10 Size:  5
Vacancy Formation Energy (Cell Structure Relaxation): 9.00399754755e-11 Size:  5
Vacancy Formation Energy (Cell Structure Relaxation): 2.47382558882e-10 Size:  5
Vacancy Formation Energy (Cell Structure Relaxation): 1.90493665286e-09 Size:  5
Vacancy Formation Energy (Cell Structure Relaxation): -1.44291334436e-09 Size:  5
Vacancy Formation Energy (Cell Structure Relaxation): -7.67158780945e-10 Size:  5
Optimization terminated successfully.
         Current function value: -0.000000
         Iterations: 93
         Function evaluations: 177
Summary:
Vacancy Formation Energy: -1.44291334436e-09
Unrelaxed Cell Volume: 24222.2063765
Relaxed Cell Volume: 24222.2085194
Relaxation Volume: -0.00214282125307
Relaxed Cell Vector:
[  2.89337464e+01   1.94659938e-06   2.89337235e+01   8.93735012e-06
   8.36243441e-07   2.89337510e+01]
Unrelaxed Cell Vector:
[28.933739475900001, 0.0, 28.933739475900001, 0.0, 0.0, 28.933739475900001]
Relaxed Cell:
[[  2.89337464e+01   0.00000000e+00   0.00000000e+00]
 [  1.94659938e-06   2.89337235e+01   0.00000000e+00]
 [  8.93735012e-06   8.36243441e-07   2.89337510e+01]]
Unrelaxed Cell:
[[ 28.93373948   0.           0.        ]
 [  0.          28.93373948   0.        ]
 [  0.           0.          28.93373948]]

[Calculation Results Summary]
Sizes: [3, 4, 5]
Formation Energy By Size:
[0.0, -6.1481841839849949e-10, -1.4429133443627506e-09]
Relaxation Volume By Size:
[0.0, 0.002034933169852593, -0.0021428212530736346]

[Extrapolation]
Fitting with 2 points, including orders [0, 3]
Fit with data beginning 0

Fit with Size: [3 4]
Orders: [0, 3]
Matrix A (Ax = y):
[[ 1.          0.03703704]
 [ 1.          0.015625  ]]
Data for Fitting: [  0.00000000e+00  -6.14818418e-10]
Fitting Results: (array([ -1.06346970e-09,   2.87136818e-08]), array([], dtype=float64), 2, array([ 1.41470379,  0.01513535]))

Fit with Size: [3 4]
Orders: [0, 3]
Matrix A (Ax = y):
[[ 1.          0.03703704]
 [ 1.          0.015625  ]]
Data for Fitting: [ 0.          0.00203493]
Fitting Results: (array([ 0.00351988, -0.09503688]), array([], dtype=float64), 2, array([ 1.41470379,  0.01513535]))
Fit with data beginning 1

Fit with Size: [4 5]
Orders: [0, 3]
Matrix A (Ax = y):
[[ 1.        0.015625]
 [ 1.        0.008   ]]
Data for Fitting: [ -6.14818418e-10  -1.44291334e-09]
Fitting Results: (array([ -2.31173425e-09,   1.08602613e-07]), array([], dtype=float64), 2, array([ 1.41431223,  0.00539131]))

Fit with Size: [4 5]
Orders: [0, 3]
Matrix A (Ax = y):
[[ 1.        0.015625]
 [ 1.        0.008   ]]
Data for Fitting: [ 0.00203493 -0.00214282]
Fitting Results: (array([-0.00652604,  0.54790222]), array([], dtype=float64), 2, array([ 1.41431223,  0.00539131]))
Fitting with 3 points, including orders [0, 3]
Fit with data beginning 0

Fit with Size: [3 4 5]
Orders: [0, 3]
Matrix A (Ax = y):
[[ 1.          0.03703704]
 [ 1.          0.015625  ]
 [ 1.          0.008     ]]
Data for Fitting: [  0.00000000e+00  -6.14818418e-10  -1.44291334e-09]
Fitting Results: (array([ -1.59862524e-09,   4.51376858e-08]), array([  1.25113704e-19]), 2, array([ 1.73240492,  0.02128544]))

Fit with Size: [3 4 5]
Orders: [0, 3]
Matrix A (Ax = y):
[[ 1.          0.03703704]
 [ 1.          0.015625  ]
 [ 1.          0.008     ]]
Data for Fitting: [ 0.          0.00203493 -0.00214282]
Fitting Results: (array([-0.000787  ,  0.03714206]), array([  8.10347565e-06]), 2, array([ 1.73240492,  0.02128544]))
Fitting with 3 points, including orders [0, 3, 4]
Fit with data beginning 0

Fit with Size: [3 4 5]
Orders: [0, 3, 4]
Matrix A (Ax = y):
[[ 1.          0.03703704  0.01234568]
 [ 1.          0.015625    0.00390625]
 [ 1.          0.008       0.0016    ]]
Data for Fitting: [  0.00000000e+00  -6.14818418e-10  -1.44291334e-09]
Fitting Results: (array([ -3.02594747e-09,   3.72147293e-07,  -8.71340133e-07]), array([], dtype=float64), 3, array([  1.73243559e+00,   2.27351353e-02,   3.80051182e-04]))

Fit with Size: [3 4 5]
Orders: [0, 3, 4]
Matrix A (Ax = y):
[[ 1.          0.03703704  0.01234568]
 [ 1.          0.015625    0.00390625]
 [ 1.          0.008       0.0016    ]]
Data for Fitting: [ 0.          0.00203493 -0.00214282]
Fitting Results: (array([-0.01227396,  2.66888664, -7.01246881]), array([], dtype=float64), 3, array([  1.73243559e+00,   2.27351353e-02,   3.80051182e-04]))
Fitting with 3 points, including orders [0, 3, 5]
Fit with data beginning 0

Fit with Size: [3 4 5]
Orders: [0, 3, 5]
Matrix A (Ax = y):
[[  1.00000000e+00   3.70370370e-02   4.11522634e-03]
 [  1.00000000e+00   1.56250000e-02   9.76562500e-04]
 [  1.00000000e+00   8.00000000e-03   3.20000000e-04]]
Data for Fitting: [  0.00000000e+00  -6.14818418e-10  -1.44291334e-09]
Fitting Results: (array([ -2.79897687e-09,   2.22346697e-07,  -1.32096889e-06]), array([], dtype=float64), 3, array([  1.73240774e+00,   2.14761184e-02,   2.65390853e-04]))

Fit with Size: [3 4 5]
Orders: [0, 3, 5]
Matrix A (Ax = y):
[[  1.00000000e+00   3.70370370e-02   4.11522634e-03]
 [  1.00000000e+00   1.56250000e-02   9.76562500e-04]
 [  1.00000000e+00   8.00000000e-03   3.20000000e-04]]
Data for Fitting: [ 0.          0.00203493 -0.00214282]
Fitting Results: (array([ -1.04473248e-02,   1.46330461e+00,  -1.06310415e+01]), array([], dtype=float64), 3, array([  1.73240774e+00,   2.14761184e-02,   2.65390853e-04]))
Fitting with 3 points, including orders [0, 3, 6]
Fit with data beginning 0

Fit with Size: [3 4 5]
Orders: [0, 3, 6]
Matrix A (Ax = y):
[[  1.00000000e+00   3.70370370e-02   1.37174211e-03]
 [  1.00000000e+00   1.56250000e-02   2.44140625e-04]
 [  1.00000000e+00   8.00000000e-03   6.40000000e-05]]
Data for Fitting: [  0.00000000e+00  -6.14818418e-10  -1.44291334e-09]
Fitting Results: (array([ -2.65564387e-09,   1.73601532e-07,  -2.75127698e-06]), array([], dtype=float64), 3, array([  1.73240519e+00,   2.13086278e-02,   1.28423698e-04]))

Fit with Size: [3 4 5]
Orders: [0, 3, 6]
Matrix A (Ax = y):
[[  1.00000000e+00   3.70370370e-02   1.37174211e-03]
 [  1.00000000e+00   1.56250000e-02   2.44140625e-04]
 [  1.00000000e+00   8.00000000e-03   6.40000000e-05]]
Data for Fitting: [ 0.          0.00203493 -0.00214282]
Fitting Results: (array([ -9.29379342e-03,   1.07100780e+00,  -2.21420353e+01]), array([], dtype=float64), 3, array([  1.73240519e+00,   2.13086278e-02,   1.28423698e-04]))

[Fitting Results Summary]
Sizes: [3, 4, 5]
Data Points Used: [2, 3, 3, 3, 3]
Orders Included:
[[0, 3] [0, 3] [0, 3, 4] [0, 3, 5] [0, 3, 6]]
Formation Energy Fits By Size:
[[-1.0634696966892962e-09, -2.3117342502924559e-09]
 [-1.5986252436143559e-09] [-3.0259474742612759e-09]
 [-2.7989768743024427e-09] [-2.655643872203482e-09]]
Relaxation Volume Fits By Size:
[[0.0035198844019071873, -0.0065260390082749207] [-0.00078700040181880527]
 [-0.012273964258430674] [-0.010447324819725273] [-0.0092937934172022431]]

[Final Results]
[
    {
        "property-id" "tag:staff@noreply.openkim.org,2015-07-28:property/monovacancy-neutral-relaxed-formation-potential-energy-crystal-npt" 
        "instance-id" 1 
        "relaxed-formation-potential-energy" {
            "source-value" -2.3117342502924559e-09 
            "source-unit" "eV" 
            "source-std-uncert-value" 7.142146815144976e-10
        } 
        "host-cauchy-stress" {
            "source-value" [
                0 
                0 
                0 
                0 
                0 
                0
            ] 
            "source-unit" "GPa"
        } 
        "host-removed-atom" {
            "source-value" 1
        } 
        "host-short-name" {
            "source-value" [
                "diamond"
            ]
        } 
        "host-a" {
            "source-value" 5.7867478951800004 
            "source-unit" "angstrom"
        } 
        "host-b" {
            "source-value" 5.7867478951800004 
            "source-unit" "angstrom"
        } 
        "host-c" {
            "source-value" 5.7867478951800004 
            "source-unit" "angstrom"
        } 
        "host-alpha" {
            "source-value" 90.0 
            "source-unit" "degree"
        } 
        "host-beta" {
            "source-value" 90.0 
            "source-unit" "degree"
        } 
        "host-gamma" {
            "source-value" 90.0 
            "source-unit" "degree"
        } 
        "host-space-group" {
            "source-value" "Fd-3m"
        } 
        "host-wyckoff-multiplicity-and-letter" {
            "source-value" [
                "8a"
            ]
        } 
        "host-wyckoff-coordinates" {
            "source-value" [
                [
                    0.0 
                    0.0 
                    0.0
                ]
            ]
        } 
        "host-wyckoff-species" {
            "source-value" [
                "Al"
            ]
        } 
        "reservoir-cohesive-potential-energy" {
            "source-value" -20.78759836218892 
            "source-unit" "eV"
        } 
        "reservoir-short-name" {
            "source-value" [
                "diamond"
            ]
        } 
        "reservoir-cauchy-stress" {
            "source-value" [
                0.0 
                0.0 
                0.0 
                0.0 
                0.0 
                0.0
            ] 
            "source-unit" "GPa"
        } 
        "reservoir-a" {
            "source-value" 5.7867478951800004 
            "source-unit" "angstrom"
        } 
        "reservoir-b" {
            "source-value" 5.7867478951800004 
            "source-unit" "angstrom"
        } 
        "reservoir-c" {
            "source-value" 5.7867478951800004 
            "source-unit" "angstrom"
        } 
        "reservoir-alpha" {
            "source-value" 90.0 
            "source-unit" "degree"
        } 
        "reservoir-beta" {
            "source-value" 90.0 
            "source-unit" "degree"
        } 
        "reservoir-gamma" {
            "source-value" 90.0 
            "source-unit" "degree"
        } 
        "reservoir-space-group" {
            "source-value" "Fd-3m"
        } 
        "reservoir-wyckoff-multiplicity-and-letter" {
            "source-value" [
                "8a"
            ]
        } 
        "reservoir-wyckoff-coordinates" {
            "source-value" [
                [
                    0.0 
                    0.0 
                    0.0
                ]
            ]
        } 
        "reservoir-wyckoff-species" {
            "source-value" [
                "Al"
            ]
        }
    } 
    {
        "property-id" "tag:staff@noreply.openkim.org,2015-07-28:property/monovacancy-neutral-relaxation-volume-crystal-npt" 
        "instance-id" 2 
        "relaxation-volume" {
            "source-value" -0.0065260390082749207 
            "source-unit" "angstrom^3" 
            "source-std-uncert-value" 0.24229025324902592
        } 
        "host-cauchy-stress" {
            "source-value" [
                0 
                0 
                0 
                0 
                0 
                0
            ] 
            "source-unit" "GPa"
        } 
        "host-removed-atom" {
            "source-value" 1
        } 
        "host-short-name" {
            "source-value" [
                "diamond"
            ]
        } 
        "host-a" {
            "source-value" 5.7867478951800004 
            "source-unit" "angstrom"
        } 
        "host-b" {
            "source-value" 5.7867478951800004 
            "source-unit" "angstrom"
        } 
        "host-c" {
            "source-value" 5.7867478951800004 
            "source-unit" "angstrom"
        } 
        "host-alpha" {
            "source-value" 90.0 
            "source-unit" "degree"
        } 
        "host-beta" {
            "source-value" 90.0 
            "source-unit" "degree"
        } 
        "host-gamma" {
            "source-value" 90.0 
            "source-unit" "degree"
        } 
        "host-space-group" {
            "source-value" "Fd-3m"
        } 
        "host-wyckoff-multiplicity-and-letter" {
            "source-value" [
                "8a"
            ]
        } 
        "host-wyckoff-coordinates" {
            "source-value" [
                [
                    0.0 
                    0.0 
                    0.0
                ]
            ]
        } 
        "host-wyckoff-species" {
            "source-value" [
                "Al"
            ]
        }
    }
]
