Imported bulk from ase.lattice
Parameters Input: Al sc EAM_Dynamo_Mendelev_Kramer_Al__MO_106969701023_001 [2.71326322109]

[Calculation]

Supercell Size: 3
Unrelaxed Cell:
[[ 8.13978966  0.          0.        ]
 [ 0.          8.13978966  0.        ]
 [ 0.          0.          8.13978966]]
Unrelaxed Cell Vector:
[8.1397896632700011, 0.0, 8.1397896632700011, 0.0, 0.0, 8.1397896632700011]
Vacancy Formation Energy (Cell Structure Relaxation): 0.828254506551 Size:  3
Vacancy Formation Energy (Cell Structure Relaxation): 1.46603971097 Size:  3
Vacancy Formation Energy (Cell Structure Relaxation): 0.826610535692 Size:  3
Vacancy Formation Energy (Cell Structure Relaxation): 1.46561822435 Size:  3
Vacancy Formation Energy (Cell Structure Relaxation): 0.826360433741 Size:  3
Vacancy Formation Energy (Cell Structure Relaxation): 0.826360434405 Size:  3
Vacancy Formation Energy (Cell Structure Relaxation): 1.46620830329 Size:  3
Vacancy Formation Energy (Cell Structure Relaxation): 1.35324881522 Size:  3
Vacancy Formation Energy (Cell Structure Relaxation): 0.383737561894 Size:  3
Vacancy Formation Energy (Cell Structure Relaxation): 1.25883205001 Size:  3
Vacancy Formation Energy (Cell Structure Relaxation): -3.82894229505 Size:  3
Vacancy Formation Energy (Cell Structure Relaxation): -4.36482461707 Size:  3
Vacancy Formation Energy (Cell Structure Relaxation): -3.46747493288 Size:  3
Vacancy Formation Energy (Cell Structure Relaxation): -3.82972425376 Size:  3
Vacancy Formation Energy (Cell Structure Relaxation): -4.17819330735 Size:  3
Vacancy Formation Energy (Cell Structure Relaxation): -4.5188413608 Size:  3
Vacancy Formation Energy (Cell Structure Relaxation): -5.69516618169 Size:  3
Vacancy Formation Energy (Cell Structure Relaxation): -5.69474726166 Size:  3
Vacancy Formation Energy (Cell Structure Relaxation): -4.89313363048 Size:  3
Vacancy Formation Energy (Cell Structure Relaxation): -4.77083518875 Size:  3
Vacancy Formation Energy (Cell Structure Relaxation): -3.86448864403 Size:  3
Vacancy Formation Energy (Cell Structure Relaxation): -5.12293324 Size:  3
Vacancy Formation Energy (Cell Structure Relaxation): -2.95747362438 Size:  3
Vacancy Formation Energy (Cell Structure Relaxation): -6.73756086876 Size:  3
Vacancy Formation Energy (Cell Structure Relaxation): -5.47709754892 Size:  3
Vacancy Formation Energy (Cell Structure Relaxation): -6.11860653454 Size:  3
Vacancy Formation Energy (Cell Structure Relaxation): -6.75414426104 Size:  3
Vacancy Formation Energy (Cell Structure Relaxation): -5.81605284846 Size:  3
Vacancy Formation Energy (Cell Structure Relaxation): -6.16976894258 Size:  3
Vacancy Formation Energy (Cell Structure Relaxation): -5.06039876187 Size:  3
Vacancy Formation Energy (Cell Structure Relaxation): -6.57376979526 Size:  3
Vacancy Formation Energy (Cell Structure Relaxation): -6.4553585157 Size:  3
Vacancy Formation Energy (Cell Structure Relaxation): -6.19829283676 Size:  3
Vacancy Formation Energy (Cell Structure Relaxation): -6.87248136373 Size:  3
Vacancy Formation Energy (Cell Structure Relaxation): -6.68585957946 Size:  3
Vacancy Formation Energy (Cell Structure Relaxation): -7.151272349 Size:  3
Vacancy Formation Energy (Cell Structure Relaxation): -7.16669680404 Size:  3
Vacancy Formation Energy (Cell Structure Relaxation): -7.30690432721 Size:  3
Vacancy Formation Energy (Cell Structure Relaxation): -6.90807510528 Size:  3
Vacancy Formation Energy (Cell Structure Relaxation): -7.27512328007 Size:  3
Vacancy Formation Energy (Cell Structure Relaxation): -7.28906352087 Size:  3
Vacancy Formation Energy (Cell Structure Relaxation): -6.52517831004 Size:  3
Vacancy Formation Energy (Cell Structure Relaxation): -7.18595199417 Size:  3
Vacancy Formation Energy (Cell Structure Relaxation): -7.18320024887 Size:  3
Vacancy Formation Energy (Cell Structure Relaxation): -6.58539565885 Size:  3
Vacancy Formation Energy (Cell Structure Relaxation): -7.28166645995 Size:  3
Vacancy Formation Energy (Cell Structure Relaxation): -7.30423457415 Size:  3
Vacancy Formation Energy (Cell Structure Relaxation): -6.92592419232 Size:  3
Vacancy Formation Energy (Cell Structure Relaxation): -7.37387190068 Size:  3
Vacancy Formation Energy (Cell Structure Relaxation): -7.17071682427 Size:  3
Vacancy Formation Energy (Cell Structure Relaxation): -7.34444672198 Size:  3
Vacancy Formation Energy (Cell Structure Relaxation): -7.11889185689 Size:  3
Vacancy Formation Energy (Cell Structure Relaxation): -7.38684975517 Size:  3
Vacancy Formation Energy (Cell Structure Relaxation): -7.31185861179 Size:  3
Vacancy Formation Energy (Cell Structure Relaxation): -7.24539458962 Size:  3
Vacancy Formation Energy (Cell Structure Relaxation): -7.37822044507 Size:  3
Vacancy Formation Energy (Cell Structure Relaxation): -7.20015699678 Size:  3
Vacancy Formation Energy (Cell Structure Relaxation): -7.38666315614 Size:  3
Vacancy Formation Energy (Cell Structure Relaxation): -7.23909348996 Size:  3
Vacancy Formation Energy (Cell Structure Relaxation): -7.38928324725 Size:  3
Vacancy Formation Energy (Cell Structure Relaxation): -7.3018314934 Size:  3
Vacancy Formation Energy (Cell Structure Relaxation): -7.38322925862 Size:  3
Vacancy Formation Energy (Cell Structure Relaxation): -7.30490479671 Size:  3
Vacancy Formation Energy (Cell Structure Relaxation): -7.39295752373 Size:  3
Vacancy Formation Energy (Cell Structure Relaxation): -7.37942352021 Size:  3
Vacancy Formation Energy (Cell Structure Relaxation): -7.37885546862 Size:  3
Vacancy Formation Energy (Cell Structure Relaxation): -7.40032243306 Size:  3
Vacancy Formation Energy (Cell Structure Relaxation): -7.35899926268 Size:  3
Vacancy Formation Energy (Cell Structure Relaxation): -7.4017990246 Size:  3
Vacancy Formation Energy (Cell Structure Relaxation): -7.35348832982 Size:  3
Vacancy Formation Energy (Cell Structure Relaxation): -7.40345809007 Size:  3
Vacancy Formation Energy (Cell Structure Relaxation): -7.34523708341 Size:  3
Vacancy Formation Energy (Cell Structure Relaxation): -7.40476036427 Size:  3
Vacancy Formation Energy (Cell Structure Relaxation): -7.3835439976 Size:  3
Vacancy Formation Energy (Cell Structure Relaxation): -7.4015184288 Size:  3
Vacancy Formation Energy (Cell Structure Relaxation): -7.39259884114 Size:  3
Vacancy Formation Energy (Cell Structure Relaxation): -7.40321921657 Size:  3
Vacancy Formation Energy (Cell Structure Relaxation): -7.40116283633 Size:  3
Vacancy Formation Energy (Cell Structure Relaxation): -7.39796912501 Size:  3
Vacancy Formation Energy (Cell Structure Relaxation): -7.40609728891 Size:  3
Vacancy Formation Energy (Cell Structure Relaxation): -7.39332911685 Size:  3
Vacancy Formation Energy (Cell Structure Relaxation): -7.40676810191 Size:  3
Vacancy Formation Energy (Cell Structure Relaxation): -7.39470602962 Size:  3
Vacancy Formation Energy (Cell Structure Relaxation): -7.40665250334 Size:  3
Vacancy Formation Energy (Cell Structure Relaxation): -7.40237549284 Size:  3
Vacancy Formation Energy (Cell Structure Relaxation): -7.40633244635 Size:  3
Vacancy Formation Energy (Cell Structure Relaxation): -7.40172424236 Size:  3
Vacancy Formation Energy (Cell Structure Relaxation): -7.40663313675 Size:  3
Vacancy Formation Energy (Cell Structure Relaxation): -7.40350803946 Size:  3
Vacancy Formation Energy (Cell Structure Relaxation): -7.40664688454 Size:  3
Vacancy Formation Energy (Cell Structure Relaxation): -7.40276984393 Size:  3
Vacancy Formation Energy (Cell Structure Relaxation): -7.40711667721 Size:  3
Vacancy Formation Energy (Cell Structure Relaxation): -7.40635094846 Size:  3
Vacancy Formation Energy (Cell Structure Relaxation): -7.40474691134 Size:  3
Vacancy Formation Energy (Cell Structure Relaxation): -7.40747754993 Size:  3
Vacancy Formation Energy (Cell Structure Relaxation): -7.40603208292 Size:  3
Vacancy Formation Energy (Cell Structure Relaxation): -7.40736279689 Size:  3
Vacancy Formation Energy (Cell Structure Relaxation): -7.40630239698 Size:  3
Vacancy Formation Energy (Cell Structure Relaxation): -7.40743889761 Size:  3
Vacancy Formation Energy (Cell Structure Relaxation): -7.40668311922 Size:  3
Vacancy Formation Energy (Cell Structure Relaxation): -7.40486403609 Size:  3
Vacancy Formation Energy (Cell Structure Relaxation): -7.40756713324 Size:  3
Vacancy Formation Energy (Cell Structure Relaxation): -7.40685619192 Size:  3
Vacancy Formation Energy (Cell Structure Relaxation): -7.40582819377 Size:  3
Vacancy Formation Energy (Cell Structure Relaxation): -7.40751921006 Size:  3
Vacancy Formation Energy (Cell Structure Relaxation): -7.40671360623 Size:  3
Vacancy Formation Energy (Cell Structure Relaxation): -7.40746668787 Size:  3
Vacancy Formation Energy (Cell Structure Relaxation): -7.40734930113 Size:  3
Vacancy Formation Energy (Cell Structure Relaxation): -7.40761966985 Size:  3
Vacancy Formation Energy (Cell Structure Relaxation): -7.40740023231 Size:  3
Vacancy Formation Energy (Cell Structure Relaxation): -7.4076196784 Size:  3
Vacancy Formation Energy (Cell Structure Relaxation): -7.40712990114 Size:  3
Vacancy Formation Energy (Cell Structure Relaxation): -7.40765204403 Size:  3
Vacancy Formation Energy (Cell Structure Relaxation): -7.40727731233 Size:  3
Vacancy Formation Energy (Cell Structure Relaxation): -7.40764548628 Size:  3
Vacancy Formation Energy (Cell Structure Relaxation): -7.40725147572 Size:  3
Vacancy Formation Energy (Cell Structure Relaxation): -7.40764887001 Size:  3
Vacancy Formation Energy (Cell Structure Relaxation): -7.40748595242 Size:  3
Vacancy Formation Energy (Cell Structure Relaxation): -7.40764142984 Size:  3
Vacancy Formation Energy (Cell Structure Relaxation): -7.40762328322 Size:  3
Vacancy Formation Energy (Cell Structure Relaxation): -7.40765335448 Size:  3
Vacancy Formation Energy (Cell Structure Relaxation): -7.40751525917 Size:  3
Vacancy Formation Energy (Cell Structure Relaxation): -7.40752900421 Size:  3
Vacancy Formation Energy (Cell Structure Relaxation): -7.40768034682 Size:  3
Vacancy Formation Energy (Cell Structure Relaxation): -7.40761226531 Size:  3
Vacancy Formation Energy (Cell Structure Relaxation): -7.40767366142 Size:  3
Vacancy Formation Energy (Cell Structure Relaxation): -7.4076104113 Size:  3
Vacancy Formation Energy (Cell Structure Relaxation): -7.40767999502 Size:  3
Vacancy Formation Energy (Cell Structure Relaxation): -7.40765804363 Size:  3
Vacancy Formation Energy (Cell Structure Relaxation): -7.40761639959 Size:  3
Vacancy Formation Energy (Cell Structure Relaxation): -7.40768315251 Size:  3
Vacancy Formation Energy (Cell Structure Relaxation): -7.40766765754 Size:  3
Vacancy Formation Energy (Cell Structure Relaxation): -7.40758973728 Size:  3
Vacancy Formation Energy (Cell Structure Relaxation): -7.40768814569 Size:  3
Vacancy Formation Energy (Cell Structure Relaxation): -7.40764895121 Size:  3
Vacancy Formation Energy (Cell Structure Relaxation): -7.40768404466 Size:  3
Vacancy Formation Energy (Cell Structure Relaxation): -7.40766578408 Size:  3
Vacancy Formation Energy (Cell Structure Relaxation): -7.40768584614 Size:  3
Vacancy Formation Energy (Cell Structure Relaxation): -7.40767475702 Size:  3
Vacancy Formation Energy (Cell Structure Relaxation): -7.40768784045 Size:  3
Vacancy Formation Energy (Cell Structure Relaxation): -7.40767766877 Size:  3
Vacancy Formation Energy (Cell Structure Relaxation): -7.40768933037 Size:  3
Vacancy Formation Energy (Cell Structure Relaxation): -7.40766731214 Size:  3
Vacancy Formation Energy (Cell Structure Relaxation): -7.40769034941 Size:  3
Vacancy Formation Energy (Cell Structure Relaxation): -7.40769327609 Size:  3
Vacancy Formation Energy (Cell Structure Relaxation): -7.40768486172 Size:  3
Vacancy Formation Energy (Cell Structure Relaxation): -7.40767982844 Size:  3
Vacancy Formation Energy (Cell Structure Relaxation): -7.40769146633 Size:  3
Vacancy Formation Energy (Cell Structure Relaxation): -7.4076877438 Size:  3
Vacancy Formation Energy (Cell Structure Relaxation): -7.40769240252 Size:  3
Vacancy Formation Energy (Cell Structure Relaxation): -7.40768798431 Size:  3
Vacancy Formation Energy (Cell Structure Relaxation): -7.40769236257 Size:  3
Vacancy Formation Energy (Cell Structure Relaxation): -7.40768091095 Size:  3
Vacancy Formation Energy (Cell Structure Relaxation): -7.40769301528 Size:  3
Vacancy Formation Energy (Cell Structure Relaxation): -7.40769457506 Size:  3
Vacancy Formation Energy (Cell Structure Relaxation): -7.4076908499 Size:  3
Vacancy Formation Energy (Cell Structure Relaxation): -7.40769153744 Size:  3
Vacancy Formation Energy (Cell Structure Relaxation): -7.40768470534 Size:  3
Vacancy Formation Energy (Cell Structure Relaxation): -7.40769436019 Size:  3
Vacancy Formation Energy (Cell Structure Relaxation): -7.40769051266 Size:  3
Vacancy Formation Energy (Cell Structure Relaxation): -7.4076938237 Size:  3
Vacancy Formation Energy (Cell Structure Relaxation): -7.40769508326 Size:  3
Vacancy Formation Energy (Cell Structure Relaxation): -7.4076936765 Size:  3
Vacancy Formation Energy (Cell Structure Relaxation): -7.40769706945 Size:  3
Vacancy Formation Energy (Cell Structure Relaxation): -7.40769812482 Size:  3
Vacancy Formation Energy (Cell Structure Relaxation): -7.40769857537 Size:  3
Vacancy Formation Energy (Cell Structure Relaxation): -7.4077001401 Size:  3
Vacancy Formation Energy (Cell Structure Relaxation): -7.40769372626 Size:  3
Vacancy Formation Energy (Cell Structure Relaxation): -7.40769628432 Size:  3
Vacancy Formation Energy (Cell Structure Relaxation): -7.40769833965 Size:  3
Vacancy Formation Energy (Cell Structure Relaxation): -7.40770108451 Size:  3
Vacancy Formation Energy (Cell Structure Relaxation): -7.40770301527 Size:  3
Vacancy Formation Energy (Cell Structure Relaxation): -7.40770270917 Size:  3
Vacancy Formation Energy (Cell Structure Relaxation): -7.40770567637 Size:  3
Vacancy Formation Energy (Cell Structure Relaxation): -7.40770896959 Size:  3
Vacancy Formation Energy (Cell Structure Relaxation): -7.40770702019 Size:  3
Vacancy Formation Energy (Cell Structure Relaxation): -7.4077052382 Size:  3
Vacancy Formation Energy (Cell Structure Relaxation): -7.40771308187 Size:  3
Vacancy Formation Energy (Cell Structure Relaxation): -7.407719222 Size:  3
Vacancy Formation Energy (Cell Structure Relaxation): -7.40771867317 Size:  3
Vacancy Formation Energy (Cell Structure Relaxation): -7.40772076712 Size:  3
Vacancy Formation Energy (Cell Structure Relaxation): -7.40772859086 Size:  3
Vacancy Formation Energy (Cell Structure Relaxation): -7.40771794266 Size:  3
Vacancy Formation Energy (Cell Structure Relaxation): -7.40772495215 Size:  3
Vacancy Formation Energy (Cell Structure Relaxation): -7.40773588959 Size:  3
Vacancy Formation Energy (Cell Structure Relaxation): -7.40774960547 Size:  3
Vacancy Formation Energy (Cell Structure Relaxation): -7.40774319906 Size:  3
Vacancy Formation Energy (Cell Structure Relaxation): -7.40773953825 Size:  3
Vacancy Formation Energy (Cell Structure Relaxation): -7.40774940315 Size:  3
Vacancy Formation Energy (Cell Structure Relaxation): -7.40776323949 Size:  3
Vacancy Formation Energy (Cell Structure Relaxation): -7.40778499909 Size:  3
Vacancy Formation Energy (Cell Structure Relaxation): -7.4077713366 Size:  3
Vacancy Formation Energy (Cell Structure Relaxation): -7.4077833387 Size:  3
Vacancy Formation Energy (Cell Structure Relaxation): -7.40778212067 Size:  3
Vacancy Formation Energy (Cell Structure Relaxation): -7.40779840054 Size:  3
Vacancy Formation Energy (Cell Structure Relaxation): -7.40782210349 Size:  3
Vacancy Formation Energy (Cell Structure Relaxation): -7.40781943605 Size:  3
Vacancy Formation Energy (Cell Structure Relaxation): -7.40783930124 Size:  3
Vacancy Formation Energy (Cell Structure Relaxation): -7.40787852637 Size:  3
Vacancy Formation Energy (Cell Structure Relaxation): -7.40784146743 Size:  3
Vacancy Formation Energy (Cell Structure Relaxation): -7.40785853906 Size:  3
Vacancy Formation Energy (Cell Structure Relaxation): -7.40789151075 Size:  3
Vacancy Formation Energy (Cell Structure Relaxation): -7.40794489075 Size:  3
Vacancy Formation Energy (Cell Structure Relaxation): -7.4079373231 Size:  3
Vacancy Formation Energy (Cell Structure Relaxation): -7.40793570952 Size:  3
Vacancy Formation Energy (Cell Structure Relaxation): -7.40797864824 Size:  3
Vacancy Formation Energy (Cell Structure Relaxation): -7.40804996314 Size:  3
Vacancy Formation Energy (Cell Structure Relaxation): -7.40802103964 Size:  3
Vacancy Formation Energy (Cell Structure Relaxation): -7.40805979273 Size:  3
Vacancy Formation Energy (Cell Structure Relaxation): -7.40814271355 Size:  3
Vacancy Formation Energy (Cell Structure Relaxation): -7.40812826045 Size:  3
Vacancy Formation Energy (Cell Structure Relaxation): -7.40814966478 Size:  3
Vacancy Formation Energy (Cell Structure Relaxation): -7.40825184992 Size:  3
Vacancy Formation Energy (Cell Structure Relaxation): -7.40823825357 Size:  3
Vacancy Formation Energy (Cell Structure Relaxation): -7.40830468449 Size:  3
Vacancy Formation Energy (Cell Structure Relaxation): -7.4084278673 Size:  3
Vacancy Formation Energy (Cell Structure Relaxation): -7.40837999604 Size:  3
Vacancy Formation Energy (Cell Structure Relaxation): -7.40847698681 Size:  3
Vacancy Formation Energy (Cell Structure Relaxation): -7.40865404385 Size:  3
Vacancy Formation Energy (Cell Structure Relaxation): -7.40851381909 Size:  3
Vacancy Formation Energy (Cell Structure Relaxation): -7.40868296928 Size:  3
Vacancy Formation Energy (Cell Structure Relaxation): -7.40890214865 Size:  3
Vacancy Formation Energy (Cell Structure Relaxation): -7.40876910333 Size:  3
Vacancy Formation Energy (Cell Structure Relaxation): -7.40877063647 Size:  3
Vacancy Formation Energy (Cell Structure Relaxation): -7.40887491749 Size:  3
Vacancy Formation Energy (Cell Structure Relaxation): -7.40902516615 Size:  3
Vacancy Formation Energy (Cell Structure Relaxation): -7.40919332591 Size:  3
Vacancy Formation Energy (Cell Structure Relaxation): -7.40916210592 Size:  3
Vacancy Formation Energy (Cell Structure Relaxation): -7.40905988089 Size:  3
Vacancy Formation Energy (Cell Structure Relaxation): -7.40912223528 Size:  3
Vacancy Formation Energy (Cell Structure Relaxation): -7.40937098505 Size:  3
Vacancy Formation Energy (Cell Structure Relaxation): -7.40959446132 Size:  3
Vacancy Formation Energy (Cell Structure Relaxation): -7.40947623618 Size:  3
Vacancy Formation Energy (Cell Structure Relaxation): -7.40909189256 Size:  3
Vacancy Formation Energy (Cell Structure Relaxation): -7.40959184211 Size:  3
Vacancy Formation Energy (Cell Structure Relaxation): -7.40913807584 Size:  3
Vacancy Formation Energy (Cell Structure Relaxation): -7.40968181303 Size:  3
Vacancy Formation Energy (Cell Structure Relaxation): -7.40991998815 Size:  3
Vacancy Formation Energy (Cell Structure Relaxation): -7.4094883623 Size:  3
Vacancy Formation Energy (Cell Structure Relaxation): -7.40986501772 Size:  3
Vacancy Formation Energy (Cell Structure Relaxation): -7.41010933832 Size:  3
Vacancy Formation Energy (Cell Structure Relaxation): -7.41038416871 Size:  3
Vacancy Formation Energy (Cell Structure Relaxation): -7.41026671392 Size:  3
Vacancy Formation Energy (Cell Structure Relaxation): -7.4104378773 Size:  3
Vacancy Formation Energy (Cell Structure Relaxation): -7.41074265961 Size:  3
Vacancy Formation Energy (Cell Structure Relaxation): -7.41085192615 Size:  3
Vacancy Formation Energy (Cell Structure Relaxation): -7.41142417372 Size:  3
Vacancy Formation Energy (Cell Structure Relaxation): -7.41149218138 Size:  3
Vacancy Formation Energy (Cell Structure Relaxation): -7.41240445488 Size:  3
Vacancy Formation Energy (Cell Structure Relaxation): -7.41199051443 Size:  3
Vacancy Formation Energy (Cell Structure Relaxation): -7.41210635704 Size:  3
Vacancy Formation Energy (Cell Structure Relaxation): -7.41290363801 Size:  3
Vacancy Formation Energy (Cell Structure Relaxation): -7.41408419477 Size:  3
Vacancy Formation Energy (Cell Structure Relaxation): -7.41337676107 Size:  3
Vacancy Formation Energy (Cell Structure Relaxation): -7.41434378678 Size:  3
Vacancy Formation Energy (Cell Structure Relaxation): -7.41569803999 Size:  3
Vacancy Formation Energy (Cell Structure Relaxation): -7.41547207603 Size:  3
Vacancy Formation Energy (Cell Structure Relaxation): -7.41566995277 Size:  3
Vacancy Formation Energy (Cell Structure Relaxation): -7.41667990121 Size:  3
Vacancy Formation Energy (Cell Structure Relaxation): -7.41825947167 Size:  3
Vacancy Formation Energy (Cell Structure Relaxation): -7.41833893888 Size:  3
Vacancy Formation Energy (Cell Structure Relaxation): -7.42034330227 Size:  3
Vacancy Formation Energy (Cell Structure Relaxation): -7.41985233784 Size:  3
Vacancy Formation Energy (Cell Structure Relaxation): -7.42104168083 Size:  3
Vacancy Formation Energy (Cell Structure Relaxation): -7.4233723314 Size:  3
Vacancy Formation Energy (Cell Structure Relaxation): -7.42225951899 Size:  3
Vacancy Formation Energy (Cell Structure Relaxation): -7.42423622851 Size:  3
Vacancy Formation Energy (Cell Structure Relaxation): -7.42687409175 Size:  3
Vacancy Formation Energy (Cell Structure Relaxation): -7.42597567344 Size:  3
Vacancy Formation Energy (Cell Structure Relaxation): -7.42566517471 Size:  3
Vacancy Formation Energy (Cell Structure Relaxation): -7.42586792824 Size:  3
Vacancy Formation Energy (Cell Structure Relaxation): -7.42821633141 Size:  3
Vacancy Formation Energy (Cell Structure Relaxation): -7.4280067043 Size:  3
Vacancy Formation Energy (Cell Structure Relaxation): -7.42839305212 Size:  3
Vacancy Formation Energy (Cell Structure Relaxation): -7.42746857336 Size:  3
Vacancy Formation Energy (Cell Structure Relaxation): -7.42658252107 Size:  3
Vacancy Formation Energy (Cell Structure Relaxation): -7.4267152167 Size:  3
Vacancy Formation Energy (Cell Structure Relaxation): -7.43001551893 Size:  3
Vacancy Formation Energy (Cell Structure Relaxation): -7.43200409495 Size:  3
Vacancy Formation Energy (Cell Structure Relaxation): -7.42915110023 Size:  3
Vacancy Formation Energy (Cell Structure Relaxation): -7.4303868309 Size:  3
Vacancy Formation Energy (Cell Structure Relaxation): -7.4299436655 Size:  3
Vacancy Formation Energy (Cell Structure Relaxation): -7.43050257415 Size:  3
Vacancy Formation Energy (Cell Structure Relaxation): -7.43307706206 Size:  3
Vacancy Formation Energy (Cell Structure Relaxation): -7.4347658026 Size:  3
Vacancy Formation Energy (Cell Structure Relaxation): -7.43551407085 Size:  3
Vacancy Formation Energy (Cell Structure Relaxation): -7.43869677745 Size:  3
Vacancy Formation Energy (Cell Structure Relaxation): -7.4362608245 Size:  3
Vacancy Formation Energy (Cell Structure Relaxation): -7.43571697571 Size:  3
Vacancy Formation Energy (Cell Structure Relaxation): -7.43731351048 Size:  3
Vacancy Formation Energy (Cell Structure Relaxation): -7.4409111866 Size:  3
Vacancy Formation Energy (Cell Structure Relaxation): -7.44321765394 Size:  3
Vacancy Formation Energy (Cell Structure Relaxation): -7.44511025462 Size:  3
Vacancy Formation Energy (Cell Structure Relaxation): -7.4502401385 Size:  3
Vacancy Formation Energy (Cell Structure Relaxation): -7.4477362333 Size:  3
Vacancy Formation Energy (Cell Structure Relaxation): -7.4505159672 Size:  3
Vacancy Formation Energy (Cell Structure Relaxation): -7.45588660138 Size:  3
Vacancy Formation Energy (Cell Structure Relaxation): -7.45340806226 Size:  3
Vacancy Formation Energy (Cell Structure Relaxation): -7.45789647399 Size:  3
Vacancy Formation Energy (Cell Structure Relaxation): -7.46140552935 Size:  3
Vacancy Formation Energy (Cell Structure Relaxation): -7.46739387077 Size:  3
Vacancy Formation Energy (Cell Structure Relaxation): -7.47688835074 Size:  3
Vacancy Formation Energy (Cell Structure Relaxation): -7.4721543634 Size:  3
Vacancy Formation Energy (Cell Structure Relaxation): -7.48086144226 Size:  3
Vacancy Formation Energy (Cell Structure Relaxation): -7.49485768262 Size:  3
Vacancy Formation Energy (Cell Structure Relaxation): -7.48483421668 Size:  3
Vacancy Formation Energy (Cell Structure Relaxation): -7.48211246494 Size:  3
Vacancy Formation Energy (Cell Structure Relaxation): -7.49012514764 Size:  3
Vacancy Formation Energy (Cell Structure Relaxation): -7.50855154677 Size:  3
Vacancy Formation Energy (Cell Structure Relaxation): -7.52541958312 Size:  3
Vacancy Formation Energy (Cell Structure Relaxation): -7.49920483058 Size:  3
Vacancy Formation Energy (Cell Structure Relaxation): -7.51043681314 Size:  3
Vacancy Formation Energy (Cell Structure Relaxation): -7.51748828927 Size:  3
Vacancy Formation Energy (Cell Structure Relaxation): -7.52385495158 Size:  3
Vacancy Formation Energy (Cell Structure Relaxation): -7.54007210236 Size:  3
Vacancy Formation Energy (Cell Structure Relaxation): -7.56023767112 Size:  3
Vacancy Formation Energy (Cell Structure Relaxation): -7.53023537716 Size:  3
Vacancy Formation Energy (Cell Structure Relaxation): -7.54613310557 Size:  3
Vacancy Formation Energy (Cell Structure Relaxation): -7.54596399198 Size:  3
Vacancy Formation Energy (Cell Structure Relaxation): -7.55932178823 Size:  3
Vacancy Formation Energy (Cell Structure Relaxation): -7.567730604 Size:  3
Vacancy Formation Energy (Cell Structure Relaxation): -7.57715362948 Size:  3
Vacancy Formation Energy (Cell Structure Relaxation): -7.56872701802 Size:  3
Vacancy Formation Energy (Cell Structure Relaxation): -7.56194109736 Size:  3
Vacancy Formation Energy (Cell Structure Relaxation): -7.57477954268 Size:  3
Vacancy Formation Energy (Cell Structure Relaxation): -7.59539487069 Size:  3
Vacancy Formation Energy (Cell Structure Relaxation): -7.608600171 Size:  3
Vacancy Formation Energy (Cell Structure Relaxation): -7.5908309153 Size:  3
Vacancy Formation Energy (Cell Structure Relaxation): -7.54837914832 Size:  3
Vacancy Formation Energy (Cell Structure Relaxation): -7.5801153283 Size:  3
Vacancy Formation Energy (Cell Structure Relaxation): -7.595862984 Size:  3
Vacancy Formation Energy (Cell Structure Relaxation): -7.59716371893 Size:  3
Vacancy Formation Energy (Cell Structure Relaxation): -7.61451532008 Size:  3
Vacancy Formation Energy (Cell Structure Relaxation): -7.62515352398 Size:  3
Vacancy Formation Energy (Cell Structure Relaxation): -7.63136336255 Size:  3
Vacancy Formation Energy (Cell Structure Relaxation): -7.64974918753 Size:  3
Vacancy Formation Energy (Cell Structure Relaxation): -7.62271312984 Size:  3
Vacancy Formation Energy (Cell Structure Relaxation): -7.64898076424 Size:  3
Vacancy Formation Energy (Cell Structure Relaxation): -7.6299741308 Size:  3
Vacancy Formation Energy (Cell Structure Relaxation): -7.64169023363 Size:  3
Vacancy Formation Energy (Cell Structure Relaxation): -7.664958616 Size:  3
Vacancy Formation Energy (Cell Structure Relaxation): -7.66943193148 Size:  3
Vacancy Formation Energy (Cell Structure Relaxation): -7.68050066224 Size:  3
Vacancy Formation Energy (Cell Structure Relaxation): -7.69542655168 Size:  3
Vacancy Formation Energy (Cell Structure Relaxation): -7.67389474864 Size:  3
Vacancy Formation Energy (Cell Structure Relaxation): -7.69348810446 Size:  3
Vacancy Formation Energy (Cell Structure Relaxation): -7.70971729724 Size:  3
Vacancy Formation Energy (Cell Structure Relaxation): -7.71647148706 Size:  3
Vacancy Formation Energy (Cell Structure Relaxation): -7.71522323846 Size:  3
Vacancy Formation Energy (Cell Structure Relaxation): -7.72320435361 Size:  3
Vacancy Formation Energy (Cell Structure Relaxation): -7.69816203064 Size:  3
Vacancy Formation Energy (Cell Structure Relaxation): -7.74201844195 Size:  3
Vacancy Formation Energy (Cell Structure Relaxation): -7.74123899211 Size:  3
Vacancy Formation Energy (Cell Structure Relaxation): -7.74340863188 Size:  3
Vacancy Formation Energy (Cell Structure Relaxation): -7.71968649263 Size:  3
Vacancy Formation Energy (Cell Structure Relaxation): -7.73038212564 Size:  3
Vacancy Formation Energy (Cell Structure Relaxation): -7.74317060613 Size:  3
Vacancy Formation Energy (Cell Structure Relaxation): -7.74837913001 Size:  3
Vacancy Formation Energy (Cell Structure Relaxation): -7.72083669223 Size:  3
Vacancy Formation Energy (Cell Structure Relaxation): -7.74616900203 Size:  3
Vacancy Formation Energy (Cell Structure Relaxation): -7.72889740873 Size:  3
Vacancy Formation Energy (Cell Structure Relaxation): -7.74819328261 Size:  3
Vacancy Formation Energy (Cell Structure Relaxation): -7.7518733683 Size:  3
Vacancy Formation Energy (Cell Structure Relaxation): -7.71523844744 Size:  3
Vacancy Formation Energy (Cell Structure Relaxation): -7.74871263701 Size:  3
Vacancy Formation Energy (Cell Structure Relaxation): -7.72325738214 Size:  3
Vacancy Formation Energy (Cell Structure Relaxation): -7.75651096922 Size:  3
Vacancy Formation Energy (Cell Structure Relaxation): -7.7505331767 Size:  3
Vacancy Formation Energy (Cell Structure Relaxation): -7.72398587721 Size:  3
Vacancy Formation Energy (Cell Structure Relaxation): -7.75750273131 Size:  3
Vacancy Formation Energy (Cell Structure Relaxation): -7.75694071107 Size:  3
Vacancy Formation Energy (Cell Structure Relaxation): -7.74864752972 Size:  3
Vacancy Formation Energy (Cell Structure Relaxation): -7.75695217256 Size:  3
Vacancy Formation Energy (Cell Structure Relaxation): -7.75287702613 Size:  3
Vacancy Formation Energy (Cell Structure Relaxation): -7.75090235473 Size:  3
Vacancy Formation Energy (Cell Structure Relaxation): -7.75833682558 Size:  3
Vacancy Formation Energy (Cell Structure Relaxation): -7.74248528182 Size:  3
Vacancy Formation Energy (Cell Structure Relaxation): -7.75939854489 Size:  3
Vacancy Formation Energy (Cell Structure Relaxation): -7.75337518892 Size:  3
Vacancy Formation Energy (Cell Structure Relaxation): -7.75879960316 Size:  3
Vacancy Formation Energy (Cell Structure Relaxation): -7.75462456847 Size:  3
Vacancy Formation Energy (Cell Structure Relaxation): -7.75978742183 Size:  3
Vacancy Formation Energy (Cell Structure Relaxation): -7.75750148779 Size:  3
Vacancy Formation Energy (Cell Structure Relaxation): -7.75417913343 Size:  3
Vacancy Formation Energy (Cell Structure Relaxation): -7.759961101 Size:  3
Vacancy Formation Energy (Cell Structure Relaxation): -7.75821447497 Size:  3
Vacancy Formation Energy (Cell Structure Relaxation): -7.75717751524 Size:  3
Vacancy Formation Energy (Cell Structure Relaxation): -7.76000054714 Size:  3
Vacancy Formation Energy (Cell Structure Relaxation): -7.75822447829 Size:  3
Vacancy Formation Energy (Cell Structure Relaxation): -7.7602159594 Size:  3
Vacancy Formation Energy (Cell Structure Relaxation): -7.75670438455 Size:  3
Vacancy Formation Energy (Cell Structure Relaxation): -7.76039285658 Size:  3
Vacancy Formation Energy (Cell Structure Relaxation): -7.75893480886 Size:  3
Vacancy Formation Energy (Cell Structure Relaxation): -7.76042171153 Size:  3
Vacancy Formation Energy (Cell Structure Relaxation): -7.75664926757 Size:  3
Vacancy Formation Energy (Cell Structure Relaxation): -7.76075942207 Size:  3
Vacancy Formation Energy (Cell Structure Relaxation): -7.75928263688 Size:  3
Vacancy Formation Energy (Cell Structure Relaxation): -7.76061636602 Size:  3
Vacancy Formation Energy (Cell Structure Relaxation): -7.75927298944 Size:  3
Vacancy Formation Energy (Cell Structure Relaxation): -7.76066563773 Size:  3
Vacancy Formation Energy (Cell Structure Relaxation): -7.75960236372 Size:  3
Vacancy Formation Energy (Cell Structure Relaxation): -7.76065118766 Size:  3
Vacancy Formation Energy (Cell Structure Relaxation): -7.76028617313 Size:  3
Vacancy Formation Energy (Cell Structure Relaxation): -7.76070266661 Size:  3
Vacancy Formation Energy (Cell Structure Relaxation): -7.76086409448 Size:  3
Vacancy Formation Energy (Cell Structure Relaxation): -7.7603826414 Size:  3
Vacancy Formation Energy (Cell Structure Relaxation): -7.7603212815 Size:  3
Vacancy Formation Energy (Cell Structure Relaxation): -7.76079528718 Size:  3
Vacancy Formation Energy (Cell Structure Relaxation): -7.76073424618 Size:  3
Vacancy Formation Energy (Cell Structure Relaxation): -7.76050268332 Size:  3
Vacancy Formation Energy (Cell Structure Relaxation): -7.76086753467 Size:  3
Vacancy Formation Energy (Cell Structure Relaxation): -7.76067136976 Size:  3
Vacancy Formation Energy (Cell Structure Relaxation): -7.76086264239 Size:  3
Vacancy Formation Energy (Cell Structure Relaxation): -7.76097453781 Size:  3
Vacancy Formation Energy (Cell Structure Relaxation): -7.7607912749 Size:  3
Vacancy Formation Energy (Cell Structure Relaxation): -7.76084736274 Size:  3
Vacancy Formation Energy (Cell Structure Relaxation): -7.76070935165 Size:  3
Vacancy Formation Energy (Cell Structure Relaxation): -7.76093170005 Size:  3
Vacancy Formation Energy (Cell Structure Relaxation): -7.76103692952 Size:  3
Vacancy Formation Energy (Cell Structure Relaxation): -7.76090803546 Size:  3
Vacancy Formation Energy (Cell Structure Relaxation): -7.76089777794 Size:  3
Vacancy Formation Energy (Cell Structure Relaxation): -7.76090216028 Size:  3
Vacancy Formation Energy (Cell Structure Relaxation): -7.76076306432 Size:  3
Vacancy Formation Energy (Cell Structure Relaxation): -7.76099713058 Size:  3
Vacancy Formation Energy (Cell Structure Relaxation): -7.7610228282 Size:  3
Vacancy Formation Energy (Cell Structure Relaxation): -7.760904338 Size:  3
Vacancy Formation Energy (Cell Structure Relaxation): -7.76084981657 Size:  3
Vacancy Formation Energy (Cell Structure Relaxation): -7.76101968964 Size:  3
Vacancy Formation Energy (Cell Structure Relaxation): -7.76089845092 Size:  3
Vacancy Formation Energy (Cell Structure Relaxation): -7.76101758434 Size:  3
Vacancy Formation Energy (Cell Structure Relaxation): -7.76090001337 Size:  3
Vacancy Formation Energy (Cell Structure Relaxation): -7.76102747281 Size:  3
Vacancy Formation Energy (Cell Structure Relaxation): -7.76094661051 Size:  3
Vacancy Formation Energy (Cell Structure Relaxation): -7.7610379426 Size:  3
Vacancy Formation Energy (Cell Structure Relaxation): -7.76097984963 Size:  3
Vacancy Formation Energy (Cell Structure Relaxation): -7.7610427717 Size:  3
Vacancy Formation Energy (Cell Structure Relaxation): -7.76103764445 Size:  3
Vacancy Formation Energy (Cell Structure Relaxation): -7.76101896937 Size:  3
Vacancy Formation Energy (Cell Structure Relaxation): -7.76104923923 Size:  3
Vacancy Formation Energy (Cell Structure Relaxation): -7.76095255254 Size:  3
Vacancy Formation Energy (Cell Structure Relaxation): -7.76105584232 Size:  3
Vacancy Formation Energy (Cell Structure Relaxation): -7.7610261415 Size:  3
Vacancy Formation Energy (Cell Structure Relaxation): -7.76105038842 Size:  3
Vacancy Formation Energy (Cell Structure Relaxation): -7.76101292055 Size:  3
Vacancy Formation Energy (Cell Structure Relaxation): -7.76105476828 Size:  3
Vacancy Formation Energy (Cell Structure Relaxation): -7.76102295721 Size:  3
Vacancy Formation Energy (Cell Structure Relaxation): -7.76105386311 Size:  3
Vacancy Formation Energy (Cell Structure Relaxation): -7.76104544327 Size:  3
Vacancy Formation Energy (Cell Structure Relaxation): -7.76105366198 Size:  3
Vacancy Formation Energy (Cell Structure Relaxation): -7.76102965176 Size:  3
Vacancy Formation Energy (Cell Structure Relaxation): -7.76105773994 Size:  3
Vacancy Formation Energy (Cell Structure Relaxation): -7.76105222906 Size:  3
Vacancy Formation Energy (Cell Structure Relaxation): -7.76104982488 Size:  3
Vacancy Formation Energy (Cell Structure Relaxation): -7.76105782813 Size:  3
Vacancy Formation Energy (Cell Structure Relaxation): -7.76104991147 Size:  3
Vacancy Formation Energy (Cell Structure Relaxation): -7.76105851226 Size:  3
Vacancy Formation Energy (Cell Structure Relaxation): -7.76105545221 Size:  3
Vacancy Formation Energy (Cell Structure Relaxation): -7.76105716783 Size:  3
Vacancy Formation Energy (Cell Structure Relaxation): -7.76105515323 Size:  3
Vacancy Formation Energy (Cell Structure Relaxation): -7.76105969116 Size:  3
Vacancy Formation Energy (Cell Structure Relaxation): -7.76105143655 Size:  3
Vacancy Formation Energy (Cell Structure Relaxation): -7.76106010756 Size:  3
Vacancy Formation Energy (Cell Structure Relaxation): -7.76105371456 Size:  3
Vacancy Formation Energy (Cell Structure Relaxation): -7.76106002395 Size:  3
Vacancy Formation Energy (Cell Structure Relaxation): -7.76105086689 Size:  3
Vacancy Formation Energy (Cell Structure Relaxation): -7.7610606832 Size:  3
Vacancy Formation Energy (Cell Structure Relaxation): -7.76105208092 Size:  3
Vacancy Formation Energy (Cell Structure Relaxation): -7.76106066988 Size:  3
Vacancy Formation Energy (Cell Structure Relaxation): -7.76105967552 Size:  3
Vacancy Formation Energy (Cell Structure Relaxation): -7.76105924629 Size:  3
Vacancy Formation Energy (Cell Structure Relaxation): -7.76106083508 Size:  3
Vacancy Formation Energy (Cell Structure Relaxation): -7.76105866527 Size:  3
Vacancy Formation Energy (Cell Structure Relaxation): -7.76106096338 Size:  3
Vacancy Formation Energy (Cell Structure Relaxation): -7.7610591668 Size:  3
Vacancy Formation Energy (Cell Structure Relaxation): -7.76106092514 Size:  3
Vacancy Formation Energy (Cell Structure Relaxation): -7.76105819201 Size:  3
Vacancy Formation Energy (Cell Structure Relaxation): -7.7610611119 Size:  3
Vacancy Formation Energy (Cell Structure Relaxation): -7.76106012913 Size:  3
Vacancy Formation Energy (Cell Structure Relaxation): -7.76106097157 Size:  3
Vacancy Formation Energy (Cell Structure Relaxation): -7.76106008318 Size:  3
Vacancy Formation Energy (Cell Structure Relaxation): -7.76106115618 Size:  3
Vacancy Formation Energy (Cell Structure Relaxation): -7.76106029135 Size:  3
Vacancy Formation Energy (Cell Structure Relaxation): -7.76106113763 Size:  3
Vacancy Formation Energy (Cell Structure Relaxation): -7.76106047108 Size:  3
Vacancy Formation Energy (Cell Structure Relaxation): -7.76106116903 Size:  3
Vacancy Formation Energy (Cell Structure Relaxation): -7.76106078001 Size:  3
Vacancy Formation Energy (Cell Structure Relaxation): -7.76106116961 Size:  3
Vacancy Formation Energy (Cell Structure Relaxation): -7.76106111059 Size:  3
Vacancy Formation Energy (Cell Structure Relaxation): -7.76106098027 Size:  3
Vacancy Formation Energy (Cell Structure Relaxation): -7.76106118931 Size:  3
Vacancy Formation Energy (Cell Structure Relaxation): -7.76106116233 Size:  3
Vacancy Formation Energy (Cell Structure Relaxation): -7.76106082495 Size:  3
Vacancy Formation Energy (Cell Structure Relaxation): -7.76106125053 Size:  3
Vacancy Formation Energy (Cell Structure Relaxation): -7.76106105526 Size:  3
Vacancy Formation Energy (Cell Structure Relaxation): -7.7610612361 Size:  3
Vacancy Formation Energy (Cell Structure Relaxation): -7.76106115865 Size:  3
Vacancy Formation Energy (Cell Structure Relaxation): -7.76106123464 Size:  3
Vacancy Formation Energy (Cell Structure Relaxation): -7.76106112706 Size:  3
Vacancy Formation Energy (Cell Structure Relaxation): -7.76106123923 Size:  3
Vacancy Formation Energy (Cell Structure Relaxation): -7.76106114469 Size:  3
Vacancy Formation Energy (Cell Structure Relaxation): -7.7610612403 Size:  3
Vacancy Formation Energy (Cell Structure Relaxation): -7.76106121147 Size:  3
Vacancy Formation Energy (Cell Structure Relaxation): -7.76106111097 Size:  3
Vacancy Formation Energy (Cell Structure Relaxation): -7.7610612544 Size:  3
Vacancy Formation Energy (Cell Structure Relaxation): -7.76106115943 Size:  3
Vacancy Formation Energy (Cell Structure Relaxation): -7.7610612567 Size:  3
Vacancy Formation Energy (Cell Structure Relaxation): -7.76106124313 Size:  3
Vacancy Formation Energy (Cell Structure Relaxation): -7.76106126997 Size:  3
Vacancy Formation Energy (Cell Structure Relaxation): -7.7610612405 Size:  3
Vacancy Formation Energy (Cell Structure Relaxation): -7.76106123597 Size:  3
Vacancy Formation Energy (Cell Structure Relaxation): -7.76106126352 Size:  3
Vacancy Formation Energy (Cell Structure Relaxation): -7.76106128316 Size:  3
Vacancy Formation Energy (Cell Structure Relaxation): -7.76106126682 Size:  3
Vacancy Formation Energy (Cell Structure Relaxation): -7.76106126326 Size:  3
Vacancy Formation Energy (Cell Structure Relaxation): -7.76106124412 Size:  3
Vacancy Formation Energy (Cell Structure Relaxation): -7.76106127359 Size:  3
Vacancy Formation Energy (Cell Structure Relaxation): -7.76106127303 Size:  3
Vacancy Formation Energy (Cell Structure Relaxation): -7.76106121835 Size:  3
Vacancy Formation Energy (Cell Structure Relaxation): -7.7610612798 Size:  3
Vacancy Formation Energy (Cell Structure Relaxation): -7.76106125819 Size:  3
Vacancy Formation Energy (Cell Structure Relaxation): -7.76106127819 Size:  3
Vacancy Formation Energy (Cell Structure Relaxation): -7.76106127906 Size:  3
Vacancy Formation Energy (Cell Structure Relaxation): -7.76106127382 Size:  3
Vacancy Formation Energy (Cell Structure Relaxation): -7.76106125746 Size:  3
Vacancy Formation Energy (Cell Structure Relaxation): -7.76106128353 Size:  3
Vacancy Formation Energy (Cell Structure Relaxation): -7.76106129844 Size:  3
Vacancy Formation Energy (Cell Structure Relaxation): -7.76106130886 Size:  3
Vacancy Formation Energy (Cell Structure Relaxation): -7.76106128108 Size:  3
Vacancy Formation Energy (Cell Structure Relaxation): -7.76106129343 Size:  3
Vacancy Formation Energy (Cell Structure Relaxation): -7.76106128419 Size:  3
Vacancy Formation Energy (Cell Structure Relaxation): -7.76106129423 Size:  3
Vacancy Formation Energy (Cell Structure Relaxation): -7.76106130265 Size:  3
Vacancy Formation Energy (Cell Structure Relaxation): -7.76106131187 Size:  3
Vacancy Formation Energy (Cell Structure Relaxation): -7.76106131458 Size:  3
Vacancy Formation Energy (Cell Structure Relaxation): -7.76106130742 Size:  3
Vacancy Formation Energy (Cell Structure Relaxation): -7.7610613066 Size:  3
Vacancy Formation Energy (Cell Structure Relaxation): -7.76106132905 Size:  3
Vacancy Formation Energy (Cell Structure Relaxation): -7.76106133736 Size:  3
Vacancy Formation Energy (Cell Structure Relaxation): -7.76106132408 Size:  3
Vacancy Formation Energy (Cell Structure Relaxation): -7.76106134618 Size:  3
Vacancy Formation Energy (Cell Structure Relaxation): -7.76106136124 Size:  3
Vacancy Formation Energy (Cell Structure Relaxation): -7.76106132736 Size:  3
Vacancy Formation Energy (Cell Structure Relaxation): -7.76106131635 Size:  3
Vacancy Formation Energy (Cell Structure Relaxation): -7.7610613357 Size:  3
Vacancy Formation Energy (Cell Structure Relaxation): -7.76106136079 Size:  3
Vacancy Formation Energy (Cell Structure Relaxation): -7.76106135438 Size:  3
Vacancy Formation Energy (Cell Structure Relaxation): -7.76106137963 Size:  3
Vacancy Formation Energy (Cell Structure Relaxation): -7.76106139238 Size:  3
Vacancy Formation Energy (Cell Structure Relaxation): -7.76106137806 Size:  3
Vacancy Formation Energy (Cell Structure Relaxation): -7.76106137809 Size:  3
Vacancy Formation Energy (Cell Structure Relaxation): -7.76106140004 Size:  3
Vacancy Formation Energy (Cell Structure Relaxation): -7.76106139014 Size:  3
Vacancy Formation Energy (Cell Structure Relaxation): -7.76106140231 Size:  3
Vacancy Formation Energy (Cell Structure Relaxation): -7.76106139038 Size:  3
Vacancy Formation Energy (Cell Structure Relaxation): -7.76106138492 Size:  3
Vacancy Formation Energy (Cell Structure Relaxation): -7.76106143213 Size:  3
Vacancy Formation Energy (Cell Structure Relaxation): -7.76106145128 Size:  3
Vacancy Formation Energy (Cell Structure Relaxation): -7.761061427 Size:  3
Vacancy Formation Energy (Cell Structure Relaxation): -7.76106138882 Size:  3
Vacancy Formation Energy (Cell Structure Relaxation): -7.7610614344 Size:  3
Vacancy Formation Energy (Cell Structure Relaxation): -7.76106140672 Size:  3
Vacancy Formation Energy (Cell Structure Relaxation): -7.76106145915 Size:  3
Vacancy Formation Energy (Cell Structure Relaxation): -7.76106146514 Size:  3
Vacancy Formation Energy (Cell Structure Relaxation): -7.76106146973 Size:  3
Vacancy Formation Energy (Cell Structure Relaxation): -7.76106146237 Size:  3
Vacancy Formation Energy (Cell Structure Relaxation): -7.76106150681 Size:  3
Vacancy Formation Energy (Cell Structure Relaxation): -7.76106153901 Size:  3
Vacancy Formation Energy (Cell Structure Relaxation): -7.76106148282 Size:  3
Vacancy Formation Energy (Cell Structure Relaxation): -7.76106148841 Size:  3
Vacancy Formation Energy (Cell Structure Relaxation): -7.76106146729 Size:  3
Vacancy Formation Energy (Cell Structure Relaxation): -7.76106154545 Size:  3
Vacancy Formation Energy (Cell Structure Relaxation): -7.76106156704 Size:  3
Vacancy Formation Energy (Cell Structure Relaxation): -7.76106156044 Size:  3
Vacancy Formation Energy (Cell Structure Relaxation): -7.76106155206 Size:  3
Vacancy Formation Energy (Cell Structure Relaxation): -7.76106156258 Size:  3
Vacancy Formation Energy (Cell Structure Relaxation): -7.76106161689 Size:  3
Vacancy Formation Energy (Cell Structure Relaxation): -7.76106162781 Size:  3
Vacancy Formation Energy (Cell Structure Relaxation): -7.76106167006 Size:  3
Vacancy Formation Energy (Cell Structure Relaxation): -7.7610616998 Size:  3
Vacancy Formation Energy (Cell Structure Relaxation): -7.76106166297 Size:  3
Vacancy Formation Energy (Cell Structure Relaxation): -7.76106155329 Size:  3
Vacancy Formation Energy (Cell Structure Relaxation): -7.76106162111 Size:  3
Vacancy Formation Energy (Cell Structure Relaxation): -7.76106165875 Size:  3
Vacancy Formation Energy (Cell Structure Relaxation): -7.76106169848 Size:  3
Vacancy Formation Energy (Cell Structure Relaxation): -7.7610617763 Size:  3
Vacancy Formation Energy (Cell Structure Relaxation): -7.76106182022 Size:  3
Vacancy Formation Energy (Cell Structure Relaxation): -7.76106182502 Size:  3
Vacancy Formation Energy (Cell Structure Relaxation): -7.76106189129 Size:  3
Vacancy Formation Energy (Cell Structure Relaxation): -7.76106182751 Size:  3
Vacancy Formation Energy (Cell Structure Relaxation): -7.76106195318 Size:  3
Vacancy Formation Energy (Cell Structure Relaxation): -7.76106207981 Size:  3
Vacancy Formation Energy (Cell Structure Relaxation): -7.761061877 Size:  3
Vacancy Formation Energy (Cell Structure Relaxation): -7.76106192465 Size:  3
Vacancy Formation Energy (Cell Structure Relaxation): -7.76106206018 Size:  3
Vacancy Formation Energy (Cell Structure Relaxation): -7.76106209969 Size:  3
Vacancy Formation Energy (Cell Structure Relaxation): -7.76106215151 Size:  3
Vacancy Formation Energy (Cell Structure Relaxation): -7.76106219328 Size:  3
Vacancy Formation Energy (Cell Structure Relaxation): -7.76106224592 Size:  3
Vacancy Formation Energy (Cell Structure Relaxation): -7.76106232571 Size:  3
Vacancy Formation Energy (Cell Structure Relaxation): -7.76106244836 Size:  3
Vacancy Formation Energy (Cell Structure Relaxation): -7.76106235621 Size:  3
Vacancy Formation Energy (Cell Structure Relaxation): -7.76106262344 Size:  3
Vacancy Formation Energy (Cell Structure Relaxation): -7.76106285377 Size:  3
Vacancy Formation Energy (Cell Structure Relaxation): -7.76106243145 Size:  3
Vacancy Formation Energy (Cell Structure Relaxation): -7.76106248357 Size:  3
Vacancy Formation Energy (Cell Structure Relaxation): -7.76106286984 Size:  3
Vacancy Formation Energy (Cell Structure Relaxation): -7.76106303958 Size:  3
Vacancy Formation Energy (Cell Structure Relaxation): -7.76106301746 Size:  3
Vacancy Formation Energy (Cell Structure Relaxation): -7.76106273252 Size:  3
Vacancy Formation Energy (Cell Structure Relaxation): -7.7610631267 Size:  3
Vacancy Formation Energy (Cell Structure Relaxation): -7.76106315049 Size:  3
Vacancy Formation Energy (Cell Structure Relaxation): -7.76106299518 Size:  3
Vacancy Formation Energy (Cell Structure Relaxation): -7.76106339327 Size:  3
Vacancy Formation Energy (Cell Structure Relaxation): -7.76106329053 Size:  3
Vacancy Formation Energy (Cell Structure Relaxation): -7.76106361114 Size:  3
Vacancy Formation Energy (Cell Structure Relaxation): -7.76106381597 Size:  3
Vacancy Formation Energy (Cell Structure Relaxation): -7.7610634139 Size:  3
Vacancy Formation Energy (Cell Structure Relaxation): -7.76106348699 Size:  3
Vacancy Formation Energy (Cell Structure Relaxation): -7.76106339547 Size:  3
Vacancy Formation Energy (Cell Structure Relaxation): -7.76106378042 Size:  3
Vacancy Formation Energy (Cell Structure Relaxation): -7.76106436493 Size:  3
Vacancy Formation Energy (Cell Structure Relaxation): -7.76106494711 Size:  3
Vacancy Formation Energy (Cell Structure Relaxation): -7.76106399979 Size:  3
Vacancy Formation Energy (Cell Structure Relaxation): -7.76106435058 Size:  3
Vacancy Formation Energy (Cell Structure Relaxation): -7.76106414106 Size:  3
Vacancy Formation Energy (Cell Structure Relaxation): -7.76106494934 Size:  3
Vacancy Formation Energy (Cell Structure Relaxation): -7.76106521606 Size:  3
Vacancy Formation Energy (Cell Structure Relaxation): -7.7610648788 Size:  3
Vacancy Formation Energy (Cell Structure Relaxation): -7.76106560176 Size:  3
Vacancy Formation Energy (Cell Structure Relaxation): -7.76106605177 Size:  3
Vacancy Formation Energy (Cell Structure Relaxation): -7.76106637414 Size:  3
Vacancy Formation Energy (Cell Structure Relaxation): -7.76106730837 Size:  3
Vacancy Formation Energy (Cell Structure Relaxation): -7.76106678846 Size:  3
Vacancy Formation Energy (Cell Structure Relaxation): -7.76106774627 Size:  3
Vacancy Formation Energy (Cell Structure Relaxation): -7.76106890621 Size:  3
Vacancy Formation Energy (Cell Structure Relaxation): -7.76106816416 Size:  3
Vacancy Formation Energy (Cell Structure Relaxation): -7.76106891076 Size:  3
Vacancy Formation Energy (Cell Structure Relaxation): -7.76106929562 Size:  3
Vacancy Formation Energy (Cell Structure Relaxation): -7.76107082488 Size:  3
Vacancy Formation Energy (Cell Structure Relaxation): -7.76107251209 Size:  3
Vacancy Formation Energy (Cell Structure Relaxation): -7.76107310493 Size:  3
Vacancy Formation Energy (Cell Structure Relaxation): -7.76107635904 Size:  3
Vacancy Formation Energy (Cell Structure Relaxation): -7.76107440779 Size:  3
Vacancy Formation Energy (Cell Structure Relaxation): -7.76107367574 Size:  3
Vacancy Formation Energy (Cell Structure Relaxation): -7.76107599742 Size:  3
Vacancy Formation Energy (Cell Structure Relaxation): -7.76107838604 Size:  3
Vacancy Formation Energy (Cell Structure Relaxation): -7.76108061786 Size:  3
Vacancy Formation Energy (Cell Structure Relaxation): -7.76108348151 Size:  3
Vacancy Formation Energy (Cell Structure Relaxation): -7.76108936921 Size:  3
Vacancy Formation Energy (Cell Structure Relaxation): -7.76108396532 Size:  3
Vacancy Formation Energy (Cell Structure Relaxation): -7.76108661467 Size:  3
Vacancy Formation Energy (Cell Structure Relaxation): -7.76109019913 Size:  3
Vacancy Formation Energy (Cell Structure Relaxation): -7.76109475426 Size:  3
Vacancy Formation Energy (Cell Structure Relaxation): -7.76109693134 Size:  3
Vacancy Formation Energy (Cell Structure Relaxation): -7.76110551088 Size:  3
Vacancy Formation Energy (Cell Structure Relaxation): -7.7610972718 Size:  3
Vacancy Formation Energy (Cell Structure Relaxation): -7.76110830884 Size:  3
Vacancy Formation Energy (Cell Structure Relaxation): -7.76112051239 Size:  3
Vacancy Formation Energy (Cell Structure Relaxation): -7.76110641677 Size:  3
Vacancy Formation Energy (Cell Structure Relaxation): -7.76111533757 Size:  3
Vacancy Formation Energy (Cell Structure Relaxation): -7.76111859256 Size:  3
Vacancy Formation Energy (Cell Structure Relaxation): -7.76112564587 Size:  3
Vacancy Formation Energy (Cell Structure Relaxation): -7.76113375179 Size:  3
Vacancy Formation Energy (Cell Structure Relaxation): -7.76113193974 Size:  3
Vacancy Formation Energy (Cell Structure Relaxation): -7.76113366945 Size:  3
Vacancy Formation Energy (Cell Structure Relaxation): -7.76114964213 Size:  3
Vacancy Formation Energy (Cell Structure Relaxation): -7.76116850577 Size:  3
Vacancy Formation Energy (Cell Structure Relaxation): -7.7611558857 Size:  3
Vacancy Formation Energy (Cell Structure Relaxation): -7.7611590287 Size:  3
Vacancy Formation Energy (Cell Structure Relaxation): -7.76115112256 Size:  3
Vacancy Formation Energy (Cell Structure Relaxation): -7.76116942352 Size:  3
Vacancy Formation Energy (Cell Structure Relaxation): -7.76117911736 Size:  3
Vacancy Formation Energy (Cell Structure Relaxation): -7.76118881204 Size:  3
Vacancy Formation Energy (Cell Structure Relaxation): -7.76121174355 Size:  3
Vacancy Formation Energy (Cell Structure Relaxation): -7.76120792477 Size:  3
Vacancy Formation Energy (Cell Structure Relaxation): -7.76121299183 Size:  3
Vacancy Formation Energy (Cell Structure Relaxation): -7.76123318673 Size:  3
Vacancy Formation Energy (Cell Structure Relaxation): -7.76123809181 Size:  3
Vacancy Formation Energy (Cell Structure Relaxation): -7.76126986106 Size:  3
Vacancy Formation Energy (Cell Structure Relaxation): -7.76126357864 Size:  3
Vacancy Formation Energy (Cell Structure Relaxation): -7.76128286864 Size:  3
Vacancy Formation Energy (Cell Structure Relaxation): -7.76131253359 Size:  3
Vacancy Formation Energy (Cell Structure Relaxation): -7.76133198582 Size:  3
Vacancy Formation Energy (Cell Structure Relaxation): -7.76139049808 Size:  3
Vacancy Formation Energy (Cell Structure Relaxation): -7.76137517503 Size:  3
Vacancy Formation Energy (Cell Structure Relaxation): -7.76142557492 Size:  3
Vacancy Formation Energy (Cell Structure Relaxation): -7.7615221827 Size:  3
Vacancy Formation Energy (Cell Structure Relaxation): -7.76140258537 Size:  3
Vacancy Formation Energy (Cell Structure Relaxation): -7.76148737156 Size:  3
Vacancy Formation Energy (Cell Structure Relaxation): -7.76157099478 Size:  3
Vacancy Formation Energy (Cell Structure Relaxation): -7.76169236882 Size:  3
Vacancy Formation Energy (Cell Structure Relaxation): -7.76163352051 Size:  3
Vacancy Formation Energy (Cell Structure Relaxation): -7.76164615848 Size:  3
Vacancy Formation Energy (Cell Structure Relaxation): -7.76170340187 Size:  3
Vacancy Formation Energy (Cell Structure Relaxation): -7.76176072941 Size:  3
Vacancy Formation Energy (Cell Structure Relaxation): -7.76187831821 Size:  3
Vacancy Formation Energy (Cell Structure Relaxation): -7.76206849989 Size:  3
Vacancy Formation Energy (Cell Structure Relaxation): -7.7619855492 Size:  3
Vacancy Formation Energy (Cell Structure Relaxation): -7.76195961962 Size:  3
Vacancy Formation Energy (Cell Structure Relaxation): -7.76202053576 Size:  3
Vacancy Formation Energy (Cell Structure Relaxation): -7.76221208824 Size:  3
Vacancy Formation Energy (Cell Structure Relaxation): -7.76242375157 Size:  3
Vacancy Formation Energy (Cell Structure Relaxation): -7.76229422698 Size:  3
Vacancy Formation Energy (Cell Structure Relaxation): -7.76244511464 Size:  3
Vacancy Formation Energy (Cell Structure Relaxation): -7.76259220772 Size:  3
Vacancy Formation Energy (Cell Structure Relaxation): -7.76262838681 Size:  3
Vacancy Formation Energy (Cell Structure Relaxation): -7.762918967 Size:  3
Vacancy Formation Energy (Cell Structure Relaxation): -7.76277514479 Size:  3
Vacancy Formation Energy (Cell Structure Relaxation): -7.76294133529 Size:  3
Vacancy Formation Energy (Cell Structure Relaxation): -7.76309304997 Size:  3
Vacancy Formation Energy (Cell Structure Relaxation): -7.76307109831 Size:  3
Vacancy Formation Energy (Cell Structure Relaxation): -7.76333177725 Size:  3
Vacancy Formation Energy (Cell Structure Relaxation): -7.76350905934 Size:  3
Vacancy Formation Energy (Cell Structure Relaxation): -7.76311650813 Size:  3
Vacancy Formation Energy (Cell Structure Relaxation): -7.76372636728 Size:  3
Vacancy Formation Energy (Cell Structure Relaxation): -7.76402742456 Size:  3
Vacancy Formation Energy (Cell Structure Relaxation): -7.76350483571 Size:  3
Vacancy Formation Energy (Cell Structure Relaxation): -7.76282972992 Size:  3
Vacancy Formation Energy (Cell Structure Relaxation): -7.76337597422 Size:  3
Vacancy Formation Energy (Cell Structure Relaxation): -7.76322938924 Size:  3
Vacancy Formation Energy (Cell Structure Relaxation): -7.76389606699 Size:  3
Vacancy Formation Energy (Cell Structure Relaxation): -7.76426731849 Size:  3
Vacancy Formation Energy (Cell Structure Relaxation): -7.76471273188 Size:  3
Vacancy Formation Energy (Cell Structure Relaxation): -7.7641282201 Size:  3
Vacancy Formation Energy (Cell Structure Relaxation): -7.76415563362 Size:  3
Vacancy Formation Energy (Cell Structure Relaxation): -7.76487135987 Size:  3
Vacancy Formation Energy (Cell Structure Relaxation): -7.76541685034 Size:  3
Vacancy Formation Energy (Cell Structure Relaxation): -7.76500277854 Size:  3
Vacancy Formation Energy (Cell Structure Relaxation): -7.76506761993 Size:  3
Vacancy Formation Energy (Cell Structure Relaxation): -7.76577122982 Size:  3
Vacancy Formation Energy (Cell Structure Relaxation): -7.76654643776 Size:  3
Vacancy Formation Energy (Cell Structure Relaxation): -7.76581008338 Size:  3
Vacancy Formation Energy (Cell Structure Relaxation): -7.76630012235 Size:  3
Vacancy Formation Energy (Cell Structure Relaxation): -7.76633985439 Size:  3
Vacancy Formation Energy (Cell Structure Relaxation): -7.76700707347 Size:  3
Vacancy Formation Energy (Cell Structure Relaxation): -7.76771772939 Size:  3
Vacancy Formation Energy (Cell Structure Relaxation): -7.76804988744 Size:  3
Vacancy Formation Energy (Cell Structure Relaxation): -7.76943270465 Size:  3
Vacancy Formation Energy (Cell Structure Relaxation): -7.768176082 Size:  3
Vacancy Formation Energy (Cell Structure Relaxation): -7.76825983127 Size:  3
Vacancy Formation Energy (Cell Structure Relaxation): -7.76944852591 Size:  3
Vacancy Formation Energy (Cell Structure Relaxation): -7.77067963084 Size:  3
Vacancy Formation Energy (Cell Structure Relaxation): -7.77090898377 Size:  3
Vacancy Formation Energy (Cell Structure Relaxation): -7.7727910376 Size:  3
Vacancy Formation Energy (Cell Structure Relaxation): -7.77226737922 Size:  3
Vacancy Formation Energy (Cell Structure Relaxation): -7.77269619254 Size:  3
Vacancy Formation Energy (Cell Structure Relaxation): -7.77413149839 Size:  3
Vacancy Formation Energy (Cell Structure Relaxation): -7.77650388089 Size:  3
Vacancy Formation Energy (Cell Structure Relaxation): -7.77583989239 Size:  3
Vacancy Formation Energy (Cell Structure Relaxation): -7.77730702689 Size:  3
Vacancy Formation Energy (Cell Structure Relaxation): -7.77982002592 Size:  3
Vacancy Formation Energy (Cell Structure Relaxation): -7.77915585222 Size:  3
Vacancy Formation Energy (Cell Structure Relaxation): -7.78064439952 Size:  3
Vacancy Formation Energy (Cell Structure Relaxation): -7.78394040289 Size:  3
Vacancy Formation Energy (Cell Structure Relaxation): -7.78289458843 Size:  3
Vacancy Formation Energy (Cell Structure Relaxation): -7.78598958007 Size:  3
Vacancy Formation Energy (Cell Structure Relaxation): -7.78972798082 Size:  3
Vacancy Formation Energy (Cell Structure Relaxation): -7.78695864114 Size:  3
Vacancy Formation Energy (Cell Structure Relaxation): -7.78853863583 Size:  3
Vacancy Formation Energy (Cell Structure Relaxation): -7.79071719265 Size:  3
Vacancy Formation Energy (Cell Structure Relaxation): -7.79230766804 Size:  3
Vacancy Formation Energy (Cell Structure Relaxation): -7.79403120066 Size:  3
Vacancy Formation Energy (Cell Structure Relaxation): -7.79498900435 Size:  3
Vacancy Formation Energy (Cell Structure Relaxation): -7.7944783385 Size:  3
Vacancy Formation Energy (Cell Structure Relaxation): -7.78936910022 Size:  3
Vacancy Formation Energy (Cell Structure Relaxation): -7.78892867836 Size:  3
Vacancy Formation Energy (Cell Structure Relaxation): -7.78952962495 Size:  3
Vacancy Formation Energy (Cell Structure Relaxation): -7.79259800358 Size:  3
Vacancy Formation Energy (Cell Structure Relaxation): -7.79361965527 Size:  3
Vacancy Formation Energy (Cell Structure Relaxation): -7.78074569182 Size:  3
Vacancy Formation Energy (Cell Structure Relaxation): -7.79432045601 Size:  3
Vacancy Formation Energy (Cell Structure Relaxation): -7.79492438446 Size:  3
Vacancy Formation Energy (Cell Structure Relaxation): -7.7977645651 Size:  3
Vacancy Formation Energy (Cell Structure Relaxation): -7.79821485293 Size:  3
Vacancy Formation Energy (Cell Structure Relaxation): -7.79222105138 Size:  3
Vacancy Formation Energy (Cell Structure Relaxation): -7.79559815535 Size:  3
Vacancy Formation Energy (Cell Structure Relaxation): -7.78985411504 Size:  3
Vacancy Formation Energy (Cell Structure Relaxation): -7.796172511 Size:  3
Vacancy Formation Energy (Cell Structure Relaxation): -7.79737751738 Size:  3
Vacancy Formation Energy (Cell Structure Relaxation): -7.79527370316 Size:  3
Vacancy Formation Energy (Cell Structure Relaxation): -7.79545447093 Size:  3
Vacancy Formation Energy (Cell Structure Relaxation): -7.7984341321 Size:  3
Vacancy Formation Energy (Cell Structure Relaxation): -7.79812796188 Size:  3
Vacancy Formation Energy (Cell Structure Relaxation): -7.79640001972 Size:  3
Vacancy Formation Energy (Cell Structure Relaxation): -7.79768634799 Size:  3
Vacancy Formation Energy (Cell Structure Relaxation): -7.79983092359 Size:  3
Vacancy Formation Energy (Cell Structure Relaxation): -7.79980376214 Size:  3
Vacancy Formation Energy (Cell Structure Relaxation): -7.80082774735 Size:  3
Vacancy Formation Energy (Cell Structure Relaxation): -7.80151645073 Size:  3
Vacancy Formation Energy (Cell Structure Relaxation): -7.79672841676 Size:  3
Vacancy Formation Energy (Cell Structure Relaxation): -7.79905102164 Size:  3
Vacancy Formation Energy (Cell Structure Relaxation): -7.80225721088 Size:  3
Vacancy Formation Energy (Cell Structure Relaxation): -7.80381309264 Size:  3
Vacancy Formation Energy (Cell Structure Relaxation): -7.79695843963 Size:  3
Vacancy Formation Energy (Cell Structure Relaxation): -7.80012209041 Size:  3
Vacancy Formation Energy (Cell Structure Relaxation): -7.80350952739 Size:  3
Vacancy Formation Energy (Cell Structure Relaxation): -7.80222909031 Size:  3
Vacancy Formation Energy (Cell Structure Relaxation): -7.8057586106 Size:  3
Vacancy Formation Energy (Cell Structure Relaxation): -7.808533302 Size:  3
Vacancy Formation Energy (Cell Structure Relaxation): -7.80668456791 Size:  3
Vacancy Formation Energy (Cell Structure Relaxation): -7.80855159344 Size:  3
Vacancy Formation Energy (Cell Structure Relaxation): -7.8104048688 Size:  3
Vacancy Formation Energy (Cell Structure Relaxation): -7.81138271173 Size:  3
Vacancy Formation Energy (Cell Structure Relaxation): -7.81471003742 Size:  3
Vacancy Formation Energy (Cell Structure Relaxation): -7.81390730024 Size:  3
Vacancy Formation Energy (Cell Structure Relaxation): -7.81540844511 Size:  3
Vacancy Formation Energy (Cell Structure Relaxation): -7.81704730171 Size:  3
Vacancy Formation Energy (Cell Structure Relaxation): -7.82332794054 Size:  3
Vacancy Formation Energy (Cell Structure Relaxation): -7.83216547592 Size:  3
Vacancy Formation Energy (Cell Structure Relaxation): -7.82929332707 Size:  3
Vacancy Formation Energy (Cell Structure Relaxation): -7.82638931707 Size:  3
Vacancy Formation Energy (Cell Structure Relaxation): -7.83123190819 Size:  3
Vacancy Formation Energy (Cell Structure Relaxation): -7.83077672557 Size:  3
Vacancy Formation Energy (Cell Structure Relaxation): -7.83929380767 Size:  3
Vacancy Formation Energy (Cell Structure Relaxation): -7.84399442642 Size:  3
Vacancy Formation Energy (Cell Structure Relaxation): -7.85249579073 Size:  3
Vacancy Formation Energy (Cell Structure Relaxation): -7.86825408448 Size:  3
Vacancy Formation Energy (Cell Structure Relaxation): -7.85508030293 Size:  3
Vacancy Formation Energy (Cell Structure Relaxation): -7.85614791781 Size:  3
Vacancy Formation Energy (Cell Structure Relaxation): -7.86437132986 Size:  3
Vacancy Formation Energy (Cell Structure Relaxation): -7.87127590867 Size:  3
Vacancy Formation Energy (Cell Structure Relaxation): -7.87751261415 Size:  3
Vacancy Formation Energy (Cell Structure Relaxation): -7.88445689699 Size:  3
Vacancy Formation Energy (Cell Structure Relaxation): -7.89049114328 Size:  3
Vacancy Formation Energy (Cell Structure Relaxation): -7.90039502925 Size:  3
Vacancy Formation Energy (Cell Structure Relaxation): -7.91694525229 Size:  3
Vacancy Formation Energy (Cell Structure Relaxation): -7.90331310407 Size:  3
Vacancy Formation Energy (Cell Structure Relaxation): -7.91936717967 Size:  3
Vacancy Formation Energy (Cell Structure Relaxation): -7.9295208467 Size:  3
Vacancy Formation Energy (Cell Structure Relaxation): -7.92661397006 Size:  3
Vacancy Formation Energy (Cell Structure Relaxation): -7.91200507634 Size:  3
Vacancy Formation Energy (Cell Structure Relaxation): -7.9429055343 Size:  3
Vacancy Formation Energy (Cell Structure Relaxation): -7.93806959024 Size:  3
Vacancy Formation Energy (Cell Structure Relaxation): -7.94039222575 Size:  3
Vacancy Formation Energy (Cell Structure Relaxation): -7.94828398376 Size:  3
Vacancy Formation Energy (Cell Structure Relaxation): -7.93741054816 Size:  3
Vacancy Formation Energy (Cell Structure Relaxation): -7.9473360495 Size:  3
Vacancy Formation Energy (Cell Structure Relaxation): -7.92759672511 Size:  3
Vacancy Formation Energy (Cell Structure Relaxation): -7.93761730629 Size:  3
Vacancy Formation Energy (Cell Structure Relaxation): -7.92566702884 Size:  3
Vacancy Formation Energy (Cell Structure Relaxation): -7.94322788807 Size:  3
Vacancy Formation Energy (Cell Structure Relaxation): -7.95355209194 Size:  3
Vacancy Formation Energy (Cell Structure Relaxation): -7.93891603947 Size:  3
Vacancy Formation Energy (Cell Structure Relaxation): -7.94590366595 Size:  3
Vacancy Formation Energy (Cell Structure Relaxation): -7.96171412412 Size:  3
Vacancy Formation Energy (Cell Structure Relaxation): -7.96020807424 Size:  3
Vacancy Formation Energy (Cell Structure Relaxation): -7.96104963548 Size:  3
Vacancy Formation Energy (Cell Structure Relaxation): -7.96295295833 Size:  3
Vacancy Formation Energy (Cell Structure Relaxation): -7.94839530306 Size:  3
Vacancy Formation Energy (Cell Structure Relaxation): -7.95146090337 Size:  3
Vacancy Formation Energy (Cell Structure Relaxation): -7.94322901226 Size:  3
Vacancy Formation Energy (Cell Structure Relaxation): -7.95946179585 Size:  3
Vacancy Formation Energy (Cell Structure Relaxation): -7.96421055738 Size:  3
Vacancy Formation Energy (Cell Structure Relaxation): -7.94683574418 Size:  3
Vacancy Formation Energy (Cell Structure Relaxation): -7.95883424818 Size:  3
Vacancy Formation Energy (Cell Structure Relaxation): -7.9582082265 Size:  3
Vacancy Formation Energy (Cell Structure Relaxation): -7.96537039886 Size:  3
Vacancy Formation Energy (Cell Structure Relaxation): -7.95838751622 Size:  3
Vacancy Formation Energy (Cell Structure Relaxation): -7.96514799929 Size:  3
Vacancy Formation Energy (Cell Structure Relaxation): -7.97274398776 Size:  3
Vacancy Formation Energy (Cell Structure Relaxation): -7.97346317933 Size:  3
Vacancy Formation Energy (Cell Structure Relaxation): -7.95161555956 Size:  3
Vacancy Formation Energy (Cell Structure Relaxation): -7.96838252393 Size:  3
Vacancy Formation Energy (Cell Structure Relaxation): -7.96258593552 Size:  3
Vacancy Formation Energy (Cell Structure Relaxation): -7.96824373826 Size:  3
Vacancy Formation Energy (Cell Structure Relaxation): -7.97738454732 Size:  3
Vacancy Formation Energy (Cell Structure Relaxation): -7.98230249068 Size:  3
Vacancy Formation Energy (Cell Structure Relaxation): -7.96505867129 Size:  3
Vacancy Formation Energy (Cell Structure Relaxation): -7.97127221403 Size:  3
Vacancy Formation Energy (Cell Structure Relaxation): -7.9818171141 Size:  3
Vacancy Formation Energy (Cell Structure Relaxation): -7.98152581403 Size:  3
Vacancy Formation Energy (Cell Structure Relaxation): -7.97800426702 Size:  3
Vacancy Formation Energy (Cell Structure Relaxation): -7.98477365582 Size:  3
Vacancy Formation Energy (Cell Structure Relaxation): -7.98067121468 Size:  3
Vacancy Formation Energy (Cell Structure Relaxation): -7.98646487177 Size:  3
Vacancy Formation Energy (Cell Structure Relaxation): -7.98235669627 Size:  3
Vacancy Formation Energy (Cell Structure Relaxation): -7.98971652623 Size:  3
Vacancy Formation Energy (Cell Structure Relaxation): -7.98787499312 Size:  3
Vacancy Formation Energy (Cell Structure Relaxation): -7.98749925264 Size:  3
Vacancy Formation Energy (Cell Structure Relaxation): -7.99276321922 Size:  3
Vacancy Formation Energy (Cell Structure Relaxation): -7.9949055465 Size:  3
Vacancy Formation Energy (Cell Structure Relaxation): -7.99370629425 Size:  3
Vacancy Formation Energy (Cell Structure Relaxation): -7.99631737025 Size:  3
Vacancy Formation Energy (Cell Structure Relaxation): -7.99318525114 Size:  3
Vacancy Formation Energy (Cell Structure Relaxation): -7.9917361171 Size:  3
Vacancy Formation Energy (Cell Structure Relaxation): -7.99827316264 Size:  3
Vacancy Formation Energy (Cell Structure Relaxation): -7.99498993899 Size:  3
Vacancy Formation Energy (Cell Structure Relaxation): -7.9982345482 Size:  3
Vacancy Formation Energy (Cell Structure Relaxation): -7.99807543694 Size:  3
Vacancy Formation Energy (Cell Structure Relaxation): -7.99630179022 Size:  3
Vacancy Formation Energy (Cell Structure Relaxation): -8.00293039467 Size:  3
Vacancy Formation Energy (Cell Structure Relaxation): -8.00140793036 Size:  3
Vacancy Formation Energy (Cell Structure Relaxation): -8.00232204052 Size:  3
Vacancy Formation Energy (Cell Structure Relaxation): -7.99698134141 Size:  3
Vacancy Formation Energy (Cell Structure Relaxation): -7.99545426081 Size:  3
Vacancy Formation Energy (Cell Structure Relaxation): -8.0007579368 Size:  3
Vacancy Formation Energy (Cell Structure Relaxation): -7.99726276103 Size:  3
Vacancy Formation Energy (Cell Structure Relaxation): -8.0011066467 Size:  3
Vacancy Formation Energy (Cell Structure Relaxation): -8.00264388323 Size:  3
Vacancy Formation Energy (Cell Structure Relaxation): -8.00367787221 Size:  3
Vacancy Formation Energy (Cell Structure Relaxation): -7.9989820586 Size:  3
Vacancy Formation Energy (Cell Structure Relaxation): -8.00074255015 Size:  3
Vacancy Formation Energy (Cell Structure Relaxation): -8.00352523305 Size:  3
Vacancy Formation Energy (Cell Structure Relaxation): -8.00577402799 Size:  3
Vacancy Formation Energy (Cell Structure Relaxation): -8.00471103422 Size:  3
Vacancy Formation Energy (Cell Structure Relaxation): -8.00873214319 Size:  3
Vacancy Formation Energy (Cell Structure Relaxation): -8.01133145827 Size:  3
Vacancy Formation Energy (Cell Structure Relaxation): -8.00454701238 Size:  3
Vacancy Formation Energy (Cell Structure Relaxation): -8.00113651606 Size:  3
Vacancy Formation Energy (Cell Structure Relaxation): -8.00583534511 Size:  3
Vacancy Formation Energy (Cell Structure Relaxation): -8.0098818592 Size:  3
Vacancy Formation Energy (Cell Structure Relaxation): -8.00802145794 Size:  3
Vacancy Formation Energy (Cell Structure Relaxation): -8.0110105778 Size:  3
Vacancy Formation Energy (Cell Structure Relaxation): -8.01016388196 Size:  3
Vacancy Formation Energy (Cell Structure Relaxation): -8.01218872294 Size:  3
Vacancy Formation Energy (Cell Structure Relaxation): -8.01040033702 Size:  3
Vacancy Formation Energy (Cell Structure Relaxation): -8.01681713778 Size:  3
Vacancy Formation Energy (Cell Structure Relaxation): -8.02055872138 Size:  3
Vacancy Formation Energy (Cell Structure Relaxation): -8.01204489206 Size:  3
Vacancy Formation Energy (Cell Structure Relaxation): -8.01582347416 Size:  3
Vacancy Formation Energy (Cell Structure Relaxation): -8.01811360333 Size:  3
Vacancy Formation Energy (Cell Structure Relaxation): -8.01458540904 Size:  3
Vacancy Formation Energy (Cell Structure Relaxation): -8.01967690254 Size:  3
Vacancy Formation Energy (Cell Structure Relaxation): -8.0149112936 Size:  3
Vacancy Formation Energy (Cell Structure Relaxation): -8.02087970068 Size:  3
Vacancy Formation Energy (Cell Structure Relaxation): -8.01833567143 Size:  3
Vacancy Formation Energy (Cell Structure Relaxation): -8.01958961759 Size:  3
Vacancy Formation Energy (Cell Structure Relaxation): -8.01920239702 Size:  3
Vacancy Formation Energy (Cell Structure Relaxation): -8.02542697264 Size:  3
Vacancy Formation Energy (Cell Structure Relaxation): -8.02794799694 Size:  3
Vacancy Formation Energy (Cell Structure Relaxation): -8.02615651009 Size:  3
Vacancy Formation Energy (Cell Structure Relaxation): -8.02039745239 Size:  3
Vacancy Formation Energy (Cell Structure Relaxation): -8.02281966179 Size:  3
Vacancy Formation Energy (Cell Structure Relaxation): -8.02501450837 Size:  3
Vacancy Formation Energy (Cell Structure Relaxation): -8.02411639587 Size:  3
Vacancy Formation Energy (Cell Structure Relaxation): -8.02624507973 Size:  3
Vacancy Formation Energy (Cell Structure Relaxation): -8.03177123827 Size:  3
Vacancy Formation Energy (Cell Structure Relaxation): -8.03386664811 Size:  3
Vacancy Formation Energy (Cell Structure Relaxation): -8.03249972883 Size:  3
Vacancy Formation Energy (Cell Structure Relaxation): -8.02776244606 Size:  3
Vacancy Formation Energy (Cell Structure Relaxation): -8.03286046471 Size:  3
Vacancy Formation Energy (Cell Structure Relaxation): -8.03161707482 Size:  3
Vacancy Formation Energy (Cell Structure Relaxation): -8.03125778561 Size:  3
Vacancy Formation Energy (Cell Structure Relaxation): -8.03284986616 Size:  3
Vacancy Formation Energy (Cell Structure Relaxation): -8.03486936787 Size:  3
Vacancy Formation Energy (Cell Structure Relaxation): -8.02781427067 Size:  3
Vacancy Formation Energy (Cell Structure Relaxation): -8.03018997789 Size:  3
Vacancy Formation Energy (Cell Structure Relaxation): -8.03434598754 Size:  3
Vacancy Formation Energy (Cell Structure Relaxation): -8.03010186678 Size:  3
Vacancy Formation Energy (Cell Structure Relaxation): -8.03451016732 Size:  3
Vacancy Formation Energy (Cell Structure Relaxation): -8.03154445493 Size:  3
Vacancy Formation Energy (Cell Structure Relaxation): -8.03466462691 Size:  3
Vacancy Formation Energy (Cell Structure Relaxation): -8.03274140816 Size:  3
Vacancy Formation Energy (Cell Structure Relaxation): -8.03468294923 Size:  3
Vacancy Formation Energy (Cell Structure Relaxation): -8.03364994224 Size:  3
Vacancy Formation Energy (Cell Structure Relaxation): -8.03505743629 Size:  3
Vacancy Formation Energy (Cell Structure Relaxation): -8.0347914683 Size:  3
Vacancy Formation Energy (Cell Structure Relaxation): -8.03569773149 Size:  3
Vacancy Formation Energy (Cell Structure Relaxation): -8.03447729825 Size:  3
Vacancy Formation Energy (Cell Structure Relaxation): -8.03485921938 Size:  3
Vacancy Formation Energy (Cell Structure Relaxation): -8.03356728928 Size:  3
Vacancy Formation Energy (Cell Structure Relaxation): -8.03559718288 Size:  3
Vacancy Formation Energy (Cell Structure Relaxation): -8.0349209751 Size:  3
Vacancy Formation Energy (Cell Structure Relaxation): -8.03453632117 Size:  3
Vacancy Formation Energy (Cell Structure Relaxation): -8.0355828561 Size:  3
Vacancy Formation Energy (Cell Structure Relaxation): -8.03464277363 Size:  3
Vacancy Formation Energy (Cell Structure Relaxation): -8.03560459133 Size:  3
Vacancy Formation Energy (Cell Structure Relaxation): -8.03498480686 Size:  3
Vacancy Formation Energy (Cell Structure Relaxation): -8.03399341256 Size:  3
Vacancy Formation Energy (Cell Structure Relaxation): -8.03569756568 Size:  3
Vacancy Formation Energy (Cell Structure Relaxation): -8.03507409068 Size:  3
Vacancy Formation Energy (Cell Structure Relaxation): -8.03513627657 Size:  3
Vacancy Formation Energy (Cell Structure Relaxation): -8.03538376971 Size:  3
Vacancy Formation Energy (Cell Structure Relaxation): -8.03480948791 Size:  3
Vacancy Formation Energy (Cell Structure Relaxation): -8.03573705885 Size:  3
Vacancy Formation Energy (Cell Structure Relaxation): -8.03519566219 Size:  3
Vacancy Formation Energy (Cell Structure Relaxation): -8.03578735158 Size:  3
Vacancy Formation Energy (Cell Structure Relaxation): -8.03567018864 Size:  3
Vacancy Formation Energy (Cell Structure Relaxation): -8.03528196866 Size:  3
Vacancy Formation Energy (Cell Structure Relaxation): -8.03585805889 Size:  3
Vacancy Formation Energy (Cell Structure Relaxation): -8.03583652574 Size:  3
Vacancy Formation Energy (Cell Structure Relaxation): -8.03575398084 Size:  3
Vacancy Formation Energy (Cell Structure Relaxation): -8.03556622197 Size:  3
Vacancy Formation Energy (Cell Structure Relaxation): -8.03590008911 Size:  3
Vacancy Formation Energy (Cell Structure Relaxation): -8.03538833681 Size:  3
Vacancy Formation Energy (Cell Structure Relaxation): -8.03591379723 Size:  3
Vacancy Formation Energy (Cell Structure Relaxation): -8.0356716654 Size:  3
Vacancy Formation Energy (Cell Structure Relaxation): -8.03589960874 Size:  3
Vacancy Formation Energy (Cell Structure Relaxation): -8.03568408642 Size:  3
Vacancy Formation Energy (Cell Structure Relaxation): -8.03590543481 Size:  3
Vacancy Formation Energy (Cell Structure Relaxation): -8.03584919698 Size:  3
Vacancy Formation Energy (Cell Structure Relaxation): -8.03570052082 Size:  3
Vacancy Formation Energy (Cell Structure Relaxation): -8.03593712955 Size:  3
Vacancy Formation Energy (Cell Structure Relaxation): -8.03577012416 Size:  3
Vacancy Formation Energy (Cell Structure Relaxation): -8.03593408073 Size:  3
Vacancy Formation Energy (Cell Structure Relaxation): -8.03585300327 Size:  3
Vacancy Formation Energy (Cell Structure Relaxation): -8.03592967319 Size:  3
Vacancy Formation Energy (Cell Structure Relaxation): -8.03589953105 Size:  3
Vacancy Formation Energy (Cell Structure Relaxation): -8.03594024147 Size:  3
Vacancy Formation Energy (Cell Structure Relaxation): -8.03587568066 Size:  3
Vacancy Formation Energy (Cell Structure Relaxation): -8.03594288048 Size:  3
Vacancy Formation Energy (Cell Structure Relaxation): -8.03586131875 Size:  3
Vacancy Formation Energy (Cell Structure Relaxation): -8.03594570315 Size:  3
Vacancy Formation Energy (Cell Structure Relaxation): -8.03591676413 Size:  3
Vacancy Formation Energy (Cell Structure Relaxation): -8.03594505242 Size:  3
Vacancy Formation Energy (Cell Structure Relaxation): -8.03593338447 Size:  3
Vacancy Formation Energy (Cell Structure Relaxation): -8.03594979105 Size:  3
Vacancy Formation Energy (Cell Structure Relaxation): -8.0359232125 Size:  3
Vacancy Formation Energy (Cell Structure Relaxation): -8.03595067778 Size:  3
Vacancy Formation Energy (Cell Structure Relaxation): -8.03587694653 Size:  3
Vacancy Formation Energy (Cell Structure Relaxation): -8.03595523441 Size:  3
Vacancy Formation Energy (Cell Structure Relaxation): -8.03594192653 Size:  3
Vacancy Formation Energy (Cell Structure Relaxation): -8.03595089449 Size:  3
Vacancy Formation Energy (Cell Structure Relaxation): -8.03594689607 Size:  3
Vacancy Formation Energy (Cell Structure Relaxation): -8.03594700042 Size:  3
Vacancy Formation Energy (Cell Structure Relaxation): -8.03593321492 Size:  3
Vacancy Formation Energy (Cell Structure Relaxation): -8.03595332893 Size:  3
Vacancy Formation Energy (Cell Structure Relaxation): -8.03594748855 Size:  3
Vacancy Formation Energy (Cell Structure Relaxation): -8.03594707677 Size:  3
Vacancy Formation Energy (Cell Structure Relaxation): -8.03595259192 Size:  3
Vacancy Formation Energy (Cell Structure Relaxation): -8.03594848086 Size:  3
Vacancy Formation Energy (Cell Structure Relaxation): -8.03595320188 Size:  3
Vacancy Formation Energy (Cell Structure Relaxation): -8.0359518033 Size:  3
Vacancy Formation Energy (Cell Structure Relaxation): -8.03594847997 Size:  3
Vacancy Formation Energy (Cell Structure Relaxation): -8.0359540748 Size:  3
Vacancy Formation Energy (Cell Structure Relaxation): -8.03595320311 Size:  3
Vacancy Formation Energy (Cell Structure Relaxation): -8.03595252794 Size:  3
Vacancy Formation Energy (Cell Structure Relaxation): -8.03595472407 Size:  3
Vacancy Formation Energy (Cell Structure Relaxation): -8.03595127535 Size:  3
Vacancy Formation Energy (Cell Structure Relaxation): -8.03595480329 Size:  3
Vacancy Formation Energy (Cell Structure Relaxation): -8.03595546836 Size:  3
Vacancy Formation Energy (Cell Structure Relaxation): -8.03595301497 Size:  3
Vacancy Formation Energy (Cell Structure Relaxation): -8.03595283554 Size:  3
Vacancy Formation Energy (Cell Structure Relaxation): -8.03595512119 Size:  3
Vacancy Formation Energy (Cell Structure Relaxation): -8.03595492499 Size:  3
Vacancy Formation Energy (Cell Structure Relaxation): -8.03595593729 Size:  3
Vacancy Formation Energy (Cell Structure Relaxation): -8.03595364476 Size:  3
Vacancy Formation Energy (Cell Structure Relaxation): -8.03595480602 Size:  3
Vacancy Formation Energy (Cell Structure Relaxation): -8.03595104695 Size:  3
Vacancy Formation Energy (Cell Structure Relaxation): -8.0359561743 Size:  3
Vacancy Formation Energy (Cell Structure Relaxation): -8.03595513654 Size:  3
Vacancy Formation Energy (Cell Structure Relaxation): -8.03595531821 Size:  3
Vacancy Formation Energy (Cell Structure Relaxation): -8.03595695381 Size:  3
Vacancy Formation Energy (Cell Structure Relaxation): -8.03595690271 Size:  3
Vacancy Formation Energy (Cell Structure Relaxation): -8.03595591781 Size:  3
Vacancy Formation Energy (Cell Structure Relaxation): -8.03595436549 Size:  3
Vacancy Formation Energy (Cell Structure Relaxation): -8.03595634377 Size:  3
Vacancy Formation Energy (Cell Structure Relaxation): -8.0359555938 Size:  3
Vacancy Formation Energy (Cell Structure Relaxation): -8.03595555309 Size:  3
Vacancy Formation Energy (Cell Structure Relaxation): -8.03595639349 Size:  3
Vacancy Formation Energy (Cell Structure Relaxation): -8.03595537308 Size:  3
Vacancy Formation Energy (Cell Structure Relaxation): -8.03595642446 Size:  3
Vacancy Formation Energy (Cell Structure Relaxation): -8.03595573655 Size:  3
Vacancy Formation Energy (Cell Structure Relaxation): -8.03595650478 Size:  3
Vacancy Formation Energy (Cell Structure Relaxation): -8.03595656702 Size:  3
Vacancy Formation Energy (Cell Structure Relaxation): -8.03595585852 Size:  3
Vacancy Formation Energy (Cell Structure Relaxation): -8.03595665045 Size:  3
Vacancy Formation Energy (Cell Structure Relaxation): -8.03595707038 Size:  3
Vacancy Formation Energy (Cell Structure Relaxation): -8.03595710123 Size:  3
Vacancy Formation Energy (Cell Structure Relaxation): -8.03595660785 Size:  3
Vacancy Formation Energy (Cell Structure Relaxation): -8.03595661263 Size:  3
Vacancy Formation Energy (Cell Structure Relaxation): -8.03595620687 Size:  3
Vacancy Formation Energy (Cell Structure Relaxation): -8.03595688404 Size:  3
Vacancy Formation Energy (Cell Structure Relaxation): -8.03595665436 Size:  3
Vacancy Formation Energy (Cell Structure Relaxation): -8.03595684042 Size:  3
Vacancy Formation Energy (Cell Structure Relaxation): -8.03595641342 Size:  3
Vacancy Formation Energy (Cell Structure Relaxation): -8.0359569366 Size:  3
Vacancy Formation Energy (Cell Structure Relaxation): -8.03595702695 Size:  3
Vacancy Formation Energy (Cell Structure Relaxation): -8.03595697643 Size:  3
Vacancy Formation Energy (Cell Structure Relaxation): -8.03595698198 Size:  3
Vacancy Formation Energy (Cell Structure Relaxation): -8.03595702054 Size:  3
Vacancy Formation Energy (Cell Structure Relaxation): -8.03595706939 Size:  3
Vacancy Formation Energy (Cell Structure Relaxation): -8.03595698126 Size:  3
Vacancy Formation Energy (Cell Structure Relaxation): -8.03595637995 Size:  3
Vacancy Formation Energy (Cell Structure Relaxation): -8.03595717712 Size:  3
Vacancy Formation Energy (Cell Structure Relaxation): -8.0359569752 Size:  3
Vacancy Formation Energy (Cell Structure Relaxation): -8.03595712135 Size:  3
Vacancy Formation Energy (Cell Structure Relaxation): -8.03595692123 Size:  3
Vacancy Formation Energy (Cell Structure Relaxation): -8.03595712783 Size:  3
Vacancy Formation Energy (Cell Structure Relaxation): -8.03595703853 Size:  3
Vacancy Formation Energy (Cell Structure Relaxation): -8.03595691305 Size:  3
Vacancy Formation Energy (Cell Structure Relaxation): -8.03595714529 Size:  3
Vacancy Formation Energy (Cell Structure Relaxation): -8.03595704612 Size:  3
Vacancy Formation Energy (Cell Structure Relaxation): -8.03595714165 Size:  3
Vacancy Formation Energy (Cell Structure Relaxation): -8.0359570592 Size:  3
Vacancy Formation Energy (Cell Structure Relaxation): -8.03595714851 Size:  3
Vacancy Formation Energy (Cell Structure Relaxation): -8.03595711844 Size:  3
Vacancy Formation Energy (Cell Structure Relaxation): -8.03595716344 Size:  3
Vacancy Formation Energy (Cell Structure Relaxation): -8.03595715074 Size:  3
Vacancy Formation Energy (Cell Structure Relaxation): -8.03595713306 Size:  3
Vacancy Formation Energy (Cell Structure Relaxation): -8.03595717001 Size:  3
Vacancy Formation Energy (Cell Structure Relaxation): -8.03595716472 Size:  3
Vacancy Formation Energy (Cell Structure Relaxation): -8.03595710663 Size:  3
Vacancy Formation Energy (Cell Structure Relaxation): -8.03595717847 Size:  3
Vacancy Formation Energy (Cell Structure Relaxation): -8.03595714927 Size:  3
Vacancy Formation Energy (Cell Structure Relaxation): -8.03595717614 Size:  3
Vacancy Formation Energy (Cell Structure Relaxation): -8.03595717231 Size:  3
Vacancy Formation Energy (Cell Structure Relaxation): -8.03595715547 Size:  3
Vacancy Formation Energy (Cell Structure Relaxation): -8.03595718278 Size:  3
Vacancy Formation Energy (Cell Structure Relaxation): -8.03595717699 Size:  3
Vacancy Formation Energy (Cell Structure Relaxation): -8.03595718514 Size:  3
Vacancy Formation Energy (Cell Structure Relaxation): -8.03595715198 Size:  3
Vacancy Formation Energy (Cell Structure Relaxation): -8.03595716009 Size:  3
Vacancy Formation Energy (Cell Structure Relaxation): -8.0359571883 Size:  3
Vacancy Formation Energy (Cell Structure Relaxation): -8.03595717879 Size:  3
Vacancy Formation Energy (Cell Structure Relaxation): -8.03595717718 Size:  3
Vacancy Formation Energy (Cell Structure Relaxation): -8.03595715396 Size:  3
Vacancy Formation Energy (Cell Structure Relaxation): -8.03595719056 Size:  3
Vacancy Formation Energy (Cell Structure Relaxation): -8.03595717263 Size:  3
Vacancy Formation Energy (Cell Structure Relaxation): -8.03595718878 Size:  3
Vacancy Formation Energy (Cell Structure Relaxation): -8.03595716036 Size:  3
Vacancy Formation Energy (Cell Structure Relaxation): -8.03595719022 Size:  3
Vacancy Formation Energy (Cell Structure Relaxation): -8.03595717591 Size:  3
Vacancy Formation Energy (Cell Structure Relaxation): -8.03595718887 Size:  3
Vacancy Formation Energy (Cell Structure Relaxation): -8.03595718853 Size:  3
Vacancy Formation Energy (Cell Structure Relaxation): -8.03595718668 Size:  3
Vacancy Formation Energy (Cell Structure Relaxation): -8.0359571915 Size:  3
Vacancy Formation Energy (Cell Structure Relaxation): -8.03595719056 Size:  3
Vacancy Formation Energy (Cell Structure Relaxation): -8.03595718238 Size:  3
Vacancy Formation Energy (Cell Structure Relaxation): -8.03595719258 Size:  3
Vacancy Formation Energy (Cell Structure Relaxation): -8.03595719571 Size:  3
Vacancy Formation Energy (Cell Structure Relaxation): -8.0359571951 Size:  3
Vacancy Formation Energy (Cell Structure Relaxation): -8.03595719164 Size:  3
Vacancy Formation Energy (Cell Structure Relaxation): -8.03595718819 Size:  3
Vacancy Formation Energy (Cell Structure Relaxation): -8.03595719363 Size:  3
Vacancy Formation Energy (Cell Structure Relaxation): -8.03595719016 Size:  3
Vacancy Formation Energy (Cell Structure Relaxation): -8.03595719359 Size:  3
Vacancy Formation Energy (Cell Structure Relaxation): -8.03595719329 Size:  3
Vacancy Formation Energy (Cell Structure Relaxation): -8.03595719476 Size:  3
Vacancy Formation Energy (Cell Structure Relaxation): -8.03595719159 Size:  3
Vacancy Formation Energy (Cell Structure Relaxation): -8.03595719451 Size:  3
Vacancy Formation Energy (Cell Structure Relaxation): -8.03595719341 Size:  3
Vacancy Formation Energy (Cell Structure Relaxation): -8.03595719173 Size:  3
Vacancy Formation Energy (Cell Structure Relaxation): -8.03595719515 Size:  3
Vacancy Formation Energy (Cell Structure Relaxation): -8.03595719231 Size:  3
Vacancy Formation Energy (Cell Structure Relaxation): -8.03595719513 Size:  3
Vacancy Formation Energy (Cell Structure Relaxation): -8.03595719564 Size:  3
Vacancy Formation Energy (Cell Structure Relaxation): -8.03595719738 Size:  3
Vacancy Formation Energy (Cell Structure Relaxation): -8.03595719739 Size:  3
Vacancy Formation Energy (Cell Structure Relaxation): -8.03595719628 Size:  3
Vacancy Formation Energy (Cell Structure Relaxation): -8.03595719459 Size:  3
Vacancy Formation Energy (Cell Structure Relaxation): -8.03595719638 Size:  3
Vacancy Formation Energy (Cell Structure Relaxation): -8.03595719812 Size:  3
Vacancy Formation Energy (Cell Structure Relaxation): -8.03595719815 Size:  3
Vacancy Formation Energy (Cell Structure Relaxation): -8.0359571966 Size:  3
Vacancy Formation Energy (Cell Structure Relaxation): -8.03595719636 Size:  3
Vacancy Formation Energy (Cell Structure Relaxation): -8.03595719529 Size:  3
Vacancy Formation Energy (Cell Structure Relaxation): -8.03595719735 Size:  3
Vacancy Formation Energy (Cell Structure Relaxation): -8.03595719705 Size:  3
Vacancy Formation Energy (Cell Structure Relaxation): -8.03595719738 Size:  3
Vacancy Formation Energy (Cell Structure Relaxation): -8.03595719884 Size:  3
Vacancy Formation Energy (Cell Structure Relaxation): -8.03595719808 Size:  3
Vacancy Formation Energy (Cell Structure Relaxation): -8.03595719868 Size:  3
Vacancy Formation Energy (Cell Structure Relaxation): -8.03595719772 Size:  3
Vacancy Formation Energy (Cell Structure Relaxation): -8.03595719952 Size:  3
Vacancy Formation Energy (Cell Structure Relaxation): -8.03595719892 Size:  3
Vacancy Formation Energy (Cell Structure Relaxation): -8.03595719938 Size:  3
Vacancy Formation Energy (Cell Structure Relaxation): -8.03595719857 Size:  3
Vacancy Formation Energy (Cell Structure Relaxation): -8.03595719764 Size:  3
Vacancy Formation Energy (Cell Structure Relaxation): -8.03595719916 Size:  3
Vacancy Formation Energy (Cell Structure Relaxation): -8.03595720081 Size:  3
Vacancy Formation Energy (Cell Structure Relaxation): -8.03595720113 Size:  3
Vacancy Formation Energy (Cell Structure Relaxation): -8.03595719704 Size:  3
Vacancy Formation Energy (Cell Structure Relaxation): -8.03595719992 Size:  3
Vacancy Formation Energy (Cell Structure Relaxation): -8.03595719973 Size:  3
Vacancy Formation Energy (Cell Structure Relaxation): -8.03595720019 Size:  3
Vacancy Formation Energy (Cell Structure Relaxation): -8.0359572008 Size:  3
Vacancy Formation Energy (Cell Structure Relaxation): -8.03595720089 Size:  3
Vacancy Formation Energy (Cell Structure Relaxation): -8.03595720252 Size:  3
Vacancy Formation Energy (Cell Structure Relaxation): -8.0359572036 Size:  3
Vacancy Formation Energy (Cell Structure Relaxation): -8.03595720064 Size:  3
Vacancy Formation Energy (Cell Structure Relaxation): -8.03595720064 Size:  3
Vacancy Formation Energy (Cell Structure Relaxation): -8.03595720331 Size:  3
Vacancy Formation Energy (Cell Structure Relaxation): -8.03595720122 Size:  3
Vacancy Formation Energy (Cell Structure Relaxation): -8.03595720093 Size:  3
Vacancy Formation Energy (Cell Structure Relaxation): -8.03595720332 Size:  3
Vacancy Formation Energy (Cell Structure Relaxation): -8.0359572037 Size:  3
Vacancy Formation Energy (Cell Structure Relaxation): -8.03595720312 Size:  3
Vacancy Formation Energy (Cell Structure Relaxation): -8.03595720328 Size:  3
Vacancy Formation Energy (Cell Structure Relaxation): -8.03595720509 Size:  3
Vacancy Formation Energy (Cell Structure Relaxation): -8.03595720507 Size:  3
Vacancy Formation Energy (Cell Structure Relaxation): -8.03595720658 Size:  3
Vacancy Formation Energy (Cell Structure Relaxation): -8.03595720764 Size:  3
Vacancy Formation Energy (Cell Structure Relaxation): -8.03595720436 Size:  3
Vacancy Formation Energy (Cell Structure Relaxation): -8.03595720451 Size:  3
Vacancy Formation Energy (Cell Structure Relaxation): -8.03595720559 Size:  3
Vacancy Formation Energy (Cell Structure Relaxation): -8.03595720821 Size:  3
Vacancy Formation Energy (Cell Structure Relaxation): -8.03595720982 Size:  3
Vacancy Formation Energy (Cell Structure Relaxation): -8.03595720915 Size:  3
Vacancy Formation Energy (Cell Structure Relaxation): -8.03595721057 Size:  3
Vacancy Formation Energy (Cell Structure Relaxation): -8.03595721202 Size:  3
Vacancy Formation Energy (Cell Structure Relaxation): -8.03595721204 Size:  3
Vacancy Formation Energy (Cell Structure Relaxation): -8.03595721237 Size:  3
Vacancy Formation Energy (Cell Structure Relaxation): -8.03595721178 Size:  3
Vacancy Formation Energy (Cell Structure Relaxation): -8.03595721613 Size:  3
Vacancy Formation Energy (Cell Structure Relaxation): -8.03595721757 Size:  3
Vacancy Formation Energy (Cell Structure Relaxation): -8.03595721945 Size:  3
Vacancy Formation Energy (Cell Structure Relaxation): -8.03595722278 Size:  3
Vacancy Formation Energy (Cell Structure Relaxation): -8.0359572206 Size:  3
Vacancy Formation Energy (Cell Structure Relaxation): -8.03595721581 Size:  3
Warning: Maximum number of function evaluations has been exceeded.
Summary:
Vacancy Formation Energy: -8.03595722278
Unrelaxed Cell Volume: 539.311334598
Relaxed Cell Volume: 432.678334001
Relaxation Volume: 106.633000597
Relaxed Cell Vector:
[ 7.57647405  0.7693644   7.59073258 -0.36305807 -0.24296869  7.52340285]
Unrelaxed Cell Vector:
[8.1397896632700011, 0.0, 8.1397896632700011, 0.0, 0.0, 8.1397896632700011]
Relaxed Cell:
[[ 7.57647405  0.          0.        ]
 [ 0.7693644   7.59073258  0.        ]
 [-0.36305807 -0.24296869  7.52340285]]
Unrelaxed Cell:
[[ 8.13978966  0.          0.        ]
 [ 0.          8.13978966  0.        ]
 [ 0.          0.          8.13978966]]
Vacancy Formation Energy < 0
Crystal Collapsed.
