Imported bulk from ase.lattice
Parameters Input: Al fcc Pair_Morse_Shifted_GirifalcoWeizer_HighCutoff_Al__MO_140175748626_001 [4.03298846218]
CELL_SIZE_MIN: 4
CELL_SIZE_MAX: 6
Smallest System Size: 256
Largest System Size: 864
Model Cutoff: 11.7567

[Calculation]

Supercell Size: 4
Unrelaxed Cell:
[[ 16.13195385   0.           0.        ]
 [  0.          16.13195385   0.        ]
 [  0.           0.          16.13195385]]
Unrelaxed Cell Vector:
[16.131953848719998, 0.0, 16.131953848719998, 0.0, 0.0, 16.131953848719998]
==========
Loop: 0
Position Relaxation...
FIRE:   0  15:54:08     -742.547545       0.5984
FIRE:   1  15:54:08     -742.591351       0.5456
FIRE:   2  15:54:09     -742.663124       0.4443
FIRE:   3  15:54:09     -742.737721       0.3045
FIRE:   4  15:54:09     -742.791289       0.1404
FIRE:   5  15:54:09     -742.812236       0.1181
FIRE:   6  15:54:09     -742.807917       0.1607
FIRE:   7  15:54:09     -742.809888       0.1553
FIRE:   8  15:54:10     -742.813603       0.1445
FIRE:   9  15:54:10     -742.818636       0.1288
FIRE:  10  15:54:10     -742.824420       0.1087
FIRE:  11  15:54:10     -742.830313       0.0848
FIRE:  12  15:54:10     -742.835697       0.0612
FIRE:  13  15:54:10     -742.840059       0.0454
FIRE:  14  15:54:11     -742.843304       0.0275
FIRE:  15  15:54:11     -742.844969       0.0357
FIRE:  16  15:54:11     -742.845198       0.0649
FIRE:  17  15:54:11     -742.845307       0.0642
FIRE:  18  15:54:11     -742.845519       0.0627
FIRE:  19  15:54:11     -742.845824       0.0604
FIRE:  20  15:54:11     -742.846208       0.0575
FIRE:  21  15:54:12     -742.846655       0.0539
FIRE:  22  15:54:12     -742.847144       0.0497
FIRE:  23  15:54:12     -742.847656       0.0450
FIRE:  24  15:54:12     -742.848223       0.0393
FIRE:  25  15:54:12     -742.848824       0.0325
FIRE:  26  15:54:12     -742.849426       0.0247
FIRE:  27  15:54:13     -742.849994       0.0160
FIRE:  28  15:54:13     -742.850502       0.0170
FIRE:  29  15:54:13     -742.850956       0.0195
FIRE:  30  15:54:13     -742.851399       0.0213
FIRE:  31  15:54:13     -742.851894       0.0216
FIRE:  32  15:54:13     -742.852487       0.0195
FIRE:  33  15:54:14     -742.853146       0.0158
FIRE:  34  15:54:14     -742.853725       0.0103
FIRE:  35  15:54:14     -742.853991       0.0058
FIRE:  36  15:54:14     -742.853856       0.0109
FIRE:  37  15:54:14     -742.853877       0.0105
FIRE:  38  15:54:14     -742.853915       0.0098
FIRE:  39  15:54:15     -742.853964       0.0087
FIRE:  40  15:54:15     -742.854017       0.0073
FIRE:  41  15:54:15     -742.854066       0.0057
FIRE:  42  15:54:15     -742.854105       0.0040
Relaxation Completed. Steps: 42
Cell Size Relaxation...
Optimization terminated successfully.
         Current function value: 2.615823
         Iterations: 335
         Function evaluations: 611
Current VFE: 2.61582337887
Energy of Supercell: -748.394375905
Unrelaxed Cell Volume: 4198.17862065
Current Relaxed Cell Volume: 4193.71723018
Current Relaxation Volume: 4.46139046433
Current Cell:
[[  1.61262512e+01   0.00000000e+00   0.00000000e+00]
 [  4.36999482e-05   1.61262239e+01   0.00000000e+00]
 [  1.09176752e-05   7.92031652e-05   1.61262370e+01]]
==========
Loop: 1
Position Relaxation...
FIRE:   0  15:55:07     -742.855137       0.0040
Relaxation Completed. Steps: 0
Cell Size Relaxation...
Optimization terminated successfully.
         Current function value: 2.615823
         Iterations: 258
         Function evaluations: 485
FIRE:   0  15:55:49     -742.855137       0.0040
FIRE:   1  15:55:49     -742.855146       0.0037
FIRE:   2  15:55:49     -742.855162       0.0031
FIRE:   3  15:55:49     -742.855182       0.0025
FIRE:   4  15:55:49     -742.855204       0.0024
FIRE:   5  15:55:50     -742.855224       0.0022
FIRE:   6  15:55:50     -742.855241       0.0019
FIRE:   7  15:55:50     -742.855254       0.0015
FIRE:   8  15:55:50     -742.855264       0.0008
FIRE:   9  15:55:50     -742.855267       0.0007
FIRE:  10  15:55:51     -742.855267       0.0007
FIRE:  11  15:55:51     -742.855267       0.0007
FIRE:  12  15:55:51     -742.855267       0.0007
FIRE:  13  15:55:51     -742.855267       0.0007
FIRE:  14  15:55:51     -742.855268       0.0006
FIRE:  15  15:55:52     -742.855268       0.0006
FIRE:  16  15:55:52     -742.855269       0.0005
FIRE:  17  15:55:52     -742.855269       0.0004
FIRE:  18  15:55:52     -742.855269       0.0004
FIRE:  19  15:55:52     -742.855270       0.0002
Optimization terminated successfully.
         Current function value: 2.615690
         Iterations: 243
         Function evaluations: 540
---------------
Calculation Completed.
Number Of Atoms in Supercell: 256
Vacancy Formation Energy: 2.61569036596
Unrelaxed Cell Volume: 4198.17862065
Relaxed Cell Volume: 4193.71723018
Relaxation Volume: 4.46139046433
Relaxed Cell Vector:
[16.126188266130526, 5.8337842737017906e-05, 16.126186441639888, 1.0202487017966725e-05, 1.3720204867677988e-05, 16.126187308624054]
Unrelaxed Cell Vector:
[16.131953848719998, 0.0, 16.131953848719998, 0.0, 0.0, 16.131953848719998]
Relaxed Cell:
[[  1.61261883e+01   0.00000000e+00   0.00000000e+00]
 [  5.83378427e-05   1.61261864e+01   0.00000000e+00]
 [  1.02024870e-05   1.37202049e-05   1.61261873e+01]]
Unrelaxed Cell:
[[ 16.13195385   0.           0.        ]
 [  0.          16.13195385   0.        ]
 [  0.           0.          16.13195385]]

Supercell Size: 5
Unrelaxed Cell:
[[ 20.16494231   0.           0.        ]
 [  0.          20.16494231   0.        ]
 [  0.           0.          20.16494231]]
Unrelaxed Cell Vector:
[20.164942310899999, 0.0, 20.164942310899999, 0.0, 0.0, 20.164942310899999]
==========
Loop: 0
Position Relaxation...
FIRE:   0  15:56:41    -1455.860934       0.5984
FIRE:   1  15:56:41    -1455.904743       0.5456
FIRE:   2  15:56:42    -1455.976521       0.4443
FIRE:   3  15:56:42    -1456.051129       0.3045
FIRE:   4  15:56:43    -1456.104723       0.1405
FIRE:   5  15:56:43    -1456.125739       0.1182
FIRE:   6  15:56:44    -1456.121563       0.1606
FIRE:   7  15:56:44    -1456.123544       0.1551
FIRE:   8  15:56:45    -1456.127276       0.1444
FIRE:   9  15:56:45    -1456.132333       0.1287
FIRE:  10  15:56:46    -1456.138140       0.1086
FIRE:  11  15:56:46    -1456.144053       0.0847
FIRE:  12  15:56:47    -1456.149449       0.0612
FIRE:  13  15:56:47    -1456.153808       0.0453
FIRE:  14  15:56:48    -1456.157026       0.0272
FIRE:  15  15:56:48    -1456.158628       0.0359
FIRE:  16  15:56:49    -1456.158758       0.0651
FIRE:  17  15:56:50    -1456.158866       0.0643
FIRE:  18  15:56:50    -1456.159077       0.0628
FIRE:  19  15:56:51    -1456.159381       0.0606
FIRE:  20  15:56:51    -1456.159764       0.0576
FIRE:  21  15:56:52    -1456.160210       0.0540
FIRE:  22  15:56:52    -1456.160700       0.0498
FIRE:  23  15:56:53    -1456.161213       0.0451
FIRE:  24  15:56:53    -1456.161785       0.0393
FIRE:  25  15:56:54    -1456.162395       0.0325
FIRE:  26  15:56:54    -1456.163012       0.0246
FIRE:  27  15:56:55    -1456.163605       0.0158
FIRE:  28  15:56:55    -1456.164152       0.0164
FIRE:  29  15:56:56    -1456.164659       0.0191
FIRE:  30  15:56:56    -1456.165173       0.0207
FIRE:  31  15:56:57    -1456.165759       0.0212
FIRE:  32  15:56:57    -1456.166469       0.0192
FIRE:  33  15:56:58    -1456.167279       0.0164
FIRE:  34  15:56:58    -1456.168059       0.0108
FIRE:  35  15:56:59    -1456.168592       0.0066
FIRE:  36  15:56:59    -1456.168770       0.0089
FIRE:  37  15:57:00    -1456.168791       0.0085
FIRE:  38  15:57:00    -1456.168831       0.0077
FIRE:  39  15:57:01    -1456.168884       0.0067
FIRE:  40  15:57:01    -1456.168942       0.0054
FIRE:  41  15:57:02    -1456.168999       0.0040
Relaxation Completed. Steps: 41
Cell Size Relaxation...
Optimization terminated successfully.
         Current function value: 2.614659
         Iterations: 299
         Function evaluations: 562
Current VFE: 2.61465872734
Energy of Supercell: -1461.70776544
Unrelaxed Cell Volume: 8199.56761845
Current Relaxed Cell Volume: 8194.0885947
Current Relaxation Volume: 5.47902374586
Current Cell:
[[  2.01604349e+01   0.00000000e+00   0.00000000e+00]
 [  1.56696562e-06   2.01604741e+01   0.00000000e+00]
 [  1.33646676e-05   8.65686820e-05   2.01604406e+01]]
==========
Loop: 1
Position Relaxation...
FIRE:   0  15:59:33    -1456.169691       0.0040
Relaxation Completed. Steps: 0
Cell Size Relaxation...
Optimization terminated successfully.
         Current function value: 2.614659
         Iterations: 173
         Function evaluations: 378
FIRE:   0  16:01:13    -1456.169691       0.0040
FIRE:   1  16:01:14    -1456.169712       0.0036
FIRE:   2  16:01:14    -1456.169749       0.0033
FIRE:   3  16:01:15    -1456.169795       0.0032
FIRE:   4  16:01:15    -1456.169844       0.0030
FIRE:   5  16:01:16    -1456.169891       0.0028
FIRE:   6  16:01:16    -1456.169938       0.0024
FIRE:   7  16:01:17    -1456.169983       0.0024
FIRE:   8  16:01:17    -1456.170031       0.0021
FIRE:   9  16:01:18    -1456.170074       0.0014
FIRE:  10  16:01:18    -1456.170104       0.0023
FIRE:  11  16:01:19    -1456.170125       0.0032
FIRE:  12  16:01:19    -1456.170143       0.0026
FIRE:  13  16:01:20    -1456.170151       0.0019
FIRE:  14  16:01:20    -1456.170152       0.0018
FIRE:  15  16:01:21    -1456.170155       0.0017
FIRE:  16  16:01:21    -1456.170158       0.0015
FIRE:  17  16:01:22    -1456.170162       0.0013
FIRE:  18  16:01:22    -1456.170165       0.0011
FIRE:  19  16:01:23    -1456.170168       0.0008
Optimization terminated successfully.
         Current function value: 2.614178
         Iterations: 221
         Function evaluations: 494
---------------
Calculation Completed.
Number Of Atoms in Supercell: 500
Vacancy Formation Energy: 2.61417800793
Unrelaxed Cell Volume: 8199.56761845
Relaxed Cell Volume: 8194.0885947
Relaxation Volume: 5.47902374586
Relaxed Cell Vector:
[20.16056589096013, 1.5992641824530084e-06, 20.160569841265556, 1.3721013289908234e-05, 8.449023573765649e-05, 20.160565040487032]
Unrelaxed Cell Vector:
[20.164942310899999, 0.0, 20.164942310899999, 0.0, 0.0, 20.164942310899999]
Relaxed Cell:
[[  2.01605659e+01   0.00000000e+00   0.00000000e+00]
 [  1.59926418e-06   2.01605698e+01   0.00000000e+00]
 [  1.37210133e-05   8.44902357e-05   2.01605650e+01]]
Unrelaxed Cell:
[[ 20.16494231   0.           0.        ]
 [  0.          20.16494231   0.        ]
 [  0.           0.          20.16494231]]

Supercell Size: 6
Unrelaxed Cell:
[[ 24.19793077   0.           0.        ]
 [  0.          24.19793077   0.        ]
 [  0.           0.          24.19793077]]
Unrelaxed Cell Vector:
[24.197930773079996, 0.0, 24.197930773079996, 0.0, 0.0, 24.197930773079996]
==========
Loop: 0
Position Relaxation...
FIRE:   0  16:03:34    -2519.984188       0.5984
FIRE:   1  16:03:35    -2520.027996       0.5456
FIRE:   2  16:03:35    -2520.099774       0.4443
FIRE:   3  16:03:35    -2520.174381       0.3045
FIRE:   4  16:03:35    -2520.227973       0.1405
FIRE:   5  16:03:36    -2520.248986       0.1182
FIRE:   6  16:03:36    -2520.244807       0.1606
FIRE:   7  16:03:36    -2520.246788       0.1551
FIRE:   8  16:03:36    -2520.250521       0.1444
FIRE:   9  16:03:37    -2520.255578       0.1287
FIRE:  10  16:03:37    -2520.261387       0.1086
FIRE:  11  16:03:37    -2520.267304       0.0847
FIRE:  12  16:03:38    -2520.272704       0.0612
FIRE:  13  16:03:38    -2520.277071       0.0453
FIRE:  14  16:03:38    -2520.280303       0.0273
FIRE:  15  16:03:38    -2520.281925       0.0359
FIRE:  16  16:03:39    -2520.282081       0.0651
FIRE:  17  16:03:39    -2520.282189       0.0643
FIRE:  18  16:03:39    -2520.282400       0.0628
FIRE:  19  16:03:39    -2520.282704       0.0606
FIRE:  20  16:03:40    -2520.283088       0.0576
FIRE:  21  16:03:40    -2520.283534       0.0540
FIRE:  22  16:03:40    -2520.284024       0.0498
FIRE:  23  16:03:40    -2520.284536       0.0451
FIRE:  24  16:03:41    -2520.285108       0.0393
FIRE:  25  16:03:41    -2520.285716       0.0325
FIRE:  26  16:03:41    -2520.286331       0.0246
FIRE:  27  16:03:41    -2520.286919       0.0158
FIRE:  28  16:03:42    -2520.287459       0.0164
FIRE:  29  16:03:42    -2520.287958       0.0191
FIRE:  30  16:03:42    -2520.288464       0.0207
FIRE:  31  16:03:42    -2520.289043       0.0211
FIRE:  32  16:03:43    -2520.289747       0.0192
FIRE:  33  16:03:43    -2520.290559       0.0164
FIRE:  34  16:03:43    -2520.291349       0.0109
FIRE:  35  16:03:43    -2520.291907       0.0063
FIRE:  36  16:03:44    -2520.292130       0.0091
FIRE:  37  16:03:44    -2520.292154       0.0087
FIRE:  38  16:03:44    -2520.292198       0.0079
FIRE:  39  16:03:45    -2520.292258       0.0069
FIRE:  40  16:03:45    -2520.292325       0.0056
FIRE:  41  16:03:45    -2520.292394       0.0042
Relaxation Completed. Steps: 41
Cell Size Relaxation...
Optimization terminated successfully.
         Current function value: 2.614739
         Iterations: 236
         Function evaluations: 484
Current VFE: 2.61473904402
Energy of Supercell: -2525.83101868
Unrelaxed Cell Volume: 14168.8528447
Current Relaxed Cell Volume: 14161.7331606
Current Relaxation Volume: 7.11968407711
Current Cell:
[[  2.41938727e+01   0.00000000e+00   0.00000000e+00]
 [  1.69494581e-05   2.41938762e+01   0.00000000e+00]
 [  1.23614126e-05   8.01869331e-05   2.41938822e+01]]
==========
Loop: 1
Position Relaxation...
FIRE:   0  16:05:02    -2520.292864       0.0042
Relaxation Completed. Steps: 0
Cell Size Relaxation...
Optimization terminated successfully.
         Current function value: 2.614739
         Iterations: 175
         Function evaluations: 375
FIRE:   0  16:05:54    -2520.292864       0.0042
FIRE:   1  16:05:54    -2520.292892       0.0037
FIRE:   2  16:05:55    -2520.292943       0.0034
FIRE:   3  16:05:55    -2520.293009       0.0033
FIRE:   4  16:05:55    -2520.293083       0.0032
FIRE:   5  16:05:55    -2520.293161       0.0030
FIRE:   6  16:05:56    -2520.293243       0.0027
FIRE:   7  16:05:56    -2520.293326       0.0025
FIRE:   8  16:05:56    -2520.293418       0.0022
FIRE:   9  16:05:57    -2520.293509       0.0017
FIRE:  10  16:05:57    -2520.293593       0.0025
FIRE:  11  16:05:57    -2520.293671       0.0034
FIRE:  12  16:05:58    -2520.293742       0.0028
FIRE:  13  16:05:58    -2520.293795       0.0015
FIRE:  14  16:05:58    -2520.293816       0.0015
FIRE:  15  16:05:59    -2520.293818       0.0013
FIRE:  16  16:05:59    -2520.293822       0.0010
FIRE:  17  16:05:59    -2520.293827       0.0008
FIRE:  18  16:05:59    -2520.293831       0.0008
FIRE:  19  16:06:00    -2520.293835       0.0007
Optimization terminated successfully.
         Current function value: 2.613760
         Iterations: 215
         Function evaluations: 484
---------------
Calculation Completed.
Number Of Atoms in Supercell: 864
Vacancy Formation Energy: 2.61376048038
Unrelaxed Cell Volume: 14168.8528447
Relaxed Cell Volume: 14161.7331606
Relaxation Volume: 7.11968407711
Relaxed Cell Vector:
[24.194179290940014, 1.7411094944309156e-05, 24.194174061173108, 1.2447514314944235e-05, 7.895251350609271e-05, 24.194174139887288]
Unrelaxed Cell Vector:
[24.197930773079996, 0.0, 24.197930773079996, 0.0, 0.0, 24.197930773079996]
Relaxed Cell:
[[  2.41941793e+01   0.00000000e+00   0.00000000e+00]
 [  1.74110949e-05   2.41941741e+01   0.00000000e+00]
 [  1.24475143e-05   7.89525135e-05   2.41941741e+01]]
Unrelaxed Cell:
[[ 24.19793077   0.           0.        ]
 [  0.          24.19793077   0.        ]
 [  0.           0.          24.19793077]]

[Calculation Results Summary]
Sizes: [4, 5, 6]
Formation Energy By Size:
[2.615690365958244, 2.6141780079292403, 2.6137604803807335]
Relaxation Volume By Size:
[4.4613904643347269, 5.4790237458582851, 7.1196840771135612]

[Extrapolation]
Fitting with 2 points, including orders [0, 3]
Fit with data beginning 0

Fit with Size: [4 5]
Orders: [0, 3]
Matrix A (Ax = y):
[[ 1.        0.015625]
 [ 1.        0.008   ]]
Data for Fitting: [ 2.61569037  2.61417801]
Fitting Results: (array([ 2.61259127,  0.19834204]), array([], dtype=float64), 2, array([ 1.41431223,  0.00539131]))

Fit with Size: [4 5]
Orders: [0, 3]
Matrix A (Ax = y):
[[ 1.        0.015625]
 [ 1.        0.008   ]]
Data for Fitting: [ 4.46139046  5.47902375]
Fitting Results: (array([   6.54670457, -133.46010249]), array([], dtype=float64), 2, array([ 1.41431223,  0.00539131]))
Fit with data beginning 1

Fit with Size: [5 6]
Orders: [0, 3]
Matrix A (Ax = y):
[[ 1.          0.008     ]
 [ 1.          0.00462963]]
Data for Fitting: [ 2.61417801  2.61376048]
Fitting Results: (array([ 2.61318695,  0.1238818 ]), array([], dtype=float64), 2, array([ 1.41424176,  0.00238316]))

Fit with Size: [5 6]
Orders: [0, 3]
Matrix A (Ax = y):
[[ 1.          0.008     ]
 [ 1.          0.00462963]]
Data for Fitting: [ 5.47902375  7.11968408]
Fitting Results: (array([   9.37333838, -486.78932905]), array([], dtype=float64), 2, array([ 1.41424176,  0.00238316]))
Fitting with 3 points, including orders [0, 3]
Fit with data beginning 0

Fit with Size: [4 5 6]
Orders: [0, 3]
Matrix A (Ax = y):
[[ 1.          0.015625  ]
 [ 1.          0.008     ]
 [ 1.          0.00462963]]
Data for Fitting: [ 2.61569037  2.61417801  2.61376048]
Fitting Results: (array([ 2.61285326,  0.17940695]), array([  1.92318453e-08]), 2, array([ 1.73212763,  0.00796621]))

Fit with Size: [4 5 6]
Orders: [0, 3]
Matrix A (Ax = y):
[[ 1.          0.015625  ]
 [ 1.          0.008     ]
 [ 1.          0.00462963]]
Data for Fitting: [ 4.46139046  5.47902375  7.11968408]
Fitting Results: (array([   7.78988925, -223.31099544]), array([ 0.43304324]), 2, array([ 1.73212763,  0.00796621]))
Fitting with 3 points, including orders [0, 3, 4]
Fit with data beginning 0

Fit with Size: [4 5 6]
Orders: [0, 3, 4]
Matrix A (Ax = y):
[[  1.00000000e+00   1.56250000e-02   3.90625000e-03]
 [  1.00000000e+00   8.00000000e-03   1.60000000e-03]
 [  1.00000000e+00   4.62962963e-03   7.71604938e-04]]
Data for Fitting: [ 2.61569037  2.61417801  2.61376048]
Fitting Results: (array([ 2.61366823, -0.19905668,  1.31389279]), array([], dtype=float64), 3, array([  1.73213142e+00,   8.29013951e-03,   1.01423660e-04]))

Fit with Size: [4 5 6]
Orders: [0, 3, 4]
Matrix A (Ax = y):
[[  1.00000000e+00   1.56250000e-02   3.90625000e-03]
 [  1.00000000e+00   8.00000000e-03   1.60000000e-03]
 [  1.00000000e+00   4.62962963e-03   7.71604938e-04]]
Data for Fitting: [ 4.46139046  5.47902375  7.11968408]
Fitting Results: (array([   11.65710874, -2019.199244  ,  6234.69309657]), array([], dtype=float64), 3, array([  1.73213142e+00,   8.29013951e-03,   1.01423660e-04]))
Fitting with 3 points, including orders [0, 3, 5]
Fit with data beginning 0

Fit with Size: [4 5 6]
Orders: [0, 3, 5]
Matrix A (Ax = y):
[[  1.00000000e+00   1.56250000e-02   9.76562500e-04]
 [  1.00000000e+00   8.00000000e-03   3.20000000e-04]
 [  1.00000000e+00   4.62962963e-03   1.28600823e-04]]
Data for Fitting: [ 2.61569037  2.61417801  2.61376048]
Fitting Results: (array([ 2.61352807, -0.0203482 ,  2.53976289]), array([], dtype=float64), 3, array([  1.73212782e+00,   7.99080777e-03,   5.44349833e-05]))

Fit with Size: [4 5 6]
Orders: [0, 3, 5]
Matrix A (Ax = y):
[[  1.00000000e+00   1.56250000e-02   9.76562500e-04]
 [  1.00000000e+00   8.00000000e-03   3.20000000e-04]
 [  1.00000000e+00   4.62962963e-03   1.28600823e-04]]
Data for Fitting: [ 4.46139046  5.47902375  7.11968408]
Fitting Results: (array([  1.09920039e+01,  -1.17119053e+03,   1.20517003e+04]), array([], dtype=float64), 3, array([  1.73212782e+00,   7.99080777e-03,   5.44349833e-05]))
Fitting with 3 points, including orders [0, 3, 6]
Fit with data beginning 0

Fit with Size: [4 5 6]
Orders: [0, 3, 6]
Matrix A (Ax = y):
[[  1.00000000e+00   1.56250000e-02   2.44140625e-04]
 [  1.00000000e+00   8.00000000e-03   6.40000000e-05]
 [  1.00000000e+00   4.62962963e-03   2.14334705e-05]]
Data for Fitting: [ 2.61569037  2.61417801  2.61376048]
Fitting Results: (array([ 2.61343777,  0.03835442,  6.77196256]), array([], dtype=float64), 3, array([  1.73212764e+00,   7.96793362e-03,   2.04739548e-05]))

Fit with Size: [4 5 6]
Orders: [0, 3, 6]
Matrix A (Ax = y):
[[  1.00000000e+00   1.56250000e-02   2.44140625e-04]
 [  1.00000000e+00   8.00000000e-03   6.40000000e-05]
 [  1.00000000e+00   4.62962963e-03   2.14334705e-05]]
Data for Fitting: [ 4.46139046  5.47902375  7.11968408]
Fitting Results: (array([  1.05635000e+01,  -8.92634436e+02,   3.21343633e+04]), array([], dtype=float64), 3, array([  1.73212764e+00,   7.96793362e-03,   2.04739548e-05]))

[Fitting Results Summary]
Sizes: [4, 5, 6]
Data Points Used: [2, 3, 3, 3, 3]
Orders Included:
[[0, 3] [0, 3] [0, 3, 4] [0, 3, 5] [0, 3, 6]]
Formation Energy Fits By Size:
[[2.6125912716365138, 2.6131869535283894] [2.6128532590939941]
 [2.6136682329377185] [2.6135280694229475] [2.6134377669565456]]
Relaxation Volume Fits By Size:
[[6.546704565817425, 9.373338378288393] [7.7898892518988783]
 [11.657108743331131] [10.992003868510702] [10.563499983539314]]

[Final Results]
[
    {
        "property-id" "tag:staff@noreply.openkim.org,2015-07-28:property/monovacancy-neutral-relaxed-formation-potential-energy-crystal-npt" 
        "instance-id" 1 
        "relaxed-formation-potential-energy" {
            "source-value" 2.6131869535283894 
            "source-unit" "eV" 
            "source-std-uncert-value" 0.001090512111051695
        } 
        "host-cauchy-stress" {
            "source-value" [
                0 
                0 
                0 
                0 
                0 
                0
            ] 
            "source-unit" "GPa"
        } 
        "host-removed-atom" {
            "source-value" 1
        } 
        "host-short-name" {
            "source-value" [
                "fcc"
            ]
        } 
        "host-a" {
            "source-value" 4.0329884621799996 
            "source-unit" "angstrom"
        } 
        "host-b" {
            "source-value" 4.0329884621799996 
            "source-unit" "angstrom"
        } 
        "host-c" {
            "source-value" 4.0329884621799996 
            "source-unit" "angstrom"
        } 
        "host-alpha" {
            "source-value" 90.0 
            "source-unit" "degree"
        } 
        "host-beta" {
            "source-value" 90.0 
            "source-unit" "degree"
        } 
        "host-gamma" {
            "source-value" 90.0 
            "source-unit" "degree"
        } 
        "host-space-group" {
            "source-value" "Fm-3m"
        } 
        "host-wyckoff-multiplicity-and-letter" {
            "source-value" [
                "4a"
            ]
        } 
        "host-wyckoff-coordinates" {
            "source-value" [
                [
                    0.0 
                    0.0 
                    0.0
                ]
            ]
        } 
        "host-wyckoff-species" {
            "source-value" [
                "Al"
            ]
        } 
        "reservoir-cohesive-potential-energy" {
            "source-value" -11.693662123516546 
            "source-unit" "eV"
        } 
        "reservoir-short-name" {
            "source-value" [
                "fcc"
            ]
        } 
        "reservoir-cauchy-stress" {
            "source-value" [
                0.0 
                0.0 
                0.0 
                0.0 
                0.0 
                0.0
            ] 
            "source-unit" "GPa"
        } 
        "reservoir-a" {
            "source-value" 4.0329884621799996 
            "source-unit" "angstrom"
        } 
        "reservoir-b" {
            "source-value" 4.0329884621799996 
            "source-unit" "angstrom"
        } 
        "reservoir-c" {
            "source-value" 4.0329884621799996 
            "source-unit" "angstrom"
        } 
        "reservoir-alpha" {
            "source-value" 90.0 
            "source-unit" "degree"
        } 
        "reservoir-beta" {
            "source-value" 90.0 
            "source-unit" "degree"
        } 
        "reservoir-gamma" {
            "source-value" 90.0 
            "source-unit" "degree"
        } 
        "reservoir-space-group" {
            "source-value" "Fm-3m"
        } 
        "reservoir-wyckoff-multiplicity-and-letter" {
            "source-value" [
                "4a"
            ]
        } 
        "reservoir-wyckoff-coordinates" {
            "source-value" [
                [
                    0.0 
                    0.0 
                    0.0
                ]
            ]
        } 
        "reservoir-wyckoff-species" {
            "source-value" [
                "Al"
            ]
        }
    } 
    {
        "property-id" "tag:staff@noreply.openkim.org,2015-07-28:property/monovacancy-neutral-relaxation-volume-crystal-npt" 
        "instance-id" 2 
        "relaxation-volume" {
            "source-value" 9.373338378288393 
            "source-unit" "angstrom^3" 
            "source-std-uncert-value" 2.343271122933317
        } 
        "host-cauchy-stress" {
            "source-value" [
                0 
                0 
                0 
                0 
                0 
                0
            ] 
            "source-unit" "GPa"
        } 
        "host-removed-atom" {
            "source-value" 1
        } 
        "host-short-name" {
            "source-value" [
                "fcc"
            ]
        } 
        "host-a" {
            "source-value" 4.0329884621799996 
            "source-unit" "angstrom"
        } 
        "host-b" {
            "source-value" 4.0329884621799996 
            "source-unit" "angstrom"
        } 
        "host-c" {
            "source-value" 4.0329884621799996 
            "source-unit" "angstrom"
        } 
        "host-alpha" {
            "source-value" 90.0 
            "source-unit" "degree"
        } 
        "host-beta" {
            "source-value" 90.0 
            "source-unit" "degree"
        } 
        "host-gamma" {
            "source-value" 90.0 
            "source-unit" "degree"
        } 
        "host-space-group" {
            "source-value" "Fm-3m"
        } 
        "host-wyckoff-multiplicity-and-letter" {
            "source-value" [
                "4a"
            ]
        } 
        "host-wyckoff-coordinates" {
            "source-value" [
                [
                    0.0 
                    0.0 
                    0.0
                ]
            ]
        } 
        "host-wyckoff-species" {
            "source-value" [
                "Al"
            ]
        }
    }
]
