Imported bulk from ase.lattice
Parameters Input: Al diamond EAM_Dynamo_Zhou_Johnson_Al__MO_131650261510_001 [5.66295612124]
CELL_SIZE_MIN: 3
CELL_SIZE_MAX: 5
Smallest System Size: 216
Largest System Size: 1000

[Calculation]

Supercell Size: 3
Unrelaxed Cell:
[[ 16.98886836   0.           0.        ]
 [  0.          16.98886836   0.        ]
 [  0.           0.          16.98886836]]
Unrelaxed Cell Vector:
[16.988868363719998, 0.0, 16.988868363719998, 0.0, 0.0, 16.988868363719998]
Vacancy Formation Energy (Cell Structure Relaxation): -47.2828141446 Size:  3
Vacancy Formation Energy (Cell Structure Relaxation): -46.2457305461 Size:  3
Vacancy Formation Energy (Cell Structure Relaxation): -61.7435960702 Size:  3
Vacancy Formation Energy (Cell Structure Relaxation): -76.3876389246 Size:  3
Vacancy Formation Energy (Cell Structure Relaxation): -82.4199000207 Size:  3
Vacancy Formation Energy (Cell Structure Relaxation): -82.4199148813 Size:  3
Vacancy Formation Energy (Cell Structure Relaxation): -77.3036100303 Size:  3
Vacancy Formation Energy (Cell Structure Relaxation): -83.6344985132 Size:  3
Vacancy Formation Energy (Cell Structure Relaxation): -88.3942007832 Size:  3
Vacancy Formation Energy (Cell Structure Relaxation): -81.4658101779 Size:  3
Vacancy Formation Energy (Cell Structure Relaxation): -81.1965623076 Size:  3
Vacancy Formation Energy (Cell Structure Relaxation): -87.0957420129 Size:  3
Vacancy Formation Energy (Cell Structure Relaxation): -89.6959479277 Size:  3
Vacancy Formation Energy (Cell Structure Relaxation): -96.6429512487 Size:  3
Vacancy Formation Energy (Cell Structure Relaxation): -91.5454967564 Size:  3
Vacancy Formation Energy (Cell Structure Relaxation): -95.3133135221 Size:  3
Vacancy Formation Energy (Cell Structure Relaxation): -98.4987836125 Size:  3
Vacancy Formation Energy (Cell Structure Relaxation): -107.488973029 Size:  3
Vacancy Formation Energy (Cell Structure Relaxation): -107.488870656 Size:  3
Vacancy Formation Energy (Cell Structure Relaxation): -107.894994956 Size:  3
Vacancy Formation Energy (Cell Structure Relaxation): -97.6708284591 Size:  3
Vacancy Formation Energy (Cell Structure Relaxation): -107.196898636 Size:  3
Vacancy Formation Energy (Cell Structure Relaxation): -102.848866206 Size:  3
Vacancy Formation Energy (Cell Structure Relaxation): -93.7863406644 Size:  3
Vacancy Formation Energy (Cell Structure Relaxation): -105.721855977 Size:  3
Vacancy Formation Energy (Cell Structure Relaxation): -95.6451867197 Size:  3
Vacancy Formation Energy (Cell Structure Relaxation): -107.326131034 Size:  3
Vacancy Formation Energy (Cell Structure Relaxation): -98.3926891943 Size:  3
Vacancy Formation Energy (Cell Structure Relaxation): -109.0604033 Size:  3
Vacancy Formation Energy (Cell Structure Relaxation): -105.94009308 Size:  3
Vacancy Formation Energy (Cell Structure Relaxation): -109.238966527 Size:  3
Vacancy Formation Energy (Cell Structure Relaxation): -108.124777956 Size:  3
Vacancy Formation Energy (Cell Structure Relaxation): -106.87907938 Size:  3
Vacancy Formation Energy (Cell Structure Relaxation): -109.326953921 Size:  3
Vacancy Formation Energy (Cell Structure Relaxation): -110.035108729 Size:  3
Vacancy Formation Energy (Cell Structure Relaxation): -109.415082943 Size:  3
Vacancy Formation Energy (Cell Structure Relaxation): -109.836678495 Size:  3
Vacancy Formation Energy (Cell Structure Relaxation): -110.135202367 Size:  3
Vacancy Formation Energy (Cell Structure Relaxation): -109.650274708 Size:  3
Vacancy Formation Energy (Cell Structure Relaxation): -105.871230652 Size:  3
Vacancy Formation Energy (Cell Structure Relaxation): -110.048822412 Size:  3
Vacancy Formation Energy (Cell Structure Relaxation): -109.616680566 Size:  3
Vacancy Formation Energy (Cell Structure Relaxation): -108.235362542 Size:  3
Vacancy Formation Energy (Cell Structure Relaxation): -110.334940189 Size:  3
Vacancy Formation Energy (Cell Structure Relaxation): -109.476708657 Size:  3
Vacancy Formation Energy (Cell Structure Relaxation): -110.302307172 Size:  3
Vacancy Formation Energy (Cell Structure Relaxation): -108.896037566 Size:  3
Vacancy Formation Energy (Cell Structure Relaxation): -110.421514626 Size:  3
Vacancy Formation Energy (Cell Structure Relaxation): -109.976909249 Size:  3
Vacancy Formation Energy (Cell Structure Relaxation): -110.342975148 Size:  3
Vacancy Formation Energy (Cell Structure Relaxation): -110.09437275 Size:  3
Vacancy Formation Energy (Cell Structure Relaxation): -110.159403597 Size:  3
Vacancy Formation Energy (Cell Structure Relaxation): -110.095003134 Size:  3
Vacancy Formation Energy (Cell Structure Relaxation): -110.428632584 Size:  3
Vacancy Formation Energy (Cell Structure Relaxation): -110.425311251 Size:  3
Vacancy Formation Energy (Cell Structure Relaxation): -110.43717981 Size:  3
Vacancy Formation Energy (Cell Structure Relaxation): -109.979406602 Size:  3
Vacancy Formation Energy (Cell Structure Relaxation): -110.356637183 Size:  3
Vacancy Formation Energy (Cell Structure Relaxation): -110.24618982 Size:  3
Vacancy Formation Energy (Cell Structure Relaxation): -110.54150208 Size:  3
Vacancy Formation Energy (Cell Structure Relaxation): -110.231100477 Size:  3
Vacancy Formation Energy (Cell Structure Relaxation): -110.520868073 Size:  3
Vacancy Formation Energy (Cell Structure Relaxation): -110.366962683 Size:  3
Vacancy Formation Energy (Cell Structure Relaxation): -110.538860597 Size:  3
Vacancy Formation Energy (Cell Structure Relaxation): -110.276289857 Size:  3
Vacancy Formation Energy (Cell Structure Relaxation): -110.550612121 Size:  3
Vacancy Formation Energy (Cell Structure Relaxation): -110.465445014 Size:  3
Vacancy Formation Energy (Cell Structure Relaxation): -110.287042253 Size:  3
Vacancy Formation Energy (Cell Structure Relaxation): -110.578150461 Size:  3
Vacancy Formation Energy (Cell Structure Relaxation): -110.424050605 Size:  3
Vacancy Formation Energy (Cell Structure Relaxation): -110.569108992 Size:  3
Vacancy Formation Energy (Cell Structure Relaxation): -110.506459878 Size:  3
Vacancy Formation Energy (Cell Structure Relaxation): -110.579022654 Size:  3
Vacancy Formation Energy (Cell Structure Relaxation): -110.485525486 Size:  3
Vacancy Formation Energy (Cell Structure Relaxation): -110.583335939 Size:  3
Vacancy Formation Energy (Cell Structure Relaxation): -110.529480817 Size:  3
Vacancy Formation Energy (Cell Structure Relaxation): -110.595042985 Size:  3
Vacancy Formation Energy (Cell Structure Relaxation): -110.567147631 Size:  3
Vacancy Formation Energy (Cell Structure Relaxation): -110.580295132 Size:  3
Vacancy Formation Energy (Cell Structure Relaxation): -110.539533349 Size:  3
Vacancy Formation Energy (Cell Structure Relaxation): -110.600110337 Size:  3
Vacancy Formation Energy (Cell Structure Relaxation): -110.506040004 Size:  3
Vacancy Formation Energy (Cell Structure Relaxation): -110.607744055 Size:  3
Vacancy Formation Energy (Cell Structure Relaxation): -110.599412976 Size:  3
Vacancy Formation Energy (Cell Structure Relaxation): -110.58944221 Size:  3
Vacancy Formation Energy (Cell Structure Relaxation): -110.55526401 Size:  3
Vacancy Formation Energy (Cell Structure Relaxation): -110.60324654 Size:  3
Vacancy Formation Energy (Cell Structure Relaxation): -110.576050152 Size:  3
Vacancy Formation Energy (Cell Structure Relaxation): -110.605624929 Size:  3
Vacancy Formation Energy (Cell Structure Relaxation): -110.589489112 Size:  3
Vacancy Formation Energy (Cell Structure Relaxation): -110.603281761 Size:  3
Vacancy Formation Energy (Cell Structure Relaxation): -110.59649232 Size:  3
Vacancy Formation Energy (Cell Structure Relaxation): -110.605268375 Size:  3
Vacancy Formation Energy (Cell Structure Relaxation): -110.60724889 Size:  3
Vacancy Formation Energy (Cell Structure Relaxation): -110.606121667 Size:  3
Vacancy Formation Energy (Cell Structure Relaxation): -110.604771415 Size:  3
Vacancy Formation Energy (Cell Structure Relaxation): -110.595605462 Size:  3
Vacancy Formation Energy (Cell Structure Relaxation): -110.609094884 Size:  3
Vacancy Formation Energy (Cell Structure Relaxation): -110.605145069 Size:  3
Vacancy Formation Energy (Cell Structure Relaxation): -110.60889795 Size:  3
Vacancy Formation Energy (Cell Structure Relaxation): -110.60133043 Size:  3
Vacancy Formation Energy (Cell Structure Relaxation): -110.609239 Size:  3
Vacancy Formation Energy (Cell Structure Relaxation): -110.604752385 Size:  3
Vacancy Formation Energy (Cell Structure Relaxation): -110.609049876 Size:  3
Vacancy Formation Energy (Cell Structure Relaxation): -110.603715786 Size:  3
Vacancy Formation Energy (Cell Structure Relaxation): -110.609340058 Size:  3
Vacancy Formation Energy (Cell Structure Relaxation): -110.606764952 Size:  3
Vacancy Formation Energy (Cell Structure Relaxation): -110.609435739 Size:  3
Vacancy Formation Energy (Cell Structure Relaxation): -110.605459537 Size:  3
Vacancy Formation Energy (Cell Structure Relaxation): -110.609786568 Size:  3
Vacancy Formation Energy (Cell Structure Relaxation): -110.609465156 Size:  3
Vacancy Formation Energy (Cell Structure Relaxation): -110.608936008 Size:  3
Vacancy Formation Energy (Cell Structure Relaxation): -110.609882062 Size:  3
Vacancy Formation Energy (Cell Structure Relaxation): -110.608494751 Size:  3
Vacancy Formation Energy (Cell Structure Relaxation): -110.609942273 Size:  3
Vacancy Formation Energy (Cell Structure Relaxation): -110.609334936 Size:  3
Vacancy Formation Energy (Cell Structure Relaxation): -110.609963432 Size:  3
Vacancy Formation Energy (Cell Structure Relaxation): -110.608927694 Size:  3
Vacancy Formation Energy (Cell Structure Relaxation): -110.609999356 Size:  3
Vacancy Formation Energy (Cell Structure Relaxation): -110.609145881 Size:  3
Vacancy Formation Energy (Cell Structure Relaxation): -110.610012181 Size:  3
Vacancy Formation Energy (Cell Structure Relaxation): -110.609019702 Size:  3
Vacancy Formation Energy (Cell Structure Relaxation): -110.610034319 Size:  3
Vacancy Formation Energy (Cell Structure Relaxation): -110.609431172 Size:  3
Vacancy Formation Energy (Cell Structure Relaxation): -110.610101504 Size:  3
Vacancy Formation Energy (Cell Structure Relaxation): -110.609929009 Size:  3
Vacancy Formation Energy (Cell Structure Relaxation): -110.610114854 Size:  3
Vacancy Formation Energy (Cell Structure Relaxation): -110.609829727 Size:  3
Vacancy Formation Energy (Cell Structure Relaxation): -110.610124791 Size:  3
Vacancy Formation Energy (Cell Structure Relaxation): -110.610012269 Size:  3
Vacancy Formation Energy (Cell Structure Relaxation): -110.609739573 Size:  3
Vacancy Formation Energy (Cell Structure Relaxation): -110.610151789 Size:  3
Vacancy Formation Energy (Cell Structure Relaxation): -110.609858441 Size:  3
Vacancy Formation Energy (Cell Structure Relaxation): -110.610143519 Size:  3
Vacancy Formation Energy (Cell Structure Relaxation): -110.61008446 Size:  3
Vacancy Formation Energy (Cell Structure Relaxation): -110.609830014 Size:  3
Vacancy Formation Energy (Cell Structure Relaxation): -110.610159289 Size:  3
Vacancy Formation Energy (Cell Structure Relaxation): -110.610049533 Size:  3
Vacancy Formation Energy (Cell Structure Relaxation): -110.61015446 Size:  3
Vacancy Formation Energy (Cell Structure Relaxation): -110.610011998 Size:  3
Vacancy Formation Energy (Cell Structure Relaxation): -110.61016345 Size:  3
Vacancy Formation Energy (Cell Structure Relaxation): -110.610111633 Size:  3
Vacancy Formation Energy (Cell Structure Relaxation): -110.610157501 Size:  3
Vacancy Formation Energy (Cell Structure Relaxation): -110.610145698 Size:  3
Vacancy Formation Energy (Cell Structure Relaxation): -110.610166111 Size:  3
Vacancy Formation Energy (Cell Structure Relaxation): -110.610104041 Size:  3
Vacancy Formation Energy (Cell Structure Relaxation): -110.61014817 Size:  3
Vacancy Formation Energy (Cell Structure Relaxation): -110.61017128 Size:  3
Vacancy Formation Energy (Cell Structure Relaxation): -110.610144286 Size:  3
Vacancy Formation Energy (Cell Structure Relaxation): -110.610172338 Size:  3
Vacancy Formation Energy (Cell Structure Relaxation): -110.610147926 Size:  3
Vacancy Formation Energy (Cell Structure Relaxation): -110.610174398 Size:  3
Vacancy Formation Energy (Cell Structure Relaxation): -110.61015586 Size:  3
Vacancy Formation Energy (Cell Structure Relaxation): -110.610174725 Size:  3
Vacancy Formation Energy (Cell Structure Relaxation): -110.610144141 Size:  3
Vacancy Formation Energy (Cell Structure Relaxation): -110.610175222 Size:  3
Vacancy Formation Energy (Cell Structure Relaxation): -110.61015489 Size:  3
Vacancy Formation Energy (Cell Structure Relaxation): -110.610177748 Size:  3
Vacancy Formation Energy (Cell Structure Relaxation): -110.610143575 Size:  3
Vacancy Formation Energy (Cell Structure Relaxation): -110.61017788 Size:  3
Vacancy Formation Energy (Cell Structure Relaxation): -110.610174209 Size:  3
Vacancy Formation Energy (Cell Structure Relaxation): -110.610175633 Size:  3
Vacancy Formation Energy (Cell Structure Relaxation): -110.610167463 Size:  3
Vacancy Formation Energy (Cell Structure Relaxation): -110.610178222 Size:  3
Vacancy Formation Energy (Cell Structure Relaxation): -110.610168677 Size:  3
Vacancy Formation Energy (Cell Structure Relaxation): -110.610179456 Size:  3
Vacancy Formation Energy (Cell Structure Relaxation): -110.610170083 Size:  3
Vacancy Formation Energy (Cell Structure Relaxation): -110.610179233 Size:  3
Vacancy Formation Energy (Cell Structure Relaxation): -110.610177075 Size:  3
Vacancy Formation Energy (Cell Structure Relaxation): -110.610173873 Size:  3
Vacancy Formation Energy (Cell Structure Relaxation): -110.610179368 Size:  3
Vacancy Formation Energy (Cell Structure Relaxation): -110.610176534 Size:  3
Vacancy Formation Energy (Cell Structure Relaxation): -110.610179468 Size:  3
Vacancy Formation Energy (Cell Structure Relaxation): -110.610173647 Size:  3
Vacancy Formation Energy (Cell Structure Relaxation): -110.610180136 Size:  3
Vacancy Formation Energy (Cell Structure Relaxation): -110.610177218 Size:  3
Vacancy Formation Energy (Cell Structure Relaxation): -110.610179841 Size:  3
Vacancy Formation Energy (Cell Structure Relaxation): -110.610176827 Size:  3
Vacancy Formation Energy (Cell Structure Relaxation): -110.610180635 Size:  3
Vacancy Formation Energy (Cell Structure Relaxation): -110.610178379 Size:  3
Vacancy Formation Energy (Cell Structure Relaxation): -110.610179952 Size:  3
Vacancy Formation Energy (Cell Structure Relaxation): -110.610178663 Size:  3
Vacancy Formation Energy (Cell Structure Relaxation): -110.610180172 Size:  3
Vacancy Formation Energy (Cell Structure Relaxation): -110.610179756 Size:  3
Vacancy Formation Energy (Cell Structure Relaxation): -110.610177803 Size:  3
Vacancy Formation Energy (Cell Structure Relaxation): -110.610180139 Size:  3
Vacancy Formation Energy (Cell Structure Relaxation): -110.610179752 Size:  3
Vacancy Formation Energy (Cell Structure Relaxation): -110.610180257 Size:  3
Vacancy Formation Energy (Cell Structure Relaxation): -110.61017981 Size:  3
Vacancy Formation Energy (Cell Structure Relaxation): -110.610180286 Size:  3
Vacancy Formation Energy (Cell Structure Relaxation): -110.610180505 Size:  3
Vacancy Formation Energy (Cell Structure Relaxation): -110.610179283 Size:  3
Vacancy Formation Energy (Cell Structure Relaxation): -110.610180486 Size:  3
Vacancy Formation Energy (Cell Structure Relaxation): -110.610178315 Size:  3
Vacancy Formation Energy (Cell Structure Relaxation): -110.610180388 Size:  3
Vacancy Formation Energy (Cell Structure Relaxation): -110.610180714 Size:  3
Vacancy Formation Energy (Cell Structure Relaxation): -110.610178638 Size:  3
Vacancy Formation Energy (Cell Structure Relaxation): -110.610178618 Size:  3
Vacancy Formation Energy (Cell Structure Relaxation): -110.61018047 Size:  3
Vacancy Formation Energy (Cell Structure Relaxation): -110.610178746 Size:  3
Vacancy Formation Energy (Cell Structure Relaxation): -110.610180482 Size:  3
Vacancy Formation Energy (Cell Structure Relaxation): -110.610178675 Size:  3
Vacancy Formation Energy (Cell Structure Relaxation): -110.610180534 Size:  3
Vacancy Formation Energy (Cell Structure Relaxation): -110.610180744 Size:  3
Vacancy Formation Energy (Cell Structure Relaxation): -110.610178703 Size:  3
Vacancy Formation Energy (Cell Structure Relaxation): -110.610178763 Size:  3
Vacancy Formation Energy (Cell Structure Relaxation): -110.610180597 Size:  3
Vacancy Formation Energy (Cell Structure Relaxation): -110.610178262 Size:  3
Vacancy Formation Energy (Cell Structure Relaxation): -110.610180647 Size:  3
Vacancy Formation Energy (Cell Structure Relaxation): -110.610180469 Size:  3
Vacancy Formation Energy (Cell Structure Relaxation): -110.61018064 Size:  3
Vacancy Formation Energy (Cell Structure Relaxation): -110.610178724 Size:  3
Vacancy Formation Energy (Cell Structure Relaxation): -110.610180626 Size:  3
Vacancy Formation Energy (Cell Structure Relaxation): -110.610178717 Size:  3
Vacancy Formation Energy (Cell Structure Relaxation): -110.610180653 Size:  3
Vacancy Formation Energy (Cell Structure Relaxation): -110.610178704 Size:  3
Vacancy Formation Energy (Cell Structure Relaxation): -110.610180669 Size:  3
Vacancy Formation Energy (Cell Structure Relaxation): -110.610180587 Size:  3
Vacancy Formation Energy (Cell Structure Relaxation): -110.610180689 Size:  3
Vacancy Formation Energy (Cell Structure Relaxation): -110.610180685 Size:  3
Vacancy Formation Energy (Cell Structure Relaxation): -110.610178538 Size:  3
Vacancy Formation Energy (Cell Structure Relaxation): -110.610180697 Size:  3
Vacancy Formation Energy (Cell Structure Relaxation): -110.610180748 Size:  3
Vacancy Formation Energy (Cell Structure Relaxation): -110.610178704 Size:  3
Vacancy Formation Energy (Cell Structure Relaxation): -110.610178697 Size:  3
Vacancy Formation Energy (Cell Structure Relaxation): -110.610180701 Size:  3
Vacancy Formation Energy (Cell Structure Relaxation): -110.61018071 Size:  3
Vacancy Formation Energy (Cell Structure Relaxation): -110.610180765 Size:  3
Vacancy Formation Energy (Cell Structure Relaxation): -110.610180789 Size:  3
Vacancy Formation Energy (Cell Structure Relaxation): -110.610178694 Size:  3
Vacancy Formation Energy (Cell Structure Relaxation): -110.610180727 Size:  3
Vacancy Formation Energy (Cell Structure Relaxation): -110.610178735 Size:  3
Vacancy Formation Energy (Cell Structure Relaxation): -110.610180727 Size:  3
Vacancy Formation Energy (Cell Structure Relaxation): -110.610180756 Size:  3
Vacancy Formation Energy (Cell Structure Relaxation): -110.610180753 Size:  3
Vacancy Formation Energy (Cell Structure Relaxation): -110.610180792 Size:  3
Vacancy Formation Energy (Cell Structure Relaxation): -110.61018081 Size:  3
Vacancy Formation Energy (Cell Structure Relaxation): -110.610178756 Size:  3
Vacancy Formation Energy (Cell Structure Relaxation): -110.610180756 Size:  3
Vacancy Formation Energy (Cell Structure Relaxation): -110.610180807 Size:  3
Vacancy Formation Energy (Cell Structure Relaxation): -110.610180787 Size:  3
Vacancy Formation Energy (Cell Structure Relaxation): -110.61018083 Size:  3
Vacancy Formation Energy (Cell Structure Relaxation): -110.610180854 Size:  3
Vacancy Formation Energy (Cell Structure Relaxation): -110.610180871 Size:  3
Vacancy Formation Energy (Cell Structure Relaxation): -110.610180923 Size:  3
Vacancy Formation Energy (Cell Structure Relaxation): -110.610180878 Size:  3
Vacancy Formation Energy (Cell Structure Relaxation): -110.610180908 Size:  3
Vacancy Formation Energy (Cell Structure Relaxation): -110.610180927 Size:  3
Vacancy Formation Energy (Cell Structure Relaxation): -110.610180939 Size:  3
Vacancy Formation Energy (Cell Structure Relaxation): -110.610181008 Size:  3
Vacancy Formation Energy (Cell Structure Relaxation): -110.610181104 Size:  3
Vacancy Formation Energy (Cell Structure Relaxation): -110.61018108 Size:  3
Vacancy Formation Energy (Cell Structure Relaxation): -110.61018107 Size:  3
Vacancy Formation Energy (Cell Structure Relaxation): -110.610181117 Size:  3
Vacancy Formation Energy (Cell Structure Relaxation): -110.610181154 Size:  3
Vacancy Formation Energy (Cell Structure Relaxation): -110.610181181 Size:  3
Vacancy Formation Energy (Cell Structure Relaxation): -110.610181221 Size:  3
Vacancy Formation Energy (Cell Structure Relaxation): -110.610181327 Size:  3
Vacancy Formation Energy (Cell Structure Relaxation): -110.610181476 Size:  3
Vacancy Formation Energy (Cell Structure Relaxation): -110.610181525 Size:  3
Vacancy Formation Energy (Cell Structure Relaxation): -110.610179737 Size:  3
Vacancy Formation Energy (Cell Structure Relaxation): -110.610181523 Size:  3
Vacancy Formation Energy (Cell Structure Relaxation): -110.610179381 Size:  3
Vacancy Formation Energy (Cell Structure Relaxation): -110.610181257 Size:  3
Vacancy Formation Energy (Cell Structure Relaxation): -110.610181524 Size:  3
Vacancy Formation Energy (Cell Structure Relaxation): -110.610181668 Size:  3
Vacancy Formation Energy (Cell Structure Relaxation): -110.61018178 Size:  3
Vacancy Formation Energy (Cell Structure Relaxation): -110.610179807 Size:  3
Vacancy Formation Energy (Cell Structure Relaxation): -110.610181407 Size:  3
Vacancy Formation Energy (Cell Structure Relaxation): -110.610181788 Size:  3
Vacancy Formation Energy (Cell Structure Relaxation): -110.610181845 Size:  3
Vacancy Formation Energy (Cell Structure Relaxation): -110.610181989 Size:  3
Vacancy Formation Energy (Cell Structure Relaxation): -110.610180208 Size:  3
Vacancy Formation Energy (Cell Structure Relaxation): -110.610182068 Size:  3
Vacancy Formation Energy (Cell Structure Relaxation): -110.610182317 Size:  3
Vacancy Formation Energy (Cell Structure Relaxation): -110.610182031 Size:  3
Vacancy Formation Energy (Cell Structure Relaxation): -110.610182265 Size:  3
Vacancy Formation Energy (Cell Structure Relaxation): -110.610182171 Size:  3
Vacancy Formation Energy (Cell Structure Relaxation): -110.610182408 Size:  3
Vacancy Formation Energy (Cell Structure Relaxation): -110.61018244 Size:  3
Vacancy Formation Energy (Cell Structure Relaxation): -110.610182705 Size:  3
Vacancy Formation Energy (Cell Structure Relaxation): -110.610182962 Size:  3
Vacancy Formation Energy (Cell Structure Relaxation): -110.61018252 Size:  3
Vacancy Formation Energy (Cell Structure Relaxation): -110.610183154 Size:  3
Vacancy Formation Energy (Cell Structure Relaxation): -110.61018367 Size:  3
Vacancy Formation Energy (Cell Structure Relaxation): -110.610183418 Size:  3
Vacancy Formation Energy (Cell Structure Relaxation): -110.610183659 Size:  3
Vacancy Formation Energy (Cell Structure Relaxation): -110.610183704 Size:  3
Vacancy Formation Energy (Cell Structure Relaxation): -110.610183685 Size:  3
Vacancy Formation Energy (Cell Structure Relaxation): -110.610183358 Size:  3
Vacancy Formation Energy (Cell Structure Relaxation): -110.61018463 Size:  3
Vacancy Formation Energy (Cell Structure Relaxation): -110.610185536 Size:  3
Vacancy Formation Energy (Cell Structure Relaxation): -110.610185026 Size:  3
Vacancy Formation Energy (Cell Structure Relaxation): -110.610184169 Size:  3
Vacancy Formation Energy (Cell Structure Relaxation): -110.610185069 Size:  3
Vacancy Formation Energy (Cell Structure Relaxation): -110.610185755 Size:  3
Vacancy Formation Energy (Cell Structure Relaxation): -110.610186768 Size:  3
Vacancy Formation Energy (Cell Structure Relaxation): -110.610186752 Size:  3
Vacancy Formation Energy (Cell Structure Relaxation): -110.61018753 Size:  3
Vacancy Formation Energy (Cell Structure Relaxation): -110.610189093 Size:  3
Vacancy Formation Energy (Cell Structure Relaxation): -110.610188211 Size:  3
Vacancy Formation Energy (Cell Structure Relaxation): -110.610189158 Size:  3
Vacancy Formation Energy (Cell Structure Relaxation): -110.610191067 Size:  3
Vacancy Formation Energy (Cell Structure Relaxation): -110.610190144 Size:  3
Vacancy Formation Energy (Cell Structure Relaxation): -110.610192111 Size:  3
Vacancy Formation Energy (Cell Structure Relaxation): -110.610195086 Size:  3
Vacancy Formation Energy (Cell Structure Relaxation): -110.610193386 Size:  3
Vacancy Formation Energy (Cell Structure Relaxation): -110.610195487 Size:  3
Vacancy Formation Energy (Cell Structure Relaxation): -110.610198924 Size:  3
Vacancy Formation Energy (Cell Structure Relaxation): -110.610196833 Size:  3
Vacancy Formation Energy (Cell Structure Relaxation): -110.610200024 Size:  3
Vacancy Formation Energy (Cell Structure Relaxation): -110.610203098 Size:  3
Vacancy Formation Energy (Cell Structure Relaxation): -110.610203973 Size:  3
Vacancy Formation Energy (Cell Structure Relaxation): -110.610210422 Size:  3
Vacancy Formation Energy (Cell Structure Relaxation): -110.610209632 Size:  3
Vacancy Formation Energy (Cell Structure Relaxation): -110.610212241 Size:  3
Vacancy Formation Energy (Cell Structure Relaxation): -110.610220559 Size:  3
Vacancy Formation Energy (Cell Structure Relaxation): -110.610215311 Size:  3
Vacancy Formation Energy (Cell Structure Relaxation): -110.610224453 Size:  3
Vacancy Formation Energy (Cell Structure Relaxation): -110.610238061 Size:  3
Vacancy Formation Energy (Cell Structure Relaxation): -110.61023298 Size:  3
Vacancy Formation Energy (Cell Structure Relaxation): -110.610236081 Size:  3
Vacancy Formation Energy (Cell Structure Relaxation): -110.61024224 Size:  3
Vacancy Formation Energy (Cell Structure Relaxation): -110.610256643 Size:  3
Vacancy Formation Energy (Cell Structure Relaxation): -110.610254985 Size:  3
Vacancy Formation Energy (Cell Structure Relaxation): -110.610265109 Size:  3
Vacancy Formation Energy (Cell Structure Relaxation): -110.610287285 Size:  3
Vacancy Formation Energy (Cell Structure Relaxation): -110.610284008 Size:  3
Vacancy Formation Energy (Cell Structure Relaxation): -110.610284191 Size:  3
Vacancy Formation Energy (Cell Structure Relaxation): -110.61030142 Size:  3
Vacancy Formation Energy (Cell Structure Relaxation): -110.610333599 Size:  3
Vacancy Formation Energy (Cell Structure Relaxation): -110.610321317 Size:  3
Vacancy Formation Energy (Cell Structure Relaxation): -110.610333416 Size:  3
Vacancy Formation Energy (Cell Structure Relaxation): -110.610360143 Size:  3
Vacancy Formation Energy (Cell Structure Relaxation): -110.610410911 Size:  3
Vacancy Formation Energy (Cell Structure Relaxation): -110.610371551 Size:  3
Vacancy Formation Energy (Cell Structure Relaxation): -110.610399713 Size:  3
Vacancy Formation Energy (Cell Structure Relaxation): -110.610435507 Size:  3
Vacancy Formation Energy (Cell Structure Relaxation): -110.610499683 Size:  3
Vacancy Formation Energy (Cell Structure Relaxation): -110.61046644 Size:  3
Vacancy Formation Energy (Cell Structure Relaxation): -110.610499537 Size:  3
Vacancy Formation Energy (Cell Structure Relaxation): -110.610540969 Size:  3
Vacancy Formation Energy (Cell Structure Relaxation): -110.610623606 Size:  3
Vacancy Formation Energy (Cell Structure Relaxation): -110.610604461 Size:  3
Vacancy Formation Energy (Cell Structure Relaxation): -110.61063556 Size:  3
Vacancy Formation Energy (Cell Structure Relaxation): -110.610740461 Size:  3
Vacancy Formation Energy (Cell Structure Relaxation): -110.61072795 Size:  3
Vacancy Formation Energy (Cell Structure Relaxation): -110.610743017 Size:  3
Vacancy Formation Energy (Cell Structure Relaxation): -110.610838624 Size:  3
Vacancy Formation Energy (Cell Structure Relaxation): -110.610832036 Size:  3
Vacancy Formation Energy (Cell Structure Relaxation): -110.610946716 Size:  3
Vacancy Formation Energy (Cell Structure Relaxation): -110.611119668 Size:  3
Vacancy Formation Energy (Cell Structure Relaxation): -110.610980446 Size:  3
Vacancy Formation Energy (Cell Structure Relaxation): -110.611084898 Size:  3
Vacancy Formation Energy (Cell Structure Relaxation): -110.611089473 Size:  3
Vacancy Formation Energy (Cell Structure Relaxation): -110.611106141 Size:  3
Vacancy Formation Energy (Cell Structure Relaxation): -110.611196756 Size:  3
Vacancy Formation Energy (Cell Structure Relaxation): -110.611263583 Size:  3
Vacancy Formation Energy (Cell Structure Relaxation): -110.611318798 Size:  3
Vacancy Formation Energy (Cell Structure Relaxation): -110.611388306 Size:  3
Vacancy Formation Energy (Cell Structure Relaxation): -110.611368815 Size:  3
Vacancy Formation Energy (Cell Structure Relaxation): -110.611255721 Size:  3
Vacancy Formation Energy (Cell Structure Relaxation): -110.61133291 Size:  3
Vacancy Formation Energy (Cell Structure Relaxation): -110.61148378 Size:  3
Vacancy Formation Energy (Cell Structure Relaxation): -110.611524541 Size:  3
Vacancy Formation Energy (Cell Structure Relaxation): -110.610879785 Size:  3
Vacancy Formation Energy (Cell Structure Relaxation): -110.611346616 Size:  3
Vacancy Formation Energy (Cell Structure Relaxation): -110.611556508 Size:  3
Vacancy Formation Energy (Cell Structure Relaxation): -110.611687797 Size:  3
Vacancy Formation Energy (Cell Structure Relaxation): -110.611644508 Size:  3
Vacancy Formation Energy (Cell Structure Relaxation): -110.611711021 Size:  3
Vacancy Formation Energy (Cell Structure Relaxation): -110.611860301 Size:  3
Vacancy Formation Energy (Cell Structure Relaxation): -110.611723732 Size:  3
Vacancy Formation Energy (Cell Structure Relaxation): -110.611914809 Size:  3
Vacancy Formation Energy (Cell Structure Relaxation): -110.612064438 Size:  3
Vacancy Formation Energy (Cell Structure Relaxation): -110.612212886 Size:  3
Vacancy Formation Energy (Cell Structure Relaxation): -110.612573973 Size:  3
Vacancy Formation Energy (Cell Structure Relaxation): -110.612385767 Size:  3
Vacancy Formation Energy (Cell Structure Relaxation): -110.612550767 Size:  3
Vacancy Formation Energy (Cell Structure Relaxation): -110.612653273 Size:  3
Vacancy Formation Energy (Cell Structure Relaxation): -110.612878392 Size:  3
Vacancy Formation Energy (Cell Structure Relaxation): -110.613251589 Size:  3
Vacancy Formation Energy (Cell Structure Relaxation): -110.613987552 Size:  3
Vacancy Formation Energy (Cell Structure Relaxation): -110.61317394 Size:  3
Vacancy Formation Energy (Cell Structure Relaxation): -110.613923058 Size:  3
Vacancy Formation Energy (Cell Structure Relaxation): -110.61374766 Size:  3
Vacancy Formation Energy (Cell Structure Relaxation): -110.613956415 Size:  3
Vacancy Formation Energy (Cell Structure Relaxation): -110.614651817 Size:  3
Vacancy Formation Energy (Cell Structure Relaxation): -110.615384988 Size:  3
Vacancy Formation Energy (Cell Structure Relaxation): -110.615431738 Size:  3
Vacancy Formation Energy (Cell Structure Relaxation): -110.61661289 Size:  3
Vacancy Formation Energy (Cell Structure Relaxation): -110.616239266 Size:  3
Vacancy Formation Energy (Cell Structure Relaxation): -110.616463623 Size:  3
Vacancy Formation Energy (Cell Structure Relaxation): -110.616809019 Size:  3
Vacancy Formation Energy (Cell Structure Relaxation): -110.617600149 Size:  3
Vacancy Formation Energy (Cell Structure Relaxation): -110.618319476 Size:  3
Vacancy Formation Energy (Cell Structure Relaxation): -110.62004019 Size:  3
Vacancy Formation Energy (Cell Structure Relaxation): -110.619443084 Size:  3
Vacancy Formation Energy (Cell Structure Relaxation): -110.620171881 Size:  3
Vacancy Formation Energy (Cell Structure Relaxation): -110.621821014 Size:  3
Vacancy Formation Energy (Cell Structure Relaxation): -110.62148243 Size:  3
Vacancy Formation Energy (Cell Structure Relaxation): -110.622455233 Size:  3
Vacancy Formation Energy (Cell Structure Relaxation): -110.624191265 Size:  3
Vacancy Formation Energy (Cell Structure Relaxation): -110.624620148 Size:  3
Vacancy Formation Energy (Cell Structure Relaxation): -110.626603929 Size:  3
Vacancy Formation Energy (Cell Structure Relaxation): -110.62623098 Size:  3
Vacancy Formation Energy (Cell Structure Relaxation): -110.626893629 Size:  3
Vacancy Formation Energy (Cell Structure Relaxation): -110.627644371 Size:  3
Vacancy Formation Energy (Cell Structure Relaxation): -110.628552114 Size:  3
Vacancy Formation Energy (Cell Structure Relaxation): -110.628366673 Size:  3
Vacancy Formation Energy (Cell Structure Relaxation): -110.628918818 Size:  3
Vacancy Formation Energy (Cell Structure Relaxation): -110.62747685 Size:  3
Vacancy Formation Energy (Cell Structure Relaxation): -110.627582166 Size:  3
Vacancy Formation Energy (Cell Structure Relaxation): -110.627735454 Size:  3
Vacancy Formation Energy (Cell Structure Relaxation): -110.627533684 Size:  3
Vacancy Formation Energy (Cell Structure Relaxation): -110.62551031 Size:  3
Vacancy Formation Energy (Cell Structure Relaxation): -110.628471409 Size:  3
Vacancy Formation Energy (Cell Structure Relaxation): -110.626841094 Size:  3
Vacancy Formation Energy (Cell Structure Relaxation): -110.628662167 Size:  3
Vacancy Formation Energy (Cell Structure Relaxation): -110.627279749 Size:  3
Vacancy Formation Energy (Cell Structure Relaxation): -110.628645114 Size:  3
Vacancy Formation Energy (Cell Structure Relaxation): -110.62693657 Size:  3
Vacancy Formation Energy (Cell Structure Relaxation): -110.628699454 Size:  3
Vacancy Formation Energy (Cell Structure Relaxation): -110.62716077 Size:  3
Vacancy Formation Energy (Cell Structure Relaxation): -110.628710302 Size:  3
Vacancy Formation Energy (Cell Structure Relaxation): -110.62857411 Size:  3
Vacancy Formation Energy (Cell Structure Relaxation): -110.627204015 Size:  3
Vacancy Formation Energy (Cell Structure Relaxation): -110.628973318 Size:  3
Vacancy Formation Energy (Cell Structure Relaxation): -110.628633852 Size:  3
Vacancy Formation Energy (Cell Structure Relaxation): -110.628873251 Size:  3
Vacancy Formation Energy (Cell Structure Relaxation): -110.628773588 Size:  3
Vacancy Formation Energy (Cell Structure Relaxation): -110.628125205 Size:  3
Vacancy Formation Energy (Cell Structure Relaxation): -110.628936165 Size:  3
Vacancy Formation Energy (Cell Structure Relaxation): -110.628865035 Size:  3
Vacancy Formation Energy (Cell Structure Relaxation): -110.628843308 Size:  3
Vacancy Formation Energy (Cell Structure Relaxation): -110.628388097 Size:  3
Vacancy Formation Energy (Cell Structure Relaxation): -110.628975888 Size:  3
Vacancy Formation Energy (Cell Structure Relaxation): -110.628725255 Size:  3
Vacancy Formation Energy (Cell Structure Relaxation): -110.628961993 Size:  3
Vacancy Formation Energy (Cell Structure Relaxation): -110.628777306 Size:  3
Vacancy Formation Energy (Cell Structure Relaxation): -110.628965241 Size:  3
Vacancy Formation Energy (Cell Structure Relaxation): -110.629085832 Size:  3
Vacancy Formation Energy (Cell Structure Relaxation): -110.629122808 Size:  3
Vacancy Formation Energy (Cell Structure Relaxation): -110.629107698 Size:  3
Vacancy Formation Energy (Cell Structure Relaxation): -110.629017594 Size:  3
Vacancy Formation Energy (Cell Structure Relaxation): -110.629124025 Size:  3
Vacancy Formation Energy (Cell Structure Relaxation): -110.629085494 Size:  3
Vacancy Formation Energy (Cell Structure Relaxation): -110.629130774 Size:  3
Vacancy Formation Energy (Cell Structure Relaxation): -110.62903986 Size:  3
Vacancy Formation Energy (Cell Structure Relaxation): -110.629116836 Size:  3
Vacancy Formation Energy (Cell Structure Relaxation): -110.629327307 Size:  3
Vacancy Formation Energy (Cell Structure Relaxation): -110.629470844 Size:  3
Vacancy Formation Energy (Cell Structure Relaxation): -110.629079791 Size:  3
Vacancy Formation Energy (Cell Structure Relaxation): -110.629189891 Size:  3
Vacancy Formation Energy (Cell Structure Relaxation): -110.629109447 Size:  3
Vacancy Formation Energy (Cell Structure Relaxation): -110.629192964 Size:  3
Vacancy Formation Energy (Cell Structure Relaxation): -110.629295057 Size:  3
Vacancy Formation Energy (Cell Structure Relaxation): -110.629393412 Size:  3
Vacancy Formation Energy (Cell Structure Relaxation): -110.629489517 Size:  3
Vacancy Formation Energy (Cell Structure Relaxation): -110.629653158 Size:  3
Vacancy Formation Energy (Cell Structure Relaxation): -110.629494427 Size:  3
Vacancy Formation Energy (Cell Structure Relaxation): -110.629637787 Size:  3
Vacancy Formation Energy (Cell Structure Relaxation): -110.629670866 Size:  3
Vacancy Formation Energy (Cell Structure Relaxation): -110.629670956 Size:  3
Vacancy Formation Energy (Cell Structure Relaxation): -110.629921556 Size:  3
Vacancy Formation Energy (Cell Structure Relaxation): -110.630194645 Size:  3
Vacancy Formation Energy (Cell Structure Relaxation): -110.630049198 Size:  3
Vacancy Formation Energy (Cell Structure Relaxation): -110.630200055 Size:  3
Vacancy Formation Energy (Cell Structure Relaxation): -110.630504293 Size:  3
Vacancy Formation Energy (Cell Structure Relaxation): -110.630283583 Size:  3
Vacancy Formation Energy (Cell Structure Relaxation): -110.630457482 Size:  3
Vacancy Formation Energy (Cell Structure Relaxation): -110.630226883 Size:  3
Vacancy Formation Energy (Cell Structure Relaxation): -110.630916711 Size:  3
Vacancy Formation Energy (Cell Structure Relaxation): -110.631327993 Size:  3
Vacancy Formation Energy (Cell Structure Relaxation): -110.630989496 Size:  3
Vacancy Formation Energy (Cell Structure Relaxation): -110.630994138 Size:  3
Vacancy Formation Energy (Cell Structure Relaxation): -110.630979166 Size:  3
Vacancy Formation Energy (Cell Structure Relaxation): -110.631439022 Size:  3
Vacancy Formation Energy (Cell Structure Relaxation): -110.631675073 Size:  3
Vacancy Formation Energy (Cell Structure Relaxation): -110.631715676 Size:  3
Vacancy Formation Energy (Cell Structure Relaxation): -110.63193967 Size:  3
Vacancy Formation Energy (Cell Structure Relaxation): -110.631986534 Size:  3
Vacancy Formation Energy (Cell Structure Relaxation): -110.631944828 Size:  3
Vacancy Formation Energy (Cell Structure Relaxation): -110.631769875 Size:  3
Vacancy Formation Energy (Cell Structure Relaxation): -110.632050993 Size:  3
Vacancy Formation Energy (Cell Structure Relaxation): -110.631744799 Size:  3
Vacancy Formation Energy (Cell Structure Relaxation): -110.631805044 Size:  3
Vacancy Formation Energy (Cell Structure Relaxation): -110.631812653 Size:  3
Vacancy Formation Energy (Cell Structure Relaxation): -110.631825788 Size:  3
Vacancy Formation Energy (Cell Structure Relaxation): -110.631382182 Size:  3
Vacancy Formation Energy (Cell Structure Relaxation): -110.632032212 Size:  3
Vacancy Formation Energy (Cell Structure Relaxation): -110.631865318 Size:  3
Vacancy Formation Energy (Cell Structure Relaxation): -110.631619421 Size:  3
Vacancy Formation Energy (Cell Structure Relaxation): -110.632028471 Size:  3
Vacancy Formation Energy (Cell Structure Relaxation): -110.6316108 Size:  3
Vacancy Formation Energy (Cell Structure Relaxation): -110.632033738 Size:  3
Vacancy Formation Energy (Cell Structure Relaxation): -110.631869331 Size:  3
Vacancy Formation Energy (Cell Structure Relaxation): -110.632026393 Size:  3
Vacancy Formation Energy (Cell Structure Relaxation): -110.631920386 Size:  3
Vacancy Formation Energy (Cell Structure Relaxation): -110.632046635 Size:  3
Vacancy Formation Energy (Cell Structure Relaxation): -110.631934556 Size:  3
Vacancy Formation Energy (Cell Structure Relaxation): -110.632061309 Size:  3
Vacancy Formation Energy (Cell Structure Relaxation): -110.632029395 Size:  3
Vacancy Formation Energy (Cell Structure Relaxation): -110.631998968 Size:  3
Vacancy Formation Energy (Cell Structure Relaxation): -110.632066405 Size:  3
Vacancy Formation Energy (Cell Structure Relaxation): -110.63202464 Size:  3
Vacancy Formation Energy (Cell Structure Relaxation): -110.632063987 Size:  3
Vacancy Formation Energy (Cell Structure Relaxation): -110.632027054 Size:  3
Vacancy Formation Energy (Cell Structure Relaxation): -110.632067301 Size:  3
Vacancy Formation Energy (Cell Structure Relaxation): -110.631984661 Size:  3
Vacancy Formation Energy (Cell Structure Relaxation): -110.632070155 Size:  3
Vacancy Formation Energy (Cell Structure Relaxation): -110.632028892 Size:  3
Vacancy Formation Energy (Cell Structure Relaxation): -110.632072442 Size:  3
Vacancy Formation Energy (Cell Structure Relaxation): -110.632031337 Size:  3
Vacancy Formation Energy (Cell Structure Relaxation): -110.632073545 Size:  3
Vacancy Formation Energy (Cell Structure Relaxation): -110.63205436 Size:  3
Vacancy Formation Energy (Cell Structure Relaxation): -110.632075873 Size:  3
Vacancy Formation Energy (Cell Structure Relaxation): -110.632069709 Size:  3
Vacancy Formation Energy (Cell Structure Relaxation): -110.632056646 Size:  3
Vacancy Formation Energy (Cell Structure Relaxation): -110.63207724 Size:  3
Vacancy Formation Energy (Cell Structure Relaxation): -110.632065284 Size:  3
Vacancy Formation Energy (Cell Structure Relaxation): -110.632076086 Size:  3
Vacancy Formation Energy (Cell Structure Relaxation): -110.63207015 Size:  3
Vacancy Formation Energy (Cell Structure Relaxation): -110.632076753 Size:  3
Vacancy Formation Energy (Cell Structure Relaxation): -110.632057418 Size:  3
Vacancy Formation Energy (Cell Structure Relaxation): -110.632078449 Size:  3
Vacancy Formation Energy (Cell Structure Relaxation): -110.632067194 Size:  3
Vacancy Formation Energy (Cell Structure Relaxation): -110.632075325 Size:  3
Vacancy Formation Energy (Cell Structure Relaxation): -110.632070061 Size:  3
Vacancy Formation Energy (Cell Structure Relaxation): -110.632077653 Size:  3
Vacancy Formation Energy (Cell Structure Relaxation): -110.632075664 Size:  3
Vacancy Formation Energy (Cell Structure Relaxation): -110.632077523 Size:  3
Vacancy Formation Energy (Cell Structure Relaxation): -110.632072112 Size:  3
Vacancy Formation Energy (Cell Structure Relaxation): -110.632077265 Size:  3
Vacancy Formation Energy (Cell Structure Relaxation): -110.632078217 Size:  3
Vacancy Formation Energy (Cell Structure Relaxation): -110.632077471 Size:  3
Vacancy Formation Energy (Cell Structure Relaxation): -110.632078376 Size:  3
Vacancy Formation Energy (Cell Structure Relaxation): -110.632077671 Size:  3
Vacancy Formation Energy (Cell Structure Relaxation): -110.632077965 Size:  3
Vacancy Formation Energy (Cell Structure Relaxation): -110.632078653 Size:  3
Vacancy Formation Energy (Cell Structure Relaxation): -110.632075763 Size:  3
Vacancy Formation Energy (Cell Structure Relaxation): -110.63207395 Size:  3
Vacancy Formation Energy (Cell Structure Relaxation): -110.632079188 Size:  3
Vacancy Formation Energy (Cell Structure Relaxation): -110.632076385 Size:  3
Vacancy Formation Energy (Cell Structure Relaxation): -110.632078954 Size:  3
Vacancy Formation Energy (Cell Structure Relaxation): -110.632077577 Size:  3
Vacancy Formation Energy (Cell Structure Relaxation): -110.632078943 Size:  3
Vacancy Formation Energy (Cell Structure Relaxation): -110.632076897 Size:  3
Vacancy Formation Energy (Cell Structure Relaxation): -110.632078924 Size:  3
Vacancy Formation Energy (Cell Structure Relaxation): -110.632077594 Size:  3
Vacancy Formation Energy (Cell Structure Relaxation): -110.632079104 Size:  3
Vacancy Formation Energy (Cell Structure Relaxation): -110.632077378 Size:  3
Vacancy Formation Energy (Cell Structure Relaxation): -110.632078979 Size:  3
Vacancy Formation Energy (Cell Structure Relaxation): -110.632078074 Size:  3
Vacancy Formation Energy (Cell Structure Relaxation): -110.632079176 Size:  3
Vacancy Formation Energy (Cell Structure Relaxation): -110.632079375 Size:  3
Vacancy Formation Energy (Cell Structure Relaxation): -110.632077128 Size:  3
Vacancy Formation Energy (Cell Structure Relaxation): -110.632078972 Size:  3
Vacancy Formation Energy (Cell Structure Relaxation): -110.632078927 Size:  3
Vacancy Formation Energy (Cell Structure Relaxation): -110.63207925 Size:  3
Vacancy Formation Energy (Cell Structure Relaxation): -110.632078917 Size:  3
Vacancy Formation Energy (Cell Structure Relaxation): -110.632079261 Size:  3
Vacancy Formation Energy (Cell Structure Relaxation): -110.632077172 Size:  3
Vacancy Formation Energy (Cell Structure Relaxation): -110.632079246 Size:  3
Vacancy Formation Energy (Cell Structure Relaxation): -110.63207921 Size:  3
Vacancy Formation Energy (Cell Structure Relaxation): -110.632079049 Size:  3
Vacancy Formation Energy (Cell Structure Relaxation): -110.632079338 Size:  3
Vacancy Formation Energy (Cell Structure Relaxation): -110.632078796 Size:  3
Vacancy Formation Energy (Cell Structure Relaxation): -110.632079361 Size:  3
Vacancy Formation Energy (Cell Structure Relaxation): -110.632079121 Size:  3
Vacancy Formation Energy (Cell Structure Relaxation): -110.632079336 Size:  3
Vacancy Formation Energy (Cell Structure Relaxation): -110.632079331 Size:  3
Vacancy Formation Energy (Cell Structure Relaxation): -110.632079327 Size:  3
Vacancy Formation Energy (Cell Structure Relaxation): -110.632079449 Size:  3
Vacancy Formation Energy (Cell Structure Relaxation): -110.632077393 Size:  3
Vacancy Formation Energy (Cell Structure Relaxation): -110.632079357 Size:  3
Vacancy Formation Energy (Cell Structure Relaxation): -110.632079348 Size:  3
Vacancy Formation Energy (Cell Structure Relaxation): -110.632079341 Size:  3
Vacancy Formation Energy (Cell Structure Relaxation): -110.632079288 Size:  3
Vacancy Formation Energy (Cell Structure Relaxation): -110.632079406 Size:  3
Vacancy Formation Energy (Cell Structure Relaxation): -110.632079356 Size:  3
Vacancy Formation Energy (Cell Structure Relaxation): -110.632079333 Size:  3
Vacancy Formation Energy (Cell Structure Relaxation): -110.632079408 Size:  3
Vacancy Formation Energy (Cell Structure Relaxation): -110.632079357 Size:  3
Vacancy Formation Energy (Cell Structure Relaxation): -110.632079409 Size:  3
Vacancy Formation Energy (Cell Structure Relaxation): -110.6320793 Size:  3
Vacancy Formation Energy (Cell Structure Relaxation): -110.632079415 Size:  3
Vacancy Formation Energy (Cell Structure Relaxation): -110.632079421 Size:  3
Vacancy Formation Energy (Cell Structure Relaxation): -110.632079425 Size:  3
Vacancy Formation Energy (Cell Structure Relaxation): -110.632079453 Size:  3
Vacancy Formation Energy (Cell Structure Relaxation): -110.632079429 Size:  3
Vacancy Formation Energy (Cell Structure Relaxation): -110.632079479 Size:  3
Vacancy Formation Energy (Cell Structure Relaxation): -110.632079483 Size:  3
Vacancy Formation Energy (Cell Structure Relaxation): -110.632079499 Size:  3
Vacancy Formation Energy (Cell Structure Relaxation): -110.632079498 Size:  3
Vacancy Formation Energy (Cell Structure Relaxation): -110.63207949 Size:  3
Vacancy Formation Energy (Cell Structure Relaxation): -110.632079455 Size:  3
Vacancy Formation Energy (Cell Structure Relaxation): -110.632077374 Size:  3
Vacancy Formation Energy (Cell Structure Relaxation): -110.632079479 Size:  3
Vacancy Formation Energy (Cell Structure Relaxation): -110.632079496 Size:  3
Vacancy Formation Energy (Cell Structure Relaxation): -110.632079521 Size:  3
Vacancy Formation Energy (Cell Structure Relaxation): -110.6320775 Size:  3
Vacancy Formation Energy (Cell Structure Relaxation): -110.632079464 Size:  3
Vacancy Formation Energy (Cell Structure Relaxation): -110.632079499 Size:  3
Vacancy Formation Energy (Cell Structure Relaxation): -110.632077502 Size:  3
Vacancy Formation Energy (Cell Structure Relaxation): -110.6320795 Size:  3
Vacancy Formation Energy (Cell Structure Relaxation): -110.632079488 Size:  3
Vacancy Formation Energy (Cell Structure Relaxation): -110.632079506 Size:  3
Vacancy Formation Energy (Cell Structure Relaxation): -110.632079469 Size:  3
Vacancy Formation Energy (Cell Structure Relaxation): -110.632079508 Size:  3
Vacancy Formation Energy (Cell Structure Relaxation): -110.63207951 Size:  3
Vacancy Formation Energy (Cell Structure Relaxation): -110.632079507 Size:  3
Vacancy Formation Energy (Cell Structure Relaxation): -110.632079519 Size:  3
Vacancy Formation Energy (Cell Structure Relaxation): -110.632077517 Size:  3
Vacancy Formation Energy (Cell Structure Relaxation): -110.632079511 Size:  3
Vacancy Formation Energy (Cell Structure Relaxation): -110.632077494 Size:  3
Vacancy Formation Energy (Cell Structure Relaxation): -110.632079516 Size:  3
Vacancy Formation Energy (Cell Structure Relaxation): -110.632079507 Size:  3
Vacancy Formation Energy (Cell Structure Relaxation): -110.632079515 Size:  3
Vacancy Formation Energy (Cell Structure Relaxation): -110.63207952 Size:  3
Vacancy Formation Energy (Cell Structure Relaxation): -110.632079517 Size:  3
Vacancy Formation Energy (Cell Structure Relaxation): -110.632077517 Size:  3
Vacancy Formation Energy (Cell Structure Relaxation): -110.632079518 Size:  3
Vacancy Formation Energy (Cell Structure Relaxation): -110.632079514 Size:  3
Vacancy Formation Energy (Cell Structure Relaxation): -110.63207952 Size:  3
Vacancy Formation Energy (Cell Structure Relaxation): -110.632077513 Size:  3
Vacancy Formation Energy (Cell Structure Relaxation): -110.63207952 Size:  3
Vacancy Formation Energy (Cell Structure Relaxation): -110.632079514 Size:  3
Vacancy Formation Energy (Cell Structure Relaxation): -110.632079521 Size:  3
Vacancy Formation Energy (Cell Structure Relaxation): -110.632079523 Size:  3
Vacancy Formation Energy (Cell Structure Relaxation): -110.632077516 Size:  3
Vacancy Formation Energy (Cell Structure Relaxation): -110.632079519 Size:  3
Vacancy Formation Energy (Cell Structure Relaxation): -110.632079522 Size:  3
Vacancy Formation Energy (Cell Structure Relaxation): -110.632079517 Size:  3
Vacancy Formation Energy (Cell Structure Relaxation): -110.632079522 Size:  3
Vacancy Formation Energy (Cell Structure Relaxation): -110.632077516 Size:  3
Vacancy Formation Energy (Cell Structure Relaxation): -110.632079522 Size:  3
Vacancy Formation Energy (Cell Structure Relaxation): -110.632077513 Size:  3
Vacancy Formation Energy (Cell Structure Relaxation): -110.632079522 Size:  3
Vacancy Formation Energy (Cell Structure Relaxation): -110.632079521 Size:  3
Vacancy Formation Energy (Cell Structure Relaxation): -110.632079522 Size:  3
Vacancy Formation Energy (Cell Structure Relaxation): -110.632079522 Size:  3
Vacancy Formation Energy (Cell Structure Relaxation): -110.632079522 Size:  3
Vacancy Formation Energy (Cell Structure Relaxation): -110.632079522 Size:  3
Vacancy Formation Energy (Cell Structure Relaxation): -110.632079523 Size:  3
Vacancy Formation Energy (Cell Structure Relaxation): -110.632077514 Size:  3
Vacancy Formation Energy (Cell Structure Relaxation): -110.632079523 Size:  3
Vacancy Formation Energy (Cell Structure Relaxation): -110.632077516 Size:  3
Vacancy Formation Energy (Cell Structure Relaxation): -110.632079523 Size:  3
Vacancy Formation Energy (Cell Structure Relaxation): -110.632079524 Size:  3
Vacancy Formation Energy (Cell Structure Relaxation): -110.632079524 Size:  3
Vacancy Formation Energy (Cell Structure Relaxation): -110.632079523 Size:  3
Vacancy Formation Energy (Cell Structure Relaxation): -110.632079523 Size:  3
Vacancy Formation Energy (Cell Structure Relaxation): -110.632079524 Size:  3
Vacancy Formation Energy (Cell Structure Relaxation): -110.632079524 Size:  3
Vacancy Formation Energy (Cell Structure Relaxation): -110.632077517 Size:  3
Vacancy Formation Energy (Cell Structure Relaxation): -110.632077518 Size:  3
Vacancy Formation Energy (Cell Structure Relaxation): -110.632079524 Size:  3
Vacancy Formation Energy (Cell Structure Relaxation): -110.632079524 Size:  3
Vacancy Formation Energy (Cell Structure Relaxation): -110.632079523 Size:  3
Vacancy Formation Energy (Cell Structure Relaxation): -110.632079524 Size:  3
Vacancy Formation Energy (Cell Structure Relaxation): -110.632079523 Size:  3
Vacancy Formation Energy (Cell Structure Relaxation): -110.632079522 Size:  3
Vacancy Formation Energy (Cell Structure Relaxation): -110.632079524 Size:  3
Vacancy Formation Energy (Cell Structure Relaxation): -110.632079524 Size:  3
Vacancy Formation Energy (Cell Structure Relaxation): -110.632079524 Size:  3
Vacancy Formation Energy (Cell Structure Relaxation): -110.632079525 Size:  3
Vacancy Formation Energy (Cell Structure Relaxation): -110.632079525 Size:  3
Vacancy Formation Energy (Cell Structure Relaxation): -110.632079525 Size:  3
Vacancy Formation Energy (Cell Structure Relaxation): -110.632079524 Size:  3
Vacancy Formation Energy (Cell Structure Relaxation): -110.632079525 Size:  3
Vacancy Formation Energy (Cell Structure Relaxation): -110.632079525 Size:  3
Vacancy Formation Energy (Cell Structure Relaxation): -110.632079525 Size:  3
Vacancy Formation Energy (Cell Structure Relaxation): -110.632079525 Size:  3
Vacancy Formation Energy (Cell Structure Relaxation): -110.632077518 Size:  3
Vacancy Formation Energy (Cell Structure Relaxation): -110.632079524 Size:  3
Vacancy Formation Energy (Cell Structure Relaxation): -110.632079525 Size:  3
Vacancy Formation Energy (Cell Structure Relaxation): -110.632079525 Size:  3
Vacancy Formation Energy (Cell Structure Relaxation): -110.632077518 Size:  3
Vacancy Formation Energy (Cell Structure Relaxation): -110.632079525 Size:  3
Vacancy Formation Energy (Cell Structure Relaxation): -110.632079525 Size:  3
Vacancy Formation Energy (Cell Structure Relaxation): -110.632079525 Size:  3
Vacancy Formation Energy (Cell Structure Relaxation): -110.632079525 Size:  3
Vacancy Formation Energy (Cell Structure Relaxation): -110.632079525 Size:  3
Vacancy Formation Energy (Cell Structure Relaxation): -110.632079525 Size:  3
Optimization terminated successfully.
         Current function value: -110.632080
         Iterations: 419
         Function evaluations: 685
Summary:
Vacancy Formation Energy: -110.632079525
Unrelaxed Cell Volume: 4903.35518955
Relaxed Cell Volume: 3823.37456231
Relaxation Volume: 1079.98062724
Relaxed Cell Vector:
[ 13.24864572   0.10339466  17.62538008  -0.13295596  -0.02282144
  16.37332448]
Unrelaxed Cell Vector:
[16.988868363719998, 0.0, 16.988868363719998, 0.0, 0.0, 16.988868363719998]
Relaxed Cell:
[[ 13.24864572   0.           0.        ]
 [  0.10339466  17.62538008   0.        ]
 [ -0.13295596  -0.02282144  16.37332448]]
Unrelaxed Cell:
[[ 16.98886836   0.           0.        ]
 [  0.          16.98886836   0.        ]
 [  0.           0.          16.98886836]]
