Imported bulk from ase.lattice
Parameters Input: Al diamond EAM_Dynamo_Zhou_Johnson_Al__MO_131650261510_001 [5.66295612124]

[Calculation]

Supercell Size: 3
Unrelaxed Cell:
[[ 16.98886836   0.           0.        ]
 [  0.          16.98886836   0.        ]
 [  0.           0.          16.98886836]]
Unrelaxed Cell Vector:
[16.988868363719998, 0.0, 16.988868363719998, 0.0, 0.0, 16.988868363719998]
Vacancy Formation Energy (Cell Structure Relaxation): 0.0 Size:  3
Vacancy Formation Energy (Cell Structure Relaxation): 3.13624536442 Size:  3
Vacancy Formation Energy (Cell Structure Relaxation): 1.29287172967e-07 Size:  3
Vacancy Formation Energy (Cell Structure Relaxation): 3.13624536442 Size:  3
Vacancy Formation Energy (Cell Structure Relaxation): 1.29287172967e-07 Size:  3
Vacancy Formation Energy (Cell Structure Relaxation): 1.29287172967e-07 Size:  3
Vacancy Formation Energy (Cell Structure Relaxation): 3.13624536442 Size:  3
Vacancy Formation Energy (Cell Structure Relaxation): 0.195184693059 Size:  3
Vacancy Formation Energy (Cell Structure Relaxation): 1.62253691516 Size:  3
Vacancy Formation Energy (Cell Structure Relaxation): 5.35872984289 Size:  3
Vacancy Formation Energy (Cell Structure Relaxation): 0.571151381076 Size:  3
Vacancy Formation Energy (Cell Structure Relaxation): 2.14746415162 Size:  3
Vacancy Formation Energy (Cell Structure Relaxation): 0.442949913853 Size:  3
Vacancy Formation Energy (Cell Structure Relaxation): 1.20644288854 Size:  3
Vacancy Formation Energy (Cell Structure Relaxation): 0.0921280948204 Size:  3
Vacancy Formation Energy (Cell Structure Relaxation): 0.374994560634 Size:  3
Vacancy Formation Energy (Cell Structure Relaxation): 0.0834471698704 Size:  3
Vacancy Formation Energy (Cell Structure Relaxation): 0.808285707328 Size:  3
Vacancy Formation Energy (Cell Structure Relaxation): 0.0771906955192 Size:  3
Vacancy Formation Energy (Cell Structure Relaxation): 0.0728664268205 Size:  3
Vacancy Formation Energy (Cell Structure Relaxation): 0.167004671915 Size:  3
Vacancy Formation Energy (Cell Structure Relaxation): 0.0158035101366 Size:  3
Vacancy Formation Energy (Cell Structure Relaxation): 0.103309188596 Size:  3
Vacancy Formation Energy (Cell Structure Relaxation): 0.0294356884491 Size:  3
Vacancy Formation Energy (Cell Structure Relaxation): 0.073724145902 Size:  3
Vacancy Formation Energy (Cell Structure Relaxation): 0.0213519653925 Size:  3
Vacancy Formation Energy (Cell Structure Relaxation): 0.0269806481814 Size:  3
Vacancy Formation Energy (Cell Structure Relaxation): 0.00557654303532 Size:  3
Vacancy Formation Energy (Cell Structure Relaxation): 0.0329074564183 Size:  3
Vacancy Formation Energy (Cell Structure Relaxation): 0.00465970639982 Size:  3
Vacancy Formation Energy (Cell Structure Relaxation): 0.0139883178665 Size:  3
Vacancy Formation Energy (Cell Structure Relaxation): 0.00362509311969 Size:  3
Vacancy Formation Energy (Cell Structure Relaxation): 0.00854266460794 Size:  3
Vacancy Formation Energy (Cell Structure Relaxation): 0.0011854630377 Size:  3
Vacancy Formation Energy (Cell Structure Relaxation): 0.00502058655491 Size:  3
Vacancy Formation Energy (Cell Structure Relaxation): 0.00123822495152 Size:  3
Vacancy Formation Energy (Cell Structure Relaxation): 0.0033128445292 Size:  3
Vacancy Formation Energy (Cell Structure Relaxation): 0.000822986502612 Size:  3
Vacancy Formation Energy (Cell Structure Relaxation): 0.0018462419489 Size:  3
Vacancy Formation Energy (Cell Structure Relaxation): 0.000305097077899 Size:  3
Vacancy Formation Energy (Cell Structure Relaxation): 0.0011439280679 Size:  3
Vacancy Formation Energy (Cell Structure Relaxation): 0.000330862659325 Size:  3
Vacancy Formation Energy (Cell Structure Relaxation): 0.000827206199801 Size:  3
Vacancy Formation Energy (Cell Structure Relaxation): 0.000235227943676 Size:  3
Vacancy Formation Energy (Cell Structure Relaxation): 0.000290977022473 Size:  3
Vacancy Formation Energy (Cell Structure Relaxation): 0.000323750467942 Size:  3
Vacancy Formation Energy (Cell Structure Relaxation): 8.86119476036e-05 Size:  3
Vacancy Formation Energy (Cell Structure Relaxation): 0.000303648982367 Size:  3
Vacancy Formation Energy (Cell Structure Relaxation): 8.13838231579e-05 Size:  3
Vacancy Formation Energy (Cell Structure Relaxation): 0.000223897640467 Size:  3
Vacancy Formation Energy (Cell Structure Relaxation): 6.18501165945e-05 Size:  3
Vacancy Formation Energy (Cell Structure Relaxation): 8.10105867686e-05 Size:  3
Vacancy Formation Energy (Cell Structure Relaxation): 8.71026903724e-05 Size:  3
Vacancy Formation Energy (Cell Structure Relaxation): 2.39191418814e-05 Size:  3
Vacancy Formation Energy (Cell Structure Relaxation): 7.72606279043e-05 Size:  3
Vacancy Formation Energy (Cell Structure Relaxation): 2.1123918259e-05 Size:  3
Vacancy Formation Energy (Cell Structure Relaxation): 4.93424786328e-05 Size:  3
Vacancy Formation Energy (Cell Structure Relaxation): 1.19684636957e-05 Size:  3
Vacancy Formation Energy (Cell Structure Relaxation): 2.39317712385e-05 Size:  3
Vacancy Formation Energy (Cell Structure Relaxation): 6.52901951526e-06 Size:  3
Vacancy Formation Energy (Cell Structure Relaxation): 1.98727932457e-05 Size:  3
Vacancy Formation Energy (Cell Structure Relaxation): 5.11157747951e-06 Size:  3
Vacancy Formation Energy (Cell Structure Relaxation): 1.09610143681e-05 Size:  3
Vacancy Formation Energy (Cell Structure Relaxation): 2.8845623774e-06 Size:  3
Vacancy Formation Energy (Cell Structure Relaxation): 7.05611932972e-06 Size:  3
Vacancy Formation Energy (Cell Structure Relaxation): 1.75915567979e-06 Size:  3
Vacancy Formation Energy (Cell Structure Relaxation): 5.74000716824e-06 Size:  3
Vacancy Formation Energy (Cell Structure Relaxation): 1.33699541038e-06 Size:  3
Vacancy Formation Energy (Cell Structure Relaxation): 2.55960367213e-06 Size:  3
Vacancy Formation Energy (Cell Structure Relaxation): 6.88859131515e-07 Size:  3
Vacancy Formation Energy (Cell Structure Relaxation): 1.79893925178e-06 Size:  3
Vacancy Formation Energy (Cell Structure Relaxation): 5.03918272443e-07 Size:  3
Vacancy Formation Energy (Cell Structure Relaxation): 1.13026840154e-06 Size:  3
Vacancy Formation Energy (Cell Structure Relaxation): 3.04186073663e-07 Size:  3
Vacancy Formation Energy (Cell Structure Relaxation): 6.55914732306e-07 Size:  3
Vacancy Formation Energy (Cell Structure Relaxation): 1.94762378669e-07 Size:  3
Vacancy Formation Energy (Cell Structure Relaxation): 5.09132632942e-07 Size:  3
Vacancy Formation Energy (Cell Structure Relaxation): 1.54405142894e-07 Size:  3
Vacancy Formation Energy (Cell Structure Relaxation): 2.97144310935e-07 Size:  3
Vacancy Formation Energy (Cell Structure Relaxation): 9.9688577393e-08 Size:  3
Vacancy Formation Energy (Cell Structure Relaxation): 1.67536313711e-07 Size:  3
Vacancy Formation Energy (Cell Structure Relaxation): 6.20354967396e-08 Size:  3
Vacancy Formation Energy (Cell Structure Relaxation): 1.40999873111e-07 Size:  3
Vacancy Formation Energy (Cell Structure Relaxation): 5.44330305274e-08 Size:  3
Vacancy Formation Energy (Cell Structure Relaxation): 1.81670884558e-07 Size:  3
Vacancy Formation Energy (Cell Structure Relaxation): 4.76389914184e-08 Size:  3
Vacancy Formation Energy (Cell Structure Relaxation): 1.64296238836e-07 Size:  3
Vacancy Formation Energy (Cell Structure Relaxation): 4.89096692036e-08 Size:  3
Vacancy Formation Energy (Cell Structure Relaxation): 1.4305123841e-07 Size:  3
Vacancy Formation Energy (Cell Structure Relaxation): 5.00824626215e-08 Size:  3
Vacancy Formation Energy (Cell Structure Relaxation): 7.8947550719e-08 Size:  3
Vacancy Formation Energy (Cell Structure Relaxation): 3.44635964211e-08 Size:  3
Vacancy Formation Energy (Cell Structure Relaxation): 4.2746478357e-08 Size:  3
Vacancy Formation Energy (Cell Structure Relaxation): 2.37623680732e-08 Size:  3
Vacancy Formation Energy (Cell Structure Relaxation): 3.80350684281e-08 Size:  3
Vacancy Formation Energy (Cell Structure Relaxation): 3.51739117832e-08 Size:  3
Vacancy Formation Energy (Cell Structure Relaxation): 3.2284219742e-08 Size:  3
Vacancy Formation Energy (Cell Structure Relaxation): 3.90324430555e-08 Size:  3
Vacancy Formation Energy (Cell Structure Relaxation): 1.60104036695e-08 Size:  3
Vacancy Formation Energy (Cell Structure Relaxation): 3.6283722693e-08 Size:  3
Vacancy Formation Energy (Cell Structure Relaxation): 1.50610048877e-08 Size:  3
Vacancy Formation Energy (Cell Structure Relaxation): 3.78884124075e-08 Size:  3
Vacancy Formation Energy (Cell Structure Relaxation): 1.43170382216e-08 Size:  3
Vacancy Formation Energy (Cell Structure Relaxation): 3.51408289134e-08 Size:  3
Vacancy Formation Energy (Cell Structure Relaxation): 1.41399141285e-08 Size:  3
Vacancy Formation Energy (Cell Structure Relaxation): 3.60768126484e-08 Size:  3
Vacancy Formation Energy (Cell Structure Relaxation): 1.31117303681e-08 Size:  3
Vacancy Formation Energy (Cell Structure Relaxation): 2.30943442148e-08 Size:  3
Vacancy Formation Energy (Cell Structure Relaxation): 1.0925305105e-08 Size:  3
Vacancy Formation Energy (Cell Structure Relaxation): 1.44269733937e-08 Size:  3
Vacancy Formation Energy (Cell Structure Relaxation): 9.02571173356e-09 Size:  3
Vacancy Formation Energy (Cell Structure Relaxation): 1.61818434208e-08 Size:  3
Vacancy Formation Energy (Cell Structure Relaxation): 7.67579422245e-09 Size:  3
Vacancy Formation Energy (Cell Structure Relaxation): 8.10405254015e-09 Size:  3
Vacancy Formation Energy (Cell Structure Relaxation): 9.60199031397e-09 Size:  3
Vacancy Formation Energy (Cell Structure Relaxation): 6.70161171001e-09 Size:  3
Vacancy Formation Energy (Cell Structure Relaxation): 6.9318275564e-09 Size:  3
Vacancy Formation Energy (Cell Structure Relaxation): 8.82221229404e-09 Size:  3
Vacancy Formation Energy (Cell Structure Relaxation): 6.07735728408e-09 Size:  3
Vacancy Formation Energy (Cell Structure Relaxation): 7.83018094808e-09 Size:  3
Vacancy Formation Energy (Cell Structure Relaxation): 6.11009909335e-09 Size:  3
Vacancy Formation Energy (Cell Structure Relaxation): 7.45887973608e-09 Size:  3
Vacancy Formation Energy (Cell Structure Relaxation): 1.39875737659e-08 Size:  3
Vacancy Formation Energy (Cell Structure Relaxation): 2.61127297563e-09 Size:  3
Vacancy Formation Energy (Cell Structure Relaxation): 8.00571342552e-09 Size:  3
Vacancy Formation Energy (Cell Structure Relaxation): 3.13218606607e-09 Size:  3
Vacancy Formation Energy (Cell Structure Relaxation): 6.51971276966e-09 Size:  3
Vacancy Formation Energy (Cell Structure Relaxation): 5.44753220311e-09 Size:  3
Vacancy Formation Energy (Cell Structure Relaxation): 5.75573722017e-09 Size:  3
Vacancy Formation Energy (Cell Structure Relaxation): 7.04358171788e-09 Size:  3
Vacancy Formation Energy (Cell Structure Relaxation): 2.42050646193e-09 Size:  3
Vacancy Formation Energy (Cell Structure Relaxation): 4.16889633925e-09 Size:  3
Vacancy Formation Energy (Cell Structure Relaxation): 6.07315087109e-09 Size:  3
Vacancy Formation Energy (Cell Structure Relaxation): 2.13390194403e-09 Size:  3
Vacancy Formation Energy (Cell Structure Relaxation): 6.34395291854e-09 Size:  3
Vacancy Formation Energy (Cell Structure Relaxation): 2.0017978386e-09 Size:  3
Vacancy Formation Energy (Cell Structure Relaxation): 5.18946308148e-09 Size:  3
Vacancy Formation Energy (Cell Structure Relaxation): 1.64277480508e-09 Size:  3
Vacancy Formation Energy (Cell Structure Relaxation): 2.4861037673e-09 Size:  3
Vacancy Formation Energy (Cell Structure Relaxation): 3.32261151925e-09 Size:  3
Vacancy Formation Energy (Cell Structure Relaxation): 1.22520305013e-09 Size:  3
Vacancy Formation Energy (Cell Structure Relaxation): 2.79885625787e-09 Size:  3
Vacancy Formation Energy (Cell Structure Relaxation): 1.17699983093e-09 Size:  3
Vacancy Formation Energy (Cell Structure Relaxation): 1.34684796649e-09 Size:  3
Vacancy Formation Energy (Cell Structure Relaxation): 1.29091404233e-09 Size:  3
Vacancy Formation Energy (Cell Structure Relaxation): 1.28011379275e-09 Size:  3
Vacancy Formation Energy (Cell Structure Relaxation): 6.61202648189e-10 Size:  3
Vacancy Formation Energy (Cell Structure Relaxation): 8.59813553689e-10 Size:  3
Vacancy Formation Energy (Cell Structure Relaxation): 9.87938619801e-10 Size:  3
Vacancy Formation Energy (Cell Structure Relaxation): 1.31626620714e-09 Size:  3
Vacancy Formation Energy (Cell Structure Relaxation): 3.75962372345e-10 Size:  3
Vacancy Formation Energy (Cell Structure Relaxation): 5.9628746385e-10 Size:  3
Vacancy Formation Energy (Cell Structure Relaxation): 1.14994236355e-09 Size:  3
Vacancy Formation Energy (Cell Structure Relaxation): 3.93356458517e-10 Size:  3
Vacancy Formation Energy (Cell Structure Relaxation): 1.29614363686e-09 Size:  3
Vacancy Formation Energy (Cell Structure Relaxation): 2.98541635857e-10 Size:  3
Vacancy Formation Energy (Cell Structure Relaxation): 8.7322860054e-10 Size:  3
Vacancy Formation Energy (Cell Structure Relaxation): 2.98541635857e-10 Size:  3
Vacancy Formation Energy (Cell Structure Relaxation): 6.62453203404e-10 Size:  3
Vacancy Formation Energy (Cell Structure Relaxation): 1.55068846652e-10 Size:  3
Vacancy Formation Energy (Cell Structure Relaxation): 5.36829247721e-10 Size:  3
Vacancy Formation Energy (Cell Structure Relaxation): 1.79170456249e-10 Size:  3
Vacancy Formation Energy (Cell Structure Relaxation): 3.90286913898e-10 Size:  3
Vacancy Formation Energy (Cell Structure Relaxation): -3.97903932026e-12 Size:  3
Vacancy Formation Energy (Cell Structure Relaxation): 3.05817593471e-11 Size:  3
Vacancy Formation Energy (Cell Structure Relaxation): 7.84439180279e-12 Size:  3
Vacancy Formation Energy (Cell Structure Relaxation): -3.16049408866e-11 Size:  3
Vacancy Formation Energy (Cell Structure Relaxation): 6.32894625596e-10 Size:  3
Vacancy Formation Energy (Cell Structure Relaxation): -2.83080225927e-11 Size:  3
Vacancy Formation Energy (Cell Structure Relaxation): -2.50111042988e-12 Size:  3
Vacancy Formation Energy (Cell Structure Relaxation): 4.47926140623e-11 Size:  3
Vacancy Formation Energy (Cell Structure Relaxation): -1.33127286972e-10 Size:  3
Vacancy Formation Energy (Cell Structure Relaxation): -1.18916432257e-10 Size:  3
Vacancy Formation Energy (Cell Structure Relaxation): 2.21689333557e-11 Size:  3
Vacancy Formation Energy (Cell Structure Relaxation): -7.81028575148e-11 Size:  3
Vacancy Formation Energy (Cell Structure Relaxation): 1.8610535335e-10 Size:  3
Vacancy Formation Energy (Cell Structure Relaxation): -8.15134626464e-11 Size:  3
Vacancy Formation Energy (Cell Structure Relaxation): 1.76783032657e-10 Size:  3
Vacancy Formation Energy (Cell Structure Relaxation): -1.24373400467e-10 Size:  3
Vacancy Formation Energy (Cell Structure Relaxation): -5.97992766416e-11 Size:  3
Vacancy Formation Energy (Cell Structure Relaxation): -2.46700437856e-11 Size:  3
Vacancy Formation Energy (Cell Structure Relaxation): -6.48014975013e-11 Size:  3
Optimization terminated successfully.
         Current function value: -0.000000
         Iterations: 108
         Function evaluations: 182
Summary:
Vacancy Formation Energy: -1.33127286972e-10
Unrelaxed Cell Volume: 4903.35518955
Relaxed Cell Volume: 4903.35519457
Relaxation Volume: -5.02268449054e-06
Relaxed Cell Vector:
[  1.69888712e+01   3.08953276e-06   1.69888705e+01  -1.55538090e-06
  -4.74758181e-06   1.69888634e+01]
Unrelaxed Cell Vector:
[16.988868363719998, 0.0, 16.988868363719998, 0.0, 0.0, 16.988868363719998]
Relaxed Cell:
[[  1.69888712e+01   0.00000000e+00   0.00000000e+00]
 [  3.08953276e-06   1.69888705e+01   0.00000000e+00]
 [ -1.55538090e-06  -4.74758181e-06   1.69888634e+01]]
Unrelaxed Cell:
[[ 16.98886836   0.           0.        ]
 [  0.          16.98886836   0.        ]
 [  0.           0.          16.98886836]]

Supercell Size: 4
Unrelaxed Cell:
[[ 22.65182448   0.           0.        ]
 [  0.          22.65182448   0.        ]
 [  0.           0.          22.65182448]]
Unrelaxed Cell Vector:
[22.651824484959999, 0.0, 22.651824484959999, 0.0, 0.0, 22.651824484959999]
Vacancy Formation Energy (Cell Structure Relaxation): 0.0 Size:  4
Vacancy Formation Energy (Cell Structure Relaxation): 7.43406308788 Size:  4
Vacancy Formation Energy (Cell Structure Relaxation): 1.73461330633e-07 Size:  4
Vacancy Formation Energy (Cell Structure Relaxation): 7.43406308788 Size:  4
Vacancy Formation Energy (Cell Structure Relaxation): 1.73469516085e-07 Size:  4
Vacancy Formation Energy (Cell Structure Relaxation): 1.73468151843e-07 Size:  4
Vacancy Formation Energy (Cell Structure Relaxation): 7.43406308788 Size:  4
Vacancy Formation Energy (Cell Structure Relaxation): 0.462659968304 Size:  4
Vacancy Formation Energy (Cell Structure Relaxation): 3.84601334933 Size:  4
Vacancy Formation Energy (Cell Structure Relaxation): 12.7021743072 Size:  4
Vacancy Formation Energy (Cell Structure Relaxation): 1.35384030317 Size:  4
Vacancy Formation Energy (Cell Structure Relaxation): 5.09028539609 Size:  4
Vacancy Formation Energy (Cell Structure Relaxation): 1.04995530331 Size:  4
Vacancy Formation Energy (Cell Structure Relaxation): 2.85971641066 Size:  4
Vacancy Formation Energy (Cell Structure Relaxation): 0.21837768933 Size:  4
Vacancy Formation Energy (Cell Structure Relaxation): 0.888875986013 Size:  4
Vacancy Formation Energy (Cell Structure Relaxation): 0.197800681818 Size:  4
Vacancy Formation Energy (Cell Structure Relaxation): 1.9159364852 Size:  4
Vacancy Formation Energy (Cell Structure Relaxation): 0.182970505057 Size:  4
Vacancy Formation Energy (Cell Structure Relaxation): 0.17272038742 Size:  4
Vacancy Formation Energy (Cell Structure Relaxation): 0.395862887895 Size:  4
Vacancy Formation Energy (Cell Structure Relaxation): 0.0374601499818 Size:  4
Vacancy Formation Energy (Cell Structure Relaxation): 0.244881022876 Size:  4
Vacancy Formation Energy (Cell Structure Relaxation): 0.0697734561629 Size:  4
Vacancy Formation Energy (Cell Structure Relaxation): 0.174753513478 Size:  4
Vacancy Formation Energy (Cell Structure Relaxation): 0.0506120378834 Size:  4
Vacancy Formation Energy (Cell Structure Relaxation): 0.0639541083194 Size:  4
Vacancy Formation Energy (Cell Structure Relaxation): 0.0132184498602 Size:  4
Vacancy Formation Energy (Cell Structure Relaxation): 0.07800284068 Size:  4
Vacancy Formation Energy (Cell Structure Relaxation): 0.0110452051354 Size:  4
Vacancy Formation Energy (Cell Structure Relaxation): 0.0331574684215 Size:  4
Vacancy Formation Energy (Cell Structure Relaxation): 0.00859278789608 Size:  4
Vacancy Formation Energy (Cell Structure Relaxation): 0.0202492523647 Size:  4
Vacancy Formation Energy (Cell Structure Relaxation): 0.00280996276115 Size:  4
Vacancy Formation Energy (Cell Structure Relaxation): 0.0119006263933 Size:  4
Vacancy Formation Energy (Cell Structure Relaxation): 0.00293502705563 Size:  4
Vacancy Formation Energy (Cell Structure Relaxation): 0.0078526443906 Size:  4
Vacancy Formation Energy (Cell Structure Relaxation): 0.00195075948977 Size:  4
Vacancy Formation Energy (Cell Structure Relaxation): 0.00437625420977 Size:  4
Vacancy Formation Energy (Cell Structure Relaxation): 0.000723169077673 Size:  4
Vacancy Formation Energy (Cell Structure Relaxation): 0.00271150816707 Size:  4
Vacancy Formation Energy (Cell Structure Relaxation): 0.000784243164617 Size:  4
Vacancy Formation Energy (Cell Structure Relaxation): 0.0019607600575 Size:  4
Vacancy Formation Energy (Cell Structure Relaxation): 0.00055755355379 Size:  4
Vacancy Formation Energy (Cell Structure Relaxation): 0.000689699413215 Size:  4
Vacancy Formation Energy (Cell Structure Relaxation): 0.000767384900428 Size:  4
Vacancy Formation Energy (Cell Structure Relaxation): 0.000210019134101 Size:  4
Vacancy Formation Energy (Cell Structure Relaxation): 0.00071973699437 Size:  4
Vacancy Formation Energy (Cell Structure Relaxation): 0.000192885489014 Size:  4
Vacancy Formation Energy (Cell Structure Relaxation): 0.000530695506541 Size:  4
Vacancy Formation Energy (Cell Structure Relaxation): 0.000146583451397 Size:  4
Vacancy Formation Energy (Cell Structure Relaxation): 0.000192000684137 Size:  4
Vacancy Formation Energy (Cell Structure Relaxation): 0.000206441385217 Size:  4
Vacancy Formation Energy (Cell Structure Relaxation): 5.66730288938e-05 Size:  4
Vacancy Formation Energy (Cell Structure Relaxation): 0.000183111951628 Size:  4
Vacancy Formation Energy (Cell Structure Relaxation): 5.00472513068e-05 Size:  4
Vacancy Formation Energy (Cell Structure Relaxation): 0.000116935586448 Size:  4
Vacancy Formation Energy (Cell Structure Relaxation): 2.83457234218e-05 Size:  4
Vacancy Formation Energy (Cell Structure Relaxation): 5.67026836507e-05 Size:  4
Vacancy Formation Energy (Cell Structure Relaxation): 1.54514787027e-05 Size:  4
Vacancy Formation Energy (Cell Structure Relaxation): 4.70817080895e-05 Size:  4
Vacancy Formation Energy (Cell Structure Relaxation): 1.20917609365e-05 Size:  4
Vacancy Formation Energy (Cell Structure Relaxation): 2.59570904291e-05 Size:  4
Vacancy Formation Energy (Cell Structure Relaxation): 6.81310484651e-06 Size:  4
Vacancy Formation Energy (Cell Structure Relaxation): 1.6701056893e-05 Size:  4
Vacancy Formation Energy (Cell Structure Relaxation): 4.14541682403e-06 Size:  4
Vacancy Formation Energy (Cell Structure Relaxation): 1.35814366331e-05 Size:  4
Vacancy Formation Energy (Cell Structure Relaxation): 3.14480735142e-06 Size:  4
Vacancy Formation Energy (Cell Structure Relaxation): 6.04300657869e-06 Size:  4
Vacancy Formation Energy (Cell Structure Relaxation): 1.60866807164e-06 Size:  4
Vacancy Formation Energy (Cell Structure Relaxation): 4.23973938268e-06 Size:  4
Vacancy Formation Energy (Cell Structure Relaxation): 1.16993078336e-06 Size:  4
Vacancy Formation Energy (Cell Structure Relaxation): 2.65465450866e-06 Size:  4
Vacancy Formation Energy (Cell Structure Relaxation): 6.96902361597e-07 Size:  4
Vacancy Formation Energy (Cell Structure Relaxation): 1.53040241457e-06 Size:  4
Vacancy Formation Energy (Cell Structure Relaxation): 4.36597474618e-07 Size:  4
Vacancy Formation Energy (Cell Structure Relaxation): 1.18224238577e-06 Size:  4
Vacancy Formation Energy (Cell Structure Relaxation): 3.42060729963e-07 Size:  4
Vacancy Formation Energy (Cell Structure Relaxation): 6.80218590787e-07 Size:  4
Vacancy Formation Energy (Cell Structure Relaxation): 2.12624627238e-07 Size:  4
Vacancy Formation Energy (Cell Structure Relaxation): 3.72660679204e-07 Size:  4
Vacancy Formation Energy (Cell Structure Relaxation): 1.2337136468e-07 Size:  4
Vacancy Formation Energy (Cell Structure Relaxation): 3.10277073368e-07 Size:  4
Vacancy Formation Energy (Cell Structure Relaxation): 1.03858155853e-07 Size:  4
Vacancy Formation Energy (Cell Structure Relaxation): 2.07268385566e-07 Size:  4
Vacancy Formation Energy (Cell Structure Relaxation): 7.97024313215e-08 Size:  4
Vacancy Formation Energy (Cell Structure Relaxation): 2.4671612664e-07 Size:  4
Vacancy Formation Energy (Cell Structure Relaxation): 6.49263256491e-08 Size:  4
Vacancy Formation Energy (Cell Structure Relaxation): 2.24556288231e-07 Size:  4
Vacancy Formation Energy (Cell Structure Relaxation): 6.61614194541e-08 Size:  4
Vacancy Formation Energy (Cell Structure Relaxation): 1.96938572117e-07 Size:  4
Vacancy Formation Energy (Cell Structure Relaxation): 6.80483935867e-08 Size:  4
Vacancy Formation Energy (Cell Structure Relaxation): 1.01321802504e-07 Size:  4
Vacancy Formation Energy (Cell Structure Relaxation): 6.83660346112e-08 Size:  4
Vacancy Formation Energy (Cell Structure Relaxation): 1.21805896924e-07 Size:  4
Vacancy Formation Energy (Cell Structure Relaxation): 4.40547864855e-08 Size:  4
Vacancy Formation Energy (Cell Structure Relaxation): 3.7116024032e-08 Size:  4
Vacancy Formation Energy (Cell Structure Relaxation): 8.51816821523e-08 Size:  4
Vacancy Formation Energy (Cell Structure Relaxation): 3.11131316266e-08 Size:  4
Vacancy Formation Energy (Cell Structure Relaxation): 5.17170519743e-08 Size:  4
Vacancy Formation Energy (Cell Structure Relaxation): 4.88396381115e-08 Size:  4
Vacancy Formation Energy (Cell Structure Relaxation): 4.72621195513e-08 Size:  4
Vacancy Formation Energy (Cell Structure Relaxation): 5.47329364053e-08 Size:  4
Vacancy Formation Energy (Cell Structure Relaxation): 2.29583747569e-08 Size:  4
Vacancy Formation Energy (Cell Structure Relaxation): 5.59562067792e-08 Size:  4
Vacancy Formation Energy (Cell Structure Relaxation): 2.1304231268e-08 Size:  4
Vacancy Formation Energy (Cell Structure Relaxation): 5.84057033848e-08 Size:  4
Vacancy Formation Energy (Cell Structure Relaxation): 2.01023340196e-08 Size:  4
Vacancy Formation Energy (Cell Structure Relaxation): 3.62422269973e-08 Size:  4
Vacancy Formation Energy (Cell Structure Relaxation): 2.36032065004e-08 Size:  4
Vacancy Formation Energy (Cell Structure Relaxation): 4.70715804113e-08 Size:  4
Vacancy Formation Energy (Cell Structure Relaxation): 1.60157469509e-08 Size:  4
Vacancy Formation Energy (Cell Structure Relaxation): 2.98757640849e-08 Size:  4
Vacancy Formation Energy (Cell Structure Relaxation): 1.44832483784e-08 Size:  4
Vacancy Formation Energy (Cell Structure Relaxation): 3.07634309138e-08 Size:  4
Vacancy Formation Energy (Cell Structure Relaxation): 1.26090071717e-08 Size:  4
Vacancy Formation Energy (Cell Structure Relaxation): 1.34896254167e-08 Size:  4
Vacancy Formation Energy (Cell Structure Relaxation): 1.25837686937e-08 Size:  4
Vacancy Formation Energy (Cell Structure Relaxation): 1.20680851978e-08 Size:  4
Vacancy Formation Energy (Cell Structure Relaxation): 1.17013314593e-08 Size:  4
Vacancy Formation Energy (Cell Structure Relaxation): 1.1131987776e-08 Size:  4
Vacancy Formation Energy (Cell Structure Relaxation): 1.27924977278e-08 Size:  4
Vacancy Formation Energy (Cell Structure Relaxation): 6.36168806523e-09 Size:  4
Vacancy Formation Energy (Cell Structure Relaxation): 2.09122390515e-08 Size:  4
Vacancy Formation Energy (Cell Structure Relaxation): 5.90330273553e-09 Size:  4
Vacancy Formation Energy (Cell Structure Relaxation): 1.17390754895e-08 Size:  4
Vacancy Formation Energy (Cell Structure Relaxation): 7.29778548703e-09 Size:  4
Vacancy Formation Energy (Cell Structure Relaxation): 1.21910943562e-08 Size:  4
Vacancy Formation Energy (Cell Structure Relaxation): 5.5017608247e-09 Size:  4
Vacancy Formation Energy (Cell Structure Relaxation): 4.45515979663e-09 Size:  4
Vacancy Formation Energy (Cell Structure Relaxation): 6.36055119685e-09 Size:  4
Vacancy Formation Energy (Cell Structure Relaxation): 8.16544343252e-09 Size:  4
Vacancy Formation Energy (Cell Structure Relaxation): 3.11069925374e-09 Size:  4
Vacancy Formation Energy (Cell Structure Relaxation): 3.68413566321e-09 Size:  4
Vacancy Formation Energy (Cell Structure Relaxation): 6.86895873514e-09 Size:  4
Vacancy Formation Energy (Cell Structure Relaxation): 2.75849743048e-09 Size:  4
Vacancy Formation Energy (Cell Structure Relaxation): 5.63727553526e-09 Size:  4
Vacancy Formation Energy (Cell Structure Relaxation): 2.45609044214e-09 Size:  4
Vacancy Formation Energy (Cell Structure Relaxation): 6.05791683483e-09 Size:  4
Vacancy Formation Energy (Cell Structure Relaxation): 1.90516402654e-09 Size:  4
Vacancy Formation Energy (Cell Structure Relaxation): 4.91945684189e-09 Size:  4
Vacancy Formation Energy (Cell Structure Relaxation): 2.29510987992e-09 Size:  4
Vacancy Formation Energy (Cell Structure Relaxation): 3.73120201402e-09 Size:  4
Vacancy Formation Energy (Cell Structure Relaxation): 2.47541720455e-09 Size:  4
Vacancy Formation Energy (Cell Structure Relaxation): 1.98247107619e-09 Size:  4
Vacancy Formation Energy (Cell Structure Relaxation): 2.9119746614e-09 Size:  4
Vacancy Formation Energy (Cell Structure Relaxation): 2.03840500035e-09 Size:  4
Vacancy Formation Energy (Cell Structure Relaxation): 1.51817403093e-09 Size:  4
Vacancy Formation Energy (Cell Structure Relaxation): 2.11207407119e-09 Size:  4
Vacancy Formation Energy (Cell Structure Relaxation): 1.61685420608e-09 Size:  4
Vacancy Formation Energy (Cell Structure Relaxation): 2.20984475163e-09 Size:  4
Vacancy Formation Energy (Cell Structure Relaxation): 1.04978425952e-09 Size:  4
Vacancy Formation Energy (Cell Structure Relaxation): 1.5120349417e-09 Size:  4
Vacancy Formation Energy (Cell Structure Relaxation): 2.4897417461e-09 Size:  4
Vacancy Formation Energy (Cell Structure Relaxation): 1.31967681227e-09 Size:  4
Vacancy Formation Energy (Cell Structure Relaxation): 1.79738890438e-09 Size:  4
Vacancy Formation Energy (Cell Structure Relaxation): 5.82986103836e-10 Size:  4
Vacancy Formation Energy (Cell Structure Relaxation): 1.47747414303e-09 Size:  4
Vacancy Formation Energy (Cell Structure Relaxation): 6.19365891907e-10 Size:  4
Vacancy Formation Energy (Cell Structure Relaxation): 8.0285644799e-10 Size:  4
Vacancy Formation Energy (Cell Structure Relaxation): 1.62935975823e-09 Size:  4
Vacancy Formation Energy (Cell Structure Relaxation): 6.14818418398e-10 Size:  4
Vacancy Formation Energy (Cell Structure Relaxation): 6.24595486443e-10 Size:  4
Vacancy Formation Energy (Cell Structure Relaxation): 1.32104105433e-09 Size:  4
Vacancy Formation Energy (Cell Structure Relaxation): 1.37356437335e-09 Size:  4
Vacancy Formation Energy (Cell Structure Relaxation): 8.45147951622e-10 Size:  4
Vacancy Formation Energy (Cell Structure Relaxation): 5.04996933159e-10 Size:  4
Vacancy Formation Energy (Cell Structure Relaxation): 1.21008270071e-09 Size:  4
Vacancy Formation Energy (Cell Structure Relaxation): 6.64385879645e-10 Size:  4
Vacancy Formation Energy (Cell Structure Relaxation): 7.38737071515e-10 Size:  4
Vacancy Formation Energy (Cell Structure Relaxation): 4.78394213133e-10 Size:  4
Vacancy Formation Energy (Cell Structure Relaxation): 4.62478055852e-10 Size:  4
Optimization terminated successfully.
         Current function value: 0.000000
         Iterations: 97
         Function evaluations: 172
Summary:
Vacancy Formation Energy: 0.0
Unrelaxed Cell Volume: 11622.7678567
Relaxed Cell Volume: 11622.7678567
Relaxation Volume: 0.0
Relaxed Cell Vector:
[ 22.65182448   0.          22.65182448   0.           0.          22.65182448]
Unrelaxed Cell Vector:
[22.651824484959999, 0.0, 22.651824484959999, 0.0, 0.0, 22.651824484959999]
Relaxed Cell:
[[ 22.65182448   0.           0.        ]
 [  0.          22.65182448   0.        ]
 [  0.           0.          22.65182448]]
Unrelaxed Cell:
[[ 22.65182448   0.           0.        ]
 [  0.          22.65182448   0.        ]
 [  0.           0.          22.65182448]]

Supercell Size: 5
Unrelaxed Cell:
[[ 28.31478061   0.           0.        ]
 [  0.          28.31478061   0.        ]
 [  0.           0.          28.31478061]]
Unrelaxed Cell Vector:
[28.314780606199999, 0.0, 28.314780606199999, 0.0, 0.0, 28.314780606199999]
Vacancy Formation Energy (Cell Structure Relaxation): 0.0 Size:  5
Vacancy Formation Energy (Cell Structure Relaxation): 14.5196544644 Size:  5
Vacancy Formation Energy (Cell Structure Relaxation): 2.1317964638e-07 Size:  5
Vacancy Formation Energy (Cell Structure Relaxation): 14.5196544644 Size:  5
Vacancy Formation Energy (Cell Structure Relaxation): 2.1317964638e-07 Size:  5
Vacancy Formation Energy (Cell Structure Relaxation): 2.1317964638e-07 Size:  5
Vacancy Formation Energy (Cell Structure Relaxation): 14.5196544644 Size:  5
Vacancy Formation Energy (Cell Structure Relaxation): 0.903632701643 Size:  5
Vacancy Formation Energy (Cell Structure Relaxation): 7.51174473778 Size:  5
Vacancy Formation Energy (Cell Structure Relaxation): 24.8089340778 Size:  5
Vacancy Formation Energy (Cell Structure Relaxation): 2.64421933079 Size:  5
Vacancy Formation Energy (Cell Structure Relaxation): 9.94196366037 Size:  5
Vacancy Formation Energy (Cell Structure Relaxation): 2.05069390241 Size:  5
Vacancy Formation Energy (Cell Structure Relaxation): 5.58538355388 Size:  5
Vacancy Formation Energy (Cell Structure Relaxation): 0.426518902618 Size:  5
Vacancy Formation Energy (Cell Structure Relaxation): 1.73608589334 Size:  5
Vacancy Formation Energy (Cell Structure Relaxation): 0.386329437992 Size:  5
Vacancy Formation Energy (Cell Structure Relaxation): 3.74206344009 Size:  5
Vacancy Formation Energy (Cell Structure Relaxation): 0.357364234339 Size:  5
Vacancy Formation Energy (Cell Structure Relaxation): 0.337344475482 Size:  5
Vacancy Formation Energy (Cell Structure Relaxation): 0.773169664455 Size:  5
Vacancy Formation Energy (Cell Structure Relaxation): 0.0731643322097 Size:  5
Vacancy Formation Energy (Cell Structure Relaxation): 0.478283229394 Size:  5
Vacancy Formation Energy (Cell Structure Relaxation): 0.136276251539 Size:  5
Vacancy Formation Energy (Cell Structure Relaxation): 0.34131543788 Size:  5
Vacancy Formation Energy (Cell Structure Relaxation): 0.0988516093171 Size:  5
Vacancy Formation Energy (Cell Structure Relaxation): 0.124910347079 Size:  5
Vacancy Formation Energy (Cell Structure Relaxation): 0.0258172617891 Size:  5
Vacancy Formation Energy (Cell Structure Relaxation): 0.15234927941 Size:  5
Vacancy Formation Energy (Cell Structure Relaxation): 0.0215726391034 Size:  5
Vacancy Formation Energy (Cell Structure Relaxation): 0.0647606539496 Size:  5
Vacancy Formation Energy (Cell Structure Relaxation): 0.0167827646319 Size:  5
Vacancy Formation Energy (Cell Structure Relaxation): 0.0395492948364 Size:  5
Vacancy Formation Energy (Cell Structure Relaxation): 0.00548818126163 Size:  5
Vacancy Formation Energy (Cell Structure Relaxation): 0.0232433857136 Size:  5
Vacancy Formation Energy (Cell Structure Relaxation): 0.00573244800307 Size:  5
Vacancy Formation Energy (Cell Structure Relaxation): 0.0153371740626 Size:  5
Vacancy Formation Energy (Cell Structure Relaxation): 0.00381005251757 Size:  5
Vacancy Formation Energy (Cell Structure Relaxation): 0.00854734662971 Size:  5
Vacancy Formation Energy (Cell Structure Relaxation): 0.00141241406345 Size:  5
Vacancy Formation Energy (Cell Structure Relaxation): 0.00529588921427 Size:  5
Vacancy Formation Energy (Cell Structure Relaxation): 0.00153170126669 Size:  5
Vacancy Formation Energy (Cell Structure Relaxation): 0.0038295845784 Size:  5
Vacancy Formation Energy (Cell Structure Relaxation): 0.00108894617097 Size:  5
Vacancy Formation Energy (Cell Structure Relaxation): 0.00134704507173 Size:  5
Vacancy Formation Energy (Cell Structure Relaxation): 0.00149877254262 Size:  5
Vacancy Formation Energy (Cell Structure Relaxation): 0.000410168802773 Size:  5
Vacancy Formation Energy (Cell Structure Relaxation): 0.00140571053998 Size:  5
Vacancy Formation Energy (Cell Structure Relaxation): 0.000376705028884 Size:  5
Vacancy Formation Energy (Cell Structure Relaxation): 0.0010364923528 Size:  5
Vacancy Formation Energy (Cell Structure Relaxation): 0.000286271197183 Size:  5
Vacancy Formation Energy (Cell Structure Relaxation): 0.000374977297724 Size:  5
Vacancy Formation Energy (Cell Structure Relaxation): 0.00040317894809 Size:  5
Vacancy Formation Energy (Cell Structure Relaxation): 0.000110664631848 Size:  5
Vacancy Formation Energy (Cell Structure Relaxation): 0.000357618223006 Size:  5
Vacancy Formation Energy (Cell Structure Relaxation): 9.77243471425e-05 Size:  5
Vacancy Formation Energy (Cell Structure Relaxation): 0.000228363216138 Size:  5
Vacancy Formation Energy (Cell Structure Relaxation): 5.5336299738e-05 Size:  5
Vacancy Formation Energy (Cell Structure Relaxation): 0.000110722096451 Size:  5
Vacancy Formation Energy (Cell Structure Relaxation): 3.01540271721e-05 Size:  5
Vacancy Formation Energy (Cell Structure Relaxation): 9.19299895941e-05 Size:  5
Vacancy Formation Energy (Cell Structure Relaxation): 2.35921761487e-05 Size:  5
Vacancy Formation Energy (Cell Structure Relaxation): 5.06734904775e-05 Size:  5
Vacancy Formation Energy (Cell Structure Relaxation): 1.32804602799e-05 Size:  5
Vacancy Formation Energy (Cell Structure Relaxation): 3.25927603626e-05 Size:  5
Vacancy Formation Energy (Cell Structure Relaxation): 8.07101741884e-06 Size:  5
Vacancy Formation Energy (Cell Structure Relaxation): 2.65004809989e-05 Size:  5
Vacancy Formation Energy (Cell Structure Relaxation): 6.11680616203e-06 Size:  5
Vacancy Formation Energy (Cell Structure Relaxation): 1.17772806334e-05 Size:  5
Vacancy Formation Energy (Cell Structure Relaxation): 3.11853636958e-06 Size:  5
Vacancy Formation Energy (Cell Structure Relaxation): 8.25567894935e-06 Size:  5
Vacancy Formation Energy (Cell Structure Relaxation): 2.26244901569e-06 Size:  5
Vacancy Formation Energy (Cell Structure Relaxation): 5.15928786626e-06 Size:  5
Vacancy Formation Energy (Cell Structure Relaxation): 1.33758385346e-06 Size:  5
Vacancy Formation Energy (Cell Structure Relaxation): 2.96416374113e-06 Size:  5
Vacancy Formation Energy (Cell Structure Relaxation): 8.28870724945e-07 Size:  5
Vacancy Formation Energy (Cell Structure Relaxation): 2.28788348977e-06 Size:  5
Vacancy Formation Energy (Cell Structure Relaxation): 6.42241047899e-07 Size:  5
Vacancy Formation Energy (Cell Structure Relaxation): 1.3046769709e-06 Size:  5
Vacancy Formation Energy (Cell Structure Relaxation): 3.89787601307e-07 Size:  5
Vacancy Formation Energy (Cell Structure Relaxation): 7.03107616573e-07 Size:  5
Vacancy Formation Energy (Cell Structure Relaxation): 2.16461558011e-07 Size:  5
Vacancy Formation Energy (Cell Structure Relaxation): 5.80293544772e-07 Size:  5
Vacancy Formation Energy (Cell Structure Relaxation): 1.78916707227e-07 Size:  5
Vacancy Formation Energy (Cell Structure Relaxation): 3.7869449443e-07 Size:  5
Vacancy Formation Energy (Cell Structure Relaxation): 1.29309682961e-07 Size:  5
Vacancy Formation Energy (Cell Structure Relaxation): 2.14093233808e-07 Size:  5
Vacancy Formation Energy (Cell Structure Relaxation): 8.82332642504e-08 Size:  5
Vacancy Formation Energy (Cell Structure Relaxation): 3.15218585456e-07 Size:  5
Vacancy Formation Energy (Cell Structure Relaxation): 7.76813067205e-08 Size:  5
Vacancy Formation Energy (Cell Structure Relaxation): 2.87365764962e-07 Size:  5
Vacancy Formation Energy (Cell Structure Relaxation): 8.14106897451e-08 Size:  5
Vacancy Formation Energy (Cell Structure Relaxation): 2.5317467589e-07 Size:  5
Vacancy Formation Energy (Cell Structure Relaxation): 8.36294020701e-08 Size:  5
Vacancy Formation Energy (Cell Structure Relaxation): 1.29182353703e-07 Size:  5
Vacancy Formation Energy (Cell Structure Relaxation): 8.30991666589e-08 Size:  5
Vacancy Formation Energy (Cell Structure Relaxation): 1.69391569216e-07 Size:  5
Vacancy Formation Energy (Cell Structure Relaxation): 5.23955350218e-08 Size:  5
Vacancy Formation Energy (Cell Structure Relaxation): 4.44761099061e-08 Size:  5
Vacancy Formation Energy (Cell Structure Relaxation): 7.19687704986e-08 Size:  5
Vacancy Formation Energy (Cell Structure Relaxation): 8.5666670202e-08 Size:  5
Vacancy Formation Energy (Cell Structure Relaxation): 3.89923116018e-08 Size:  5
Vacancy Formation Energy (Cell Structure Relaxation): 7.23339326214e-08 Size:  5
Vacancy Formation Energy (Cell Structure Relaxation): 7.78036337579e-08 Size:  5
Vacancy Formation Energy (Cell Structure Relaxation): 3.41915438185e-08 Size:  5
Vacancy Formation Energy (Cell Structure Relaxation): 7.22484401194e-08 Size:  5
Vacancy Formation Energy (Cell Structure Relaxation): 3.43161445926e-08 Size:  5
Vacancy Formation Energy (Cell Structure Relaxation): 6.18374542682e-08 Size:  5
Vacancy Formation Energy (Cell Structure Relaxation): 2.91420292342e-08 Size:  5
Vacancy Formation Energy (Cell Structure Relaxation): 2.72925717582e-08 Size:  5
Vacancy Formation Energy (Cell Structure Relaxation): 2.8982412914e-08 Size:  5
Vacancy Formation Energy (Cell Structure Relaxation): 1.33704816108e-08 Size:  5
Vacancy Formation Energy (Cell Structure Relaxation): 2.08187884709e-08 Size:  5
Vacancy Formation Energy (Cell Structure Relaxation): 1.80075403478e-08 Size:  5
Vacancy Formation Energy (Cell Structure Relaxation): 3.11629264615e-08 Size:  5
Vacancy Formation Energy (Cell Structure Relaxation): 9.93577486952e-09 Size:  5
Vacancy Formation Energy (Cell Structure Relaxation): 3.74611772713e-08 Size:  5
Vacancy Formation Energy (Cell Structure Relaxation): 9.13905751077e-09 Size:  5
Vacancy Formation Energy (Cell Structure Relaxation): 2.91579453915e-08 Size:  5
Vacancy Formation Energy (Cell Structure Relaxation): 1.02477315522e-08 Size:  5
Vacancy Formation Energy (Cell Structure Relaxation): 1.68324731931e-08 Size:  5
Vacancy Formation Energy (Cell Structure Relaxation): 2.18406057684e-08 Size:  5
Vacancy Formation Energy (Cell Structure Relaxation): 8.05812305771e-09 Size:  5
Vacancy Formation Energy (Cell Structure Relaxation): 1.86551005754e-08 Size:  5
Vacancy Formation Energy (Cell Structure Relaxation): 8.23911250336e-09 Size:  5
Vacancy Formation Energy (Cell Structure Relaxation): 1.01954356069e-08 Size:  5
Vacancy Formation Energy (Cell Structure Relaxation): 7.48150341678e-09 Size:  5
Vacancy Formation Energy (Cell Structure Relaxation): 1.33823050419e-08 Size:  5
Vacancy Formation Energy (Cell Structure Relaxation): 3.95539245801e-09 Size:  5
Vacancy Formation Energy (Cell Structure Relaxation): 5.98811311647e-09 Size:  5
Vacancy Formation Energy (Cell Structure Relaxation): 8.52014636621e-09 Size:  5
Vacancy Formation Energy (Cell Structure Relaxation): 4.07726474805e-09 Size:  5
Vacancy Formation Energy (Cell Structure Relaxation): 3.03953129333e-09 Size:  5
Vacancy Formation Energy (Cell Structure Relaxation): 6.81666278979e-09 Size:  5
Vacancy Formation Energy (Cell Structure Relaxation): 4.30600266554e-09 Size:  5
Vacancy Formation Energy (Cell Structure Relaxation): 6.67614585836e-09 Size:  5
Vacancy Formation Energy (Cell Structure Relaxation): 4.06816980103e-09 Size:  5
Vacancy Formation Energy (Cell Structure Relaxation): 2.35104380408e-09 Size:  5
Vacancy Formation Energy (Cell Structure Relaxation): 4.26507540396e-09 Size:  5
Vacancy Formation Energy (Cell Structure Relaxation): 1.5647856344e-09 Size:  5
Vacancy Formation Energy (Cell Structure Relaxation): 2.43380782194e-09 Size:  5
Vacancy Formation Energy (Cell Structure Relaxation): 2.26009433391e-09 Size:  5
Vacancy Formation Energy (Cell Structure Relaxation): 2.81079337583e-09 Size:  5
Vacancy Formation Energy (Cell Structure Relaxation): 5.21367837791e-09 Size:  5
Vacancy Formation Energy (Cell Structure Relaxation): 2.30784280575e-09 Size:  5
Vacancy Formation Energy (Cell Structure Relaxation): 3.23370841215e-09 Size:  5
Vacancy Formation Energy (Cell Structure Relaxation): 1.39607436722e-09 Size:  5
Vacancy Formation Energy (Cell Structure Relaxation): 4.5656634029e-10 Size:  5
Vacancy Formation Energy (Cell Structure Relaxation): 2.45245246333e-09 Size:  5
Vacancy Formation Energy (Cell Structure Relaxation): 8.24002199806e-10 Size:  5
Vacancy Formation Energy (Cell Structure Relaxation): 8.5174178821e-10 Size:  5
Vacancy Formation Energy (Cell Structure Relaxation): 1.85764292837e-09 Size:  5
Vacancy Formation Energy (Cell Structure Relaxation): -2.05818651011e-09 Size:  5
Vacancy Formation Energy (Cell Structure Relaxation): -8.50377546158e-11 Size:  5
Vacancy Formation Energy (Cell Structure Relaxation): 6.73935574014e-10 Size:  5
Vacancy Formation Energy (Cell Structure Relaxation): -2.23371898755e-09 Size:  5
Vacancy Formation Energy (Cell Structure Relaxation): 2.93266566587e-09 Size:  5
Vacancy Formation Energy (Cell Structure Relaxation): 2.85353962681e-09 Size:  5
Vacancy Formation Energy (Cell Structure Relaxation): -1.17097442853e-09 Size:  5
Vacancy Formation Energy (Cell Structure Relaxation): -5.52063283976e-10 Size:  5
Vacancy Formation Energy (Cell Structure Relaxation): 5.09317032993e-11 Size:  5
Vacancy Formation Energy (Cell Structure Relaxation): -1.68711267179e-10 Size:  5
Vacancy Formation Energy (Cell Structure Relaxation): 1.23509380501e-09 Size:  5
Vacancy Formation Energy (Cell Structure Relaxation): 6.59383658785e-11 Size:  5
Vacancy Formation Energy (Cell Structure Relaxation): -5.47970557818e-10 Size:  5
Vacancy Formation Energy (Cell Structure Relaxation): -1.027729013e-10 Size:  5
Vacancy Formation Energy (Cell Structure Relaxation): -2.8740032576e-10 Size:  5
Vacancy Formation Energy (Cell Structure Relaxation): -2.73530531558e-09 Size:  5
Vacancy Formation Energy (Cell Structure Relaxation): -2.37514541368e-09 Size:  5
Vacancy Formation Energy (Cell Structure Relaxation): -1.32558852783e-09 Size:  5
Vacancy Formation Energy (Cell Structure Relaxation): -9.15406417334e-10 Size:  5
Vacancy Formation Energy (Cell Structure Relaxation): -1.45382728078e-09 Size:  5
Vacancy Formation Energy (Cell Structure Relaxation): 1.33832145366e-09 Size:  5
Vacancy Formation Energy (Cell Structure Relaxation): -5.46606315766e-10 Size:  5
Vacancy Formation Energy (Cell Structure Relaxation): 4.73391992273e-10 Size:  5
Vacancy Formation Energy (Cell Structure Relaxation): 4.80667949887e-10 Size:  5
Vacancy Formation Energy (Cell Structure Relaxation): -1.41062628245e-09 Size:  5
Vacancy Formation Energy (Cell Structure Relaxation): -8.73114913702e-10 Size:  5
Vacancy Formation Energy (Cell Structure Relaxation): -1.97951521841e-09 Size:  5
Vacancy Formation Energy (Cell Structure Relaxation): 7.95807864051e-11 Size:  5
Vacancy Formation Energy (Cell Structure Relaxation): 1.79170456249e-10 Size:  5
Vacancy Formation Energy (Cell Structure Relaxation): -2.27282725973e-09 Size:  5
Optimization terminated successfully.
         Current function value: -0.000000
         Iterations: 100
         Function evaluations: 182
Summary:
Vacancy Formation Energy: -2.73530531558e-09
Unrelaxed Cell Volume: 22700.7184701
Relaxed Cell Volume: 22700.7211807
Relaxation Volume: -0.00271055347548
Relaxed Cell Vector:
[  2.83147813e+01  -3.18800545e-06   2.83147853e+01  -8.69706052e-06
  -1.01427676e-05   2.83147786e+01]
Unrelaxed Cell Vector:
[28.314780606199999, 0.0, 28.314780606199999, 0.0, 0.0, 28.314780606199999]
Relaxed Cell:
[[  2.83147813e+01   0.00000000e+00   0.00000000e+00]
 [ -3.18800545e-06   2.83147853e+01   0.00000000e+00]
 [ -8.69706052e-06  -1.01427676e-05   2.83147786e+01]]
Unrelaxed Cell:
[[ 28.31478061   0.           0.        ]
 [  0.          28.31478061   0.        ]
 [  0.           0.          28.31478061]]

[Calculation Results Summary]
Sizes: [3, 4, 5]
Formation Energy By Size:
[-1.3312728697201237e-10, 0.0, -2.7353053155820817e-09]
Relaxation Volume By Size:
[-5.0226844905409962e-06, 0.0, -0.0027105534754809923]

[Extrapolation]
Fitting with 2 points, including orders [0, 3]
Fit with data beginning 0

Fit with Size: [3 4]
Orders: [0, 3]
Matrix A (Ax = y):
[[ 1.          0.03703704]
 [ 1.          0.015625  ]]
Data for Fitting: [ -1.33127287e-10   0.00000000e+00]
Fitting Results: (array([  9.71469391e-11,  -6.21740411e-09]), array([], dtype=float64), 2, array([ 1.41470379,  0.01513535]))

Fit with Size: [3 4]
Orders: [0, 3]
Matrix A (Ax = y):
[[ 1.          0.03703704]
 [ 1.          0.015625  ]]
Data for Fitting: [ -5.02268449e-06   0.00000000e+00]
Fitting Results: (array([  3.66520220e-06,  -2.34572941e-04]), array([], dtype=float64), 2, array([ 1.41470379,  0.01513535]))
Fit with data beginning 1

Fit with Size: [4 5]
Orders: [0, 3]
Matrix A (Ax = y):
[[ 1.        0.015625]
 [ 1.        0.008   ]]
Data for Fitting: [  0.00000000e+00  -2.73530532e-09]
Fitting Results: (array([ -5.60513384e-09,   3.58728566e-07]), array([], dtype=float64), 2, array([ 1.41431223,  0.00539131]))

Fit with Size: [4 5]
Orders: [0, 3]
Matrix A (Ax = y):
[[ 1.        0.015625]
 [ 1.        0.008   ]]
Data for Fitting: [ 0.         -0.00271055]
Fitting Results: (array([-0.00555441,  0.35548242]), array([], dtype=float64), 2, array([ 1.41431223,  0.00539131]))
Fitting with 3 points, including orders [0, 3]
Fit with data beginning 0

Fit with Size: [3 4 5]
Orders: [0, 3]
Matrix A (Ax = y):
[[ 1.          0.03703704]
 [ 1.          0.015625  ]
 [ 1.          0.008     ]]
Data for Fitting: [ -1.33127287e-10   0.00000000e+00  -2.73530532e-09]
Fitting Results: (array([ -2.34753290e-09,   6.88101869e-08]), array([  2.61089137e-18]), 2, array([ 1.73240492,  0.02128544]))

Fit with Size: [3 4 5]
Orders: [0, 3]
Matrix A (Ax = y):
[[ 1.          0.03703704]
 [ 1.          0.015625  ]
 [ 1.          0.008     ]]
Data for Fitting: [ -5.02268449e-06   0.00000000e+00  -2.71055348e-03]
Fitting Results: (array([-0.00237919,  0.07289567]), array([  2.48050947e-06]), 2, array([ 1.73240492,  0.02128544]))
Fitting with 3 points, including orders [0, 3, 4]
Fit with data beginning 0

Fit with Size: [3 4 5]
Orders: [0, 3, 4]
Matrix A (Ax = y):
[[ 1.          0.03703704  0.01234568]
 [ 1.          0.015625    0.00390625]
 [ 1.          0.008       0.0016    ]]
Data for Fitting: [ -1.33127287e-10   0.00000000e+00  -2.73530532e-09]
Fitting Results: (array([ -8.86777903e-09,   1.56264464e-06,  -3.98042713e-06]), array([], dtype=float64), 3, array([  1.73243559e+00,   2.27351353e-02,   3.80051182e-04]))

Fit with Size: [3 4 5]
Orders: [0, 3, 4]
Matrix A (Ax = y):
[[ 1.          0.03703704  0.01234568]
 [ 1.          0.015625    0.00390625]
 [ 1.          0.008       0.0016    ]]
Data for Fitting: [ -5.02268449e-06   0.00000000e+00  -2.71055348e-03]
Fitting Results: (array([-0.00873455,  1.52895314, -3.87976769]), array([], dtype=float64), 3, array([  1.73243559e+00,   2.27351353e-02,   3.80051182e-04]))
Fitting with 3 points, including orders [0, 3, 5]
Fit with data beginning 0

Fit with Size: [3 4 5]
Orders: [0, 3, 5]
Matrix A (Ax = y):
[[  1.00000000e+00   3.70370370e-02   4.11522634e-03]
 [  1.00000000e+00   1.56250000e-02   9.76562500e-04]
 [  1.00000000e+00   8.00000000e-03   3.20000000e-04]]
Data for Fitting: [ -1.33127287e-10   0.00000000e+00  -2.73530532e-09]
Fitting Results: (array([ -7.83093946e-09,   8.78330521e-07,  -6.03440633e-06]), array([], dtype=float64), 3, array([  1.73240774e+00,   2.14761184e-02,   2.65390853e-04]))

Fit with Size: [3 4 5]
Orders: [0, 3, 5]
Matrix A (Ax = y):
[[  1.00000000e+00   3.70370370e-02   4.11522634e-03]
 [  1.00000000e+00   1.56250000e-02   9.76562500e-04]
 [  1.00000000e+00   8.00000000e-03   3.20000000e-04]]
Data for Fitting: [ -5.02268449e-06   0.00000000e+00  -2.71055348e-03]
Fitting Results: (array([-0.00772393,  0.86194437, -5.88180462]), array([], dtype=float64), 3, array([  1.73240774e+00,   2.14761184e-02,   2.65390853e-04]))
Fitting with 3 points, including orders [0, 3, 6]
Fit with data beginning 0

Fit with Size: [3 4 5]
Orders: [0, 3, 6]
Matrix A (Ax = y):
[[  1.00000000e+00   3.70370370e-02   1.37174211e-03]
 [  1.00000000e+00   1.56250000e-02   2.44140625e-04]
 [  1.00000000e+00   8.00000000e-03   6.40000000e-05]]
Data for Fitting: [ -1.33127287e-10   0.00000000e+00  -2.73530532e-09]
Fitting Results: (array([ -7.17617039e-09,   6.55654472e-07,  -1.25682923e-05]), array([], dtype=float64), 3, array([  1.73240519e+00,   2.13086278e-02,   1.28423698e-04]))

Fit with Size: [3 4 5]
Orders: [0, 3, 6]
Matrix A (Ax = y):
[[  1.00000000e+00   3.70370370e-02   1.37174211e-03]
 [  1.00000000e+00   1.56250000e-02   2.44140625e-04]
 [  1.00000000e+00   8.00000000e-03   6.40000000e-05]]
Data for Fitting: [ -5.02268449e-06   0.00000000e+00  -2.71055348e-03]
Fitting Results: (array([ -7.08572008e-03,   6.44899488e-01,  -1.22504578e+01]), array([], dtype=float64), 3, array([  1.73240519e+00,   2.13086278e-02,   1.28423698e-04]))

[Fitting Results Summary]
Sizes: [3, 4, 5]
Data Points Used: [2, 3, 3, 3, 3]
Orders Included:
[[0, 3] [0, 3] [0, 3, 4] [0, 3, 5] [0, 3, 6]]
Formation Energy Fits By Size:
[[9.7146939141738812e-11, -5.6051338434059023e-09]
 [-2.3475329022396136e-09] [-8.8677790334202849e-09]
 [-7.8309394575365754e-09] [-7.1761703855361487e-09]]
Relaxation Volume Fits By Size:
[[3.665202195800187e-06, -0.0055544128595921942] [-0.0023791920987044878]
 [-0.0087345503073162616] [-0.0077239309569064234] [-0.0070857200806968305]]

[Final Results]
[
    {
        "property-id" "tag:staff@noreply.openkim.org,2015-07-28:property/monovacancy-neutral-relaxed-formation-potential-energy-crystal-npt" 
        "instance-id" 1 
        "relaxed-formation-potential-energy" {
            "source-value" -5.6051338434059023e-09 
            "source-unit" "eV" 
            "source-std-uncert-value" 3.262646336613755e-09
        } 
        "host-cauchy-stress" {
            "source-value" [
                0 
                0 
                0 
                0 
                0 
                0
            ] 
            "source-unit" "GPa"
        } 
        "host-removed-atom" {
            "source-value" 1
        } 
        "host-short-name" {
            "source-value" [
                "diamond"
            ]
        } 
        "host-a" {
            "source-value" 5.6629561212399997 
            "source-unit" "angstrom"
        } 
        "host-b" {
            "source-value" 5.6629561212399997 
            "source-unit" "angstrom"
        } 
        "host-c" {
            "source-value" 5.6629561212399997 
            "source-unit" "angstrom"
        } 
        "host-alpha" {
            "source-value" 90.0 
            "source-unit" "degree"
        } 
        "host-beta" {
            "source-value" 90.0 
            "source-unit" "degree"
        } 
        "host-gamma" {
            "source-value" 90.0 
            "source-unit" "degree"
        } 
        "host-space-group" {
            "source-value" "Fd-3m"
        } 
        "host-wyckoff-multiplicity-and-letter" {
            "source-value" [
                "8a"
            ]
        } 
        "host-wyckoff-coordinates" {
            "source-value" [
                [
                    0.0 
                    0.0 
                    0.0
                ]
            ]
        } 
        "host-wyckoff-species" {
            "source-value" [
                "Al"
            ]
        } 
        "reservoir-cohesive-potential-energy" {
            "source-value" -24.200909234966584 
            "source-unit" "eV"
        } 
        "reservoir-short-name" {
            "source-value" [
                "diamond"
            ]
        } 
        "reservoir-cauchy-stress" {
            "source-value" [
                0.0 
                0.0 
                0.0 
                0.0 
                0.0 
                0.0
            ] 
            "source-unit" "GPa"
        } 
        "reservoir-a" {
            "source-value" 5.6629561212399997 
            "source-unit" "angstrom"
        } 
        "reservoir-b" {
            "source-value" 5.6629561212399997 
            "source-unit" "angstrom"
        } 
        "reservoir-c" {
            "source-value" 5.6629561212399997 
            "source-unit" "angstrom"
        } 
        "reservoir-alpha" {
            "source-value" 90.0 
            "source-unit" "degree"
        } 
        "reservoir-beta" {
            "source-value" 90.0 
            "source-unit" "degree"
        } 
        "reservoir-gamma" {
            "source-value" 90.0 
            "source-unit" "degree"
        } 
        "reservoir-space-group" {
            "source-value" "Fd-3m"
        } 
        "reservoir-wyckoff-multiplicity-and-letter" {
            "source-value" [
                "8a"
            ]
        } 
        "reservoir-wyckoff-coordinates" {
            "source-value" [
                [
                    0.0 
                    0.0 
                    0.0
                ]
            ]
        } 
        "reservoir-wyckoff-species" {
            "source-value" [
                "Al"
            ]
        }
    } 
    {
        "property-id" "tag:staff@noreply.openkim.org,2015-07-28:property/monovacancy-neutral-relaxation-volume-crystal-npt" 
        "instance-id" 2 
        "relaxation-volume" {
            "source-value" -0.0055544128595921942 
            "source-unit" "angstrom^3" 
            "source-std-uncert-value" 0.2270294588377085
        } 
        "host-cauchy-stress" {
            "source-value" [
                0 
                0 
                0 
                0 
                0 
                0
            ] 
            "source-unit" "GPa"
        } 
        "host-removed-atom" {
            "source-value" 1
        } 
        "host-short-name" {
            "source-value" [
                "diamond"
            ]
        } 
        "host-a" {
            "source-value" 5.6629561212399997 
            "source-unit" "angstrom"
        } 
        "host-b" {
            "source-value" 5.6629561212399997 
            "source-unit" "angstrom"
        } 
        "host-c" {
            "source-value" 5.6629561212399997 
            "source-unit" "angstrom"
        } 
        "host-alpha" {
            "source-value" 90.0 
            "source-unit" "degree"
        } 
        "host-beta" {
            "source-value" 90.0 
            "source-unit" "degree"
        } 
        "host-gamma" {
            "source-value" 90.0 
            "source-unit" "degree"
        } 
        "host-space-group" {
            "source-value" "Fd-3m"
        } 
        "host-wyckoff-multiplicity-and-letter" {
            "source-value" [
                "8a"
            ]
        } 
        "host-wyckoff-coordinates" {
            "source-value" [
                [
                    0.0 
                    0.0 
                    0.0
                ]
            ]
        } 
        "host-wyckoff-species" {
            "source-value" [
                "Al"
            ]
        }
    }
]
