Imported bulk from ase.lattice
Parameters Input: Ni fcc LennardJones612_UniversalShifted__MO_959249795837_001 [5.91361863397]
CELL_SIZE_MIN: 4
CELL_SIZE_MAX: 6
Smallest System Size: 256
Largest System Size: 864
Model Cutoff: 8.83772

[Calculation]

Supercell Size: 4
Unrelaxed Cell:
[[ 23.65447454   0.           0.        ]
 [  0.          23.65447454   0.        ]
 [  0.           0.          23.65447454]]
Unrelaxed Cell Vector:
[23.654474535879999, 0.0, 23.654474535879999, 0.0, 0.0, 23.654474535879999]
==========
Loop: 0
Position Relaxation...
FIRE:   0  16:28:16     -297.289372       0.2480
FIRE:   1  16:28:16     -297.296841       0.2515
FIRE:   2  16:28:16     -297.312200       0.2585
FIRE:   3  16:28:16     -297.336317       0.2692
FIRE:   4  16:28:16     -297.370559       0.2836
FIRE:   5  16:28:16     -297.416875       0.3020
FIRE:   6  16:28:16     -297.477921       0.3245
FIRE:   7  16:28:16     -297.557228       0.3516
FIRE:   8  16:28:16     -297.672005       0.3872
FIRE:   9  16:28:16     -297.841722       0.4343
FIRE:  10  16:28:16     -298.099661       0.4972
FIRE:  11  16:28:16     -298.484841       0.5787
FIRE:  12  16:28:16     -298.936401       0.6635
FIRE:  13  16:28:16     -299.458306       0.7503
FIRE:  14  16:28:16     -300.056544       0.8417
FIRE:  15  16:28:16     -300.738329       0.9391
FIRE:  16  16:28:16     -301.512154       1.0438
FIRE:  17  16:28:16     -302.387891       1.1575
FIRE:  18  16:28:16     -303.378036       1.2842
FIRE:  19  16:28:16     -304.494693       1.4207
FIRE:  20  16:28:16     -305.751823       1.5709
FIRE:  21  16:28:16     -307.164966       1.7356
FIRE:  22  16:28:16     -308.751098       1.9184
FIRE:  23  16:28:16     -310.525478       2.1103
FIRE:  24  16:28:16     -312.498646       2.3087
FIRE:  25  16:28:16     -314.675909       2.5060
FIRE:  26  16:28:16     -317.042052       2.6690
FIRE:  27  16:28:16     -319.551907       2.7593
FIRE:  28  16:28:16     -322.105794       2.7039
FIRE:  29  16:28:16     -324.507219       2.3643
FIRE:  30  16:28:17     -326.396197       1.5198
FIRE:  31  16:28:17     -327.159563       0.6042
FIRE:  32  16:28:17     -327.781920       0.7323
FIRE:  33  16:28:17     -328.643533       0.6885
FIRE:  34  16:28:17     -329.483719       0.7340
FIRE:  35  16:28:17     -330.393106       0.7809
FIRE:  36  16:28:17     -331.394266       0.8244
FIRE:  37  16:28:17     -332.440398       0.8676
FIRE:  38  16:28:17     -333.541747       0.9143
FIRE:  39  16:28:17     -334.720905       0.9572
FIRE:  40  16:28:17     -335.974241       1.0008
FIRE:  41  16:28:17     -337.295438       1.0426
FIRE:  42  16:28:17     -338.685822       1.0839
FIRE:  43  16:28:17     -340.153508       1.1275
FIRE:  44  16:28:17     -341.705342       1.1687
FIRE:  45  16:28:17     -343.342032       1.2100
FIRE:  46  16:28:17     -345.065938       1.2906
FIRE:  47  16:28:17     -346.882355       1.3860
FIRE:  48  16:28:17     -348.796576       1.4904
FIRE:  49  16:28:17     -350.815033       1.6044
Steps Limit Exceeded. Structure Maybe Unstable.
Relaxation Completed. Steps: 50
Cell Size Relaxation...
Optimization terminated successfully.
         Current function value: -1033.666947
         Iterations: 248
         Function evaluations: 510
Current VFE: -1033.66694696
Energy of Supercell: -299.630232942
Unrelaxed Cell Volume: 13235.4866714
Current Relaxed Cell Volume: 5429.54787605
Current Relaxation Volume: 7805.93879534
Current Cell:
[[  9.98667147e+00   0.00000000e+00   0.00000000e+00]
 [  3.49367007e-04   2.33169509e+01   0.00000000e+00]
 [  1.04725790e-03   7.31341059e-04   2.33169180e+01]]
System Collapsed. Volume significantly changed.
