Imported bulk from ase.lattice
Parameters Input: Al fcc EAM_Dynamo_Mishin_Farkas_Al__MO_651801486679_001 [4.0500047]
CELL_SIZE_MIN: 4
CELL_SIZE_MAX: 6
Smallest System Size: 256
Largest System Size: 864
Model Cutoff: 6.28721

[Calculation]

Supercell Size: 4
Unrelaxed Cell:
[[ 16.2000188   0.          0.       ]
 [  0.         16.2000188   0.       ]
 [  0.          0.         16.2000188]]
Unrelaxed Cell Vector:
[16.200018799999999, 0.0, 16.200018799999999, 0.0, 0.0, 16.200018799999999]
==========
Loop: 0
Position Relaxation...
Relaxation Completed. Steps: 103
Cell Size Relaxation...
Optimization terminated successfully.
         Current function value: 0.673735
         Iterations: 295
         Function evaluations: 552
Current VFE: 0.673735020361
Energy of Supercell: -860.159996975
Unrelaxed Cell Volume: 4251.54280163
Current Relaxed Cell Volume: 4243.34095356
Current Relaxation Volume: 8.20184806899
Current Cell:
[[  1.61895944e+01   0.00000000e+00   0.00000000e+00]
 [  3.89966060e-05   1.61895958e+01   0.00000000e+00]
 [  2.31997062e-05   4.69807099e-05   1.61895939e+01]]
==========
Loop: 1
Position Relaxation...
Relaxation Completed. Steps: 68
Cell Size Relaxation...
Optimization terminated successfully.
         Current function value: 0.673729
         Iterations: 294
         Function evaluations: 556
Current VFE: 0.673728976197
Energy of Supercell: -860.159996975
Unrelaxed Cell Volume: 4251.54280163
Current Relaxed Cell Volume: 4243.32855333
Current Relaxation Volume: 8.21424830475
Current Cell:
[[  1.61895791e+01   0.00000000e+00   0.00000000e+00]
 [ -4.53998964e-06   1.61895789e+01   0.00000000e+00]
 [  1.10191654e-05   3.42622049e-07   1.61895787e+01]]
==========
Loop: 2
Position Relaxation...
Relaxation Completed. Steps: 15
Cell Size Relaxation...
Optimization terminated successfully.
         Current function value: 0.673729
         Iterations: 130
         Function evaluations: 302
Current VFE: 0.673728976163
Energy of Supercell: -860.159996975
Unrelaxed Cell Volume: 4251.54280163
Current Relaxed Cell Volume: 4243.32854446
Current Relaxation Volume: 8.21425717011
Current Cell:
[[  1.61895792e+01   0.00000000e+00   0.00000000e+00]
 [ -4.57712434e-06   1.61895789e+01   0.00000000e+00]
 [  1.10459777e-05   3.40466212e-07   1.61895786e+01]]
==========
Loop: 3
Position Relaxation...
Relaxation Completed. Steps: 0
Cell Size Relaxation...
Optimization terminated successfully.
         Current function value: 0.673729
         Iterations: 134
         Function evaluations: 304
---------------
Calculation Completed.
Number Of Atoms in Supercell: 256
Vacancy Formation Energy: 0.673728976163
Unrelaxed Cell Volume: 4251.54280163
Relaxed Cell Volume: 4243.32854446
Relaxation Volume: 8.21425717011
Relaxed Cell Vector:
[16.189579202365245, -4.577124335481885e-06, 16.189578903348625, 1.1045977662059279e-05, 3.4046621166843345e-07, 16.18957862526478]
Unrelaxed Cell Vector:
[16.200018799999999, 0.0, 16.200018799999999, 0.0, 0.0, 16.200018799999999]
Relaxed Cell:
[[  1.61895792e+01   0.00000000e+00   0.00000000e+00]
 [ -4.57712434e-06   1.61895789e+01   0.00000000e+00]
 [  1.10459777e-05   3.40466212e-07   1.61895786e+01]]
Unrelaxed Cell:
[[ 16.2000188   0.          0.       ]
 [  0.         16.2000188   0.       ]
 [  0.          0.         16.2000188]]

Supercell Size: 5
Unrelaxed Cell:
[[ 20.2500235   0.          0.       ]
 [  0.         20.2500235   0.       ]
 [  0.          0.         20.2500235]]
Unrelaxed Cell Vector:
[20.250023499999998, 0.0, 20.250023499999998, 0.0, 0.0, 20.250023499999998]
==========
Loop: 0
Position Relaxation...
Relaxation Completed. Steps: 116
Cell Size Relaxation...
Optimization terminated successfully.
         Current function value: 0.674411
         Iterations: 327
         Function evaluations: 610
Current VFE: 0.674410717226
Energy of Supercell: -1679.99999409
Unrelaxed Cell Volume: 8303.79453444
Current Relaxed Cell Volume: 8295.59989025
Current Relaxation Volume: 8.19464418632
Current Cell:
[[  2.02433611e+01   0.00000000e+00   0.00000000e+00]
 [  2.38814132e-05   2.02433612e+01   0.00000000e+00]
 [  3.46418606e-05   3.27693979e-05   2.02433577e+01]]
==========
Loop: 1
Position Relaxation...
Relaxation Completed. Steps: 58
Cell Size Relaxation...
Optimization terminated successfully.
         Current function value: 0.674409
         Iterations: 170
         Function evaluations: 361
Current VFE: 0.674409122228
Energy of Supercell: -1679.99999409
Unrelaxed Cell Volume: 8303.79453444
Current Relaxed Cell Volume: 8295.59381418
Current Relaxation Volume: 8.20072026215
Current Cell:
[[  2.02433536e+01   0.00000000e+00   0.00000000e+00]
 [  2.43196659e-05   2.02433533e+01   0.00000000e+00]
 [  3.09448657e-05   3.41971506e-05   2.02433583e+01]]
==========
Loop: 2
Position Relaxation...
Relaxation Completed. Steps: 5
Cell Size Relaxation...
Optimization terminated successfully.
         Current function value: 0.674409
         Iterations: 229
         Function evaluations: 436
Current VFE: 0.674409116805
Energy of Supercell: -1679.99999409
Unrelaxed Cell Volume: 8303.79453444
Current Relaxed Cell Volume: 8295.59396951
Current Relaxation Volume: 8.20056492971
Current Cell:
[[  2.02433552e+01   0.00000000e+00   0.00000000e+00]
 [  4.15999830e-06   2.02433554e+01   0.00000000e+00]
 [ -4.89756266e-06   1.73813777e-06   2.02433550e+01]]
==========
Loop: 3
Position Relaxation...
Relaxation Completed. Steps: 11
Cell Size Relaxation...
Optimization terminated successfully.
         Current function value: 0.674409
         Iterations: 120
         Function evaluations: 294
Current VFE: 0.674409116799
Energy of Supercell: -1679.99999409
Unrelaxed Cell Volume: 8303.79453444
Current Relaxed Cell Volume: 8295.59382666
Current Relaxation Volume: 8.2007077808
Current Cell:
[[  2.02433557e+01   0.00000000e+00   0.00000000e+00]
 [  4.26108047e-06   2.02433542e+01   0.00000000e+00]
 [ -4.93979088e-06   1.79965342e-06   2.02433554e+01]]
==========
Loop: 4
Position Relaxation...
Relaxation Completed. Steps: 0
Cell Size Relaxation...
Optimization terminated successfully.
         Current function value: 0.674409
         Iterations: 103
         Function evaluations: 267
---------------
Calculation Completed.
Number Of Atoms in Supercell: 500
Vacancy Formation Energy: 0.674409116799
Unrelaxed Cell Volume: 8303.79453444
Relaxed Cell Volume: 8295.59382666
Relaxation Volume: 8.2007077808
Relaxed Cell Vector:
[20.24335573010491, 4.2610804720178115e-06, 20.243354159910517, -4.939790884870135e-06, 1.799653415684626e-06, 20.243355391617737]
Unrelaxed Cell Vector:
[20.250023499999998, 0.0, 20.250023499999998, 0.0, 0.0, 20.250023499999998]
Relaxed Cell:
[[  2.02433557e+01   0.00000000e+00   0.00000000e+00]
 [  4.26108047e-06   2.02433542e+01   0.00000000e+00]
 [ -4.93979088e-06   1.79965342e-06   2.02433554e+01]]
Unrelaxed Cell:
[[ 20.2500235   0.          0.       ]
 [  0.         20.2500235   0.       ]
 [  0.          0.         20.2500235]]

Supercell Size: 6
Unrelaxed Cell:
[[ 24.3000282   0.          0.       ]
 [  0.         24.3000282   0.       ]
 [  0.          0.         24.3000282]]
Unrelaxed Cell Vector:
[24.3000282, 0.0, 24.3000282, 0.0, 0.0, 24.3000282]
==========
Loop: 0
Position Relaxation...
Relaxation Completed. Steps: 122
Cell Size Relaxation...
Optimization terminated successfully.
         Current function value: 0.674723
         Iterations: 251
         Function evaluations: 497
Current VFE: 0.674723350498
Energy of Supercell: -2903.03998979
Unrelaxed Cell Volume: 14348.9569555
Current Relaxed Cell Volume: 14340.7664796
Current Relaxation Volume: 8.19047592619
Current Cell:
[[  2.42954013e+01   0.00000000e+00   0.00000000e+00]
 [  7.10910969e-05   2.42954044e+01   0.00000000e+00]
 [  3.76385333e-05   1.75626461e-05   2.42954056e+01]]
==========
Loop: 1
Position Relaxation...
Relaxation Completed. Steps: 62
Cell Size Relaxation...
Optimization terminated successfully.
         Current function value: 0.674723
         Iterations: 185
         Function evaluations: 397
Current VFE: 0.674722801612
Energy of Supercell: -2903.03998979
Unrelaxed Cell Volume: 14348.9569555
Current Relaxed Cell Volume: 14340.7613117
Current Relaxation Volume: 8.19564381377
Current Cell:
[[  2.42954016e+01   0.00000000e+00   0.00000000e+00]
 [  4.98556521e-06   2.42954005e+01   0.00000000e+00]
 [  2.80177844e-05   2.86248676e-05   2.42954005e+01]]
==========
Loop: 2
Position Relaxation...
Relaxation Completed. Steps: 14
Cell Size Relaxation...
Optimization terminated successfully.
         Current function value: 0.674723
         Iterations: 132
         Function evaluations: 314
Current VFE: 0.674722801646
Energy of Supercell: -2903.03998979
Unrelaxed Cell Volume: 14348.9569555
Current Relaxed Cell Volume: 14340.7611
Current Relaxation Volume: 8.19585555426
Current Cell:
[[  2.42954012e+01   0.00000000e+00   0.00000000e+00]
 [  5.20816122e-06   2.42954016e+01   0.00000000e+00]
 [  2.77579332e-05   2.89394577e-05   2.42953995e+01]]
==========
Loop: 3
Position Relaxation...
Relaxation Completed. Steps: 0
Cell Size Relaxation...
Optimization terminated successfully.
         Current function value: 0.674723
         Iterations: 200
         Function evaluations: 414
---------------
Calculation Completed.
Number Of Atoms in Supercell: 864
Vacancy Formation Energy: 0.674722801646
Unrelaxed Cell Volume: 14348.9569555
Relaxed Cell Volume: 14340.7611
Relaxation Volume: 8.19585555426
Relaxed Cell Vector:
[24.29540118807371, 5.208161217201725e-06, 24.29540156228574, 2.7757933228638944e-05, 2.8939457724163455e-05, 24.29539948505645]
Unrelaxed Cell Vector:
[24.3000282, 0.0, 24.3000282, 0.0, 0.0, 24.3000282]
Relaxed Cell:
[[  2.42954012e+01   0.00000000e+00   0.00000000e+00]
 [  5.20816122e-06   2.42954016e+01   0.00000000e+00]
 [  2.77579332e-05   2.89394577e-05   2.42953995e+01]]
Unrelaxed Cell:
[[ 24.3000282   0.          0.       ]
 [  0.         24.3000282   0.       ]
 [  0.          0.         24.3000282]]

[Calculation Results Summary]
Sizes: [4, 5, 6]
Formation Energy By Size:
[0.67372897616337468, 0.67440911679909732, 0.6747228016461122]
Relaxation Volume By Size:
[8.214257170113342, 8.2007077807957103, 8.1958555542623799]

[Extrapolation]
Fitting with 2 points, including orders [0, 3]
Fit with data beginning 0

Fit with Size: [4 5]
Orders: [0, 3]
Matrix A (Ax = y):
[[ 1.        0.015625]
 [ 1.        0.008   ]]
Data for Fitting: [ 0.67372898  0.67440912]
Fitting Results: (array([ 0.67512271, -0.08919877]), array([], dtype=float64), 2, array([ 1.41431223,  0.00539131]))

Fit with Size: [4 5]
Orders: [0, 3]
Matrix A (Ax = y):
[[ 1.        0.015625]
 [ 1.        0.008   ]]
Data for Fitting: [ 8.21425717  8.20070778]
Fitting Results: (array([ 8.18649203,  1.77696909]), array([], dtype=float64), 2, array([ 1.41431223,  0.00539131]))
Fit with data beginning 1

Fit with Size: [5 6]
Orders: [0, 3]
Matrix A (Ax = y):
[[ 1.          0.008     ]
 [ 1.          0.00462963]]
Data for Fitting: [ 0.67440912  0.6747228 ]
Fitting Results: (array([ 0.67515369, -0.09307133]), array([], dtype=float64), 2, array([ 1.41424176,  0.00238316]))

Fit with Size: [5 6]
Orders: [0, 3]
Matrix A (Ax = y):
[[ 1.          0.008     ]
 [ 1.          0.00462963]]
Data for Fitting: [ 8.20070778  8.19585555]
Fitting Results: (array([ 8.18919041,  1.43967161]), array([], dtype=float64), 2, array([ 1.41424176,  0.00238316]))
Fitting with 3 points, including orders [0, 3]
Fit with data beginning 0

Fit with Size: [4 5 6]
Orders: [0, 3]
Matrix A (Ax = y):
[[ 1.          0.015625  ]
 [ 1.          0.008     ]
 [ 1.          0.00462963]]
Data for Fitting: [ 0.67372898  0.67440912  0.6747228 ]
Fitting Results: (array([ 0.67513633, -0.09018355]), array([  5.20196737e-11]), 2, array([ 1.73212763,  0.00796621]))

Fit with Size: [4 5 6]
Orders: [0, 3]
Matrix A (Ax = y):
[[ 1.          0.015625  ]
 [ 1.          0.008     ]
 [ 1.          0.00462963]]
Data for Fitting: [ 8.21425717  8.20070778  8.19585555]
Fitting Results: (array([ 8.18767881,  1.69119504]), array([  3.94637483e-07]), 2, array([ 1.73212763,  0.00796621]))
Fitting with 3 points, including orders [0, 3, 4]
Fit with data beginning 0

Fit with Size: [4 5 6]
Orders: [0, 3, 4]
Matrix A (Ax = y):
[[  1.00000000e+00   1.56250000e-02   3.90625000e-03]
 [  1.00000000e+00   8.00000000e-03   1.60000000e-03]
 [  1.00000000e+00   4.62962963e-03   7.71604938e-04]]
Data for Fitting: [ 0.67372898  0.67440912  0.6747228 ]
Fitting Results: (array([ 0.67517872, -0.10986684,  0.06833344]), array([], dtype=float64), 3, array([  1.73213142e+00,   8.29013951e-03,   1.01423660e-04]))

Fit with Size: [4 5 6]
Orders: [0, 3, 4]
Matrix A (Ax = y):
[[  1.00000000e+00   1.56250000e-02   3.90625000e-03]
 [  1.00000000e+00   8.00000000e-03   1.60000000e-03]
 [  1.00000000e+00   4.62962963e-03   7.71604938e-04]]
Data for Fitting: [ 8.21425717  8.20070778  8.19585555]
Fitting Results: (array([ 8.19137056, -0.02320767,  5.95180394]), array([], dtype=float64), 3, array([  1.73213142e+00,   8.29013951e-03,   1.01423660e-04]))
Fitting with 3 points, including orders [0, 3, 5]
Fit with data beginning 0

Fit with Size: [4 5 6]
Orders: [0, 3, 5]
Matrix A (Ax = y):
[[  1.00000000e+00   1.56250000e-02   9.76562500e-04]
 [  1.00000000e+00   8.00000000e-03   3.20000000e-04]
 [  1.00000000e+00   4.62962963e-03   1.28600823e-04]]
Data for Fitting: [ 0.67372898  0.67440912  0.6747228 ]
Fitting Results: (array([ 0.67517143, -0.1005725 ,  0.13208896]), array([], dtype=float64), 3, array([  1.73212782e+00,   7.99080777e-03,   5.44349833e-05]))

Fit with Size: [4 5 6]
Orders: [0, 3, 5]
Matrix A (Ax = y):
[[  1.00000000e+00   1.56250000e-02   9.76562500e-04]
 [  1.00000000e+00   8.00000000e-03   3.20000000e-04]
 [  1.00000000e+00   4.62962963e-03   1.28600823e-04]]
Data for Fitting: [ 8.21425717  8.20070778  8.19585555]
Fitting Results: (array([  8.19073563,   0.78632401,  11.50487384]), array([], dtype=float64), 3, array([  1.73212782e+00,   7.99080777e-03,   5.44349833e-05]))
Fitting with 3 points, including orders [0, 3, 6]
Fit with data beginning 0

Fit with Size: [4 5 6]
Orders: [0, 3, 6]
Matrix A (Ax = y):
[[  1.00000000e+00   1.56250000e-02   2.44140625e-04]
 [  1.00000000e+00   8.00000000e-03   6.40000000e-05]
 [  1.00000000e+00   4.62962963e-03   2.14334705e-05]]
Data for Fitting: [ 0.67372898  0.67440912  0.6747228 ]
Fitting Results: (array([ 0.67516673, -0.09751947,  0.35219881]), array([], dtype=float64), 3, array([  1.73212764e+00,   7.96793362e-03,   2.04739548e-05]))

Fit with Size: [4 5 6]
Orders: [0, 3, 6]
Matrix A (Ax = y):
[[  1.00000000e+00   1.56250000e-02   2.44140625e-04]
 [  1.00000000e+00   8.00000000e-03   6.40000000e-05]
 [  1.00000000e+00   4.62962963e-03   2.14334705e-05]]
Data for Fitting: [ 8.21425717  8.20070778  8.19585555]
Fitting Results: (array([  8.19032657,   1.05224107,  30.67631837]), array([], dtype=float64), 3, array([  1.73212764e+00,   7.96793362e-03,   2.04739548e-05]))

[Fitting Results Summary]
Sizes: [4, 5, 6]
Data Points Used: [2, 3, 3, 3, 3]
Orders Included:
[[0, 3] [0, 3] [0, 3, 4] [0, 3, 5] [0, 3, 6]]
Formation Energy Fits By Size:
[[0.67512270697428145, 0.67515368742497894] [0.67513633251774774]
 [0.67517871798779372] [0.67517142831033672] [0.67516673182527231]]
Relaxation Volume Fits By Size:
[[8.1864920280690097, 8.1891904079253877] [8.1876788052524869]
 [8.1913705558888168] [8.1907356290763413] [8.1903265678649113]]

[Final Results]
[
    {
        "property-id" "tag:staff@noreply.openkim.org,2015-07-28:property/monovacancy-neutral-relaxed-formation-potential-energy-crystal-npt" 
        "instance-id" 1 
        "relaxed-formation-potential-energy" {
            "source-value" 0.67515368742497894 
            "source-unit" "eV" 
            "source-std-uncert-value" 2.5039655063189658e-05
        } 
        "host-cauchy-stress" {
            "source-value" [
                0 
                0 
                0 
                0 
                0 
                0
            ] 
            "source-unit" "GPa"
        } 
        "host-removed-atom" {
            "source-value" 1
        } 
        "host-short-name" {
            "source-value" [
                "fcc"
            ]
        } 
        "host-a" {
            "source-value" 4.0500046999999997 
            "source-unit" "angstrom"
        } 
        "host-b" {
            "source-value" 4.0500046999999997 
            "source-unit" "angstrom"
        } 
        "host-c" {
            "source-value" 4.0500046999999997 
            "source-unit" "angstrom"
        } 
        "host-alpha" {
            "source-value" 90.0 
            "source-unit" "degree"
        } 
        "host-beta" {
            "source-value" 90.0 
            "source-unit" "degree"
        } 
        "host-gamma" {
            "source-value" 90.0 
            "source-unit" "degree"
        } 
        "host-space-group" {
            "source-value" "Fm-3m"
        } 
        "host-wyckoff-multiplicity-and-letter" {
            "source-value" [
                "4a"
            ]
        } 
        "host-wyckoff-coordinates" {
            "source-value" [
                [
                    0.0 
                    0.0 
                    0.0
                ]
            ]
        } 
        "host-wyckoff-species" {
            "source-value" [
                "Al"
            ]
        } 
        "reservoir-cohesive-potential-energy" {
            "source-value" -13.439999952735242 
            "source-unit" "eV"
        } 
        "reservoir-short-name" {
            "source-value" [
                "fcc"
            ]
        } 
        "reservoir-cauchy-stress" {
            "source-value" [
                0.0 
                0.0 
                0.0 
                0.0 
                0.0 
                0.0
            ] 
            "source-unit" "GPa"
        } 
        "reservoir-a" {
            "source-value" 4.0500046999999997 
            "source-unit" "angstrom"
        } 
        "reservoir-b" {
            "source-value" 4.0500046999999997 
            "source-unit" "angstrom"
        } 
        "reservoir-c" {
            "source-value" 4.0500046999999997 
            "source-unit" "angstrom"
        } 
        "reservoir-alpha" {
            "source-value" 90.0 
            "source-unit" "degree"
        } 
        "reservoir-beta" {
            "source-value" 90.0 
            "source-unit" "degree"
        } 
        "reservoir-gamma" {
            "source-value" 90.0 
            "source-unit" "degree"
        } 
        "reservoir-space-group" {
            "source-value" "Fm-3m"
        } 
        "reservoir-wyckoff-multiplicity-and-letter" {
            "source-value" [
                "4a"
            ]
        } 
        "reservoir-wyckoff-coordinates" {
            "source-value" [
                [
                    0.0 
                    0.0 
                    0.0
                ]
            ]
        } 
        "reservoir-wyckoff-species" {
            "source-value" [
                "Al"
            ]
        }
    } 
    {
        "property-id" "tag:staff@noreply.openkim.org,2015-07-28:property/monovacancy-neutral-relaxation-volume-crystal-npt" 
        "instance-id" 2 
        "relaxation-volume" {
            "source-value" 8.1891904079253877 
            "source-unit" "angstrom^3" 
            "source-std-uncert-value" 0.00218014843562769
        } 
        "host-cauchy-stress" {
            "source-value" [
                0 
                0 
                0 
                0 
                0 
                0
            ] 
            "source-unit" "GPa"
        } 
        "host-removed-atom" {
            "source-value" 1
        } 
        "host-short-name" {
            "source-value" [
                "fcc"
            ]
        } 
        "host-a" {
            "source-value" 4.0500046999999997 
            "source-unit" "angstrom"
        } 
        "host-b" {
            "source-value" 4.0500046999999997 
            "source-unit" "angstrom"
        } 
        "host-c" {
            "source-value" 4.0500046999999997 
            "source-unit" "angstrom"
        } 
        "host-alpha" {
            "source-value" 90.0 
            "source-unit" "degree"
        } 
        "host-beta" {
            "source-value" 90.0 
            "source-unit" "degree"
        } 
        "host-gamma" {
            "source-value" 90.0 
            "source-unit" "degree"
        } 
        "host-space-group" {
            "source-value" "Fm-3m"
        } 
        "host-wyckoff-multiplicity-and-letter" {
            "source-value" [
                "4a"
            ]
        } 
        "host-wyckoff-coordinates" {
            "source-value" [
                [
                    0.0 
                    0.0 
                    0.0
                ]
            ]
        } 
        "host-wyckoff-species" {
            "source-value" [
                "Al"
            ]
        }
    }
]
