Imported bulk from ase.lattice
Parameters Input: Si fcc LennardJones612_UniversalShifted__MO_959249795837_001 [5.91361863397]
CELL_SIZE_MIN: 4
CELL_SIZE_MAX: 6
Smallest System Size: 256
Largest System Size: 864
Model Cutoff: 7.91118

[Calculation]

Supercell Size: 4
Unrelaxed Cell:
[[ 23.65447454   0.           0.        ]
 [  0.          23.65447454   0.        ]
 [  0.           0.          23.65447454]]
Unrelaxed Cell Vector:
[23.654474535879999, 0.0, 23.654474535879999, 0.0, 0.0, 23.654474535879999]
==========
Loop: 0
Position Relaxation...
FIRE:   0  16:28:22     -227.256370       0.1994
FIRE:   1  16:28:22     -227.261193       0.2017
FIRE:   2  16:28:22     -227.271063       0.2064
FIRE:   3  16:28:22     -227.286438       0.2134
FIRE:   4  16:28:22     -227.308031       0.2228
FIRE:   5  16:28:22     -227.336852       0.2349
FIRE:   6  16:28:22     -227.374253       0.2495
FIRE:   7  16:28:22     -227.422006       0.2671
FIRE:   8  16:28:22     -227.489727       0.2900
FIRE:   9  16:28:22     -227.587472       0.3201
FIRE:  10  16:28:22     -227.731818       0.3599
FIRE:  11  16:28:22     -227.951213       0.4130
FIRE:  12  16:28:22     -228.272736       0.4807
FIRE:  13  16:28:22     -228.649630       0.5507
FIRE:  14  16:28:22     -229.086573       0.6243
FIRE:  15  16:28:22     -229.591619       0.7105
FIRE:  16  16:28:22     -230.172401       0.7967
FIRE:  17  16:28:22     -230.835226       0.8887
FIRE:  18  16:28:22     -231.588978       0.9905
FIRE:  19  16:28:22     -232.445719       1.1044
FIRE:  20  16:28:22     -233.419814       1.2330
FIRE:  21  16:28:22     -234.528357       1.3795
FIRE:  22  16:28:22     -235.791630       1.5475
FIRE:  23  16:28:22     -237.233559       1.7408
FIRE:  24  16:28:22     -238.882080       1.9637
FIRE:  25  16:28:22     -240.769597       2.2233
FIRE:  26  16:28:22     -242.932857       2.5163
FIRE:  27  16:28:22     -245.407698       2.8463
FIRE:  28  16:28:22     -248.231024       3.2116
FIRE:  29  16:28:22     -251.427660       3.5884
FIRE:  30  16:28:22     -254.997787       3.9426
FIRE:  31  16:28:22     -258.889777       4.1972
FIRE:  32  16:28:22     -262.942134       4.2032
FIRE:  33  16:28:22     -266.792838       3.6789
FIRE:  34  16:28:22     -269.703369       2.1016
FIRE:  35  16:28:22     -270.253559       1.6430
FIRE:  36  16:28:22     -270.189699       1.9522
FIRE:  37  16:28:22     -270.706510       1.7309
FIRE:  38  16:28:22     -271.030840       1.0707
FIRE:  39  16:28:22     -271.154967       0.7509
FIRE:  40  16:28:22     -271.310436       0.5973
FIRE:  41  16:28:22     -271.427457       0.6175
FIRE:  42  16:28:22     -271.582751       0.9276
FIRE:  43  16:28:22     -271.867461       0.7306
FIRE:  44  16:28:22     -272.223896       0.6461
FIRE:  45  16:28:22     -272.583076       0.6641
FIRE:  46  16:28:22     -273.053963       0.6878
FIRE:  47  16:28:22     -273.749795       0.7182
FIRE:  48  16:28:22     -274.638261       0.7560
FIRE:  49  16:28:22     -275.554456       0.7934
Steps Limit Exceeded. Structure Maybe Unstable.
Relaxation Completed. Steps: 50
Cell Size Relaxation...
Optimization terminated successfully.
         Current function value: -1165.470489
         Iterations: 265
         Function evaluations: 526
Current VFE: -1165.47048946
Energy of Supercell: -229.045789733
Unrelaxed Cell Volume: 13235.4866714
Current Relaxed Cell Volume: 5346.22487925
Current Relaxation Volume: 7889.26179214
Current Cell:
[[  8.79184096e+00   0.00000000e+00   0.00000000e+00]
 [  7.02283517e-04   2.46594678e+01   0.00000000e+00]
 [  9.67657890e-04   7.68248254e-04   2.46594678e+01]]
System Collapsed. Volume significantly changed.
