Imported bulk from ase.lattice
Parameters Input: Si fcc Three_Body_Stillinger_Weber_Balamane_Si__MO_113686039439_001 [4.14658190704]
CELL_SIZE_MIN: 4
CELL_SIZE_MAX: 6
Smallest System Size: 256
Largest System Size: 864

[Calculation]

Supercell Size: 4
Unrelaxed Cell:
[[ 16.58632763   0.           0.        ]
 [  0.          16.58632763   0.        ]
 [  0.           0.          16.58632763]]
Unrelaxed Cell Vector:
[16.586327628159999, 0.0, 16.586327628159999, 0.0, 0.0, 16.586327628159999]
Vacancy Formation Energy (Cell Structure Relaxation): 0.698717627543 Size:  4
Vacancy Formation Energy (Cell Structure Relaxation): 27.489258 Size:  4
Vacancy Formation Energy (Cell Structure Relaxation): 0.693413050599 Size:  4
Vacancy Formation Energy (Cell Structure Relaxation): 27.4879855781 Size:  4
Vacancy Formation Energy (Cell Structure Relaxation): 0.690114787471 Size:  4
Vacancy Formation Energy (Cell Structure Relaxation): 0.690114803377 Size:  4
Vacancy Formation Energy (Cell Structure Relaxation): 27.4908130216 Size:  4
Vacancy Formation Energy (Cell Structure Relaxation): -3.46412427116 Size:  4
Vacancy Formation Energy (Cell Structure Relaxation): -23.8120993827 Size:  4
Vacancy Formation Energy (Cell Structure Relaxation): -26.3219096858 Size:  4
Vacancy Formation Energy (Cell Structure Relaxation): -6.29397706024 Size:  4
Vacancy Formation Energy (Cell Structure Relaxation): -15.041128464 Size:  4
Vacancy Formation Energy (Cell Structure Relaxation): -26.2424107137 Size:  4
Vacancy Formation Energy (Cell Structure Relaxation): -17.1469467861 Size:  4
Vacancy Formation Energy (Cell Structure Relaxation): -0.397627190112 Size:  4
Vacancy Formation Energy (Cell Structure Relaxation): 40.152152005 Size:  4
Vacancy Formation Energy (Cell Structure Relaxation): -31.0436368576 Size:  4
Vacancy Formation Energy (Cell Structure Relaxation): -33.3375866467 Size:  4
Vacancy Formation Energy (Cell Structure Relaxation): -30.6017848433 Size:  4
Vacancy Formation Energy (Cell Structure Relaxation): -34.5333590057 Size:  4
Vacancy Formation Energy (Cell Structure Relaxation): -33.890713521 Size:  4
Vacancy Formation Energy (Cell Structure Relaxation): -36.6566790127 Size:  4
Vacancy Formation Energy (Cell Structure Relaxation): -30.3062823488 Size:  4
Vacancy Formation Energy (Cell Structure Relaxation): -34.8042516607 Size:  4
Vacancy Formation Energy (Cell Structure Relaxation): -34.489155151 Size:  4
Vacancy Formation Energy (Cell Structure Relaxation): -32.9519072331 Size:  4
Vacancy Formation Energy (Cell Structure Relaxation): -30.8564629953 Size:  4
Vacancy Formation Energy (Cell Structure Relaxation): -36.5439596889 Size:  4
Vacancy Formation Energy (Cell Structure Relaxation): -31.8265564403 Size:  4
Vacancy Formation Energy (Cell Structure Relaxation): -36.407193407 Size:  4
Vacancy Formation Energy (Cell Structure Relaxation): -36.3214881799 Size:  4
Vacancy Formation Energy (Cell Structure Relaxation): -36.4935915305 Size:  4
Vacancy Formation Energy (Cell Structure Relaxation): -36.4025109351 Size:  4
Vacancy Formation Energy (Cell Structure Relaxation): -36.0724071459 Size:  4
Vacancy Formation Energy (Cell Structure Relaxation): -38.0632256289 Size:  4
Vacancy Formation Energy (Cell Structure Relaxation): -37.6605657198 Size:  4
Vacancy Formation Energy (Cell Structure Relaxation): -32.6003952915 Size:  4
Vacancy Formation Energy (Cell Structure Relaxation): -39.1869791587 Size:  4
Vacancy Formation Energy (Cell Structure Relaxation): -36.3909226725 Size:  4
Vacancy Formation Energy (Cell Structure Relaxation): -39.3819361931 Size:  4
Vacancy Formation Energy (Cell Structure Relaxation): -38.3404283264 Size:  4
Vacancy Formation Energy (Cell Structure Relaxation): -37.7631015022 Size:  4
Vacancy Formation Energy (Cell Structure Relaxation): -39.0639644428 Size:  4
Vacancy Formation Energy (Cell Structure Relaxation): -36.0668635844 Size:  4
Vacancy Formation Energy (Cell Structure Relaxation): -39.5106533459 Size:  4
Vacancy Formation Energy (Cell Structure Relaxation): -39.4626675933 Size:  4
Vacancy Formation Energy (Cell Structure Relaxation): -38.3755650161 Size:  4
Vacancy Formation Energy (Cell Structure Relaxation): -38.7745757492 Size:  4
Vacancy Formation Energy (Cell Structure Relaxation): -38.9908794783 Size:  4
Vacancy Formation Energy (Cell Structure Relaxation): -39.3714434093 Size:  4
Vacancy Formation Energy (Cell Structure Relaxation): -38.3471869397 Size:  4
Vacancy Formation Energy (Cell Structure Relaxation): -39.4608389404 Size:  4
Vacancy Formation Energy (Cell Structure Relaxation): -39.0845385022 Size:  4
Vacancy Formation Energy (Cell Structure Relaxation): -39.8514764538 Size:  4
Vacancy Formation Energy (Cell Structure Relaxation): -39.072841258 Size:  4
Vacancy Formation Energy (Cell Structure Relaxation): -39.9604873672 Size:  4
Vacancy Formation Energy (Cell Structure Relaxation): -38.5708197327 Size:  4
Vacancy Formation Energy (Cell Structure Relaxation): -39.9587192906 Size:  4
Vacancy Formation Energy (Cell Structure Relaxation): -39.7033360677 Size:  4
Vacancy Formation Energy (Cell Structure Relaxation): -39.6660970824 Size:  4
Vacancy Formation Energy (Cell Structure Relaxation): -39.83889856 Size:  4
Vacancy Formation Energy (Cell Structure Relaxation): -40.2155870989 Size:  4
Vacancy Formation Energy (Cell Structure Relaxation): -39.6483980816 Size:  4
Vacancy Formation Energy (Cell Structure Relaxation): -40.0009115467 Size:  4
Vacancy Formation Energy (Cell Structure Relaxation): -39.6327697363 Size:  4
Vacancy Formation Energy (Cell Structure Relaxation): -40.168298956 Size:  4
Vacancy Formation Energy (Cell Structure Relaxation): -40.0449749495 Size:  4
Vacancy Formation Energy (Cell Structure Relaxation): -40.2291810213 Size:  4
Vacancy Formation Energy (Cell Structure Relaxation): -39.9235546673 Size:  4
Vacancy Formation Energy (Cell Structure Relaxation): -40.1415974115 Size:  4
Vacancy Formation Energy (Cell Structure Relaxation): -40.0135690164 Size:  4
Vacancy Formation Energy (Cell Structure Relaxation): -39.946393463 Size:  4
Vacancy Formation Energy (Cell Structure Relaxation): -40.2045047409 Size:  4
Vacancy Formation Energy (Cell Structure Relaxation): -40.1718481799 Size:  4
Vacancy Formation Energy (Cell Structure Relaxation): -40.0859702748 Size:  4
Vacancy Formation Energy (Cell Structure Relaxation): -40.2651972305 Size:  4
Vacancy Formation Energy (Cell Structure Relaxation): -40.0545025431 Size:  4
Vacancy Formation Energy (Cell Structure Relaxation): -40.2759016338 Size:  4
Vacancy Formation Energy (Cell Structure Relaxation): -40.038348834 Size:  4
Vacancy Formation Energy (Cell Structure Relaxation): -40.2904996615 Size:  4
Vacancy Formation Energy (Cell Structure Relaxation): -40.1451770244 Size:  4
Vacancy Formation Energy (Cell Structure Relaxation): -40.279782209 Size:  4
Vacancy Formation Energy (Cell Structure Relaxation): -40.0623849822 Size:  4
Vacancy Formation Energy (Cell Structure Relaxation): -40.3066573139 Size:  4
Vacancy Formation Energy (Cell Structure Relaxation): -40.2080210176 Size:  4
Vacancy Formation Energy (Cell Structure Relaxation): -40.2928799763 Size:  4
Vacancy Formation Energy (Cell Structure Relaxation): -40.2494076137 Size:  4
Vacancy Formation Energy (Cell Structure Relaxation): -40.3095425907 Size:  4
Vacancy Formation Energy (Cell Structure Relaxation): -40.2323186596 Size:  4
Vacancy Formation Energy (Cell Structure Relaxation): -40.3124187967 Size:  4
Vacancy Formation Energy (Cell Structure Relaxation): -40.284021203 Size:  4
Vacancy Formation Energy (Cell Structure Relaxation): -40.3026218486 Size:  4
Vacancy Formation Energy (Cell Structure Relaxation): -40.2745616997 Size:  4
Vacancy Formation Energy (Cell Structure Relaxation): -40.3147022128 Size:  4
Vacancy Formation Energy (Cell Structure Relaxation): -40.2709603976 Size:  4
Vacancy Formation Energy (Cell Structure Relaxation): -40.3192353068 Size:  4
Vacancy Formation Energy (Cell Structure Relaxation): -40.2922689151 Size:  4
Vacancy Formation Energy (Cell Structure Relaxation): -40.3210756922 Size:  4
Vacancy Formation Energy (Cell Structure Relaxation): -40.2962701153 Size:  4
Vacancy Formation Energy (Cell Structure Relaxation): -40.3240483203 Size:  4
Vacancy Formation Energy (Cell Structure Relaxation): -40.2910428145 Size:  4
Vacancy Formation Energy (Cell Structure Relaxation): -40.3235108703 Size:  4
Vacancy Formation Energy (Cell Structure Relaxation): -40.2934248707 Size:  4
Vacancy Formation Energy (Cell Structure Relaxation): -40.324493321 Size:  4
Vacancy Formation Energy (Cell Structure Relaxation): -40.3139408437 Size:  4
Vacancy Formation Energy (Cell Structure Relaxation): -40.3267122251 Size:  4
Vacancy Formation Energy (Cell Structure Relaxation): -40.3115754127 Size:  4
Vacancy Formation Energy (Cell Structure Relaxation): -40.3266431315 Size:  4
Vacancy Formation Energy (Cell Structure Relaxation): -40.3146031071 Size:  4
Vacancy Formation Energy (Cell Structure Relaxation): -40.3274030188 Size:  4
Vacancy Formation Energy (Cell Structure Relaxation): -40.317268528 Size:  4
Vacancy Formation Energy (Cell Structure Relaxation): -40.3287802272 Size:  4
Vacancy Formation Energy (Cell Structure Relaxation): -40.3265810435 Size:  4
Vacancy Formation Energy (Cell Structure Relaxation): -40.3202436957 Size:  4
Vacancy Formation Energy (Cell Structure Relaxation): -40.330429152 Size:  4
Vacancy Formation Energy (Cell Structure Relaxation): -40.3259499678 Size:  4
Vacancy Formation Energy (Cell Structure Relaxation): -40.329837642 Size:  4
Vacancy Formation Energy (Cell Structure Relaxation): -40.3253831645 Size:  4
Vacancy Formation Energy (Cell Structure Relaxation): -40.3305749158 Size:  4
Vacancy Formation Energy (Cell Structure Relaxation): -40.3267402712 Size:  4
Vacancy Formation Energy (Cell Structure Relaxation): -40.3294055382 Size:  4
Vacancy Formation Energy (Cell Structure Relaxation): -40.3236553168 Size:  4
Vacancy Formation Energy (Cell Structure Relaxation): -40.3304910311 Size:  4
Vacancy Formation Energy (Cell Structure Relaxation): -40.3290210547 Size:  4
Vacancy Formation Energy (Cell Structure Relaxation): -40.3290335966 Size:  4
Vacancy Formation Energy (Cell Structure Relaxation): -40.327022024 Size:  4
Vacancy Formation Energy (Cell Structure Relaxation): -40.33082854 Size:  4
Vacancy Formation Energy (Cell Structure Relaxation): -40.3298488788 Size:  4
Vacancy Formation Energy (Cell Structure Relaxation): -40.3274509947 Size:  4
Vacancy Formation Energy (Cell Structure Relaxation): -40.330986779 Size:  4
Vacancy Formation Energy (Cell Structure Relaxation): -40.3296951935 Size:  4
Vacancy Formation Energy (Cell Structure Relaxation): -40.3309253272 Size:  4
Vacancy Formation Energy (Cell Structure Relaxation): -40.3292270998 Size:  4
Vacancy Formation Energy (Cell Structure Relaxation): -40.3309796914 Size:  4
Vacancy Formation Energy (Cell Structure Relaxation): -40.330789231 Size:  4
Vacancy Formation Energy (Cell Structure Relaxation): -40.3295970284 Size:  4
Vacancy Formation Energy (Cell Structure Relaxation): -40.3311944136 Size:  4
Vacancy Formation Energy (Cell Structure Relaxation): -40.329460745 Size:  4
Vacancy Formation Energy (Cell Structure Relaxation): -40.3312214167 Size:  4
Vacancy Formation Energy (Cell Structure Relaxation): -40.33045402 Size:  4
Vacancy Formation Energy (Cell Structure Relaxation): -40.3311942752 Size:  4
Vacancy Formation Energy (Cell Structure Relaxation): -40.3309638084 Size:  4
Vacancy Formation Energy (Cell Structure Relaxation): -40.3304659697 Size:  4
Vacancy Formation Energy (Cell Structure Relaxation): -40.3312490654 Size:  4
Vacancy Formation Energy (Cell Structure Relaxation): -40.3309141785 Size:  4
Vacancy Formation Energy (Cell Structure Relaxation): -40.3312205517 Size:  4
Vacancy Formation Energy (Cell Structure Relaxation): -40.3308943142 Size:  4
Vacancy Formation Energy (Cell Structure Relaxation): -40.3312297942 Size:  4
Vacancy Formation Energy (Cell Structure Relaxation): -40.3312097644 Size:  4
Vacancy Formation Energy (Cell Structure Relaxation): -40.3312069474 Size:  4
Vacancy Formation Energy (Cell Structure Relaxation): -40.3311790895 Size:  4
Vacancy Formation Energy (Cell Structure Relaxation): -40.3313024105 Size:  4
Vacancy Formation Energy (Cell Structure Relaxation): -40.3311627858 Size:  4
Vacancy Formation Energy (Cell Structure Relaxation): -40.3313089426 Size:  4
Vacancy Formation Energy (Cell Structure Relaxation): -40.3310906868 Size:  4
Vacancy Formation Energy (Cell Structure Relaxation): -40.3313160152 Size:  4
Vacancy Formation Energy (Cell Structure Relaxation): -40.3311712678 Size:  4
Vacancy Formation Energy (Cell Structure Relaxation): -40.3313119401 Size:  4
Vacancy Formation Energy (Cell Structure Relaxation): -40.331103453 Size:  4
Vacancy Formation Energy (Cell Structure Relaxation): -40.3313177984 Size:  4
Vacancy Formation Energy (Cell Structure Relaxation): -40.3311965003 Size:  4
Vacancy Formation Energy (Cell Structure Relaxation): -40.3313118548 Size:  4
Vacancy Formation Energy (Cell Structure Relaxation): -40.3312398656 Size:  4
Vacancy Formation Energy (Cell Structure Relaxation): -40.3313149924 Size:  4
Vacancy Formation Energy (Cell Structure Relaxation): -40.3313003347 Size:  4
Vacancy Formation Energy (Cell Structure Relaxation): -40.3313277641 Size:  4
Vacancy Formation Energy (Cell Structure Relaxation): -40.3313012179 Size:  4
Vacancy Formation Energy (Cell Structure Relaxation): -40.3313300848 Size:  4
Vacancy Formation Energy (Cell Structure Relaxation): -40.3313040008 Size:  4
Vacancy Formation Energy (Cell Structure Relaxation): -40.331330924 Size:  4
Vacancy Formation Energy (Cell Structure Relaxation): -40.3312841964 Size:  4
Vacancy Formation Energy (Cell Structure Relaxation): -40.3313326128 Size:  4
Vacancy Formation Energy (Cell Structure Relaxation): -40.3313146061 Size:  4
Vacancy Formation Energy (Cell Structure Relaxation): -40.3313308629 Size:  4
Vacancy Formation Energy (Cell Structure Relaxation): -40.3313081774 Size:  4
Vacancy Formation Energy (Cell Structure Relaxation): -40.3313319257 Size:  4
Vacancy Formation Energy (Cell Structure Relaxation): -40.3312958385 Size:  4
Vacancy Formation Energy (Cell Structure Relaxation): -40.3313335119 Size:  4
Vacancy Formation Energy (Cell Structure Relaxation): -40.3313291209 Size:  4
Vacancy Formation Energy (Cell Structure Relaxation): -40.3313344338 Size:  4
Vacancy Formation Energy (Cell Structure Relaxation): -40.3313276805 Size:  4
Vacancy Formation Energy (Cell Structure Relaxation): -40.331334793 Size:  4
Vacancy Formation Energy (Cell Structure Relaxation): -40.3313335852 Size:  4
Vacancy Formation Energy (Cell Structure Relaxation): -40.3313274373 Size:  4
Vacancy Formation Energy (Cell Structure Relaxation): -40.3313353889 Size:  4
Vacancy Formation Energy (Cell Structure Relaxation): -40.3313221167 Size:  4
Vacancy Formation Energy (Cell Structure Relaxation): -40.331336106 Size:  4
Vacancy Formation Energy (Cell Structure Relaxation): -40.3313343773 Size:  4
Vacancy Formation Energy (Cell Structure Relaxation): -40.3313330905 Size:  4
Vacancy Formation Energy (Cell Structure Relaxation): -40.3313357726 Size:  4
Vacancy Formation Energy (Cell Structure Relaxation): -40.331329936 Size:  4
Vacancy Formation Energy (Cell Structure Relaxation): -40.3313360675 Size:  4
Vacancy Formation Energy (Cell Structure Relaxation): -40.3313338633 Size:  4
Vacancy Formation Energy (Cell Structure Relaxation): -40.3313359614 Size:  4
Vacancy Formation Energy (Cell Structure Relaxation): -40.3313338305 Size:  4
Vacancy Formation Energy (Cell Structure Relaxation): -40.3313359943 Size:  4
Vacancy Formation Energy (Cell Structure Relaxation): -40.3313353632 Size:  4
Vacancy Formation Energy (Cell Structure Relaxation): -40.3313362821 Size:  4
Vacancy Formation Energy (Cell Structure Relaxation): -40.3313346489 Size:  4
Vacancy Formation Energy (Cell Structure Relaxation): -40.3313363024 Size:  4
Vacancy Formation Energy (Cell Structure Relaxation): -40.3313360479 Size:  4
Vacancy Formation Energy (Cell Structure Relaxation): -40.3313359802 Size:  4
Vacancy Formation Energy (Cell Structure Relaxation): -40.3313364138 Size:  4
Vacancy Formation Energy (Cell Structure Relaxation): -40.3313355215 Size:  4
Vacancy Formation Energy (Cell Structure Relaxation): -40.3313364588 Size:  4
Vacancy Formation Energy (Cell Structure Relaxation): -40.3313356882 Size:  4
Vacancy Formation Energy (Cell Structure Relaxation): -40.3313364587 Size:  4
Vacancy Formation Energy (Cell Structure Relaxation): -40.3313362392 Size:  4
Vacancy Formation Energy (Cell Structure Relaxation): -40.3313351003 Size:  4
Vacancy Formation Energy (Cell Structure Relaxation): -40.3313365396 Size:  4
Vacancy Formation Energy (Cell Structure Relaxation): -40.3313359817 Size:  4
Vacancy Formation Energy (Cell Structure Relaxation): -40.3313364956 Size:  4
Vacancy Formation Energy (Cell Structure Relaxation): -40.3313361878 Size:  4
Vacancy Formation Energy (Cell Structure Relaxation): -40.3313364909 Size:  4
Vacancy Formation Energy (Cell Structure Relaxation): -40.3313366577 Size:  4
Vacancy Formation Energy (Cell Structure Relaxation): -40.3313365542 Size:  4
Vacancy Formation Energy (Cell Structure Relaxation): -40.3313364307 Size:  4
Vacancy Formation Energy (Cell Structure Relaxation): -40.3313365614 Size:  4
Vacancy Formation Energy (Cell Structure Relaxation): -40.3313365418 Size:  4
Vacancy Formation Energy (Cell Structure Relaxation): -40.331336622 Size:  4
Vacancy Formation Energy (Cell Structure Relaxation): -40.3313364404 Size:  4
Vacancy Formation Energy (Cell Structure Relaxation): -40.3313366067 Size:  4
Vacancy Formation Energy (Cell Structure Relaxation): -40.3313365326 Size:  4
Vacancy Formation Energy (Cell Structure Relaxation): -40.3313366201 Size:  4
Vacancy Formation Energy (Cell Structure Relaxation): -40.3313366604 Size:  4
Vacancy Formation Energy (Cell Structure Relaxation): -40.3313365602 Size:  4
Vacancy Formation Energy (Cell Structure Relaxation): -40.3313364663 Size:  4
Vacancy Formation Energy (Cell Structure Relaxation): -40.331336639 Size:  4
Vacancy Formation Energy (Cell Structure Relaxation): -40.3313366598 Size:  4
Vacancy Formation Energy (Cell Structure Relaxation): -40.3313366912 Size:  4
Vacancy Formation Energy (Cell Structure Relaxation): -40.3313366359 Size:  4
Vacancy Formation Energy (Cell Structure Relaxation): -40.3313367376 Size:  4
Vacancy Formation Energy (Cell Structure Relaxation): -40.3313367463 Size:  4
Vacancy Formation Energy (Cell Structure Relaxation): -40.331336487 Size:  4
Vacancy Formation Energy (Cell Structure Relaxation): -40.3313367007 Size:  4
Vacancy Formation Energy (Cell Structure Relaxation): -40.3313367049 Size:  4
Vacancy Formation Energy (Cell Structure Relaxation): -40.3313367679 Size:  4
Vacancy Formation Energy (Cell Structure Relaxation): -40.3313367834 Size:  4
Vacancy Formation Energy (Cell Structure Relaxation): -40.3313368163 Size:  4
Vacancy Formation Energy (Cell Structure Relaxation): -40.3313368524 Size:  4
Vacancy Formation Energy (Cell Structure Relaxation): -40.3313368696 Size:  4
Vacancy Formation Energy (Cell Structure Relaxation): -40.3313369029 Size:  4
Vacancy Formation Energy (Cell Structure Relaxation): -40.3313368281 Size:  4
Vacancy Formation Energy (Cell Structure Relaxation): -40.3313369329 Size:  4
Vacancy Formation Energy (Cell Structure Relaxation): -40.3313369383 Size:  4
Vacancy Formation Energy (Cell Structure Relaxation): -40.3313369692 Size:  4
Vacancy Formation Energy (Cell Structure Relaxation): -40.3313369004 Size:  4
Vacancy Formation Energy (Cell Structure Relaxation): -40.3313371235 Size:  4
Vacancy Formation Energy (Cell Structure Relaxation): -40.3313372705 Size:  4
Vacancy Formation Energy (Cell Structure Relaxation): -40.3313371221 Size:  4
Vacancy Formation Energy (Cell Structure Relaxation): -40.3313373134 Size:  4
Vacancy Formation Energy (Cell Structure Relaxation): -40.3313375138 Size:  4
Vacancy Formation Energy (Cell Structure Relaxation): -40.3313373871 Size:  4
Vacancy Formation Energy (Cell Structure Relaxation): -40.3313373773 Size:  4
Vacancy Formation Energy (Cell Structure Relaxation): -40.3313374498 Size:  4
Vacancy Formation Energy (Cell Structure Relaxation): -40.3313376173 Size:  4
Vacancy Formation Energy (Cell Structure Relaxation): -40.3313375637 Size:  4
Vacancy Formation Energy (Cell Structure Relaxation): -40.3313378994 Size:  4
Vacancy Formation Energy (Cell Structure Relaxation): -40.3313382647 Size:  4
Vacancy Formation Energy (Cell Structure Relaxation): -40.3313380947 Size:  4
Vacancy Formation Energy (Cell Structure Relaxation): -40.3313376699 Size:  4
Vacancy Formation Energy (Cell Structure Relaxation): -40.3313380726 Size:  4
Vacancy Formation Energy (Cell Structure Relaxation): -40.3313382753 Size:  4
Vacancy Formation Energy (Cell Structure Relaxation): -40.3313384343 Size:  4
Vacancy Formation Energy (Cell Structure Relaxation): -40.331338584 Size:  4
Vacancy Formation Energy (Cell Structure Relaxation): -40.3313388567 Size:  4
Vacancy Formation Energy (Cell Structure Relaxation): -40.3313391126 Size:  4
Vacancy Formation Energy (Cell Structure Relaxation): -40.3313397869 Size:  4
Vacancy Formation Energy (Cell Structure Relaxation): -40.3313395865 Size:  4
Vacancy Formation Energy (Cell Structure Relaxation): -40.3313392032 Size:  4
Vacancy Formation Energy (Cell Structure Relaxation): -40.3313397954 Size:  4
Vacancy Formation Energy (Cell Structure Relaxation): -40.3313399939 Size:  4
Vacancy Formation Energy (Cell Structure Relaxation): -40.3313399898 Size:  4
Vacancy Formation Energy (Cell Structure Relaxation): -40.3313410049 Size:  4
Vacancy Formation Energy (Cell Structure Relaxation): -40.3313419902 Size:  4
Vacancy Formation Energy (Cell Structure Relaxation): -40.3313411761 Size:  4
Vacancy Formation Energy (Cell Structure Relaxation): -40.3313418772 Size:  4
Vacancy Formation Energy (Cell Structure Relaxation): -40.3313411315 Size:  4
Vacancy Formation Energy (Cell Structure Relaxation): -40.3313408282 Size:  4
Vacancy Formation Energy (Cell Structure Relaxation): -40.3313427201 Size:  4
Vacancy Formation Energy (Cell Structure Relaxation): -40.3313437743 Size:  4
Vacancy Formation Energy (Cell Structure Relaxation): -40.3313440595 Size:  4
Vacancy Formation Energy (Cell Structure Relaxation): -40.331345774 Size:  4
Vacancy Formation Energy (Cell Structure Relaxation): -40.3313441643 Size:  4
Vacancy Formation Energy (Cell Structure Relaxation): -40.3313449417 Size:  4
Vacancy Formation Energy (Cell Structure Relaxation): -40.3313465364 Size:  4
Vacancy Formation Energy (Cell Structure Relaxation): -40.3313484436 Size:  4
Vacancy Formation Energy (Cell Structure Relaxation): -40.3313474787 Size:  4
Vacancy Formation Energy (Cell Structure Relaxation): -40.3313499299 Size:  4
Vacancy Formation Energy (Cell Structure Relaxation): -40.3313530851 Size:  4
Vacancy Formation Energy (Cell Structure Relaxation): -40.3313514419 Size:  4
Vacancy Formation Energy (Cell Structure Relaxation): -40.331351292 Size:  4
Vacancy Formation Energy (Cell Structure Relaxation): -40.33135244 Size:  4
Vacancy Formation Energy (Cell Structure Relaxation): -40.3313560499 Size:  4
Vacancy Formation Energy (Cell Structure Relaxation): -40.3313601146 Size:  4
Vacancy Formation Energy (Cell Structure Relaxation): -40.3313589057 Size:  4
Vacancy Formation Energy (Cell Structure Relaxation): -40.3313598597 Size:  4
Vacancy Formation Energy (Cell Structure Relaxation): -40.3313621677 Size:  4
Vacancy Formation Energy (Cell Structure Relaxation): -40.3313675479 Size:  4
Vacancy Formation Energy (Cell Structure Relaxation): -40.3313630637 Size:  4
Vacancy Formation Energy (Cell Structure Relaxation): -40.3313693848 Size:  4
Vacancy Formation Energy (Cell Structure Relaxation): -40.3313770628 Size:  4
Vacancy Formation Energy (Cell Structure Relaxation): -40.3313739987 Size:  4
Vacancy Formation Energy (Cell Structure Relaxation): -40.3313751313 Size:  4
Vacancy Formation Energy (Cell Structure Relaxation): -40.3313803503 Size:  4
Vacancy Formation Energy (Cell Structure Relaxation): -40.3313898592 Size:  4
Vacancy Formation Energy (Cell Structure Relaxation): -40.3313897913 Size:  4
Vacancy Formation Energy (Cell Structure Relaxation): -40.3313930188 Size:  4
Vacancy Formation Energy (Cell Structure Relaxation): -40.3314031102 Size:  4
Vacancy Formation Energy (Cell Structure Relaxation): -40.3314009361 Size:  4
Vacancy Formation Energy (Cell Structure Relaxation): -40.3314052737 Size:  4
Vacancy Formation Energy (Cell Structure Relaxation): -40.331417286 Size:  4
Vacancy Formation Energy (Cell Structure Relaxation): -40.3314195292 Size:  4
Vacancy Formation Energy (Cell Structure Relaxation): -40.3314384978 Size:  4
Vacancy Formation Energy (Cell Structure Relaxation): -40.331438054 Size:  4
Vacancy Formation Energy (Cell Structure Relaxation): -40.3314308006 Size:  4
Vacancy Formation Energy (Cell Structure Relaxation): -40.3314460506 Size:  4
Vacancy Formation Energy (Cell Structure Relaxation): -40.3314579426 Size:  4
Vacancy Formation Energy (Cell Structure Relaxation): -40.3314499065 Size:  4
Vacancy Formation Energy (Cell Structure Relaxation): -40.331477309 Size:  4
Vacancy Formation Energy (Cell Structure Relaxation): -40.3315051333 Size:  4
Vacancy Formation Energy (Cell Structure Relaxation): -40.3314820771 Size:  4
Vacancy Formation Energy (Cell Structure Relaxation): -40.3314996417 Size:  4
Vacancy Formation Energy (Cell Structure Relaxation): -40.3314775326 Size:  4
Vacancy Formation Energy (Cell Structure Relaxation): -40.3314776323 Size:  4
Vacancy Formation Energy (Cell Structure Relaxation): -40.3315115681 Size:  4
Vacancy Formation Energy (Cell Structure Relaxation): -40.3315190224 Size:  4
Vacancy Formation Energy (Cell Structure Relaxation): -40.3315302608 Size:  4
Vacancy Formation Energy (Cell Structure Relaxation): -40.3315426375 Size:  4
Vacancy Formation Energy (Cell Structure Relaxation): -40.3315534825 Size:  4
Vacancy Formation Energy (Cell Structure Relaxation): -40.3315864603 Size:  4
Vacancy Formation Energy (Cell Structure Relaxation): -40.3315815469 Size:  4
Vacancy Formation Energy (Cell Structure Relaxation): -40.3315969404 Size:  4
Vacancy Formation Energy (Cell Structure Relaxation): -40.3316193812 Size:  4
Vacancy Formation Energy (Cell Structure Relaxation): -40.3315929355 Size:  4
Vacancy Formation Energy (Cell Structure Relaxation): -40.3315919103 Size:  4
Vacancy Formation Energy (Cell Structure Relaxation): -40.331687857 Size:  4
Vacancy Formation Energy (Cell Structure Relaxation): -40.3317692973 Size:  4
Vacancy Formation Energy (Cell Structure Relaxation): -40.3317151313 Size:  4
Vacancy Formation Energy (Cell Structure Relaxation): -40.3316131959 Size:  4
Vacancy Formation Energy (Cell Structure Relaxation): -40.3316386522 Size:  4
Vacancy Formation Energy (Cell Structure Relaxation): -40.331756308 Size:  4
Vacancy Formation Energy (Cell Structure Relaxation): -40.3318047331 Size:  4
Vacancy Formation Energy (Cell Structure Relaxation): -40.3318957454 Size:  4
Vacancy Formation Energy (Cell Structure Relaxation): -40.3318413903 Size:  4
Vacancy Formation Energy (Cell Structure Relaxation): -40.3319457162 Size:  4
Vacancy Formation Energy (Cell Structure Relaxation): -40.3320874207 Size:  4
Vacancy Formation Energy (Cell Structure Relaxation): -40.3319780246 Size:  4
Vacancy Formation Energy (Cell Structure Relaxation): -40.3320900623 Size:  4
Vacancy Formation Energy (Cell Structure Relaxation): -40.3322517819 Size:  4
Vacancy Formation Energy (Cell Structure Relaxation): -40.3322367087 Size:  4
Vacancy Formation Energy (Cell Structure Relaxation): -40.3323446136 Size:  4
Vacancy Formation Energy (Cell Structure Relaxation): -40.3325807982 Size:  4
Vacancy Formation Energy (Cell Structure Relaxation): -40.3324937159 Size:  4
Vacancy Formation Energy (Cell Structure Relaxation): -40.3326864735 Size:  4
Vacancy Formation Energy (Cell Structure Relaxation): -40.3330406072 Size:  4
Vacancy Formation Energy (Cell Structure Relaxation): -40.3327738578 Size:  4
Vacancy Formation Energy (Cell Structure Relaxation): -40.3331095058 Size:  4
Vacancy Formation Energy (Cell Structure Relaxation): -40.3336054979 Size:  4
Vacancy Formation Energy (Cell Structure Relaxation): -40.3333500244 Size:  4
Vacancy Formation Energy (Cell Structure Relaxation): -40.3336791272 Size:  4
Vacancy Formation Energy (Cell Structure Relaxation): -40.3342561667 Size:  4
Vacancy Formation Energy (Cell Structure Relaxation): -40.3341441983 Size:  4
Vacancy Formation Energy (Cell Structure Relaxation): -40.3345481563 Size:  4
Vacancy Formation Energy (Cell Structure Relaxation): -40.3354613388 Size:  4
Vacancy Formation Energy (Cell Structure Relaxation): -40.3351908041 Size:  4
Vacancy Formation Energy (Cell Structure Relaxation): -40.3354295758 Size:  4
Vacancy Formation Energy (Cell Structure Relaxation): -40.3360807138 Size:  4
Vacancy Formation Energy (Cell Structure Relaxation): -40.337343893 Size:  4
Vacancy Formation Energy (Cell Structure Relaxation): -40.3368294177 Size:  4
Vacancy Formation Energy (Cell Structure Relaxation): -40.3373698643 Size:  4
Vacancy Formation Energy (Cell Structure Relaxation): -40.3387663858 Size:  4
Vacancy Formation Energy (Cell Structure Relaxation): -40.3389072231 Size:  4
Vacancy Formation Energy (Cell Structure Relaxation): -40.3411268044 Size:  4
Vacancy Formation Energy (Cell Structure Relaxation): -40.3395798892 Size:  4
Vacancy Formation Energy (Cell Structure Relaxation): -40.3406570705 Size:  4
Vacancy Formation Energy (Cell Structure Relaxation): -40.3421889174 Size:  4
Vacancy Formation Energy (Cell Structure Relaxation): -40.3446099532 Size:  4
Vacancy Formation Energy (Cell Structure Relaxation): -40.3441203928 Size:  4
Vacancy Formation Energy (Cell Structure Relaxation): -40.3451848469 Size:  4
Vacancy Formation Energy (Cell Structure Relaxation): -40.3492915194 Size:  4
Vacancy Formation Energy (Cell Structure Relaxation): -40.3487092121 Size:  4
Vacancy Formation Energy (Cell Structure Relaxation): -40.3501474959 Size:  4
Vacancy Formation Energy (Cell Structure Relaxation): -40.3536304778 Size:  4
Vacancy Formation Energy (Cell Structure Relaxation): -40.3533344056 Size:  4
Vacancy Formation Energy (Cell Structure Relaxation): -40.3556696151 Size:  4
Vacancy Formation Energy (Cell Structure Relaxation): -40.3599878014 Size:  4
Vacancy Formation Energy (Cell Structure Relaxation): -40.3597139126 Size:  4
Vacancy Formation Energy (Cell Structure Relaxation): -40.3624701575 Size:  4
Vacancy Formation Energy (Cell Structure Relaxation): -40.3669509441 Size:  4
Vacancy Formation Energy (Cell Structure Relaxation): -40.364481984 Size:  4
Vacancy Formation Energy (Cell Structure Relaxation): -40.3685339809 Size:  4
Vacancy Formation Energy (Cell Structure Relaxation): -40.3724900021 Size:  4
Vacancy Formation Energy (Cell Structure Relaxation): -40.3695617277 Size:  4
Vacancy Formation Energy (Cell Structure Relaxation): -40.3669601001 Size:  4
Vacancy Formation Energy (Cell Structure Relaxation): -40.3707048929 Size:  4
Vacancy Formation Energy (Cell Structure Relaxation): -40.3703476686 Size:  4
Vacancy Formation Energy (Cell Structure Relaxation): -40.3693687965 Size:  4
Vacancy Formation Energy (Cell Structure Relaxation): -40.3588678497 Size:  4
Vacancy Formation Energy (Cell Structure Relaxation): -40.3753724152 Size:  4
Vacancy Formation Energy (Cell Structure Relaxation): -40.3791739976 Size:  4
Vacancy Formation Energy (Cell Structure Relaxation): -40.3795856787 Size:  4
Vacancy Formation Energy (Cell Structure Relaxation): -40.3719770774 Size:  4
Vacancy Formation Energy (Cell Structure Relaxation): -40.382265726 Size:  4
Vacancy Formation Energy (Cell Structure Relaxation): -40.3843584455 Size:  4
Vacancy Formation Energy (Cell Structure Relaxation): -40.3749080204 Size:  4
Vacancy Formation Energy (Cell Structure Relaxation): -40.3756127701 Size:  4
Vacancy Formation Energy (Cell Structure Relaxation): -40.3836667918 Size:  4
Vacancy Formation Energy (Cell Structure Relaxation): -40.3833053872 Size:  4
Vacancy Formation Energy (Cell Structure Relaxation): -40.3825951729 Size:  4
Vacancy Formation Energy (Cell Structure Relaxation): -40.383730996 Size:  4
Vacancy Formation Energy (Cell Structure Relaxation): -40.3778205414 Size:  4
Vacancy Formation Energy (Cell Structure Relaxation): -40.3846205591 Size:  4
Vacancy Formation Energy (Cell Structure Relaxation): -40.390772188 Size:  4
Vacancy Formation Energy (Cell Structure Relaxation): -40.3932654433 Size:  4
Vacancy Formation Energy (Cell Structure Relaxation): -40.390008799 Size:  4
Vacancy Formation Energy (Cell Structure Relaxation): -40.3842072989 Size:  4
Vacancy Formation Energy (Cell Structure Relaxation): -40.3882810349 Size:  4
Vacancy Formation Energy (Cell Structure Relaxation): -40.3868037575 Size:  4
Vacancy Formation Energy (Cell Structure Relaxation): -40.3901502521 Size:  4
Vacancy Formation Energy (Cell Structure Relaxation): -40.3901089351 Size:  4
Vacancy Formation Energy (Cell Structure Relaxation): -40.3975822049 Size:  4
Vacancy Formation Energy (Cell Structure Relaxation): -40.4025126036 Size:  4
Vacancy Formation Energy (Cell Structure Relaxation): -40.3934071899 Size:  4
Vacancy Formation Energy (Cell Structure Relaxation): -40.3978115164 Size:  4
Vacancy Formation Energy (Cell Structure Relaxation): -40.3986023237 Size:  4
Vacancy Formation Energy (Cell Structure Relaxation): -40.4004159495 Size:  4
Vacancy Formation Energy (Cell Structure Relaxation): -40.4058679689 Size:  4
Vacancy Formation Energy (Cell Structure Relaxation): -40.4108283362 Size:  4
Vacancy Formation Energy (Cell Structure Relaxation): -40.4109484019 Size:  4
Vacancy Formation Energy (Cell Structure Relaxation): -40.4105977554 Size:  4
Vacancy Formation Energy (Cell Structure Relaxation): -40.4158018107 Size:  4
Vacancy Formation Energy (Cell Structure Relaxation): -40.4198792098 Size:  4
Vacancy Formation Energy (Cell Structure Relaxation): -40.4177775075 Size:  4
Vacancy Formation Energy (Cell Structure Relaxation): -40.4239798384 Size:  4
Vacancy Formation Energy (Cell Structure Relaxation): -40.4284584931 Size:  4
Vacancy Formation Energy (Cell Structure Relaxation): -40.4230717993 Size:  4
Vacancy Formation Energy (Cell Structure Relaxation): -40.430307732 Size:  4
Vacancy Formation Energy (Cell Structure Relaxation): -40.4339699275 Size:  4
Vacancy Formation Energy (Cell Structure Relaxation): -40.4375721341 Size:  4
Vacancy Formation Energy (Cell Structure Relaxation): -40.4372750867 Size:  4
Vacancy Formation Energy (Cell Structure Relaxation): -40.441119311 Size:  4
Vacancy Formation Energy (Cell Structure Relaxation): -40.4386905727 Size:  4
Vacancy Formation Energy (Cell Structure Relaxation): -40.4464348558 Size:  4
Vacancy Formation Energy (Cell Structure Relaxation): -40.4423395047 Size:  4
Vacancy Formation Energy (Cell Structure Relaxation): -40.4375889328 Size:  4
Vacancy Formation Energy (Cell Structure Relaxation): -40.4411355647 Size:  4
Vacancy Formation Energy (Cell Structure Relaxation): -40.4355394386 Size:  4
Vacancy Formation Energy (Cell Structure Relaxation): -40.4529893337 Size:  4
Vacancy Formation Energy (Cell Structure Relaxation): -40.4522351714 Size:  4
Vacancy Formation Energy (Cell Structure Relaxation): -40.4401871714 Size:  4
Vacancy Formation Energy (Cell Structure Relaxation): -40.4521311867 Size:  4
Vacancy Formation Energy (Cell Structure Relaxation): -40.4488302949 Size:  4
Vacancy Formation Energy (Cell Structure Relaxation): -40.4417048106 Size:  4
Vacancy Formation Energy (Cell Structure Relaxation): -40.444751909 Size:  4
Vacancy Formation Energy (Cell Structure Relaxation): -40.4571332128 Size:  4
Vacancy Formation Energy (Cell Structure Relaxation): -40.4541973001 Size:  4
Vacancy Formation Energy (Cell Structure Relaxation): -40.450001526 Size:  4
Vacancy Formation Energy (Cell Structure Relaxation): -40.4475287098 Size:  4
Vacancy Formation Energy (Cell Structure Relaxation): -40.4607193591 Size:  4
Vacancy Formation Energy (Cell Structure Relaxation): -40.458985647 Size:  4
Vacancy Formation Energy (Cell Structure Relaxation): -40.4507204598 Size:  4
Vacancy Formation Energy (Cell Structure Relaxation): -40.4555682143 Size:  4
Vacancy Formation Energy (Cell Structure Relaxation): -40.4418908824 Size:  4
Vacancy Formation Energy (Cell Structure Relaxation): -40.4587525566 Size:  4
Vacancy Formation Energy (Cell Structure Relaxation): -40.4568262259 Size:  4
Vacancy Formation Energy (Cell Structure Relaxation): -40.4599292656 Size:  4
Vacancy Formation Energy (Cell Structure Relaxation): -40.4654337541 Size:  4
Vacancy Formation Energy (Cell Structure Relaxation): -40.4626566163 Size:  4
Vacancy Formation Energy (Cell Structure Relaxation): -40.4432077909 Size:  4
Vacancy Formation Energy (Cell Structure Relaxation): -40.4626723743 Size:  4
Vacancy Formation Energy (Cell Structure Relaxation): -40.4575340407 Size:  4
Vacancy Formation Energy (Cell Structure Relaxation): -40.4613354812 Size:  4
Vacancy Formation Energy (Cell Structure Relaxation): -40.4583896162 Size:  4
Vacancy Formation Energy (Cell Structure Relaxation): -40.4642619753 Size:  4
Vacancy Formation Energy (Cell Structure Relaxation): -40.4644129114 Size:  4
Vacancy Formation Energy (Cell Structure Relaxation): -40.4677172563 Size:  4
Vacancy Formation Energy (Cell Structure Relaxation): -40.4643220931 Size:  4
Vacancy Formation Energy (Cell Structure Relaxation): -40.467404986 Size:  4
Vacancy Formation Energy (Cell Structure Relaxation): -40.4613745 Size:  4
Vacancy Formation Energy (Cell Structure Relaxation): -40.4662338637 Size:  4
Vacancy Formation Energy (Cell Structure Relaxation): -40.4621179179 Size:  4
Vacancy Formation Energy (Cell Structure Relaxation): -40.4670695597 Size:  4
Vacancy Formation Energy (Cell Structure Relaxation): -40.4674900132 Size:  4
Vacancy Formation Energy (Cell Structure Relaxation): -40.4628801719 Size:  4
Vacancy Formation Energy (Cell Structure Relaxation): -40.4675722098 Size:  4
Vacancy Formation Energy (Cell Structure Relaxation): -40.4661689059 Size:  4
Vacancy Formation Energy (Cell Structure Relaxation): -40.4674486754 Size:  4
Vacancy Formation Energy (Cell Structure Relaxation): -40.4677584723 Size:  4
Vacancy Formation Energy (Cell Structure Relaxation): -40.4650560388 Size:  4
Vacancy Formation Energy (Cell Structure Relaxation): -40.4683824363 Size:  4
Vacancy Formation Energy (Cell Structure Relaxation): -40.467131376 Size:  4
Vacancy Formation Energy (Cell Structure Relaxation): -40.4681954443 Size:  4
Vacancy Formation Energy (Cell Structure Relaxation): -40.4681448597 Size:  4
Vacancy Formation Energy (Cell Structure Relaxation): -40.4670250976 Size:  4
Vacancy Formation Energy (Cell Structure Relaxation): -40.4683966142 Size:  4
Vacancy Formation Energy (Cell Structure Relaxation): -40.4663204863 Size:  4
Vacancy Formation Energy (Cell Structure Relaxation): -40.4684771809 Size:  4
Vacancy Formation Energy (Cell Structure Relaxation): -40.4673291481 Size:  4
Vacancy Formation Energy (Cell Structure Relaxation): -40.4683935807 Size:  4
Vacancy Formation Energy (Cell Structure Relaxation): -40.4678860306 Size:  4
Vacancy Formation Energy (Cell Structure Relaxation): -40.4684614009 Size:  4
Vacancy Formation Energy (Cell Structure Relaxation): -40.4677718276 Size:  4
Vacancy Formation Energy (Cell Structure Relaxation): -40.46854945 Size:  4
Vacancy Formation Energy (Cell Structure Relaxation): -40.4683359431 Size:  4
Vacancy Formation Energy (Cell Structure Relaxation): -40.468589147 Size:  4
Vacancy Formation Energy (Cell Structure Relaxation): -40.4682007101 Size:  4
Vacancy Formation Energy (Cell Structure Relaxation): -40.46860391 Size:  4
Vacancy Formation Energy (Cell Structure Relaxation): -40.4681002828 Size:  4
Vacancy Formation Energy (Cell Structure Relaxation): -40.4686144074 Size:  4
Vacancy Formation Energy (Cell Structure Relaxation): -40.4683602613 Size:  4
Vacancy Formation Energy (Cell Structure Relaxation): -40.4685915725 Size:  4
Vacancy Formation Energy (Cell Structure Relaxation): -40.4684835572 Size:  4
Vacancy Formation Energy (Cell Structure Relaxation): -40.468382391 Size:  4
Vacancy Formation Energy (Cell Structure Relaxation): -40.468619625 Size:  4
Vacancy Formation Energy (Cell Structure Relaxation): -40.4684883229 Size:  4
Vacancy Formation Energy (Cell Structure Relaxation): -40.4686157524 Size:  4
Vacancy Formation Energy (Cell Structure Relaxation): -40.4684197026 Size:  4
Vacancy Formation Energy (Cell Structure Relaxation): -40.4686417175 Size:  4
Vacancy Formation Energy (Cell Structure Relaxation): -40.4685562647 Size:  4
Vacancy Formation Energy (Cell Structure Relaxation): -40.4686418738 Size:  4
Vacancy Formation Energy (Cell Structure Relaxation): -40.4685953292 Size:  4
Vacancy Formation Energy (Cell Structure Relaxation): -40.468641508 Size:  4
Vacancy Formation Energy (Cell Structure Relaxation): -40.4685852442 Size:  4
Vacancy Formation Energy (Cell Structure Relaxation): -40.4686453184 Size:  4
Vacancy Formation Energy (Cell Structure Relaxation): -40.4685707546 Size:  4
Vacancy Formation Energy (Cell Structure Relaxation): -40.4686499378 Size:  4
Vacancy Formation Energy (Cell Structure Relaxation): -40.4685973047 Size:  4
Vacancy Formation Energy (Cell Structure Relaxation): -40.4686478128 Size:  4
Vacancy Formation Energy (Cell Structure Relaxation): -40.4686086086 Size:  4
Vacancy Formation Energy (Cell Structure Relaxation): -40.4686482069 Size:  4
Vacancy Formation Energy (Cell Structure Relaxation): -40.4686468757 Size:  4
Vacancy Formation Energy (Cell Structure Relaxation): -40.4686086504 Size:  4
Vacancy Formation Energy (Cell Structure Relaxation): -40.4686558847 Size:  4
Vacancy Formation Energy (Cell Structure Relaxation): -40.4686451028 Size:  4
Vacancy Formation Energy (Cell Structure Relaxation): -40.4686541467 Size:  4
Vacancy Formation Energy (Cell Structure Relaxation): -40.4686334142 Size:  4
Vacancy Formation Energy (Cell Structure Relaxation): -40.4686549418 Size:  4
Vacancy Formation Energy (Cell Structure Relaxation): -40.4686512328 Size:  4
Vacancy Formation Energy (Cell Structure Relaxation): -40.4686475445 Size:  4
Vacancy Formation Energy (Cell Structure Relaxation): -40.4686549647 Size:  4
Vacancy Formation Energy (Cell Structure Relaxation): -40.4686522386 Size:  4
Vacancy Formation Energy (Cell Structure Relaxation): -40.4686412018 Size:  4
Vacancy Formation Energy (Cell Structure Relaxation): -40.4686566708 Size:  4
Vacancy Formation Energy (Cell Structure Relaxation): -40.4686446133 Size:  4
Vacancy Formation Energy (Cell Structure Relaxation): -40.4686567095 Size:  4
Vacancy Formation Energy (Cell Structure Relaxation): -40.46864965 Size:  4
Vacancy Formation Energy (Cell Structure Relaxation): -40.4686565608 Size:  4
Vacancy Formation Energy (Cell Structure Relaxation): -40.4686528551 Size:  4
Vacancy Formation Energy (Cell Structure Relaxation): -40.4686569133 Size:  4
Vacancy Formation Energy (Cell Structure Relaxation): -40.4686557733 Size:  4
Vacancy Formation Energy (Cell Structure Relaxation): -40.4686556829 Size:  4
Vacancy Formation Energy (Cell Structure Relaxation): -40.4686574111 Size:  4
Vacancy Formation Energy (Cell Structure Relaxation): -40.4686561009 Size:  4
Vacancy Formation Energy (Cell Structure Relaxation): -40.4686543981 Size:  4
Vacancy Formation Energy (Cell Structure Relaxation): -40.4686575644 Size:  4
Vacancy Formation Energy (Cell Structure Relaxation): -40.4686564257 Size:  4
Vacancy Formation Energy (Cell Structure Relaxation): -40.4686576274 Size:  4
Vacancy Formation Energy (Cell Structure Relaxation): -40.4686557594 Size:  4
Vacancy Formation Energy (Cell Structure Relaxation): -40.4686577075 Size:  4
Vacancy Formation Energy (Cell Structure Relaxation): -40.4686547263 Size:  4
Vacancy Formation Energy (Cell Structure Relaxation): -40.4686578217 Size:  4
Vacancy Formation Energy (Cell Structure Relaxation): -40.4686558282 Size:  4
Vacancy Formation Energy (Cell Structure Relaxation): -40.4686577201 Size:  4
Vacancy Formation Energy (Cell Structure Relaxation): -40.4686565473 Size:  4
Vacancy Formation Energy (Cell Structure Relaxation): -40.4686577227 Size:  4
Vacancy Formation Energy (Cell Structure Relaxation): -40.4686573457 Size:  4
Vacancy Formation Energy (Cell Structure Relaxation): -40.46865782 Size:  4
Vacancy Formation Energy (Cell Structure Relaxation): -40.4686578576 Size:  4
Vacancy Formation Energy (Cell Structure Relaxation): -40.468657224 Size:  4
Vacancy Formation Energy (Cell Structure Relaxation): -40.4686576357 Size:  4
Vacancy Formation Energy (Cell Structure Relaxation): -40.468657906 Size:  4
Vacancy Formation Energy (Cell Structure Relaxation): -40.4686575916 Size:  4
Vacancy Formation Energy (Cell Structure Relaxation): -40.4686579352 Size:  4
Vacancy Formation Energy (Cell Structure Relaxation): -40.4686576117 Size:  4
Vacancy Formation Energy (Cell Structure Relaxation): -40.4686579385 Size:  4
Vacancy Formation Energy (Cell Structure Relaxation): -40.4686573511 Size:  4
Vacancy Formation Energy (Cell Structure Relaxation): -40.4686579605 Size:  4
Vacancy Formation Energy (Cell Structure Relaxation): -40.4686576471 Size:  4
Vacancy Formation Energy (Cell Structure Relaxation): -40.4686579628 Size:  4
Vacancy Formation Energy (Cell Structure Relaxation): -40.4686578476 Size:  4
Vacancy Formation Energy (Cell Structure Relaxation): -40.4686579588 Size:  4
Vacancy Formation Energy (Cell Structure Relaxation): -40.4686577083 Size:  4
Vacancy Formation Energy (Cell Structure Relaxation): -40.4686579719 Size:  4
Vacancy Formation Energy (Cell Structure Relaxation): -40.468657901 Size:  4
Vacancy Formation Energy (Cell Structure Relaxation): -40.4686579703 Size:  4
Vacancy Formation Energy (Cell Structure Relaxation): -40.4686579605 Size:  4
Vacancy Formation Energy (Cell Structure Relaxation): -40.4686579535 Size:  4
Vacancy Formation Energy (Cell Structure Relaxation): -40.4686579875 Size:  4
Vacancy Formation Energy (Cell Structure Relaxation): -40.4686579509 Size:  4
Vacancy Formation Energy (Cell Structure Relaxation): -40.4686579883 Size:  4
Vacancy Formation Energy (Cell Structure Relaxation): -40.4686579057 Size:  4
Vacancy Formation Energy (Cell Structure Relaxation): -40.4686579927 Size:  4
Vacancy Formation Energy (Cell Structure Relaxation): -40.4686579254 Size:  4
Vacancy Formation Energy (Cell Structure Relaxation): -40.4686579904 Size:  4
Vacancy Formation Energy (Cell Structure Relaxation): -40.4686579718 Size:  4
Vacancy Formation Energy (Cell Structure Relaxation): -40.4686579845 Size:  4
Vacancy Formation Energy (Cell Structure Relaxation): -40.4686579476 Size:  4
Vacancy Formation Energy (Cell Structure Relaxation): -40.4686579943 Size:  4
Vacancy Formation Energy (Cell Structure Relaxation): -40.4686579559 Size:  4
Vacancy Formation Energy (Cell Structure Relaxation): -40.4686579935 Size:  4
Vacancy Formation Energy (Cell Structure Relaxation): -40.4686579783 Size:  4
Vacancy Formation Energy (Cell Structure Relaxation): -40.4686579956 Size:  4
Vacancy Formation Energy (Cell Structure Relaxation): -40.4686579896 Size:  4
Vacancy Formation Energy (Cell Structure Relaxation): -40.4686579802 Size:  4
Vacancy Formation Energy (Cell Structure Relaxation): -40.468657997 Size:  4
Vacancy Formation Energy (Cell Structure Relaxation): -40.4686579885 Size:  4
Vacancy Formation Energy (Cell Structure Relaxation): -40.4686579966 Size:  4
Vacancy Formation Energy (Cell Structure Relaxation): -40.4686579909 Size:  4
Vacancy Formation Energy (Cell Structure Relaxation): -40.4686579971 Size:  4
Vacancy Formation Energy (Cell Structure Relaxation): -40.4686579926 Size:  4
Vacancy Formation Energy (Cell Structure Relaxation): -40.4686579975 Size:  4
Vacancy Formation Energy (Cell Structure Relaxation): -40.4686579894 Size:  4
Vacancy Formation Energy (Cell Structure Relaxation): -40.4686579981 Size:  4
Vacancy Formation Energy (Cell Structure Relaxation): -40.468657992 Size:  4
Vacancy Formation Energy (Cell Structure Relaxation): -40.4686579982 Size:  4
Vacancy Formation Energy (Cell Structure Relaxation): -40.4686579928 Size:  4
Vacancy Formation Energy (Cell Structure Relaxation): -40.4686579985 Size:  4
Vacancy Formation Energy (Cell Structure Relaxation): -40.4686579939 Size:  4
Vacancy Formation Energy (Cell Structure Relaxation): -40.4686579987 Size:  4
Vacancy Formation Energy (Cell Structure Relaxation): -40.4686579956 Size:  4
Vacancy Formation Energy (Cell Structure Relaxation): -40.4686579986 Size:  4
Vacancy Formation Energy (Cell Structure Relaxation): -40.4686579975 Size:  4
Vacancy Formation Energy (Cell Structure Relaxation): -40.4686579987 Size:  4
Vacancy Formation Energy (Cell Structure Relaxation): -40.4686579979 Size:  4
Vacancy Formation Energy (Cell Structure Relaxation): -40.4686579989 Size:  4
Vacancy Formation Energy (Cell Structure Relaxation): -40.4686579981 Size:  4
Vacancy Formation Energy (Cell Structure Relaxation): -40.4686579989 Size:  4
Vacancy Formation Energy (Cell Structure Relaxation): -40.4686579972 Size:  4
Vacancy Formation Energy (Cell Structure Relaxation): -40.468657999 Size:  4
Optimization terminated successfully.
         Current function value: -40.468658
         Iterations: 393
         Function evaluations: 630
Summary:
Vacancy Formation Energy: -40.468657999
Unrelaxed Cell Volume: 4563.00263039
Relaxed Cell Volume: 4586.04509175
Relaxation Volume: -23.0424613555
Relaxed Cell Vector:
[  1.64703590e+01  -2.07375707e-01   1.69531815e+01  -8.74001794e-02
  -9.46579768e-04   1.64241932e+01]
Unrelaxed Cell Vector:
[16.586327628159999, 0.0, 16.586327628159999, 0.0, 0.0, 16.586327628159999]
Relaxed Cell:
[[  1.64703590e+01   0.00000000e+00   0.00000000e+00]
 [ -2.07375707e-01   1.69531815e+01   0.00000000e+00]
 [ -8.74001794e-02  -9.46579768e-04   1.64241932e+01]]
Unrelaxed Cell:
[[ 16.58632763   0.           0.        ]
 [  0.          16.58632763   0.        ]
 [  0.           0.          16.58632763]]
