Imported bulk from ase.lattice
Parameters Input: Al fcc EAM_Dynamo_Mishin_Farkas_Al__MO_651801486679_001 [4.05000466019]

[Calculation]

Supercell Size: 3
Unrelaxed Cell:
[[ 12.15001398   0.           0.        ]
 [  0.          12.15001398   0.        ]
 [  0.           0.          12.15001398]]
Unrelaxed Cell Vector:
[12.15001398057, 0.0, 12.15001398057, 0.0, 0.0, 12.15001398057]
Vacancy Formation Energy (Cell Structure Relaxation): 0.691761695003 Size:  3
Vacancy Formation Energy (Cell Structure Relaxation): 2.36029442452 Size:  3
Vacancy Formation Energy (Cell Structure Relaxation): 0.690660782387 Size:  3
Vacancy Formation Energy (Cell Structure Relaxation): 2.35324987907 Size:  3
Vacancy Formation Energy (Cell Structure Relaxation): 0.683769291605 Size:  3
Vacancy Formation Energy (Cell Structure Relaxation): 0.683769292319 Size:  3
Vacancy Formation Energy (Cell Structure Relaxation): 2.35630355209 Size:  3
Vacancy Formation Energy (Cell Structure Relaxation): 1.53088766993 Size:  3
Vacancy Formation Energy (Cell Structure Relaxation): 1.82176156834 Size:  3
Vacancy Formation Energy (Cell Structure Relaxation): 2.56409141995 Size:  3
Vacancy Formation Energy (Cell Structure Relaxation): 1.12389638827 Size:  3
Vacancy Formation Energy (Cell Structure Relaxation): 2.01193919688 Size:  3
Vacancy Formation Energy (Cell Structure Relaxation): 0.97571931249 Size:  3
Vacancy Formation Energy (Cell Structure Relaxation): 1.51476331858 Size:  3
Vacancy Formation Energy (Cell Structure Relaxation): 0.914493538353 Size:  3
Vacancy Formation Energy (Cell Structure Relaxation): 0.975314527214 Size:  3
Vacancy Formation Energy (Cell Structure Relaxation): 1.12314736393 Size:  3
Vacancy Formation Energy (Cell Structure Relaxation): 0.74084551937 Size:  3
Vacancy Formation Energy (Cell Structure Relaxation): 1.12692095552 Size:  3
Vacancy Formation Energy (Cell Structure Relaxation): 0.738811851212 Size:  3
Vacancy Formation Energy (Cell Structure Relaxation): 0.848464540685 Size:  3
Vacancy Formation Energy (Cell Structure Relaxation): 0.708007786238 Size:  3
Vacancy Formation Energy (Cell Structure Relaxation): 0.764861138704 Size:  3
Vacancy Formation Energy (Cell Structure Relaxation): 0.685790351563 Size:  3
Vacancy Formation Energy (Cell Structure Relaxation): 0.785978670773 Size:  3
Vacancy Formation Energy (Cell Structure Relaxation): 0.683868996465 Size:  3
Vacancy Formation Energy (Cell Structure Relaxation): 0.746551657026 Size:  3
Vacancy Formation Energy (Cell Structure Relaxation): 0.678154306625 Size:  3
Vacancy Formation Energy (Cell Structure Relaxation): 0.675523756902 Size:  3
Vacancy Formation Energy (Cell Structure Relaxation): 0.68874835553 Size:  3
Vacancy Formation Energy (Cell Structure Relaxation): 0.683124393473 Size:  3
Vacancy Formation Energy (Cell Structure Relaxation): 0.684097895278 Size:  3
Vacancy Formation Energy (Cell Structure Relaxation): 0.675366163144 Size:  3
Vacancy Formation Energy (Cell Structure Relaxation): 0.686952044842 Size:  3
Vacancy Formation Energy (Cell Structure Relaxation): 0.675076767339 Size:  3
Vacancy Formation Energy (Cell Structure Relaxation): 0.689460433587 Size:  3
Vacancy Formation Energy (Cell Structure Relaxation): 0.674222329285 Size:  3
Vacancy Formation Energy (Cell Structure Relaxation): 0.694698151578 Size:  3
Vacancy Formation Energy (Cell Structure Relaxation): 0.673869061417 Size:  3
Vacancy Formation Energy (Cell Structure Relaxation): 0.683602219502 Size:  3
Vacancy Formation Energy (Cell Structure Relaxation): 0.675282063532 Size:  3
Vacancy Formation Energy (Cell Structure Relaxation): 0.679852997031 Size:  3
Vacancy Formation Energy (Cell Structure Relaxation): 0.673906742482 Size:  3
Vacancy Formation Energy (Cell Structure Relaxation): 0.676816066482 Size:  3
Vacancy Formation Energy (Cell Structure Relaxation): 0.67330574725 Size:  3
Vacancy Formation Energy (Cell Structure Relaxation): 0.675364214509 Size:  3
Vacancy Formation Energy (Cell Structure Relaxation): 0.673364318819 Size:  3
Vacancy Formation Energy (Cell Structure Relaxation): 0.674751730625 Size:  3
Vacancy Formation Energy (Cell Structure Relaxation): 0.676873076169 Size:  3
Vacancy Formation Energy (Cell Structure Relaxation): 0.673067298138 Size:  3
Vacancy Formation Energy (Cell Structure Relaxation): 0.674707268987 Size:  3
Vacancy Formation Energy (Cell Structure Relaxation): 0.67312568603 Size:  3
Vacancy Formation Energy (Cell Structure Relaxation): 0.67631495214 Size:  3
Vacancy Formation Energy (Cell Structure Relaxation): 0.672828209982 Size:  3
Vacancy Formation Energy (Cell Structure Relaxation): 0.674215424408 Size:  3
Vacancy Formation Energy (Cell Structure Relaxation): 0.672920367794 Size:  3
Vacancy Formation Energy (Cell Structure Relaxation): 0.676318162505 Size:  3
Vacancy Formation Energy (Cell Structure Relaxation): 0.672736895973 Size:  3
Vacancy Formation Energy (Cell Structure Relaxation): 0.673109032863 Size:  3
Vacancy Formation Energy (Cell Structure Relaxation): 0.673283308804 Size:  3
Vacancy Formation Energy (Cell Structure Relaxation): 0.672798958498 Size:  3
Vacancy Formation Energy (Cell Structure Relaxation): 0.673851911999 Size:  3
Vacancy Formation Energy (Cell Structure Relaxation): 0.672699773512 Size:  3
Vacancy Formation Energy (Cell Structure Relaxation): 0.672777024674 Size:  3
Vacancy Formation Energy (Cell Structure Relaxation): 0.673285622735 Size:  3
Vacancy Formation Energy (Cell Structure Relaxation): 0.672699826673 Size:  3
Vacancy Formation Energy (Cell Structure Relaxation): 0.673144714691 Size:  3
Vacancy Formation Energy (Cell Structure Relaxation): 0.672664310612 Size:  3
Vacancy Formation Energy (Cell Structure Relaxation): 0.672835502479 Size:  3
Vacancy Formation Energy (Cell Structure Relaxation): 0.672661058796 Size:  3
Vacancy Formation Energy (Cell Structure Relaxation): 0.672827144253 Size:  3
Vacancy Formation Energy (Cell Structure Relaxation): 0.672650175493 Size:  3
Vacancy Formation Energy (Cell Structure Relaxation): 0.672968107379 Size:  3
Vacancy Formation Energy (Cell Structure Relaxation): 0.672630565663 Size:  3
Vacancy Formation Energy (Cell Structure Relaxation): 0.672807709428 Size:  3
Vacancy Formation Energy (Cell Structure Relaxation): 0.672632777947 Size:  3
Vacancy Formation Energy (Cell Structure Relaxation): 0.672718181525 Size:  3
Vacancy Formation Energy (Cell Structure Relaxation): 0.672628216587 Size:  3
Vacancy Formation Energy (Cell Structure Relaxation): 0.672764874262 Size:  3
Vacancy Formation Energy (Cell Structure Relaxation): 0.672623873612 Size:  3
Vacancy Formation Energy (Cell Structure Relaxation): 0.672706618257 Size:  3
Vacancy Formation Energy (Cell Structure Relaxation): 0.672617670838 Size:  3
Vacancy Formation Energy (Cell Structure Relaxation): 0.672656843105 Size:  3
Vacancy Formation Energy (Cell Structure Relaxation): 0.672618711001 Size:  3
Vacancy Formation Energy (Cell Structure Relaxation): 0.67266589871 Size:  3
Vacancy Formation Energy (Cell Structure Relaxation): 0.672615755726 Size:  3
Vacancy Formation Energy (Cell Structure Relaxation): 0.672679680597 Size:  3
Vacancy Formation Energy (Cell Structure Relaxation): 0.672609067735 Size:  3
Vacancy Formation Energy (Cell Structure Relaxation): 0.672685831873 Size:  3
Vacancy Formation Energy (Cell Structure Relaxation): 0.672608625768 Size:  3
Vacancy Formation Energy (Cell Structure Relaxation): 0.672621441451 Size:  3
Vacancy Formation Energy (Cell Structure Relaxation): 0.672615763313 Size:  3
Vacancy Formation Energy (Cell Structure Relaxation): 0.672619520508 Size:  3
Vacancy Formation Energy (Cell Structure Relaxation): 0.672609319347 Size:  3
Vacancy Formation Energy (Cell Structure Relaxation): 0.672628666338 Size:  3
Vacancy Formation Energy (Cell Structure Relaxation): 0.672608386775 Size:  3
Vacancy Formation Energy (Cell Structure Relaxation): 0.672617538641 Size:  3
Vacancy Formation Energy (Cell Structure Relaxation): 0.672608937965 Size:  3
Vacancy Formation Energy (Cell Structure Relaxation): 0.672618571056 Size:  3
Vacancy Formation Energy (Cell Structure Relaxation): 0.672608181299 Size:  3
Vacancy Formation Energy (Cell Structure Relaxation): 0.672608662802 Size:  3
Vacancy Formation Energy (Cell Structure Relaxation): 0.672607685179 Size:  3
Vacancy Formation Energy (Cell Structure Relaxation): 0.672617753793 Size:  3
Vacancy Formation Energy (Cell Structure Relaxation): 0.672611709679 Size:  3
Vacancy Formation Energy (Cell Structure Relaxation): 0.672605617283 Size:  3
Vacancy Formation Energy (Cell Structure Relaxation): 0.672611530989 Size:  3
Vacancy Formation Energy (Cell Structure Relaxation): 0.672605598671 Size:  3
Vacancy Formation Energy (Cell Structure Relaxation): 0.672608526938 Size:  3
Vacancy Formation Energy (Cell Structure Relaxation): 0.672615075193 Size:  3
Vacancy Formation Energy (Cell Structure Relaxation): 0.672605217684 Size:  3
Vacancy Formation Energy (Cell Structure Relaxation): 0.672607269474 Size:  3
Vacancy Formation Energy (Cell Structure Relaxation): 0.6726137622 Size:  3
Vacancy Formation Energy (Cell Structure Relaxation): 0.672605205967 Size:  3
Vacancy Formation Energy (Cell Structure Relaxation): 0.672610322021 Size:  3
Vacancy Formation Energy (Cell Structure Relaxation): 0.672605487152 Size:  3
Vacancy Formation Energy (Cell Structure Relaxation): 0.672607506713 Size:  3
Vacancy Formation Energy (Cell Structure Relaxation): 0.672605470631 Size:  3
Vacancy Formation Energy (Cell Structure Relaxation): 0.672608687307 Size:  3
Vacancy Formation Energy (Cell Structure Relaxation): 0.672605290561 Size:  3
Vacancy Formation Energy (Cell Structure Relaxation): 0.672605345039 Size:  3
Vacancy Formation Energy (Cell Structure Relaxation): 0.672605832499 Size:  3
Vacancy Formation Energy (Cell Structure Relaxation): 0.672604964121 Size:  3
Vacancy Formation Energy (Cell Structure Relaxation): 0.672607052724 Size:  3
Vacancy Formation Energy (Cell Structure Relaxation): 0.672604829506 Size:  3
Vacancy Formation Energy (Cell Structure Relaxation): 0.672605958397 Size:  3
Vacancy Formation Energy (Cell Structure Relaxation): 0.67260493625 Size:  3
Vacancy Formation Energy (Cell Structure Relaxation): 0.672605021272 Size:  3
Vacancy Formation Energy (Cell Structure Relaxation): 0.672605241413 Size:  3
Vacancy Formation Energy (Cell Structure Relaxation): 0.672604879097 Size:  3
Vacancy Formation Energy (Cell Structure Relaxation): 0.672606139529 Size:  3
Vacancy Formation Energy (Cell Structure Relaxation): 0.672604800837 Size:  3
Vacancy Formation Energy (Cell Structure Relaxation): 0.672605590112 Size:  3
Vacancy Formation Energy (Cell Structure Relaxation): 0.672604855194 Size:  3
Vacancy Formation Energy (Cell Structure Relaxation): 0.672604871925 Size:  3
Vacancy Formation Energy (Cell Structure Relaxation): 0.672604995772 Size:  3
Vacancy Formation Energy (Cell Structure Relaxation): 0.672604813243 Size:  3
Vacancy Formation Energy (Cell Structure Relaxation): 0.672604790195 Size:  3
Vacancy Formation Energy (Cell Structure Relaxation): 0.672605040211 Size:  3
Vacancy Formation Energy (Cell Structure Relaxation): 0.672604897603 Size:  3
Vacancy Formation Energy (Cell Structure Relaxation): 0.67260477675 Size:  3
Vacancy Formation Energy (Cell Structure Relaxation): 0.67260488923 Size:  3
Vacancy Formation Energy (Cell Structure Relaxation): 0.672604773994 Size:  3
Vacancy Formation Energy (Cell Structure Relaxation): 0.672604848784 Size:  3
Vacancy Formation Energy (Cell Structure Relaxation): 0.672604767601 Size:  3
Vacancy Formation Energy (Cell Structure Relaxation): 0.672604857008 Size:  3
Vacancy Formation Energy (Cell Structure Relaxation): 0.672604760314 Size:  3
Vacancy Formation Energy (Cell Structure Relaxation): 0.672604830993 Size:  3
Vacancy Formation Energy (Cell Structure Relaxation): 0.672604756829 Size:  3
Vacancy Formation Energy (Cell Structure Relaxation): 0.672604822218 Size:  3
Vacancy Formation Energy (Cell Structure Relaxation): 0.67260475317 Size:  3
Vacancy Formation Energy (Cell Structure Relaxation): 0.672604842078 Size:  3
Vacancy Formation Energy (Cell Structure Relaxation): 0.67260474805 Size:  3
Vacancy Formation Energy (Cell Structure Relaxation): 0.672604805339 Size:  3
Vacancy Formation Energy (Cell Structure Relaxation): 0.672604747283 Size:  3
Vacancy Formation Energy (Cell Structure Relaxation): 0.672604805632 Size:  3
Vacancy Formation Energy (Cell Structure Relaxation): 0.672604746604 Size:  3
Vacancy Formation Energy (Cell Structure Relaxation): 0.672604764685 Size:  3
Vacancy Formation Energy (Cell Structure Relaxation): 0.672604746661 Size:  3
Vacancy Formation Energy (Cell Structure Relaxation): 0.672604773913 Size:  3
Vacancy Formation Energy (Cell Structure Relaxation): 0.672604744588 Size:  3
Vacancy Formation Energy (Cell Structure Relaxation): 0.672604756114 Size:  3
Vacancy Formation Energy (Cell Structure Relaxation): 0.672604744598 Size:  3
Vacancy Formation Energy (Cell Structure Relaxation): 0.67260475673 Size:  3
Vacancy Formation Energy (Cell Structure Relaxation): 0.672604743527 Size:  3
Vacancy Formation Energy (Cell Structure Relaxation): 0.672604760427 Size:  3
Vacancy Formation Energy (Cell Structure Relaxation): 0.672604741573 Size:  3
Vacancy Formation Energy (Cell Structure Relaxation): 0.672604749239 Size:  3
Vacancy Formation Energy (Cell Structure Relaxation): 0.672604742397 Size:  3
Vacancy Formation Energy (Cell Structure Relaxation): 0.672604743447 Size:  3
Vacancy Formation Energy (Cell Structure Relaxation): 0.672604746165 Size:  3
Vacancy Formation Energy (Cell Structure Relaxation): 0.67260474182 Size:  3
Vacancy Formation Energy (Cell Structure Relaxation): 0.672604744807 Size:  3
Vacancy Formation Energy (Cell Structure Relaxation): 0.672604741414 Size:  3
Vacancy Formation Energy (Cell Structure Relaxation): 0.672604750408 Size:  3
Vacancy Formation Energy (Cell Structure Relaxation): 0.672604740929 Size:  3
Vacancy Formation Energy (Cell Structure Relaxation): 0.672604744794 Size:  3
Vacancy Formation Energy (Cell Structure Relaxation): 0.672604741114 Size:  3
Vacancy Formation Energy (Cell Structure Relaxation): 0.672604743838 Size:  3
Vacancy Formation Energy (Cell Structure Relaxation): 0.672604741156 Size:  3
Vacancy Formation Energy (Cell Structure Relaxation): 0.672604746193 Size:  3
Vacancy Formation Energy (Cell Structure Relaxation): 0.672604740617 Size:  3
Vacancy Formation Energy (Cell Structure Relaxation): 0.672604741416 Size:  3
Vacancy Formation Energy (Cell Structure Relaxation): 0.672604741193 Size:  3
Vacancy Formation Energy (Cell Structure Relaxation): 0.67260474099 Size:  3
Vacancy Formation Energy (Cell Structure Relaxation): 0.672604741805 Size:  3
Vacancy Formation Energy (Cell Structure Relaxation): 0.672604740581 Size:  3
Vacancy Formation Energy (Cell Structure Relaxation): 0.672604741868 Size:  3
Vacancy Formation Energy (Cell Structure Relaxation): 0.672604740507 Size:  3
Vacancy Formation Energy (Cell Structure Relaxation): 0.672604740928 Size:  3
Vacancy Formation Energy (Cell Structure Relaxation): 0.672604741668 Size:  3
Vacancy Formation Energy (Cell Structure Relaxation): 0.672604740476 Size:  3
Vacancy Formation Energy (Cell Structure Relaxation): 0.672604741327 Size:  3
Vacancy Formation Energy (Cell Structure Relaxation): 0.672604740466 Size:  3
Vacancy Formation Energy (Cell Structure Relaxation): 0.672604741328 Size:  3
Vacancy Formation Energy (Cell Structure Relaxation): 0.672604740449 Size:  3
Vacancy Formation Energy (Cell Structure Relaxation): 0.672604740868 Size:  3
Vacancy Formation Energy (Cell Structure Relaxation): 0.672604740455 Size:  3
Vacancy Formation Energy (Cell Structure Relaxation): 0.672604741096 Size:  3
Vacancy Formation Energy (Cell Structure Relaxation): 0.672604740362 Size:  3
Vacancy Formation Energy (Cell Structure Relaxation): 0.672604740636 Size:  3
Vacancy Formation Energy (Cell Structure Relaxation): 0.672604740391 Size:  3
Vacancy Formation Energy (Cell Structure Relaxation): 0.67260474056 Size:  3
Vacancy Formation Energy (Cell Structure Relaxation): 0.672604740369 Size:  3
Optimization terminated successfully.
         Current function value: 0.672605
         Iterations: 109
         Function evaluations: 203
Summary:
Vacancy Formation Energy: 0.672604740362
Unrelaxed Cell Volume: 1793.61956655
Relaxed Cell Volume: 1785.33575528
Relaxation Volume: 8.28381127171
Relaxed Cell Vector:
[  1.21321528e+01   2.27340917e-05   1.21313380e+01   1.28760927e-04
   1.10489011e-04   1.21303499e+01]
Unrelaxed Cell Vector:
[12.15001398057, 0.0, 12.15001398057, 0.0, 0.0, 12.15001398057]
Relaxed Cell:
[[  1.21321528e+01   0.00000000e+00   0.00000000e+00]
 [  2.27340917e-05   1.21313380e+01   0.00000000e+00]
 [  1.28760927e-04   1.10489011e-04   1.21303499e+01]]
Unrelaxed Cell:
[[ 12.15001398   0.           0.        ]
 [  0.          12.15001398   0.        ]
 [  0.           0.          12.15001398]]

Supercell Size: 4
Unrelaxed Cell:
[[ 16.20001864   0.           0.        ]
 [  0.          16.20001864   0.        ]
 [  0.           0.          16.20001864]]
Unrelaxed Cell Vector:
[16.20001864076, 0.0, 16.20001864076, 0.0, 0.0, 16.20001864076]
Vacancy Formation Energy (Cell Structure Relaxation): 0.687206930442 Size:  4
Vacancy Formation Energy (Cell Structure Relaxation): 4.422718181 Size:  4
Vacancy Formation Energy (Cell Structure Relaxation): 0.684217090074 Size:  4
Vacancy Formation Energy (Cell Structure Relaxation): 4.41931557449 Size:  4
Vacancy Formation Energy (Cell Structure Relaxation): 0.680887563174 Size:  4
Vacancy Formation Energy (Cell Structure Relaxation): 0.680887563621 Size:  4
Vacancy Formation Energy (Cell Structure Relaxation): 4.41977779766 Size:  4
Vacancy Formation Energy (Cell Structure Relaxation): 2.82979462909 Size:  4
Vacancy Formation Energy (Cell Structure Relaxation): 3.63981395007 Size:  4
Vacancy Formation Energy (Cell Structure Relaxation): 5.52506314891 Size:  4
Vacancy Formation Energy (Cell Structure Relaxation): 1.62886705068 Size:  4
Vacancy Formation Energy (Cell Structure Relaxation): 3.65720590887 Size:  4
Vacancy Formation Energy (Cell Structure Relaxation): 1.48670925746 Size:  4
Vacancy Formation Energy (Cell Structure Relaxation): 2.59420822757 Size:  4
Vacancy Formation Energy (Cell Structure Relaxation): 1.18862931447 Size:  4
Vacancy Formation Energy (Cell Structure Relaxation): 1.51375078573 Size:  4
Vacancy Formation Energy (Cell Structure Relaxation): 0.882996737128 Size:  4
Vacancy Formation Energy (Cell Structure Relaxation): 1.63723057176 Size:  4
Vacancy Formation Energy (Cell Structure Relaxation): 0.872549133047 Size:  4
Vacancy Formation Energy (Cell Structure Relaxation): 1.17156955024 Size:  4
Vacancy Formation Energy (Cell Structure Relaxation): 0.798293127424 Size:  4
Vacancy Formation Energy (Cell Structure Relaxation): 0.896454234709 Size:  4
Vacancy Formation Energy (Cell Structure Relaxation): 0.727982568495 Size:  4
Vacancy Formation Energy (Cell Structure Relaxation): 0.85153145865 Size:  4
Vacancy Formation Energy (Cell Structure Relaxation): 0.718262297746 Size:  4
Vacancy Formation Energy (Cell Structure Relaxation): 0.829134953796 Size:  4
Vacancy Formation Energy (Cell Structure Relaxation): 0.701618940771 Size:  4
Vacancy Formation Energy (Cell Structure Relaxation): 0.777127721288 Size:  4
Vacancy Formation Energy (Cell Structure Relaxation): 0.683803401328 Size:  4
Vacancy Formation Energy (Cell Structure Relaxation): 0.707403189267 Size:  4
Vacancy Formation Energy (Cell Structure Relaxation): 0.681274625521 Size:  4
Vacancy Formation Energy (Cell Structure Relaxation): 0.719942090198 Size:  4
Vacancy Formation Energy (Cell Structure Relaxation): 0.679197499113 Size:  4
Vacancy Formation Energy (Cell Structure Relaxation): 0.677018870871 Size:  4
Vacancy Formation Energy (Cell Structure Relaxation): 0.686399904214 Size:  4
Vacancy Formation Energy (Cell Structure Relaxation): 0.682538766346 Size:  4
Vacancy Formation Energy (Cell Structure Relaxation): 0.684337483295 Size:  4
Vacancy Formation Energy (Cell Structure Relaxation): 0.676918390113 Size:  4
Vacancy Formation Energy (Cell Structure Relaxation): 0.679763750781 Size:  4
Vacancy Formation Energy (Cell Structure Relaxation): 0.682702669962 Size:  4
Vacancy Formation Energy (Cell Structure Relaxation): 0.675860797313 Size:  4
Vacancy Formation Energy (Cell Structure Relaxation): 0.679348318746 Size:  4
Vacancy Formation Energy (Cell Structure Relaxation): 0.687642189971 Size:  4
Vacancy Formation Energy (Cell Structure Relaxation): 0.67457348291 Size:  4
Vacancy Formation Energy (Cell Structure Relaxation): 0.694659743472 Size:  4
Vacancy Formation Energy (Cell Structure Relaxation): 0.674713539594 Size:  4
Vacancy Formation Energy (Cell Structure Relaxation): 0.675080671069 Size:  4
Vacancy Formation Energy (Cell Structure Relaxation): 0.679074313828 Size:  4
Vacancy Formation Energy (Cell Structure Relaxation): 0.675503065064 Size:  4
Vacancy Formation Energy (Cell Structure Relaxation): 0.677965045239 Size:  4
Vacancy Formation Energy (Cell Structure Relaxation): 0.67490123089 Size:  4
Vacancy Formation Energy (Cell Structure Relaxation): 0.679872366482 Size:  4
Vacancy Formation Energy (Cell Structure Relaxation): 0.674708727957 Size:  4
Vacancy Formation Energy (Cell Structure Relaxation): 0.675211636188 Size:  4
Vacancy Formation Energy (Cell Structure Relaxation): 0.675124454523 Size:  4
Vacancy Formation Energy (Cell Structure Relaxation): 0.675360687851 Size:  4
Vacancy Formation Energy (Cell Structure Relaxation): 0.674451520565 Size:  4
Vacancy Formation Energy (Cell Structure Relaxation): 0.675520178219 Size:  4
Vacancy Formation Energy (Cell Structure Relaxation): 0.67440346129 Size:  4
Vacancy Formation Energy (Cell Structure Relaxation): 0.674872084977 Size:  4
Vacancy Formation Energy (Cell Structure Relaxation): 0.675093547732 Size:  4
Vacancy Formation Energy (Cell Structure Relaxation): 0.674341940299 Size:  4
Vacancy Formation Energy (Cell Structure Relaxation): 0.675351548887 Size:  4
Vacancy Formation Energy (Cell Structure Relaxation): 0.674308604738 Size:  4
Vacancy Formation Energy (Cell Structure Relaxation): 0.674778391078 Size:  4
Vacancy Formation Energy (Cell Structure Relaxation): 0.674306262566 Size:  4
Vacancy Formation Energy (Cell Structure Relaxation): 0.67528707675 Size:  4
Vacancy Formation Energy (Cell Structure Relaxation): 0.674260001153 Size:  4
Vacancy Formation Energy (Cell Structure Relaxation): 0.674620392186 Size:  4
Vacancy Formation Energy (Cell Structure Relaxation): 0.674276498451 Size:  4
Vacancy Formation Energy (Cell Structure Relaxation): 0.674663317874 Size:  4
Vacancy Formation Energy (Cell Structure Relaxation): 0.674231517603 Size:  4
Vacancy Formation Energy (Cell Structure Relaxation): 0.674433222559 Size:  4
Vacancy Formation Energy (Cell Structure Relaxation): 0.674236014203 Size:  4
Vacancy Formation Energy (Cell Structure Relaxation): 0.674407860096 Size:  4
Vacancy Formation Energy (Cell Structure Relaxation): 0.674216777831 Size:  4
Vacancy Formation Energy (Cell Structure Relaxation): 0.674415009171 Size:  4
Vacancy Formation Energy (Cell Structure Relaxation): 0.674205408134 Size:  4
Vacancy Formation Energy (Cell Structure Relaxation): 0.674289378956 Size:  4
Vacancy Formation Energy (Cell Structure Relaxation): 0.674206917166 Size:  4
Vacancy Formation Energy (Cell Structure Relaxation): 0.674388943426 Size:  4
Vacancy Formation Energy (Cell Structure Relaxation): 0.674195545437 Size:  4
Vacancy Formation Energy (Cell Structure Relaxation): 0.674299178177 Size:  4
Vacancy Formation Energy (Cell Structure Relaxation): 0.674198766054 Size:  4
Vacancy Formation Energy (Cell Structure Relaxation): 0.674230263754 Size:  4
Vacancy Formation Energy (Cell Structure Relaxation): 0.674383458378 Size:  4
Vacancy Formation Energy (Cell Structure Relaxation): 0.674182623792 Size:  4
Vacancy Formation Energy (Cell Structure Relaxation): 0.674228373156 Size:  4
Vacancy Formation Energy (Cell Structure Relaxation): 0.674196198193 Size:  4
Vacancy Formation Energy (Cell Structure Relaxation): 0.67419807143 Size:  4
Vacancy Formation Energy (Cell Structure Relaxation): 0.674200978248 Size:  4
Vacancy Formation Energy (Cell Structure Relaxation): 0.674219593565 Size:  4
Vacancy Formation Energy (Cell Structure Relaxation): 0.674186698787 Size:  4
Vacancy Formation Energy (Cell Structure Relaxation): 0.674200117599 Size:  4
Vacancy Formation Energy (Cell Structure Relaxation): 0.674186445554 Size:  4
Vacancy Formation Energy (Cell Structure Relaxation): 0.674226670771 Size:  4
Vacancy Formation Energy (Cell Structure Relaxation): 0.674183821717 Size:  4
Vacancy Formation Energy (Cell Structure Relaxation): 0.674196352666 Size:  4
Vacancy Formation Energy (Cell Structure Relaxation): 0.674185535081 Size:  4
Vacancy Formation Energy (Cell Structure Relaxation): 0.67417947724 Size:  4
Vacancy Formation Energy (Cell Structure Relaxation): 0.674191940339 Size:  4
Vacancy Formation Energy (Cell Structure Relaxation): 0.674210440899 Size:  4
Vacancy Formation Energy (Cell Structure Relaxation): 0.674182359573 Size:  4
Vacancy Formation Energy (Cell Structure Relaxation): 0.674179526596 Size:  4
Vacancy Formation Energy (Cell Structure Relaxation): 0.674183476456 Size:  4
Vacancy Formation Energy (Cell Structure Relaxation): 0.674188146616 Size:  4
Vacancy Formation Energy (Cell Structure Relaxation): 0.674180006634 Size:  4
Vacancy Formation Energy (Cell Structure Relaxation): 0.674191668898 Size:  4
Vacancy Formation Energy (Cell Structure Relaxation): 0.67417917112 Size:  4
Vacancy Formation Energy (Cell Structure Relaxation): 0.674183366976 Size:  4
Vacancy Formation Energy (Cell Structure Relaxation): 0.674179768168 Size:  4
Vacancy Formation Energy (Cell Structure Relaxation): 0.674181864658 Size:  4
Vacancy Formation Energy (Cell Structure Relaxation): 0.674183533773 Size:  4
Vacancy Formation Energy (Cell Structure Relaxation): 0.674179312271 Size:  4
Vacancy Formation Energy (Cell Structure Relaxation): 0.674182035607 Size:  4
Vacancy Formation Energy (Cell Structure Relaxation): 0.674179254459 Size:  4
Vacancy Formation Energy (Cell Structure Relaxation): 0.674179500232 Size:  4
Vacancy Formation Energy (Cell Structure Relaxation): 0.674179800809 Size:  4
Vacancy Formation Energy (Cell Structure Relaxation): 0.674178681791 Size:  4
Vacancy Formation Energy (Cell Structure Relaxation): 0.674180160352 Size:  4
Vacancy Formation Energy (Cell Structure Relaxation): 0.674178562027 Size:  4
Vacancy Formation Energy (Cell Structure Relaxation): 0.674180345827 Size:  4
Vacancy Formation Energy (Cell Structure Relaxation): 0.674178539086 Size:  4
Vacancy Formation Energy (Cell Structure Relaxation): 0.674180901762 Size:  4
Vacancy Formation Energy (Cell Structure Relaxation): 0.674178493252 Size:  4
Vacancy Formation Energy (Cell Structure Relaxation): 0.674179920601 Size:  4
Vacancy Formation Energy (Cell Structure Relaxation): 0.674178536362 Size:  4
Vacancy Formation Energy (Cell Structure Relaxation): 0.674179573201 Size:  4
Vacancy Formation Energy (Cell Structure Relaxation): 0.674178547551 Size:  4
Vacancy Formation Energy (Cell Structure Relaxation): 0.674179030752 Size:  4
Vacancy Formation Energy (Cell Structure Relaxation): 0.674178490149 Size:  4
Vacancy Formation Energy (Cell Structure Relaxation): 0.674178750402 Size:  4
Vacancy Formation Energy (Cell Structure Relaxation): 0.674178408801 Size:  4
Vacancy Formation Energy (Cell Structure Relaxation): 0.674178513293 Size:  4
Vacancy Formation Energy (Cell Structure Relaxation): 0.674178611059 Size:  4
Vacancy Formation Energy (Cell Structure Relaxation): 0.674178369753 Size:  4
Vacancy Formation Energy (Cell Structure Relaxation): 0.67417860339 Size:  4
Vacancy Formation Energy (Cell Structure Relaxation): 0.674178366413 Size:  4
Vacancy Formation Energy (Cell Structure Relaxation): 0.674178840913 Size:  4
Vacancy Formation Energy (Cell Structure Relaxation): 0.674178345826 Size:  4
Vacancy Formation Energy (Cell Structure Relaxation): 0.674178613931 Size:  4
Vacancy Formation Energy (Cell Structure Relaxation): 0.674178360503 Size:  4
Vacancy Formation Energy (Cell Structure Relaxation): 0.674178481581 Size:  4
Vacancy Formation Energy (Cell Structure Relaxation): 0.674178739656 Size:  4
Vacancy Formation Energy (Cell Structure Relaxation): 0.674178342147 Size:  4
Vacancy Formation Energy (Cell Structure Relaxation): 0.674178461909 Size:  4
Vacancy Formation Energy (Cell Structure Relaxation): 0.674178354857 Size:  4
Vacancy Formation Energy (Cell Structure Relaxation): 0.674178408969 Size:  4
Vacancy Formation Energy (Cell Structure Relaxation): 0.674178342705 Size:  4
Vacancy Formation Energy (Cell Structure Relaxation): 0.674178366428 Size:  4
Vacancy Formation Energy (Cell Structure Relaxation): 0.674178331165 Size:  4
Vacancy Formation Energy (Cell Structure Relaxation): 0.674178344156 Size:  4
Vacancy Formation Energy (Cell Structure Relaxation): 0.674178352163 Size:  4
Vacancy Formation Energy (Cell Structure Relaxation): 0.674178389721 Size:  4
Vacancy Formation Energy (Cell Structure Relaxation): 0.674178322172 Size:  4
Vacancy Formation Energy (Cell Structure Relaxation): 0.674178351861 Size:  4
Vacancy Formation Energy (Cell Structure Relaxation): 0.674178324442 Size:  4
Vacancy Formation Energy (Cell Structure Relaxation): 0.674178376197 Size:  4
Vacancy Formation Energy (Cell Structure Relaxation): 0.674178320234 Size:  4
Vacancy Formation Energy (Cell Structure Relaxation): 0.674178385418 Size:  4
Vacancy Formation Energy (Cell Structure Relaxation): 0.674178319312 Size:  4
Vacancy Formation Energy (Cell Structure Relaxation): 0.674178325165 Size:  4
Vacancy Formation Energy (Cell Structure Relaxation): 0.674178351133 Size:  4
Vacancy Formation Energy (Cell Structure Relaxation): 0.674178320028 Size:  4
Vacancy Formation Energy (Cell Structure Relaxation): 0.67417833746 Size:  4
Vacancy Formation Energy (Cell Structure Relaxation): 0.674178317515 Size:  4
Vacancy Formation Energy (Cell Structure Relaxation): 0.67417834224 Size:  4
Vacancy Formation Energy (Cell Structure Relaxation): 0.674178315215 Size:  4
Vacancy Formation Energy (Cell Structure Relaxation): 0.674178321183 Size:  4
Vacancy Formation Energy (Cell Structure Relaxation): 0.67417831886 Size:  4
Vacancy Formation Energy (Cell Structure Relaxation): 0.67417832181 Size:  4
Vacancy Formation Energy (Cell Structure Relaxation): 0.67417831509 Size:  4
Vacancy Formation Energy (Cell Structure Relaxation): 0.674178326304 Size:  4
Vacancy Formation Energy (Cell Structure Relaxation): 0.674178314367 Size:  4
Vacancy Formation Energy (Cell Structure Relaxation): 0.674178319848 Size:  4
Vacancy Formation Energy (Cell Structure Relaxation): 0.674178314758 Size:  4
Vacancy Formation Energy (Cell Structure Relaxation): 0.674178322615 Size:  4
Vacancy Formation Energy (Cell Structure Relaxation): 0.674178314324 Size:  4
Vacancy Formation Energy (Cell Structure Relaxation): 0.674178319719 Size:  4
Vacancy Formation Energy (Cell Structure Relaxation): 0.674178314414 Size:  4
Vacancy Formation Energy (Cell Structure Relaxation): 0.674178319933 Size:  4
Vacancy Formation Energy (Cell Structure Relaxation): 0.674178313928 Size:  4
Vacancy Formation Energy (Cell Structure Relaxation): 0.674178319205 Size:  4
Vacancy Formation Energy (Cell Structure Relaxation): 0.674178313268 Size:  4
Vacancy Formation Energy (Cell Structure Relaxation): 0.674178317869 Size:  4
Vacancy Formation Energy (Cell Structure Relaxation): 0.6741783134 Size:  4
Vacancy Formation Energy (Cell Structure Relaxation): 0.674178314256 Size:  4
Vacancy Formation Energy (Cell Structure Relaxation): 0.674178314528 Size:  4
Vacancy Formation Energy (Cell Structure Relaxation): 0.674178313419 Size:  4
Vacancy Formation Energy (Cell Structure Relaxation): 0.67417831488 Size:  4
Vacancy Formation Energy (Cell Structure Relaxation): 0.674178313363 Size:  4
Vacancy Formation Energy (Cell Structure Relaxation): 0.674178316227 Size:  4
Vacancy Formation Energy (Cell Structure Relaxation): 0.674178313248 Size:  4
Vacancy Formation Energy (Cell Structure Relaxation): 0.674178313752 Size:  4
Vacancy Formation Energy (Cell Structure Relaxation): 0.674178314455 Size:  4
Vacancy Formation Energy (Cell Structure Relaxation): 0.674178313229 Size:  4
Vacancy Formation Energy (Cell Structure Relaxation): 0.674178313927 Size:  4
Vacancy Formation Energy (Cell Structure Relaxation): 0.674178313205 Size:  4
Vacancy Formation Energy (Cell Structure Relaxation): 0.674178313217 Size:  4
Vacancy Formation Energy (Cell Structure Relaxation): 0.674178313738 Size:  4
Vacancy Formation Energy (Cell Structure Relaxation): 0.674178313096 Size:  4
Vacancy Formation Energy (Cell Structure Relaxation): 0.674178313322 Size:  4
Vacancy Formation Energy (Cell Structure Relaxation): 0.67417831309 Size:  4
Vacancy Formation Energy (Cell Structure Relaxation): 0.674178313651 Size:  4
Vacancy Formation Energy (Cell Structure Relaxation): 0.674178313069 Size:  4
Optimization terminated successfully.
         Current function value: 0.674178
         Iterations: 113
         Function evaluations: 205
Summary:
Vacancy Formation Energy: 0.674178313069
Unrelaxed Cell Volume: 4251.54267626
Relaxed Cell Volume: 4243.30002512
Relaxation Volume: 8.24265113757
Relaxed Cell Vector:
[  1.61901350e+01   9.11825970e-05   1.61893415e+01   1.29302904e-04
   7.12738047e-05   1.61891514e+01]
Unrelaxed Cell Vector:
[16.20001864076, 0.0, 16.20001864076, 0.0, 0.0, 16.20001864076]
Relaxed Cell:
[[  1.61901350e+01   0.00000000e+00   0.00000000e+00]
 [  9.11825970e-05   1.61893415e+01   0.00000000e+00]
 [  1.29302904e-04   7.12738047e-05   1.61891514e+01]]
Unrelaxed Cell:
[[ 16.20001864   0.           0.        ]
 [  0.          16.20001864   0.        ]
 [  0.           0.          16.20001864]]

Supercell Size: 5
Unrelaxed Cell:
[[ 20.2500233   0.          0.       ]
 [  0.         20.2500233   0.       ]
 [  0.          0.         20.2500233]]
Unrelaxed Cell Vector:
[20.250023300949998, 0.0, 20.250023300949998, 0.0, 0.0, 20.250023300949998]
Vacancy Formation Energy (Cell Structure Relaxation): 0.687142299415 Size:  5
Vacancy Formation Energy (Cell Structure Relaxation): 7.83255655039 Size:  5
Vacancy Formation Energy (Cell Structure Relaxation): 0.684064062694 Size:  5
Vacancy Formation Energy (Cell Structure Relaxation): 7.82857624137 Size:  5
Vacancy Formation Energy (Cell Structure Relaxation): 0.680067056075 Size:  5
Vacancy Formation Energy (Cell Structure Relaxation): 0.680067056341 Size:  5
Vacancy Formation Energy (Cell Structure Relaxation): 7.82895037447 Size:  5
Vacancy Formation Energy (Cell Structure Relaxation): 4.97859716262 Size:  5
Vacancy Formation Energy (Cell Structure Relaxation): 6.65083008484 Size:  5
Vacancy Formation Energy (Cell Structure Relaxation): 10.4102233533 Size:  5
Vacancy Formation Energy (Cell Structure Relaxation): 2.46301951548 Size:  5
Vacancy Formation Energy (Cell Structure Relaxation): 6.37000783945 Size:  5
Vacancy Formation Energy (Cell Structure Relaxation): 2.29365834116 Size:  5
Vacancy Formation Energy (Cell Structure Relaxation): 5.00716817797 Size:  5
Vacancy Formation Energy (Cell Structure Relaxation): 1.92618678633 Size:  5
Vacancy Formation Energy (Cell Structure Relaxation): 2.14671459634 Size:  5
Vacancy Formation Energy (Cell Structure Relaxation): 2.21800034001 Size:  5
Vacancy Formation Energy (Cell Structure Relaxation): 1.09426116546 Size:  5
Vacancy Formation Energy (Cell Structure Relaxation): 2.02279341859 Size:  5
Vacancy Formation Energy (Cell Structure Relaxation): 1.04712401034 Size:  5
Vacancy Formation Energy (Cell Structure Relaxation): 1.69825325394 Size:  5
Vacancy Formation Energy (Cell Structure Relaxation): 0.92477073342 Size:  5
Vacancy Formation Energy (Cell Structure Relaxation): 1.2719865821 Size:  5
Vacancy Formation Energy (Cell Structure Relaxation): 0.771100815066 Size:  5
Vacancy Formation Energy (Cell Structure Relaxation): 1.12018998955 Size:  5
Vacancy Formation Energy (Cell Structure Relaxation): 0.769939481791 Size:  5
Vacancy Formation Energy (Cell Structure Relaxation): 0.935485271922 Size:  5
Vacancy Formation Energy (Cell Structure Relaxation): 0.740688214443 Size:  5
Vacancy Formation Energy (Cell Structure Relaxation): 0.818348969542 Size:  5
Vacancy Formation Energy (Cell Structure Relaxation): 0.69814378501 Size:  5
Vacancy Formation Energy (Cell Structure Relaxation): 0.762209518161 Size:  5
Vacancy Formation Energy (Cell Structure Relaxation): 0.697980027175 Size:  5
Vacancy Formation Energy (Cell Structure Relaxation): 0.723949299184 Size:  5
Vacancy Formation Energy (Cell Structure Relaxation): 0.685928457337 Size:  5
Vacancy Formation Energy (Cell Structure Relaxation): 0.725443095143 Size:  5
Vacancy Formation Energy (Cell Structure Relaxation): 0.678834562293 Size:  5
Vacancy Formation Energy (Cell Structure Relaxation): 0.705421209443 Size:  5
Vacancy Formation Energy (Cell Structure Relaxation): 0.680701169628 Size:  5
Vacancy Formation Energy (Cell Structure Relaxation): 0.676563839617 Size:  5
Vacancy Formation Energy (Cell Structure Relaxation): 0.679217638562 Size:  5
Vacancy Formation Energy (Cell Structure Relaxation): 0.687719615859 Size:  5
Vacancy Formation Energy (Cell Structure Relaxation): 0.678148274944 Size:  5
Vacancy Formation Energy (Cell Structure Relaxation): 0.677468530964 Size:  5
Vacancy Formation Energy (Cell Structure Relaxation): 0.679827523423 Size:  5
Vacancy Formation Energy (Cell Structure Relaxation): 0.679846774789 Size:  5
Vacancy Formation Energy (Cell Structure Relaxation): 0.685706025444 Size:  5
Vacancy Formation Energy (Cell Structure Relaxation): 0.675755220311 Size:  5
Vacancy Formation Energy (Cell Structure Relaxation): 0.676651743708 Size:  5
Vacancy Formation Energy (Cell Structure Relaxation): 0.680679912806 Size:  5
Vacancy Formation Energy (Cell Structure Relaxation): 0.67668407554 Size:  5
Vacancy Formation Energy (Cell Structure Relaxation): 0.682740922684 Size:  5
Vacancy Formation Energy (Cell Structure Relaxation): 0.676179060184 Size:  5
Vacancy Formation Energy (Cell Structure Relaxation): 0.676726558044 Size:  5
Vacancy Formation Energy (Cell Structure Relaxation): 0.677298886259 Size:  5
Vacancy Formation Energy (Cell Structure Relaxation): 0.675991037942 Size:  5
Vacancy Formation Energy (Cell Structure Relaxation): 0.678337902803 Size:  5
Vacancy Formation Energy (Cell Structure Relaxation): 0.67572652711 Size:  5
Vacancy Formation Energy (Cell Structure Relaxation): 0.676274702243 Size:  5
Vacancy Formation Energy (Cell Structure Relaxation): 0.677126329388 Size:  5
Vacancy Formation Energy (Cell Structure Relaxation): 0.675775875807 Size:  5
Vacancy Formation Energy (Cell Structure Relaxation): 0.676911520117 Size:  5
Vacancy Formation Energy (Cell Structure Relaxation): 0.675762597266 Size:  5
Vacancy Formation Energy (Cell Structure Relaxation): 0.676708444043 Size:  5
Vacancy Formation Energy (Cell Structure Relaxation): 0.675684027947 Size:  5
Vacancy Formation Energy (Cell Structure Relaxation): 0.676659618537 Size:  5
Vacancy Formation Energy (Cell Structure Relaxation): 0.67565872327 Size:  5
Vacancy Formation Energy (Cell Structure Relaxation): 0.676123134527 Size:  5
Vacancy Formation Energy (Cell Structure Relaxation): 0.675645111613 Size:  5
Vacancy Formation Energy (Cell Structure Relaxation): 0.675834572463 Size:  5
Vacancy Formation Energy (Cell Structure Relaxation): 0.675597950768 Size:  5
Vacancy Formation Energy (Cell Structure Relaxation): 0.67585560072 Size:  5
Vacancy Formation Energy (Cell Structure Relaxation): 0.675590747229 Size:  5
Vacancy Formation Energy (Cell Structure Relaxation): 0.67586486278 Size:  5
Vacancy Formation Energy (Cell Structure Relaxation): 0.675587253529 Size:  5
Vacancy Formation Energy (Cell Structure Relaxation): 0.675821621474 Size:  5
Vacancy Formation Energy (Cell Structure Relaxation): 0.675581553299 Size:  5
Vacancy Formation Energy (Cell Structure Relaxation): 0.675774032836 Size:  5
Vacancy Formation Energy (Cell Structure Relaxation): 0.675572003557 Size:  5
Vacancy Formation Energy (Cell Structure Relaxation): 0.675767237818 Size:  5
Vacancy Formation Energy (Cell Structure Relaxation): 0.675564971407 Size:  5
Vacancy Formation Energy (Cell Structure Relaxation): 0.675663225303 Size:  5
Vacancy Formation Energy (Cell Structure Relaxation): 0.675569931601 Size:  5
Vacancy Formation Energy (Cell Structure Relaxation): 0.675599651042 Size:  5
Vacancy Formation Energy (Cell Structure Relaxation): 0.67555939616 Size:  5
Vacancy Formation Energy (Cell Structure Relaxation): 0.675611268535 Size:  5
Vacancy Formation Energy (Cell Structure Relaxation): 0.675555674027 Size:  5
Vacancy Formation Energy (Cell Structure Relaxation): 0.675596197961 Size:  5
Vacancy Formation Energy (Cell Structure Relaxation): 0.675555695843 Size:  5
Vacancy Formation Energy (Cell Structure Relaxation): 0.675612743032 Size:  5
Vacancy Formation Energy (Cell Structure Relaxation): 0.675552333434 Size:  5
Vacancy Formation Energy (Cell Structure Relaxation): 0.675591899728 Size:  5
Vacancy Formation Energy (Cell Structure Relaxation): 0.675551256913 Size:  5
Vacancy Formation Energy (Cell Structure Relaxation): 0.675571878945 Size:  5
Vacancy Formation Energy (Cell Structure Relaxation): 0.675552315383 Size:  5
Vacancy Formation Energy (Cell Structure Relaxation): 0.675587739635 Size:  5
Vacancy Formation Energy (Cell Structure Relaxation): 0.675549295289 Size:  5
Vacancy Formation Energy (Cell Structure Relaxation): 0.675555834994 Size:  5
Vacancy Formation Energy (Cell Structure Relaxation): 0.675548553796 Size:  5
Vacancy Formation Energy (Cell Structure Relaxation): 0.675559569114 Size:  5
Vacancy Formation Energy (Cell Structure Relaxation): 0.675548466568 Size:  5
Vacancy Formation Energy (Cell Structure Relaxation): 0.675558333061 Size:  5
Vacancy Formation Energy (Cell Structure Relaxation): 0.675548533997 Size:  5
Vacancy Formation Energy (Cell Structure Relaxation): 0.675555896268 Size:  5
Vacancy Formation Energy (Cell Structure Relaxation): 0.675547631 Size:  5
Vacancy Formation Energy (Cell Structure Relaxation): 0.67555639908 Size:  5
Vacancy Formation Energy (Cell Structure Relaxation): 0.675547596459 Size:  5
Vacancy Formation Energy (Cell Structure Relaxation): 0.675557203845 Size:  5
Vacancy Formation Energy (Cell Structure Relaxation): 0.675547224821 Size:  5
Vacancy Formation Energy (Cell Structure Relaxation): 0.675548609268 Size:  5
Vacancy Formation Energy (Cell Structure Relaxation): 0.675547016452 Size:  5
Vacancy Formation Energy (Cell Structure Relaxation): 0.675550252424 Size:  5
Vacancy Formation Energy (Cell Structure Relaxation): 0.675546915526 Size:  5
Vacancy Formation Energy (Cell Structure Relaxation): 0.675548492566 Size:  5
Vacancy Formation Energy (Cell Structure Relaxation): 0.675547040305 Size:  5
Vacancy Formation Energy (Cell Structure Relaxation): 0.675548306713 Size:  5
Vacancy Formation Energy (Cell Structure Relaxation): 0.675546948236 Size:  5
Vacancy Formation Energy (Cell Structure Relaxation): 0.675548152188 Size:  5
Vacancy Formation Energy (Cell Structure Relaxation): 0.675546744232 Size:  5
Vacancy Formation Energy (Cell Structure Relaxation): 0.675548137878 Size:  5
Vacancy Formation Energy (Cell Structure Relaxation): 0.675546732944 Size:  5
Vacancy Formation Energy (Cell Structure Relaxation): 0.675547532205 Size:  5
Vacancy Formation Energy (Cell Structure Relaxation): 0.67554666331 Size:  5
Vacancy Formation Energy (Cell Structure Relaxation): 0.675547037683 Size:  5
Vacancy Formation Energy (Cell Structure Relaxation): 0.675546641333 Size:  5
Vacancy Formation Energy (Cell Structure Relaxation): 0.675547683438 Size:  5
Vacancy Formation Energy (Cell Structure Relaxation): 0.675546578366 Size:  5
Vacancy Formation Energy (Cell Structure Relaxation): 0.675546842856 Size:  5
Vacancy Formation Energy (Cell Structure Relaxation): 0.675547037926 Size:  5
Vacancy Formation Energy (Cell Structure Relaxation): 0.675546594536 Size:  5
Vacancy Formation Energy (Cell Structure Relaxation): 0.675546931464 Size:  5
Vacancy Formation Energy (Cell Structure Relaxation): 0.675546577986 Size:  5
Vacancy Formation Energy (Cell Structure Relaxation): 0.675546999194 Size:  5
Vacancy Formation Energy (Cell Structure Relaxation): 0.675546539767 Size:  5
Vacancy Formation Energy (Cell Structure Relaxation): 0.675547017574 Size:  5
Vacancy Formation Energy (Cell Structure Relaxation): 0.675546537606 Size:  5
Vacancy Formation Energy (Cell Structure Relaxation): 0.675546701516 Size:  5
Vacancy Formation Energy (Cell Structure Relaxation): 0.675546544182 Size:  5
Vacancy Formation Energy (Cell Structure Relaxation): 0.675546626269 Size:  5
Vacancy Formation Energy (Cell Structure Relaxation): 0.675546534686 Size:  5
Vacancy Formation Energy (Cell Structure Relaxation): 0.675546708725 Size:  5
Vacancy Formation Energy (Cell Structure Relaxation): 0.675546518407 Size:  5
Vacancy Formation Energy (Cell Structure Relaxation): 0.675546540901 Size:  5
Vacancy Formation Energy (Cell Structure Relaxation): 0.675546573561 Size:  5
Vacancy Formation Energy (Cell Structure Relaxation): 0.675546519001 Size:  5
Vacancy Formation Energy (Cell Structure Relaxation): 0.675546615995 Size:  5
Vacancy Formation Energy (Cell Structure Relaxation): 0.675546506047 Size:  5
Vacancy Formation Energy (Cell Structure Relaxation): 0.67554653851 Size:  5
Vacancy Formation Energy (Cell Structure Relaxation): 0.675546586556 Size:  5
Vacancy Formation Energy (Cell Structure Relaxation): 0.675546507836 Size:  5
Vacancy Formation Energy (Cell Structure Relaxation): 0.675546533769 Size:  5
Vacancy Formation Energy (Cell Structure Relaxation): 0.675546535844 Size:  5
Vacancy Formation Energy (Cell Structure Relaxation): 0.675546510317 Size:  5
Vacancy Formation Energy (Cell Structure Relaxation): 0.675546583762 Size:  5
Vacancy Formation Energy (Cell Structure Relaxation): 0.675546505997 Size:  5
Vacancy Formation Energy (Cell Structure Relaxation): 0.675546529298 Size:  5
Vacancy Formation Energy (Cell Structure Relaxation): 0.675546508406 Size:  5
Vacancy Formation Energy (Cell Structure Relaxation): 0.675546517615 Size:  5
Vacancy Formation Energy (Cell Structure Relaxation): 0.675546520231 Size:  5
Vacancy Formation Energy (Cell Structure Relaxation): 0.67554650569 Size:  5
Vacancy Formation Energy (Cell Structure Relaxation): 0.675546522478 Size:  5
Vacancy Formation Energy (Cell Structure Relaxation): 0.675546505117 Size:  5
Vacancy Formation Energy (Cell Structure Relaxation): 0.675546511414 Size:  5
Vacancy Formation Energy (Cell Structure Relaxation): 0.675546503665 Size:  5
Vacancy Formation Energy (Cell Structure Relaxation): 0.675546505759 Size:  5
Vacancy Formation Energy (Cell Structure Relaxation): 0.675546515181 Size:  5
Vacancy Formation Energy (Cell Structure Relaxation): 0.675546502225 Size:  5
Vacancy Formation Energy (Cell Structure Relaxation): 0.675546512452 Size:  5
Vacancy Formation Energy (Cell Structure Relaxation): 0.675546501927 Size:  5
Vacancy Formation Energy (Cell Structure Relaxation): 0.675546516595 Size:  5
Vacancy Formation Energy (Cell Structure Relaxation): 0.675546501662 Size:  5
Vacancy Formation Energy (Cell Structure Relaxation): 0.675546507052 Size:  5
Vacancy Formation Energy (Cell Structure Relaxation): 0.675546502516 Size:  5
Vacancy Formation Energy (Cell Structure Relaxation): 0.675546502003 Size:  5
Vacancy Formation Energy (Cell Structure Relaxation): 0.675546504834 Size:  5
Vacancy Formation Energy (Cell Structure Relaxation): 0.675546501902 Size:  5
Vacancy Formation Energy (Cell Structure Relaxation): 0.675546503023 Size:  5
Vacancy Formation Energy (Cell Structure Relaxation): 0.675546501385 Size:  5
Vacancy Formation Energy (Cell Structure Relaxation): 0.675546504653 Size:  5
Vacancy Formation Energy (Cell Structure Relaxation): 0.675546501141 Size:  5
Vacancy Formation Energy (Cell Structure Relaxation): 0.675546502103 Size:  5
Vacancy Formation Energy (Cell Structure Relaxation): 0.675546501218 Size:  5
Vacancy Formation Energy (Cell Structure Relaxation): 0.675546501949 Size:  5
Vacancy Formation Energy (Cell Structure Relaxation): 0.675546501191 Size:  5
Vacancy Formation Energy (Cell Structure Relaxation): 0.675546503799 Size:  5
Vacancy Formation Energy (Cell Structure Relaxation): 0.67554650104 Size:  5
Vacancy Formation Energy (Cell Structure Relaxation): 0.675546503565 Size:  5
Vacancy Formation Energy (Cell Structure Relaxation): 0.675546501027 Size:  5
Vacancy Formation Energy (Cell Structure Relaxation): 0.675546500896 Size:  5
Vacancy Formation Energy (Cell Structure Relaxation): 0.675546501564 Size:  5
Vacancy Formation Energy (Cell Structure Relaxation): 0.675546501105 Size:  5
Vacancy Formation Energy (Cell Structure Relaxation): 0.675546501692 Size:  5
Vacancy Formation Energy (Cell Structure Relaxation): 0.675546500859 Size:  5
Optimization terminated successfully.
         Current function value: 0.675547
         Iterations: 102
         Function evaluations: 192
Summary:
Vacancy Formation Energy: 0.675546500859
Unrelaxed Cell Volume: 8303.79428957
Relaxed Cell Volume: 8295.62688102
Relaxation Volume: 8.16740855435
Relaxed Cell Vector:
[  2.02434858e+01   5.36619529e-05   2.02438902e+01   1.26077869e-04
   1.39085720e-04   2.02427700e+01]
Unrelaxed Cell Vector:
[20.250023300949998, 0.0, 20.250023300949998, 0.0, 0.0, 20.250023300949998]
Relaxed Cell:
[[  2.02434858e+01   0.00000000e+00   0.00000000e+00]
 [  5.36619529e-05   2.02438902e+01   0.00000000e+00]
 [  1.26077869e-04   1.39085720e-04   2.02427700e+01]]
Unrelaxed Cell:
[[ 20.2500233   0.          0.       ]
 [  0.         20.2500233   0.       ]
 [  0.          0.         20.2500233]]

[Calculation Results Summary]
Sizes: [3, 4, 5]
Formation Energy By Size:
[0.67260474036157802, 0.67417831306920561, 0.67554650085935464]
Relaxation Volume By Size:
[8.2838112717086005, 8.2426511375651899, 8.1674085543454567]

[Extrapolation]
Fitting with 2 points, including orders [0, 3]
Fit with data beginning 0

Fit with Size: [3 4]
Orders: [0, 3]
Matrix A (Ax = y):
[[ 1.          0.03703704]
 [ 1.          0.015625  ]]
Data for Fitting: [ 0.67260474  0.67417831]
Fitting Results: (array([ 0.6753266, -0.0734901]), array([], dtype=float64), 2, array([ 1.41470379,  0.01513535]))

Fit with Size: [3 4]
Orders: [0, 3]
Matrix A (Ax = y):
[[ 1.          0.03703704]
 [ 1.          0.015625  ]]
Data for Fitting: [ 8.28381127  8.24265114]
Fitting Results: (array([ 8.21261536,  1.92228951]), array([], dtype=float64), 2, array([ 1.41470379,  0.01513535]))
Fit with data beginning 1

Fit with Size: [4 5]
Orders: [0, 3]
Matrix A (Ax = y):
[[ 1.        0.015625]
 [ 1.        0.008   ]]
Data for Fitting: [ 0.67417831  0.6755465 ]
Fitting Results: (array([ 0.67698198, -0.17943446]), array([], dtype=float64), 2, array([ 1.41431223,  0.00539131]))

Fit with Size: [4 5]
Orders: [0, 3]
Matrix A (Ax = y):
[[ 1.        0.015625]
 [ 1.        0.008   ]]
Data for Fitting: [ 8.24265114  8.16740855]
Fitting Results: (array([ 8.08846552,  9.86787977]), array([], dtype=float64), 2, array([ 1.41431223,  0.00539131]))
Fitting with 3 points, including orders [0, 3]
Fit with data beginning 0

Fit with Size: [3 4 5]
Orders: [0, 3]
Matrix A (Ax = y):
[[ 1.          0.03703704]
 [ 1.          0.015625  ]
 [ 1.          0.008     ]]
Data for Fitting: [ 0.67260474  0.67417831  0.6755465 ]
Fitting Results: (array([ 0.67603629, -0.09527072]), array([  2.20032782e-07]), 2, array([ 1.73240492,  0.02128544]))

Fit with Size: [3 4 5]
Orders: [0, 3]
Matrix A (Ax = y):
[[ 1.          0.03703704]
 [ 1.          0.015625  ]
 [ 1.          0.008     ]]
Data for Fitting: [ 8.28381127  8.24265114  8.16740855]
Fitting Results: (array([ 8.15938988,  3.55578746]), array([ 0.00123761]), 2, array([ 1.73240492,  0.02128544]))
Fitting with 3 points, including orders [0, 3, 4]
Fit with data beginning 0

Fit with Size: [3 4 5]
Orders: [0, 3, 4]
Matrix A (Ax = y):
[[ 1.          0.03703704  0.01234568]
 [ 1.          0.015625    0.00390625]
 [ 1.          0.008       0.0016    ]]
Data for Fitting: [ 0.67260474  0.67417831  0.6755465 ]
Fitting Results: (array([ 0.67792913, -0.52893312,  1.155524  ]), array([], dtype=float64), 3, array([  1.73243559e+00,   2.27351353e-02,   3.80051182e-04]))

Fit with Size: [3 4 5]
Orders: [0, 3, 4]
Matrix A (Ax = y):
[[ 1.          0.03703704  0.01234568]
 [ 1.          0.015625    0.00390625]
 [ 1.          0.008       0.0016    ]]
Data for Fitting: [ 8.28381127  8.24265114  8.16740855]
Fitting Results: (array([  8.01743132,  36.07949634, -86.66171334]), array([], dtype=float64), 3, array([  1.73243559e+00,   2.27351353e-02,   3.80051182e-04]))
Fitting with 3 points, including orders [0, 3, 5]
Fit with data beginning 0

Fit with Size: [3 4 5]
Orders: [0, 3, 5]
Matrix A (Ax = y):
[[  1.00000000e+00   3.70370370e-02   4.11522634e-03]
 [  1.00000000e+00   1.56250000e-02   9.76562500e-04]
 [  1.00000000e+00   8.00000000e-03   3.20000000e-04]]
Data for Fitting: [ 0.67260474  0.67417831  0.6755465 ]
Fitting Results: (array([ 0.67762813, -0.3302757 ,  1.75179727]), array([], dtype=float64), 3, array([  1.73240774e+00,   2.14761184e-02,   2.65390853e-04]))

Fit with Size: [3 4 5]
Orders: [0, 3, 5]
Matrix A (Ax = y):
[[  1.00000000e+00   3.70370370e-02   4.11522634e-03]
 [  1.00000000e+00   1.56250000e-02   9.76562500e-04]
 [  1.00000000e+00   8.00000000e-03   3.20000000e-04]]
Data for Fitting: [ 8.28381127  8.24265114  8.16740855]
Fitting Results: (array([   8.04000536,   21.18063445, -131.38087305]), array([], dtype=float64), 3, array([  1.73240774e+00,   2.14761184e-02,   2.65390853e-04]))
Fitting with 3 points, including orders [0, 3, 6]
Fit with data beginning 0

Fit with Size: [3 4 5]
Orders: [0, 3, 6]
Matrix A (Ax = y):
[[  1.00000000e+00   3.70370370e-02   1.37174211e-03]
 [  1.00000000e+00   1.56250000e-02   2.44140625e-04]
 [  1.00000000e+00   8.00000000e-03   6.40000000e-05]]
Data for Fitting: [ 0.67260474  0.67417831  0.6755465 ]
Fitting Results: (array([ 0.67743805, -0.2656325 ,  3.64859424]), array([], dtype=float64), 3, array([  1.73240519e+00,   2.13086278e-02,   1.28423698e-04]))

Fit with Size: [3 4 5]
Orders: [0, 3, 6]
Matrix A (Ax = y):
[[  1.00000000e+00   3.70370370e-02   1.37174211e-03]
 [  1.00000000e+00   1.56250000e-02   2.44140625e-04]
 [  1.00000000e+00   8.00000000e-03   6.40000000e-05]]
Data for Fitting: [ 8.28381127  8.24265114  8.16740855]
Fitting Results: (array([   8.05426097,   16.3325397 , -273.63639921]), array([], dtype=float64), 3, array([  1.73240519e+00,   2.13086278e-02,   1.28423698e-04]))

[Fitting Results Summary]
Sizes: [3, 4, 5]
Data Points Used: [2, 3, 3, 3, 3]
Orders Included:
[[0, 3] [0, 3] [0, 3, 4] [0, 3, 5] [0, 3, 6]]
Formation Energy Fits By Size:
[[0.67532659585585242, 0.67698197657360892] [0.67603629010361743]
 [0.67792912739665534] [0.67762813130285049] [0.67743805085299114]]
Relaxation Volume Fits By Size:
[[8.2126153640010742, 8.0884655162132741] [8.1593898842726365]
 [8.0174313249532467] [8.0400053581226221] [8.0542609663125599]]

[Final Results]
[
    {
        "property-id" "tag:staff@noreply.openkim.org,2015-07-28:property/monovacancy-neutral-relaxed-formation-potential-energy-crystal-npt" 
        "instance-id" 1 
        "relaxed-formation-potential-energy" {
            "source-value" 0.67698197657360892 
            "source-unit" "eV" 
            "source-std-uncert-value" 0.0011633820337364773
        } 
        "host-cauchy-stress" {
            "source-value" [
                0 
                0 
                0 
                0 
                0 
                0
            ] 
            "source-unit" "GPa"
        } 
        "host-removed-atom" {
            "source-value" 1
        } 
        "host-short-name" {
            "source-value" [
                "fcc"
            ]
        } 
        "host-a" {
            "source-value" 4.0500046601899999 
            "source-unit" "angstrom"
        } 
        "host-b" {
            "source-value" 4.0500046601899999 
            "source-unit" "angstrom"
        } 
        "host-c" {
            "source-value" 4.0500046601899999 
            "source-unit" "angstrom"
        } 
        "host-alpha" {
            "source-value" 90.0 
            "source-unit" "degree"
        } 
        "host-beta" {
            "source-value" 90.0 
            "source-unit" "degree"
        } 
        "host-gamma" {
            "source-value" 90.0 
            "source-unit" "degree"
        } 
        "host-space-group" {
            "source-value" "Fm-3m"
        } 
        "host-wyckoff-multiplicity-and-letter" {
            "source-value" [
                "4a"
            ]
        } 
        "host-wyckoff-coordinates" {
            "source-value" [
                [
                    0.0 
                    0.0 
                    0.0
                ]
            ]
        } 
        "host-wyckoff-species" {
            "source-value" [
                "Al"
            ]
        } 
        "reservoir-cohesive-potential-energy" {
            "source-value" -13.439999952735137 
            "source-unit" "eV"
        } 
        "reservoir-short-name" {
            "source-value" [
                "fcc"
            ]
        } 
        "reservoir-cauchy-stress" {
            "source-value" [
                0.0 
                0.0 
                0.0 
                0.0 
                0.0 
                0.0
            ] 
            "source-unit" "GPa"
        } 
        "reservoir-a" {
            "source-value" 4.0500046601899999 
            "source-unit" "angstrom"
        } 
        "reservoir-b" {
            "source-value" 4.0500046601899999 
            "source-unit" "angstrom"
        } 
        "reservoir-c" {
            "source-value" 4.0500046601899999 
            "source-unit" "angstrom"
        } 
        "reservoir-alpha" {
            "source-value" 90.0 
            "source-unit" "degree"
        } 
        "reservoir-beta" {
            "source-value" 90.0 
            "source-unit" "degree"
        } 
        "reservoir-gamma" {
            "source-value" 90.0 
            "source-unit" "degree"
        } 
        "reservoir-space-group" {
            "source-value" "Fm-3m"
        } 
        "reservoir-wyckoff-multiplicity-and-letter" {
            "source-value" [
                "4a"
            ]
        } 
        "reservoir-wyckoff-coordinates" {
            "source-value" [
                [
                    0.0 
                    0.0 
                    0.0
                ]
            ]
        } 
        "reservoir-wyckoff-species" {
            "source-value" [
                "Al"
            ]
        }
    } 
    {
        "property-id" "tag:staff@noreply.openkim.org,2015-07-28:property/monovacancy-neutral-relaxation-volume-crystal-npt" 
        "instance-id" 2 
        "relaxation-volume" {
            "source-value" 8.0884655162132741 
            "source-unit" "angstrom^3" 
            "source-std-uncert-value" 0.10927559786300127
        } 
        "host-cauchy-stress" {
            "source-value" [
                0 
                0 
                0 
                0 
                0 
                0
            ] 
            "source-unit" "GPa"
        } 
        "host-removed-atom" {
            "source-value" 1
        } 
        "host-short-name" {
            "source-value" [
                "fcc"
            ]
        } 
        "host-a" {
            "source-value" 4.0500046601899999 
            "source-unit" "angstrom"
        } 
        "host-b" {
            "source-value" 4.0500046601899999 
            "source-unit" "angstrom"
        } 
        "host-c" {
            "source-value" 4.0500046601899999 
            "source-unit" "angstrom"
        } 
        "host-alpha" {
            "source-value" 90.0 
            "source-unit" "degree"
        } 
        "host-beta" {
            "source-value" 90.0 
            "source-unit" "degree"
        } 
        "host-gamma" {
            "source-value" 90.0 
            "source-unit" "degree"
        } 
        "host-space-group" {
            "source-value" "Fm-3m"
        } 
        "host-wyckoff-multiplicity-and-letter" {
            "source-value" [
                "4a"
            ]
        } 
        "host-wyckoff-coordinates" {
            "source-value" [
                [
                    0.0 
                    0.0 
                    0.0
                ]
            ]
        } 
        "host-wyckoff-species" {
            "source-value" [
                "Al"
            ]
        }
    }
]
