Imported bulk from ase.lattice
element=lattice type=modelname=Element: Fe
Lattice: hcp
Model: EAM_Dynamo_Ackland_Bacon_Fe__MO_142799717516_001
Model Cutoff: 3.72645
Relaxation With c/a Ratio Fixed
Simplex Searching start from: cutoff * 0.1
Optimization terminated successfully.
         Current function value: -8.523679
         Iterations: 41
         Function evaluations: 87
Lattice Constants: [ 2.60218455]
Energy: -8.52367872531
Simplex Searching start from: cutoff * 0.12
Optimization terminated successfully.
         Current function value: -8.523679
         Iterations: 41
         Function evaluations: 85
Lattice Constants: [ 2.60218459]
Energy: -8.52367872531
Simplex Searching start from: cutoff * 0.14
Optimization terminated successfully.
         Current function value: -8.523679
         Iterations: 40
         Function evaluations: 83
Lattice Constants: [ 2.60218456]
Energy: -8.52367872531
Simplex Searching start from: cutoff * 0.16
Optimization terminated successfully.
         Current function value: -8.523679
         Iterations: 41
         Function evaluations: 87
Lattice Constants: [ 2.60218455]
Energy: -8.52367872531
Simplex Searching start from: cutoff * 0.18
Optimization terminated successfully.
         Current function value: -8.523679
         Iterations: 41
         Function evaluations: 88
Lattice Constants: [ 2.60218458]
Energy: -8.52367872531
Simplex Searching start from: cutoff * 0.2
Optimization terminated successfully.
         Current function value: -8.523679
         Iterations: 39
         Function evaluations: 85
Lattice Constants: [ 2.60218456]
Energy: -8.52367872531
Simplex Searching start from: cutoff * 0.22
Optimization terminated successfully.
         Current function value: -8.523679
         Iterations: 39
         Function evaluations: 81
Lattice Constants: [ 2.60218457]
Energy: -8.52367872531
Simplex Searching start from: cutoff * 0.24
Optimization terminated successfully.
         Current function value: -8.523679
         Iterations: 39
         Function evaluations: 83
Lattice Constants: [ 2.6021846]
Energy: -8.52367872531
Simplex Searching start from: cutoff * 0.26
Optimization terminated successfully.
         Current function value: -8.523679
         Iterations: 38
         Function evaluations: 80
Lattice Constants: [ 2.60218455]
Energy: -8.52367872531
Simplex Searching start from: cutoff * 0.28
Optimization terminated successfully.
         Current function value: -8.523679
         Iterations: 39
         Function evaluations: 82
Lattice Constants: [ 2.60218456]
Energy: -8.52367872531
Simplex Searching start from: cutoff * 0.3
Optimization terminated successfully.
         Current function value: -8.523679
         Iterations: 39
         Function evaluations: 83
Lattice Constants: [ 2.60218458]
Energy: -8.52367872531
Simplex Searching start from: cutoff * 0.32
Optimization terminated successfully.
         Current function value: -8.523679
         Iterations: 39
         Function evaluations: 83
Lattice Constants: [ 2.60218454]
Energy: -8.52367872531
Simplex Searching start from: cutoff * 0.34
Optimization terminated successfully.
         Current function value: -8.523679
         Iterations: 39
         Function evaluations: 84
Lattice Constants: [ 2.60218459]
Energy: -8.52367872531
Simplex Searching start from: cutoff * 0.36
Optimization terminated successfully.
         Current function value: -8.523679
         Iterations: 39
         Function evaluations: 82
Lattice Constants: [ 2.60218456]
Energy: -8.52367872531
Simplex Searching start from: cutoff * 0.38
Optimization terminated successfully.
         Current function value: -8.523679
         Iterations: 38
         Function evaluations: 80
Lattice Constants: [ 2.60218456]
Energy: -8.52367872531
Simplex Searching start from: cutoff * 0.4
Optimization terminated successfully.
         Current function value: -8.523679
         Iterations: 37
         Function evaluations: 78
Lattice Constants: [ 2.60218455]
Energy: -8.52367872531
Simplex Searching start from: cutoff * 0.42
Optimization terminated successfully.
         Current function value: -8.523679
         Iterations: 37
         Function evaluations: 79
Lattice Constants: [ 2.60218454]
Energy: -8.52367872531
Simplex Searching start from: cutoff * 0.44
Optimization terminated successfully.
         Current function value: -8.523679
         Iterations: 36
         Function evaluations: 77
Lattice Constants: [ 2.60218457]
Energy: -8.52367872531
Simplex Searching start from: cutoff * 0.46
Optimization terminated successfully.
         Current function value: -8.523679
         Iterations: 36
         Function evaluations: 76
Lattice Constants: [ 2.60218456]
Energy: -8.52367872531
Simplex Searching start from: cutoff * 0.48
Optimization terminated successfully.
         Current function value: -8.523679
         Iterations: 37
         Function evaluations: 78
Lattice Constants: [ 2.60218457]
Energy: -8.52367872531
[ 2.60218456]
Relaxation With c/a Ratio Relaxed
Simplex Searching start from c/a ratio: 1.633 * 0.8
Optimization terminated successfully.
         Current function value: -8.523679
         Iterations: 73
         Function evaluations: 151
Lattice Constants: [ 2.60218455  4.24934956]
Energy: -8.52367872531
Simplex Searching start from c/a ratio: 1.633 * 0.82
Optimization terminated successfully.
         Current function value: -8.523679
         Iterations: 68
         Function evaluations: 149
Lattice Constants: [ 2.60218457  4.24934957]
Energy: -8.52367872531
Simplex Searching start from c/a ratio: 1.633 * 0.84
Optimization terminated successfully.
         Current function value: -8.523679
         Iterations: 72
         Function evaluations: 156
Lattice Constants: [ 2.60218457  4.24934956]
Energy: -8.52367872531
Simplex Searching start from c/a ratio: 1.633 * 0.86
Optimization terminated successfully.
         Current function value: -8.523679
         Iterations: 70
         Function evaluations: 148
Lattice Constants: [ 2.60218456  4.24934962]
Energy: -8.52367872531
Simplex Searching start from c/a ratio: 1.633 * 0.88
Optimization terminated successfully.
         Current function value: -8.523679
         Iterations: 72
         Function evaluations: 154
Lattice Constants: [ 2.60218455  4.24934964]
Energy: -8.52367872531
Simplex Searching start from c/a ratio: 1.633 * 0.9
Optimization terminated successfully.
         Current function value: -8.523679
         Iterations: 66
         Function evaluations: 144
Lattice Constants: [ 2.60218456  4.24934963]
Energy: -8.52367872531
Simplex Searching start from c/a ratio: 1.633 * 0.92
Optimization terminated successfully.
         Current function value: -8.523679
         Iterations: 69
         Function evaluations: 149
Lattice Constants: [ 2.60218456  4.24934954]
Energy: -8.52367872531
Simplex Searching start from c/a ratio: 1.633 * 0.94
Optimization terminated successfully.
         Current function value: -8.523679
         Iterations: 68
         Function evaluations: 149
Lattice Constants: [ 2.60218456  4.2493496 ]
Energy: -8.52367872531
Simplex Searching start from c/a ratio: 1.633 * 0.96
Optimization terminated successfully.
         Current function value: -8.523679
         Iterations: 64
         Function evaluations: 139
Lattice Constants: [ 2.60218456  4.2493496 ]
Energy: -8.52367872531
Simplex Searching start from c/a ratio: 1.633 * 0.98
Optimization terminated successfully.
         Current function value: -8.523679
         Iterations: 61
         Function evaluations: 134
Lattice Constants: [ 2.60218456  4.24934956]
Energy: -8.52367872531
Simplex Searching start from c/a ratio: 1.633 * 1.0
Optimization terminated successfully.
         Current function value: -8.523679
         Iterations: 68
         Function evaluations: 143
Lattice Constants: [ 2.60218456  4.2493496 ]
Energy: -8.52367872531
Simplex Searching start from c/a ratio: 1.633 * 1.02
Optimization terminated successfully.
         Current function value: -8.523679
         Iterations: 65
         Function evaluations: 146
Lattice Constants: [ 2.60218456  4.24934955]
Energy: -8.52367872531
Simplex Searching start from c/a ratio: 1.633 * 1.04
Optimization terminated successfully.
         Current function value: -8.523679
         Iterations: 68
         Function evaluations: 148
Lattice Constants: [ 2.60218456  4.24934956]
Energy: -8.52367872531
Simplex Searching start from c/a ratio: 1.633 * 1.06
Optimization terminated successfully.
         Current function value: -8.523679
         Iterations: 70
         Function evaluations: 150
Lattice Constants: [ 2.60218457  4.2493496 ]
Energy: -8.52367872531
Simplex Searching start from c/a ratio: 1.633 * 1.08
Optimization terminated successfully.
         Current function value: -8.523679
         Iterations: 68
         Function evaluations: 152
Lattice Constants: [ 2.60218457  4.24934955]
Energy: -8.52367872531
Simplex Searching start from c/a ratio: 1.633 * 1.1
Optimization terminated successfully.
         Current function value: -8.523679
         Iterations: 74
         Function evaluations: 156
Lattice Constants: [ 2.60218456  4.2493496 ]
Energy: -8.52367872531
Simplex Searching start from c/a ratio: 1.633 * 1.12
Optimization terminated successfully.
         Current function value: -8.523679
         Iterations: 73
         Function evaluations: 154
Lattice Constants: [ 2.60218455  4.24934966]
Energy: -8.52367872531
Simplex Searching start from c/a ratio: 1.633 * 1.14
Optimization terminated successfully.
         Current function value: -8.523679
         Iterations: 75
         Function evaluations: 157
Lattice Constants: [ 2.60218455  4.24934956]
Energy: -8.52367872531
Simplex Searching start from c/a ratio: 1.633 * 1.16
Optimization terminated successfully.
         Current function value: -8.523679
         Iterations: 73
         Function evaluations: 155
Lattice Constants: [ 2.60218456  4.24934965]
Energy: -8.52367872531
Simplex Searching start from c/a ratio: 1.633 * 1.18
Optimization terminated successfully.
         Current function value: -8.523679
         Iterations: 69
         Function evaluations: 147
Lattice Constants: [ 2.60218456  4.24934961]
Energy: -8.52367872531
