Imported bulk from ase.lattice
Parameters Input: Cr diamond LennardJones612_UniversalShifted__MO_959249795837_001 [9.56209402513]
CELL_SIZE_MIN: 3
CELL_SIZE_MAX: 5
Smallest System Size: 216
Largest System Size: 1000
Model Cutoff: 9.90679

[Calculation]

Supercell Size: 3
Unrelaxed Cell:
[[ 28.68628208   0.           0.        ]
 [  0.          28.68628208   0.        ]
 [  0.           0.          28.68628208]]
Unrelaxed Cell Vector:
[28.686282075389997, 0.0, 28.686282075389997, 0.0, 0.0, 28.686282075389997]
==========
Loop: 0
Position Relaxation...
Steps Limit Exceeded. Structure Maybe Unstable.
Relaxation Completed. Steps: 500
Cell Size Relaxation...
Optimization terminated successfully.
         Current function value: -755.538438
         Iterations: 207
         Function evaluations: 437
Current VFE: -755.538438009
Energy of Supercell: -138.35424586
Unrelaxed Cell Volume: 23606.0212479
Current Relaxed Cell Volume: 23181.3584811
Current Relaxation Volume: 424.662766791
Current Cell:
[[  2.85132223e+01   0.00000000e+00   0.00000000e+00]
 [ -3.11544483e-05   2.85132218e+01   0.00000000e+00]
 [  1.90149665e-04   7.48535132e-05   2.85132216e+01]]
System Collapsed.
System energy significantly decreased
