Imported bulk from ase.lattice
Element = Lattice = Model = Element: Cu
Lattice: hcp
Model: EAM_Dynamo_Ackland_Tichy_Cu__MO_179025990738_001
Model Cutoff: 4.4274528135
Relaxation With c/a Ratio Fixed
Simplex Searching start from: cutoff * 0.1
Simplex Searching Start From: [0.44274528135000008]
Optimization terminated successfully.
         Current function value: -7.022193
         Iterations: 40
         Function evaluations: 87
Tmp Lattice Constants: [ 2.56751577]
Tmp Energy: -7.02219263695
Simplex Searching start from: cutoff * 0.12
Simplex Searching Start From: [0.53129433762]
Optimization terminated successfully.
         Current function value: -7.022193
         Iterations: 40
         Function evaluations: 84
Tmp Lattice Constants: [ 2.56751577]
Tmp Energy: -7.02219263695
Simplex Searching start from: cutoff * 0.14
Simplex Searching Start From: [0.61984339389000009]
Optimization terminated successfully.
         Current function value: -7.022193
         Iterations: 40
         Function evaluations: 83
Tmp Lattice Constants: [ 2.56751577]
Tmp Energy: -7.02219263695
Simplex Searching start from: cutoff * 0.16
Simplex Searching Start From: [0.70839245016000008]
Optimization terminated successfully.
         Current function value: -7.022193
         Iterations: 39
         Function evaluations: 81
Tmp Lattice Constants: [ 2.56751577]
Tmp Energy: -7.02219263695
Simplex Searching start from: cutoff * 0.18
Simplex Searching Start From: [0.79694150643000006]
Optimization terminated successfully.
         Current function value: -7.022193
         Iterations: 39
         Function evaluations: 82
Tmp Lattice Constants: [ 2.56751577]
Tmp Energy: -7.02219263695
Simplex Searching start from: cutoff * 0.2
Simplex Searching Start From: [0.88549056270000015]
Optimization terminated successfully.
         Current function value: -7.022193
         Iterations: 39
         Function evaluations: 83
Tmp Lattice Constants: [ 2.56751578]
Tmp Energy: -7.02219263695
Simplex Searching start from: cutoff * 0.22
Simplex Searching Start From: [0.97403961897000013]
Optimization terminated successfully.
         Current function value: -7.022193
         Iterations: 38
         Function evaluations: 81
Tmp Lattice Constants: [ 2.56751577]
Tmp Energy: -7.02219263695
Simplex Searching start from: cutoff * 0.24
Simplex Searching Start From: [1.06258867524]
Optimization terminated successfully.
         Current function value: -7.022193
         Iterations: 38
         Function evaluations: 81
Tmp Lattice Constants: [ 2.56751576]
Tmp Energy: -7.02219263695
Simplex Searching start from: cutoff * 0.26
Simplex Searching Start From: [1.1511377315100002]
Optimization terminated successfully.
         Current function value: -7.022193
         Iterations: 38
         Function evaluations: 81
Tmp Lattice Constants: [ 2.56751577]
Tmp Energy: -7.02219263695
Simplex Searching start from: cutoff * 0.28
Simplex Searching Start From: [1.2396867877800002]
Optimization terminated successfully.
         Current function value: -7.022193
         Iterations: 38
         Function evaluations: 79
Tmp Lattice Constants: [ 2.56751577]
Tmp Energy: -7.02219263695
Simplex Searching start from: cutoff * 0.3
Simplex Searching Start From: [1.3282358440500002]
Optimization terminated successfully.
         Current function value: -7.022193
         Iterations: 38
         Function evaluations: 81
Tmp Lattice Constants: [ 2.56751578]
Tmp Energy: -7.02219263695
Simplex Searching start from: cutoff * 0.32
Simplex Searching Start From: [1.4167849003200002]
Optimization terminated successfully.
         Current function value: -7.022193
         Iterations: 37
         Function evaluations: 82
Tmp Lattice Constants: [ 2.56751578]
Tmp Energy: -7.02219263695
Simplex Searching start from: cutoff * 0.34
Simplex Searching Start From: [1.5053339565900004]
Optimization terminated successfully.
         Current function value: -7.022193
         Iterations: 38
         Function evaluations: 83
Tmp Lattice Constants: [ 2.56751578]
Tmp Energy: -7.02219263695
Simplex Searching start from: cutoff * 0.36
Simplex Searching Start From: [1.5938830128600001]
Optimization terminated successfully.
         Current function value: -7.022193
         Iterations: 36
         Function evaluations: 76
Tmp Lattice Constants: [ 2.56751577]
Tmp Energy: -7.02219263695
Simplex Searching start from: cutoff * 0.38
Simplex Searching Start From: [1.6824320691300001]
Optimization terminated successfully.
         Current function value: -7.022193
         Iterations: 36
         Function evaluations: 77
Tmp Lattice Constants: [ 2.56751578]
Tmp Energy: -7.02219263695
Simplex Searching start from: cutoff * 0.4
Simplex Searching Start From: [1.7709811254000003]
Optimization terminated successfully.
         Current function value: -7.022193
         Iterations: 37
         Function evaluations: 77
Tmp Lattice Constants: [ 2.56751577]
Tmp Energy: -7.02219263695
Simplex Searching start from: cutoff * 0.42
Simplex Searching Start From: [1.8595301816700001]
Optimization terminated successfully.
         Current function value: -7.022193
         Iterations: 35
         Function evaluations: 75
Tmp Lattice Constants: [ 2.56751577]
Tmp Energy: -7.02219263695
Simplex Searching start from: cutoff * 0.44
Simplex Searching Start From: [1.9480792379400003]
Optimization terminated successfully.
         Current function value: -7.022193
         Iterations: 36
         Function evaluations: 77
Tmp Lattice Constants: [ 2.56751577]
Tmp Energy: -7.02219263695
Simplex Searching start from: cutoff * 0.46
Simplex Searching Start From: [2.0366282942100002]
Optimization terminated successfully.
         Current function value: -7.022193
         Iterations: 34
         Function evaluations: 73
Tmp Lattice Constants: [ 2.56751577]
Tmp Energy: -7.02219263695
Simplex Searching start from: cutoff * 0.48
Simplex Searching Start From: [2.12517735048]
Optimization terminated successfully.
         Current function value: -7.022193
         Iterations: 35
         Function evaluations: 75
Tmp Lattice Constants: [ 2.56751578]
Tmp Energy: -7.02219263695
Relaxation With c/a Ratio Relaxed
Simplex Searching start from c/a ratio: 1.633 * 0.8
Simplex Searching Start From: [2.5675157732346268, 3.3542026061537165]
Optimization terminated successfully.
         Current function value: -7.027729
         Iterations: 68
         Function evaluations: 148
Tmp Lattice Constants: [ 2.54563448  4.24491234]
Tmp Energy: -7.02772902736
Simplex Searching start from c/a ratio: 1.633 * 0.82
Simplex Searching Start From: [2.5675157732346268, 3.4380576713075595]
Optimization terminated successfully.
         Current function value: -7.027729
         Iterations: 69
         Function evaluations: 150
Tmp Lattice Constants: [ 2.54563447  4.2449123 ]
Tmp Energy: -7.02772902736
Simplex Searching start from c/a ratio: 1.633 * 0.84
Simplex Searching Start From: [2.5675157732346268, 3.521912736461402]
Optimization terminated successfully.
         Current function value: -7.027729
         Iterations: 68
         Function evaluations: 148
Tmp Lattice Constants: [ 2.54563447  4.24491234]
Tmp Energy: -7.02772902736
Simplex Searching start from c/a ratio: 1.633 * 0.86
Simplex Searching Start From: [2.5675157732346268, 3.605767801615245]
Optimization terminated successfully.
         Current function value: -7.027729
         Iterations: 72
         Function evaluations: 150
Tmp Lattice Constants: [ 2.54563446  4.24491236]
Tmp Energy: -7.02772902736
Simplex Searching start from c/a ratio: 1.633 * 0.88
Simplex Searching Start From: [2.5675157732346268, 3.689622866769088]
Optimization terminated successfully.
         Current function value: -7.027729
         Iterations: 73
         Function evaluations: 154
Tmp Lattice Constants: [ 2.54563445  4.24491238]
Tmp Energy: -7.02772902736
Simplex Searching start from c/a ratio: 1.633 * 0.9
Simplex Searching Start From: [2.5675157732346268, 3.773477931922931]
Optimization terminated successfully.
         Current function value: -7.027729
         Iterations: 71
         Function evaluations: 148
Tmp Lattice Constants: [ 2.54563445  4.24491236]
Tmp Energy: -7.02772902736
Simplex Searching start from c/a ratio: 1.633 * 0.92
Simplex Searching Start From: [2.5675157732346268, 3.857332997076774]
Optimization terminated successfully.
         Current function value: -7.027729
         Iterations: 65
         Function evaluations: 141
Tmp Lattice Constants: [ 2.54563447  4.24491231]
Tmp Energy: -7.02772902736
Simplex Searching start from c/a ratio: 1.633 * 0.94
Simplex Searching Start From: [2.5675157732346268, 3.9411880622306166]
Optimization terminated successfully.
         Current function value: -7.027729
         Iterations: 64
         Function evaluations: 139
Tmp Lattice Constants: [ 2.54563446  4.24491231]
Tmp Energy: -7.02772902736
Simplex Searching start from c/a ratio: 1.633 * 0.96
Simplex Searching Start From: [2.5675157732346268, 4.0250431273844596]
Optimization terminated successfully.
         Current function value: -7.027729
         Iterations: 66
         Function evaluations: 141
Tmp Lattice Constants: [ 2.54563446  4.24491235]
Tmp Energy: -7.02772902736
Simplex Searching start from c/a ratio: 1.633 * 0.98
Simplex Searching Start From: [2.5675157732346268, 4.1088981925383026]
Optimization terminated successfully.
         Current function value: -7.027729
         Iterations: 68
         Function evaluations: 142
Tmp Lattice Constants: [ 2.54563446  4.24491232]
Tmp Energy: -7.02772902736
Simplex Searching start from c/a ratio: 1.633 * 1.0
Simplex Searching Start From: [2.5675157732346268, 4.1927532576921456]
Optimization terminated successfully.
         Current function value: -7.027729
         Iterations: 71
         Function evaluations: 150
Tmp Lattice Constants: [ 2.54563446  4.24491236]
Tmp Energy: -7.02772902736
Simplex Searching start from c/a ratio: 1.633 * 1.02
Simplex Searching Start From: [2.5675157732346268, 4.2766083228459886]
Optimization terminated successfully.
         Current function value: -7.027729
         Iterations: 67
         Function evaluations: 138
Tmp Lattice Constants: [ 2.54563448  4.24491235]
Tmp Energy: -7.02772902736
Simplex Searching start from c/a ratio: 1.633 * 1.04
Simplex Searching Start From: [2.5675157732346268, 4.3604633879998316]
Optimization terminated successfully.
         Current function value: -7.027729
         Iterations: 67
         Function evaluations: 144
Tmp Lattice Constants: [ 2.54563448  4.24491232]
Tmp Energy: -7.02772902736
Simplex Searching start from c/a ratio: 1.633 * 1.06
Simplex Searching Start From: [2.5675157732346268, 4.4443184531536746]
Optimization terminated successfully.
         Current function value: -7.027729
         Iterations: 68
         Function evaluations: 141
Tmp Lattice Constants: [ 2.54563447  4.24491231]
Tmp Energy: -7.02772902736
Simplex Searching start from c/a ratio: 1.633 * 1.08
Simplex Searching Start From: [2.5675157732346268, 4.5281735183075176]
Optimization terminated successfully.
         Current function value: -7.027729
         Iterations: 69
         Function evaluations: 148
Tmp Lattice Constants: [ 2.54563445  4.24491235]
Tmp Energy: -7.02772902736
Simplex Searching start from c/a ratio: 1.633 * 1.1
Simplex Searching Start From: [2.5675157732346268, 4.6120285834613606]
Optimization terminated successfully.
         Current function value: -7.027729
         Iterations: 75
         Function evaluations: 157
Tmp Lattice Constants: [ 2.54563448  4.24491234]
Tmp Energy: -7.02772902736
Simplex Searching start from c/a ratio: 1.633 * 1.12
Simplex Searching Start From: [2.5675157732346268, 4.6958836486152036]
Optimization terminated successfully.
         Current function value: -7.027729
         Iterations: 80
         Function evaluations: 160
Tmp Lattice Constants: [ 2.54563447  4.24491239]
Tmp Energy: -7.02772902736
Simplex Searching start from c/a ratio: 1.633 * 1.14
Simplex Searching Start From: [2.5675157732346268, 4.7797387137690466]
Optimization terminated successfully.
         Current function value: -7.027729
         Iterations: 74
         Function evaluations: 156
Tmp Lattice Constants: [ 2.54563445  4.24491234]
Tmp Energy: -7.02772902736
Simplex Searching start from c/a ratio: 1.633 * 1.16
Simplex Searching Start From: [2.5675157732346268, 4.8635937789228887]
Optimization terminated successfully.
         Current function value: -7.027729
         Iterations: 77
         Function evaluations: 162
Tmp Lattice Constants: [ 2.54563448  4.24491237]
Tmp Energy: -7.02772902736
Simplex Searching start from c/a ratio: 1.633 * 1.18
Simplex Searching Start From: [2.5675157732346268, 4.9474488440767317]
Optimization terminated successfully.
         Current function value: -7.027729
         Iterations: 76
         Function evaluations: 161
Tmp Lattice Constants: [ 2.54563448  4.24491233]
Tmp Energy: -7.02772902736
Lattice Constants: [ 2.54563446  4.24491236]
Energy: -7.02772902736
Lattice Constants: 2.54563446365 4.2449123564
OrderedDict([('property-id', 'tag:staff@noreply.openkim.org,2014-04-15:property/structure-hexagonal-crystal-npt'), ('instance-id', 1), ('cauchy-stress', OrderedDict([('source-value', [0, 0, 0, 0, 0]), ('source-unit', 'GPa')])), ('short-name', OrderedDict([('source-value', ['hcp'])])), ('species', OrderedDict([('source-value', ['Cu'])])), ('a', OrderedDict([('source-value', 2.5456344636504666), ('source-unit', 'angstrom')])), ('c', OrderedDict([('source-value', 4.2449123563970801), ('source-unit', 'angstrom')])), ('basis-atom-coordinates', OrderedDict([('source-value', [[0.0, 0.0, 0.0], [0.0, 0.5773502691896257, 0.5]])])), ('space-group', OrderedDict([('source-value', 'P63/mmc')])), ('temperature', OrderedDict([('source-value', 0), ('source-unit', 'K')]))])
OrderedDict([('property-id', 'tag:staff@noreply.openkim.org,2014-04-15:property/cohesive-free-energy-hexagonal-crystal'), ('instance-id', 2), ('cohesive-free-energy', OrderedDict([('source-value', -7.0277290273645585), ('source-unit', 'eV')])), ('short-name', OrderedDict([('source-value', ['hcp'])])), ('species', OrderedDict([('source-value', ['Cu'])])), ('a', OrderedDict([('source-value', 2.5456344636504666), ('source-unit', 'angstrom')])), ('c', OrderedDict([('source-value', 4.2449123563970801), ('source-unit', 'angstrom')])), ('basis-atom-coordinates', OrderedDict([('source-value', [[0.0, 0.0, 0.0], [0.0, 0.5773502691896257, 0.5]])])), ('space-group', OrderedDict([('source-value', 'P63/mmc')])), ('temperature', OrderedDict([('source-value', 0), ('source-unit', 'K')]))])
[
    {
        "property-id" "tag:staff@noreply.openkim.org,2014-04-15:property/structure-hexagonal-crystal-npt" 
        "instance-id" 1 
        "cauchy-stress" {
            "source-value" [
                0 
                0 
                0 
                0 
                0
            ] 
            "source-unit" "GPa"
        } 
        "short-name" {
            "source-value" [
                "hcp"
            ]
        } 
        "species" {
            "source-value" [
                "Cu"
            ]
        } 
        "a" {
            "source-value" 2.5456344636504666 
            "source-unit" "angstrom"
        } 
        "c" {
            "source-value" 4.2449123563970801 
            "source-unit" "angstrom"
        } 
        "basis-atom-coordinates" {
            "source-value" [
                [
                    0.0 
                    0.0 
                    0.0
                ] 
                [
                    0.0 
                    0.5773502691896257 
                    0.5
                ]
            ]
        } 
        "space-group" {
            "source-value" "P63/mmc"
        } 
        "temperature" {
            "source-value" 0 
            "source-unit" "K"
        }
    } 
    {
        "property-id" "tag:staff@noreply.openkim.org,2014-04-15:property/cohesive-free-energy-hexagonal-crystal" 
        "instance-id" 2 
        "cohesive-free-energy" {
            "source-value" -7.0277290273645585 
            "source-unit" "eV"
        } 
        "short-name" {
            "source-value" [
                "hcp"
            ]
        } 
        "species" {
            "source-value" [
                "Cu"
            ]
        } 
        "a" {
            "source-value" 2.5456344636504666 
            "source-unit" "angstrom"
        } 
        "c" {
            "source-value" 4.2449123563970801 
            "source-unit" "angstrom"
        } 
        "basis-atom-coordinates" {
            "source-value" [
                [
                    0.0 
                    0.0 
                    0.0
                ] 
                [
                    0.0 
                    0.5773502691896257 
                    0.5
                ]
            ]
        } 
        "space-group" {
            "source-value" "P63/mmc"
        } 
        "temperature" {
            "source-value" 0 
            "source-unit" "K"
        }
    }
]
