Imported bulk from ase.lattice
Element = Lattice = Model = Element: Fe
Lattice: hcp
Model: EAM_Dynamo_Ackland_Bacon_Fe__MO_142799717516_001
Model Cutoff: 3.72645
NBC Name: NEIGH_RVEC_F
Relaxation With c/a Ratio Fixed
Simplex Searching start from: cutoff * 0.1
Simplex Searching Start From: [0.372645]
Optimization terminated successfully.
         Current function value: -8.523679
         Iterations: 41
         Function evaluations: 87
Tmp Lattice Constants: [ 2.60218455]
Tmp Energy: -8.52367872531
Simplex Searching start from: cutoff * 0.12
Simplex Searching Start From: [0.44717399999999996]
Optimization terminated successfully.
         Current function value: -8.523679
         Iterations: 41
         Function evaluations: 85
Tmp Lattice Constants: [ 2.60218459]
Tmp Energy: -8.52367872531
Simplex Searching start from: cutoff * 0.14
Simplex Searching Start From: [0.52170300000000003]
Optimization terminated successfully.
         Current function value: -8.523679
         Iterations: 40
         Function evaluations: 83
Tmp Lattice Constants: [ 2.60218456]
Tmp Energy: -8.52367872531
Simplex Searching start from: cutoff * 0.16
Simplex Searching Start From: [0.59623199999999998]
Optimization terminated successfully.
         Current function value: -8.523679
         Iterations: 41
         Function evaluations: 87
Tmp Lattice Constants: [ 2.60218455]
Tmp Energy: -8.52367872531
Simplex Searching start from: cutoff * 0.18
Simplex Searching Start From: [0.67076099999999994]
Optimization terminated successfully.
         Current function value: -8.523679
         Iterations: 41
         Function evaluations: 88
Tmp Lattice Constants: [ 2.60218458]
Tmp Energy: -8.52367872531
Simplex Searching start from: cutoff * 0.2
Simplex Searching Start From: [0.74529000000000001]
Optimization terminated successfully.
         Current function value: -8.523679
         Iterations: 39
         Function evaluations: 85
Tmp Lattice Constants: [ 2.60218456]
Tmp Energy: -8.52367872531
Simplex Searching start from: cutoff * 0.22
Simplex Searching Start From: [0.81981899999999996]
Optimization terminated successfully.
         Current function value: -8.523679
         Iterations: 39
         Function evaluations: 81
Tmp Lattice Constants: [ 2.60218457]
Tmp Energy: -8.52367872531
Simplex Searching start from: cutoff * 0.24
Simplex Searching Start From: [0.89434799999999992]
Optimization terminated successfully.
         Current function value: -8.523679
         Iterations: 39
         Function evaluations: 83
Tmp Lattice Constants: [ 2.6021846]
Tmp Energy: -8.52367872531
Simplex Searching start from: cutoff * 0.26
Simplex Searching Start From: [0.96887699999999999]
Optimization terminated successfully.
         Current function value: -8.523679
         Iterations: 38
         Function evaluations: 80
Tmp Lattice Constants: [ 2.60218455]
Tmp Energy: -8.52367872531
Simplex Searching start from: cutoff * 0.28
Simplex Searching Start From: [1.0434060000000001]
Optimization terminated successfully.
         Current function value: -8.523679
         Iterations: 39
         Function evaluations: 82
Tmp Lattice Constants: [ 2.60218456]
Tmp Energy: -8.52367872531
Simplex Searching start from: cutoff * 0.3
Simplex Searching Start From: [1.1179349999999999]
Optimization terminated successfully.
         Current function value: -8.523679
         Iterations: 39
         Function evaluations: 83
Tmp Lattice Constants: [ 2.60218458]
Tmp Energy: -8.52367872531
Simplex Searching start from: cutoff * 0.32
Simplex Searching Start From: [1.192464]
Optimization terminated successfully.
         Current function value: -8.523679
         Iterations: 39
         Function evaluations: 83
Tmp Lattice Constants: [ 2.60218454]
Tmp Energy: -8.52367872531
Simplex Searching start from: cutoff * 0.34
Simplex Searching Start From: [1.266993]
Optimization terminated successfully.
         Current function value: -8.523679
         Iterations: 39
         Function evaluations: 84
Tmp Lattice Constants: [ 2.60218459]
Tmp Energy: -8.52367872531
Simplex Searching start from: cutoff * 0.36
Simplex Searching Start From: [1.3415219999999999]
Optimization terminated successfully.
         Current function value: -8.523679
         Iterations: 39
         Function evaluations: 82
Tmp Lattice Constants: [ 2.60218456]
Tmp Energy: -8.52367872531
Simplex Searching start from: cutoff * 0.38
Simplex Searching Start From: [1.4160509999999999]
Optimization terminated successfully.
         Current function value: -8.523679
         Iterations: 38
         Function evaluations: 80
Tmp Lattice Constants: [ 2.60218456]
Tmp Energy: -8.52367872531
Simplex Searching start from: cutoff * 0.4
Simplex Searching Start From: [1.49058]
Optimization terminated successfully.
         Current function value: -8.523679
         Iterations: 37
         Function evaluations: 78
Tmp Lattice Constants: [ 2.60218455]
Tmp Energy: -8.52367872531
Simplex Searching start from: cutoff * 0.42
Simplex Searching Start From: [1.5651089999999999]
Optimization terminated successfully.
         Current function value: -8.523679
         Iterations: 37
         Function evaluations: 79
Tmp Lattice Constants: [ 2.60218454]
Tmp Energy: -8.52367872531
Simplex Searching start from: cutoff * 0.44
Simplex Searching Start From: [1.6396379999999999]
Optimization terminated successfully.
         Current function value: -8.523679
         Iterations: 36
         Function evaluations: 77
Tmp Lattice Constants: [ 2.60218457]
Tmp Energy: -8.52367872531
Simplex Searching start from: cutoff * 0.46
Simplex Searching Start From: [1.714167]
Optimization terminated successfully.
         Current function value: -8.523679
         Iterations: 36
         Function evaluations: 76
Tmp Lattice Constants: [ 2.60218456]
Tmp Energy: -8.52367872531
Simplex Searching start from: cutoff * 0.48
Simplex Searching Start From: [1.7886959999999998]
Optimization terminated successfully.
         Current function value: -8.523679
         Iterations: 37
         Function evaluations: 78
Tmp Lattice Constants: [ 2.60218457]
Tmp Energy: -8.52367872531
Relaxation With c/a Ratio Relaxed
