FIRE:   0  11:55:53     -358.750830       0.2419
FIRE:   1  11:55:53     -358.758337       0.2299
FIRE:   2  11:55:53     -358.771836       0.2064
FIRE:   3  11:55:53     -358.788643       0.1726
FIRE:   4  11:55:53     -358.805511       0.1303
FIRE:   5  11:55:53     -358.819396       0.0820
FIRE:   6  11:55:53     -358.828237       0.0492
FIRE:   7  11:55:53     -358.831724       0.0448
FIRE:   8  11:55:53     -358.831180       0.0568
FIRE:   9  11:55:53     -358.831454       0.0555
FIRE:  10  11:55:53     -358.831981       0.0530
FIRE:  11  11:55:53     -358.832717       0.0494
FIRE:  12  11:55:53     -358.833604       0.0446
FIRE:  13  11:55:53     -358.834570       0.0389
FIRE:  14  11:55:53     -358.835540       0.0323
FIRE:  15  11:55:53     -358.836437       0.0249
FIRE:  16  11:55:53     -358.837265       0.0162
FIRE:  17  11:55:53     -358.837899       0.0095
FIRE:  17  11:55:53     -357.157434       0.0952
FIRE:  18  11:55:53     -357.159067       0.0828
FIRE:  19  11:55:53     -357.160757       0.0669
FIRE:  20  11:55:53     -357.162280       0.0477
FIRE:  21  11:55:53     -357.163437       0.0485
FIRE:  22  11:55:54     -357.164175       0.0528
FIRE:  23  11:55:54     -357.164664       0.0529
FIRE:  24  11:55:54     -357.165232       0.0484
FIRE:  25  11:55:54     -357.166146       0.0407
FIRE:  26  11:55:54     -357.167355       0.0383
FIRE:  27  11:55:54     -357.168393       0.0266
FIRE:  28  11:55:54     -357.168713       0.0200
FIRE:  29  11:55:54     -357.168850       0.0190
FIRE:  30  11:55:54     -357.169102       0.0172
FIRE:  31  11:55:54     -357.169425       0.0146
FIRE:  32  11:55:54     -357.169766       0.0114
FIRE:  33  11:55:54     -357.170074       0.0098
FIRE:  33  11:55:54     -358.823435       0.0977
FIRE:  34  11:55:54     -358.824805       0.0936
FIRE:  35  11:55:54     -358.826697       0.0854
FIRE:  36  11:55:54     -358.829124       0.0721
FIRE:  37  11:55:54     -358.831767       0.0534
FIRE:  38  11:55:54     -358.834105       0.0307
FIRE:  39  11:55:54     -358.835591       0.0278
FIRE:  40  11:55:54     -358.836062       0.0288
FIRE:  41  11:55:54     -358.836146       0.0283
FIRE:  42  11:55:54     -358.836305       0.0274
FIRE:  43  11:55:54     -358.836521       0.0260
FIRE:  44  11:55:54     -358.836770       0.0241
FIRE:  45  11:55:54     -358.837027       0.0219
FIRE:  46  11:55:54     -358.837267       0.0194
FIRE:  47  11:55:54     -358.837474       0.0167
FIRE:  48  11:55:54     -358.837652       0.0136
FIRE:  49  11:55:54     -358.837791       0.0102
FIRE:  50  11:55:54     -358.837896       0.0131
FIRE:  51  11:55:54     -358.837991       0.0149
FIRE:  52  11:55:54     -358.838099       0.0148
FIRE:  53  11:55:54     -358.838231       0.0125
FIRE:  54  11:55:54     -358.838371       0.0080
FIRE:  54  11:55:54     -357.157751       0.0883
FIRE:  55  11:55:54     -357.159820       0.0761
FIRE:  56  11:55:54     -357.163142       0.0583
FIRE:  57  11:55:54     -357.166353       0.0341
FIRE:  58  11:55:54     -357.168054       0.0264
FIRE:  59  11:55:54     -357.168345       0.0447
FIRE:  60  11:55:54     -357.168600       0.0413
FIRE:  61  11:55:54     -357.169031       0.0348
FIRE:  62  11:55:54     -357.169507       0.0257
FIRE:  63  11:55:54     -357.169894       0.0150
FIRE:  64  11:55:54     -357.170106       0.0082
FIRE:  64  11:55:54     -358.827353       0.0920
FIRE:  65  11:55:54     -358.829331       0.0754
FIRE:  66  11:55:54     -358.831407       0.0552
FIRE:  67  11:55:54     -358.833317       0.0319
FIRE:  68  11:55:54     -358.834677       0.0317
FIRE:  69  11:55:54     -358.835458       0.0334
FIRE:  70  11:55:54     -358.835938       0.0338
FIRE:  71  11:55:54     -358.836082       0.0322
FIRE:  72  11:55:54     -358.836346       0.0290
FIRE:  73  11:55:54     -358.836687       0.0253
FIRE:  74  11:55:54     -358.837053       0.0224
FIRE:  75  11:55:54     -358.837388       0.0189
FIRE:  76  11:55:54     -358.837652       0.0151
FIRE:  77  11:55:54     -358.837823       0.0111
FIRE:  78  11:55:54     -358.837917       0.0109
FIRE:  79  11:55:54     -358.837958       0.0152
FIRE:  80  11:55:54     -358.837967       0.0150
FIRE:  81  11:55:54     -358.837984       0.0146
FIRE:  82  11:55:54     -358.838008       0.0139
FIRE:  83  11:55:54     -358.838039       0.0131
FIRE:  84  11:55:54     -358.838073       0.0121
FIRE:  85  11:55:54     -358.838110       0.0110
FIRE:  86  11:55:54     -358.838148       0.0098
FIRE:  86  11:55:54     -358.838148       0.0098
FIRE:  86  11:55:54     -357.156236       0.0958
FIRE:  87  11:55:54     -357.156284       0.0955
FIRE:  88  11:55:54     -357.156378       0.0950
FIRE:  89  11:55:54     -357.156519       0.0942
FIRE:  90  11:55:54     -357.156704       0.0932
FIRE:  91  11:55:54     -357.156932       0.0919
FIRE:  92  11:55:54     -357.157199       0.0904
FIRE:  93  11:55:54     -357.157504       0.0887
FIRE:  94  11:55:54     -357.157881       0.0865
FIRE:  95  11:55:54     -357.158340       0.0838
FIRE:  96  11:55:54     -357.158891       0.0804
FIRE:  97  11:55:54     -357.159540       0.0763
FIRE:  98  11:55:54     -357.160292       0.0714
FIRE:  99  11:55:54     -357.161142       0.0655
FIRE: 100  11:55:54     -357.162080       0.0587
FIRE: 101  11:55:54     -357.163083       0.0509
FIRE: 102  11:55:54     -357.164116       0.0423
FIRE: 103  11:55:54     -357.165137       0.0333
FIRE: 104  11:55:54     -357.166102       0.0274
FIRE: 105  11:55:54     -357.166975       0.0262
FIRE: 106  11:55:54     -357.167739       0.0245
FIRE: 107  11:55:54     -357.168389       0.0226
FIRE: 108  11:55:54     -357.168916       0.0230
FIRE: 109  11:55:54     -357.169294       0.0207
FIRE: 110  11:55:54     -357.169487       0.0165
FIRE: 111  11:55:54     -357.169514       0.0162
FIRE: 112  11:55:54     -357.169566       0.0157
FIRE: 113  11:55:54     -357.169641       0.0150
FIRE: 114  11:55:54     -357.169735       0.0141
FIRE: 115  11:55:54     -357.169842       0.0130
FIRE: 116  11:55:54     -357.169956       0.0119
FIRE: 117  11:55:54     -357.170073       0.0106
FIRE: 118  11:55:54     -357.170198       0.0090
FIRE: 118  11:55:54     -357.971440       0.1725
FIRE: 119  11:55:54     -357.973120       0.1659
FIRE: 120  11:55:54     -357.975948       0.1535
FIRE: 121  11:55:54     -357.979817       0.1345
FIRE: 122  11:55:54     -357.984335       0.1082
FIRE: 123  11:55:54     -357.988824       0.0753
FIRE: 124  11:55:54     -357.992540       0.0486
FIRE: 125  11:55:54     -357.995159       0.0627
FIRE: 126  11:55:54     -357.997072       0.0666
FIRE: 127  11:55:54     -357.998806       0.0558
FIRE: 128  11:55:54     -358.000148       0.0401
FIRE: 129  11:55:54     -358.000357       0.0279
FIRE: 130  11:55:54     -358.000625       0.0275
FIRE: 131  11:55:54     -358.001120       0.0266
FIRE: 132  11:55:54     -358.001771       0.0252
FIRE: 133  11:55:55     -358.002490       0.0234
FIRE: 134  11:55:55     -358.003191       0.0209
FIRE: 135  11:55:55     -358.003803       0.0176
FIRE: 136  11:55:55     -358.004281       0.0133
FIRE: 137  11:55:55     -358.004634       0.0085
FIRE: 137  11:55:55     -357.654625       0.1907
FIRE: 138  11:55:55     -357.659996       0.1714
FIRE: 139  11:55:55     -357.668014       0.1388
FIRE: 140  11:55:55     -357.676984       0.0937
FIRE: 141  11:55:55     -357.684725       0.0686
FIRE: 142  11:55:55     -357.690079       0.0731
FIRE: 143  11:55:55     -357.693619       0.0679
FIRE: 144  11:55:55     -357.696204       0.0545
FIRE: 145  11:55:55     -357.696922       0.0507
FIRE: 146  11:55:55     -357.698234       0.0466
FIRE: 147  11:55:55     -357.699928       0.0434
FIRE: 148  11:55:55     -357.701745       0.0389
FIRE: 149  11:55:55     -357.703445       0.0332
FIRE: 150  11:55:55     -357.704855       0.0261
FIRE: 151  11:55:55     -357.705904       0.0195
FIRE: 152  11:55:55     -357.706671       0.0282
FIRE: 153  11:55:55     -357.707161       0.0329
FIRE: 154  11:55:55     -357.707452       0.0327
FIRE: 155  11:55:55     -357.707684       0.0281
FIRE: 156  11:55:55     -357.708004       0.0206
FIRE: 157  11:55:55     -357.708448       0.0174
FIRE: 158  11:55:55     -357.708820       0.0178
FIRE: 159  11:55:55     -357.708758       0.0127
FIRE: 160  11:55:55     -357.708808       0.0120
FIRE: 161  11:55:55     -357.708900       0.0108
FIRE: 162  11:55:55     -357.709017       0.0091
FIRE: 162  11:55:55     -356.886754       0.2131
FIRE: 163  11:55:55     -356.891039       0.2029
FIRE: 164  11:55:55     -356.898423       0.1834
FIRE: 165  11:55:55     -356.907507       0.1565
FIRE: 166  11:55:55     -356.916851       0.1248
FIRE: 167  11:55:55     -356.926309       0.0881
FIRE: 168  11:55:55     -356.935094       0.0722
FIRE: 169  11:55:55     -356.942876       0.0732
FIRE: 170  11:55:55     -356.949354       0.0575
FIRE: 171  11:55:55     -356.954012       0.0748
FIRE: 172  11:55:55     -356.956833       0.0707
FIRE: 173  11:55:55     -356.958483       0.0469
FIRE: 174  11:55:55     -356.959105       0.0444
FIRE: 175  11:55:55     -356.960217       0.0395
FIRE: 176  11:55:55     -356.961595       0.0326
FIRE: 177  11:55:55     -356.962989       0.0291
FIRE: 178  11:55:55     -356.964193       0.0263
FIRE: 179  11:55:55     -356.965090       0.0215
FIRE: 180  11:55:55     -356.965652       0.0143
FIRE: 181  11:55:55     -356.965911       0.0097
FIRE: 181  11:55:55     -358.372395       0.1450
FIRE: 182  11:55:55     -358.377091       0.1268
FIRE: 183  11:55:55     -358.383096       0.0947
FIRE: 184  11:55:55     -358.388180       0.0521
FIRE: 185  11:55:55     -358.390514       0.0418
FIRE: 186  11:55:55     -358.390865       0.0588
FIRE: 187  11:55:55     -358.391361       0.0553
FIRE: 188  11:55:55     -358.392242       0.0486
FIRE: 189  11:55:55     -358.393316       0.0393
FIRE: 190  11:55:55     -358.394366       0.0281
FIRE: 191  11:55:55     -358.395218       0.0250
FIRE: 192  11:55:55     -358.395799       0.0218
FIRE: 193  11:55:55     -358.396168       0.0216
FIRE: 194  11:55:55     -358.396489       0.0283
FIRE: 195  11:55:55     -358.396887       0.0311
FIRE: 196  11:55:55     -358.397419       0.0289
FIRE: 197  11:55:55     -358.397979       0.0213
FIRE: 198  11:55:55     -358.398310       0.0096
FIRE: 198  11:55:55     -357.493606       0.1095
FIRE: 199  11:55:55     -357.494147       0.1069
FIRE: 200  11:55:55     -357.495174       0.1018
FIRE: 201  11:55:55     -357.496582       0.0943
FIRE: 202  11:55:55     -357.498236       0.0850
FIRE: 203  11:55:55     -357.499994       0.0740
FIRE: 204  11:55:55     -357.501726       0.0621
FIRE: 205  11:55:55     -357.503337       0.0499
FIRE: 206  11:55:55     -357.504920       0.0378
FIRE: 207  11:55:55     -357.506418       0.0329
FIRE: 208  11:55:55     -357.507807       0.0302
FIRE: 209  11:55:55     -357.509067       0.0294
FIRE: 210  11:55:55     -357.510126       0.0236
FIRE: 211  11:55:55     -357.510848       0.0176
FIRE: 212  11:55:55     -357.511142       0.0213
FIRE: 213  11:55:55     -357.511190       0.0207
FIRE: 214  11:55:55     -357.511281       0.0197
FIRE: 215  11:55:55     -357.511406       0.0181
FIRE: 216  11:55:55     -357.511555       0.0161
FIRE: 217  11:55:55     -357.511713       0.0139
FIRE: 218  11:55:55     -357.511870       0.0114
FIRE: 219  11:55:55     -357.512014       0.0099
FIRE: 219  11:55:55     -358.516218       0.1602
FIRE: 220  11:55:55     -358.518147       0.1535
FIRE: 221  11:55:55     -358.521512       0.1402
FIRE: 222  11:55:55     -358.526162       0.1198
FIRE: 223  11:55:55     -358.531553       0.0922
FIRE: 224  11:55:55     -358.536788       0.0596
FIRE: 225  11:55:55     -358.540965       0.0504
FIRE: 226  11:55:55     -358.543768       0.0471
FIRE: 227  11:55:55     -358.545531       0.0560
FIRE: 228  11:55:55     -358.546495       0.0488
FIRE: 229  11:55:55     -358.546730       0.0467
FIRE: 230  11:55:55     -358.547167       0.0428
FIRE: 231  11:55:55     -358.547750       0.0372
FIRE: 232  11:55:55     -358.548407       0.0304
FIRE: 233  11:55:55     -358.549062       0.0234
FIRE: 234  11:55:55     -358.549654       0.0212
FIRE: 235  11:55:55     -358.550143       0.0184
FIRE: 236  11:55:55     -358.550548       0.0145
FIRE: 237  11:55:55     -358.550849       0.0128
FIRE: 238  11:55:56     -358.551047       0.0162
FIRE: 239  11:55:56     -358.551161       0.0172
FIRE: 240  11:55:56     -358.551214       0.0159
FIRE: 241  11:55:56     -358.551234       0.0157
FIRE: 242  11:55:56     -358.551272       0.0152
FIRE: 243  11:55:56     -358.551325       0.0145
FIRE: 244  11:55:56     -358.551390       0.0137
FIRE: 245  11:55:56     -358.551461       0.0126
FIRE: 246  11:55:56     -358.551534       0.0114
FIRE: 247  11:55:56     -358.551605       0.0100
FIRE: 247  11:55:56     -357.989155       0.1068
FIRE: 248  11:55:56     -357.989308       0.1062
FIRE: 249  11:55:56     -357.989611       0.1049
FIRE: 250  11:55:56     -357.990056       0.1029
FIRE: 251  11:55:56     -357.990632       0.1004
FIRE: 252  11:55:56     -357.991325       0.0973
FIRE: 253  11:55:56     -357.992119       0.0937
FIRE: 254  11:55:56     -357.992996       0.0896
FIRE: 255  11:55:56     -357.994040       0.0846
FIRE: 256  11:55:56     -357.995253       0.0786
FIRE: 257  11:55:56     -357.996627       0.0716
FIRE: 258  11:55:56     -357.998138       0.0636
FIRE: 259  11:55:56     -357.999752       0.0592
FIRE: 260  11:55:56     -358.001421       0.0554
FIRE: 261  11:55:56     -358.003105       0.0511
FIRE: 262  11:55:56     -358.004776       0.0460
FIRE: 263  11:55:56     -358.006426       0.0403
FIRE: 264  11:55:56     -358.008055       0.0339
FIRE: 265  11:55:56     -358.009628       0.0312
FIRE: 266  11:55:56     -358.011048       0.0254
FIRE: 267  11:55:56     -358.012177       0.0240
FIRE: 268  11:55:56     -358.012933       0.0254
FIRE: 269  11:55:56     -358.013366       0.0216
FIRE: 270  11:55:56     -358.013563       0.0180
FIRE: 271  11:55:56     -358.013620       0.0174
FIRE: 272  11:55:56     -358.013728       0.0162
FIRE: 273  11:55:56     -358.013873       0.0145
FIRE: 274  11:55:56     -358.014037       0.0123
FIRE: 275  11:55:56     -358.014204       0.0097
FIRE: 275  11:55:56     -358.599003       0.0654
FIRE: 276  11:55:56     -358.599465       0.0636
FIRE: 277  11:55:56     -358.600112       0.0609
FIRE: 278  11:55:56     -358.601006       0.0567
FIRE: 279  11:55:56     -358.602138       0.0510
FIRE: 280  11:55:56     -358.603447       0.0436
FIRE: 281  11:55:56     -358.604812       0.0344
FIRE: 282  11:55:56     -358.606060       0.0238
FIRE: 283  11:55:56     -358.607018       0.0164
FIRE: 284  11:55:56     -358.607588       0.0159
FIRE: 285  11:55:56     -358.607783       0.0191
FIRE: 286  11:55:56     -358.607825       0.0186
FIRE: 287  11:55:56     -358.607905       0.0178
FIRE: 288  11:55:56     -358.608014       0.0166
FIRE: 289  11:55:56     -358.608142       0.0150
FIRE: 290  11:55:56     -358.608278       0.0131
FIRE: 291  11:55:56     -358.608411       0.0110
FIRE: 292  11:55:56     -358.608534       0.0088
FIRE: 292  11:55:56     -358.544335       0.0662
FIRE: 293  11:55:56     -358.544753       0.0636
FIRE: 294  11:55:56     -358.545452       0.0568
FIRE: 295  11:55:56     -358.546333       0.0456
FIRE: 296  11:55:56     -358.547203       0.0306
FIRE: 297  11:55:56     -358.547871       0.0182
FIRE: 298  11:55:56     -358.548307       0.0198
FIRE: 299  11:55:56     -358.548657       0.0223
FIRE: 300  11:55:56     -358.548979       0.0184
FIRE: 301  11:55:56     -358.549087       0.0138
FIRE: 302  11:55:56     -358.549137       0.0134
FIRE: 303  11:55:56     -358.549229       0.0124
FIRE: 304  11:55:56     -358.549348       0.0111
FIRE: 305  11:55:56     -358.549478       0.0094
FIRE: 305  11:55:56     -358.781105       0.0424
FIRE: 306  11:55:56     -358.781461       0.0395
FIRE: 307  11:55:56     -358.781899       0.0349
FIRE: 308  11:55:56     -358.782356       0.0287
FIRE: 309  11:55:56     -358.782814       0.0207
FIRE: 310  11:55:56     -358.783189       0.0131
FIRE: 311  11:55:56     -358.783415       0.0111
FIRE: 312  11:55:56     -358.783491       0.0147
FIRE: 313  11:55:56     -358.783505       0.0142
FIRE: 314  11:55:56     -358.783530       0.0133
FIRE: 315  11:55:56     -358.783565       0.0120
FIRE: 316  11:55:56     -358.783606       0.0104
FIRE: 317  11:55:56     -358.783649       0.0086
FIRE: 317  11:55:56     -358.399192       0.0620
FIRE: 318  11:55:56     -358.399223       0.0616
FIRE: 319  11:55:56     -358.399282       0.0608
FIRE: 320  11:55:56     -358.399370       0.0595
FIRE: 321  11:55:56     -358.399482       0.0579
FIRE: 322  11:55:56     -358.399617       0.0559
FIRE: 323  11:55:56     -358.399769       0.0535
FIRE: 324  11:55:56     -358.399936       0.0508
FIRE: 325  11:55:56     -358.400131       0.0474
FIRE: 326  11:55:56     -358.400353       0.0433
FIRE: 327  11:55:56     -358.400597       0.0384
FIRE: 328  11:55:56     -358.400854       0.0326
FIRE: 329  11:55:56     -358.401110       0.0260
FIRE: 330  11:55:56     -358.401350       0.0186
FIRE: 331  11:55:56     -358.401559       0.0125
FIRE: 332  11:55:56     -358.401729       0.0131
FIRE: 333  11:55:56     -358.401857       0.0130
FIRE: 334  11:55:56     -358.401949       0.0118
FIRE: 335  11:55:56     -358.402006       0.0124
FIRE: 336  11:55:56     -358.402020       0.0132
FIRE: 337  11:55:56     -358.402027       0.0130
FIRE: 338  11:55:56     -358.402040       0.0125
FIRE: 339  11:55:56     -358.402059       0.0118
FIRE: 340  11:55:56     -358.402083       0.0109
FIRE: 341  11:55:56     -358.402109       0.0099
FIRE: 341  11:55:56     -358.771053       0.1058
FIRE: 342  11:55:56     -358.771381       0.1031
FIRE: 343  11:55:56     -358.771895       0.0990
FIRE: 344  11:55:56     -358.772644       0.0928
FIRE: 345  11:55:56     -358.773627       0.0841
FIRE: 346  11:55:57     -358.774806       0.0729
FIRE: 347  11:55:57     -358.776103       0.0591
FIRE: 348  11:55:57     -358.777413       0.0432
FIRE: 349  11:55:57     -358.778631       0.0263
FIRE: 350  11:55:57     -358.779700       0.0236
FIRE: 351  11:55:57     -358.780600       0.0228
FIRE: 352  11:55:57     -358.781294       0.0185
FIRE: 353  11:55:57     -358.781668       0.0205
FIRE: 354  11:55:57     -358.781659       0.0208
FIRE: 355  11:55:57     -358.781707       0.0201
FIRE: 356  11:55:57     -358.781797       0.0187
FIRE: 357  11:55:57     -358.781918       0.0168
FIRE: 358  11:55:57     -358.782059       0.0144
FIRE: 359  11:55:57     -358.782204       0.0117
FIRE: 360  11:55:57     -358.782343       0.0105
FIRE: 361  11:55:57     -358.782465       0.0093
FIRE: 361  11:55:57     -358.668891       0.0612
FIRE: 362  11:55:57     -358.669362       0.0584
FIRE: 363  11:55:57     -358.670092       0.0531
FIRE: 364  11:55:57     -358.671015       0.0451
FIRE: 365  11:55:57     -358.672004       0.0346
FIRE: 366  11:55:57     -358.672908       0.0225
FIRE: 367  11:55:57     -358.673644       0.0200
FIRE: 368  11:55:57     -358.674223       0.0190
FIRE: 369  11:55:57     -358.674634       0.0177
FIRE: 370  11:55:57     -358.674796       0.0211
FIRE: 371  11:55:57     -358.674840       0.0201
FIRE: 372  11:55:57     -358.674923       0.0182
FIRE: 373  11:55:57     -358.675032       0.0155
FIRE: 374  11:55:57     -358.675154       0.0122
FIRE: 375  11:55:57     -358.675274       0.0087
FIRE: 375  11:55:57     -358.811113       0.0362
FIRE: 376  11:55:57     -358.811356       0.0336
FIRE: 377  11:55:57     -358.811643       0.0295
FIRE: 378  11:55:57     -358.811971       0.0236
FIRE: 379  11:55:57     -358.812285       0.0159
FIRE: 380  11:55:57     -358.812518       0.0094
FIRE: 380  11:55:57     -358.759557       0.0468
FIRE: 381  11:55:57     -358.760095       0.0406
FIRE: 382  11:55:57     -358.760701       0.0300
FIRE: 383  11:55:57     -358.761255       0.0203
FIRE: 384  11:55:57     -358.761700       0.0228
FIRE: 385  11:55:57     -358.762034       0.0185
FIRE: 386  11:55:57     -358.762191       0.0120
FIRE: 387  11:55:57     -358.762246       0.0111
FIRE: 388  11:55:57     -358.762345       0.0096
FIRE: 388  11:55:57     -358.830509       0.0539
FIRE: 389  11:55:57     -358.830890       0.0493
FIRE: 390  11:55:57     -358.831408       0.0422
FIRE: 391  11:55:57     -358.831949       0.0333
FIRE: 392  11:55:57     -358.832424       0.0236
FIRE: 393  11:55:57     -358.832794       0.0146
FIRE: 394  11:55:57     -358.833096       0.0148
FIRE: 395  11:55:57     -358.833334       0.0141
FIRE: 396  11:55:57     -358.833501       0.0101
FIRE: 397  11:55:57     -358.833570       0.0118
FIRE: 398  11:55:57     -358.833588       0.0114
FIRE: 399  11:55:57     -358.833621       0.0107
FIRE: 400  11:55:57     -358.833667       0.0096
FIRE: 400  11:55:57     -358.730853       0.0387
FIRE: 401  11:55:57     -358.730971       0.0372
FIRE: 402  11:55:57     -358.731143       0.0344
FIRE: 403  11:55:57     -358.731346       0.0304
FIRE: 404  11:55:57     -358.731555       0.0254
FIRE: 405  11:55:57     -358.731767       0.0192
FIRE: 406  11:55:57     -358.731953       0.0119
FIRE: 407  11:55:57     -358.732093       0.0093
FIRE: 407  11:55:57     -358.835541       0.0448
FIRE: 408  11:55:57     -358.835583       0.0440
FIRE: 409  11:55:57     -358.835661       0.0424
FIRE: 410  11:55:57     -358.835772       0.0402
FIRE: 411  11:55:57     -358.835904       0.0372
FIRE: 412  11:55:57     -358.836049       0.0337
FIRE: 413  11:55:57     -358.836195       0.0297
FIRE: 414  11:55:57     -358.836332       0.0253
FIRE: 415  11:55:57     -358.836465       0.0202
FIRE: 416  11:55:57     -358.836582       0.0144
FIRE: 417  11:55:57     -358.836675       0.0089
FIRE: 417  11:55:57     -358.773216       0.0287
FIRE: 418  11:55:57     -358.773292       0.0292
FIRE: 419  11:55:57     -358.773411       0.0279
FIRE: 420  11:55:57     -358.773578       0.0246
FIRE: 421  11:55:57     -358.773771       0.0192
FIRE: 422  11:55:57     -358.773943       0.0121
FIRE: 423  11:55:57     -358.774036       0.0074
FIRE: 423  11:55:57     -358.840968       0.0330
FIRE: 424  11:55:57     -358.841016       0.0322
FIRE: 425  11:55:57     -358.841107       0.0305
FIRE: 426  11:55:57     -358.841232       0.0282
FIRE: 427  11:55:57     -358.841378       0.0251
FIRE: 428  11:55:57     -358.841532       0.0216
FIRE: 429  11:55:57     -358.841681       0.0176
FIRE: 430  11:55:57     -358.841814       0.0137
FIRE: 431  11:55:57     -358.841936       0.0126
FIRE: 432  11:55:57     -358.842036       0.0111
FIRE: 433  11:55:57     -358.842111       0.0091
FIRE: 433  11:55:57     -358.813954       0.0250
FIRE: 434  11:55:57     -358.813963       0.0247
FIRE: 435  11:55:57     -358.813981       0.0242
FIRE: 436  11:55:58     -358.814007       0.0234
FIRE: 437  11:55:58     -358.814038       0.0223
FIRE: 438  11:55:58     -358.814075       0.0211
FIRE: 439  11:55:58     -358.814114       0.0196
FIRE: 440  11:55:58     -358.814155       0.0179
FIRE: 441  11:55:58     -358.814199       0.0159
FIRE: 442  11:55:58     -358.814245       0.0134
FIRE: 443  11:55:58     -358.814288       0.0106
FIRE: 444  11:55:58     -358.814326       0.0075
FIRE: 444  11:55:58     -358.844927       0.0171
FIRE: 445  11:55:58     -358.844929       0.0170
FIRE: 446  11:55:58     -358.844933       0.0168
FIRE: 447  11:55:58     -358.844940       0.0165
FIRE: 448  11:55:58     -358.844947       0.0162
FIRE: 449  11:55:58     -358.844957       0.0157
FIRE: 450  11:55:58     -358.844968       0.0151
FIRE: 451  11:55:58     -358.844979       0.0145
FIRE: 452  11:55:58     -358.844993       0.0137
FIRE: 453  11:55:58     -358.845009       0.0127
FIRE: 454  11:55:58     -358.845026       0.0116
FIRE: 455  11:55:58     -358.845045       0.0102
FIRE: 456  11:55:58     -358.845063       0.0085
FIRE: 456  11:55:58     -358.803276       0.0206
FIRE: 457  11:55:58     -358.803278       0.0205
FIRE: 458  11:55:58     -358.803281       0.0204
FIRE: 459  11:55:58     -358.803285       0.0202
FIRE: 460  11:55:58     -358.803291       0.0200
FIRE: 461  11:55:58     -358.803298       0.0197
FIRE: 462  11:55:58     -358.803307       0.0193
FIRE: 463  11:55:58     -358.803317       0.0189
FIRE: 464  11:55:58     -358.803329       0.0183
FIRE: 465  11:55:58     -358.803343       0.0177
FIRE: 466  11:55:58     -358.803360       0.0169
FIRE: 467  11:55:58     -358.803380       0.0159
FIRE: 468  11:55:58     -358.803403       0.0147
FIRE: 469  11:55:58     -358.803428       0.0133
FIRE: 470  11:55:58     -358.803455       0.0117
FIRE: 471  11:55:58     -358.803484       0.0098
FIRE: 471  11:55:58     -358.846527       0.0151
FIRE: 472  11:55:58     -358.846528       0.0150
FIRE: 473  11:55:58     -358.846530       0.0149
FIRE: 474  11:55:58     -358.846534       0.0147
FIRE: 475  11:55:58     -358.846539       0.0144
FIRE: 476  11:55:58     -358.846545       0.0140
FIRE: 477  11:55:58     -358.846552       0.0136
FIRE: 478  11:55:58     -358.846559       0.0132
FIRE: 479  11:55:58     -358.846568       0.0126
FIRE: 480  11:55:58     -358.846579       0.0118
FIRE: 481  11:55:58     -358.846591       0.0109
FIRE: 482  11:55:58     -358.846603       0.0099
FIRE: 482  11:55:58     -358.847403       0.0061
FIRE: 482  11:55:58     -358.842745       0.0099
FIRE: 482  11:55:58     -358.844969       0.0086
FIRE: 482  11:55:58     -358.837550       0.0119
FIRE: 483  11:55:58     -358.837568       0.0113
FIRE: 484  11:55:58     -358.837587       0.0103
FIRE: 485  11:55:58     -358.837607       0.0091
FIRE: 485  11:55:58     -358.845498       0.0019
FIRE: 485  11:55:58     -358.834080       0.0102
FIRE: 486  11:55:58     -358.834102       0.0086
FIRE: 486  11:55:58     -358.845850       0.0037
FIRE: 486  11:55:58     -358.839913       0.0105
FIRE: 487  11:55:58     -358.839914       0.0105
FIRE: 488  11:55:58     -358.839915       0.0104
FIRE: 489  11:55:58     -358.839917       0.0102
FIRE: 490  11:55:58     -358.839920       0.0101
FIRE: 491  11:55:58     -358.839923       0.0099
FIRE: 491  11:55:58     -358.846557       0.0038
FIRE: 491  11:55:58     -358.842942       0.0045
FIRE: 491  11:55:58     -358.847196       0.0025
FIRE: 491  11:55:58     -358.845956       0.0050
FIRE: 491  11:55:58     -358.845667       0.0039
FIRE: 491  11:55:58     -358.847298       0.0024
FIRE: 491  11:55:58     -358.843620       0.0053
FIRE: 491  11:55:58     -358.847524       0.0023
FIRE: 491  11:55:58     -358.844567       0.0061
FIRE: 491  11:55:58     -358.847454       0.0025
FIRE: 491  11:55:58     -358.846815       0.0028
FIRE: 491  11:55:58     -358.846497       0.0045
FIRE: 491  11:55:58     -358.847538       0.0016
FIRE: 491  11:55:58     -358.846130       0.0044
FIRE: 491  11:55:58     -358.847631       0.0017
FIRE: 491  11:55:58     -358.847288       0.0035
FIRE: 491  11:55:58     -358.847703       0.0021
FIRE: 491  11:55:58     -358.847195       0.0023
FIRE: 491  11:55:58     -358.847711       0.0017
FIRE: 491  11:55:58     -358.846793       0.0045
FIRE: 491  11:55:59     -358.847788       0.0017
FIRE: 491  11:55:59     -358.847367       0.0019
FIRE: 491  11:55:59     -358.847741       0.0017
FIRE: 491  11:55:59     -358.846996       0.0023
FIRE: 491  11:55:59     -358.847794       0.0018
FIRE: 491  11:55:59     -358.847648       0.0023
FIRE: 491  11:55:59     -358.847398       0.0030
FIRE: 491  11:55:59     -358.847800       0.0017
FIRE: 491  11:55:59     -358.847625       0.0017
FIRE: 491  11:55:59     -358.847785       0.0017
FIRE: 491  11:55:59     -358.847731       0.0017
FIRE: 491  11:55:59     -358.847761       0.0018
FIRE: 491  11:55:59     -358.847635       0.0023
FIRE: 491  11:55:59     -358.847820       0.0017
FIRE: 491  11:55:59     -358.847766       0.0017
FIRE: 491  11:55:59     -358.847759       0.0017
FIRE: 491  11:55:59     -358.847822       0.0018
FIRE: 491  11:55:59     -358.847744       0.0017
FIRE: 491  11:55:59     -358.847825       0.0017
FIRE: 491  11:55:59     -358.847783       0.0017
FIRE: 491  11:55:59     -358.847829       0.0017
FIRE: 491  11:55:59     -358.847753       0.0018
FIRE: 491  11:55:59     -358.847833       0.0017
FIRE: 491  11:55:59     -358.847785       0.0017
FIRE: 491  11:55:59     -358.847832       0.0018
FIRE: 491  11:55:59     -358.847711       0.0022
FIRE: 491  11:55:59     -358.847840       0.0017
FIRE: 491  11:55:59     -358.847817       0.0018
FIRE: 491  11:55:59     -358.847836       0.0017
FIRE: 491  11:55:59     -358.847828       0.0017
FIRE: 491  11:55:59     -358.847823       0.0017
FIRE: 491  11:55:59     -358.847838       0.0017
FIRE: 491  11:55:59     -358.847824       0.0018
FIRE: 491  11:55:59     -358.847839       0.0017
FIRE: 491  11:55:59     -358.847831       0.0017
FIRE: 491  11:55:59     -358.847840       0.0017
FIRE: 491  11:55:59     -358.847810       0.0017
FIRE: 491  11:55:59     -358.847842       0.0017
FIRE: 491  11:55:59     -358.847842       0.0017
FIRE: 491  11:55:59     -358.847837       0.0017
FIRE: 491  11:55:59     -358.847842       0.0017
FIRE: 491  11:55:59     -358.847838       0.0017
FIRE: 491  11:55:59     -358.847843       0.0017
FIRE: 491  11:55:59     -358.847833       0.0017
FIRE: 491  11:55:59     -358.847843       0.0017
FIRE: 491  11:55:59     -358.847836       0.0017
FIRE: 491  11:55:59     -358.847843       0.0017
FIRE: 491  11:55:59     -358.847841       0.0017
FIRE: 491  11:55:59     -358.847843       0.0017
FIRE: 491  11:55:59     -358.847843       0.0017
FIRE: 491  11:55:59     -358.847841       0.0017
FIRE: 491  11:55:59     -358.847844       0.0017
FIRE: 491  11:55:59     -358.847842       0.0017
FIRE: 491  11:55:59     -358.847844       0.0017
FIRE: 491  11:55:59     -358.847842       0.0017
FIRE: 491  11:55:59     -358.847844       0.0017
FIRE: 491  11:55:59     -358.847843       0.0017
FIRE: 491  11:55:59     -358.847844       0.0017
FIRE: 491  11:55:59     -358.847842       0.0017
FIRE: 491  11:55:59     -358.847844       0.0017
FIRE: 491  11:55:59     -358.847843       0.0017
FIRE: 491  11:55:59     -358.847844       0.0017
FIRE: 491  11:55:59     -358.847842       0.0017
FIRE: 491  11:55:59     -358.847844       0.0017
FIRE: 491  11:55:59     -358.847843       0.0017
FIRE: 491  11:55:59     -358.847844       0.0017
FIRE: 491  11:55:59     -358.847844       0.0017
FIRE: 491  11:55:59     -358.847844       0.0017
FIRE: 491  11:55:59     -358.847843       0.0017
FIRE: 491  11:56:00     -358.847844       0.0017
FIRE: 491  11:56:00     -358.847844       0.0017
FIRE: 491  11:56:00     -358.847844       0.0017
FIRE: 491  11:56:00     -358.847844       0.0017
FIRE: 491  11:56:00     -358.847844       0.0017
FIRE: 491  11:56:00     -358.847844       0.0017
FIRE: 491  11:56:00     -358.847844       0.0017
FIRE: 491  11:56:00     -358.847844       0.0017
FIRE: 491  11:56:00     -358.847844       0.0017
FIRE: 491  11:56:00     -358.847844       0.0017
FIRE: 491  11:56:00     -358.847844       0.0017
FIRE: 491  11:56:00     -358.847844       0.0017
FIRE: 491  11:56:00     -358.847844       0.0017
FIRE: 491  11:56:00     -358.847844       0.0017
FIRE: 491  11:56:00     -358.847844       0.0017
FIRE: 491  11:56:00     -358.847844       0.0017
FIRE: 491  11:56:00     -358.847844       0.0017
FIRE: 491  11:56:00     -358.847844       0.0017
FIRE: 491  11:56:00     -358.847844       0.0017
FIRE: 491  11:56:00     -358.847844       0.0017
FIRE: 491  11:56:00     -358.847844       0.0017
FIRE: 491  11:56:00     -358.847844       0.0017
FIRE: 491  11:56:00     -358.847844       0.0017
FIRE: 491  11:56:00     -358.847844       0.0017
FIRE: 491  11:56:00     -358.847844       0.0017
FIRE: 491  11:56:00     -358.847844       0.0017
FIRE: 491  11:56:00     -358.847844       0.0017
FIRE: 491  11:56:00     -358.847844       0.0017
FIRE: 491  11:56:00     -358.847844       0.0017
FIRE: 491  11:56:00     -358.847844       0.0017
FIRE: 491  11:56:00     -358.847844       0.0017
FIRE: 491  11:56:00     -358.847844       0.0017
FIRE: 491  11:56:00     -358.847844       0.0017
FIRE: 491  11:56:00     -358.847844       0.0017
FIRE: 491  11:56:00     -358.847844       0.0017
FIRE: 491  11:56:00     -358.847844       0.0017
FIRE: 491  11:56:00     -358.847844       0.0017
FIRE: 491  11:56:00     -358.847844       0.0017
FIRE: 491  11:56:00     -358.847844       0.0017
FIRE: 491  11:56:00     -358.847844       0.0017
FIRE: 491  11:56:00     -358.847844       0.0017
FIRE: 491  11:56:00     -358.847844       0.0017
FIRE: 491  11:56:00     -358.847844       0.0017
FIRE: 491  11:56:00     -358.847844       0.0017
FIRE: 491  11:56:00     -358.847844       0.0017
FIRE: 491  11:56:00     -358.847844       0.0017
FIRE: 491  11:56:00     -358.847844       0.0017
FIRE: 491  11:56:00     -358.847844       0.0017
FIRE: 491  11:56:00     -358.847844       0.0017
FIRE: 491  11:56:00     -358.847844       0.0017
FIRE: 491  11:56:00     -358.847844       0.0017
FIRE: 491  11:56:00     -358.847844       0.0017
FIRE: 491  11:56:00     -358.847844       0.0017
FIRE: 491  11:56:00     -358.847844       0.0017
FIRE: 491  11:56:00     -358.847844       0.0017
FIRE: 491  11:56:00     -358.847844       0.0017
FIRE: 491  11:56:00     -358.847844       0.0017
FIRE: 491  11:56:00     -358.847844       0.0017
FIRE: 491  11:56:00     -358.847844       0.0017
FIRE: 491  11:56:00     -358.847844       0.0017
FIRE: 491  11:56:00     -358.847844       0.0017
FIRE: 491  11:56:00     -358.847844       0.0017
FIRE: 491  11:56:00     -358.847844       0.0017
FIRE: 491  11:56:00     -358.847844       0.0017
FIRE: 491  11:56:00     -358.847844       0.0017
FIRE: 491  11:56:00     -358.847844       0.0017
FIRE: 491  11:56:00     -358.847844       0.0017
FIRE: 491  11:56:00     -358.847844       0.0017
FIRE: 491  11:56:00     -358.847844       0.0017
FIRE: 491  11:56:01     -358.847844       0.0017
FIRE:   0  11:56:01     -856.030829       0.2419
FIRE:   1  11:56:01     -856.038353       0.2299
FIRE:   2  11:56:01     -856.051892       0.2064
FIRE:   3  11:56:01     -856.068771       0.1727
FIRE:   4  11:56:01     -856.085758       0.1305
FIRE:   5  11:56:01     -856.099822       0.0824
FIRE:   6  11:56:01     -856.108926       0.0504
FIRE:   7  11:56:01     -856.112790       0.0465
FIRE:   8  11:56:01     -856.112814       0.0556
FIRE:   9  11:56:01     -856.113108       0.0543
FIRE:  10  11:56:01     -856.113672       0.0518
FIRE:  11  11:56:01     -856.114464       0.0481
FIRE:  12  11:56:01     -856.115422       0.0433
FIRE:  13  11:56:01     -856.116476       0.0376
FIRE:  14  11:56:01     -856.117546       0.0309
FIRE:  15  11:56:01     -856.118556       0.0236
FIRE:  16  11:56:01     -856.119523       0.0162
FIRE:  17  11:56:01     -856.120328       0.0111
FIRE:  18  11:56:01     -856.120850       0.0080
FIRE:  18  11:56:01     -852.372858       0.0840
FIRE:  19  11:56:01     -852.374354       0.0707
FIRE:  20  11:56:01     -852.375846       0.0538
FIRE:  21  11:56:01     -852.377132       0.0504
FIRE:  22  11:56:01     -852.378093       0.0550
FIRE:  23  11:56:01     -852.378779       0.0557
FIRE:  24  11:56:01     -852.379410       0.0514
FIRE:  25  11:56:01     -852.380231       0.0421
FIRE:  26  11:56:01     -852.381281       0.0367
FIRE:  27  11:56:01     -852.382272       0.0277
FIRE:  28  11:56:01     -852.382798       0.0182
FIRE:  29  11:56:01     -852.382952       0.0173
FIRE:  30  11:56:01     -852.383235       0.0156
FIRE:  31  11:56:01     -852.383602       0.0142
FIRE:  32  11:56:01     -852.383997       0.0130
FIRE:  33  11:56:01     -852.384364       0.0115
FIRE:  34  11:56:01     -852.384658       0.0099
FIRE:  34  11:56:01     -856.108937       0.0948
FIRE:  35  11:56:01     -856.110314       0.0892
FIRE:  36  11:56:01     -856.112352       0.0781
FIRE:  37  11:56:01     -856.114798       0.0611
FIRE:  38  11:56:01     -856.117154       0.0387
FIRE:  39  11:56:01     -856.118786       0.0272
FIRE:  40  11:56:01     -856.119352       0.0299
FIRE:  41  11:56:01     -856.119434       0.0294
FIRE:  42  11:56:01     -856.119590       0.0286
FIRE:  43  11:56:01     -856.119804       0.0272
FIRE:  44  11:56:01     -856.120056       0.0255
FIRE:  45  11:56:01     -856.120322       0.0235
FIRE:  46  11:56:01     -856.120583       0.0212
FIRE:  47  11:56:01     -856.120823       0.0186
FIRE:  48  11:56:01     -856.121052       0.0157
FIRE:  49  11:56:01     -856.121262       0.0123
FIRE:  50  11:56:01     -856.121452       0.0139
FIRE:  51  11:56:01     -856.121632       0.0150
FIRE:  52  11:56:01     -856.121810       0.0143
FIRE:  53  11:56:01     -856.121981       0.0113
FIRE:  54  11:56:01     -856.122118       0.0065
FIRE:  54  11:56:01     -852.371781       0.0886
FIRE:  55  11:56:01     -852.373845       0.0765
FIRE:  56  11:56:01     -852.377118       0.0593
FIRE:  57  11:56:01     -852.380239       0.0351
FIRE:  58  11:56:01     -852.381923       0.0279
FIRE:  59  11:56:01     -852.382412       0.0464
FIRE:  60  11:56:01     -852.382691       0.0428
FIRE:  61  11:56:01     -852.383165       0.0361
FIRE:  62  11:56:01     -852.383698       0.0268
FIRE:  63  11:56:01     -852.384151       0.0157
FIRE:  64  11:56:01     -852.384434       0.0095
FIRE:  64  11:56:01     -856.111343       0.0918
FIRE:  65  11:56:01     -856.113330       0.0747
FIRE:  66  11:56:01     -856.115390       0.0541
FIRE:  67  11:56:01     -856.117251       0.0304
FIRE:  68  11:56:01     -856.118515       0.0326
FIRE:  69  11:56:01     -856.119154       0.0332
FIRE:  70  11:56:01     -856.119473       0.0343
FIRE:  71  11:56:01     -856.119622       0.0327
FIRE:  72  11:56:01     -856.119895       0.0295
FIRE:  73  11:56:01     -856.120252       0.0250
FIRE:  74  11:56:01     -856.120642       0.0212
FIRE:  75  11:56:01     -856.121009       0.0178
FIRE:  76  11:56:01     -856.121312       0.0141
FIRE:  77  11:56:01     -856.121525       0.0103
FIRE:  78  11:56:01     -856.121660       0.0111
FIRE:  79  11:56:01     -856.121729       0.0155
FIRE:  80  11:56:01     -856.121768       0.0180
FIRE:  81  11:56:01     -856.121780       0.0177
FIRE:  82  11:56:01     -856.121803       0.0171
FIRE:  83  11:56:01     -856.121836       0.0162
FIRE:  84  11:56:01     -856.121875       0.0151
FIRE:  85  11:56:01     -856.121919       0.0137
FIRE:  86  11:56:01     -856.121965       0.0121
FIRE:  87  11:56:01     -856.122010       0.0104
FIRE:  88  11:56:01     -856.122055       0.0084
FIRE:  88  11:56:01     -856.122055       0.0084
FIRE:  88  11:56:01     -852.371028       0.0937
FIRE:  89  11:56:01     -852.371096       0.0933
FIRE:  90  11:56:01     -852.371231       0.0925
FIRE:  91  11:56:01     -852.371431       0.0914
FIRE:  92  11:56:01     -852.371692       0.0899
FIRE:  93  11:56:01     -852.372011       0.0881
FIRE:  94  11:56:02     -852.372381       0.0859
FIRE:  95  11:56:02     -852.372799       0.0834
FIRE:  96  11:56:02     -852.373306       0.0802
FIRE:  97  11:56:02     -852.373913       0.0763
FIRE:  98  11:56:02     -852.374623       0.0716
FIRE:  99  11:56:02     -852.375434       0.0660
FIRE: 100  11:56:02     -852.376336       0.0593
FIRE: 101  11:56:02     -852.377308       0.0516
FIRE: 102  11:56:02     -852.378314       0.0430
FIRE: 103  11:56:02     -852.379314       0.0339
FIRE: 104  11:56:02     -852.380261       0.0282
FIRE: 105  11:56:02     -852.381122       0.0272
FIRE: 106  11:56:02     -852.381883       0.0256
FIRE: 107  11:56:02     -852.382551       0.0230
FIRE: 108  11:56:02     -852.383133       0.0227
FIRE: 109  11:56:02     -852.383614       0.0208
FIRE: 110  11:56:02     -852.383960       0.0165
FIRE: 111  11:56:02     -852.384149       0.0177
FIRE: 112  11:56:02     -852.384183       0.0174
FIRE: 113  11:56:02     -852.384248       0.0167
FIRE: 114  11:56:02     -852.384340       0.0157
FIRE: 115  11:56:02     -852.384451       0.0144
FIRE: 116  11:56:02     -852.384573       0.0129
FIRE: 117  11:56:02     -852.384699       0.0113
FIRE: 118  11:56:02     -852.384821       0.0095
FIRE: 118  11:56:02     -853.951253       0.1707
FIRE: 119  11:56:02     -853.952702       0.1652
FIRE: 120  11:56:02     -853.955283       0.1539
FIRE: 121  11:56:02     -853.958925       0.1361
FIRE: 122  11:56:02     -853.963278       0.1109
FIRE: 123  11:56:02     -853.967695       0.0789
FIRE: 124  11:56:02     -853.971423       0.0457
FIRE: 125  11:56:02     -853.974092       0.0604
FIRE: 126  11:56:02     -853.976082       0.0659
FIRE: 127  11:56:02     -853.978025       0.0570
FIRE: 128  11:56:02     -853.979879       0.0392
FIRE: 129  11:56:02     -853.980844       0.0298
FIRE: 130  11:56:02     -853.981073       0.0288
FIRE: 131  11:56:02     -853.981494       0.0269
FIRE: 132  11:56:02     -853.982040       0.0243
FIRE: 133  11:56:02     -853.982630       0.0220
FIRE: 134  11:56:02     -853.983188       0.0190
FIRE: 135  11:56:02     -853.983655       0.0151
FIRE: 136  11:56:02     -853.984003       0.0103
FIRE: 137  11:56:02     -853.984251       0.0062
FIRE: 137  11:56:02     -853.111921       0.1867
FIRE: 138  11:56:02     -853.117066       0.1675
FIRE: 139  11:56:02     -853.124934       0.1354
FIRE: 140  11:56:02     -853.133870       0.0915
FIRE: 141  11:56:02     -853.141754       0.0682
FIRE: 142  11:56:02     -853.147514       0.0725
FIRE: 143  11:56:02     -853.151661       0.0681
FIRE: 144  11:56:02     -853.154549       0.0549
FIRE: 145  11:56:02     -853.155180       0.0522
FIRE: 146  11:56:02     -853.156333       0.0487
FIRE: 147  11:56:02     -853.157816       0.0441
FIRE: 148  11:56:02     -853.159395       0.0381
FIRE: 149  11:56:02     -853.160848       0.0308
FIRE: 150  11:56:02     -853.162013       0.0223
FIRE: 151  11:56:02     -853.162825       0.0186
FIRE: 152  11:56:02     -853.163362       0.0257
FIRE: 153  11:56:02     -853.163683       0.0295
FIRE: 154  11:56:02     -853.163942       0.0294
FIRE: 155  11:56:02     -853.164327       0.0257
FIRE: 156  11:56:02     -853.164956       0.0191
FIRE: 157  11:56:02     -853.165755       0.0134
FIRE: 158  11:56:02     -853.166375       0.0069
FIRE: 158  11:56:02     -851.207486       0.2125
FIRE: 159  11:56:02     -851.210801       0.2041
FIRE: 160  11:56:02     -851.216834       0.1880
FIRE: 161  11:56:02     -851.224572       0.1654
FIRE: 162  11:56:02     -851.232901       0.1382
FIRE: 163  11:56:02     -851.240924       0.1085
FIRE: 164  11:56:02     -851.248156       0.0793
FIRE: 165  11:56:02     -851.254500       0.0694
FIRE: 166  11:56:02     -851.260542       0.0681
FIRE: 167  11:56:02     -851.266005       0.0578
FIRE: 168  11:56:02     -851.270485       0.0591
FIRE: 169  11:56:02     -851.273783       0.0680
FIRE: 170  11:56:02     -851.276155       0.0593
FIRE: 171  11:56:02     -851.277778       0.0339
FIRE: 172  11:56:02     -851.278078       0.0328
FIRE: 173  11:56:02     -851.278636       0.0307
FIRE: 174  11:56:02     -851.279379       0.0277
FIRE: 175  11:56:02     -851.280216       0.0240
FIRE: 176  11:56:02     -851.281059       0.0218
FIRE: 177  11:56:02     -851.281838       0.0199
FIRE: 178  11:56:02     -851.282514       0.0169
FIRE: 179  11:56:02     -851.283127       0.0122
FIRE: 180  11:56:02     -851.283646       0.0122
FIRE: 181  11:56:02     -851.284040       0.0106
FIRE: 182  11:56:02     -851.284283       0.0139
FIRE: 183  11:56:02     -851.284388       0.0209
FIRE: 184  11:56:02     -851.284413       0.0204
FIRE: 185  11:56:02     -851.284460       0.0195
FIRE: 186  11:56:02     -851.284526       0.0181
FIRE: 187  11:56:02     -851.284605       0.0163
FIRE: 188  11:56:02     -851.284693       0.0142
FIRE: 189  11:56:02     -851.284781       0.0119
FIRE: 190  11:56:02     -851.284866       0.0095
FIRE: 190  11:56:02     -855.153916       0.1303
FIRE: 191  11:56:02     -855.154086       0.1295
FIRE: 192  11:56:02     -855.154421       0.1279
FIRE: 193  11:56:02     -855.154912       0.1255
FIRE: 194  11:56:02     -855.155545       0.1224
FIRE: 195  11:56:02     -855.156304       0.1185
FIRE: 196  11:56:02     -855.157168       0.1140
FIRE: 197  11:56:02     -855.158116       0.1088
FIRE: 198  11:56:02     -855.159234       0.1024
FIRE: 199  11:56:02     -855.160515       0.0947
FIRE: 200  11:56:03     -855.161939       0.0854
FIRE: 201  11:56:03     -855.163463       0.0746
FIRE: 202  11:56:03     -855.165027       0.0623
FIRE: 203  11:56:03     -855.166558       0.0488
FIRE: 204  11:56:03     -855.167988       0.0405
FIRE: 205  11:56:03     -855.169279       0.0399
FIRE: 206  11:56:03     -855.170436       0.0378
FIRE: 207  11:56:03     -855.171495       0.0338
FIRE: 208  11:56:03     -855.172473       0.0302
FIRE: 209  11:56:03     -855.173317       0.0255
FIRE: 210  11:56:03     -855.173907       0.0259
FIRE: 211  11:56:03     -855.174146       0.0265
FIRE: 212  11:56:03     -855.174194       0.0260
FIRE: 213  11:56:03     -855.174286       0.0250
FIRE: 214  11:56:03     -855.174413       0.0235
FIRE: 215  11:56:03     -855.174564       0.0216
FIRE: 216  11:56:03     -855.174728       0.0193
FIRE: 217  11:56:03     -855.174893       0.0168
FIRE: 218  11:56:03     -855.175046       0.0140
FIRE: 219  11:56:03     -855.175195       0.0109
FIRE: 220  11:56:03     -855.175326       0.0075
FIRE: 220  11:56:03     -853.125852       0.1226
FIRE: 221  11:56:03     -853.127324       0.1175
FIRE: 222  11:56:03     -853.129832       0.1074
FIRE: 223  11:56:03     -853.133184       0.0916
FIRE: 224  11:56:03     -853.136910       0.0703
FIRE: 225  11:56:03     -853.140347       0.0454
FIRE: 226  11:56:03     -853.142969       0.0347
FIRE: 227  11:56:03     -853.144723       0.0419
FIRE: 228  11:56:03     -853.145827       0.0365
FIRE: 229  11:56:03     -853.146267       0.0356
FIRE: 230  11:56:03     -853.146461       0.0341
FIRE: 231  11:56:03     -853.146822       0.0311
FIRE: 232  11:56:03     -853.147295       0.0269
FIRE: 233  11:56:03     -853.147816       0.0216
FIRE: 234  11:56:03     -853.148315       0.0168
FIRE: 235  11:56:03     -853.148736       0.0130
FIRE: 236  11:56:03     -853.149043       0.0095
FIRE: 236  11:56:03     -855.284749       0.1529
FIRE: 237  11:56:03     -855.288478       0.1376
FIRE: 238  11:56:03     -855.293815       0.1125
FIRE: 239  11:56:03     -855.299749       0.0787
FIRE: 240  11:56:03     -855.304870       0.0521
FIRE: 241  11:56:03     -855.308275       0.0437
FIRE: 242  11:56:03     -855.310302       0.0584
FIRE: 243  11:56:03     -855.311757       0.0559
FIRE: 244  11:56:03     -855.312117       0.0529
FIRE: 245  11:56:03     -855.312777       0.0474
FIRE: 246  11:56:03     -855.313627       0.0396
FIRE: 247  11:56:03     -855.314537       0.0304
FIRE: 248  11:56:03     -855.315386       0.0256
FIRE: 249  11:56:03     -855.316084       0.0231
FIRE: 250  11:56:03     -855.316597       0.0194
FIRE: 251  11:56:03     -855.316970       0.0170
FIRE: 252  11:56:03     -855.317218       0.0215
FIRE: 253  11:56:03     -855.317389       0.0230
FIRE: 254  11:56:03     -855.317548       0.0213
FIRE: 255  11:56:03     -855.317760       0.0172
FIRE: 256  11:56:03     -855.318073       0.0157
FIRE: 257  11:56:03     -855.318460       0.0132
FIRE: 258  11:56:03     -855.318772       0.0069
FIRE: 258  11:56:03     -854.190602       0.1178
FIRE: 259  11:56:03     -854.191893       0.1121
FIRE: 260  11:56:03     -854.194211       0.1014
FIRE: 261  11:56:03     -854.197116       0.0867
FIRE: 262  11:56:03     -854.200128       0.0695
FIRE: 263  11:56:03     -854.202876       0.0540
FIRE: 264  11:56:03     -854.205207       0.0493
FIRE: 265  11:56:03     -854.207174       0.0442
FIRE: 266  11:56:03     -854.209097       0.0404
FIRE: 267  11:56:03     -854.211023       0.0394
FIRE: 268  11:56:03     -854.212844       0.0307
FIRE: 269  11:56:03     -854.214328       0.0291
FIRE: 270  11:56:03     -854.215358       0.0313
FIRE: 271  11:56:03     -854.216033       0.0247
FIRE: 272  11:56:03     -854.216335       0.0138
FIRE: 273  11:56:03     -854.216424       0.0133
FIRE: 274  11:56:03     -854.216586       0.0125
FIRE: 275  11:56:03     -854.216796       0.0113
FIRE: 276  11:56:03     -854.217023       0.0098
FIRE: 276  11:56:03     -855.603613       0.0671
FIRE: 277  11:56:03     -855.604231       0.0642
FIRE: 278  11:56:03     -855.605104       0.0599
FIRE: 279  11:56:03     -855.606167       0.0544
FIRE: 280  11:56:03     -855.607471       0.0472
FIRE: 281  11:56:03     -855.608932       0.0382
FIRE: 282  11:56:03     -855.610406       0.0279
FIRE: 283  11:56:03     -855.611706       0.0174
FIRE: 284  11:56:03     -855.612650       0.0155
FIRE: 285  11:56:03     -855.613127       0.0157
FIRE: 286  11:56:03     -855.613148       0.0195
FIRE: 287  11:56:03     -855.613197       0.0189
FIRE: 288  11:56:03     -855.613291       0.0176
FIRE: 289  11:56:03     -855.613416       0.0158
FIRE: 290  11:56:03     -855.613559       0.0135
FIRE: 291  11:56:03     -855.613706       0.0110
FIRE: 292  11:56:03     -855.613843       0.0084
FIRE: 292  11:56:03     -855.285119       0.0629
FIRE: 293  11:56:03     -855.285556       0.0605
FIRE: 294  11:56:03     -855.286276       0.0541
FIRE: 295  11:56:03     -855.287187       0.0435
FIRE: 296  11:56:03     -855.288110       0.0292
FIRE: 297  11:56:03     -855.288859       0.0193
FIRE: 298  11:56:03     -855.289389       0.0195
FIRE: 299  11:56:03     -855.289824       0.0232
FIRE: 300  11:56:03     -855.290235       0.0200
FIRE: 301  11:56:03     -855.290498       0.0166
FIRE: 302  11:56:03     -855.290553       0.0159
FIRE: 303  11:56:03     -855.290652       0.0147
FIRE: 304  11:56:03     -855.290778       0.0130
FIRE: 305  11:56:03     -855.290910       0.0108
FIRE: 306  11:56:03     -855.291031       0.0083
FIRE: 306  11:56:04     -855.916003       0.0419
FIRE: 307  11:56:04     -855.916350       0.0384
FIRE: 308  11:56:04     -855.916755       0.0331
FIRE: 309  11:56:04     -855.917204       0.0257
FIRE: 310  11:56:04     -855.917617       0.0166
FIRE: 311  11:56:04     -855.917917       0.0125
FIRE: 312  11:56:04     -855.918090       0.0159
FIRE: 313  11:56:04     -855.918192       0.0173
FIRE: 314  11:56:04     -855.918268       0.0137
FIRE: 315  11:56:04     -855.918292       0.0132
FIRE: 316  11:56:04     -855.918335       0.0121
FIRE: 317  11:56:04     -855.918394       0.0108
FIRE: 318  11:56:04     -855.918459       0.0097
FIRE: 318  11:56:04     -855.162681       0.0678
FIRE: 319  11:56:04     -855.162943       0.0650
FIRE: 320  11:56:04     -855.163370       0.0596
FIRE: 321  11:56:04     -855.163896       0.0519
FIRE: 322  11:56:04     -855.164506       0.0413
FIRE: 323  11:56:04     -855.165101       0.0278
FIRE: 324  11:56:04     -855.165569       0.0125
FIRE: 325  11:56:04     -855.165851       0.0149
FIRE: 326  11:56:04     -855.165986       0.0152
FIRE: 327  11:56:04     -855.166013       0.0148
FIRE: 328  11:56:04     -855.166063       0.0140
FIRE: 329  11:56:04     -855.166130       0.0129
FIRE: 330  11:56:04     -855.166206       0.0115
FIRE: 331  11:56:04     -855.166282       0.0098
FIRE: 331  11:56:04     -855.920860       0.1014
FIRE: 332  11:56:04     -855.921365       0.0959
FIRE: 333  11:56:04     -855.922092       0.0883
FIRE: 334  11:56:04     -855.923061       0.0777
FIRE: 335  11:56:04     -855.924194       0.0641
FIRE: 336  11:56:04     -855.925371       0.0480
FIRE: 337  11:56:04     -855.926467       0.0304
FIRE: 338  11:56:04     -855.927415       0.0252
FIRE: 339  11:56:04     -855.928228       0.0252
FIRE: 340  11:56:04     -855.928931       0.0224
FIRE: 341  11:56:04     -855.929462       0.0202
FIRE: 342  11:56:04     -855.929728       0.0246
FIRE: 343  11:56:04     -855.929786       0.0238
FIRE: 344  11:56:04     -855.929894       0.0223
FIRE: 345  11:56:04     -855.930038       0.0200
FIRE: 346  11:56:04     -855.930199       0.0172
FIRE: 347  11:56:04     -855.930361       0.0140
FIRE: 348  11:56:04     -855.930506       0.0106
FIRE: 349  11:56:04     -855.930625       0.0073
FIRE: 349  11:56:04     -855.628730       0.0603
FIRE: 350  11:56:04     -855.629198       0.0574
FIRE: 351  11:56:04     -855.629920       0.0519
FIRE: 352  11:56:04     -855.630823       0.0436
FIRE: 353  11:56:04     -855.631774       0.0328
FIRE: 354  11:56:04     -855.632642       0.0208
FIRE: 355  11:56:04     -855.633386       0.0210
FIRE: 356  11:56:04     -855.634042       0.0191
FIRE: 357  11:56:04     -855.634569       0.0180
FIRE: 358  11:56:04     -855.634838       0.0210
FIRE: 359  11:56:04     -855.634886       0.0199
FIRE: 360  11:56:04     -855.634973       0.0179
FIRE: 361  11:56:04     -855.635086       0.0151
FIRE: 362  11:56:04     -855.635206       0.0117
FIRE: 363  11:56:04     -855.635319       0.0081
FIRE: 363  11:56:04     -856.002470       0.0359
FIRE: 364  11:56:04     -856.002718       0.0330
FIRE: 365  11:56:04     -856.003008       0.0285
FIRE: 366  11:56:04     -856.003332       0.0221
FIRE: 367  11:56:04     -856.003630       0.0139
FIRE: 368  11:56:04     -856.003837       0.0090
FIRE: 368  11:56:04     -855.905286       0.0293
FIRE: 369  11:56:04     -855.905645       0.0163
FIRE: 370  11:56:04     -855.905866       0.0133
FIRE: 371  11:56:04     -855.905902       0.0130
FIRE: 372  11:56:04     -855.905933       0.0125
FIRE: 373  11:56:04     -855.905989       0.0115
FIRE: 374  11:56:04     -855.906061       0.0101
FIRE: 375  11:56:04     -855.906137       0.0083
FIRE: 375  11:56:04     -856.069880       0.0450
FIRE: 376  11:56:04     -856.070020       0.0421
FIRE: 377  11:56:04     -856.070217       0.0378
FIRE: 378  11:56:04     -856.070439       0.0323
FIRE: 379  11:56:04     -856.070684       0.0254
FIRE: 380  11:56:04     -856.070929       0.0177
FIRE: 381  11:56:04     -856.071167       0.0155
FIRE: 382  11:56:04     -856.071405       0.0169
FIRE: 383  11:56:04     -856.071649       0.0153
FIRE: 384  11:56:04     -856.071870       0.0105
FIRE: 385  11:56:04     -856.072013       0.0091
FIRE: 385  11:56:04     -855.948619       0.0316
FIRE: 386  11:56:04     -855.948698       0.0304
FIRE: 387  11:56:04     -855.948843       0.0281
FIRE: 388  11:56:04     -855.949033       0.0248
FIRE: 389  11:56:04     -855.949244       0.0208
FIRE: 390  11:56:04     -855.949450       0.0164
FIRE: 391  11:56:04     -855.949633       0.0121
FIRE: 392  11:56:04     -855.949787       0.0110
FIRE: 393  11:56:04     -855.949924       0.0099
FIRE: 393  11:56:04     -856.082421       0.0126
FIRE: 394  11:56:04     -856.082427       0.0124
FIRE: 395  11:56:04     -856.082439       0.0119
FIRE: 396  11:56:04     -856.082455       0.0113
FIRE: 397  11:56:04     -856.082474       0.0104
FIRE: 398  11:56:04     -856.082496       0.0094
FIRE: 398  11:56:04     -855.970497       0.0291
FIRE: 399  11:56:04     -855.970537       0.0286
FIRE: 400  11:56:04     -855.970589       0.0278
FIRE: 401  11:56:04     -855.970657       0.0265
FIRE: 402  11:56:04     -855.970741       0.0247
FIRE: 403  11:56:04     -855.970836       0.0223
FIRE: 404  11:56:04     -855.970937       0.0192
FIRE: 405  11:56:04     -855.971036       0.0154
FIRE: 406  11:56:04     -855.971127       0.0110
FIRE: 407  11:56:04     -855.971205       0.0074
FIRE: 407  11:56:05     -856.098408       0.0249
FIRE: 408  11:56:05     -856.098424       0.0245
FIRE: 409  11:56:05     -856.098456       0.0238
FIRE: 410  11:56:05     -856.098502       0.0228
FIRE: 411  11:56:05     -856.098558       0.0214
FIRE: 412  11:56:05     -856.098622       0.0197
FIRE: 413  11:56:05     -856.098690       0.0178
FIRE: 414  11:56:05     -856.098758       0.0158
FIRE: 415  11:56:05     -856.098829       0.0136
FIRE: 416  11:56:05     -856.098899       0.0110
FIRE: 417  11:56:05     -856.098961       0.0084
FIRE: 417  11:56:05     -856.023738       0.0233
FIRE: 418  11:56:05     -856.023768       0.0222
FIRE: 419  11:56:05     -856.023807       0.0202
FIRE: 420  11:56:05     -856.023860       0.0172
FIRE: 421  11:56:05     -856.023927       0.0133
FIRE: 422  11:56:05     -856.024002       0.0095
FIRE: 422  11:56:05     -856.116194       0.0185
FIRE: 423  11:56:05     -856.116203       0.0182
FIRE: 424  11:56:05     -856.116221       0.0177
FIRE: 425  11:56:05     -856.116246       0.0169
FIRE: 426  11:56:05     -856.116276       0.0158
FIRE: 427  11:56:05     -856.116309       0.0146
FIRE: 428  11:56:05     -856.116343       0.0131
FIRE: 429  11:56:05     -856.116376       0.0115
FIRE: 430  11:56:05     -856.116408       0.0097
FIRE: 430  11:56:05     -856.092672       0.0158
FIRE: 431  11:56:05     -856.092713       0.0149
FIRE: 432  11:56:05     -856.092758       0.0138
FIRE: 433  11:56:05     -856.092805       0.0123
FIRE: 434  11:56:05     -856.092856       0.0110
FIRE: 435  11:56:05     -856.092909       0.0100
FIRE: 436  11:56:05     -856.092967       0.0089
FIRE: 436  11:56:05     -856.119089       0.0088
FIRE: 436  11:56:05     -856.080190       0.0134
FIRE: 437  11:56:05     -856.080228       0.0139
FIRE: 438  11:56:05     -856.080283       0.0126
FIRE: 439  11:56:05     -856.080339       0.0095
FIRE: 439  11:56:05     -856.121070       0.0181
FIRE: 440  11:56:05     -856.121081       0.0177
FIRE: 441  11:56:05     -856.121101       0.0169
FIRE: 442  11:56:05     -856.121129       0.0158
FIRE: 443  11:56:05     -856.121163       0.0144
FIRE: 444  11:56:05     -856.121198       0.0127
FIRE: 445  11:56:05     -856.121233       0.0107
FIRE: 446  11:56:05     -856.121264       0.0087
FIRE: 446  11:56:05     -856.100255       0.0119
FIRE: 447  11:56:05     -856.100271       0.0112
FIRE: 448  11:56:05     -856.100289       0.0099
FIRE: 448  11:56:05     -856.125063       0.0040
FIRE: 448  11:56:05     -856.111224       0.0118
FIRE: 449  11:56:05     -856.111253       0.0107
FIRE: 450  11:56:05     -856.111282       0.0091
FIRE: 450  11:56:05     -856.124791       0.0043
FIRE: 450  11:56:05     -856.125537       0.0043
FIRE: 450  11:56:05     -856.121416       0.0051
FIRE: 450  11:56:05     -856.113981       0.0087
FIRE: 450  11:56:05     -856.125515       0.0033
FIRE: 450  11:56:05     -856.124413       0.0050
FIRE: 450  11:56:05     -856.120273       0.0059
FIRE: 450  11:56:05     -856.125454       0.0035
FIRE: 450  11:56:05     -856.118358       0.0062
FIRE: 450  11:56:05     -856.125603       0.0036
FIRE: 450  11:56:05     -856.124762       0.0036
FIRE: 450  11:56:05     -856.125878       0.0037
FIRE: 450  11:56:05     -856.124861       0.0041
FIRE: 450  11:56:05     -856.125897       0.0039
FIRE: 450  11:56:05     -856.123560       0.0030
FIRE: 450  11:56:05     -856.126068       0.0048
FIRE: 450  11:56:05     -856.125268       0.0044
FIRE: 450  11:56:05     -856.126040       0.0037
FIRE: 450  11:56:05     -856.125453       0.0047
FIRE: 450  11:56:05     -856.126049       0.0036
FIRE: 450  11:56:05     -856.124591       0.0041
FIRE: 450  11:56:05     -856.126130       0.0041
FIRE: 450  11:56:05     -856.125648       0.0044
FIRE: 450  11:56:05     -856.126078       0.0042
FIRE: 450  11:56:05     -856.125399       0.0045
FIRE: 450  11:56:05     -856.126171       0.0038
FIRE: 450  11:56:05     -856.126013       0.0041
FIRE: 450  11:56:05     -856.126181       0.0041
FIRE: 450  11:56:05     -856.125676       0.0045
FIRE: 450  11:56:05     -856.126206       0.0039
FIRE: 450  11:56:05     -856.126166       0.0047
FIRE: 450  11:56:05     -856.126055       0.0035
FIRE: 450  11:56:05     -856.126193       0.0045
FIRE: 450  11:56:05     -856.126111       0.0042
FIRE: 450  11:56:05     -856.126209       0.0042
FIRE: 450  11:56:05     -856.126102       0.0043
FIRE: 450  11:56:05     -856.126214       0.0041
FIRE: 450  11:56:05     -856.126098       0.0035
FIRE: 450  11:56:05     -856.126226       0.0044
FIRE: 450  11:56:06     -856.126120       0.0045
FIRE: 450  11:56:06     -856.126226       0.0040
FIRE: 450  11:56:06     -856.126203       0.0043
FIRE: 450  11:56:06     -856.126138       0.0038
FIRE: 450  11:56:06     -856.126233       0.0043
FIRE: 450  11:56:06     -856.126179       0.0040
FIRE: 450  11:56:06     -856.126232       0.0042
FIRE: 450  11:56:06     -856.126199       0.0045
FIRE: 450  11:56:06     -856.126232       0.0040
FIRE: 450  11:56:06     -856.126213       0.0042
FIRE: 450  11:56:06     -856.126234       0.0042
FIRE: 450  11:56:06     -856.126199       0.0042
FIRE: 450  11:56:06     -856.126235       0.0041
FIRE: 450  11:56:06     -856.126216       0.0044
FIRE: 450  11:56:06     -856.126237       0.0041
FIRE: 450  11:56:06     -856.126218       0.0039
FIRE: 450  11:56:06     -856.126237       0.0043
FIRE: 450  11:56:06     -856.126224       0.0044
FIRE: 450  11:56:06     -856.126238       0.0041
FIRE: 450  11:56:06     -856.126227       0.0042
FIRE: 450  11:56:06     -856.126238       0.0042
FIRE: 450  11:56:06     -856.126233       0.0040
FIRE: 450  11:56:06     -856.126238       0.0041
FIRE: 450  11:56:06     -856.126232       0.0041
FIRE: 450  11:56:06     -856.126238       0.0042
FIRE: 450  11:56:06     -856.126230       0.0042
FIRE: 450  11:56:06     -856.126239       0.0042
FIRE: 450  11:56:06     -856.126238       0.0042
FIRE: 450  11:56:06     -856.126234       0.0041
FIRE: 450  11:56:06     -856.126239       0.0042
FIRE: 450  11:56:06     -856.126236       0.0041
FIRE: 450  11:56:06     -856.126239       0.0042
FIRE: 450  11:56:06     -856.126238       0.0042
FIRE: 450  11:56:06     -856.126239       0.0041
FIRE: 450  11:56:06     -856.126238       0.0041
FIRE: 450  11:56:06     -856.126239       0.0042
FIRE: 450  11:56:06     -856.126238       0.0042
FIRE: 450  11:56:06     -856.126239       0.0041
FIRE: 450  11:56:06     -856.126239       0.0042
FIRE: 450  11:56:06     -856.126238       0.0042
FIRE: 450  11:56:06     -856.126240       0.0042
FIRE: 450  11:56:06     -856.126239       0.0042
FIRE: 450  11:56:06     -856.126240       0.0042
FIRE: 450  11:56:06     -856.126239       0.0042
FIRE: 450  11:56:06     -856.126240       0.0042
FIRE: 450  11:56:06     -856.126240       0.0042
FIRE: 450  11:56:06     -856.126240       0.0042
FIRE: 450  11:56:06     -856.126239       0.0041
FIRE: 450  11:56:06     -856.126240       0.0042
FIRE: 450  11:56:06     -856.126239       0.0042
FIRE: 450  11:56:06     -856.126240       0.0042
FIRE: 450  11:56:06     -856.126239       0.0042
FIRE: 450  11:56:06     -856.126240       0.0042
FIRE: 450  11:56:06     -856.126240       0.0042
FIRE: 450  11:56:06     -856.126240       0.0042
FIRE: 450  11:56:06     -856.126240       0.0042
FIRE: 450  11:56:06     -856.126240       0.0042
FIRE: 450  11:56:06     -856.126240       0.0042
FIRE: 450  11:56:06     -856.126240       0.0042
FIRE: 450  11:56:06     -856.126240       0.0042
FIRE: 450  11:56:06     -856.126240       0.0042
FIRE: 450  11:56:06     -856.126240       0.0042
FIRE: 450  11:56:06     -856.126240       0.0042
FIRE: 450  11:56:06     -856.126240       0.0042
FIRE: 450  11:56:06     -856.126240       0.0042
FIRE: 450  11:56:06     -856.126240       0.0042
FIRE: 450  11:56:06     -856.126240       0.0042
FIRE: 450  11:56:06     -856.126240       0.0042
FIRE: 450  11:56:06     -856.126240       0.0042
FIRE: 450  11:56:06     -856.126240       0.0042
FIRE: 450  11:56:06     -856.126240       0.0042
FIRE: 450  11:56:06     -856.126240       0.0042
FIRE: 450  11:56:06     -856.126240       0.0042
FIRE: 450  11:56:06     -856.126240       0.0042
FIRE: 450  11:56:06     -856.126240       0.0042
FIRE: 450  11:56:06     -856.126240       0.0042
FIRE: 450  11:56:06     -856.126240       0.0042
FIRE: 450  11:56:06     -856.126240       0.0042
FIRE: 450  11:56:07     -856.126240       0.0042
FIRE: 450  11:56:07     -856.126240       0.0042
FIRE: 450  11:56:07     -856.126240       0.0042
FIRE: 450  11:56:07     -856.126240       0.0042
FIRE: 450  11:56:07     -856.126240       0.0042
FIRE: 450  11:56:07     -856.126240       0.0042
FIRE: 450  11:56:07     -856.126240       0.0042
FIRE: 450  11:56:07     -856.126240       0.0042
FIRE: 450  11:56:07     -856.126240       0.0042
FIRE: 450  11:56:07     -856.126240       0.0042
FIRE: 450  11:56:07     -856.126240       0.0042
FIRE: 450  11:56:07     -856.126240       0.0042
FIRE: 450  11:56:07     -856.126240       0.0042
FIRE: 450  11:56:07     -856.126240       0.0042
FIRE: 450  11:56:07     -856.126240       0.0042
FIRE: 450  11:56:07     -856.126240       0.0042
FIRE: 450  11:56:07     -856.126240       0.0042
FIRE: 450  11:56:07     -856.126240       0.0042
FIRE: 450  11:56:07     -856.126240       0.0042
FIRE: 450  11:56:07     -856.126240       0.0042
FIRE: 450  11:56:07     -856.126240       0.0042
FIRE: 450  11:56:07     -856.126240       0.0042
FIRE: 450  11:56:07     -856.126240       0.0042
FIRE: 450  11:56:07     -856.126240       0.0042
FIRE: 450  11:56:07     -856.126240       0.0042
FIRE: 450  11:56:07     -856.126240       0.0042
FIRE: 450  11:56:07     -856.126240       0.0042
FIRE: 450  11:56:07     -856.126240       0.0042
FIRE: 450  11:56:07     -856.126240       0.0042
FIRE: 450  11:56:07     -856.126240       0.0042
FIRE: 450  11:56:07     -856.126240       0.0042
FIRE: 450  11:56:07     -856.126240       0.0042
FIRE: 450  11:56:07     -856.126240       0.0042
FIRE: 450  11:56:07     -856.126240       0.0042
FIRE: 450  11:56:07     -856.126240       0.0042
FIRE: 450  11:56:07     -856.126240       0.0042
FIRE:   0  11:56:07    -1675.870826       0.2419
FIRE:   1  11:56:07    -1675.878350       0.2299
FIRE:   2  11:56:07    -1675.891890       0.2064
FIRE:   3  11:56:07    -1675.908771       0.1727
FIRE:   4  11:56:07    -1675.925761       0.1306
FIRE:   5  11:56:07    -1675.939833       0.0824
FIRE:   6  11:56:07    -1675.948954       0.0505
FIRE:   7  11:56:07    -1675.952852       0.0466
FIRE:   8  11:56:07    -1675.952941       0.0555
FIRE:   9  11:56:07    -1675.953238       0.0543
FIRE:  10  11:56:07    -1675.953809       0.0518
FIRE:  11  11:56:07    -1675.954611       0.0481
FIRE:  12  11:56:07    -1675.955584       0.0433
FIRE:  13  11:56:07    -1675.956655       0.0375
FIRE:  14  11:56:07    -1675.957747       0.0308
FIRE:  15  11:56:07    -1675.958784       0.0235
FIRE:  16  11:56:07    -1675.959784       0.0164
FIRE:  17  11:56:07    -1675.960635       0.0114
FIRE:  18  11:56:07    -1675.961219       0.0085
FIRE:  18  11:56:07    -1668.803193       0.0839
FIRE:  19  11:56:07    -1668.804756       0.0707
FIRE:  20  11:56:07    -1668.806330       0.0538
FIRE:  21  11:56:07    -1668.807714       0.0504
FIRE:  22  11:56:07    -1668.808778       0.0551
FIRE:  23  11:56:07    -1668.809563       0.0558
FIRE:  24  11:56:07    -1668.810278       0.0516
FIRE:  25  11:56:07    -1668.811152       0.0422
FIRE:  26  11:56:07    -1668.812208       0.0369
FIRE:  27  11:56:07    -1668.813146       0.0277
FIRE:  28  11:56:07    -1668.813576       0.0189
FIRE:  29  11:56:07    -1668.813730       0.0180
FIRE:  30  11:56:07    -1668.814015       0.0163
FIRE:  31  11:56:07    -1668.814384       0.0141
FIRE:  32  11:56:07    -1668.814781       0.0129
FIRE:  33  11:56:07    -1668.815150       0.0114
FIRE:  34  11:56:07    -1668.815447       0.0098
FIRE:  34  11:56:08    -1675.949945       0.0952
FIRE:  35  11:56:08    -1675.951345       0.0896
FIRE:  36  11:56:08    -1675.953417       0.0785
FIRE:  37  11:56:08    -1675.955912       0.0615
FIRE:  38  11:56:08    -1675.958323       0.0390
FIRE:  39  11:56:08    -1675.959999       0.0272
FIRE:  40  11:56:08    -1675.960576       0.0301
FIRE:  41  11:56:08    -1675.960657       0.0296
FIRE:  42  11:56:08    -1675.960810       0.0287
FIRE:  43  11:56:08    -1675.961021       0.0274
FIRE:  44  11:56:08    -1675.961269       0.0257
FIRE:  45  11:56:08    -1675.961532       0.0237
FIRE:  46  11:56:08    -1675.961790       0.0213
FIRE:  47  11:56:08    -1675.962027       0.0188
FIRE:  48  11:56:08    -1675.962255       0.0158
FIRE:  49  11:56:08    -1675.962464       0.0124
FIRE:  50  11:56:08    -1675.962655       0.0137
FIRE:  51  11:56:08    -1675.962835       0.0149
FIRE:  52  11:56:08    -1675.963012       0.0141
FIRE:  53  11:56:08    -1675.963181       0.0112
FIRE:  54  11:56:08    -1675.963317       0.0066
FIRE:  54  11:56:08    -1668.802500       0.0884
FIRE:  55  11:56:08    -1668.804583       0.0764
FIRE:  56  11:56:08    -1668.807872       0.0589
FIRE:  57  11:56:08    -1668.810988       0.0348
FIRE:  58  11:56:08    -1668.812635       0.0280
FIRE:  59  11:56:08    -1668.813079       0.0464
FIRE:  60  11:56:08    -1668.813360       0.0428
FIRE:  61  11:56:08    -1668.813838       0.0361
FIRE:  62  11:56:08    -1668.814377       0.0267
FIRE:  63  11:56:08    -1668.814834       0.0156
FIRE:  64  11:56:08    -1668.815120       0.0099
FIRE:  64  11:56:08    -1675.952522       0.0916
FIRE:  65  11:56:08    -1675.954523       0.0745
FIRE:  66  11:56:08    -1675.956595       0.0538
FIRE:  67  11:56:08    -1675.958464       0.0301
FIRE:  68  11:56:08    -1675.959736       0.0329
FIRE:  69  11:56:08    -1675.960386       0.0335
FIRE:  70  11:56:08    -1675.960713       0.0344
FIRE:  71  11:56:08    -1675.960860       0.0328
FIRE:  72  11:56:08    -1675.961132       0.0296
FIRE:  73  11:56:08    -1675.961487       0.0250
FIRE:  74  11:56:08    -1675.961873       0.0213
FIRE:  75  11:56:08    -1675.962237       0.0179
FIRE:  76  11:56:08    -1675.962535       0.0142
FIRE:  77  11:56:08    -1675.962744       0.0104
FIRE:  78  11:56:08    -1675.962876       0.0109
FIRE:  79  11:56:08    -1675.962941       0.0153
FIRE:  80  11:56:08    -1675.962979       0.0180
FIRE:  81  11:56:08    -1675.962991       0.0177
FIRE:  82  11:56:08    -1675.963014       0.0171
FIRE:  83  11:56:08    -1675.963046       0.0162
FIRE:  84  11:56:08    -1675.963086       0.0150
FIRE:  85  11:56:08    -1675.963130       0.0136
FIRE:  86  11:56:08    -1675.963176       0.0120
FIRE:  87  11:56:08    -1675.963221       0.0103
FIRE:  88  11:56:08    -1675.963266       0.0083
FIRE:  88  11:56:08    -1675.963266       0.0083
FIRE:  88  11:56:08    -1668.801737       0.0936
FIRE:  89  11:56:08    -1668.801805       0.0932
FIRE:  90  11:56:08    -1668.801940       0.0925
FIRE:  91  11:56:08    -1668.802141       0.0913
FIRE:  92  11:56:08    -1668.802403       0.0898
FIRE:  93  11:56:08    -1668.802722       0.0880
FIRE:  94  11:56:08    -1668.803094       0.0858
FIRE:  95  11:56:08    -1668.803512       0.0833
FIRE:  96  11:56:08    -1668.804021       0.0801
FIRE:  97  11:56:08    -1668.804629       0.0762
FIRE:  98  11:56:08    -1668.805340       0.0715
FIRE:  99  11:56:08    -1668.806154       0.0658
FIRE: 100  11:56:08    -1668.807058       0.0592
FIRE: 101  11:56:08    -1668.808031       0.0515
FIRE: 102  11:56:08    -1668.809040       0.0429
FIRE: 103  11:56:08    -1668.810041       0.0338
FIRE: 104  11:56:08    -1668.810989       0.0283
FIRE: 105  11:56:09    -1668.811849       0.0273
FIRE: 106  11:56:09    -1668.812609       0.0257
FIRE: 107  11:56:09    -1668.813275       0.0231
FIRE: 108  11:56:09    -1668.813853       0.0227
FIRE: 109  11:56:09    -1668.814331       0.0208
FIRE: 110  11:56:09    -1668.814677       0.0165
FIRE: 111  11:56:09    -1668.814875       0.0180
FIRE: 112  11:56:09    -1668.814910       0.0176
FIRE: 113  11:56:09    -1668.814978       0.0169
FIRE: 114  11:56:09    -1668.815073       0.0160
FIRE: 115  11:56:09    -1668.815188       0.0147
FIRE: 116  11:56:09    -1668.815315       0.0132
FIRE: 117  11:56:09    -1668.815446       0.0115
FIRE: 118  11:56:09    -1668.815573       0.0097
FIRE: 118  11:56:10    -1671.642646       0.1706
FIRE: 119  11:56:10    -1671.644102       0.1650
FIRE: 120  11:56:10    -1671.646690       0.1537
FIRE: 121  11:56:10    -1671.650335       0.1358
FIRE: 122  11:56:10    -1671.654684       0.1106
FIRE: 123  11:56:10    -1671.659083       0.0785
FIRE: 124  11:56:10    -1671.662774       0.0461
FIRE: 125  11:56:10    -1671.665385       0.0606
FIRE: 126  11:56:10    -1671.667301       0.0659
FIRE: 127  11:56:10    -1671.669168       0.0567
FIRE: 128  11:56:10    -1671.670964       0.0395
FIRE: 129  11:56:10    -1671.671933       0.0303
FIRE: 130  11:56:10    -1671.672169       0.0293
FIRE: 131  11:56:10    -1671.672605       0.0273
FIRE: 132  11:56:10    -1671.673171       0.0246
FIRE: 133  11:56:10    -1671.673786       0.0222
FIRE: 134  11:56:10    -1671.674370       0.0192
FIRE: 135  11:56:10    -1671.674865       0.0153
FIRE: 136  11:56:10    -1671.675238       0.0104
FIRE: 137  11:56:10    -1671.675507       0.0060
FIRE: 137  11:56:10    -1669.941031       0.1871
FIRE: 138  11:56:10    -1669.946260       0.1677
FIRE: 139  11:56:10    -1669.954206       0.1354
FIRE: 140  11:56:10    -1669.963186       0.0911
FIRE: 141  11:56:10    -1669.971051       0.0683
FIRE: 142  11:56:10    -1669.976718       0.0725
FIRE: 143  11:56:10    -1669.980731       0.0679
FIRE: 144  11:56:10    -1669.983557       0.0550
FIRE: 145  11:56:10    -1669.984215       0.0524
FIRE: 146  11:56:10    -1669.985417       0.0484
FIRE: 147  11:56:10    -1669.986962       0.0440
FIRE: 148  11:56:10    -1669.988608       0.0381
FIRE: 149  11:56:10    -1669.990122       0.0310
FIRE: 150  11:56:10    -1669.991336       0.0226
FIRE: 151  11:56:11    -1669.992178       0.0190
FIRE: 152  11:56:11    -1669.992725       0.0263
FIRE: 153  11:56:11    -1669.993026       0.0301
FIRE: 154  11:56:11    -1669.993228       0.0300
FIRE: 155  11:56:11    -1669.993511       0.0261
FIRE: 156  11:56:11    -1669.993991       0.0194
FIRE: 157  11:56:11    -1669.994619       0.0141
FIRE: 158  11:56:11    -1669.995125       0.0088
FIRE: 158  11:56:11    -1666.161468       0.2122
FIRE: 159  11:56:11    -1666.164800       0.2039
FIRE: 160  11:56:11    -1666.170865       0.1878
FIRE: 161  11:56:11    -1666.178650       0.1652
FIRE: 162  11:56:11    -1666.187038       0.1380
FIRE: 163  11:56:11    -1666.195127       0.1084
FIRE: 164  11:56:11    -1666.202431       0.0792
FIRE: 165  11:56:11    -1666.208848       0.0694
FIRE: 166  11:56:11    -1666.214976       0.0680
FIRE: 167  11:56:11    -1666.220544       0.0578
FIRE: 168  11:56:11    -1666.225146       0.0593
FIRE: 169  11:56:11    -1666.228557       0.0678
FIRE: 170  11:56:11    -1666.230980       0.0585
FIRE: 171  11:56:11    -1666.232561       0.0326
FIRE: 172  11:56:11    -1666.232861       0.0316
FIRE: 173  11:56:11    -1666.233419       0.0297
FIRE: 174  11:56:11    -1666.234163       0.0270
FIRE: 175  11:56:11    -1666.235004       0.0236
FIRE: 176  11:56:11    -1666.235851       0.0211
FIRE: 177  11:56:11    -1666.236633       0.0193
FIRE: 178  11:56:11    -1666.237304       0.0164
FIRE: 179  11:56:11    -1666.237896       0.0117
FIRE: 180  11:56:11    -1666.238364       0.0078
FIRE: 180  11:56:11    -1674.156918       0.1377
FIRE: 181  11:56:11    -1674.160785       0.1236
FIRE: 182  11:56:11    -1674.166094       0.0978
FIRE: 183  11:56:11    -1674.171272       0.0619
FIRE: 184  11:56:11    -1674.174559       0.0306
FIRE: 185  11:56:11    -1674.175623       0.0489
FIRE: 186  11:56:11    -1674.175917       0.0464
FIRE: 187  11:56:11    -1674.176448       0.0415
FIRE: 188  11:56:11    -1674.177118       0.0346
FIRE: 189  11:56:11    -1674.177808       0.0263
FIRE: 190  11:56:11    -1674.178418       0.0175
FIRE: 191  11:56:11    -1674.178888       0.0164
FIRE: 192  11:56:11    -1674.179225       0.0195
FIRE: 193  11:56:11    -1674.179514       0.0247
FIRE: 194  11:56:11    -1674.179828       0.0278
FIRE: 195  11:56:11    -1674.180229       0.0273
FIRE: 196  11:56:11    -1674.180707       0.0227
FIRE: 197  11:56:11    -1674.181143       0.0138
FIRE: 198  11:56:11    -1674.181369       0.0066
FIRE: 198  11:56:11    -1670.255834       0.1144
FIRE: 199  11:56:11    -1670.256437       0.1117
FIRE: 200  11:56:11    -1670.257581       0.1064
FIRE: 201  11:56:11    -1670.259149       0.0988
FIRE: 202  11:56:11    -1670.260993       0.0892
FIRE: 203  11:56:11    -1670.262955       0.0781
FIRE: 204  11:56:11    -1670.264893       0.0659
FIRE: 205  11:56:11    -1670.266703       0.0534
FIRE: 206  11:56:11    -1670.268490       0.0401
FIRE: 207  11:56:11    -1670.270187       0.0341
FIRE: 208  11:56:11    -1670.271761       0.0310
FIRE: 209  11:56:11    -1670.273177       0.0304
FIRE: 210  11:56:11    -1670.274348       0.0243
FIRE: 211  11:56:11    -1670.275132       0.0184
FIRE: 212  11:56:11    -1670.275456       0.0240
FIRE: 213  11:56:11    -1670.275511       0.0234
FIRE: 214  11:56:11    -1670.275617       0.0222
FIRE: 215  11:56:11    -1670.275762       0.0205
FIRE: 216  11:56:11    -1670.275932       0.0183
FIRE: 217  11:56:11    -1670.276114       0.0158
FIRE: 218  11:56:11    -1670.276292       0.0130
FIRE: 219  11:56:11    -1670.276455       0.0102
FIRE: 220  11:56:11    -1670.276610       0.0083
FIRE: 220  11:56:11    -1674.344229       0.0545
FIRE: 221  11:56:11    -1674.344763       0.0496
FIRE: 222  11:56:11    -1674.345454       0.0417
FIRE: 223  11:56:11    -1674.346211       0.0305
FIRE: 224  11:56:11    -1674.346874       0.0169
FIRE: 225  11:56:12    -1674.347270       0.0143
FIRE: 226  11:56:12    -1674.347355       0.0164
FIRE: 227  11:56:12    -1674.347381       0.0158
FIRE: 228  11:56:12    -1674.347430       0.0147
FIRE: 229  11:56:12    -1674.347496       0.0131
FIRE: 230  11:56:12    -1674.347572       0.0111
FIRE: 231  11:56:12    -1674.347651       0.0089
FIRE: 231  11:56:12    -1671.615152       0.1111
FIRE: 232  11:56:12    -1671.615903       0.1081
FIRE: 233  11:56:12    -1671.617195       0.1029
FIRE: 234  11:56:12    -1671.619139       0.0951
FIRE: 235  11:56:12    -1671.621695       0.0843
FIRE: 236  11:56:12    -1671.624710       0.0707
FIRE: 237  11:56:12    -1671.627936       0.0598
FIRE: 238  11:56:12    -1671.631104       0.0478
FIRE: 239  11:56:12    -1671.634021       0.0352
FIRE: 240  11:56:12    -1671.636588       0.0369
FIRE: 241  11:56:12    -1671.638643       0.0301
FIRE: 242  11:56:12    -1671.639893       0.0264
FIRE: 243  11:56:12    -1671.640253       0.0311
FIRE: 244  11:56:12    -1671.640387       0.0298
FIRE: 245  11:56:12    -1671.640631       0.0274
FIRE: 246  11:56:12    -1671.640949       0.0239
FIRE: 247  11:56:12    -1671.641295       0.0197
FIRE: 248  11:56:12    -1671.641628       0.0150
FIRE: 249  11:56:12    -1671.641919       0.0128
FIRE: 250  11:56:12    -1671.642160       0.0113
FIRE: 251  11:56:12    -1671.642369       0.0091
FIRE: 251  11:56:12    -1674.676523       0.1316
FIRE: 252  11:56:12    -1674.680375       0.1243
FIRE: 253  11:56:12    -1674.686684       0.1109
FIRE: 254  11:56:12    -1674.694394       0.0902
FIRE: 255  11:56:12    -1674.701687       0.0622
FIRE: 256  11:56:12    -1674.707010       0.0489
FIRE: 257  11:56:12    -1674.710276       0.0538
FIRE: 258  11:56:12    -1674.712142       0.0478
FIRE: 259  11:56:12    -1674.712597       0.0452
FIRE: 260  11:56:12    -1674.713427       0.0403
FIRE: 261  11:56:12    -1674.714493       0.0367
FIRE: 262  11:56:12    -1674.715630       0.0342
FIRE: 263  11:56:12    -1674.716683       0.0308
FIRE: 264  11:56:12    -1674.717549       0.0262
FIRE: 265  11:56:12    -1674.718192       0.0204
FIRE: 266  11:56:12    -1674.718682       0.0163
FIRE: 267  11:56:12    -1674.719048       0.0194
FIRE: 268  11:56:12    -1674.719347       0.0203
FIRE: 269  11:56:12    -1674.719646       0.0186
FIRE: 270  11:56:12    -1674.720008       0.0160
FIRE: 271  11:56:12    -1674.720458       0.0161
FIRE: 272  11:56:12    -1674.720917       0.0114
FIRE: 273  11:56:12    -1674.721186       0.0085
FIRE: 273  11:56:12    -1674.481722       0.0933
FIRE: 274  11:56:12    -1674.482491       0.0897
FIRE: 275  11:56:12    -1674.483915       0.0829
FIRE: 276  11:56:12    -1674.485795       0.0731
FIRE: 277  11:56:12    -1674.487901       0.0612
FIRE: 278  11:56:12    -1674.490025       0.0479
FIRE: 279  11:56:12    -1674.492023       0.0344
FIRE: 280  11:56:12    -1674.493827       0.0305
FIRE: 281  11:56:12    -1674.495573       0.0268
FIRE: 282  11:56:12    -1674.497171       0.0214
FIRE: 283  11:56:12    -1674.498495       0.0228
FIRE: 284  11:56:12    -1674.499429       0.0238
FIRE: 285  11:56:12    -1674.499943       0.0194
FIRE: 286  11:56:12    -1674.500049       0.0114
FIRE: 287  11:56:12    -1674.500109       0.0110
FIRE: 288  11:56:12    -1674.500222       0.0110
FIRE: 289  11:56:12    -1674.500375       0.0110
FIRE: 290  11:56:12    -1674.500552       0.0108
FIRE: 291  11:56:12    -1674.500738       0.0105
FIRE: 292  11:56:12    -1674.500918       0.0098
FIRE: 292  11:56:12    -1674.408399       0.0910
FIRE: 293  11:56:12    -1674.409505       0.0869
FIRE: 294  11:56:12    -1674.411313       0.0791
FIRE: 295  11:56:12    -1674.413702       0.0673
FIRE: 296  11:56:12    -1674.416369       0.0515
FIRE: 297  11:56:12    -1674.418901       0.0329
FIRE: 298  11:56:12    -1674.420962       0.0280
FIRE: 299  11:56:13    -1674.422421       0.0268
FIRE: 300  11:56:13    -1674.423216       0.0274
FIRE: 301  11:56:13    -1674.423365       0.0335
FIRE: 302  11:56:13    -1674.423504       0.0318
FIRE: 303  11:56:13    -1674.423759       0.0286
FIRE: 304  11:56:13    -1674.424089       0.0241
FIRE: 305  11:56:13    -1674.424447       0.0187
FIRE: 306  11:56:13    -1674.424788       0.0129
FIRE: 307  11:56:13    -1674.425081       0.0093
FIRE: 307  11:56:13    -1675.545609       0.0262
FIRE: 308  11:56:13    -1675.546014       0.0219
FIRE: 309  11:56:13    -1675.546416       0.0152
FIRE: 310  11:56:13    -1675.546724       0.0085
FIRE: 310  11:56:13    -1674.616615       0.0511
FIRE: 311  11:56:13    -1674.616731       0.0499
FIRE: 312  11:56:13    -1674.616954       0.0477
FIRE: 313  11:56:13    -1674.617267       0.0445
FIRE: 314  11:56:13    -1674.617647       0.0406
FIRE: 315  11:56:13    -1674.618068       0.0361
FIRE: 316  11:56:13    -1674.618503       0.0311
FIRE: 317  11:56:13    -1674.618928       0.0260
FIRE: 318  11:56:13    -1674.619365       0.0234
FIRE: 319  11:56:13    -1674.619789       0.0222
FIRE: 320  11:56:13    -1674.620181       0.0206
FIRE: 321  11:56:13    -1674.620532       0.0185
FIRE: 322  11:56:13    -1674.620847       0.0157
FIRE: 323  11:56:13    -1674.621134       0.0143
FIRE: 324  11:56:13    -1674.621393       0.0126
FIRE: 325  11:56:13    -1674.621618       0.0153
FIRE: 326  11:56:13    -1674.621807       0.0164
FIRE: 327  11:56:13    -1674.621965       0.0143
FIRE: 328  11:56:13    -1674.622082       0.0089
FIRE: 328  11:56:13    -1675.591481       0.0330
FIRE: 329  11:56:13    -1675.591562       0.0323
FIRE: 330  11:56:13    -1675.591718       0.0310
FIRE: 331  11:56:13    -1675.591936       0.0291
FIRE: 332  11:56:13    -1675.592199       0.0266
FIRE: 333  11:56:13    -1675.592488       0.0237
FIRE: 334  11:56:13    -1675.592784       0.0205
FIRE: 335  11:56:13    -1675.593068       0.0171
FIRE: 336  11:56:13    -1675.593352       0.0133
FIRE: 337  11:56:13    -1675.593611       0.0092
FIRE: 337  11:56:13    -1674.935837       0.0712
FIRE: 338  11:56:13    -1674.937341       0.0660
FIRE: 339  11:56:13    -1674.939331       0.0565
FIRE: 340  11:56:13    -1674.941438       0.0429
FIRE: 341  11:56:13    -1674.943222       0.0269
FIRE: 342  11:56:13    -1674.944476       0.0282
FIRE: 343  11:56:13    -1674.945268       0.0260
FIRE: 344  11:56:13    -1674.945601       0.0226
FIRE: 345  11:56:13    -1674.945694       0.0218
FIRE: 346  11:56:13    -1674.945868       0.0201
FIRE: 347  11:56:13    -1674.946096       0.0177
FIRE: 348  11:56:13    -1674.946347       0.0147
FIRE: 349  11:56:13    -1674.946591       0.0114
FIRE: 350  11:56:13    -1674.946801       0.0080
FIRE: 350  11:56:13    -1675.715164       0.0333
FIRE: 351  11:56:13    -1675.715553       0.0293
FIRE: 352  11:56:13    -1675.715969       0.0235
FIRE: 353  11:56:13    -1675.716329       0.0159
FIRE: 354  11:56:13    -1675.716551       0.0108
FIRE: 355  11:56:13    -1675.716623       0.0135
FIRE: 356  11:56:13    -1675.716640       0.0131
FIRE: 357  11:56:13    -1675.716671       0.0123
FIRE: 358  11:56:13    -1675.716714       0.0111
FIRE: 359  11:56:13    -1675.716764       0.0097
FIRE: 359  11:56:13    -1675.366665       0.0451
FIRE: 360  11:56:13    -1675.366770       0.0447
FIRE: 361  11:56:13    -1675.366935       0.0431
FIRE: 362  11:56:13    -1675.367147       0.0403
FIRE: 363  11:56:13    -1675.367418       0.0361
FIRE: 364  11:56:13    -1675.367731       0.0304
FIRE: 365  11:56:13    -1675.368058       0.0230
FIRE: 366  11:56:13    -1675.368363       0.0145
FIRE: 367  11:56:13    -1675.368620       0.0120
FIRE: 368  11:56:13    -1675.368823       0.0123
FIRE: 369  11:56:13    -1675.368975       0.0109
FIRE: 370  11:56:13    -1675.369057       0.0098
FIRE: 370  11:56:14    -1675.868723       0.0337
FIRE: 371  11:56:14    -1675.869231       0.0268
FIRE: 372  11:56:14    -1675.869595       0.0129
FIRE: 373  11:56:14    -1675.869637       0.0128
FIRE: 374  11:56:14    -1675.869715       0.0126
FIRE: 375  11:56:14    -1675.869814       0.0122
FIRE: 376  11:56:14    -1675.869922       0.0115
FIRE: 377  11:56:14    -1675.870023       0.0105
FIRE: 378  11:56:14    -1675.870108       0.0090
FIRE: 378  11:56:14    -1675.521550       0.0373
FIRE: 379  11:56:14    -1675.521809       0.0361
FIRE: 380  11:56:14    -1675.522196       0.0331
FIRE: 381  11:56:14    -1675.522679       0.0284
FIRE: 382  11:56:14    -1675.523196       0.0220
FIRE: 383  11:56:14    -1675.523671       0.0147
FIRE: 384  11:56:14    -1675.524058       0.0123
FIRE: 385  11:56:14    -1675.524337       0.0111
FIRE: 386  11:56:14    -1675.524483       0.0117
FIRE: 387  11:56:14    -1675.524504       0.0113
FIRE: 388  11:56:14    -1675.524543       0.0106
FIRE: 389  11:56:14    -1675.524596       0.0096
FIRE: 389  11:56:14    -1675.866175       0.0473
FIRE: 390  11:56:14    -1675.866543       0.0443
FIRE: 391  11:56:14    -1675.867083       0.0395
FIRE: 392  11:56:14    -1675.867716       0.0336
FIRE: 393  11:56:14    -1675.868360       0.0296
FIRE: 394  11:56:14    -1675.869008       0.0245
FIRE: 395  11:56:14    -1675.869586       0.0186
FIRE: 396  11:56:14    -1675.870043       0.0123
FIRE: 397  11:56:14    -1675.870363       0.0134
FIRE: 398  11:56:14    -1675.870533       0.0120
FIRE: 399  11:56:14    -1675.870547       0.0152
FIRE: 400  11:56:14    -1675.870572       0.0148
FIRE: 401  11:56:14    -1675.870620       0.0140
FIRE: 402  11:56:14    -1675.870684       0.0128
FIRE: 403  11:56:14    -1675.870760       0.0113
FIRE: 404  11:56:14    -1675.870838       0.0096
FIRE: 404  11:56:14    -1675.705579       0.0308
FIRE: 405  11:56:14    -1675.705700       0.0292
FIRE: 406  11:56:14    -1675.705852       0.0267
FIRE: 407  11:56:14    -1675.706040       0.0231
FIRE: 408  11:56:14    -1675.706248       0.0184
FIRE: 409  11:56:14    -1675.706455       0.0128
FIRE: 410  11:56:14    -1675.706644       0.0116
FIRE: 411  11:56:14    -1675.706807       0.0107
FIRE: 412  11:56:14    -1675.706943       0.0092
FIRE: 412  11:56:14    -1675.898276       0.0328
FIRE: 413  11:56:14    -1675.898346       0.0319
FIRE: 414  11:56:14    -1675.898479       0.0302
FIRE: 415  11:56:14    -1675.898659       0.0277
FIRE: 416  11:56:14    -1675.898869       0.0245
FIRE: 417  11:56:14    -1675.899087       0.0219
FIRE: 418  11:56:14    -1675.899296       0.0191
FIRE: 419  11:56:14    -1675.899484       0.0161
FIRE: 420  11:56:14    -1675.899661       0.0129
FIRE: 421  11:56:14    -1675.899818       0.0097
FIRE: 421  11:56:14    -1675.822366       0.0136
FIRE: 422  11:56:14    -1675.822400       0.0123
FIRE: 423  11:56:14    -1675.822433       0.0119
FIRE: 424  11:56:14    -1675.822440       0.0117
FIRE: 425  11:56:14    -1675.822454       0.0112
FIRE: 426  11:56:14    -1675.822473       0.0106
FIRE: 427  11:56:14    -1675.822496       0.0097
FIRE: 427  11:56:14    -1675.942611       0.0149
FIRE: 428  11:56:14    -1675.942633       0.0140
FIRE: 429  11:56:14    -1675.942659       0.0129
FIRE: 430  11:56:14    -1675.942689       0.0114
FIRE: 431  11:56:14    -1675.942721       0.0096
FIRE: 431  11:56:14    -1675.879262       0.0174
FIRE: 432  11:56:14    -1675.879300       0.0152
FIRE: 433  11:56:14    -1675.879349       0.0133
FIRE: 434  11:56:14    -1675.879407       0.0138
FIRE: 435  11:56:14    -1675.879473       0.0140
FIRE: 436  11:56:14    -1675.879543       0.0135
FIRE: 437  11:56:14    -1675.879617       0.0122
FIRE: 438  11:56:14    -1675.879691       0.0099
FIRE: 438  11:56:14    -1675.943393       0.0087
FIRE: 438  11:56:15    -1675.917406       0.0196
FIRE: 439  11:56:15    -1675.917415       0.0193
FIRE: 440  11:56:15    -1675.917432       0.0187
FIRE: 441  11:56:15    -1675.917457       0.0177
FIRE: 442  11:56:15    -1675.917486       0.0165
FIRE: 443  11:56:15    -1675.917518       0.0150
FIRE: 444  11:56:15    -1675.917552       0.0134
FIRE: 445  11:56:15    -1675.917584       0.0116
FIRE: 446  11:56:15    -1675.917617       0.0095
FIRE: 446  11:56:15    -1675.955393       0.0046
FIRE: 446  11:56:15    -1675.916040       0.0077
FIRE: 446  11:56:15    -1675.962156       0.0069
FIRE: 446  11:56:15    -1675.935398       0.0091
FIRE: 446  11:56:15    -1675.960532       0.0056
FIRE: 446  11:56:15    -1675.950843       0.0123
FIRE: 447  11:56:15    -1675.950844       0.0122
FIRE: 448  11:56:15    -1675.950847       0.0121
FIRE: 449  11:56:15    -1675.950851       0.0119
FIRE: 450  11:56:15    -1675.950856       0.0117
FIRE: 451  11:56:15    -1675.950862       0.0114
FIRE: 452  11:56:15    -1675.950868       0.0111
FIRE: 453  11:56:15    -1675.950876       0.0107
FIRE: 454  11:56:15    -1675.950885       0.0102
FIRE: 455  11:56:15    -1675.950896       0.0096
FIRE: 455  11:56:15    -1675.963142       0.0030
FIRE: 455  11:56:15    -1675.957502       0.0056
FIRE: 455  11:56:15    -1675.964253       0.0035
FIRE: 455  11:56:15    -1675.965422       0.0031
FIRE: 455  11:56:15    -1675.964246       0.0033
FIRE: 455  11:56:15    -1675.952886       0.0039
FIRE: 455  11:56:15    -1675.965310       0.0040
FIRE: 455  11:56:15    -1675.962187       0.0066
FIRE: 455  11:56:15    -1675.964709       0.0029
FIRE: 455  11:56:15    -1675.965213       0.0029
FIRE: 455  11:56:15    -1675.964269       0.0029
FIRE: 455  11:56:15    -1675.961850       0.0031
FIRE: 455  11:56:15    -1675.965127       0.0040
FIRE: 455  11:56:15    -1675.964598       0.0043
FIRE: 455  11:56:15    -1675.964612       0.0043
FIRE: 455  11:56:15    -1675.964096       0.0042
FIRE: 455  11:56:15    -1675.965334       0.0036
FIRE: 455  11:56:15    -1675.964385       0.0027
FIRE: 455  11:56:15    -1675.965315       0.0038
FIRE: 455  11:56:15    -1675.964906       0.0041
FIRE: 455  11:56:15    -1675.965410       0.0038
FIRE: 455  11:56:15    -1675.964533       0.0041
FIRE: 455  11:56:15    -1675.965495       0.0037
FIRE: 455  11:56:15    -1675.965242       0.0043
FIRE: 455  11:56:15    -1675.965473       0.0040
FIRE: 455  11:56:15    -1675.965222       0.0032
FIRE: 455  11:56:15    -1675.965497       0.0038
FIRE: 455  11:56:15    -1675.965117       0.0035
FIRE: 455  11:56:15    -1675.965507       0.0037
FIRE: 455  11:56:15    -1675.965406       0.0041
FIRE: 455  11:56:15    -1675.965525       0.0039
FIRE: 455  11:56:15    -1675.965400       0.0036
FIRE: 455  11:56:15    -1675.965521       0.0037
FIRE: 455  11:56:15    -1675.965318       0.0045
FIRE: 455  11:56:15    -1675.965533       0.0035
FIRE: 455  11:56:15    -1675.965464       0.0035
FIRE: 455  11:56:16    -1675.965537       0.0038
FIRE: 455  11:56:16    -1675.965413       0.0038
FIRE: 455  11:56:16    -1675.965548       0.0037
FIRE: 455  11:56:16    -1675.965507       0.0037
FIRE: 455  11:56:16    -1675.965545       0.0037
FIRE: 455  11:56:16    -1675.965480       0.0038
FIRE: 455  11:56:16    -1675.965547       0.0037
FIRE: 455  11:56:16    -1675.965499       0.0037
FIRE: 455  11:56:16    -1675.965550       0.0037
FIRE: 455  11:56:16    -1675.965512       0.0035
FIRE: 455  11:56:16    -1675.965550       0.0038
FIRE: 455  11:56:16    -1675.965502       0.0041
FIRE: 455  11:56:16    -1675.965554       0.0036
FIRE: 455  11:56:16    -1675.965528       0.0036
FIRE: 455  11:56:16    -1675.965552       0.0038
FIRE: 455  11:56:16    -1675.965549       0.0038
FIRE: 455  11:56:16    -1675.965539       0.0038
FIRE: 455  11:56:16    -1675.965555       0.0037
FIRE: 455  11:56:16    -1675.965537       0.0037
FIRE: 455  11:56:16    -1675.965556       0.0037
FIRE: 455  11:56:16    -1675.965551       0.0037
FIRE: 455  11:56:16    -1675.965543       0.0037
FIRE: 455  11:56:16    -1675.965556       0.0037
FIRE: 455  11:56:16    -1675.965549       0.0036
FIRE: 455  11:56:16    -1675.965555       0.0038
FIRE: 455  11:56:16    -1675.965551       0.0037
FIRE: 455  11:56:16    -1675.965556       0.0037
FIRE: 455  11:56:16    -1675.965552       0.0037
FIRE: 455  11:56:16    -1675.965556       0.0038
FIRE: 455  11:56:16    -1675.965548       0.0039
FIRE: 455  11:56:16    -1675.965557       0.0037
FIRE: 455  11:56:16    -1675.965554       0.0037
FIRE: 455  11:56:16    -1675.965556       0.0037
FIRE: 455  11:56:16    -1675.965555       0.0037
FIRE: 455  11:56:16    -1675.965556       0.0037
FIRE: 455  11:56:16    -1675.965556       0.0037
FIRE: 455  11:56:16    -1675.965555       0.0037
FIRE: 455  11:56:16    -1675.965557       0.0037
FIRE: 455  11:56:16    -1675.965554       0.0037
FIRE: 455  11:56:16    -1675.965557       0.0037
FIRE: 455  11:56:16    -1675.965556       0.0037
FIRE: 455  11:56:16    -1675.965556       0.0037
FIRE: 455  11:56:16    -1675.965557       0.0037
FIRE: 455  11:56:16    -1675.965556       0.0038
FIRE: 455  11:56:16    -1675.965557       0.0037
FIRE: 455  11:56:16    -1675.965556       0.0037
FIRE: 455  11:56:16    -1675.965557       0.0037
FIRE: 455  11:56:16    -1675.965556       0.0037
FIRE: 455  11:56:16    -1675.965557       0.0037
FIRE: 455  11:56:16    -1675.965556       0.0038
FIRE: 455  11:56:16    -1675.965557       0.0037
FIRE: 455  11:56:16    -1675.965556       0.0037
FIRE: 455  11:56:16    -1675.965557       0.0037
FIRE: 455  11:56:16    -1675.965557       0.0037
FIRE: 455  11:56:17    -1675.965557       0.0037
FIRE: 455  11:56:17    -1675.965557       0.0037
FIRE: 455  11:56:17    -1675.965557       0.0037
FIRE: 455  11:56:17    -1675.965557       0.0037
FIRE: 455  11:56:17    -1675.965557       0.0037
FIRE: 455  11:56:17    -1675.965557       0.0037
FIRE: 455  11:56:17    -1675.965557       0.0037
FIRE: 455  11:56:17    -1675.965557       0.0037
FIRE: 455  11:56:17    -1675.965557       0.0037
FIRE: 455  11:56:17    -1675.965557       0.0037
FIRE: 455  11:56:17    -1675.965557       0.0037
FIRE: 455  11:56:17    -1675.965557       0.0037
FIRE: 455  11:56:17    -1675.965557       0.0037
FIRE: 455  11:56:17    -1675.965557       0.0037
FIRE: 455  11:56:17    -1675.965557       0.0037
FIRE: 455  11:56:17    -1675.965557       0.0037
FIRE: 455  11:56:17    -1675.965557       0.0037
FIRE: 455  11:56:17    -1675.965557       0.0037
FIRE: 455  11:56:17    -1675.965557       0.0037
FIRE: 455  11:56:17    -1675.965557       0.0037
FIRE: 455  11:56:17    -1675.965557       0.0037
FIRE: 455  11:56:17    -1675.965557       0.0037
FIRE: 455  11:56:17    -1675.965557       0.0037
FIRE: 455  11:56:17    -1675.965557       0.0037
FIRE: 455  11:56:17    -1675.965557       0.0037
FIRE: 455  11:56:17    -1675.965557       0.0037
FIRE: 455  11:56:17    -1675.965557       0.0037
FIRE: 455  11:56:17    -1675.965557       0.0037
FIRE: 455  11:56:17    -1675.965557       0.0037
FIRE: 455  11:56:17    -1675.965557       0.0037
FIRE: 455  11:56:17    -1675.965557       0.0037
FIRE: 455  11:56:17    -1675.965557       0.0037
FIRE: 455  11:56:17    -1675.965557       0.0037
FIRE: 455  11:56:17    -1675.965557       0.0037
FIRE: 455  11:56:17    -1675.965557       0.0037
FIRE: 455  11:56:17    -1675.965557       0.0037
FIRE: 455  11:56:17    -1675.965557       0.0037
FIRE: 455  11:56:17    -1675.965557       0.0037
