Imported bulk from ase.lattice
Parameters Input: Si hcp Three_Body_Stillinger_Weber_Balamane_Si__MO_113686039439_001 [3.64701755041273, 3.224000173248712]

[Calculation]

Supercell Size: 3
Unrelaxed Cell:
[[ 10.94105265   0.           0.        ]
 [ -5.47052633   9.47522954   0.        ]
 [  0.           0.           9.67200052]]
Unrelaxed Cell Vector:
[10.94105265123819, -5.4705263256190948, 9.4752295401153557, 0.0, 0.0, 9.6720005197461365]
Vacancy Formation Energy (Cell Structure Relaxation): 1.19882475671 Size:  3
Vacancy Formation Energy (Cell Structure Relaxation): 3.94300012298 Size:  3
Vacancy Formation Energy (Cell Structure Relaxation): 1.28714205065 Size:  3
Vacancy Formation Energy (Cell Structure Relaxation): 3.82782602641 Size:  3
Vacancy Formation Energy (Cell Structure Relaxation): 1.2011511291 Size:  3
Vacancy Formation Energy (Cell Structure Relaxation): 1.20115115527 Size:  3
Vacancy Formation Energy (Cell Structure Relaxation): 6.9136481391 Size:  3
Vacancy Formation Energy (Cell Structure Relaxation): 4.23954079371 Size:  3
Vacancy Formation Energy (Cell Structure Relaxation): 1.70752595481 Size:  3
Vacancy Formation Energy (Cell Structure Relaxation): 1.78899114145 Size:  3
Vacancy Formation Energy (Cell Structure Relaxation): 2.68898943038 Size:  3
Vacancy Formation Energy (Cell Structure Relaxation): 1.40895030387 Size:  3
Vacancy Formation Energy (Cell Structure Relaxation): 2.46470145429 Size:  3
Vacancy Formation Energy (Cell Structure Relaxation): 1.26908542101 Size:  3
Vacancy Formation Energy (Cell Structure Relaxation): 1.47307806117 Size:  3
Vacancy Formation Energy (Cell Structure Relaxation): 1.1703350116 Size:  3
Vacancy Formation Energy (Cell Structure Relaxation): 2.2331135593 Size:  3
Vacancy Formation Energy (Cell Structure Relaxation): 1.09476671848 Size:  3
Vacancy Formation Energy (Cell Structure Relaxation): 1.07084276591 Size:  3
Vacancy Formation Energy (Cell Structure Relaxation): 1.18110019391 Size:  3
Vacancy Formation Energy (Cell Structure Relaxation): 1.50867345915 Size:  3
Vacancy Formation Energy (Cell Structure Relaxation): 0.857233408537 Size:  3
Vacancy Formation Energy (Cell Structure Relaxation): 0.852428094541 Size:  3
Vacancy Formation Energy (Cell Structure Relaxation): 0.940923162939 Size:  3
Vacancy Formation Energy (Cell Structure Relaxation): 0.896387088678 Size:  3
Vacancy Formation Energy (Cell Structure Relaxation): 1.03602604872 Size:  3
Vacancy Formation Energy (Cell Structure Relaxation): 0.994549208525 Size:  3
Vacancy Formation Energy (Cell Structure Relaxation): 0.9579351968 Size:  3
Vacancy Formation Energy (Cell Structure Relaxation): 1.12046717485 Size:  3
Vacancy Formation Energy (Cell Structure Relaxation): 0.841113926789 Size:  3
Vacancy Formation Energy (Cell Structure Relaxation): 0.829992335282 Size:  3
Vacancy Formation Energy (Cell Structure Relaxation): 0.976564633062 Size:  3
Vacancy Formation Energy (Cell Structure Relaxation): 1.0935390592 Size:  3
Vacancy Formation Energy (Cell Structure Relaxation): 0.865463689429 Size:  3
Vacancy Formation Energy (Cell Structure Relaxation): 0.82295868605 Size:  3
Vacancy Formation Energy (Cell Structure Relaxation): 0.97933261648 Size:  3
Vacancy Formation Energy (Cell Structure Relaxation): 0.832294352999 Size:  3
Vacancy Formation Energy (Cell Structure Relaxation): 0.987061990524 Size:  3
Vacancy Formation Energy (Cell Structure Relaxation): 0.812261820955 Size:  3
Vacancy Formation Energy (Cell Structure Relaxation): 0.793868780578 Size:  3
Vacancy Formation Energy (Cell Structure Relaxation): 0.810944253631 Size:  3
Vacancy Formation Energy (Cell Structure Relaxation): 0.81258769219 Size:  3
Vacancy Formation Energy (Cell Structure Relaxation): 0.834840223395 Size:  3
Vacancy Formation Energy (Cell Structure Relaxation): 0.803861193972 Size:  3
Vacancy Formation Energy (Cell Structure Relaxation): 0.784862019081 Size:  3
Vacancy Formation Energy (Cell Structure Relaxation): 0.810822361698 Size:  3
Vacancy Formation Energy (Cell Structure Relaxation): 0.774477961582 Size:  3
Vacancy Formation Energy (Cell Structure Relaxation): 0.797973449959 Size:  3
Vacancy Formation Energy (Cell Structure Relaxation): 0.828709003885 Size:  3
Vacancy Formation Energy (Cell Structure Relaxation): 0.792519952369 Size:  3
Vacancy Formation Energy (Cell Structure Relaxation): 0.826198555436 Size:  3
Vacancy Formation Energy (Cell Structure Relaxation): 0.785784685481 Size:  3
Vacancy Formation Energy (Cell Structure Relaxation): 0.813932697347 Size:  3
Vacancy Formation Energy (Cell Structure Relaxation): 0.788515220435 Size:  3
Vacancy Formation Energy (Cell Structure Relaxation): 0.807814871901 Size:  3
Vacancy Formation Energy (Cell Structure Relaxation): 0.784544065834 Size:  3
Vacancy Formation Energy (Cell Structure Relaxation): 0.783578330506 Size:  3
Vacancy Formation Energy (Cell Structure Relaxation): 0.779193760039 Size:  3
Vacancy Formation Energy (Cell Structure Relaxation): 0.775500515241 Size:  3
Vacancy Formation Energy (Cell Structure Relaxation): 0.777851351924 Size:  3
Vacancy Formation Energy (Cell Structure Relaxation): 0.781521252693 Size:  3
Vacancy Formation Energy (Cell Structure Relaxation): 0.776968719909 Size:  3
Vacancy Formation Energy (Cell Structure Relaxation): 0.773591475112 Size:  3
Vacancy Formation Energy (Cell Structure Relaxation): 0.795934331013 Size:  3
Vacancy Formation Energy (Cell Structure Relaxation): 0.78940302895 Size:  3
Vacancy Formation Energy (Cell Structure Relaxation): 0.770631844425 Size:  3
Vacancy Formation Energy (Cell Structure Relaxation): 0.791854609548 Size:  3
Vacancy Formation Energy (Cell Structure Relaxation): 0.769653030234 Size:  3
Vacancy Formation Energy (Cell Structure Relaxation): 0.771560420009 Size:  3
Vacancy Formation Energy (Cell Structure Relaxation): 0.779671313998 Size:  3
Vacancy Formation Energy (Cell Structure Relaxation): 0.769556474701 Size:  3
Vacancy Formation Energy (Cell Structure Relaxation): 0.775588705852 Size:  3
Vacancy Formation Energy (Cell Structure Relaxation): 0.769186474256 Size:  3
Vacancy Formation Energy (Cell Structure Relaxation): 0.770420162783 Size:  3
Vacancy Formation Energy (Cell Structure Relaxation): 0.775605508881 Size:  3
Vacancy Formation Energy (Cell Structure Relaxation): 0.76846531894 Size:  3
Vacancy Formation Energy (Cell Structure Relaxation): 0.770446537375 Size:  3
Vacancy Formation Energy (Cell Structure Relaxation): 0.769853437325 Size:  3
Vacancy Formation Energy (Cell Structure Relaxation): 0.771174988334 Size:  3
Vacancy Formation Energy (Cell Structure Relaxation): 0.768154517966 Size:  3
Vacancy Formation Energy (Cell Structure Relaxation): 0.776812455042 Size:  3
Vacancy Formation Energy (Cell Structure Relaxation): 0.767312416565 Size:  3
Vacancy Formation Energy (Cell Structure Relaxation): 0.76986309863 Size:  3
Vacancy Formation Energy (Cell Structure Relaxation): 0.767543361286 Size:  3
Vacancy Formation Energy (Cell Structure Relaxation): 0.77003779641 Size:  3
Vacancy Formation Energy (Cell Structure Relaxation): 0.767863269619 Size:  3
Vacancy Formation Energy (Cell Structure Relaxation): 0.769616561871 Size:  3
Vacancy Formation Energy (Cell Structure Relaxation): 0.767873313464 Size:  3
Vacancy Formation Energy (Cell Structure Relaxation): 0.770303527892 Size:  3
Vacancy Formation Energy (Cell Structure Relaxation): 0.767263846837 Size:  3
Vacancy Formation Energy (Cell Structure Relaxation): 0.768295777389 Size:  3
Vacancy Formation Energy (Cell Structure Relaxation): 0.767193175038 Size:  3
Vacancy Formation Energy (Cell Structure Relaxation): 0.767170046444 Size:  3
Vacancy Formation Energy (Cell Structure Relaxation): 0.768737197786 Size:  3
Vacancy Formation Energy (Cell Structure Relaxation): 0.767932652098 Size:  3
Vacancy Formation Energy (Cell Structure Relaxation): 0.767092424187 Size:  3
Vacancy Formation Energy (Cell Structure Relaxation): 0.767168016026 Size:  3
Vacancy Formation Energy (Cell Structure Relaxation): 0.767647841628 Size:  3
Vacancy Formation Energy (Cell Structure Relaxation): 0.766883749462 Size:  3
Vacancy Formation Energy (Cell Structure Relaxation): 0.767788727573 Size:  3
Vacancy Formation Energy (Cell Structure Relaxation): 0.766712642856 Size:  3
Vacancy Formation Energy (Cell Structure Relaxation): 0.767063742426 Size:  3
Vacancy Formation Energy (Cell Structure Relaxation): 0.768364233749 Size:  3
Vacancy Formation Energy (Cell Structure Relaxation): 0.766776587253 Size:  3
Vacancy Formation Energy (Cell Structure Relaxation): 0.767155053256 Size:  3
Vacancy Formation Energy (Cell Structure Relaxation): 0.767733190099 Size:  3
Vacancy Formation Energy (Cell Structure Relaxation): 0.766785103746 Size:  3
Vacancy Formation Energy (Cell Structure Relaxation): 0.766959577331 Size:  3
Vacancy Formation Energy (Cell Structure Relaxation): 0.767205129488 Size:  3
Vacancy Formation Energy (Cell Structure Relaxation): 0.76678919043 Size:  3
Vacancy Formation Energy (Cell Structure Relaxation): 0.767113892306 Size:  3
Vacancy Formation Energy (Cell Structure Relaxation): 0.766784884861 Size:  3
Vacancy Formation Energy (Cell Structure Relaxation): 0.767019321154 Size:  3
Vacancy Formation Energy (Cell Structure Relaxation): 0.766756705074 Size:  3
Vacancy Formation Energy (Cell Structure Relaxation): 0.766741485387 Size:  3
Vacancy Formation Energy (Cell Structure Relaxation): 0.766797545385 Size:  3
Vacancy Formation Energy (Cell Structure Relaxation): 0.766703472742 Size:  3
Vacancy Formation Energy (Cell Structure Relaxation): 0.766708529736 Size:  3
Vacancy Formation Energy (Cell Structure Relaxation): 0.766730815348 Size:  3
Vacancy Formation Energy (Cell Structure Relaxation): 0.766883423948 Size:  3
Vacancy Formation Energy (Cell Structure Relaxation): 0.766677424503 Size:  3
Vacancy Formation Energy (Cell Structure Relaxation): 0.766735593783 Size:  3
Vacancy Formation Energy (Cell Structure Relaxation): 0.766789815968 Size:  3
Vacancy Formation Energy (Cell Structure Relaxation): 0.766672353491 Size:  3
Vacancy Formation Energy (Cell Structure Relaxation): 0.766766680682 Size:  3
Vacancy Formation Energy (Cell Structure Relaxation): 0.766672352311 Size:  3
Vacancy Formation Energy (Cell Structure Relaxation): 0.766746022119 Size:  3
Vacancy Formation Energy (Cell Structure Relaxation): 0.766672250791 Size:  3
Vacancy Formation Energy (Cell Structure Relaxation): 0.766776352606 Size:  3
Vacancy Formation Energy (Cell Structure Relaxation): 0.766663619166 Size:  3
Vacancy Formation Energy (Cell Structure Relaxation): 0.76677120003 Size:  3
Vacancy Formation Energy (Cell Structure Relaxation): 0.766663492556 Size:  3
Vacancy Formation Energy (Cell Structure Relaxation): 0.766690095691 Size:  3
Vacancy Formation Energy (Cell Structure Relaxation): 0.766662303507 Size:  3
Vacancy Formation Energy (Cell Structure Relaxation): 0.766686707396 Size:  3
Vacancy Formation Energy (Cell Structure Relaxation): 0.766659536482 Size:  3
Vacancy Formation Energy (Cell Structure Relaxation): 0.766682306829 Size:  3
Vacancy Formation Energy (Cell Structure Relaxation): 0.766658231883 Size:  3
Vacancy Formation Energy (Cell Structure Relaxation): 0.76666590191 Size:  3
Vacancy Formation Energy (Cell Structure Relaxation): 0.766661437549 Size:  3
Vacancy Formation Energy (Cell Structure Relaxation): 0.766666340999 Size:  3
Vacancy Formation Energy (Cell Structure Relaxation): 0.766655590238 Size:  3
Vacancy Formation Energy (Cell Structure Relaxation): 0.766669934128 Size:  3
Vacancy Formation Energy (Cell Structure Relaxation): 0.766654443269 Size:  3
Vacancy Formation Energy (Cell Structure Relaxation): 0.766667224691 Size:  3
Vacancy Formation Energy (Cell Structure Relaxation): 0.766654621292 Size:  3
Vacancy Formation Energy (Cell Structure Relaxation): 0.766669931026 Size:  3
Vacancy Formation Energy (Cell Structure Relaxation): 0.766653986389 Size:  3
Vacancy Formation Energy (Cell Structure Relaxation): 0.766670761944 Size:  3
Vacancy Formation Energy (Cell Structure Relaxation): 0.766653699441 Size:  3
Vacancy Formation Energy (Cell Structure Relaxation): 0.766660650737 Size:  3
Vacancy Formation Energy (Cell Structure Relaxation): 0.766653994047 Size:  3
Vacancy Formation Energy (Cell Structure Relaxation): 0.766661934125 Size:  3
Vacancy Formation Energy (Cell Structure Relaxation): 0.76665342488 Size:  3
Vacancy Formation Energy (Cell Structure Relaxation): 0.766655007891 Size:  3
Vacancy Formation Energy (Cell Structure Relaxation): 0.766652861126 Size:  3
Vacancy Formation Energy (Cell Structure Relaxation): 0.766656469731 Size:  3
Vacancy Formation Energy (Cell Structure Relaxation): 0.766652651898 Size:  3
Vacancy Formation Energy (Cell Structure Relaxation): 0.766655632472 Size:  3
Vacancy Formation Energy (Cell Structure Relaxation): 0.76665267415 Size:  3
Vacancy Formation Energy (Cell Structure Relaxation): 0.766653665577 Size:  3
Vacancy Formation Energy (Cell Structure Relaxation): 0.766655479711 Size:  3
Vacancy Formation Energy (Cell Structure Relaxation): 0.766652507621 Size:  3
Vacancy Formation Energy (Cell Structure Relaxation): 0.766655156193 Size:  3
Vacancy Formation Energy (Cell Structure Relaxation): 0.76665245511 Size:  3
Vacancy Formation Energy (Cell Structure Relaxation): 0.766654155114 Size:  3
Vacancy Formation Energy (Cell Structure Relaxation): 0.766652537414 Size:  3
Vacancy Formation Energy (Cell Structure Relaxation): 0.766652809712 Size:  3
Vacancy Formation Energy (Cell Structure Relaxation): 0.766653041324 Size:  3
Vacancy Formation Energy (Cell Structure Relaxation): 0.766652299631 Size:  3
Vacancy Formation Energy (Cell Structure Relaxation): 0.76665327841 Size:  3
Vacancy Formation Energy (Cell Structure Relaxation): 0.766652260513 Size:  3
Vacancy Formation Energy (Cell Structure Relaxation): 0.766652789021 Size:  3
Vacancy Formation Energy (Cell Structure Relaxation): 0.766652258772 Size:  3
Vacancy Formation Energy (Cell Structure Relaxation): 0.766653280973 Size:  3
Vacancy Formation Energy (Cell Structure Relaxation): 0.766652209583 Size:  3
Vacancy Formation Energy (Cell Structure Relaxation): 0.766652506032 Size:  3
Vacancy Formation Energy (Cell Structure Relaxation): 0.766653161375 Size:  3
Vacancy Formation Energy (Cell Structure Relaxation): 0.766652178243 Size:  3
Vacancy Formation Energy (Cell Structure Relaxation): 0.766652514129 Size:  3
Vacancy Formation Energy (Cell Structure Relaxation): 0.766652238491 Size:  3
Vacancy Formation Energy (Cell Structure Relaxation): 0.766652493377 Size:  3
Vacancy Formation Energy (Cell Structure Relaxation): 0.766652220205 Size:  3
Vacancy Formation Energy (Cell Structure Relaxation): 0.766652305865 Size:  3
Vacancy Formation Energy (Cell Structure Relaxation): 0.766652183495 Size:  3
Vacancy Formation Energy (Cell Structure Relaxation): 0.766652304506 Size:  3
Vacancy Formation Energy (Cell Structure Relaxation): 0.766652169711 Size:  3
Vacancy Formation Energy (Cell Structure Relaxation): 0.766652394902 Size:  3
Vacancy Formation Energy (Cell Structure Relaxation): 0.766652161714 Size:  3
Vacancy Formation Energy (Cell Structure Relaxation): 0.766652173896 Size:  3
Vacancy Formation Energy (Cell Structure Relaxation): 0.766652193425 Size:  3
Vacancy Formation Energy (Cell Structure Relaxation): 0.766652240231 Size:  3
Vacancy Formation Energy (Cell Structure Relaxation): 0.766652150109 Size:  3
Vacancy Formation Energy (Cell Structure Relaxation): 0.766652218477 Size:  3
Vacancy Formation Energy (Cell Structure Relaxation): 0.766652146548 Size:  3
Vacancy Formation Energy (Cell Structure Relaxation): 0.76665213113 Size:  3
Vacancy Formation Energy (Cell Structure Relaxation): 0.76665218607 Size:  3
Vacancy Formation Energy (Cell Structure Relaxation): 0.766652221056 Size:  3
Vacancy Formation Energy (Cell Structure Relaxation): 0.76665213573 Size:  3
Vacancy Formation Energy (Cell Structure Relaxation): 0.766652203418 Size:  3
Vacancy Formation Energy (Cell Structure Relaxation): 0.766652136089 Size:  3
Vacancy Formation Energy (Cell Structure Relaxation): 0.766652192441 Size:  3
Vacancy Formation Energy (Cell Structure Relaxation): 0.766652135738 Size:  3
Vacancy Formation Energy (Cell Structure Relaxation): 0.766652147991 Size:  3
Vacancy Formation Energy (Cell Structure Relaxation): 0.766652145771 Size:  3
Vacancy Formation Energy (Cell Structure Relaxation): 0.766652157865 Size:  3
Vacancy Formation Energy (Cell Structure Relaxation): 0.766652129679 Size:  3
Vacancy Formation Energy (Cell Structure Relaxation): 0.766652143584 Size:  3
Vacancy Formation Energy (Cell Structure Relaxation): 0.766652139162 Size:  3
Vacancy Formation Energy (Cell Structure Relaxation): 0.766652153221 Size:  3
Vacancy Formation Energy (Cell Structure Relaxation): 0.766652127563 Size:  3
Vacancy Formation Energy (Cell Structure Relaxation): 0.766652142678 Size:  3
Vacancy Formation Energy (Cell Structure Relaxation): 0.76665212698 Size:  3
Vacancy Formation Energy (Cell Structure Relaxation): 0.766652133419 Size:  3
Vacancy Formation Energy (Cell Structure Relaxation): 0.766652139917 Size:  3
Vacancy Formation Energy (Cell Structure Relaxation): 0.766652125727 Size:  3
Vacancy Formation Energy (Cell Structure Relaxation): 0.766652141968 Size:  3
Vacancy Formation Energy (Cell Structure Relaxation): 0.766652125505 Size:  3
Vacancy Formation Energy (Cell Structure Relaxation): 0.766652133942 Size:  3
Vacancy Formation Energy (Cell Structure Relaxation): 0.766652125396 Size:  3
Vacancy Formation Energy (Cell Structure Relaxation): 0.766652141158 Size:  3
Vacancy Formation Energy (Cell Structure Relaxation): 0.766652124003 Size:  3
Vacancy Formation Energy (Cell Structure Relaxation): 0.766652132269 Size:  3
Vacancy Formation Energy (Cell Structure Relaxation): 0.766652124369 Size:  3
Vacancy Formation Energy (Cell Structure Relaxation): 0.766652132415 Size:  3
Vacancy Formation Energy (Cell Structure Relaxation): 0.766652123673 Size:  3
Vacancy Formation Energy (Cell Structure Relaxation): 0.766652127674 Size:  3
Vacancy Formation Energy (Cell Structure Relaxation): 0.766652123915 Size:  3
Vacancy Formation Energy (Cell Structure Relaxation): 0.76665212553 Size:  3
Vacancy Formation Energy (Cell Structure Relaxation): 0.76665212356 Size:  3
Vacancy Formation Energy (Cell Structure Relaxation): 0.766652126062 Size:  3
Vacancy Formation Energy (Cell Structure Relaxation): 0.7666521235 Size:  3
Vacancy Formation Energy (Cell Structure Relaxation): 0.766652124625 Size:  3
Vacancy Formation Energy (Cell Structure Relaxation): 0.766652123175 Size:  3
Vacancy Formation Energy (Cell Structure Relaxation): 0.766652124904 Size:  3
Vacancy Formation Energy (Cell Structure Relaxation): 0.766652123129 Size:  3
Vacancy Formation Energy (Cell Structure Relaxation): 0.76665212526 Size:  3
Vacancy Formation Energy (Cell Structure Relaxation): 0.76665212298 Size:  3
Vacancy Formation Energy (Cell Structure Relaxation): 0.766652125435 Size:  3
Vacancy Formation Energy (Cell Structure Relaxation): 0.766652122952 Size:  3
Vacancy Formation Energy (Cell Structure Relaxation): 0.766652124196 Size:  3
Vacancy Formation Energy (Cell Structure Relaxation): 0.766652122994 Size:  3
Vacancy Formation Energy (Cell Structure Relaxation): 0.766652123476 Size:  3
Vacancy Formation Energy (Cell Structure Relaxation): 0.766652123704 Size:  3
Vacancy Formation Energy (Cell Structure Relaxation): 0.766652122971 Size:  3
Vacancy Formation Energy (Cell Structure Relaxation): 0.766652123399 Size:  3
Vacancy Formation Energy (Cell Structure Relaxation): 0.766652122945 Size:  3
Optimization terminated successfully.
         Current function value: 0.766652
         Iterations: 140
         Function evaluations: 247
Summary:
Vacancy Formation Energy: 0.766652122945
Unrelaxed Cell Volume: 1002.68647952
Relaxed Cell Volume: 987.841226334
Relaxation Volume: 14.8452531855
Relaxed Cell Vector:
[  1.09120913e+01  -5.45006848e+00   9.45311501e+00  -4.86313166e-05
   1.13010879e-04   9.57644269e+00]
Unrelaxed Cell Vector:
[10.94105265123819, -5.4705263256190948, 9.4752295401153557, 0.0, 0.0, 9.6720005197461365]
Relaxed Cell:
[[  1.09120913e+01   0.00000000e+00   0.00000000e+00]
 [ -5.45006848e+00   9.45311501e+00   0.00000000e+00]
 [ -4.86313166e-05   1.13010879e-04   9.57644269e+00]]
Unrelaxed Cell:
[[ 10.94105265   0.           0.        ]
 [ -5.47052633   9.47522954   0.        ]
 [  0.           0.           9.67200052]]

Supercell Size: 4
Unrelaxed Cell:
[[ 14.5880702    0.           0.        ]
 [ -7.2940351   12.63363939   0.        ]
 [  0.           0.          12.89600069]]
Unrelaxed Cell Vector:
[14.58807020165092, -7.29403510082546, 12.633639386820475, 0.0, 0.0, 12.896000692994848]
Vacancy Formation Energy (Cell Structure Relaxation): 1.76784094968 Size:  4
Vacancy Formation Energy (Cell Structure Relaxation): 6.89828182159 Size:  4
Vacancy Formation Energy (Cell Structure Relaxation): 1.99342808998 Size:  4
Vacancy Formation Energy (Cell Structure Relaxation): 6.63414416022 Size:  4
Vacancy Formation Energy (Cell Structure Relaxation): 1.76593047735 Size:  4
Vacancy Formation Energy (Cell Structure Relaxation): 1.76593049399 Size:  4
Vacancy Formation Energy (Cell Structure Relaxation): 14.8249277901 Size:  4
Vacancy Formation Energy (Cell Structure Relaxation): 11.3798439369 Size:  4
Vacancy Formation Energy (Cell Structure Relaxation): 3.56424403493 Size:  4
Vacancy Formation Energy (Cell Structure Relaxation): 4.43304250002 Size:  4
Vacancy Formation Energy (Cell Structure Relaxation): 7.67605546953 Size:  4
Vacancy Formation Energy (Cell Structure Relaxation): 2.91249962071 Size:  4
Vacancy Formation Energy (Cell Structure Relaxation): 5.67475118346 Size:  4
Vacancy Formation Energy (Cell Structure Relaxation): 0.886218822709 Size:  4
Vacancy Formation Energy (Cell Structure Relaxation): 3.27673911377 Size:  4
Vacancy Formation Energy (Cell Structure Relaxation): 1.73513250421 Size:  4
Vacancy Formation Energy (Cell Structure Relaxation): 1.11248918507 Size:  4
Vacancy Formation Energy (Cell Structure Relaxation): 0.768942563954 Size:  4
Vacancy Formation Energy (Cell Structure Relaxation): 1.17564823246 Size:  4
Vacancy Formation Energy (Cell Structure Relaxation): 0.887563709839 Size:  4
Vacancy Formation Energy (Cell Structure Relaxation): 1.13848680937 Size:  4
Vacancy Formation Energy (Cell Structure Relaxation): 1.58225345533 Size:  4
Vacancy Formation Energy (Cell Structure Relaxation): 2.22153205427 Size:  4
Vacancy Formation Energy (Cell Structure Relaxation): 1.06200137213 Size:  4
Vacancy Formation Energy (Cell Structure Relaxation): 0.551031523758 Size:  4
Vacancy Formation Energy (Cell Structure Relaxation): 0.958570451997 Size:  4
Vacancy Formation Energy (Cell Structure Relaxation): 0.505941273389 Size:  4
Vacancy Formation Energy (Cell Structure Relaxation): 0.654271518649 Size:  4
Vacancy Formation Energy (Cell Structure Relaxation): 1.23147006368 Size:  4
Vacancy Formation Energy (Cell Structure Relaxation): 0.75482164408 Size:  4
Vacancy Formation Energy (Cell Structure Relaxation): 0.389581151379 Size:  4
Vacancy Formation Energy (Cell Structure Relaxation): 0.467833136393 Size:  4
Vacancy Formation Energy (Cell Structure Relaxation): 0.315187367298 Size:  4
Vacancy Formation Energy (Cell Structure Relaxation): 0.3697221522 Size:  4
Vacancy Formation Energy (Cell Structure Relaxation): 1.12890451436 Size:  4
Vacancy Formation Energy (Cell Structure Relaxation): 0.540144880249 Size:  4
Vacancy Formation Energy (Cell Structure Relaxation): 0.343425041843 Size:  4
Vacancy Formation Energy (Cell Structure Relaxation): 0.325227341298 Size:  4
Vacancy Formation Energy (Cell Structure Relaxation): 0.289584551855 Size:  4
Vacancy Formation Energy (Cell Structure Relaxation): 0.467989366786 Size:  4
Vacancy Formation Energy (Cell Structure Relaxation): 0.322540451881 Size:  4
Vacancy Formation Energy (Cell Structure Relaxation): 0.238424445799 Size:  4
Vacancy Formation Energy (Cell Structure Relaxation): 0.449832985043 Size:  4
Vacancy Formation Energy (Cell Structure Relaxation): 0.285860083946 Size:  4
Vacancy Formation Energy (Cell Structure Relaxation): 0.373221120739 Size:  4
Vacancy Formation Energy (Cell Structure Relaxation): 0.236523803593 Size:  4
Vacancy Formation Energy (Cell Structure Relaxation): 0.285487197964 Size:  4
Vacancy Formation Energy (Cell Structure Relaxation): 0.325127447556 Size:  4
Vacancy Formation Energy (Cell Structure Relaxation): 0.229696033943 Size:  4
Vacancy Formation Energy (Cell Structure Relaxation): 0.274150943866 Size:  4
Vacancy Formation Energy (Cell Structure Relaxation): 0.328698126333 Size:  4
Vacancy Formation Energy (Cell Structure Relaxation): 0.216546377085 Size:  4
Vacancy Formation Energy (Cell Structure Relaxation): 0.444111711022 Size:  4
Vacancy Formation Energy (Cell Structure Relaxation): 0.199052172487 Size:  4
Vacancy Formation Energy (Cell Structure Relaxation): 0.211019153568 Size:  4
Vacancy Formation Energy (Cell Structure Relaxation): 0.316366887415 Size:  4
Vacancy Formation Energy (Cell Structure Relaxation): 0.203498756836 Size:  4
Vacancy Formation Energy (Cell Structure Relaxation): 0.293718668419 Size:  4
Vacancy Formation Energy (Cell Structure Relaxation): 0.190486306277 Size:  4
Vacancy Formation Energy (Cell Structure Relaxation): 0.201071482308 Size:  4
Vacancy Formation Energy (Cell Structure Relaxation): 0.241257830701 Size:  4
Vacancy Formation Energy (Cell Structure Relaxation): 0.192433916459 Size:  4
Vacancy Formation Energy (Cell Structure Relaxation): 0.217195866235 Size:  4
Vacancy Formation Energy (Cell Structure Relaxation): 0.185788972697 Size:  4
Vacancy Formation Energy (Cell Structure Relaxation): 0.236237950377 Size:  4
Vacancy Formation Energy (Cell Structure Relaxation): 0.185913302927 Size:  4
Vacancy Formation Energy (Cell Structure Relaxation): 0.19997755558 Size:  4
Vacancy Formation Energy (Cell Structure Relaxation): 0.228415370472 Size:  4
Vacancy Formation Energy (Cell Structure Relaxation): 0.185263808162 Size:  4
Vacancy Formation Energy (Cell Structure Relaxation): 0.202702237639 Size:  4
Vacancy Formation Energy (Cell Structure Relaxation): 0.194312085835 Size:  4
Vacancy Formation Energy (Cell Structure Relaxation): 0.195510872243 Size:  4
Vacancy Formation Energy (Cell Structure Relaxation): 0.184993804852 Size:  4
Vacancy Formation Energy (Cell Structure Relaxation): 0.18891579324 Size:  4
Vacancy Formation Energy (Cell Structure Relaxation): 0.201626740616 Size:  4
Vacancy Formation Energy (Cell Structure Relaxation): 0.186309584238 Size:  4
Vacancy Formation Energy (Cell Structure Relaxation): 0.181016777427 Size:  4
Vacancy Formation Energy (Cell Structure Relaxation): 0.189524852378 Size:  4
Vacancy Formation Energy (Cell Structure Relaxation): 0.189485982367 Size:  4
Vacancy Formation Energy (Cell Structure Relaxation): 0.180716935273 Size:  4
Vacancy Formation Energy (Cell Structure Relaxation): 0.183191684031 Size:  4
Vacancy Formation Energy (Cell Structure Relaxation): 0.188893886482 Size:  4
Vacancy Formation Energy (Cell Structure Relaxation): 0.179437390628 Size:  4
Vacancy Formation Energy (Cell Structure Relaxation): 0.187350714157 Size:  4
Vacancy Formation Energy (Cell Structure Relaxation): 0.181534026813 Size:  4
Vacancy Formation Energy (Cell Structure Relaxation): 0.189057450767 Size:  4
Vacancy Formation Energy (Cell Structure Relaxation): 0.179605092747 Size:  4
Vacancy Formation Energy (Cell Structure Relaxation): 0.182664633818 Size:  4
Vacancy Formation Energy (Cell Structure Relaxation): 0.182555703046 Size:  4
Vacancy Formation Energy (Cell Structure Relaxation): 0.183703113676 Size:  4
Vacancy Formation Energy (Cell Structure Relaxation): 0.179747786449 Size:  4
Vacancy Formation Energy (Cell Structure Relaxation): 0.182972338472 Size:  4
Vacancy Formation Energy (Cell Structure Relaxation): 0.179445638443 Size:  4
Vacancy Formation Energy (Cell Structure Relaxation): 0.180738588505 Size:  4
Vacancy Formation Energy (Cell Structure Relaxation): 0.179532301491 Size:  4
Vacancy Formation Energy (Cell Structure Relaxation): 0.182075425479 Size:  4
Vacancy Formation Energy (Cell Structure Relaxation): 0.178770996658 Size:  4
Vacancy Formation Energy (Cell Structure Relaxation): 0.18137805201 Size:  4
Vacancy Formation Energy (Cell Structure Relaxation): 0.178739354763 Size:  4
Vacancy Formation Energy (Cell Structure Relaxation): 0.178687554029 Size:  4
Vacancy Formation Energy (Cell Structure Relaxation): 0.180990525336 Size:  4
Vacancy Formation Energy (Cell Structure Relaxation): 0.180286033842 Size:  4
Vacancy Formation Energy (Cell Structure Relaxation): 0.178247028713 Size:  4
Vacancy Formation Energy (Cell Structure Relaxation): 0.179404578574 Size:  4
Vacancy Formation Energy (Cell Structure Relaxation): 0.179218939701 Size:  4
Vacancy Formation Energy (Cell Structure Relaxation): 0.179141390344 Size:  4
Vacancy Formation Energy (Cell Structure Relaxation): 0.181572306217 Size:  4
Vacancy Formation Energy (Cell Structure Relaxation): 0.17826036687 Size:  4
Vacancy Formation Energy (Cell Structure Relaxation): 0.179485759799 Size:  4
Vacancy Formation Energy (Cell Structure Relaxation): 0.17839707743 Size:  4
Vacancy Formation Energy (Cell Structure Relaxation): 0.178847172526 Size:  4
Vacancy Formation Energy (Cell Structure Relaxation): 0.17826921799 Size:  4
Vacancy Formation Energy (Cell Structure Relaxation): 0.179195386617 Size:  4
Vacancy Formation Energy (Cell Structure Relaxation): 0.178239144219 Size:  4
Vacancy Formation Energy (Cell Structure Relaxation): 0.178943322234 Size:  4
Vacancy Formation Energy (Cell Structure Relaxation): 0.178250340909 Size:  4
Vacancy Formation Energy (Cell Structure Relaxation): 0.179057638417 Size:  4
Vacancy Formation Energy (Cell Structure Relaxation): 0.178222339019 Size:  4
Vacancy Formation Energy (Cell Structure Relaxation): 0.17830561817 Size:  4
Vacancy Formation Energy (Cell Structure Relaxation): 0.178146080303 Size:  4
Vacancy Formation Energy (Cell Structure Relaxation): 0.178292418521 Size:  4
Vacancy Formation Energy (Cell Structure Relaxation): 0.178142516937 Size:  4
Vacancy Formation Energy (Cell Structure Relaxation): 0.178549275074 Size:  4
Vacancy Formation Energy (Cell Structure Relaxation): 0.178118276236 Size:  4
Vacancy Formation Energy (Cell Structure Relaxation): 0.17824959464 Size:  4
Vacancy Formation Energy (Cell Structure Relaxation): 0.17814270004 Size:  4
Vacancy Formation Energy (Cell Structure Relaxation): 0.178255775074 Size:  4
Vacancy Formation Energy (Cell Structure Relaxation): 0.178139801835 Size:  4
Vacancy Formation Energy (Cell Structure Relaxation): 0.17818922522 Size:  4
Vacancy Formation Energy (Cell Structure Relaxation): 0.178259149807 Size:  4
Vacancy Formation Energy (Cell Structure Relaxation): 0.178124897262 Size:  4
Vacancy Formation Energy (Cell Structure Relaxation): 0.178272800834 Size:  4
Vacancy Formation Energy (Cell Structure Relaxation): 0.178112814857 Size:  4
Vacancy Formation Energy (Cell Structure Relaxation): 0.178186407431 Size:  4
Vacancy Formation Energy (Cell Structure Relaxation): 0.178106863809 Size:  4
Vacancy Formation Energy (Cell Structure Relaxation): 0.178143594306 Size:  4
Vacancy Formation Energy (Cell Structure Relaxation): 0.178109485497 Size:  4
Vacancy Formation Energy (Cell Structure Relaxation): 0.178164843903 Size:  4
Vacancy Formation Energy (Cell Structure Relaxation): 0.178107266586 Size:  4
Vacancy Formation Energy (Cell Structure Relaxation): 0.178139596458 Size:  4
Vacancy Formation Energy (Cell Structure Relaxation): 0.178108262224 Size:  4
Vacancy Formation Energy (Cell Structure Relaxation): 0.178157749117 Size:  4
Vacancy Formation Energy (Cell Structure Relaxation): 0.178101779677 Size:  4
Vacancy Formation Energy (Cell Structure Relaxation): 0.178114764115 Size:  4
Vacancy Formation Energy (Cell Structure Relaxation): 0.178101722043 Size:  4
Vacancy Formation Energy (Cell Structure Relaxation): 0.178121777213 Size:  4
Vacancy Formation Energy (Cell Structure Relaxation): 0.17810071796 Size:  4
Vacancy Formation Energy (Cell Structure Relaxation): 0.178122585907 Size:  4
Vacancy Formation Energy (Cell Structure Relaxation): 0.178099636904 Size:  4
Vacancy Formation Energy (Cell Structure Relaxation): 0.178112269834 Size:  4
Vacancy Formation Energy (Cell Structure Relaxation): 0.17810021277 Size:  4
Vacancy Formation Energy (Cell Structure Relaxation): 0.178111702962 Size:  4
Vacancy Formation Energy (Cell Structure Relaxation): 0.178099913787 Size:  4
Vacancy Formation Energy (Cell Structure Relaxation): 0.178109859487 Size:  4
Vacancy Formation Energy (Cell Structure Relaxation): 0.178099921019 Size:  4
Vacancy Formation Energy (Cell Structure Relaxation): 0.178102917548 Size:  4
Vacancy Formation Energy (Cell Structure Relaxation): 0.178098836226 Size:  4
Vacancy Formation Energy (Cell Structure Relaxation): 0.178101638055 Size:  4
Vacancy Formation Energy (Cell Structure Relaxation): 0.178098856932 Size:  4
Vacancy Formation Energy (Cell Structure Relaxation): 0.178103863897 Size:  4
Vacancy Formation Energy (Cell Structure Relaxation): 0.178098360507 Size:  4
Vacancy Formation Energy (Cell Structure Relaxation): 0.17809981742 Size:  4
Vacancy Formation Energy (Cell Structure Relaxation): 0.178100070743 Size:  4
Vacancy Formation Energy (Cell Structure Relaxation): 0.178098401514 Size:  4
Vacancy Formation Energy (Cell Structure Relaxation): 0.178099545709 Size:  4
Vacancy Formation Energy (Cell Structure Relaxation): 0.178100237803 Size:  4
Vacancy Formation Energy (Cell Structure Relaxation): 0.178098295592 Size:  4
Vacancy Formation Energy (Cell Structure Relaxation): 0.178100425525 Size:  4
Vacancy Formation Energy (Cell Structure Relaxation): 0.178098210637 Size:  4
Vacancy Formation Energy (Cell Structure Relaxation): 0.178099579812 Size:  4
Vacancy Formation Energy (Cell Structure Relaxation): 0.178098244343 Size:  4
Vacancy Formation Energy (Cell Structure Relaxation): 0.178100012835 Size:  4
Vacancy Formation Energy (Cell Structure Relaxation): 0.17809797575 Size:  4
Vacancy Formation Energy (Cell Structure Relaxation): 0.17809912426 Size:  4
Vacancy Formation Energy (Cell Structure Relaxation): 0.178098052 Size:  4
Vacancy Formation Energy (Cell Structure Relaxation): 0.178098748889 Size:  4
Vacancy Formation Energy (Cell Structure Relaxation): 0.178097939981 Size:  4
Vacancy Formation Energy (Cell Structure Relaxation): 0.178099093927 Size:  4
Vacancy Formation Energy (Cell Structure Relaxation): 0.178097901128 Size:  4
Vacancy Formation Energy (Cell Structure Relaxation): 0.178098326767 Size:  4
Vacancy Formation Energy (Cell Structure Relaxation): 0.178097950806 Size:  4
Vacancy Formation Energy (Cell Structure Relaxation): 0.178098096428 Size:  4
Vacancy Formation Energy (Cell Structure Relaxation): 0.178098319668 Size:  4
Vacancy Formation Energy (Cell Structure Relaxation): 0.17809790398 Size:  4
Vacancy Formation Energy (Cell Structure Relaxation): 0.178098218233 Size:  4
Vacancy Formation Energy (Cell Structure Relaxation): 0.178097873972 Size:  4
Vacancy Formation Energy (Cell Structure Relaxation): 0.178098263064 Size:  4
Vacancy Formation Energy (Cell Structure Relaxation): 0.178097855966 Size:  4
Vacancy Formation Energy (Cell Structure Relaxation): 0.178098122138 Size:  4
Vacancy Formation Energy (Cell Structure Relaxation): 0.178097845029 Size:  4
Vacancy Formation Energy (Cell Structure Relaxation): 0.178097935689 Size:  4
Vacancy Formation Energy (Cell Structure Relaxation): 0.178097845729 Size:  4
Vacancy Formation Energy (Cell Structure Relaxation): 0.178097927631 Size:  4
Vacancy Formation Energy (Cell Structure Relaxation): 0.178097833105 Size:  4
Vacancy Formation Energy (Cell Structure Relaxation): 0.178097947453 Size:  4
Vacancy Formation Energy (Cell Structure Relaxation): 0.178097823505 Size:  4
Vacancy Formation Energy (Cell Structure Relaxation): 0.178097939888 Size:  4
Vacancy Formation Energy (Cell Structure Relaxation): 0.178097822967 Size:  4
Vacancy Formation Energy (Cell Structure Relaxation): 0.178097934324 Size:  4
Vacancy Formation Energy (Cell Structure Relaxation): 0.178097814604 Size:  4
Vacancy Formation Energy (Cell Structure Relaxation): 0.178097856069 Size:  4
Vacancy Formation Energy (Cell Structure Relaxation): 0.178097815571 Size:  4
Vacancy Formation Energy (Cell Structure Relaxation): 0.178097905276 Size:  4
Vacancy Formation Energy (Cell Structure Relaxation): 0.178097807905 Size:  4
Vacancy Formation Energy (Cell Structure Relaxation): 0.178097875143 Size:  4
Vacancy Formation Energy (Cell Structure Relaxation): 0.178097810846 Size:  4
Vacancy Formation Energy (Cell Structure Relaxation): 0.178097827566 Size:  4
Vacancy Formation Energy (Cell Structure Relaxation): 0.178097808236 Size:  4
Vacancy Formation Energy (Cell Structure Relaxation): 0.178097837195 Size:  4
Vacancy Formation Energy (Cell Structure Relaxation): 0.178097806476 Size:  4
Vacancy Formation Energy (Cell Structure Relaxation): 0.178097823886 Size:  4
Vacancy Formation Energy (Cell Structure Relaxation): 0.178097807401 Size:  4
Vacancy Formation Energy (Cell Structure Relaxation): 0.178097816686 Size:  4
Vacancy Formation Energy (Cell Structure Relaxation): 0.178097805433 Size:  4
Vacancy Formation Energy (Cell Structure Relaxation): 0.178097824978 Size:  4
Vacancy Formation Energy (Cell Structure Relaxation): 0.17809780435 Size:  4
Vacancy Formation Energy (Cell Structure Relaxation): 0.17809781075 Size:  4
Vacancy Formation Energy (Cell Structure Relaxation): 0.178097804321 Size:  4
Vacancy Formation Energy (Cell Structure Relaxation): 0.178097809025 Size:  4
Vacancy Formation Energy (Cell Structure Relaxation): 0.178097803582 Size:  4
Vacancy Formation Energy (Cell Structure Relaxation): 0.178097819333 Size:  4
Vacancy Formation Energy (Cell Structure Relaxation): 0.178097802616 Size:  4
Vacancy Formation Energy (Cell Structure Relaxation): 0.178097803478 Size:  4
Vacancy Formation Energy (Cell Structure Relaxation): 0.1780978062 Size:  4
Vacancy Formation Energy (Cell Structure Relaxation): 0.178097802812 Size:  4
Vacancy Formation Energy (Cell Structure Relaxation): 0.178097801681 Size:  4
Vacancy Formation Energy (Cell Structure Relaxation): 0.178097806174 Size:  4
Vacancy Formation Energy (Cell Structure Relaxation): 0.178097806038 Size:  4
Vacancy Formation Energy (Cell Structure Relaxation): 0.178097801813 Size:  4
Vacancy Formation Energy (Cell Structure Relaxation): 0.178097803665 Size:  4
Vacancy Formation Energy (Cell Structure Relaxation): 0.178097801662 Size:  4
Vacancy Formation Energy (Cell Structure Relaxation): 0.178097801618 Size:  4
Vacancy Formation Energy (Cell Structure Relaxation): 0.178097805672 Size:  4
Vacancy Formation Energy (Cell Structure Relaxation): 0.178097804435 Size:  4
Vacancy Formation Energy (Cell Structure Relaxation): 0.178097801363 Size:  4
Vacancy Formation Energy (Cell Structure Relaxation): 0.178097803574 Size:  4
Vacancy Formation Energy (Cell Structure Relaxation): 0.178097801213 Size:  4
Vacancy Formation Energy (Cell Structure Relaxation): 0.178097805671 Size:  4
Vacancy Formation Energy (Cell Structure Relaxation): 0.178097800984 Size:  4
Vacancy Formation Energy (Cell Structure Relaxation): 0.178097801293 Size:  4
Vacancy Formation Energy (Cell Structure Relaxation): 0.178097801554 Size:  4
Vacancy Formation Energy (Cell Structure Relaxation): 0.178097801896 Size:  4
Vacancy Formation Energy (Cell Structure Relaxation): 0.178097800952 Size:  4
Vacancy Formation Energy (Cell Structure Relaxation): 0.178097801969 Size:  4
Vacancy Formation Energy (Cell Structure Relaxation): 0.178097800928 Size:  4
Vacancy Formation Energy (Cell Structure Relaxation): 0.178097801497 Size:  4
Vacancy Formation Energy (Cell Structure Relaxation): 0.178097800914 Size:  4
Vacancy Formation Energy (Cell Structure Relaxation): 0.178097801505 Size:  4
Vacancy Formation Energy (Cell Structure Relaxation): 0.178097800868 Size:  4
Vacancy Formation Energy (Cell Structure Relaxation): 0.178097801636 Size:  4
Vacancy Formation Energy (Cell Structure Relaxation): 0.178097800827 Size:  4
Vacancy Formation Energy (Cell Structure Relaxation): 0.178097801607 Size:  4
Vacancy Formation Energy (Cell Structure Relaxation): 0.178097800809 Size:  4
Optimization terminated successfully.
         Current function value: 0.178098
         Iterations: 140
         Function evaluations: 253
Summary:
Vacancy Formation Energy: 0.178097800809
Unrelaxed Cell Volume: 2376.73832182
Relaxed Cell Volume: 2369.76427476
Relaxation Volume: 6.97404705966
Relaxed Cell Vector:
[  1.46922489e+01  -7.34565712e+00   1.27256876e+01   1.99234172e-05
   1.70274276e-04   1.26746394e+01]
Unrelaxed Cell Vector:
[14.58807020165092, -7.29403510082546, 12.633639386820475, 0.0, 0.0, 12.896000692994848]
Relaxed Cell:
[[  1.46922489e+01   0.00000000e+00   0.00000000e+00]
 [ -7.34565712e+00   1.27256876e+01   0.00000000e+00]
 [  1.99234172e-05   1.70274276e-04   1.26746394e+01]]
Unrelaxed Cell:
[[ 14.5880702    0.           0.        ]
 [ -7.2940351   12.63363939   0.        ]
 [  0.           0.          12.89600069]]

Supercell Size: 5
Unrelaxed Cell:
[[ 18.23508775   0.           0.        ]
 [ -9.11754388  15.79204923   0.        ]
 [  0.           0.          16.12000087]]
Unrelaxed Cell Vector:
[18.235087752063649, -9.1175438760318244, 15.792049233525594, 0.0, 0.0, 16.120000866243561]
Vacancy Formation Energy (Cell Structure Relaxation): 1.75914004742 Size:  5
Vacancy Formation Energy (Cell Structure Relaxation): 11.4230581446 Size:  5
Vacancy Formation Energy (Cell Structure Relaxation): 2.23127799367 Size:  5
Vacancy Formation Energy (Cell Structure Relaxation): 10.8955442493 Size:  5
Vacancy Formation Energy (Cell Structure Relaxation): 1.76558975356 Size:  5
Vacancy Formation Energy (Cell Structure Relaxation): 1.76558976468 Size:  5
Vacancy Formation Energy (Cell Structure Relaxation): 27.4291414245 Size:  5
Vacancy Formation Energy (Cell Structure Relaxation): 22.2706598988 Size:  5
Vacancy Formation Energy (Cell Structure Relaxation): 0.234178666511 Size:  5
Vacancy Formation Energy (Cell Structure Relaxation): -23.8077738573 Size:  5
Vacancy Formation Energy (Cell Structure Relaxation): 0.776355293557 Size:  5
Vacancy Formation Energy (Cell Structure Relaxation): -15.4539968604 Size:  5
Vacancy Formation Energy (Cell Structure Relaxation): -23.3853247986 Size:  5
Vacancy Formation Energy (Cell Structure Relaxation): -19.1888622799 Size:  5
Vacancy Formation Energy (Cell Structure Relaxation): -11.8051811302 Size:  5
Vacancy Formation Energy (Cell Structure Relaxation): 0.742424477931 Size:  5
Vacancy Formation Energy (Cell Structure Relaxation): -11.9792461275 Size:  5
Vacancy Formation Energy (Cell Structure Relaxation): -3.34152490881 Size:  5
Vacancy Formation Energy (Cell Structure Relaxation): -12.8042995161 Size:  5
Vacancy Formation Energy (Cell Structure Relaxation): -24.6786225698 Size:  5
Vacancy Formation Energy (Cell Structure Relaxation): -28.7060203072 Size:  5
Vacancy Formation Energy (Cell Structure Relaxation): -28.7060303146 Size:  5
Vacancy Formation Energy (Cell Structure Relaxation): -32.0835842795 Size:  5
Vacancy Formation Energy (Cell Structure Relaxation): -30.7727801019 Size:  5
Vacancy Formation Energy (Cell Structure Relaxation): -30.5745136267 Size:  5
Vacancy Formation Energy (Cell Structure Relaxation): -33.0107773643 Size:  5
Vacancy Formation Energy (Cell Structure Relaxation): -30.2389291187 Size:  5
Vacancy Formation Energy (Cell Structure Relaxation): -32.5791894327 Size:  5
Vacancy Formation Energy (Cell Structure Relaxation): -30.3721105118 Size:  5
Vacancy Formation Energy (Cell Structure Relaxation): -29.2390627572 Size:  5
Vacancy Formation Energy (Cell Structure Relaxation): -31.9716559218 Size:  5
Vacancy Formation Energy (Cell Structure Relaxation): -28.0940376028 Size:  5
Vacancy Formation Energy (Cell Structure Relaxation): -32.4659279343 Size:  5
Vacancy Formation Energy (Cell Structure Relaxation): -31.1507488302 Size:  5
Vacancy Formation Energy (Cell Structure Relaxation): -31.499130852 Size:  5
Vacancy Formation Energy (Cell Structure Relaxation): -31.2551073414 Size:  5
Vacancy Formation Energy (Cell Structure Relaxation): -32.6478944236 Size:  5
Vacancy Formation Energy (Cell Structure Relaxation): -30.4872469264 Size:  5
Vacancy Formation Energy (Cell Structure Relaxation): -32.7061525031 Size:  5
Vacancy Formation Energy (Cell Structure Relaxation): -33.016507335 Size:  5
Vacancy Formation Energy (Cell Structure Relaxation): -31.1927310698 Size:  5
Vacancy Formation Energy (Cell Structure Relaxation): -30.1420216105 Size:  5
Vacancy Formation Energy (Cell Structure Relaxation): -33.187609983 Size:  5
Vacancy Formation Energy (Cell Structure Relaxation): -32.0345158443 Size:  5
Vacancy Formation Energy (Cell Structure Relaxation): -33.0536523981 Size:  5
Vacancy Formation Energy (Cell Structure Relaxation): -32.9549885481 Size:  5
Vacancy Formation Energy (Cell Structure Relaxation): -32.6614568827 Size:  5
Vacancy Formation Energy (Cell Structure Relaxation): -33.1563906801 Size:  5
Vacancy Formation Energy (Cell Structure Relaxation): -32.0895950447 Size:  5
Vacancy Formation Energy (Cell Structure Relaxation): -33.1840748301 Size:  5
Vacancy Formation Energy (Cell Structure Relaxation): -33.0144171808 Size:  5
Vacancy Formation Energy (Cell Structure Relaxation): -32.7588004349 Size:  5
Vacancy Formation Energy (Cell Structure Relaxation): -33.2565450475 Size:  5
Vacancy Formation Energy (Cell Structure Relaxation): -32.9713798348 Size:  5
Vacancy Formation Energy (Cell Structure Relaxation): -33.240111645 Size:  5
Vacancy Formation Energy (Cell Structure Relaxation): -32.6055655686 Size:  5
Vacancy Formation Energy (Cell Structure Relaxation): -33.2779620836 Size:  5
Vacancy Formation Energy (Cell Structure Relaxation): -33.0877696041 Size:  5
Vacancy Formation Energy (Cell Structure Relaxation): -33.2669055707 Size:  5
Vacancy Formation Energy (Cell Structure Relaxation): -33.1596757401 Size:  5
Vacancy Formation Energy (Cell Structure Relaxation): -33.2844814367 Size:  5
Vacancy Formation Energy (Cell Structure Relaxation): -32.9707116889 Size:  5
Vacancy Formation Energy (Cell Structure Relaxation): -33.3024766874 Size:  5
Vacancy Formation Energy (Cell Structure Relaxation): -33.1556884898 Size:  5
Vacancy Formation Energy (Cell Structure Relaxation): -33.286719691 Size:  5
Vacancy Formation Energy (Cell Structure Relaxation): -33.3064896801 Size:  5
Vacancy Formation Energy (Cell Structure Relaxation): -33.1966118201 Size:  5
Vacancy Formation Energy (Cell Structure Relaxation): -33.143973505 Size:  5
Vacancy Formation Energy (Cell Structure Relaxation): -33.316712912 Size:  5
Vacancy Formation Energy (Cell Structure Relaxation): -33.2964032039 Size:  5
Vacancy Formation Energy (Cell Structure Relaxation): -33.2550454069 Size:  5
Vacancy Formation Energy (Cell Structure Relaxation): -33.3226756122 Size:  5
Vacancy Formation Energy (Cell Structure Relaxation): -33.2924223871 Size:  5
Vacancy Formation Energy (Cell Structure Relaxation): -33.3100426212 Size:  5
Vacancy Formation Energy (Cell Structure Relaxation): -33.2746826887 Size:  5
Vacancy Formation Energy (Cell Structure Relaxation): -33.3266013129 Size:  5
Vacancy Formation Energy (Cell Structure Relaxation): -33.3159533303 Size:  5
Vacancy Formation Energy (Cell Structure Relaxation): -33.2812902694 Size:  5
Vacancy Formation Energy (Cell Structure Relaxation): -33.3328595675 Size:  5
Vacancy Formation Energy (Cell Structure Relaxation): -33.298578125 Size:  5
Vacancy Formation Energy (Cell Structure Relaxation): -33.3339691246 Size:  5
Vacancy Formation Energy (Cell Structure Relaxation): -33.2734356985 Size:  5
Vacancy Formation Energy (Cell Structure Relaxation): -33.3352508778 Size:  5
Vacancy Formation Energy (Cell Structure Relaxation): -33.304244759 Size:  5
Vacancy Formation Energy (Cell Structure Relaxation): -33.3338687168 Size:  5
Vacancy Formation Energy (Cell Structure Relaxation): -33.3219116621 Size:  5
Vacancy Formation Energy (Cell Structure Relaxation): -33.3365699551 Size:  5
Vacancy Formation Energy (Cell Structure Relaxation): -33.3118736282 Size:  5
Vacancy Formation Energy (Cell Structure Relaxation): -33.3352687883 Size:  5
Vacancy Formation Energy (Cell Structure Relaxation): -33.3357680118 Size:  5
Vacancy Formation Energy (Cell Structure Relaxation): -33.3286538622 Size:  5
Vacancy Formation Energy (Cell Structure Relaxation): -33.3390010679 Size:  5
Vacancy Formation Energy (Cell Structure Relaxation): -33.3412258526 Size:  5
Vacancy Formation Energy (Cell Structure Relaxation): -33.3343427467 Size:  5
Vacancy Formation Energy (Cell Structure Relaxation): -33.328486626 Size:  5
Vacancy Formation Energy (Cell Structure Relaxation): -33.3402948934 Size:  5
Vacancy Formation Energy (Cell Structure Relaxation): -33.3232880084 Size:  5
Vacancy Formation Energy (Cell Structure Relaxation): -33.3416748492 Size:  5
Vacancy Formation Energy (Cell Structure Relaxation): -33.3393091601 Size:  5
Vacancy Formation Energy (Cell Structure Relaxation): -33.3340256701 Size:  5
Vacancy Formation Energy (Cell Structure Relaxation): -33.3414828916 Size:  5
Vacancy Formation Energy (Cell Structure Relaxation): -33.3344670412 Size:  5
Vacancy Formation Energy (Cell Structure Relaxation): -33.3414261682 Size:  5
Vacancy Formation Energy (Cell Structure Relaxation): -33.3429576856 Size:  5
Vacancy Formation Energy (Cell Structure Relaxation): -33.3384073151 Size:  5
Vacancy Formation Energy (Cell Structure Relaxation): -33.3386711633 Size:  5
Vacancy Formation Energy (Cell Structure Relaxation): -33.343113173 Size:  5
Vacancy Formation Energy (Cell Structure Relaxation): -33.3396238852 Size:  5
Vacancy Formation Energy (Cell Structure Relaxation): -33.3431856859 Size:  5
Vacancy Formation Energy (Cell Structure Relaxation): -33.3406691439 Size:  5
Vacancy Formation Energy (Cell Structure Relaxation): -33.3431602463 Size:  5
Vacancy Formation Energy (Cell Structure Relaxation): -33.3412640602 Size:  5
Vacancy Formation Energy (Cell Structure Relaxation): -33.3430862481 Size:  5
Vacancy Formation Energy (Cell Structure Relaxation): -33.3415765556 Size:  5
Vacancy Formation Energy (Cell Structure Relaxation): -33.3431445645 Size:  5
Vacancy Formation Energy (Cell Structure Relaxation): -33.343018758 Size:  5
Vacancy Formation Energy (Cell Structure Relaxation): -33.3421653764 Size:  5
Vacancy Formation Energy (Cell Structure Relaxation): -33.343606 Size:  5
Vacancy Formation Energy (Cell Structure Relaxation): -33.3421995706 Size:  5
Vacancy Formation Energy (Cell Structure Relaxation): -33.3436140285 Size:  5
Vacancy Formation Energy (Cell Structure Relaxation): -33.3430666922 Size:  5
Vacancy Formation Energy (Cell Structure Relaxation): -33.343556956 Size:  5
Vacancy Formation Energy (Cell Structure Relaxation): -33.3429255594 Size:  5
Vacancy Formation Energy (Cell Structure Relaxation): -33.3435826187 Size:  5
Vacancy Formation Energy (Cell Structure Relaxation): -33.3429936858 Size:  5
Vacancy Formation Energy (Cell Structure Relaxation): -33.3435902578 Size:  5
Vacancy Formation Energy (Cell Structure Relaxation): -33.3427611693 Size:  5
Vacancy Formation Energy (Cell Structure Relaxation): -33.343616796 Size:  5
Vacancy Formation Energy (Cell Structure Relaxation): -33.3431415791 Size:  5
Vacancy Formation Energy (Cell Structure Relaxation): -33.3435932708 Size:  5
Vacancy Formation Energy (Cell Structure Relaxation): -33.3435914692 Size:  5
Vacancy Formation Energy (Cell Structure Relaxation): -33.3434827904 Size:  5
Vacancy Formation Energy (Cell Structure Relaxation): -33.3436996155 Size:  5
Vacancy Formation Energy (Cell Structure Relaxation): -33.3435968382 Size:  5
Vacancy Formation Energy (Cell Structure Relaxation): -33.3435409047 Size:  5
Vacancy Formation Energy (Cell Structure Relaxation): -33.3436981225 Size:  5
Vacancy Formation Energy (Cell Structure Relaxation): -33.3434542691 Size:  5
Vacancy Formation Energy (Cell Structure Relaxation): -33.3437059339 Size:  5
Vacancy Formation Energy (Cell Structure Relaxation): -33.3436240898 Size:  5
Vacancy Formation Energy (Cell Structure Relaxation): -33.3435856722 Size:  5
Vacancy Formation Energy (Cell Structure Relaxation): -33.3437011733 Size:  5
Vacancy Formation Energy (Cell Structure Relaxation): -33.3434980806 Size:  5
Vacancy Formation Energy (Cell Structure Relaxation): -33.3437115446 Size:  5
Vacancy Formation Energy (Cell Structure Relaxation): -33.3435078044 Size:  5
Vacancy Formation Energy (Cell Structure Relaxation): -33.3437103843 Size:  5
Vacancy Formation Energy (Cell Structure Relaxation): -33.3436454953 Size:  5
Vacancy Formation Energy (Cell Structure Relaxation): -33.343711589 Size:  5
Vacancy Formation Energy (Cell Structure Relaxation): -33.3437031438 Size:  5
Vacancy Formation Energy (Cell Structure Relaxation): -33.3436643639 Size:  5
Vacancy Formation Energy (Cell Structure Relaxation): -33.3437264054 Size:  5
Vacancy Formation Energy (Cell Structure Relaxation): -33.3436727649 Size:  5
Vacancy Formation Energy (Cell Structure Relaxation): -33.343725833 Size:  5
Vacancy Formation Energy (Cell Structure Relaxation): -33.3437053069 Size:  5
Vacancy Formation Energy (Cell Structure Relaxation): -33.3437247072 Size:  5
Vacancy Formation Energy (Cell Structure Relaxation): -33.3436995352 Size:  5
Vacancy Formation Energy (Cell Structure Relaxation): -33.3437254376 Size:  5
Vacancy Formation Energy (Cell Structure Relaxation): -33.3436623075 Size:  5
Vacancy Formation Energy (Cell Structure Relaxation): -33.3437298873 Size:  5
Vacancy Formation Energy (Cell Structure Relaxation): -33.3437217806 Size:  5
Vacancy Formation Energy (Cell Structure Relaxation): -33.3437108906 Size:  5
Vacancy Formation Energy (Cell Structure Relaxation): -33.3437267727 Size:  5
Vacancy Formation Energy (Cell Structure Relaxation): -33.3437147754 Size:  5
Vacancy Formation Energy (Cell Structure Relaxation): -33.3437298712 Size:  5
Vacancy Formation Energy (Cell Structure Relaxation): -33.3437280659 Size:  5
Vacancy Formation Energy (Cell Structure Relaxation): -33.343723215 Size:  5
Vacancy Formation Energy (Cell Structure Relaxation): -33.3437306854 Size:  5
Vacancy Formation Energy (Cell Structure Relaxation): -33.3437217689 Size:  5
Vacancy Formation Energy (Cell Structure Relaxation): -33.3437309517 Size:  5
Vacancy Formation Energy (Cell Structure Relaxation): -33.3437213463 Size:  5
Vacancy Formation Energy (Cell Structure Relaxation): -33.3437311478 Size:  5
Vacancy Formation Energy (Cell Structure Relaxation): -33.34372434 Size:  5
Vacancy Formation Energy (Cell Structure Relaxation): -33.3437309849 Size:  5
Vacancy Formation Energy (Cell Structure Relaxation): -33.3437263385 Size:  5
Vacancy Formation Energy (Cell Structure Relaxation): -33.3437312412 Size:  5
Vacancy Formation Energy (Cell Structure Relaxation): -33.3437296399 Size:  5
Vacancy Formation Energy (Cell Structure Relaxation): -33.3437315566 Size:  5
Vacancy Formation Energy (Cell Structure Relaxation): -33.343729125 Size:  5
Vacancy Formation Energy (Cell Structure Relaxation): -33.3437316228 Size:  5
Vacancy Formation Energy (Cell Structure Relaxation): -33.3437303602 Size:  5
Vacancy Formation Energy (Cell Structure Relaxation): -33.343731785 Size:  5
Vacancy Formation Energy (Cell Structure Relaxation): -33.3437297453 Size:  5
Vacancy Formation Energy (Cell Structure Relaxation): -33.3437319258 Size:  5
Vacancy Formation Energy (Cell Structure Relaxation): -33.3437303143 Size:  5
Vacancy Formation Energy (Cell Structure Relaxation): -33.3437318787 Size:  5
Vacancy Formation Energy (Cell Structure Relaxation): -33.3437301644 Size:  5
Vacancy Formation Energy (Cell Structure Relaxation): -33.3437319395 Size:  5
Vacancy Formation Energy (Cell Structure Relaxation): -33.3437310487 Size:  5
Vacancy Formation Energy (Cell Structure Relaxation): -33.3437318889 Size:  5
Vacancy Formation Energy (Cell Structure Relaxation): -33.3437315832 Size:  5
Vacancy Formation Energy (Cell Structure Relaxation): -33.3437319647 Size:  5
Vacancy Formation Energy (Cell Structure Relaxation): -33.3437312906 Size:  5
Vacancy Formation Energy (Cell Structure Relaxation): -33.3437320032 Size:  5
Vacancy Formation Energy (Cell Structure Relaxation): -33.3437318457 Size:  5
Vacancy Formation Energy (Cell Structure Relaxation): -33.343732039 Size:  5
Vacancy Formation Energy (Cell Structure Relaxation): -33.3437317452 Size:  5
Vacancy Formation Energy (Cell Structure Relaxation): -33.343732054 Size:  5
Vacancy Formation Energy (Cell Structure Relaxation): -33.3437319838 Size:  5
Vacancy Formation Energy (Cell Structure Relaxation): -33.3437318389 Size:  5
Vacancy Formation Energy (Cell Structure Relaxation): -33.3437320714 Size:  5
Vacancy Formation Energy (Cell Structure Relaxation): -33.3437318112 Size:  5
Vacancy Formation Energy (Cell Structure Relaxation): -33.3437320781 Size:  5
Vacancy Formation Energy (Cell Structure Relaxation): -33.3437319448 Size:  5
Vacancy Formation Energy (Cell Structure Relaxation): -33.3437320747 Size:  5
Vacancy Formation Energy (Cell Structure Relaxation): -33.3437318754 Size:  5
Vacancy Formation Energy (Cell Structure Relaxation): -33.3437320873 Size:  5
Vacancy Formation Energy (Cell Structure Relaxation): -33.3437318767 Size:  5
Vacancy Formation Energy (Cell Structure Relaxation): -33.3437320923 Size:  5
Vacancy Formation Energy (Cell Structure Relaxation): -33.3437320488 Size:  5
Vacancy Formation Energy (Cell Structure Relaxation): -33.3437320934 Size:  5
Vacancy Formation Energy (Cell Structure Relaxation): -33.3437320802 Size:  5
Vacancy Formation Energy (Cell Structure Relaxation): -33.3437320849 Size:  5
Vacancy Formation Energy (Cell Structure Relaxation): -33.3437321066 Size:  5
Vacancy Formation Energy (Cell Structure Relaxation): -33.3437320491 Size:  5
Vacancy Formation Energy (Cell Structure Relaxation): -33.343732095 Size:  5
Vacancy Formation Energy (Cell Structure Relaxation): -33.3437320629 Size:  5
Vacancy Formation Energy (Cell Structure Relaxation): -33.3437321115 Size:  5
Vacancy Formation Energy (Cell Structure Relaxation): -33.3437320388 Size:  5
Vacancy Formation Energy (Cell Structure Relaxation): -33.343732115 Size:  5
Vacancy Formation Energy (Cell Structure Relaxation): -33.3437320894 Size:  5
Vacancy Formation Energy (Cell Structure Relaxation): -33.3437321122 Size:  5
Vacancy Formation Energy (Cell Structure Relaxation): -33.3437320928 Size:  5
Vacancy Formation Energy (Cell Structure Relaxation): -33.3437321132 Size:  5
Vacancy Formation Energy (Cell Structure Relaxation): -33.3437320911 Size:  5
Vacancy Formation Energy (Cell Structure Relaxation): -33.3437321138 Size:  5
Vacancy Formation Energy (Cell Structure Relaxation): -33.3437320866 Size:  5
Vacancy Formation Energy (Cell Structure Relaxation): -33.3437321149 Size:  5
Vacancy Formation Energy (Cell Structure Relaxation): -33.3437320863 Size:  5
Vacancy Formation Energy (Cell Structure Relaxation): -33.3437321187 Size:  5
Vacancy Formation Energy (Cell Structure Relaxation): -33.3437321148 Size:  5
Vacancy Formation Energy (Cell Structure Relaxation): -33.3437321119 Size:  5
Vacancy Formation Energy (Cell Structure Relaxation): -33.3437321185 Size:  5
Vacancy Formation Energy (Cell Structure Relaxation): -33.3437321077 Size:  5
Vacancy Formation Energy (Cell Structure Relaxation): -33.3437321193 Size:  5
Vacancy Formation Energy (Cell Structure Relaxation): -33.343732116 Size:  5
Vacancy Formation Energy (Cell Structure Relaxation): -33.3437321126 Size:  5
Vacancy Formation Energy (Cell Structure Relaxation): -33.3437321196 Size:  5
Vacancy Formation Energy (Cell Structure Relaxation): -33.3437321111 Size:  5
Vacancy Formation Energy (Cell Structure Relaxation): -33.3437321197 Size:  5
Vacancy Formation Energy (Cell Structure Relaxation): -33.3437321128 Size:  5
Vacancy Formation Energy (Cell Structure Relaxation): -33.3437321196 Size:  5
Vacancy Formation Energy (Cell Structure Relaxation): -33.3437321159 Size:  5
Vacancy Formation Energy (Cell Structure Relaxation): -33.3437321197 Size:  5
Vacancy Formation Energy (Cell Structure Relaxation): -33.3437321211 Size:  5
Vacancy Formation Energy (Cell Structure Relaxation): -33.3437321185 Size:  5
Vacancy Formation Energy (Cell Structure Relaxation): -33.3437321175 Size:  5
Vacancy Formation Energy (Cell Structure Relaxation): -33.3437321208 Size:  5
Vacancy Formation Energy (Cell Structure Relaxation): -33.3437321171 Size:  5
Vacancy Formation Energy (Cell Structure Relaxation): -33.343732121 Size:  5
Vacancy Formation Energy (Cell Structure Relaxation): -33.3437321185 Size:  5
Vacancy Formation Energy (Cell Structure Relaxation): -33.343732121 Size:  5
Vacancy Formation Energy (Cell Structure Relaxation): -33.3437321185 Size:  5
Vacancy Formation Energy (Cell Structure Relaxation): -33.343732121 Size:  5
Vacancy Formation Energy (Cell Structure Relaxation): -33.34373212 Size:  5
Vacancy Formation Energy (Cell Structure Relaxation): -33.3437321217 Size:  5
Vacancy Formation Energy (Cell Structure Relaxation): -33.3437321204 Size:  5
Vacancy Formation Energy (Cell Structure Relaxation): -33.3437321196 Size:  5
Vacancy Formation Energy (Cell Structure Relaxation): -33.3437321212 Size:  5
Vacancy Formation Energy (Cell Structure Relaxation): -33.3437321218 Size:  5
Vacancy Formation Energy (Cell Structure Relaxation): -33.3437321211 Size:  5
Vacancy Formation Energy (Cell Structure Relaxation): -33.3437321204 Size:  5
Vacancy Formation Energy (Cell Structure Relaxation): -33.3437321216 Size:  5
Vacancy Formation Energy (Cell Structure Relaxation): -33.3437321211 Size:  5
Vacancy Formation Energy (Cell Structure Relaxation): -33.3437321222 Size:  5
Vacancy Formation Energy (Cell Structure Relaxation): -33.343732122 Size:  5
Vacancy Formation Energy (Cell Structure Relaxation): -33.3437321213 Size:  5
Vacancy Formation Energy (Cell Structure Relaxation): -33.3437321215 Size:  5
Vacancy Formation Energy (Cell Structure Relaxation): -33.343732122 Size:  5
Vacancy Formation Energy (Cell Structure Relaxation): -33.3437321225 Size:  5
Vacancy Formation Energy (Cell Structure Relaxation): -33.3437321224 Size:  5
Vacancy Formation Energy (Cell Structure Relaxation): -33.343732122 Size:  5
Vacancy Formation Energy (Cell Structure Relaxation): -33.3437321225 Size:  5
Vacancy Formation Energy (Cell Structure Relaxation): -33.3437321228 Size:  5
Vacancy Formation Energy (Cell Structure Relaxation): -33.3437321224 Size:  5
Vacancy Formation Energy (Cell Structure Relaxation): -33.3437321223 Size:  5
Vacancy Formation Energy (Cell Structure Relaxation): -33.3437321231 Size:  5
Vacancy Formation Energy (Cell Structure Relaxation): -33.3437321227 Size:  5
Vacancy Formation Energy (Cell Structure Relaxation): -33.3437321218 Size:  5
Vacancy Formation Energy (Cell Structure Relaxation): -33.3437321227 Size:  5
Vacancy Formation Energy (Cell Structure Relaxation): -33.3437321234 Size:  5
Vacancy Formation Energy (Cell Structure Relaxation): -33.3437321236 Size:  5
Vacancy Formation Energy (Cell Structure Relaxation): -33.3437321217 Size:  5
Vacancy Formation Energy (Cell Structure Relaxation): -33.343732123 Size:  5
Vacancy Formation Energy (Cell Structure Relaxation): -33.3437321227 Size:  5
Optimization terminated successfully.
         Current function value: -33.343732
         Iterations: 159
         Function evaluations: 283
Summary:
Vacancy Formation Energy: -33.3437321236
Unrelaxed Cell Volume: 4642.06703481
Relaxed Cell Volume: 4592.02030806
Relaxation Volume: 50.0467267496
Relaxed Cell Vector:
[  1.75473568e+01  -8.89566545e+00   1.57559514e+01   4.51401880e-04
   5.39022898e-05   1.66091520e+01]
Unrelaxed Cell Vector:
[18.235087752063649, -9.1175438760318244, 15.792049233525594, 0.0, 0.0, 16.120000866243561]
Relaxed Cell:
[[  1.75473568e+01   0.00000000e+00   0.00000000e+00]
 [ -8.89566545e+00   1.57559514e+01   0.00000000e+00]
 [  4.51401880e-04   5.39022898e-05   1.66091520e+01]]
Unrelaxed Cell:
[[ 18.23508775   0.           0.        ]
 [ -9.11754388  15.79204923   0.        ]
 [  0.           0.          16.12000087]]
Vacancy Formation Energy < 0
Crystal Collapsed.
