Imported bulk from ase.lattice
Element = Lattice = Model = Element: Cu
Lattice: hcp
Model: EAM_Dynamo_Ackland_Tichy_Cu__MO_179025990738_001
Model Cutoff: 4.4274528135
NBC Name: NEIGH_RVEC_F
Relaxation With c/a Ratio Fixed
Simplex Searching start from: cutoff * 0.1
Simplex Searching Start From: [0.44274528135000008]
Optimization terminated successfully.
         Current function value: -7.022193
         Iterations: 40
         Function evaluations: 87
Tmp Lattice Constants: [ 2.56751577]
Tmp Energy: -7.02219263695
Simplex Searching start from: cutoff * 0.12
Simplex Searching Start From: [0.53129433762]
Optimization terminated successfully.
         Current function value: -7.022193
         Iterations: 40
         Function evaluations: 84
Tmp Lattice Constants: [ 2.56751577]
Tmp Energy: -7.02219263695
Simplex Searching start from: cutoff * 0.14
Simplex Searching Start From: [0.61984339389000009]
Optimization terminated successfully.
         Current function value: -7.022193
         Iterations: 40
         Function evaluations: 83
Tmp Lattice Constants: [ 2.56751577]
Tmp Energy: -7.02219263695
Simplex Searching start from: cutoff * 0.16
Simplex Searching Start From: [0.70839245016000008]
Optimization terminated successfully.
         Current function value: -7.022193
         Iterations: 39
         Function evaluations: 81
Tmp Lattice Constants: [ 2.56751577]
Tmp Energy: -7.02219263695
Simplex Searching start from: cutoff * 0.18
Simplex Searching Start From: [0.79694150643000006]
Optimization terminated successfully.
         Current function value: -7.022193
         Iterations: 39
         Function evaluations: 82
Tmp Lattice Constants: [ 2.56751577]
Tmp Energy: -7.02219263695
Simplex Searching start from: cutoff * 0.2
Simplex Searching Start From: [0.88549056270000015]
Optimization terminated successfully.
         Current function value: -7.022193
         Iterations: 39
         Function evaluations: 83
Tmp Lattice Constants: [ 2.56751578]
Tmp Energy: -7.02219263695
Simplex Searching start from: cutoff * 0.22
Simplex Searching Start From: [0.97403961897000013]
Optimization terminated successfully.
         Current function value: -7.022193
         Iterations: 38
         Function evaluations: 81
Tmp Lattice Constants: [ 2.56751577]
Tmp Energy: -7.02219263695
Simplex Searching start from: cutoff * 0.24
Simplex Searching Start From: [1.06258867524]
Optimization terminated successfully.
         Current function value: -7.022193
         Iterations: 38
         Function evaluations: 81
Tmp Lattice Constants: [ 2.56751576]
Tmp Energy: -7.02219263695
Simplex Searching start from: cutoff * 0.26
Simplex Searching Start From: [1.1511377315100002]
Optimization terminated successfully.
         Current function value: -7.022193
         Iterations: 38
         Function evaluations: 81
Tmp Lattice Constants: [ 2.56751577]
Tmp Energy: -7.02219263695
Simplex Searching start from: cutoff * 0.28
Simplex Searching Start From: [1.2396867877800002]
Optimization terminated successfully.
         Current function value: -7.022193
         Iterations: 38
         Function evaluations: 79
Tmp Lattice Constants: [ 2.56751577]
Tmp Energy: -7.02219263695
Simplex Searching start from: cutoff * 0.3
Simplex Searching Start From: [1.3282358440500002]
Optimization terminated successfully.
         Current function value: -7.022193
         Iterations: 38
         Function evaluations: 81
Tmp Lattice Constants: [ 2.56751578]
Tmp Energy: -7.02219263695
Simplex Searching start from: cutoff * 0.32
Simplex Searching Start From: [1.4167849003200002]
Optimization terminated successfully.
         Current function value: -7.022193
         Iterations: 37
         Function evaluations: 82
Tmp Lattice Constants: [ 2.56751578]
Tmp Energy: -7.02219263695
Simplex Searching start from: cutoff * 0.34
Simplex Searching Start From: [1.5053339565900004]
Optimization terminated successfully.
         Current function value: -7.022193
         Iterations: 38
         Function evaluations: 83
Tmp Lattice Constants: [ 2.56751578]
Tmp Energy: -7.02219263695
Simplex Searching start from: cutoff * 0.36
Simplex Searching Start From: [1.5938830128600001]
Optimization terminated successfully.
         Current function value: -7.022193
         Iterations: 36
         Function evaluations: 76
Tmp Lattice Constants: [ 2.56751577]
Tmp Energy: -7.02219263695
Simplex Searching start from: cutoff * 0.38
Simplex Searching Start From: [1.6824320691300001]
Optimization terminated successfully.
         Current function value: -7.022193
         Iterations: 36
         Function evaluations: 77
Tmp Lattice Constants: [ 2.56751578]
Tmp Energy: -7.02219263695
Simplex Searching start from: cutoff * 0.4
Simplex Searching Start From: [1.7709811254000003]
Optimization terminated successfully.
         Current function value: -7.022193
         Iterations: 37
         Function evaluations: 77
Tmp Lattice Constants: [ 2.56751577]
Tmp Energy: -7.02219263695
Simplex Searching start from: cutoff * 0.42
Simplex Searching Start From: [1.8595301816700001]
Optimization terminated successfully.
         Current function value: -7.022193
         Iterations: 35
         Function evaluations: 75
Tmp Lattice Constants: [ 2.56751577]
Tmp Energy: -7.02219263695
Simplex Searching start from: cutoff * 0.44
Simplex Searching Start From: [1.9480792379400003]
Optimization terminated successfully.
         Current function value: -7.022193
         Iterations: 36
         Function evaluations: 77
Tmp Lattice Constants: [ 2.56751577]
Tmp Energy: -7.02219263695
Simplex Searching start from: cutoff * 0.46
Simplex Searching Start From: [2.0366282942100002]
Optimization terminated successfully.
         Current function value: -7.022193
         Iterations: 34
         Function evaluations: 73
Tmp Lattice Constants: [ 2.56751577]
Tmp Energy: -7.02219263695
Simplex Searching start from: cutoff * 0.48
Simplex Searching Start From: [2.12517735048]
Optimization terminated successfully.
         Current function value: -7.022193
         Iterations: 35
         Function evaluations: 75
Tmp Lattice Constants: [ 2.56751578]
Tmp Energy: -7.02219263695
Relaxation With c/a Ratio Relaxed
