Imported bulk from ase.lattice
Element = Lattice = Model = Element: Fe
Lattice: hcp
Model: EAM_Dynamo_Zhou_Johnson_Fe__MO_650279905230_001
Model Cutoff: 5.54989147186
NBC Name: NEIGH_RVEC_F
Relaxation With c/a Ratio Fixed
Simplex Searching start from: cutoff * 0.1
Simplex Searching Start From: [0.55498914718627934]
Optimization terminated successfully.
         Current function value: -8.391476
         Iterations: 41
         Function evaluations: 89
Tmp Lattice Constants: [ 2.5656527]
Tmp Energy: -8.39147599323
Simplex Searching start from: cutoff * 0.12
Simplex Searching Start From: [0.66598697662353512]
Optimization terminated successfully.
         Current function value: -8.391476
         Iterations: 40
         Function evaluations: 85
Tmp Lattice Constants: [ 2.5656527]
Tmp Energy: -8.39147599323
Simplex Searching start from: cutoff * 0.14
Simplex Searching Start From: [0.77698480606079112]
Optimization terminated successfully.
         Current function value: -8.391476
         Iterations: 39
         Function evaluations: 85
Tmp Lattice Constants: [ 2.5656527]
Tmp Energy: -8.39147599323
Simplex Searching start from: cutoff * 0.16
Simplex Searching Start From: [0.8879826354980469]
Optimization terminated successfully.
         Current function value: -8.391476
         Iterations: 41
         Function evaluations: 88
Tmp Lattice Constants: [ 2.56565268]
Tmp Energy: -8.39147599323
Simplex Searching start from: cutoff * 0.18
Simplex Searching Start From: [0.99898046493530268]
Optimization terminated successfully.
         Current function value: -8.391476
         Iterations: 38
         Function evaluations: 82
Tmp Lattice Constants: [ 2.56565271]
Tmp Energy: -8.39147599323
Simplex Searching start from: cutoff * 0.2
Simplex Searching Start From: [1.1099782943725587]
Optimization terminated successfully.
         Current function value: -8.391476
         Iterations: 39
         Function evaluations: 85
Tmp Lattice Constants: [ 2.5656527]
Tmp Energy: -8.39147599323
Simplex Searching start from: cutoff * 0.22
Simplex Searching Start From: [1.2209761238098145]
Optimization terminated successfully.
         Current function value: -8.391476
         Iterations: 38
         Function evaluations: 83
Tmp Lattice Constants: [ 2.56565273]
Tmp Energy: -8.39147599323
Simplex Searching start from: cutoff * 0.24
Simplex Searching Start From: [1.3319739532470702]
Optimization terminated successfully.
         Current function value: -8.391476
         Iterations: 37
         Function evaluations: 79
Tmp Lattice Constants: [ 2.5656527]
Tmp Energy: -8.39147599323
Simplex Searching start from: cutoff * 0.26
Simplex Searching Start From: [1.4429717826843262]
Optimization terminated successfully.
         Current function value: -8.391476
         Iterations: 37
         Function evaluations: 78
Tmp Lattice Constants: [ 2.56565268]
Tmp Energy: -8.39147599323
Simplex Searching start from: cutoff * 0.28
Simplex Searching Start From: [1.5539696121215822]
Optimization terminated successfully.
         Current function value: -8.391476
         Iterations: 37
         Function evaluations: 81
Tmp Lattice Constants: [ 2.5656527]
Tmp Energy: -8.39147599323
Simplex Searching start from: cutoff * 0.3
Simplex Searching Start From: [1.6649674415588378]
Optimization terminated successfully.
         Current function value: -8.391476
         Iterations: 37
         Function evaluations: 81
Tmp Lattice Constants: [ 2.5656527]
Tmp Energy: -8.39147599323
Simplex Searching start from: cutoff * 0.32
Simplex Searching Start From: [1.7759652709960938]
Optimization terminated successfully.
         Current function value: -8.391476
         Iterations: 39
         Function evaluations: 83
Tmp Lattice Constants: [ 2.56565268]
Tmp Energy: -8.39147599323
Simplex Searching start from: cutoff * 0.34
Simplex Searching Start From: [1.8869631004333498]
Optimization terminated successfully.
         Current function value: -8.391476
         Iterations: 35
         Function evaluations: 76
Tmp Lattice Constants: [ 2.56565273]
Tmp Energy: -8.39147599323
Simplex Searching start from: cutoff * 0.36
Simplex Searching Start From: [1.9979609298706054]
Optimization terminated successfully.
         Current function value: -8.391476
         Iterations: 34
         Function evaluations: 75
Tmp Lattice Constants: [ 2.56565271]
Tmp Energy: -8.39147599323
Simplex Searching start from: cutoff * 0.38
Simplex Searching Start From: [2.1089587593078614]
Optimization terminated successfully.
         Current function value: -8.391476
         Iterations: 34
         Function evaluations: 72
Tmp Lattice Constants: [ 2.56565269]
Tmp Energy: -8.39147599323
Simplex Searching start from: cutoff * 0.4
Simplex Searching Start From: [2.2199565887451174]
Optimization terminated successfully.
         Current function value: -8.391476
         Iterations: 34
         Function evaluations: 73
Tmp Lattice Constants: [ 2.56565267]
Tmp Energy: -8.39147599323
Simplex Searching start from: cutoff * 0.42
Simplex Searching Start From: [2.3309544181823729]
Optimization terminated successfully.
         Current function value: -8.391476
         Iterations: 33
         Function evaluations: 74
Tmp Lattice Constants: [ 2.56565273]
Tmp Energy: -8.39147599323
Simplex Searching start from: cutoff * 0.44
Simplex Searching Start From: [2.4419522476196289]
Optimization terminated successfully.
         Current function value: -8.391476
         Iterations: 32
         Function evaluations: 71
Tmp Lattice Constants: [ 2.56565273]
Tmp Energy: -8.39147599323
Simplex Searching start from: cutoff * 0.46
Simplex Searching Start From: [2.5529500770568849]
Optimization terminated successfully.
         Current function value: -8.391476
         Iterations: 32
         Function evaluations: 70
Tmp Lattice Constants: [ 2.5656527]
Tmp Energy: -8.39147599323
Simplex Searching start from: cutoff * 0.48
Simplex Searching Start From: [2.6639479064941405]
Optimization terminated successfully.
         Current function value: -8.391476
         Iterations: 33
         Function evaluations: 71
Tmp Lattice Constants: [ 2.56565271]
Tmp Energy: -8.39147599323
Relaxation With c/a Ratio Relaxed
