Imported bulk from ase.lattice
Parameters Input: Ni diamond EAM_Dynamo_Mishin_Farkas_Ni__MO_400591584784_001 [3.43868995254]
CELL_SIZE_MIN: 3
CELL_SIZE_MAX: 5
Smallest System Size: 216
Largest System Size: 1000
Model Cutoff: 5.80375

[Calculation]

Supercell Size: 3
Unrelaxed Cell:
[[ 10.31606986   0.           0.        ]
 [  0.          10.31606986   0.        ]
 [  0.           0.          10.31606986]]
Unrelaxed Cell Vector:
[10.316069857620001, 0.0, 10.316069857620001, 0.0, 0.0, 10.316069857620001]
==========
Loop: 0
Position Relaxation...
FIRE:   0  16:11:10    -2845.810957      10.7969
FIRE:   1  16:11:10    -2825.465222       4.5510
FIRE:   2  16:11:10    -2797.638709       5.1926
FIRE:   3  16:11:10    -2768.025063       6.6563
FIRE:   4  16:11:10    -2737.303883       6.6867
FIRE:   5  16:11:10    -2706.728954       6.0750
FIRE:   6  16:11:10    -2676.910325       5.4839
FIRE:   7  16:11:10    -2647.819268       5.2413
FIRE:   8  16:11:10    -2619.341469       5.3934
FIRE:   9  16:11:10    -2591.347599       5.8722
FIRE:  10  16:11:10    -2563.801587       6.5565
FIRE:  11  16:11:10    -2536.783301       7.3541
FIRE:  12  16:11:10    -2509.685115       8.1853
FIRE:  13  16:11:10    -2483.340506       8.9516
FIRE:  14  16:11:10    -2457.843846       9.6291
FIRE:  15  16:11:10    -2433.137350      10.2058
FIRE:  16  16:11:10    -2409.114016      10.6723
FIRE:  17  16:11:10    -2385.644940      11.0262
FIRE:  18  16:11:10    -2362.601233      11.2252
FIRE:  19  16:11:10    -2339.859379      11.2574
FIRE:  20  16:11:10    -2317.318024      11.1292
FIRE:  21  16:11:10    -2294.907780      10.8733
FIRE:  22  16:11:10    -2272.580648      10.5687
FIRE:  23  16:11:11    -2250.298453      10.2372
FIRE:  24  16:11:11    -2228.036293      10.5287
FIRE:  25  16:11:11    -2205.775594      10.7934
FIRE:  26  16:11:11    -2183.501172      11.0072
FIRE:  27  16:11:11    -2161.194700      11.1591
FIRE:  28  16:11:11    -2138.829081      11.2495
FIRE:  29  16:11:11    -2116.373270      11.2898
FIRE:  30  16:11:11    -2093.796639      11.2833
FIRE:  31  16:11:11    -2071.071582      11.2395
FIRE:  32  16:11:11    -2048.182037      11.1748
FIRE:  33  16:11:11    -2025.120599      11.1006
FIRE:  34  16:11:11    -2001.891174      11.0329
FIRE:  35  16:11:11    -1978.510293      10.9867
FIRE:  36  16:11:11    -1955.001884      10.9681
FIRE:  37  16:11:11    -1931.391004      10.9875
FIRE:  38  16:11:11    -1907.706483      11.0543
FIRE:  39  16:11:11    -1883.981029      11.1817
FIRE:  40  16:11:11    -1860.251726      11.3788
FIRE:  41  16:11:11    -1836.557899      11.6530
FIRE:  42  16:11:11    -1812.940139      12.0096
FIRE:  43  16:11:11    -1789.435794      12.4475
FIRE:  44  16:11:11    -1765.031367      12.9399
FIRE:  45  16:11:11    -1738.771633      13.4896
FIRE:  46  16:11:12    -1711.049859      13.9625
FIRE:  47  16:11:12    -1683.191712      14.2882
FIRE:  48  16:11:12    -1655.164678      14.4690
FIRE:  49  16:11:12    -1626.927649      14.5026
Steps Limit Exceeded. Structure Maybe Unstable.
Relaxation Completed. Steps: 50
Cell Size Relaxation...
Optimization terminated successfully.
         Current function value: 1303.998937
         Iterations: 329
         Function evaluations: 578
Current VFE: 1303.99893676
Energy of Supercell: -2944.44209663
Unrelaxed Cell Volume: 1097.84953736
Current Relaxed Cell Volume: 1115.29828082
Current Relaxation Volume: -17.4487434633
Current Cell:
[[  1.03704345e+01   0.00000000e+00   0.00000000e+00]
 [ -5.50129059e-06   1.03704361e+01   0.00000000e+00]
 [ -2.14543802e-05   6.76816783e-05   1.03704371e+01]]
System Collapsed. System Energy significantly changed.
