Imported bulk from ase.lattice
Parameters Input: Al fcc EAM_Dynamo_Mendelev_Kramer_Al__MO_106969701023_001 [4.04525974393]

[Calculation]

Supercell Size: 3
Unrelaxed Cell:
[[ 12.13577923   0.           0.        ]
 [  0.          12.13577923   0.        ]
 [  0.           0.          12.13577923]]
Unrelaxed Cell Vector:
[12.13577923179, 0.0, 12.13577923179, 0.0, 0.0, 12.13577923179]
Vacancy Formation Energy (Cell Structure Relaxation): 0.66197119946 Size:  3
Vacancy Formation Energy (Cell Structure Relaxation): 1.94562502774 Size:  3
Vacancy Formation Energy (Cell Structure Relaxation): 0.661257467832 Size:  3
Vacancy Formation Energy (Cell Structure Relaxation): 1.94593748269 Size:  3
Vacancy Formation Energy (Cell Structure Relaxation): 0.661170095621 Size:  3
Vacancy Formation Energy (Cell Structure Relaxation): 0.661170097164 Size:  3
Vacancy Formation Energy (Cell Structure Relaxation): 1.94592141272 Size:  3
Vacancy Formation Energy (Cell Structure Relaxation): 1.95119822289 Size:  3
Vacancy Formation Energy (Cell Structure Relaxation): 1.23782807146 Size:  3
Vacancy Formation Energy (Cell Structure Relaxation): 1.93840962547 Size:  3
Vacancy Formation Energy (Cell Structure Relaxation): 2.31369981627 Size:  3
Vacancy Formation Energy (Cell Structure Relaxation): 1.07932780311 Size:  3
Vacancy Formation Energy (Cell Structure Relaxation): 1.67922751303 Size:  3
Vacancy Formation Energy (Cell Structure Relaxation): 1.05985978899 Size:  3
Vacancy Formation Energy (Cell Structure Relaxation): 0.915137441375 Size:  3
Vacancy Formation Energy (Cell Structure Relaxation): 1.11748694828 Size:  3
Vacancy Formation Energy (Cell Structure Relaxation): 0.800804022063 Size:  3
Vacancy Formation Energy (Cell Structure Relaxation): 1.10772319275 Size:  3
Vacancy Formation Energy (Cell Structure Relaxation): 0.783373173645 Size:  3
Vacancy Formation Energy (Cell Structure Relaxation): 1.02805626418 Size:  3
Vacancy Formation Energy (Cell Structure Relaxation): 0.704530155529 Size:  3
Vacancy Formation Energy (Cell Structure Relaxation): 0.734764314668 Size:  3
Vacancy Formation Energy (Cell Structure Relaxation): 0.774414594047 Size:  3
Vacancy Formation Energy (Cell Structure Relaxation): 0.683203160029 Size:  3
Vacancy Formation Energy (Cell Structure Relaxation): 0.730416222462 Size:  3
Vacancy Formation Energy (Cell Structure Relaxation): 0.678671250362 Size:  3
Vacancy Formation Energy (Cell Structure Relaxation): 0.700710009585 Size:  3
Vacancy Formation Energy (Cell Structure Relaxation): 0.670259595779 Size:  3
Vacancy Formation Energy (Cell Structure Relaxation): 0.747644885292 Size:  3
Vacancy Formation Energy (Cell Structure Relaxation): 0.659150622389 Size:  3
Vacancy Formation Energy (Cell Structure Relaxation): 0.672089906667 Size:  3
Vacancy Formation Energy (Cell Structure Relaxation): 0.661250198424 Size:  3
Vacancy Formation Energy (Cell Structure Relaxation): 0.66285365606 Size:  3
Vacancy Formation Energy (Cell Structure Relaxation): 0.658410535317 Size:  3
Vacancy Formation Energy (Cell Structure Relaxation): 0.656877384747 Size:  3
Vacancy Formation Energy (Cell Structure Relaxation): 0.65816570842 Size:  3
Vacancy Formation Energy (Cell Structure Relaxation): 0.657491110226 Size:  3
Vacancy Formation Energy (Cell Structure Relaxation): 0.660537281698 Size:  3
Vacancy Formation Energy (Cell Structure Relaxation): 0.660375027808 Size:  3
Vacancy Formation Energy (Cell Structure Relaxation): 0.667033510733 Size:  3
Vacancy Formation Energy (Cell Structure Relaxation): 0.657326609118 Size:  3
Vacancy Formation Energy (Cell Structure Relaxation): 0.660792726145 Size:  3
Vacancy Formation Energy (Cell Structure Relaxation): 0.657811585804 Size:  3
Vacancy Formation Energy (Cell Structure Relaxation): 0.659062024638 Size:  3
Vacancy Formation Energy (Cell Structure Relaxation): 0.662576654283 Size:  3
Vacancy Formation Energy (Cell Structure Relaxation): 0.657009607622 Size:  3
Vacancy Formation Energy (Cell Structure Relaxation): 0.659498457646 Size:  3
Vacancy Formation Energy (Cell Structure Relaxation): 0.657306985238 Size:  3
Vacancy Formation Energy (Cell Structure Relaxation): 0.657717290163 Size:  3
Vacancy Formation Energy (Cell Structure Relaxation): 0.658443662861 Size:  3
Vacancy Formation Energy (Cell Structure Relaxation): 0.656893205091 Size:  3
Vacancy Formation Energy (Cell Structure Relaxation): 0.6582170439 Size:  3
Vacancy Formation Energy (Cell Structure Relaxation): 0.656878734433 Size:  3
Vacancy Formation Energy (Cell Structure Relaxation): 0.657930983059 Size:  3
Vacancy Formation Energy (Cell Structure Relaxation): 0.656832143844 Size:  3
Vacancy Formation Energy (Cell Structure Relaxation): 0.65753782674 Size:  3
Vacancy Formation Energy (Cell Structure Relaxation): 0.656816218808 Size:  3
Vacancy Formation Energy (Cell Structure Relaxation): 0.657770559313 Size:  3
Vacancy Formation Energy (Cell Structure Relaxation): 0.656788827768 Size:  3
Vacancy Formation Energy (Cell Structure Relaxation): 0.657110106614 Size:  3
Vacancy Formation Energy (Cell Structure Relaxation): 0.656749135007 Size:  3
Vacancy Formation Energy (Cell Structure Relaxation): 0.657112863312 Size:  3
Vacancy Formation Energy (Cell Structure Relaxation): 0.656711181787 Size:  3
Vacancy Formation Energy (Cell Structure Relaxation): 0.657021646211 Size:  3
Vacancy Formation Energy (Cell Structure Relaxation): 0.656715609465 Size:  3
Vacancy Formation Energy (Cell Structure Relaxation): 0.656853006749 Size:  3
Vacancy Formation Energy (Cell Structure Relaxation): 0.656718106539 Size:  3
Vacancy Formation Energy (Cell Structure Relaxation): 0.656974456227 Size:  3
Vacancy Formation Energy (Cell Structure Relaxation): 0.6567017991 Size:  3
Vacancy Formation Energy (Cell Structure Relaxation): 0.65686799967 Size:  3
Vacancy Formation Energy (Cell Structure Relaxation): 0.656706890625 Size:  3
Vacancy Formation Energy (Cell Structure Relaxation): 0.656912480683 Size:  3
Vacancy Formation Energy (Cell Structure Relaxation): 0.656694375445 Size:  3
Vacancy Formation Energy (Cell Structure Relaxation): 0.656740153969 Size:  3
Vacancy Formation Energy (Cell Structure Relaxation): 0.656692328602 Size:  3
Vacancy Formation Energy (Cell Structure Relaxation): 0.656713589234 Size:  3
Vacancy Formation Energy (Cell Structure Relaxation): 0.656789366799 Size:  3
Vacancy Formation Energy (Cell Structure Relaxation): 0.65668042967 Size:  3
Vacancy Formation Energy (Cell Structure Relaxation): 0.656723105026 Size:  3
Vacancy Formation Energy (Cell Structure Relaxation): 0.656686193597 Size:  3
Vacancy Formation Energy (Cell Structure Relaxation): 0.656739375507 Size:  3
Vacancy Formation Energy (Cell Structure Relaxation): 0.656683947003 Size:  3
Vacancy Formation Energy (Cell Structure Relaxation): 0.656698201668 Size:  3
Vacancy Formation Energy (Cell Structure Relaxation): 0.656706697963 Size:  3
Vacancy Formation Energy (Cell Structure Relaxation): 0.656682885538 Size:  3
Vacancy Formation Energy (Cell Structure Relaxation): 0.656716231247 Size:  3
Vacancy Formation Energy (Cell Structure Relaxation): 0.656680835753 Size:  3
Vacancy Formation Energy (Cell Structure Relaxation): 0.656692547462 Size:  3
Vacancy Formation Energy (Cell Structure Relaxation): 0.656680732042 Size:  3
Vacancy Formation Energy (Cell Structure Relaxation): 0.656711186089 Size:  3
Vacancy Formation Energy (Cell Structure Relaxation): 0.656679216799 Size:  3
Vacancy Formation Energy (Cell Structure Relaxation): 0.656684107504 Size:  3
Vacancy Formation Energy (Cell Structure Relaxation): 0.656678600795 Size:  3
Vacancy Formation Energy (Cell Structure Relaxation): 0.656698486846 Size:  3
Vacancy Formation Energy (Cell Structure Relaxation): 0.656677558836 Size:  3
Vacancy Formation Energy (Cell Structure Relaxation): 0.656676377052 Size:  3
Vacancy Formation Energy (Cell Structure Relaxation): 0.656681404162 Size:  3
Vacancy Formation Energy (Cell Structure Relaxation): 0.656677567105 Size:  3
Vacancy Formation Energy (Cell Structure Relaxation): 0.656680368307 Size:  3
Vacancy Formation Energy (Cell Structure Relaxation): 0.656686978443 Size:  3
Vacancy Formation Energy (Cell Structure Relaxation): 0.656676485662 Size:  3
Vacancy Formation Energy (Cell Structure Relaxation): 0.656679682263 Size:  3
Vacancy Formation Energy (Cell Structure Relaxation): 0.656676786798 Size:  3
Vacancy Formation Energy (Cell Structure Relaxation): 0.656684865636 Size:  3
Vacancy Formation Energy (Cell Structure Relaxation): 0.656676261213 Size:  3
Vacancy Formation Energy (Cell Structure Relaxation): 0.656677443303 Size:  3
Vacancy Formation Energy (Cell Structure Relaxation): 0.65667712944 Size:  3
Vacancy Formation Energy (Cell Structure Relaxation): 0.656677513454 Size:  3
Vacancy Formation Energy (Cell Structure Relaxation): 0.656676205114 Size:  3
Vacancy Formation Energy (Cell Structure Relaxation): 0.656678659674 Size:  3
Vacancy Formation Energy (Cell Structure Relaxation): 0.656676077758 Size:  3
Vacancy Formation Energy (Cell Structure Relaxation): 0.656677303399 Size:  3
Vacancy Formation Energy (Cell Structure Relaxation): 0.65667609315 Size:  3
Vacancy Formation Energy (Cell Structure Relaxation): 0.656677486192 Size:  3
Vacancy Formation Energy (Cell Structure Relaxation): 0.656675959535 Size:  3
Vacancy Formation Energy (Cell Structure Relaxation): 0.656676819615 Size:  3
Vacancy Formation Energy (Cell Structure Relaxation): 0.656675920772 Size:  3
Vacancy Formation Energy (Cell Structure Relaxation): 0.656677099582 Size:  3
Vacancy Formation Energy (Cell Structure Relaxation): 0.656675863865 Size:  3
Vacancy Formation Energy (Cell Structure Relaxation): 0.65667652243 Size:  3
Vacancy Formation Energy (Cell Structure Relaxation): 0.656675881876 Size:  3
Vacancy Formation Energy (Cell Structure Relaxation): 0.656676066166 Size:  3
Vacancy Formation Energy (Cell Structure Relaxation): 0.656676085071 Size:  3
Vacancy Formation Energy (Cell Structure Relaxation): 0.65667584437 Size:  3
Vacancy Formation Energy (Cell Structure Relaxation): 0.656676228029 Size:  3
Vacancy Formation Energy (Cell Structure Relaxation): 0.656675828024 Size:  3
Vacancy Formation Energy (Cell Structure Relaxation): 0.656676150819 Size:  3
Vacancy Formation Energy (Cell Structure Relaxation): 0.656675830053 Size:  3
Vacancy Formation Energy (Cell Structure Relaxation): 0.656676156182 Size:  3
Vacancy Formation Energy (Cell Structure Relaxation): 0.656675794633 Size:  3
Vacancy Formation Energy (Cell Structure Relaxation): 0.656676111098 Size:  3
Vacancy Formation Energy (Cell Structure Relaxation): 0.656675788048 Size:  3
Vacancy Formation Energy (Cell Structure Relaxation): 0.656675957847 Size:  3
Vacancy Formation Energy (Cell Structure Relaxation): 0.656675790266 Size:  3
Vacancy Formation Energy (Cell Structure Relaxation): 0.656675854395 Size:  3
Vacancy Formation Energy (Cell Structure Relaxation): 0.656675788329 Size:  3
Vacancy Formation Energy (Cell Structure Relaxation): 0.656675863571 Size:  3
Vacancy Formation Energy (Cell Structure Relaxation): 0.656675784394 Size:  3
Vacancy Formation Energy (Cell Structure Relaxation): 0.656675821964 Size:  3
Vacancy Formation Energy (Cell Structure Relaxation): 0.656675806682 Size:  3
Vacancy Formation Energy (Cell Structure Relaxation): 0.656675868071 Size:  3
Vacancy Formation Energy (Cell Structure Relaxation): 0.65667577335 Size:  3
Vacancy Formation Energy (Cell Structure Relaxation): 0.656675815582 Size:  3
Vacancy Formation Energy (Cell Structure Relaxation): 0.656675772993 Size:  3
Vacancy Formation Energy (Cell Structure Relaxation): 0.656675805822 Size:  3
Vacancy Formation Energy (Cell Structure Relaxation): 0.656675769678 Size:  3
Vacancy Formation Energy (Cell Structure Relaxation): 0.656675800891 Size:  3
Vacancy Formation Energy (Cell Structure Relaxation): 0.656675768568 Size:  3
Vacancy Formation Energy (Cell Structure Relaxation): 0.656675806008 Size:  3
Vacancy Formation Energy (Cell Structure Relaxation): 0.656675767476 Size:  3
Vacancy Formation Energy (Cell Structure Relaxation): 0.656675798851 Size:  3
Vacancy Formation Energy (Cell Structure Relaxation): 0.656675768033 Size:  3
Vacancy Formation Energy (Cell Structure Relaxation): 0.656675798863 Size:  3
Vacancy Formation Energy (Cell Structure Relaxation): 0.65667576683 Size:  3
Vacancy Formation Energy (Cell Structure Relaxation): 0.656675783395 Size:  3
Vacancy Formation Energy (Cell Structure Relaxation): 0.65667576465 Size:  3
Vacancy Formation Energy (Cell Structure Relaxation): 0.656675773712 Size:  3
Vacancy Formation Energy (Cell Structure Relaxation): 0.656675765394 Size:  3
Vacancy Formation Energy (Cell Structure Relaxation): 0.656675770202 Size:  3
Vacancy Formation Energy (Cell Structure Relaxation): 0.65667576453 Size:  3
Vacancy Formation Energy (Cell Structure Relaxation): 0.656675771353 Size:  3
Vacancy Formation Energy (Cell Structure Relaxation): 0.656675764021 Size:  3
Vacancy Formation Energy (Cell Structure Relaxation): 0.656675773089 Size:  3
Vacancy Formation Energy (Cell Structure Relaxation): 0.656675763716 Size:  3
Vacancy Formation Energy (Cell Structure Relaxation): 0.656675768196 Size:  3
Vacancy Formation Energy (Cell Structure Relaxation): 0.656675763979 Size:  3
Vacancy Formation Energy (Cell Structure Relaxation): 0.656675770361 Size:  3
Vacancy Formation Energy (Cell Structure Relaxation): 0.656675763564 Size:  3
Vacancy Formation Energy (Cell Structure Relaxation): 0.656675765423 Size:  3
Vacancy Formation Energy (Cell Structure Relaxation): 0.656675763538 Size:  3
Vacancy Formation Energy (Cell Structure Relaxation): 0.656675766647 Size:  3
Vacancy Formation Energy (Cell Structure Relaxation): 0.656675763174 Size:  3
Vacancy Formation Energy (Cell Structure Relaxation): 0.656675763982 Size:  3
Vacancy Formation Energy (Cell Structure Relaxation): 0.656675763817 Size:  3
Vacancy Formation Energy (Cell Structure Relaxation): 0.656675765414 Size:  3
Vacancy Formation Energy (Cell Structure Relaxation): 0.656675763017 Size:  3
Vacancy Formation Energy (Cell Structure Relaxation): 0.656675765718 Size:  3
Vacancy Formation Energy (Cell Structure Relaxation): 0.656675762996 Size:  3
Vacancy Formation Energy (Cell Structure Relaxation): 0.656675763505 Size:  3
Vacancy Formation Energy (Cell Structure Relaxation): 0.656675764544 Size:  3
Vacancy Formation Energy (Cell Structure Relaxation): 0.656675763008 Size:  3
Vacancy Formation Energy (Cell Structure Relaxation): 0.656675763838 Size:  3
Vacancy Formation Energy (Cell Structure Relaxation): 0.656675763023 Size:  3
Vacancy Formation Energy (Cell Structure Relaxation): 0.656675764084 Size:  3
Vacancy Formation Energy (Cell Structure Relaxation): 0.656675762995 Size:  3
Vacancy Formation Energy (Cell Structure Relaxation): 0.656675763378 Size:  3
Vacancy Formation Energy (Cell Structure Relaxation): 0.656675762975 Size:  3
Vacancy Formation Energy (Cell Structure Relaxation): 0.656675763149 Size:  3
Vacancy Formation Energy (Cell Structure Relaxation): 0.656675762931 Size:  3
Optimization terminated successfully.
         Current function value: 0.656676
         Iterations: 102
         Function evaluations: 189
Summary:
Vacancy Formation Energy: 0.656675762931
Unrelaxed Cell Volume: 1787.32282735
Relaxed Cell Volume: 1781.82477516
Relaxation Volume: 5.49805219214
Relaxed Cell Vector:
[  1.21231994e+01   4.07328531e-06   1.21236279e+01   1.69043787e-04
   1.53146512e-04   1.21231406e+01]
Unrelaxed Cell Vector:
[12.13577923179, 0.0, 12.13577923179, 0.0, 0.0, 12.13577923179]
Relaxed Cell:
[[  1.21231994e+01   0.00000000e+00   0.00000000e+00]
 [  4.07328531e-06   1.21236279e+01   0.00000000e+00]
 [  1.69043787e-04   1.53146512e-04   1.21231406e+01]]
Unrelaxed Cell:
[[ 12.13577923   0.           0.        ]
 [  0.          12.13577923   0.        ]
 [  0.           0.          12.13577923]]

Supercell Size: 4
Unrelaxed Cell:
[[ 16.18103898   0.           0.        ]
 [  0.          16.18103898   0.        ]
 [  0.           0.          16.18103898]]
Unrelaxed Cell Vector:
[16.18103897572, 0.0, 16.18103897572, 0.0, 0.0, 16.18103897572]
Vacancy Formation Energy (Cell Structure Relaxation): 0.660581613741 Size:  4
Vacancy Formation Energy (Cell Structure Relaxation): 3.53533544171 Size:  4
Vacancy Formation Energy (Cell Structure Relaxation): 0.659853636874 Size:  4
Vacancy Formation Energy (Cell Structure Relaxation): 3.53551573929 Size:  4
Vacancy Formation Energy (Cell Structure Relaxation): 0.659781889673 Size:  4
Vacancy Formation Energy (Cell Structure Relaxation): 0.659781890792 Size:  4
Vacancy Formation Energy (Cell Structure Relaxation): 3.53551623747 Size:  4
Vacancy Formation Energy (Cell Structure Relaxation): 3.82684388067 Size:  4
Vacancy Formation Energy (Cell Structure Relaxation): 1.90615000486 Size:  4
Vacancy Formation Energy (Cell Structure Relaxation): 3.81367013408 Size:  4
Vacancy Formation Energy (Cell Structure Relaxation): 1.82977895647 Size:  4
Vacancy Formation Energy (Cell Structure Relaxation): 3.82457281736 Size:  4
Vacancy Formation Energy (Cell Structure Relaxation): 1.74988271794 Size:  4
Vacancy Formation Energy (Cell Structure Relaxation): 1.2871683175 Size:  4
Vacancy Formation Energy (Cell Structure Relaxation): 1.73308155766 Size:  4
Vacancy Formation Energy (Cell Structure Relaxation): 2.79030707497 Size:  4
Vacancy Formation Energy (Cell Structure Relaxation): 0.90333815701 Size:  4
Vacancy Formation Energy (Cell Structure Relaxation): 1.50291850038 Size:  4
Vacancy Formation Energy (Cell Structure Relaxation): 0.910225032477 Size:  4
Vacancy Formation Energy (Cell Structure Relaxation): 1.27470087945 Size:  4
Vacancy Formation Energy (Cell Structure Relaxation): 0.880877280253 Size:  4
Vacancy Formation Energy (Cell Structure Relaxation): 0.805040970276 Size:  4
Vacancy Formation Energy (Cell Structure Relaxation): 0.869316204054 Size:  4
Vacancy Formation Energy (Cell Structure Relaxation): 0.931923944571 Size:  4
Vacancy Formation Energy (Cell Structure Relaxation): 0.718164543193 Size:  4
Vacancy Formation Energy (Cell Structure Relaxation): 0.854487977168 Size:  4
Vacancy Formation Energy (Cell Structure Relaxation): 0.719713397894 Size:  4
Vacancy Formation Energy (Cell Structure Relaxation): 0.807806737796 Size:  4
Vacancy Formation Energy (Cell Structure Relaxation): 0.694548100894 Size:  4
Vacancy Formation Energy (Cell Structure Relaxation): 0.698363503104 Size:  4
Vacancy Formation Energy (Cell Structure Relaxation): 0.693558488419 Size:  4
Vacancy Formation Energy (Cell Structure Relaxation): 0.701478924312 Size:  4
Vacancy Formation Energy (Cell Structure Relaxation): 0.667130981958 Size:  4
Vacancy Formation Energy (Cell Structure Relaxation): 0.693806121776 Size:  4
Vacancy Formation Energy (Cell Structure Relaxation): 0.667174916353 Size:  4
Vacancy Formation Energy (Cell Structure Relaxation): 0.710212104228 Size:  4
Vacancy Formation Energy (Cell Structure Relaxation): 0.664717918504 Size:  4
Vacancy Formation Energy (Cell Structure Relaxation): 0.667654717275 Size:  4
Vacancy Formation Energy (Cell Structure Relaxation): 0.660145925249 Size:  4
Vacancy Formation Energy (Cell Structure Relaxation): 0.67179352474 Size:  4
Vacancy Formation Energy (Cell Structure Relaxation): 0.659630469782 Size:  4
Vacancy Formation Energy (Cell Structure Relaxation): 0.675629151603 Size:  4
Vacancy Formation Energy (Cell Structure Relaxation): 0.65859773802 Size:  4
Vacancy Formation Energy (Cell Structure Relaxation): 0.658490897683 Size:  4
Vacancy Formation Energy (Cell Structure Relaxation): 0.660806332475 Size:  4
Vacancy Formation Energy (Cell Structure Relaxation): 0.659768772953 Size:  4
Vacancy Formation Energy (Cell Structure Relaxation): 0.658588581632 Size:  4
Vacancy Formation Energy (Cell Structure Relaxation): 0.660365409433 Size:  4
Vacancy Formation Energy (Cell Structure Relaxation): 0.658105845281 Size:  4
Vacancy Formation Energy (Cell Structure Relaxation): 0.661187218945 Size:  4
Vacancy Formation Energy (Cell Structure Relaxation): 0.658044866625 Size:  4
Vacancy Formation Energy (Cell Structure Relaxation): 0.661810378001 Size:  4
Vacancy Formation Energy (Cell Structure Relaxation): 0.658138606087 Size:  4
Vacancy Formation Energy (Cell Structure Relaxation): 0.658335390747 Size:  4
Vacancy Formation Energy (Cell Structure Relaxation): 0.659183659392 Size:  4
Vacancy Formation Energy (Cell Structure Relaxation): 0.657850135835 Size:  4
Vacancy Formation Energy (Cell Structure Relaxation): 0.659014264293 Size:  4
Vacancy Formation Energy (Cell Structure Relaxation): 0.657863780217 Size:  4
Vacancy Formation Energy (Cell Structure Relaxation): 0.658805402806 Size:  4
Vacancy Formation Energy (Cell Structure Relaxation): 0.657848566698 Size:  4
Vacancy Formation Energy (Cell Structure Relaxation): 0.659252195643 Size:  4
Vacancy Formation Energy (Cell Structure Relaxation): 0.657765198997 Size:  4
Vacancy Formation Energy (Cell Structure Relaxation): 0.658235154919 Size:  4
Vacancy Formation Energy (Cell Structure Relaxation): 0.657796328512 Size:  4
Vacancy Formation Energy (Cell Structure Relaxation): 0.658012630565 Size:  4
Vacancy Formation Energy (Cell Structure Relaxation): 0.658514460097 Size:  4
Vacancy Formation Energy (Cell Structure Relaxation): 0.657731596106 Size:  4
Vacancy Formation Energy (Cell Structure Relaxation): 0.657956709846 Size:  4
Vacancy Formation Energy (Cell Structure Relaxation): 0.657742909359 Size:  4
Vacancy Formation Energy (Cell Structure Relaxation): 0.65786831957 Size:  4
Vacancy Formation Energy (Cell Structure Relaxation): 0.657722562188 Size:  4
Vacancy Formation Energy (Cell Structure Relaxation): 0.658067416251 Size:  4
Vacancy Formation Energy (Cell Structure Relaxation): 0.657700578476 Size:  4
Vacancy Formation Energy (Cell Structure Relaxation): 0.657809513825 Size:  4
Vacancy Formation Energy (Cell Structure Relaxation): 0.657704317227 Size:  4
Vacancy Formation Energy (Cell Structure Relaxation): 0.657766773575 Size:  4
Vacancy Formation Energy (Cell Structure Relaxation): 0.657690590942 Size:  4
Vacancy Formation Energy (Cell Structure Relaxation): 0.657880463755 Size:  4
Vacancy Formation Energy (Cell Structure Relaxation): 0.657683271653 Size:  4
Vacancy Formation Energy (Cell Structure Relaxation): 0.657676909265 Size:  4
Vacancy Formation Energy (Cell Structure Relaxation): 0.657776354007 Size:  4
Vacancy Formation Energy (Cell Structure Relaxation): 0.657717266577 Size:  4
Vacancy Formation Energy (Cell Structure Relaxation): 0.657751202135 Size:  4
Vacancy Formation Energy (Cell Structure Relaxation): 0.657672376706 Size:  4
Vacancy Formation Energy (Cell Structure Relaxation): 0.657726030208 Size:  4
Vacancy Formation Energy (Cell Structure Relaxation): 0.657672603778 Size:  4
Vacancy Formation Energy (Cell Structure Relaxation): 0.65785132219 Size:  4
Vacancy Formation Energy (Cell Structure Relaxation): 0.657658427164 Size:  4
Vacancy Formation Energy (Cell Structure Relaxation): 0.657676137769 Size:  4
Vacancy Formation Energy (Cell Structure Relaxation): 0.65765330777 Size:  4
Vacancy Formation Energy (Cell Structure Relaxation): 0.65768167712 Size:  4
Vacancy Formation Energy (Cell Structure Relaxation): 0.657679321487 Size:  4
Vacancy Formation Energy (Cell Structure Relaxation): 0.657659158241 Size:  4
Vacancy Formation Energy (Cell Structure Relaxation): 0.65766293155 Size:  4
Vacancy Formation Energy (Cell Structure Relaxation): 0.65769015446 Size:  4
Vacancy Formation Energy (Cell Structure Relaxation): 0.65765592385 Size:  4
Vacancy Formation Energy (Cell Structure Relaxation): 0.657678235482 Size:  4
Vacancy Formation Energy (Cell Structure Relaxation): 0.657655719277 Size:  4
Vacancy Formation Energy (Cell Structure Relaxation): 0.657674456655 Size:  4
Vacancy Formation Energy (Cell Structure Relaxation): 0.657655815559 Size:  4
Vacancy Formation Energy (Cell Structure Relaxation): 0.657669540963 Size:  4
Vacancy Formation Energy (Cell Structure Relaxation): 0.657653062446 Size:  4
Vacancy Formation Energy (Cell Structure Relaxation): 0.657665912782 Size:  4
Vacancy Formation Energy (Cell Structure Relaxation): 0.657652156706 Size:  4
Vacancy Formation Energy (Cell Structure Relaxation): 0.657659400088 Size:  4
Vacancy Formation Energy (Cell Structure Relaxation): 0.65765249137 Size:  4
Vacancy Formation Energy (Cell Structure Relaxation): 0.657658164901 Size:  4
Vacancy Formation Energy (Cell Structure Relaxation): 0.657651735745 Size:  4
Vacancy Formation Energy (Cell Structure Relaxation): 0.657654654991 Size:  4
Vacancy Formation Energy (Cell Structure Relaxation): 0.657659029121 Size:  4
Vacancy Formation Energy (Cell Structure Relaxation): 0.65765146033 Size:  4
Vacancy Formation Energy (Cell Structure Relaxation): 0.657654752004 Size:  4
Vacancy Formation Energy (Cell Structure Relaxation): 0.657651476667 Size:  4
Vacancy Formation Energy (Cell Structure Relaxation): 0.657658554327 Size:  4
Vacancy Formation Energy (Cell Structure Relaxation): 0.657650707854 Size:  4
Vacancy Formation Energy (Cell Structure Relaxation): 0.657653368389 Size:  4
Vacancy Formation Energy (Cell Structure Relaxation): 0.657651121877 Size:  4
Vacancy Formation Energy (Cell Structure Relaxation): 0.657652254839 Size:  4
Vacancy Formation Energy (Cell Structure Relaxation): 0.657650887852 Size:  4
Vacancy Formation Energy (Cell Structure Relaxation): 0.657653944799 Size:  4
Vacancy Formation Energy (Cell Structure Relaxation): 0.657650727629 Size:  4
Vacancy Formation Energy (Cell Structure Relaxation): 0.657651382959 Size:  4
Vacancy Formation Energy (Cell Structure Relaxation): 0.657651959035 Size:  4
Vacancy Formation Energy (Cell Structure Relaxation): 0.657650651951 Size:  4
Vacancy Formation Energy (Cell Structure Relaxation): 0.657651410872 Size:  4
Vacancy Formation Energy (Cell Structure Relaxation): 0.657650663167 Size:  4
Vacancy Formation Energy (Cell Structure Relaxation): 0.657651162386 Size:  4
Vacancy Formation Energy (Cell Structure Relaxation): 0.657650557041 Size:  4
Vacancy Formation Energy (Cell Structure Relaxation): 0.657652146596 Size:  4
Vacancy Formation Energy (Cell Structure Relaxation): 0.657650480455 Size:  4
Vacancy Formation Energy (Cell Structure Relaxation): 0.657650801001 Size:  4
Vacancy Formation Energy (Cell Structure Relaxation): 0.657650482931 Size:  4
Vacancy Formation Energy (Cell Structure Relaxation): 0.657651867324 Size:  4
Vacancy Formation Energy (Cell Structure Relaxation): 0.657650380387 Size:  4
Vacancy Formation Energy (Cell Structure Relaxation): 0.65765071857 Size:  4
Vacancy Formation Energy (Cell Structure Relaxation): 0.65765048534 Size:  4
Vacancy Formation Energy (Cell Structure Relaxation): 0.65765075337 Size:  4
Vacancy Formation Energy (Cell Structure Relaxation): 0.657650465412 Size:  4
Vacancy Formation Energy (Cell Structure Relaxation): 0.657650429398 Size:  4
Vacancy Formation Energy (Cell Structure Relaxation): 0.657650492972 Size:  4
Vacancy Formation Energy (Cell Structure Relaxation): 0.657650395261 Size:  4
Vacancy Formation Energy (Cell Structure Relaxation): 0.657650433965 Size:  4
Vacancy Formation Energy (Cell Structure Relaxation): 0.657650344098 Size:  4
Vacancy Formation Energy (Cell Structure Relaxation): 0.657650455087 Size:  4
Vacancy Formation Energy (Cell Structure Relaxation): 0.657650448582 Size:  4
Vacancy Formation Energy (Cell Structure Relaxation): 0.657650493742 Size:  4
Vacancy Formation Energy (Cell Structure Relaxation): 0.657650367299 Size:  4
Vacancy Formation Energy (Cell Structure Relaxation): 0.657650470501 Size:  4
Vacancy Formation Energy (Cell Structure Relaxation): 0.657650362971 Size:  4
Vacancy Formation Energy (Cell Structure Relaxation): 0.657650483683 Size:  4
Vacancy Formation Energy (Cell Structure Relaxation): 0.657650356576 Size:  4
Vacancy Formation Energy (Cell Structure Relaxation): 0.657650431942 Size:  4
Vacancy Formation Energy (Cell Structure Relaxation): 0.657650359156 Size:  4
Vacancy Formation Energy (Cell Structure Relaxation): 0.65765037041 Size:  4
Vacancy Formation Energy (Cell Structure Relaxation): 0.65765044545 Size:  4
Vacancy Formation Energy (Cell Structure Relaxation): 0.657650339029 Size:  4
Vacancy Formation Energy (Cell Structure Relaxation): 0.657650408982 Size:  4
Vacancy Formation Energy (Cell Structure Relaxation): 0.657650339639 Size:  4
Vacancy Formation Energy (Cell Structure Relaxation): 0.657650396532 Size:  4
Vacancy Formation Energy (Cell Structure Relaxation): 0.657650340029 Size:  4
Vacancy Formation Energy (Cell Structure Relaxation): 0.657650360333 Size:  4
Vacancy Formation Energy (Cell Structure Relaxation): 0.657650340464 Size:  4
Vacancy Formation Energy (Cell Structure Relaxation): 0.657650351447 Size:  4
Vacancy Formation Energy (Cell Structure Relaxation): 0.657650374016 Size:  4
Vacancy Formation Energy (Cell Structure Relaxation): 0.657650337305 Size:  4
Vacancy Formation Energy (Cell Structure Relaxation): 0.65765035145 Size:  4
Vacancy Formation Energy (Cell Structure Relaxation): 0.657650337584 Size:  4
Vacancy Formation Energy (Cell Structure Relaxation): 0.657650337012 Size:  4
Vacancy Formation Energy (Cell Structure Relaxation): 0.657650357956 Size:  4
Vacancy Formation Energy (Cell Structure Relaxation): 0.657650336422 Size:  4
Vacancy Formation Energy (Cell Structure Relaxation): 0.657650354826 Size:  4
Vacancy Formation Energy (Cell Structure Relaxation): 0.6576503553 Size:  4
Vacancy Formation Energy (Cell Structure Relaxation): 0.657650332284 Size:  4
Vacancy Formation Energy (Cell Structure Relaxation): 0.657650336457 Size:  4
Vacancy Formation Energy (Cell Structure Relaxation): 0.6576503393 Size:  4
Vacancy Formation Energy (Cell Structure Relaxation): 0.657650333119 Size:  4
Vacancy Formation Energy (Cell Structure Relaxation): 0.657650340697 Size:  4
Vacancy Formation Energy (Cell Structure Relaxation): 0.657650332486 Size:  4
Vacancy Formation Energy (Cell Structure Relaxation): 0.657650347066 Size:  4
Vacancy Formation Energy (Cell Structure Relaxation): 0.657650331891 Size:  4
Vacancy Formation Energy (Cell Structure Relaxation): 0.657650341712 Size:  4
Vacancy Formation Energy (Cell Structure Relaxation): 0.657650332353 Size:  4
Vacancy Formation Energy (Cell Structure Relaxation): 0.657650336211 Size:  4
Vacancy Formation Energy (Cell Structure Relaxation): 0.657650337061 Size:  4
Vacancy Formation Energy (Cell Structure Relaxation): 0.657650332541 Size:  4
Vacancy Formation Energy (Cell Structure Relaxation): 0.657650335762 Size:  4
Vacancy Formation Energy (Cell Structure Relaxation): 0.657650332309 Size:  4
Vacancy Formation Energy (Cell Structure Relaxation): 0.657650333059 Size:  4
Vacancy Formation Energy (Cell Structure Relaxation): 0.657650331644 Size:  4
Vacancy Formation Energy (Cell Structure Relaxation): 0.657650334111 Size:  4
Vacancy Formation Energy (Cell Structure Relaxation): 0.65765033141 Size:  4
Vacancy Formation Energy (Cell Structure Relaxation): 0.657650334973 Size:  4
Vacancy Formation Energy (Cell Structure Relaxation): 0.6576503313 Size:  4
Vacancy Formation Energy (Cell Structure Relaxation): 0.657650331918 Size:  4
Vacancy Formation Energy (Cell Structure Relaxation): 0.65765033293 Size:  4
Vacancy Formation Energy (Cell Structure Relaxation): 0.657650331425 Size:  4
Vacancy Formation Energy (Cell Structure Relaxation): 0.657650331461 Size:  4
Vacancy Formation Energy (Cell Structure Relaxation): 0.657650332464 Size:  4
Vacancy Formation Energy (Cell Structure Relaxation): 0.657650331279 Size:  4
Vacancy Formation Energy (Cell Structure Relaxation): 0.657650332497 Size:  4
Vacancy Formation Energy (Cell Structure Relaxation): 0.657650331234 Size:  4
Vacancy Formation Energy (Cell Structure Relaxation): 0.657650331848 Size:  4
Vacancy Formation Energy (Cell Structure Relaxation): 0.657650331224 Size:  4
Vacancy Formation Energy (Cell Structure Relaxation): 0.657650332016 Size:  4
Vacancy Formation Energy (Cell Structure Relaxation): 0.657650331161 Size:  4
Vacancy Formation Energy (Cell Structure Relaxation): 0.657650331496 Size:  4
Vacancy Formation Energy (Cell Structure Relaxation): 0.657650331178 Size:  4
Optimization terminated successfully.
         Current function value: 0.657650
         Iterations: 113
         Function evaluations: 207
Summary:
Vacancy Formation Energy: 0.657650331161
Unrelaxed Cell Volume: 4236.61707224
Relaxed Cell Volume: 4231.12226369
Relaxation Volume: 5.49480854767
Relaxed Cell Vector:
[  1.61740463e+01  -3.87121788e-06   1.61740352e+01   1.64982723e-04
   1.47878711e-04   1.61740398e+01]
Unrelaxed Cell Vector:
[16.18103897572, 0.0, 16.18103897572, 0.0, 0.0, 16.18103897572]
Relaxed Cell:
[[  1.61740463e+01   0.00000000e+00   0.00000000e+00]
 [ -3.87121788e-06   1.61740352e+01   0.00000000e+00]
 [  1.64982723e-04   1.47878711e-04   1.61740398e+01]]
Unrelaxed Cell:
[[ 16.18103898   0.           0.        ]
 [  0.          16.18103898   0.        ]
 [  0.           0.          16.18103898]]

Supercell Size: 5
Unrelaxed Cell:
[[ 20.22629872   0.           0.        ]
 [  0.          20.22629872   0.        ]
 [  0.           0.          20.22629872]]
Unrelaxed Cell Vector:
[20.22629871965, 0.0, 20.22629871965, 0.0, 0.0, 20.22629871965]
Vacancy Formation Energy (Cell Structure Relaxation): 0.660482826603 Size:  5
Vacancy Formation Energy (Cell Structure Relaxation): 6.15794011827 Size:  5
Vacancy Formation Energy (Cell Structure Relaxation): 0.659346437425 Size:  5
Vacancy Formation Energy (Cell Structure Relaxation): 6.15797542223 Size:  5
Vacancy Formation Energy (Cell Structure Relaxation): 0.659247106018 Size:  5
Vacancy Formation Energy (Cell Structure Relaxation): 0.659247105846 Size:  5
Vacancy Formation Energy (Cell Structure Relaxation): 6.15797409134 Size:  5
Vacancy Formation Energy (Cell Structure Relaxation): 6.92041549848 Size:  5
Vacancy Formation Energy (Cell Structure Relaxation): 3.00998928622 Size:  5
Vacancy Formation Energy (Cell Structure Relaxation): 6.90722507859 Size:  5
Vacancy Formation Energy (Cell Structure Relaxation): 2.86472044552 Size:  5
Vacancy Formation Energy (Cell Structure Relaxation): 6.94100862951 Size:  5
Vacancy Formation Energy (Cell Structure Relaxation): 2.71251874526 Size:  5
Vacancy Formation Energy (Cell Structure Relaxation): 1.92306382054 Size:  5
Vacancy Formation Energy (Cell Structure Relaxation): 2.82852694193 Size:  5
Vacancy Formation Energy (Cell Structure Relaxation): 1.1167760568 Size:  5
Vacancy Formation Energy (Cell Structure Relaxation): 4.15967584408 Size:  5
Vacancy Formation Energy (Cell Structure Relaxation): 1.15451240261 Size:  5
Vacancy Formation Energy (Cell Structure Relaxation): 1.4362880303 Size:  5
Vacancy Formation Energy (Cell Structure Relaxation): 0.885996155911 Size:  5
Vacancy Formation Energy (Cell Structure Relaxation): 1.23163570123 Size:  5
Vacancy Formation Energy (Cell Structure Relaxation): 0.799423857082 Size:  5
Vacancy Formation Energy (Cell Structure Relaxation): 1.27198819494 Size:  5
Vacancy Formation Energy (Cell Structure Relaxation): 0.753300577313 Size:  5
Vacancy Formation Energy (Cell Structure Relaxation): 0.889900449762 Size:  5
Vacancy Formation Energy (Cell Structure Relaxation): 0.729074282455 Size:  5
Vacancy Formation Energy (Cell Structure Relaxation): 0.763911269909 Size:  5
Vacancy Formation Energy (Cell Structure Relaxation): 0.68073294497 Size:  5
Vacancy Formation Energy (Cell Structure Relaxation): 0.765883389706 Size:  5
Vacancy Formation Energy (Cell Structure Relaxation): 0.680835227437 Size:  5
Vacancy Formation Energy (Cell Structure Relaxation): 0.729195834678 Size:  5
Vacancy Formation Energy (Cell Structure Relaxation): 0.677306189619 Size:  5
Vacancy Formation Energy (Cell Structure Relaxation): 0.683034317275 Size:  5
Vacancy Formation Energy (Cell Structure Relaxation): 0.664017644602 Size:  5
Vacancy Formation Energy (Cell Structure Relaxation): 0.696360978689 Size:  5
Vacancy Formation Energy (Cell Structure Relaxation): 0.662730494292 Size:  5
Vacancy Formation Energy (Cell Structure Relaxation): 0.66967043416 Size:  5
Vacancy Formation Energy (Cell Structure Relaxation): 0.660070188427 Size:  5
Vacancy Formation Energy (Cell Structure Relaxation): 0.665252487408 Size:  5
Vacancy Formation Energy (Cell Structure Relaxation): 0.659335783591 Size:  5
Vacancy Formation Energy (Cell Structure Relaxation): 0.666065836278 Size:  5
Vacancy Formation Energy (Cell Structure Relaxation): 0.658848007311 Size:  5
Vacancy Formation Energy (Cell Structure Relaxation): 0.658454413785 Size:  5
Vacancy Formation Energy (Cell Structure Relaxation): 0.660199741575 Size:  5
Vacancy Formation Energy (Cell Structure Relaxation): 0.662477678603 Size:  5
Vacancy Formation Energy (Cell Structure Relaxation): 0.658283961261 Size:  5
Vacancy Formation Energy (Cell Structure Relaxation): 0.659172225052 Size:  5
Vacancy Formation Energy (Cell Structure Relaxation): 0.658776822001 Size:  5
Vacancy Formation Energy (Cell Structure Relaxation): 0.660150274172 Size:  5
Vacancy Formation Energy (Cell Structure Relaxation): 0.658102413339 Size:  5
Vacancy Formation Energy (Cell Structure Relaxation): 0.660780633105 Size:  5
Vacancy Formation Energy (Cell Structure Relaxation): 0.65807169679 Size:  5
Vacancy Formation Energy (Cell Structure Relaxation): 0.658910798581 Size:  5
Vacancy Formation Energy (Cell Structure Relaxation): 0.658218760193 Size:  5
Vacancy Formation Energy (Cell Structure Relaxation): 0.659184624333 Size:  5
Vacancy Formation Energy (Cell Structure Relaxation): 0.658189185341 Size:  5
Vacancy Formation Energy (Cell Structure Relaxation): 0.658591217072 Size:  5
Vacancy Formation Energy (Cell Structure Relaxation): 0.658118826211 Size:  5
Vacancy Formation Energy (Cell Structure Relaxation): 0.658531637793 Size:  5
Vacancy Formation Energy (Cell Structure Relaxation): 0.658092466948 Size:  5
Vacancy Formation Energy (Cell Structure Relaxation): 0.658486304823 Size:  5
Vacancy Formation Energy (Cell Structure Relaxation): 0.658039026737 Size:  5
Vacancy Formation Energy (Cell Structure Relaxation): 0.658369181111 Size:  5
Vacancy Formation Energy (Cell Structure Relaxation): 0.658030374421 Size:  5
Vacancy Formation Energy (Cell Structure Relaxation): 0.65815214905 Size:  5
Vacancy Formation Energy (Cell Structure Relaxation): 0.658020004514 Size:  5
Vacancy Formation Energy (Cell Structure Relaxation): 0.658235919914 Size:  5
Vacancy Formation Energy (Cell Structure Relaxation): 0.658004029785 Size:  5
Vacancy Formation Energy (Cell Structure Relaxation): 0.658106969143 Size:  5
Vacancy Formation Energy (Cell Structure Relaxation): 0.658010420353 Size:  5
Vacancy Formation Energy (Cell Structure Relaxation): 0.658230369671 Size:  5
Vacancy Formation Energy (Cell Structure Relaxation): 0.657996017941 Size:  5
Vacancy Formation Energy (Cell Structure Relaxation): 0.658064249556 Size:  5
Vacancy Formation Energy (Cell Structure Relaxation): 0.658000613434 Size:  5
Vacancy Formation Energy (Cell Structure Relaxation): 0.658052459386 Size:  5
Vacancy Formation Energy (Cell Structure Relaxation): 0.65799343282 Size:  5
Vacancy Formation Energy (Cell Structure Relaxation): 0.658059149147 Size:  5
Vacancy Formation Energy (Cell Structure Relaxation): 0.657989957955 Size:  5
Vacancy Formation Energy (Cell Structure Relaxation): 0.658042271126 Size:  5
Vacancy Formation Energy (Cell Structure Relaxation): 0.657988047349 Size:  5
Vacancy Formation Energy (Cell Structure Relaxation): 0.658055640451 Size:  5
Vacancy Formation Energy (Cell Structure Relaxation): 0.657984000695 Size:  5
Vacancy Formation Energy (Cell Structure Relaxation): 0.65801846213 Size:  5
Vacancy Formation Energy (Cell Structure Relaxation): 0.657985515912 Size:  5
Vacancy Formation Energy (Cell Structure Relaxation): 0.65799235856 Size:  5
Vacancy Formation Energy (Cell Structure Relaxation): 0.658012953342 Size:  5
Vacancy Formation Energy (Cell Structure Relaxation): 0.657982587549 Size:  5
Vacancy Formation Energy (Cell Structure Relaxation): 0.658007847753 Size:  5
Vacancy Formation Energy (Cell Structure Relaxation): 0.657982366131 Size:  5
Vacancy Formation Energy (Cell Structure Relaxation): 0.657990448285 Size:  5
Vacancy Formation Energy (Cell Structure Relaxation): 0.657982607302 Size:  5
Vacancy Formation Energy (Cell Structure Relaxation): 0.657995429605 Size:  5
Vacancy Formation Energy (Cell Structure Relaxation): 0.657982147264 Size:  5
Vacancy Formation Energy (Cell Structure Relaxation): 0.657990909584 Size:  5
Vacancy Formation Energy (Cell Structure Relaxation): 0.657981906978 Size:  5
Vacancy Formation Energy (Cell Structure Relaxation): 0.657989777336 Size:  5
Vacancy Formation Energy (Cell Structure Relaxation): 0.657981168194 Size:  5
Vacancy Formation Energy (Cell Structure Relaxation): 0.657989855511 Size:  5
Vacancy Formation Energy (Cell Structure Relaxation): 0.657980724842 Size:  5
Vacancy Formation Energy (Cell Structure Relaxation): 0.657981137167 Size:  5
Vacancy Formation Energy (Cell Structure Relaxation): 0.65798541146 Size:  5
Vacancy Formation Energy (Cell Structure Relaxation): 0.657980553208 Size:  5
Vacancy Formation Energy (Cell Structure Relaxation): 0.657982970958 Size:  5
Vacancy Formation Energy (Cell Structure Relaxation): 0.65798070928 Size:  5
Vacancy Formation Energy (Cell Structure Relaxation): 0.657982051902 Size:  5
Vacancy Formation Energy (Cell Structure Relaxation): 0.657980653537 Size:  5
Vacancy Formation Energy (Cell Structure Relaxation): 0.657981511387 Size:  5
Vacancy Formation Energy (Cell Structure Relaxation): 0.65798044035 Size:  5
Vacancy Formation Energy (Cell Structure Relaxation): 0.657981448077 Size:  5
Vacancy Formation Energy (Cell Structure Relaxation): 0.657980361668 Size:  5
Vacancy Formation Energy (Cell Structure Relaxation): 0.657982162999 Size:  5
Vacancy Formation Energy (Cell Structure Relaxation): 0.657980290553 Size:  5
Vacancy Formation Energy (Cell Structure Relaxation): 0.657981722057 Size:  5
Vacancy Formation Energy (Cell Structure Relaxation): 0.65798020678 Size:  5
Vacancy Formation Energy (Cell Structure Relaxation): 0.657980906978 Size:  5
Vacancy Formation Energy (Cell Structure Relaxation): 0.657980280719 Size:  5
Vacancy Formation Energy (Cell Structure Relaxation): 0.657980732448 Size:  5
Vacancy Formation Energy (Cell Structure Relaxation): 0.65798027495 Size:  5
Vacancy Formation Energy (Cell Structure Relaxation): 0.657980375537 Size:  5
Vacancy Formation Energy (Cell Structure Relaxation): 0.657980705761 Size:  5
Vacancy Formation Energy (Cell Structure Relaxation): 0.657980186858 Size:  5
Vacancy Formation Energy (Cell Structure Relaxation): 0.657980463596 Size:  5
Vacancy Formation Energy (Cell Structure Relaxation): 0.657980187794 Size:  5
Vacancy Formation Energy (Cell Structure Relaxation): 0.657980413796 Size:  5
Vacancy Formation Energy (Cell Structure Relaxation): 0.657980186517 Size:  5
Vacancy Formation Energy (Cell Structure Relaxation): 0.657980437219 Size:  5
Vacancy Formation Energy (Cell Structure Relaxation): 0.657980160928 Size:  5
Vacancy Formation Energy (Cell Structure Relaxation): 0.657980372202 Size:  5
Vacancy Formation Energy (Cell Structure Relaxation): 0.657980164299 Size:  5
Vacancy Formation Energy (Cell Structure Relaxation): 0.657980259048 Size:  5
Vacancy Formation Energy (Cell Structure Relaxation): 0.657980163795 Size:  5
Vacancy Formation Energy (Cell Structure Relaxation): 0.65798020573 Size:  5
Vacancy Formation Energy (Cell Structure Relaxation): 0.657980151194 Size:  5
Vacancy Formation Energy (Cell Structure Relaxation): 0.657980224148 Size:  5
Vacancy Formation Energy (Cell Structure Relaxation): 0.657980143447 Size:  5
Vacancy Formation Energy (Cell Structure Relaxation): 0.657980196447 Size:  5
Vacancy Formation Energy (Cell Structure Relaxation): 0.657980145476 Size:  5
Vacancy Formation Energy (Cell Structure Relaxation): 0.65798019844 Size:  5
Vacancy Formation Energy (Cell Structure Relaxation): 0.657980144835 Size:  5
Vacancy Formation Energy (Cell Structure Relaxation): 0.657980199237 Size:  5
Vacancy Formation Energy (Cell Structure Relaxation): 0.657980137415 Size:  5
Vacancy Formation Energy (Cell Structure Relaxation): 0.657980189555 Size:  5
Vacancy Formation Energy (Cell Structure Relaxation): 0.657980138426 Size:  5
Vacancy Formation Energy (Cell Structure Relaxation): 0.657980183669 Size:  5
Vacancy Formation Energy (Cell Structure Relaxation): 0.657980138133 Size:  5
Vacancy Formation Energy (Cell Structure Relaxation): 0.657980146997 Size:  5
Vacancy Formation Energy (Cell Structure Relaxation): 0.657980136089 Size:  5
Vacancy Formation Energy (Cell Structure Relaxation): 0.657980159559 Size:  5
Vacancy Formation Energy (Cell Structure Relaxation): 0.65798013487 Size:  5
Vacancy Formation Energy (Cell Structure Relaxation): 0.657980156362 Size:  5
Vacancy Formation Energy (Cell Structure Relaxation): 0.657980135102 Size:  5
Vacancy Formation Energy (Cell Structure Relaxation): 0.657980138724 Size:  5
Vacancy Formation Energy (Cell Structure Relaxation): 0.657980133771 Size:  5
Vacancy Formation Energy (Cell Structure Relaxation): 0.657980139398 Size:  5
Vacancy Formation Energy (Cell Structure Relaxation): 0.657980134065 Size:  5
Vacancy Formation Energy (Cell Structure Relaxation): 0.657980138871 Size:  5
Vacancy Formation Energy (Cell Structure Relaxation): 0.657980133898 Size:  5
Vacancy Formation Energy (Cell Structure Relaxation): 0.657980141099 Size:  5
Vacancy Formation Energy (Cell Structure Relaxation): 0.657980133439 Size:  5
Vacancy Formation Energy (Cell Structure Relaxation): 0.657980136955 Size:  5
Vacancy Formation Energy (Cell Structure Relaxation): 0.657980133458 Size:  5
Vacancy Formation Energy (Cell Structure Relaxation): 0.65798013657 Size:  5
Vacancy Formation Energy (Cell Structure Relaxation): 0.65798013312 Size:  5
Vacancy Formation Energy (Cell Structure Relaxation): 0.657980136957 Size:  5
Vacancy Formation Energy (Cell Structure Relaxation): 0.657980133064 Size:  5
Vacancy Formation Energy (Cell Structure Relaxation): 0.657980134104 Size:  5
Vacancy Formation Energy (Cell Structure Relaxation): 0.657980133006 Size:  5
Vacancy Formation Energy (Cell Structure Relaxation): 0.657980134006 Size:  5
Vacancy Formation Energy (Cell Structure Relaxation): 0.657980132959 Size:  5
Vacancy Formation Energy (Cell Structure Relaxation): 0.657980134241 Size:  5
Vacancy Formation Energy (Cell Structure Relaxation): 0.657980132875 Size:  5
Vacancy Formation Energy (Cell Structure Relaxation): 0.657980133522 Size:  5
Vacancy Formation Energy (Cell Structure Relaxation): 0.657980132834 Size:  5
Vacancy Formation Energy (Cell Structure Relaxation): 0.657980134349 Size:  5
Vacancy Formation Energy (Cell Structure Relaxation): 0.657980132842 Size:  5
Vacancy Formation Energy (Cell Structure Relaxation): 0.657980133552 Size:  5
Vacancy Formation Energy (Cell Structure Relaxation): 0.657980132735 Size:  5
Optimization terminated successfully.
         Current function value: 0.657980
         Iterations: 89
         Function evaluations: 177
Summary:
Vacancy Formation Energy: 0.657980132735
Unrelaxed Cell Volume: 8274.64271922
Relaxed Cell Volume: 8269.16113895
Relaxation Volume: 5.4815802726
Relaxed Cell Vector:
[  2.02218671e+01   7.70841076e-05   2.02218264e+01   1.06195497e-04
   1.05181591e-04   2.02218007e+01]
Unrelaxed Cell Vector:
[20.22629871965, 0.0, 20.22629871965, 0.0, 0.0, 20.22629871965]
Relaxed Cell:
[[  2.02218671e+01   0.00000000e+00   0.00000000e+00]
 [  7.70841076e-05   2.02218264e+01   0.00000000e+00]
 [  1.06195497e-04   1.05181591e-04   2.02218007e+01]]
Unrelaxed Cell:
[[ 20.22629872   0.           0.        ]
 [  0.          20.22629872   0.        ]
 [  0.           0.          20.22629872]]

[Calculation Results Summary]
Sizes: [3, 4, 5]
Formation Energy By Size:
[0.65667576293077445, 0.65765033116065297, 0.65798013273479228]
Relaxation Volume By Size:
[5.4980521921390846, 5.4948085476735287, 5.481580272604333]

[Extrapolation]
Fitting with 2 points, including orders [0, 3]
Fit with data beginning 0

Fit with Size: [3 4]
Orders: [0, 3]
Matrix A (Ax = y):
[[ 1.          0.03703704]
 [ 1.          0.015625  ]]
Data for Fitting: [ 0.65667576  0.65765033]
Fitting Results: (array([ 0.6583615 , -0.04551497]), array([], dtype=float64), 2, array([ 1.41470379,  0.01513535]))

Fit with Size: [3 4]
Orders: [0, 3]
Matrix A (Ax = y):
[[ 1.          0.03703704]
 [ 1.          0.015625  ]]
Data for Fitting: [ 5.49805219  5.49480855]
Fitting Results: (array([ 5.49244156,  0.15148696]), array([], dtype=float64), 2, array([ 1.41470379,  0.01513535]))
Fit with data beginning 1

Fit with Size: [4 5]
Orders: [0, 3]
Matrix A (Ax = y):
[[ 1.        0.015625]
 [ 1.        0.008   ]]
Data for Fitting: [ 0.65765033  0.65798013]
Fitting Results: (array([ 0.65832615, -0.04325267]), array([], dtype=float64), 2, array([ 1.41431223,  0.00539131]))

Fit with Size: [4 5]
Orders: [0, 3]
Matrix A (Ax = y):
[[ 1.        0.015625]
 [ 1.        0.008   ]]
Data for Fitting: [ 5.49480855  5.48158027]
Fitting Results: (array([ 5.46770143,  1.73485575]), array([], dtype=float64), 2, array([ 1.41431223,  0.00539131]))
Fitting with 3 points, including orders [0, 3]
Fit with data beginning 0

Fit with Size: [3 4 5]
Orders: [0, 3]
Matrix A (Ax = y):
[[ 1.          0.03703704]
 [ 1.          0.015625  ]
 [ 1.          0.008     ]]
Data for Fitting: [ 0.65667576  0.65765033  0.65798013]
Fitting Results: (array([ 0.65834635, -0.04504987]), array([  1.00330715e-10]), 2, array([ 1.73240492,  0.02128544]))

Fit with Size: [3 4 5]
Orders: [0, 3]
Matrix A (Ax = y):
[[ 1.          0.03703704]
 [ 1.          0.015625  ]
 [ 1.          0.008     ]]
Data for Fitting: [ 5.49805219  5.49480855  5.48158027]
Fitting Results: (array([ 5.48183498,  0.47700459]), array([  4.91468644e-05]), 2, array([ 1.73240492,  0.02128544]))
Fitting with 3 points, including orders [0, 3, 4]
Fit with data beginning 0

Fit with Size: [3 4 5]
Orders: [0, 3, 4]
Matrix A (Ax = y):
[[ 1.          0.03703704  0.01234568]
 [ 1.          0.015625    0.00390625]
 [ 1.          0.008       0.0016    ]]
Data for Fitting: [ 0.65667576  0.65765033  0.65798013]
Fitting Results: (array([ 0.65830593, -0.03578957, -0.02467472]), array([], dtype=float64), 3, array([  1.73243559e+00,   2.27351353e-02,   3.80051182e-04]))

Fit with Size: [3 4 5]
Orders: [0, 3, 4]
Matrix A (Ax = y):
[[ 1.          0.03703704  0.01234568]
 [ 1.          0.015625    0.00390625]
 [ 1.          0.008       0.0016    ]]
Data for Fitting: [ 5.49805219  5.49480855  5.48158027]
Fitting Results: (array([  5.45354599,   6.95821287, -17.26963601]), array([], dtype=float64), 3, array([  1.73243559e+00,   2.27351353e-02,   3.80051182e-04]))
Fitting with 3 points, including orders [0, 3, 5]
Fit with data beginning 0

Fit with Size: [3 4 5]
Orders: [0, 3, 5]
Matrix A (Ax = y):
[[  1.00000000e+00   3.70370370e-02   4.11522634e-03]
 [  1.00000000e+00   1.56250000e-02   9.76562500e-04]
 [  1.00000000e+00   8.00000000e-03   3.20000000e-04]]
Data for Fitting: [ 0.65667576  0.65765033  0.65798013]
Fitting Results: (array([ 0.65831236, -0.04003165, -0.03740736]), array([], dtype=float64), 3, array([  1.73240774e+00,   2.14761184e-02,   2.65390853e-04]))

Fit with Size: [3 4 5]
Orders: [0, 3, 5]
Matrix A (Ax = y):
[[  1.00000000e+00   3.70370370e-02   4.11522634e-03]
 [  1.00000000e+00   1.56250000e-02   9.76562500e-04]
 [  1.00000000e+00   8.00000000e-03   3.20000000e-04]]
Data for Fitting: [ 5.49805219  5.49480855  5.48158027]
Fitting Results: (array([  5.45804446,   3.989221  , -26.18111007]), array([], dtype=float64), 3, array([  1.73240774e+00,   2.14761184e-02,   2.65390853e-04]))
Fitting with 3 points, including orders [0, 3, 6]
Fit with data beginning 0

Fit with Size: [3 4 5]
Orders: [0, 3, 6]
Matrix A (Ax = y):
[[  1.00000000e+00   3.70370370e-02   1.37174211e-03]
 [  1.00000000e+00   1.56250000e-02   2.44140625e-04]
 [  1.00000000e+00   8.00000000e-03   6.40000000e-05]]
Data for Fitting: [ 0.65667576  0.65765033  0.65798013]
Fitting Results: (array([ 0.65831642, -0.04141202, -0.07791101]), array([], dtype=float64), 3, array([  1.73240519e+00,   2.13086278e-02,   1.28423698e-04]))

Fit with Size: [3 4 5]
Orders: [0, 3, 6]
Matrix A (Ax = y):
[[  1.00000000e+00   3.70370370e-02   1.37174211e-03]
 [  1.00000000e+00   1.56250000e-02   2.44140625e-04]
 [  1.00000000e+00   8.00000000e-03   6.40000000e-05]]
Data for Fitting: [ 5.49805219  5.49480855  5.48158027]
Fitting Results: (array([  5.46088527,   3.02311004, -54.52928209]), array([], dtype=float64), 3, array([  1.73240519e+00,   2.13086278e-02,   1.28423698e-04]))

[Fitting Results Summary]
Sizes: [3, 4, 5]
Data Points Used: [2, 3, 3, 3, 3]
Orders Included:
[[0, 3] [0, 3] [0, 3, 4] [0, 3, 5] [0, 3, 6]]
Formation Energy Fits By Size:
[[0.65836150257164494, 0.65832615405847905] [0.65834634796932867]
 [0.65830592887826578] [0.65831235626036011] [0.65831641518240314]]
Relaxation Volume Fits By Size:
[[5.492441563874336, 5.4677014266300921] [5.4818349808068936]
 [5.4535459872790062] [5.4580444598000604] [5.460885266368928]]

[Final Results]
[
    {
        "property-id" "tag:staff@noreply.openkim.org,2015-07-28:property/monovacancy-neutral-relaxed-formation-potential-energy-crystal-npt" 
        "instance-id" 1 
        "relaxed-formation-potential-energy" {
            "source-value" 0.65832615405847905 
            "source-unit" "eV" 
            "source-std-uncert-value" 0.0006582909030119999
        } 
        "host-cauchy-stress" {
            "source-value" [
                0 
                0 
                0 
                0 
                0 
                0
            ] 
            "source-unit" "GPa"
        } 
        "host-removed-atom" {
            "source-value" 1
        } 
        "host-short-name" {
            "source-value" [
                "fcc"
            ]
        } 
        "host-a" {
            "source-value" 4.04525974393 
            "source-unit" "angstrom"
        } 
        "host-b" {
            "source-value" 4.04525974393 
            "source-unit" "angstrom"
        } 
        "host-c" {
            "source-value" 4.04525974393 
            "source-unit" "angstrom"
        } 
        "host-alpha" {
            "source-value" 90.0 
            "source-unit" "degree"
        } 
        "host-beta" {
            "source-value" 90.0 
            "source-unit" "degree"
        } 
        "host-gamma" {
            "source-value" 90.0 
            "source-unit" "degree"
        } 
        "host-space-group" {
            "source-value" "Fm-3m"
        } 
        "host-wyckoff-multiplicity-and-letter" {
            "source-value" [
                "4a"
            ]
        } 
        "host-wyckoff-coordinates" {
            "source-value" [
                [
                    0.0 
                    0.0 
                    0.0
                ]
            ]
        } 
        "host-wyckoff-species" {
            "source-value" [
                "Al"
            ]
        } 
        "reservoir-cohesive-potential-energy" {
            "source-value" -13.642627814874261 
            "source-unit" "eV"
        } 
        "reservoir-short-name" {
            "source-value" [
                "fcc"
            ]
        } 
        "reservoir-cauchy-stress" {
            "source-value" [
                0.0 
                0.0 
                0.0 
                0.0 
                0.0 
                0.0
            ] 
            "source-unit" "GPa"
        } 
        "reservoir-a" {
            "source-value" 4.04525974393 
            "source-unit" "angstrom"
        } 
        "reservoir-b" {
            "source-value" 4.04525974393 
            "source-unit" "angstrom"
        } 
        "reservoir-c" {
            "source-value" 4.04525974393 
            "source-unit" "angstrom"
        } 
        "reservoir-alpha" {
            "source-value" 90.0 
            "source-unit" "degree"
        } 
        "reservoir-beta" {
            "source-value" 90.0 
            "source-unit" "degree"
        } 
        "reservoir-gamma" {
            "source-value" 90.0 
            "source-unit" "degree"
        } 
        "reservoir-space-group" {
            "source-value" "Fm-3m"
        } 
        "reservoir-wyckoff-multiplicity-and-letter" {
            "source-value" [
                "4a"
            ]
        } 
        "reservoir-wyckoff-coordinates" {
            "source-value" [
                [
                    0.0 
                    0.0 
                    0.0
                ]
            ]
        } 
        "reservoir-wyckoff-species" {
            "source-value" [
                "Al"
            ]
        }
    } 
    {
        "property-id" "tag:staff@noreply.openkim.org,2015-07-28:property/monovacancy-neutral-relaxation-volume-crystal-npt" 
        "instance-id" 2 
        "relaxation-volume" {
            "source-value" 5.4677014266300921 
            "source-unit" "angstrom^3" 
            "source-std-uncert-value" 0.08394848227511774
        } 
        "host-cauchy-stress" {
            "source-value" [
                0 
                0 
                0 
                0 
                0 
                0
            ] 
            "source-unit" "GPa"
        } 
        "host-removed-atom" {
            "source-value" 1
        } 
        "host-short-name" {
            "source-value" [
                "fcc"
            ]
        } 
        "host-a" {
            "source-value" 4.04525974393 
            "source-unit" "angstrom"
        } 
        "host-b" {
            "source-value" 4.04525974393 
            "source-unit" "angstrom"
        } 
        "host-c" {
            "source-value" 4.04525974393 
            "source-unit" "angstrom"
        } 
        "host-alpha" {
            "source-value" 90.0 
            "source-unit" "degree"
        } 
        "host-beta" {
            "source-value" 90.0 
            "source-unit" "degree"
        } 
        "host-gamma" {
            "source-value" 90.0 
            "source-unit" "degree"
        } 
        "host-space-group" {
            "source-value" "Fm-3m"
        } 
        "host-wyckoff-multiplicity-and-letter" {
            "source-value" [
                "4a"
            ]
        } 
        "host-wyckoff-coordinates" {
            "source-value" [
                [
                    0.0 
                    0.0 
                    0.0
                ]
            ]
        } 
        "host-wyckoff-species" {
            "source-value" [
                "Al"
            ]
        }
    }
]
