Imported bulk from ase.lattice
element=lattice type=modelname=Element: Cr
Lattice: hcp
Model: Pair_Morse_Shifted_GirifalcoWeizer_HighCutoff_Cr__MO_859700307573_001
Model Cutoff: 9.05351
Relaxation With c/a Ratio Fixed
Simplex Searching start from: cutoff * 0.1
Optimization terminated successfully.
         Current function value: -7.834917
         Iterations: 39
         Function evaluations: 84
Lattice Constants: [ 2.55891899]
Energy: -7.8349171848
Simplex Searching start from: cutoff * 0.12
Optimization terminated successfully.
         Current function value: -7.834917
         Iterations: 39
         Function evaluations: 83
Lattice Constants: [ 2.55891899]
Energy: -7.8349171848
Simplex Searching start from: cutoff * 0.14
Optimization terminated successfully.
         Current function value: -7.834917
         Iterations: 40
         Function evaluations: 86
Lattice Constants: [ 2.55891897]
Energy: -7.8349171848
Simplex Searching start from: cutoff * 0.16
Optimization terminated successfully.
         Current function value: -7.834917
         Iterations: 39
         Function evaluations: 83
Lattice Constants: [ 2.55891896]
Energy: -7.8349171848
Simplex Searching start from: cutoff * 0.18
Optimization terminated successfully.
         Current function value: -7.834917
         Iterations: 36
         Function evaluations: 78
Lattice Constants: [ 2.55891899]
Energy: -7.8349171848
Simplex Searching start from: cutoff * 0.2
Optimization terminated successfully.
         Current function value: -7.834917
         Iterations: 35
         Function evaluations: 73
Lattice Constants: [ 2.55891899]
Energy: -7.8349171848
Simplex Searching start from: cutoff * 0.22
Optimization terminated successfully.
         Current function value: -7.834917
         Iterations: 34
         Function evaluations: 71
Lattice Constants: [ 2.55891898]
Energy: -7.8349171848
Simplex Searching start from: cutoff * 0.24
Optimization terminated successfully.
         Current function value: -7.834917
         Iterations: 35
         Function evaluations: 74
Lattice Constants: [ 2.55891899]
Energy: -7.8349171848
Simplex Searching start from: cutoff * 0.26
Optimization terminated successfully.
         Current function value: -7.834917
         Iterations: 34
         Function evaluations: 73
Lattice Constants: [ 2.55891901]
Energy: -7.8349171848
Simplex Searching start from: cutoff * 0.28
Optimization terminated successfully.
         Current function value: -7.834917
         Iterations: 33
         Function evaluations: 71
Lattice Constants: [ 2.55891897]
Energy: -7.8349171848
Simplex Searching start from: cutoff * 0.3
Optimization terminated successfully.
         Current function value: -7.834917
         Iterations: 33
         Function evaluations: 70
Lattice Constants: [ 2.55891899]
Energy: -7.8349171848
Simplex Searching start from: cutoff * 0.32
Optimization terminated successfully.
         Current function value: -7.834917
         Iterations: 35
         Function evaluations: 75
Lattice Constants: [ 2.55891897]
Energy: -7.8349171848
Simplex Searching start from: cutoff * 0.34
Optimization terminated successfully.
         Current function value: -7.834917
         Iterations: 35
         Function evaluations: 74
Lattice Constants: [ 2.55891899]
Energy: -7.8349171848
Simplex Searching start from: cutoff * 0.36
Optimization terminated successfully.
         Current function value: -7.834917
         Iterations: 35
         Function evaluations: 74
Lattice Constants: [ 2.55891899]
Energy: -7.8349171848
Simplex Searching start from: cutoff * 0.38
Optimization terminated successfully.
         Current function value: -7.834917
         Iterations: 35
         Function evaluations: 76
Lattice Constants: [ 2.55891898]
Energy: -7.8349171848
Simplex Searching start from: cutoff * 0.4
Optimization terminated successfully.
         Current function value: -7.834917
         Iterations: 36
         Function evaluations: 76
Lattice Constants: [ 2.55891899]
Energy: -7.8349171848
Simplex Searching start from: cutoff * 0.42
Optimization terminated successfully.
         Current function value: -7.834917
         Iterations: 38
         Function evaluations: 80
Lattice Constants: [ 2.55891899]
Energy: -7.8349171848
Simplex Searching start from: cutoff * 0.44
Optimization terminated successfully.
         Current function value: -7.834917
         Iterations: 37
         Function evaluations: 78
Lattice Constants: [ 2.55891898]
Energy: -7.8349171848
Simplex Searching start from: cutoff * 0.46
Optimization terminated successfully.
         Current function value: -7.834917
         Iterations: 38
         Function evaluations: 81
Lattice Constants: [ 2.55891898]
Energy: -7.8349171848
Simplex Searching start from: cutoff * 0.48
Optimization terminated successfully.
         Current function value: -7.834917
         Iterations: 38
         Function evaluations: 82
Lattice Constants: [ 2.55891899]
Energy: -7.8349171848
[ 2.55891899]
Relaxation With c/a Ratio Relaxed
Simplex Searching start from c/a ratio: 1.633 * 0.8
Optimization terminated successfully.
         Current function value: -7.834918
         Iterations: 76
         Function evaluations: 157
Lattice Constants: [ 2.55903796  4.17830897]
Energy: -7.83491751681
Simplex Searching start from c/a ratio: 1.633 * 0.82
Optimization terminated successfully.
         Current function value: -7.834918
         Iterations: 74
         Function evaluations: 153
Lattice Constants: [ 2.55903797  4.17830897]
Energy: -7.83491751681
Simplex Searching start from c/a ratio: 1.633 * 0.84
Optimization terminated successfully.
         Current function value: -7.834918
         Iterations: 74
         Function evaluations: 153
Lattice Constants: [ 2.55903796  4.17830894]
Energy: -7.83491751681
Simplex Searching start from c/a ratio: 1.633 * 0.86
Optimization terminated successfully.
         Current function value: -7.834918
         Iterations: 74
         Function evaluations: 158
Lattice Constants: [ 2.55903801  4.17830898]
Energy: -7.83491751681
Simplex Searching start from c/a ratio: 1.633 * 0.88
Optimization terminated successfully.
         Current function value: -7.834918
         Iterations: 71
         Function evaluations: 151
Lattice Constants: [ 2.55903798  4.17830893]
Energy: -7.83491751681
Simplex Searching start from c/a ratio: 1.633 * 0.9
Optimization terminated successfully.
         Current function value: -7.834918
         Iterations: 71
         Function evaluations: 150
Lattice Constants: [ 2.55903797  4.17830893]
Energy: -7.83491751681
Simplex Searching start from c/a ratio: 1.633 * 0.92
Optimization terminated successfully.
         Current function value: -7.834918
         Iterations: 65
         Function evaluations: 140
Lattice Constants: [ 2.55903798  4.17830895]
Energy: -7.83491751681
Simplex Searching start from c/a ratio: 1.633 * 0.94
Optimization terminated successfully.
         Current function value: -7.834918
         Iterations: 69
         Function evaluations: 142
Lattice Constants: [ 2.55903799  4.178309  ]
Energy: -7.83491751681
Simplex Searching start from c/a ratio: 1.633 * 0.96
Optimization terminated successfully.
         Current function value: -7.834918
         Iterations: 69
         Function evaluations: 146
Lattice Constants: [ 2.55903801  4.17830895]
Energy: -7.83491751681
Simplex Searching start from c/a ratio: 1.633 * 0.98
Optimization terminated successfully.
         Current function value: -7.834918
         Iterations: 64
         Function evaluations: 139
Lattice Constants: [ 2.559038    4.17830892]
Energy: -7.83491751681
Simplex Searching start from c/a ratio: 1.633 * 1.0
Optimization terminated successfully.
         Current function value: -7.834918
         Iterations: 66
         Function evaluations: 144
Lattice Constants: [ 2.55903797  4.17830896]
Energy: -7.83491751681
Simplex Searching start from c/a ratio: 1.633 * 1.02
Optimization terminated successfully.
         Current function value: -7.834918
         Iterations: 71
         Function evaluations: 149
Lattice Constants: [ 2.55903796  4.17830903]
Energy: -7.83491751681
Simplex Searching start from c/a ratio: 1.633 * 1.04
Optimization terminated successfully.
         Current function value: -7.834918
         Iterations: 75
         Function evaluations: 156
Lattice Constants: [ 2.55903796  4.17830896]
Energy: -7.83491751681
Simplex Searching start from c/a ratio: 1.633 * 1.06
Optimization terminated successfully.
         Current function value: -7.834918
         Iterations: 70
         Function evaluations: 144
Lattice Constants: [ 2.559038    4.17830888]
Energy: -7.83491751681
Simplex Searching start from c/a ratio: 1.633 * 1.08
Optimization terminated successfully.
         Current function value: -7.834918
         Iterations: 66
         Function evaluations: 142
Lattice Constants: [ 2.55903797  4.17830897]
Energy: -7.83491751681
Simplex Searching start from c/a ratio: 1.633 * 1.1
Optimization terminated successfully.
         Current function value: -7.834918
         Iterations: 76
         Function evaluations: 156
Lattice Constants: [ 2.559038    4.17830898]
Energy: -7.83491751681
Simplex Searching start from c/a ratio: 1.633 * 1.12
Optimization terminated successfully.
         Current function value: -7.834918
         Iterations: 65
         Function evaluations: 147
Lattice Constants: [ 2.55903797  4.17830902]
Energy: -7.83491751681
Simplex Searching start from c/a ratio: 1.633 * 1.14
Optimization terminated successfully.
         Current function value: -7.834918
         Iterations: 74
         Function evaluations: 157
Lattice Constants: [ 2.55903797  4.17830897]
Energy: -7.83491751681
Simplex Searching start from c/a ratio: 1.633 * 1.16
Optimization terminated successfully.
         Current function value: -7.834918
         Iterations: 73
         Function evaluations: 153
Lattice Constants: [ 2.559038    4.17830893]
Energy: -7.83491751681
Simplex Searching start from c/a ratio: 1.633 * 1.18
Optimization terminated successfully.
         Current function value: -7.834918
         Iterations: 77
         Function evaluations: 160
Lattice Constants: [ 2.55903798  4.17830895]
Energy: -7.83491751681
[ 2.55903798  4.17830895]
Lattice Constants: 2.55903798064 4.17830895465
[
    {
        "property-id" "tag:staff@noreply.openkim.org,2014-04-15:property/structure-hexagonal-crystal-npt" 
        "instant-id" 1 
        "short-name" {
            "source-value" "hcp"
        } 
        "species" {
            "source-value" "Cr"
        } 
        "a" {
            "source-value" 2.5590379806372141 
            "source-unit" "angstrom"
        } 
        "c" {
            "source-value" 4.17830895465449 
            "source-unit" "angstrom"
        } 
        "basis-atom-coordinates" {
            "source-value" [
                [
                    0.0 
                    0.0 
                    0.0
                ] 
                [
                    0.0 
                    0.5773502691896257 
                    0.5
                ]
            ]
        } 
        "space-group" {
            "source-value" "P63/mmc"
        } 
        "temperature" {
            "source-value" 0 
            "source-unit" "K"
        } 
        "cauchy-stress" {
            "source-value" [
                0 
                0 
                0 
                0 
                0
            ] 
            "source-unit" "GPa"
        }
    } 
    {
        "property-id" "tag:staff@noreply.openkim.org,2014-04-15:property/cohesive-free-energy-hexagonal-crystal" 
        "instant-id" 2 
        "short-name" {
            "source-value" "hcp"
        } 
        "species" {
            "source-value" "Cr"
        } 
        "a" {
            "source-value" 2.5590379806372141 
            "source-unit" "angstrom"
        } 
        "c" {
            "source-value" 4.17830895465449 
            "source-unit" "angstrom"
        } 
        "basis-atom-coordinates" {
            "source-value" [
                [
                    0.0 
                    0.0 
                    0.0
                ] 
                [
                    0.0 
                    0.5773502691896257 
                    0.5
                ]
            ]
        } 
        "space-group" {
            "source-value" "P63/mmc"
        } 
        "temperature" {
            "source-value" 0 
            "source-unit" "K"
        } 
        "cauchy-stress" {
            "source-value" [
                0 
                0 
                0 
                0 
                0
            ] 
            "source-unit" "GPa"
        } 
        "cohesive-free-energy" {
            "source-value" -7.8349175168124141 
            "source-unit" "eV"
        }
    }
]
