Imported bulk from ase.lattice
Element = Lattice = Model = Element: Fe
Lattice: hcp
Model: EAM_Dynamo_Ackland_Bacon_Fe__MO_142799717516_001
Model Cutoff: 3.72645
NBC Name: NEIGH_RVEC_F
Relaxation With c/a Ratio Fixed
Simplex Searching start from: cutoff * 0.1
Simplex Searching Start From: [0.372645]
Optimization terminated successfully.
         Current function value: -8.523679
         Iterations: 41
         Function evaluations: 87
Tmp Lattice Constants: [ 2.60218455]
Tmp Energy: -8.52367872531
Simplex Searching start from: cutoff * 0.12
Simplex Searching Start From: [0.44717399999999996]
Optimization terminated successfully.
         Current function value: -8.523679
         Iterations: 41
         Function evaluations: 85
Tmp Lattice Constants: [ 2.60218459]
Tmp Energy: -8.52367872531
Simplex Searching start from: cutoff * 0.14
Simplex Searching Start From: [0.52170300000000003]
Optimization terminated successfully.
         Current function value: -8.523679
         Iterations: 40
         Function evaluations: 83
Tmp Lattice Constants: [ 2.60218456]
Tmp Energy: -8.52367872531
Simplex Searching start from: cutoff * 0.16
Simplex Searching Start From: [0.59623199999999998]
Optimization terminated successfully.
         Current function value: -8.523679
         Iterations: 41
         Function evaluations: 87
Tmp Lattice Constants: [ 2.60218455]
Tmp Energy: -8.52367872531
Simplex Searching start from: cutoff * 0.18
Simplex Searching Start From: [0.67076099999999994]
Optimization terminated successfully.
         Current function value: -8.523679
         Iterations: 41
         Function evaluations: 88
Tmp Lattice Constants: [ 2.60218458]
Tmp Energy: -8.52367872531
Simplex Searching start from: cutoff * 0.2
Simplex Searching Start From: [0.74529000000000001]
Optimization terminated successfully.
         Current function value: -8.523679
         Iterations: 39
         Function evaluations: 85
Tmp Lattice Constants: [ 2.60218456]
Tmp Energy: -8.52367872531
Simplex Searching start from: cutoff * 0.22
Simplex Searching Start From: [0.81981899999999996]
Optimization terminated successfully.
         Current function value: -8.523679
         Iterations: 39
         Function evaluations: 81
Tmp Lattice Constants: [ 2.60218457]
Tmp Energy: -8.52367872531
Simplex Searching start from: cutoff * 0.24
Simplex Searching Start From: [0.89434799999999992]
Optimization terminated successfully.
         Current function value: -8.523679
         Iterations: 39
         Function evaluations: 83
Tmp Lattice Constants: [ 2.6021846]
Tmp Energy: -8.52367872531
Simplex Searching start from: cutoff * 0.26
Simplex Searching Start From: [0.96887699999999999]
Optimization terminated successfully.
         Current function value: -8.523679
         Iterations: 38
         Function evaluations: 80
Tmp Lattice Constants: [ 2.60218455]
Tmp Energy: -8.52367872531
Simplex Searching start from: cutoff * 0.28
Simplex Searching Start From: [1.0434060000000001]
Optimization terminated successfully.
         Current function value: -8.523679
         Iterations: 39
         Function evaluations: 82
Tmp Lattice Constants: [ 2.60218456]
Tmp Energy: -8.52367872531
Simplex Searching start from: cutoff * 0.3
Simplex Searching Start From: [1.1179349999999999]
Optimization terminated successfully.
         Current function value: -8.523679
         Iterations: 39
         Function evaluations: 83
Tmp Lattice Constants: [ 2.60218458]
Tmp Energy: -8.52367872531
Simplex Searching start from: cutoff * 0.32
Simplex Searching Start From: [1.192464]
Optimization terminated successfully.
         Current function value: -8.523679
         Iterations: 39
         Function evaluations: 83
Tmp Lattice Constants: [ 2.60218454]
Tmp Energy: -8.52367872531
Simplex Searching start from: cutoff * 0.34
Simplex Searching Start From: [1.266993]
Optimization terminated successfully.
         Current function value: -8.523679
         Iterations: 39
         Function evaluations: 84
Tmp Lattice Constants: [ 2.60218459]
Tmp Energy: -8.52367872531
Simplex Searching start from: cutoff * 0.36
Simplex Searching Start From: [1.3415219999999999]
Optimization terminated successfully.
         Current function value: -8.523679
         Iterations: 39
         Function evaluations: 82
Tmp Lattice Constants: [ 2.60218456]
Tmp Energy: -8.52367872531
Simplex Searching start from: cutoff * 0.38
Simplex Searching Start From: [1.4160509999999999]
Optimization terminated successfully.
         Current function value: -8.523679
         Iterations: 38
         Function evaluations: 80
Tmp Lattice Constants: [ 2.60218456]
Tmp Energy: -8.52367872531
Simplex Searching start from: cutoff * 0.4
Simplex Searching Start From: [1.49058]
Optimization terminated successfully.
         Current function value: -8.523679
         Iterations: 37
         Function evaluations: 78
Tmp Lattice Constants: [ 2.60218455]
Tmp Energy: -8.52367872531
Simplex Searching start from: cutoff * 0.42
Simplex Searching Start From: [1.5651089999999999]
Optimization terminated successfully.
         Current function value: -8.523679
         Iterations: 37
         Function evaluations: 79
Tmp Lattice Constants: [ 2.60218454]
Tmp Energy: -8.52367872531
Simplex Searching start from: cutoff * 0.44
Simplex Searching Start From: [1.6396379999999999]
Optimization terminated successfully.
         Current function value: -8.523679
         Iterations: 36
         Function evaluations: 77
Tmp Lattice Constants: [ 2.60218457]
Tmp Energy: -8.52367872531
Simplex Searching start from: cutoff * 0.46
Simplex Searching Start From: [1.714167]
Optimization terminated successfully.
         Current function value: -8.523679
         Iterations: 36
         Function evaluations: 76
Tmp Lattice Constants: [ 2.60218456]
Tmp Energy: -8.52367872531
Simplex Searching start from: cutoff * 0.48
Simplex Searching Start From: [1.7886959999999998]
Optimization terminated successfully.
         Current function value: -8.523679
         Iterations: 37
         Function evaluations: 78
Tmp Lattice Constants: [ 2.60218457]
Tmp Energy: -8.52367872531
Relaxation With c/a Ratio Relaxed
Simplex Searching start from c/a ratio: 1.633 * 0.8
Simplex Searching Start From: [2.6021845637212313, 2.0817476509769852]
Optimization terminated successfully.
         Current function value: -7.126698
         Iterations: 79
         Function evaluations: 167
Tmp Lattice Constants: [ 3.83811418  2.55874279]
Tmp Energy: -7.12669801559
Simplex Searching start from c/a ratio: 1.633 * 0.82
Simplex Searching Start From: [2.6021845637212313, 2.1337913422514099]
Optimization terminated successfully.
         Current function value: -7.126698
         Iterations: 80
         Function evaluations: 166
Tmp Lattice Constants: [ 3.83811419  2.55874279]
Tmp Energy: -7.12669801559
Simplex Searching start from c/a ratio: 1.633 * 0.84
Simplex Searching Start From: [2.6021845637212313, 2.1858350335258341]
Optimization terminated successfully.
         Current function value: -7.126698
         Iterations: 74
         Function evaluations: 155
Tmp Lattice Constants: [ 3.83811419  2.55874279]
Tmp Energy: -7.12669801559
Simplex Searching start from c/a ratio: 1.633 * 0.86
Simplex Searching Start From: [2.6021845637212313, 2.2378787248002587]
Optimization terminated successfully.
         Current function value: -7.126698
         Iterations: 75
         Function evaluations: 161
Tmp Lattice Constants: [ 3.83811416  2.55874277]
Tmp Energy: -7.12669801559
Simplex Searching start from c/a ratio: 1.633 * 0.88
Simplex Searching Start From: [2.6021845637212313, 2.2899224160746834]
Optimization terminated successfully.
         Current function value: -7.126698
         Iterations: 71
         Function evaluations: 149
Tmp Lattice Constants: [ 3.83811417  2.55874279]
Tmp Energy: -7.12669801559
Simplex Searching start from c/a ratio: 1.633 * 0.9
Simplex Searching Start From: [2.6021845637212313, 2.341966107349108]
Optimization terminated successfully.
         Current function value: -7.126698
         Iterations: 74
         Function evaluations: 157
Tmp Lattice Constants: [ 3.83811417  2.5587428 ]
Tmp Energy: -7.12669801559
Simplex Searching start from c/a ratio: 1.633 * 0.92
Simplex Searching Start From: [2.6021845637212313, 2.3940097986235327]
Optimization terminated successfully.
         Current function value: -7.126698
         Iterations: 72
         Function evaluations: 152
Tmp Lattice Constants: [ 3.83811418  2.55874278]
Tmp Energy: -7.12669801559
Simplex Searching start from c/a ratio: 1.633 * 0.94
Simplex Searching Start From: [2.6021845637212313, 2.4460534898979573]
Optimization terminated successfully.
         Current function value: -7.126698
         Iterations: 77
         Function evaluations: 163
Tmp Lattice Constants: [ 3.83811419  2.55874278]
Tmp Energy: -7.12669801559
Simplex Searching start from c/a ratio: 1.633 * 0.96
Simplex Searching Start From: [2.6021845637212313, 2.498097181172382]
Optimization terminated successfully.
         Current function value: -7.126698
         Iterations: 71
         Function evaluations: 155
Tmp Lattice Constants: [ 3.83811415  2.5587428 ]
Tmp Energy: -7.12669801559
Simplex Searching start from c/a ratio: 1.633 * 0.98
Simplex Searching Start From: [2.6021845637212313, 2.5501408724468067]
Optimization terminated successfully.
         Current function value: -7.126698
         Iterations: 77
         Function evaluations: 164
Tmp Lattice Constants: [ 3.83811419  2.55874279]
Tmp Energy: -7.12669801559
Simplex Searching start from c/a ratio: 1.633 * 1.0
Simplex Searching Start From: [2.6021845637212313, 2.6021845637212313]
Optimization terminated successfully.
         Current function value: -7.126698
         Iterations: 76
         Function evaluations: 160
Tmp Lattice Constants: [ 3.8381142   2.55874278]
Tmp Energy: -7.12669801559
Simplex Searching start from c/a ratio: 1.633 * 1.02
Simplex Searching Start From: [2.6021845637212313, 2.654228254995656]
Optimization terminated successfully.
         Current function value: -8.523679
         Iterations: 87
         Function evaluations: 178
Tmp Lattice Constants: [ 2.60218454  4.2493496 ]
Tmp Energy: -8.52367872531
Simplex Searching start from c/a ratio: 1.633 * 1.04
Simplex Searching Start From: [2.6021845637212313, 2.7062719462700806]
Optimization terminated successfully.
         Current function value: -8.523679
         Iterations: 81
         Function evaluations: 169
Tmp Lattice Constants: [ 2.60218457  4.2493496 ]
Tmp Energy: -8.52367872531
Simplex Searching start from c/a ratio: 1.633 * 1.06
Simplex Searching Start From: [2.6021845637212313, 2.7583156375445053]
Optimization terminated successfully.
         Current function value: -8.523679
         Iterations: 74
         Function evaluations: 156
Tmp Lattice Constants: [ 2.60218455  4.24934957]
Tmp Energy: -8.52367872531
Simplex Searching start from c/a ratio: 1.633 * 1.08
Simplex Searching Start From: [2.6021845637212313, 2.8103593288189299]
Optimization terminated successfully.
         Current function value: -8.523679
         Iterations: 74
         Function evaluations: 158
Tmp Lattice Constants: [ 2.60218455  4.24934969]
Tmp Energy: -8.52367872531
Simplex Searching start from c/a ratio: 1.633 * 1.1
Simplex Searching Start From: [2.6021845637212313, 2.8624030200933546]
Optimization terminated successfully.
         Current function value: -8.523679
         Iterations: 78
         Function evaluations: 162
Tmp Lattice Constants: [ 2.60218456  4.24934955]
Tmp Energy: -8.52367872531
Simplex Searching start from c/a ratio: 1.633 * 1.12
Simplex Searching Start From: [2.6021845637212313, 2.9144467113677792]
Optimization terminated successfully.
         Current function value: -8.523679
         Iterations: 71
         Function evaluations: 154
Tmp Lattice Constants: [ 2.60218456  4.24934957]
Tmp Energy: -8.52367872531
Simplex Searching start from c/a ratio: 1.633 * 1.14
Simplex Searching Start From: [2.6021845637212313, 2.9664904026422039]
Optimization terminated successfully.
         Current function value: -8.523679
         Iterations: 71
         Function evaluations: 150
Tmp Lattice Constants: [ 2.60218457  4.24934954]
Tmp Energy: -8.52367872531
Simplex Searching start from c/a ratio: 1.633 * 1.16
Simplex Searching Start From: [2.6021845637212313, 3.0185340939166281]
Optimization terminated successfully.
         Current function value: -8.523679
         Iterations: 77
         Function evaluations: 161
Tmp Lattice Constants: [ 2.60218456  4.24934956]
Tmp Energy: -8.52367872531
Simplex Searching start from c/a ratio: 1.633 * 1.18
Simplex Searching Start From: [2.6021845637212313, 3.0705777851910527]
Optimization terminated successfully.
         Current function value: -8.523679
         Iterations: 71
         Function evaluations: 156
Tmp Lattice Constants: [ 2.60218457  4.2493496 ]
Tmp Energy: -8.52367872531
Lattice Constants: [ 2.60218457  4.2493496 ]
Energy: -8.52367872531
Lattice Constants: 2.60218456566 4.24934960051
[
    {
        "property-id" "tag:staff@noreply.openkim.org,2014-04-15:property/structure-hexagonal-crystal-npt" 
        "instance-id" 1 
        "cauchy-stress" {
            "source-value" [
                0 
                0 
                0 
                0 
                0
            ] 
            "source-unit" "GPa"
        } 
        "short-name" {
            "source-value" [
                "hcp"
            ]
        } 
        "species" {
            "source-value" [
                "Fe"
            ]
        } 
        "a" {
            "source-value" 2.6021845656601363 
            "source-unit" "angstrom"
        } 
        "c" {
            "source-value" 4.2493496005072462 
            "source-unit" "angstrom"
        } 
        "basis-atom-coordinates" {
            "source-value" [
                [
                    0.0 
                    0.0 
                    0.0
                ] 
                [
                    0.0 
                    0.5773502691896257 
                    0.5
                ]
            ]
        } 
        "space-group" {
            "source-value" "P63/mmc"
        } 
        "temperature" {
            "source-value" 0 
            "source-unit" "K"
        }
    } 
    {
        "property-id" "tag:staff@noreply.openkim.org,2014-04-15:property/cohesive-free-energy-hexagonal-crystal" 
        "instance-id" 2 
        "cohesive-free-energy" {
            "source-value" -8.5236787253058282 
            "source-unit" "eV"
        } 
        "short-name" {
            "source-value" [
                "hcp"
            ]
        } 
        "species" {
            "source-value" [
                "Fe"
            ]
        } 
        "a" {
            "source-value" 2.6021845656601363 
            "source-unit" "angstrom"
        } 
        "c" {
            "source-value" 4.2493496005072462 
            "source-unit" "angstrom"
        } 
        "basis-atom-coordinates" {
            "source-value" [
                [
                    0.0 
                    0.0 
                    0.0
                ] 
                [
                    0.0 
                    0.5773502691896257 
                    0.5
                ]
            ]
        } 
        "space-group" {
            "source-value" "P63/mmc"
        } 
        "temperature" {
            "source-value" 0 
            "source-unit" "K"
        }
    }
]
