Imported bulk from ase.lattice
Parameters Input: Al diamond Pair_Morse_Shifted_GirifalcoWeizer_LowCutoff_Al__MO_411898953661_001 [6.16547333013]
CELL_SIZE_MIN: 3
CELL_SIZE_MAX: 5
Smallest System Size: 216
Largest System Size: 1000
Model Cutoff: 7.80032

[Calculation]

Supercell Size: 3
Unrelaxed Cell:
[[ 18.49641999   0.           0.        ]
 [  0.          18.49641999   0.        ]
 [  0.           0.          18.49641999]]
Unrelaxed Cell Vector:
[18.496419990390002, 0.0, 18.496419990390002, 0.0, 0.0, 18.496419990390002]
==========
Loop: 0
Position Relaxation...
Steps Limit Exceeded. Structure Maybe Unstable.
Relaxation Completed. Steps: 500
Cell Size Relaxation...
Warning: Maximum number of function evaluations has been exceeded.
Current VFE: -209.892648902
Energy of Supercell: -261.377812249
Unrelaxed Cell Volume: 6327.9499364
Current Relaxed Cell Volume: 4590.10837618
Current Relaxation Volume: 1737.84156022
Current Cell:
[[  1.66610420e+01   0.00000000e+00   0.00000000e+00]
 [  4.58506425e-02   1.66343814e+01   0.00000000e+00]
 [  7.14635318e-03  -9.49110543e-02   1.65620514e+01]]
System Collapsed.
Volume significantly decreased
System energy significantly decreased
